<?xml version="1.0" encoding="UTF-8"?>
<!-- Generated by org.testng.reporters.JUnitXMLReporter -->
<testsuite hostname="DESKTOP-75OLIUH" ignored="4" name="all" tests="134" failures="76" timestamp="23 Jun 2018 01:36:39 GMT" time="9247.417" errors="0">
  <testcase name="doThisBeforeAllTestsExecution" time="0.025" classname="ApplyFirst"/>
  <testcase name="F1" time="0.006" classname="Group"/>
  <testcase name="F2" time="0.001" classname="Group"/>
  <testcase name="F3" time="0.001" classname="Group"/>
  <testcase name="F4" time="0.002" classname="Group"/>
  <testcase name="F5" time="0.005" classname="Group"/>
  <testcase name="F6" time="0.002" classname="Group"/>
  <testcase name="A" time="0.002" classname="Priotization"/>
  <testcase name="UsersAreAbleToSearch" time="78.762" classname="FirstClassWith2methods"/>
  <testcase name="UsersAreAbleToSearch" time="69.612" classname="SecondClasssWith2Methods"/>
  <testcase name="test2" time="0.003" classname="SecondClasssWith2Methods"/>
  <testcase name="TC_401_Login_And_LogOut" time="26.019" classname="afterLoginIn.TestSetA">
    <failure type="org.openqa.selenium.NoSuchElementException" message="no such element: Unable to locate element: {&amp;quot;method&amp;quot;:&amp;quot;id&amp;quot;,&amp;quot;selector&amp;quot;:&amp;quot;ap_password&amp;quot;}
  (Session info: chrome=67.0.3396.87)
  (Driver info: chromedriver=2.36.540470 (e522d04694c7ebea4ba8821272dbef4f9b818c91),platform=Windows NT 10.0.17134 x86_64) (WARNING: The server did not provide any stacktrace information)
Command duration or timeout: 0 milliseconds
For documentation on this error, please visit: http://seleniumhq.org/exceptions/no_such_element.html
Build info: version: &amp;apos;3.6.0&amp;apos;, revision: &amp;apos;6fbf3ec767&amp;apos;, time: &amp;apos;2017-09-27T16:15:40.131Z&amp;apos;
System info: host: &amp;apos;DESKTOP-75OLIUH&amp;apos;, ip: &amp;apos;192.168.1.107&amp;apos;, os.name: &amp;apos;Windows 10&amp;apos;, os.arch: &amp;apos;amd64&amp;apos;, os.version: &amp;apos;10.0&amp;apos;, java.version: &amp;apos;1.8.0_144&amp;apos;
Driver info: org.openqa.selenium.chrome.ChromeDriver
Capabilities [{mobileEmulationEnabled=false, hasTouchScreen=false, platform=XP, acceptSslCerts=false, acceptInsecureCerts=false, webStorageEnabled=true, browserName=chrome, takesScreenshot=true, javascriptEnabled=true, platformName=XP, setWindowRect=true, unexpectedAlertBehaviour=, applicationCacheEnabled=false, rotatable=false, networkConnectionEnabled=false, chrome={chromedriverVersion=2.36.540470 (e522d04694c7ebea4ba8821272dbef4f9b818c91), userDataDir=C:\Users\imran\AppData\Local\Temp\scoped_dir5436_872}, takesHeapSnapshot=true, pageLoadStrategy=normal, unhandledPromptBehavior=, databaseEnabled=false, handlesAlerts=true, version=67.0.3396.87, browserConnectionEnabled=false, nativeEvents=true, locationContextEnabled=true, cssSelectorsEnabled=true}]
Session ID: f4878157dfccedb5b5b91940b1f2f794
*** Element info: {Using=id, value=ap_password}">
      <![CDATA[org.openqa.selenium.NoSuchElementException: no such element: Unable to locate element: {"method":"id","selector":"ap_password"}
  (Session info: chrome=67.0.3396.87)
  (Driver info: chromedriver=2.36.540470 (e522d04694c7ebea4ba8821272dbef4f9b818c91),platform=Windows NT 10.0.17134 x86_64) (WARNING: The server did not provide any stacktrace information)
Command duration or timeout: 0 milliseconds
For documentation on this error, please visit: http://seleniumhq.org/exceptions/no_such_element.html
Build info: version: '3.6.0', revision: '6fbf3ec767', time: '2017-09-27T16:15:40.131Z'
System info: host: 'DESKTOP-75OLIUH', ip: '192.168.1.107', os.name: 'Windows 10', os.arch: 'amd64', os.version: '10.0', java.version: '1.8.0_144'
Driver info: org.openqa.selenium.chrome.ChromeDriver
Capabilities [{mobileEmulationEnabled=false, hasTouchScreen=false, platform=XP, acceptSslCerts=false, acceptInsecureCerts=false, webStorageEnabled=true, browserName=chrome, takesScreenshot=true, javascriptEnabled=true, platformName=XP, setWindowRect=true, unexpectedAlertBehaviour=, applicationCacheEnabled=false, rotatable=false, networkConnectionEnabled=false, chrome={chromedriverVersion=2.36.540470 (e522d04694c7ebea4ba8821272dbef4f9b818c91), userDataDir=C:\Users\imran\AppData\Local\Temp\scoped_dir5436_872}, takesHeapSnapshot=true, pageLoadStrategy=normal, unhandledPromptBehavior=, databaseEnabled=false, handlesAlerts=true, version=67.0.3396.87, browserConnectionEnabled=false, nativeEvents=true, locationContextEnabled=true, cssSelectorsEnabled=true}]
Session ID: f4878157dfccedb5b5b91940b1f2f794
*** Element info: {Using=id, value=ap_password}
	at org.openqa.selenium.remote.ErrorHandler.createThrowable(ErrorHandler.java:214)
	at org.openqa.selenium.remote.ErrorHandler.throwIfResponseFailed(ErrorHandler.java:166)
	at org.openqa.selenium.remote.http.JsonHttpResponseCodec.reconstructValue(JsonHttpResponseCodec.java:40)
	at org.openqa.selenium.remote.http.AbstractHttpResponseCodec.decode(AbstractHttpResponseCodec.java:82)
	at org.openqa.selenium.remote.http.AbstractHttpResponseCodec.decode(AbstractHttpResponseCodec.java:45)
	at org.openqa.selenium.remote.HttpCommandExecutor.execute(HttpCommandExecutor.java:164)
	at org.openqa.selenium.remote.service.DriverCommandExecutor.execute(DriverCommandExecutor.java:83)
	at org.openqa.selenium.remote.RemoteWebDriver.execute(RemoteWebDriver.java:586)
	at org.openqa.selenium.remote.RemoteWebDriver.findElement(RemoteWebDriver.java:356)
	at org.openqa.selenium.remote.RemoteWebDriver.findElementById(RemoteWebDriver.java:402)
	at org.openqa.selenium.By$ById.findElement(By.java:218)
	at org.openqa.selenium.remote.RemoteWebDriver.findElement(RemoteWebDriver.java:348)
	at afterLoginIn.TestSetA.TC_401_Login_And_LogOut(TestSetA.java:48)
... Removed 29 stack frames]]>
    </failure>
  </testcase> <!-- TC_401_Login_And_LogOut -->
  <testcase name="TC_402_Login_NegativeTest" time="12.463" classname="afterLoginIn.TestSetA">
    <failure type="org.openqa.selenium.NoSuchElementException" message="no such element: Unable to locate element: {&amp;quot;method&amp;quot;:&amp;quot;id&amp;quot;,&amp;quot;selector&amp;quot;:&amp;quot;ap_password&amp;quot;}
  (Session info: chrome=67.0.3396.87)
  (Driver info: chromedriver=2.36.540470 (e522d04694c7ebea4ba8821272dbef4f9b818c91),platform=Windows NT 10.0.17134 x86_64) (WARNING: The server did not provide any stacktrace information)
Command duration or timeout: 0 milliseconds
For documentation on this error, please visit: http://seleniumhq.org/exceptions/no_such_element.html
Build info: version: &amp;apos;3.6.0&amp;apos;, revision: &amp;apos;6fbf3ec767&amp;apos;, time: &amp;apos;2017-09-27T16:15:40.131Z&amp;apos;
System info: host: &amp;apos;DESKTOP-75OLIUH&amp;apos;, ip: &amp;apos;192.168.1.107&amp;apos;, os.name: &amp;apos;Windows 10&amp;apos;, os.arch: &amp;apos;amd64&amp;apos;, os.version: &amp;apos;10.0&amp;apos;, java.version: &amp;apos;1.8.0_144&amp;apos;
Driver info: org.openqa.selenium.chrome.ChromeDriver
Capabilities [{mobileEmulationEnabled=false, hasTouchScreen=false, platform=XP, acceptSslCerts=false, acceptInsecureCerts=false, webStorageEnabled=true, browserName=chrome, takesScreenshot=true, javascriptEnabled=true, platformName=XP, setWindowRect=true, unexpectedAlertBehaviour=, applicationCacheEnabled=false, rotatable=false, networkConnectionEnabled=false, chrome={chromedriverVersion=2.36.540470 (e522d04694c7ebea4ba8821272dbef4f9b818c91), userDataDir=C:\Users\imran\AppData\Local\Temp\scoped_dir3152_2844}, takesHeapSnapshot=true, pageLoadStrategy=normal, unhandledPromptBehavior=, databaseEnabled=false, handlesAlerts=true, version=67.0.3396.87, browserConnectionEnabled=false, nativeEvents=true, locationContextEnabled=true, cssSelectorsEnabled=true}]
Session ID: 9df71b2014c8a21f2a0e0f23fc85d9da
*** Element info: {Using=id, value=ap_password}">
      <![CDATA[org.openqa.selenium.NoSuchElementException: no such element: Unable to locate element: {"method":"id","selector":"ap_password"}
  (Session info: chrome=67.0.3396.87)
  (Driver info: chromedriver=2.36.540470 (e522d04694c7ebea4ba8821272dbef4f9b818c91),platform=Windows NT 10.0.17134 x86_64) (WARNING: The server did not provide any stacktrace information)
Command duration or timeout: 0 milliseconds
For documentation on this error, please visit: http://seleniumhq.org/exceptions/no_such_element.html
Build info: version: '3.6.0', revision: '6fbf3ec767', time: '2017-09-27T16:15:40.131Z'
System info: host: 'DESKTOP-75OLIUH', ip: '192.168.1.107', os.name: 'Windows 10', os.arch: 'amd64', os.version: '10.0', java.version: '1.8.0_144'
Driver info: org.openqa.selenium.chrome.ChromeDriver
Capabilities [{mobileEmulationEnabled=false, hasTouchScreen=false, platform=XP, acceptSslCerts=false, acceptInsecureCerts=false, webStorageEnabled=true, browserName=chrome, takesScreenshot=true, javascriptEnabled=true, platformName=XP, setWindowRect=true, unexpectedAlertBehaviour=, applicationCacheEnabled=false, rotatable=false, networkConnectionEnabled=false, chrome={chromedriverVersion=2.36.540470 (e522d04694c7ebea4ba8821272dbef4f9b818c91), userDataDir=C:\Users\imran\AppData\Local\Temp\scoped_dir3152_2844}, takesHeapSnapshot=true, pageLoadStrategy=normal, unhandledPromptBehavior=, databaseEnabled=false, handlesAlerts=true, version=67.0.3396.87, browserConnectionEnabled=false, nativeEvents=true, locationContextEnabled=true, cssSelectorsEnabled=true}]
Session ID: 9df71b2014c8a21f2a0e0f23fc85d9da
*** Element info: {Using=id, value=ap_password}
	at org.openqa.selenium.remote.ErrorHandler.createThrowable(ErrorHandler.java:214)
	at org.openqa.selenium.remote.ErrorHandler.throwIfResponseFailed(ErrorHandler.java:166)
	at org.openqa.selenium.remote.http.JsonHttpResponseCodec.reconstructValue(JsonHttpResponseCodec.java:40)
	at org.openqa.selenium.remote.http.AbstractHttpResponseCodec.decode(AbstractHttpResponseCodec.java:82)
	at org.openqa.selenium.remote.http.AbstractHttpResponseCodec.decode(AbstractHttpResponseCodec.java:45)
	at org.openqa.selenium.remote.HttpCommandExecutor.execute(HttpCommandExecutor.java:164)
	at org.openqa.selenium.remote.service.DriverCommandExecutor.execute(DriverCommandExecutor.java:83)
	at org.openqa.selenium.remote.RemoteWebDriver.execute(RemoteWebDriver.java:586)
	at org.openqa.selenium.remote.RemoteWebDriver.findElement(RemoteWebDriver.java:356)
	at org.openqa.selenium.remote.RemoteWebDriver.findElementById(RemoteWebDriver.java:402)
	at org.openqa.selenium.By$ById.findElement(By.java:218)
	at org.openqa.selenium.remote.RemoteWebDriver.findElement(RemoteWebDriver.java:348)
	at afterLoginIn.TestSetA.TC_402_Login_NegativeTest(TestSetA.java:78)
... Removed 29 stack frames]]>
    </failure>
  </testcase> <!-- TC_402_Login_NegativeTest -->
  <testcase name="TC_403_VerifyFieldsInLoginPage" time="11.668" classname="afterLoginIn.TestSetA">
    <failure type="org.openqa.selenium.NoSuchElementException" message="no such element: Unable to locate element: {&amp;quot;method&amp;quot;:&amp;quot;xpath&amp;quot;,&amp;quot;selector&amp;quot;:&amp;quot;//*[@id=&amp;quot;a-page&amp;quot;]/div[1]/div[3]/div/div/form/div/div/div/h1&amp;quot;}
  (Session info: chrome=67.0.3396.87)
  (Driver info: chromedriver=2.36.540470 (e522d04694c7ebea4ba8821272dbef4f9b818c91),platform=Windows NT 10.0.17134 x86_64) (WARNING: The server did not provide any stacktrace information)
Command duration or timeout: 0 milliseconds
For documentation on this error, please visit: http://seleniumhq.org/exceptions/no_such_element.html
Build info: version: &amp;apos;3.6.0&amp;apos;, revision: &amp;apos;6fbf3ec767&amp;apos;, time: &amp;apos;2017-09-27T16:15:40.131Z&amp;apos;
System info: host: &amp;apos;DESKTOP-75OLIUH&amp;apos;, ip: &amp;apos;192.168.1.107&amp;apos;, os.name: &amp;apos;Windows 10&amp;apos;, os.arch: &amp;apos;amd64&amp;apos;, os.version: &amp;apos;10.0&amp;apos;, java.version: &amp;apos;1.8.0_144&amp;apos;
Driver info: org.openqa.selenium.chrome.ChromeDriver
Capabilities [{mobileEmulationEnabled=false, hasTouchScreen=false, platform=XP, acceptSslCerts=false, acceptInsecureCerts=false, webStorageEnabled=true, browserName=chrome, takesScreenshot=true, javascriptEnabled=true, platformName=XP, setWindowRect=true, unexpectedAlertBehaviour=, applicationCacheEnabled=false, rotatable=false, networkConnectionEnabled=false, chrome={chromedriverVersion=2.36.540470 (e522d04694c7ebea4ba8821272dbef4f9b818c91), userDataDir=C:\Users\imran\AppData\Local\Temp\scoped_dir3044_20715}, takesHeapSnapshot=true, pageLoadStrategy=normal, unhandledPromptBehavior=, databaseEnabled=false, handlesAlerts=true, version=67.0.3396.87, browserConnectionEnabled=false, nativeEvents=true, locationContextEnabled=true, cssSelectorsEnabled=true}]
Session ID: 4a3f2f42f8b0c59e22ddc5a094d9aa95
*** Element info: {Using=xpath, value=//*[@id=&amp;quot;a-page&amp;quot;]/div[1]/div[3]/div/div/form/div/div/div/h1}">
      <![CDATA[org.openqa.selenium.NoSuchElementException: no such element: Unable to locate element: {"method":"xpath","selector":"//*[@id="a-page"]/div[1]/div[3]/div/div/form/div/div/div/h1"}
  (Session info: chrome=67.0.3396.87)
  (Driver info: chromedriver=2.36.540470 (e522d04694c7ebea4ba8821272dbef4f9b818c91),platform=Windows NT 10.0.17134 x86_64) (WARNING: The server did not provide any stacktrace information)
Command duration or timeout: 0 milliseconds
For documentation on this error, please visit: http://seleniumhq.org/exceptions/no_such_element.html
Build info: version: '3.6.0', revision: '6fbf3ec767', time: '2017-09-27T16:15:40.131Z'
System info: host: 'DESKTOP-75OLIUH', ip: '192.168.1.107', os.name: 'Windows 10', os.arch: 'amd64', os.version: '10.0', java.version: '1.8.0_144'
Driver info: org.openqa.selenium.chrome.ChromeDriver
Capabilities [{mobileEmulationEnabled=false, hasTouchScreen=false, platform=XP, acceptSslCerts=false, acceptInsecureCerts=false, webStorageEnabled=true, browserName=chrome, takesScreenshot=true, javascriptEnabled=true, platformName=XP, setWindowRect=true, unexpectedAlertBehaviour=, applicationCacheEnabled=false, rotatable=false, networkConnectionEnabled=false, chrome={chromedriverVersion=2.36.540470 (e522d04694c7ebea4ba8821272dbef4f9b818c91), userDataDir=C:\Users\imran\AppData\Local\Temp\scoped_dir3044_20715}, takesHeapSnapshot=true, pageLoadStrategy=normal, unhandledPromptBehavior=, databaseEnabled=false, handlesAlerts=true, version=67.0.3396.87, browserConnectionEnabled=false, nativeEvents=true, locationContextEnabled=true, cssSelectorsEnabled=true}]
Session ID: 4a3f2f42f8b0c59e22ddc5a094d9aa95
*** Element info: {Using=xpath, value=//*[@id="a-page"]/div[1]/div[3]/div/div/form/div/div/div/h1}
	at org.openqa.selenium.remote.ErrorHandler.createThrowable(ErrorHandler.java:214)
	at org.openqa.selenium.remote.ErrorHandler.throwIfResponseFailed(ErrorHandler.java:166)
	at org.openqa.selenium.remote.http.JsonHttpResponseCodec.reconstructValue(JsonHttpResponseCodec.java:40)
	at org.openqa.selenium.remote.http.AbstractHttpResponseCodec.decode(AbstractHttpResponseCodec.java:82)
	at org.openqa.selenium.remote.http.AbstractHttpResponseCodec.decode(AbstractHttpResponseCodec.java:45)
	at org.openqa.selenium.remote.HttpCommandExecutor.execute(HttpCommandExecutor.java:164)
	at org.openqa.selenium.remote.service.DriverCommandExecutor.execute(DriverCommandExecutor.java:83)
	at org.openqa.selenium.remote.RemoteWebDriver.execute(RemoteWebDriver.java:586)
	at org.openqa.selenium.remote.RemoteWebDriver.findElement(RemoteWebDriver.java:356)
	at org.openqa.selenium.remote.RemoteWebDriver.findElementByXPath(RemoteWebDriver.java:458)
	at org.openqa.selenium.By$ByXPath.findElement(By.java:361)
	at org.openqa.selenium.remote.RemoteWebDriver.findElement(RemoteWebDriver.java:348)
	at afterLoginIn.TestSetA.TC_403_VerifyFieldsInLoginPage(TestSetA.java:138)
... Removed 29 stack frames]]>
    </failure>
  </testcase> <!-- TC_403_VerifyFieldsInLoginPage -->
  <testcase name="TC_404_ToolTip" time="11.26" classname="afterLoginIn.TestSetA">
    <failure type="org.openqa.selenium.NoSuchElementException" message="no such element: Unable to locate element: {&amp;quot;method&amp;quot;:&amp;quot;id&amp;quot;,&amp;quot;selector&amp;quot;:&amp;quot;remember_me_learn_more_link&amp;quot;}
  (Session info: chrome=67.0.3396.87)
  (Driver info: chromedriver=2.36.540470 (e522d04694c7ebea4ba8821272dbef4f9b818c91),platform=Windows NT 10.0.17134 x86_64) (WARNING: The server did not provide any stacktrace information)
Command duration or timeout: 0 milliseconds
For documentation on this error, please visit: http://seleniumhq.org/exceptions/no_such_element.html
Build info: version: &amp;apos;3.6.0&amp;apos;, revision: &amp;apos;6fbf3ec767&amp;apos;, time: &amp;apos;2017-09-27T16:15:40.131Z&amp;apos;
System info: host: &amp;apos;DESKTOP-75OLIUH&amp;apos;, ip: &amp;apos;192.168.1.107&amp;apos;, os.name: &amp;apos;Windows 10&amp;apos;, os.arch: &amp;apos;amd64&amp;apos;, os.version: &amp;apos;10.0&amp;apos;, java.version: &amp;apos;1.8.0_144&amp;apos;
Driver info: org.openqa.selenium.chrome.ChromeDriver
Capabilities [{mobileEmulationEnabled=false, hasTouchScreen=false, platform=XP, acceptSslCerts=false, acceptInsecureCerts=false, webStorageEnabled=true, browserName=chrome, takesScreenshot=true, javascriptEnabled=true, platformName=XP, setWindowRect=true, unexpectedAlertBehaviour=, applicationCacheEnabled=false, rotatable=false, networkConnectionEnabled=false, chrome={chromedriverVersion=2.36.540470 (e522d04694c7ebea4ba8821272dbef4f9b818c91), userDataDir=C:\Users\imran\AppData\Local\Temp\scoped_dir4032_30086}, takesHeapSnapshot=true, pageLoadStrategy=normal, unhandledPromptBehavior=, databaseEnabled=false, handlesAlerts=true, version=67.0.3396.87, browserConnectionEnabled=false, nativeEvents=true, locationContextEnabled=true, cssSelectorsEnabled=true}]
Session ID: a8353ce53af04fb89520f0b2824a3003
*** Element info: {Using=id, value=remember_me_learn_more_link}">
      <![CDATA[org.openqa.selenium.NoSuchElementException: no such element: Unable to locate element: {"method":"id","selector":"remember_me_learn_more_link"}
  (Session info: chrome=67.0.3396.87)
  (Driver info: chromedriver=2.36.540470 (e522d04694c7ebea4ba8821272dbef4f9b818c91),platform=Windows NT 10.0.17134 x86_64) (WARNING: The server did not provide any stacktrace information)
Command duration or timeout: 0 milliseconds
For documentation on this error, please visit: http://seleniumhq.org/exceptions/no_such_element.html
Build info: version: '3.6.0', revision: '6fbf3ec767', time: '2017-09-27T16:15:40.131Z'
System info: host: 'DESKTOP-75OLIUH', ip: '192.168.1.107', os.name: 'Windows 10', os.arch: 'amd64', os.version: '10.0', java.version: '1.8.0_144'
Driver info: org.openqa.selenium.chrome.ChromeDriver
Capabilities [{mobileEmulationEnabled=false, hasTouchScreen=false, platform=XP, acceptSslCerts=false, acceptInsecureCerts=false, webStorageEnabled=true, browserName=chrome, takesScreenshot=true, javascriptEnabled=true, platformName=XP, setWindowRect=true, unexpectedAlertBehaviour=, applicationCacheEnabled=false, rotatable=false, networkConnectionEnabled=false, chrome={chromedriverVersion=2.36.540470 (e522d04694c7ebea4ba8821272dbef4f9b818c91), userDataDir=C:\Users\imran\AppData\Local\Temp\scoped_dir4032_30086}, takesHeapSnapshot=true, pageLoadStrategy=normal, unhandledPromptBehavior=, databaseEnabled=false, handlesAlerts=true, version=67.0.3396.87, browserConnectionEnabled=false, nativeEvents=true, locationContextEnabled=true, cssSelectorsEnabled=true}]
Session ID: a8353ce53af04fb89520f0b2824a3003
*** Element info: {Using=id, value=remember_me_learn_more_link}
	at org.openqa.selenium.remote.ErrorHandler.createThrowable(ErrorHandler.java:214)
	at org.openqa.selenium.remote.ErrorHandler.throwIfResponseFailed(ErrorHandler.java:166)
	at org.openqa.selenium.remote.http.JsonHttpResponseCodec.reconstructValue(JsonHttpResponseCodec.java:40)
	at org.openqa.selenium.remote.http.AbstractHttpResponseCodec.decode(AbstractHttpResponseCodec.java:82)
	at org.openqa.selenium.remote.http.AbstractHttpResponseCodec.decode(AbstractHttpResponseCodec.java:45)
	at org.openqa.selenium.remote.HttpCommandExecutor.execute(HttpCommandExecutor.java:164)
	at org.openqa.selenium.remote.service.DriverCommandExecutor.execute(DriverCommandExecutor.java:83)
	at org.openqa.selenium.remote.RemoteWebDriver.execute(RemoteWebDriver.java:586)
	at org.openqa.selenium.remote.RemoteWebDriver.findElement(RemoteWebDriver.java:356)
	at org.openqa.selenium.remote.RemoteWebDriver.findElementById(RemoteWebDriver.java:402)
	at org.openqa.selenium.By$ById.findElement(By.java:218)
	at org.openqa.selenium.remote.RemoteWebDriver.findElement(RemoteWebDriver.java:348)
	at afterLoginIn.TestSetA.TC_404_ToolTip(TestSetA.java:161)
... Removed 29 stack frames]]>
    </failure>
  </testcase> <!-- TC_404_ToolTip -->
  <testcase name="TC_501_UsersAreAbleToSearch" time="13.452" classname="walmart.TestSetB">
    <failure type="org.openqa.selenium.NoSuchElementException" message="no such element: Unable to locate element: {&amp;quot;method&amp;quot;:&amp;quot;id&amp;quot;,&amp;quot;selector&amp;quot;:&amp;quot;header-SearchDropdown-option-0&amp;quot;}
  (Session info: chrome=67.0.3396.87)
  (Driver info: chromedriver=2.36.540470 (e522d04694c7ebea4ba8821272dbef4f9b818c91),platform=Windows NT 10.0.17134 x86_64) (WARNING: The server did not provide any stacktrace information)
Command duration or timeout: 0 milliseconds
For documentation on this error, please visit: http://seleniumhq.org/exceptions/no_such_element.html
Build info: version: &amp;apos;3.6.0&amp;apos;, revision: &amp;apos;6fbf3ec767&amp;apos;, time: &amp;apos;2017-09-27T16:15:40.131Z&amp;apos;
System info: host: &amp;apos;DESKTOP-75OLIUH&amp;apos;, ip: &amp;apos;192.168.1.107&amp;apos;, os.name: &amp;apos;Windows 10&amp;apos;, os.arch: &amp;apos;amd64&amp;apos;, os.version: &amp;apos;10.0&amp;apos;, java.version: &amp;apos;1.8.0_144&amp;apos;
Driver info: org.openqa.selenium.chrome.ChromeDriver
Capabilities [{mobileEmulationEnabled=false, hasTouchScreen=false, platform=XP, acceptSslCerts=false, acceptInsecureCerts=false, webStorageEnabled=true, browserName=chrome, takesScreenshot=true, javascriptEnabled=true, platformName=XP, setWindowRect=true, unexpectedAlertBehaviour=, applicationCacheEnabled=false, rotatable=false, networkConnectionEnabled=false, chrome={chromedriverVersion=2.36.540470 (e522d04694c7ebea4ba8821272dbef4f9b818c91), userDataDir=C:\Users\imran\AppData\Local\Temp\scoped_dir11568_25828}, takesHeapSnapshot=true, pageLoadStrategy=normal, unhandledPromptBehavior=, databaseEnabled=false, handlesAlerts=true, version=67.0.3396.87, browserConnectionEnabled=false, nativeEvents=true, locationContextEnabled=true, cssSelectorsEnabled=true}]
Session ID: 3b9e3f91362935f383f33c5219c93ee5
*** Element info: {Using=id, value=header-SearchDropdown-option-0}">
      <![CDATA[org.openqa.selenium.NoSuchElementException: no such element: Unable to locate element: {"method":"id","selector":"header-SearchDropdown-option-0"}
  (Session info: chrome=67.0.3396.87)
  (Driver info: chromedriver=2.36.540470 (e522d04694c7ebea4ba8821272dbef4f9b818c91),platform=Windows NT 10.0.17134 x86_64) (WARNING: The server did not provide any stacktrace information)
Command duration or timeout: 0 milliseconds
For documentation on this error, please visit: http://seleniumhq.org/exceptions/no_such_element.html
Build info: version: '3.6.0', revision: '6fbf3ec767', time: '2017-09-27T16:15:40.131Z'
System info: host: 'DESKTOP-75OLIUH', ip: '192.168.1.107', os.name: 'Windows 10', os.arch: 'amd64', os.version: '10.0', java.version: '1.8.0_144'
Driver info: org.openqa.selenium.chrome.ChromeDriver
Capabilities [{mobileEmulationEnabled=false, hasTouchScreen=false, platform=XP, acceptSslCerts=false, acceptInsecureCerts=false, webStorageEnabled=true, browserName=chrome, takesScreenshot=true, javascriptEnabled=true, platformName=XP, setWindowRect=true, unexpectedAlertBehaviour=, applicationCacheEnabled=false, rotatable=false, networkConnectionEnabled=false, chrome={chromedriverVersion=2.36.540470 (e522d04694c7ebea4ba8821272dbef4f9b818c91), userDataDir=C:\Users\imran\AppData\Local\Temp\scoped_dir11568_25828}, takesHeapSnapshot=true, pageLoadStrategy=normal, unhandledPromptBehavior=, databaseEnabled=false, handlesAlerts=true, version=67.0.3396.87, browserConnectionEnabled=false, nativeEvents=true, locationContextEnabled=true, cssSelectorsEnabled=true}]
Session ID: 3b9e3f91362935f383f33c5219c93ee5
*** Element info: {Using=id, value=header-SearchDropdown-option-0}
	at org.openqa.selenium.remote.ErrorHandler.createThrowable(ErrorHandler.java:214)
	at org.openqa.selenium.remote.ErrorHandler.throwIfResponseFailed(ErrorHandler.java:166)
	at org.openqa.selenium.remote.http.JsonHttpResponseCodec.reconstructValue(JsonHttpResponseCodec.java:40)
	at org.openqa.selenium.remote.http.AbstractHttpResponseCodec.decode(AbstractHttpResponseCodec.java:82)
	at org.openqa.selenium.remote.http.AbstractHttpResponseCodec.decode(AbstractHttpResponseCodec.java:45)
	at org.openqa.selenium.remote.HttpCommandExecutor.execute(HttpCommandExecutor.java:164)
	at org.openqa.selenium.remote.service.DriverCommandExecutor.execute(DriverCommandExecutor.java:83)
	at org.openqa.selenium.remote.RemoteWebDriver.execute(RemoteWebDriver.java:586)
	at org.openqa.selenium.remote.RemoteWebDriver.findElement(RemoteWebDriver.java:356)
	at org.openqa.selenium.remote.RemoteWebDriver.findElementById(RemoteWebDriver.java:402)
	at org.openqa.selenium.By$ById.findElement(By.java:218)
	at org.openqa.selenium.remote.RemoteWebDriver.findElement(RemoteWebDriver.java:348)
	at walmart.TestSetB.TC_501_UsersAreAbleToSearch(TestSetB.java:65)
... Removed 29 stack frames]]>
    </failure>
  </testcase> <!-- TC_501_UsersAreAbleToSearch -->
  <testcase name="TC_502_SelectDropdownValue" time="13.747" classname="walmart.TestSetB">
    <failure type="org.openqa.selenium.NoSuchElementException" message="no such element: Unable to locate element: {&amp;quot;method&amp;quot;:&amp;quot;id&amp;quot;,&amp;quot;selector&amp;quot;:&amp;quot;header-SearchDropdown-option-0&amp;quot;}
  (Session info: chrome=67.0.3396.87)
  (Driver info: chromedriver=2.36.540470 (e522d04694c7ebea4ba8821272dbef4f9b818c91),platform=Windows NT 10.0.17134 x86_64) (WARNING: The server did not provide any stacktrace information)
Command duration or timeout: 0 milliseconds
For documentation on this error, please visit: http://seleniumhq.org/exceptions/no_such_element.html
Build info: version: &amp;apos;3.6.0&amp;apos;, revision: &amp;apos;6fbf3ec767&amp;apos;, time: &amp;apos;2017-09-27T16:15:40.131Z&amp;apos;
System info: host: &amp;apos;DESKTOP-75OLIUH&amp;apos;, ip: &amp;apos;192.168.1.107&amp;apos;, os.name: &amp;apos;Windows 10&amp;apos;, os.arch: &amp;apos;amd64&amp;apos;, os.version: &amp;apos;10.0&amp;apos;, java.version: &amp;apos;1.8.0_144&amp;apos;
Driver info: org.openqa.selenium.chrome.ChromeDriver
Capabilities [{mobileEmulationEnabled=false, hasTouchScreen=false, platform=XP, acceptSslCerts=false, acceptInsecureCerts=false, webStorageEnabled=true, browserName=chrome, takesScreenshot=true, javascriptEnabled=true, platformName=XP, setWindowRect=true, unexpectedAlertBehaviour=, applicationCacheEnabled=false, rotatable=false, networkConnectionEnabled=false, chrome={chromedriverVersion=2.36.540470 (e522d04694c7ebea4ba8821272dbef4f9b818c91), userDataDir=C:\Users\imran\AppData\Local\Temp\scoped_dir7496_17813}, takesHeapSnapshot=true, pageLoadStrategy=normal, unhandledPromptBehavior=, databaseEnabled=false, handlesAlerts=true, version=67.0.3396.87, browserConnectionEnabled=false, nativeEvents=true, locationContextEnabled=true, cssSelectorsEnabled=true}]
Session ID: b1f568575500146ab71c18067da429fd
*** Element info: {Using=id, value=header-SearchDropdown-option-0}">
      <![CDATA[org.openqa.selenium.NoSuchElementException: no such element: Unable to locate element: {"method":"id","selector":"header-SearchDropdown-option-0"}
  (Session info: chrome=67.0.3396.87)
  (Driver info: chromedriver=2.36.540470 (e522d04694c7ebea4ba8821272dbef4f9b818c91),platform=Windows NT 10.0.17134 x86_64) (WARNING: The server did not provide any stacktrace information)
Command duration or timeout: 0 milliseconds
For documentation on this error, please visit: http://seleniumhq.org/exceptions/no_such_element.html
Build info: version: '3.6.0', revision: '6fbf3ec767', time: '2017-09-27T16:15:40.131Z'
System info: host: 'DESKTOP-75OLIUH', ip: '192.168.1.107', os.name: 'Windows 10', os.arch: 'amd64', os.version: '10.0', java.version: '1.8.0_144'
Driver info: org.openqa.selenium.chrome.ChromeDriver
Capabilities [{mobileEmulationEnabled=false, hasTouchScreen=false, platform=XP, acceptSslCerts=false, acceptInsecureCerts=false, webStorageEnabled=true, browserName=chrome, takesScreenshot=true, javascriptEnabled=true, platformName=XP, setWindowRect=true, unexpectedAlertBehaviour=, applicationCacheEnabled=false, rotatable=false, networkConnectionEnabled=false, chrome={chromedriverVersion=2.36.540470 (e522d04694c7ebea4ba8821272dbef4f9b818c91), userDataDir=C:\Users\imran\AppData\Local\Temp\scoped_dir7496_17813}, takesHeapSnapshot=true, pageLoadStrategy=normal, unhandledPromptBehavior=, databaseEnabled=false, handlesAlerts=true, version=67.0.3396.87, browserConnectionEnabled=false, nativeEvents=true, locationContextEnabled=true, cssSelectorsEnabled=true}]
Session ID: b1f568575500146ab71c18067da429fd
*** Element info: {Using=id, value=header-SearchDropdown-option-0}
	at org.openqa.selenium.remote.ErrorHandler.createThrowable(ErrorHandler.java:214)
	at org.openqa.selenium.remote.ErrorHandler.throwIfResponseFailed(ErrorHandler.java:166)
	at org.openqa.selenium.remote.http.JsonHttpResponseCodec.reconstructValue(JsonHttpResponseCodec.java:40)
	at org.openqa.selenium.remote.http.AbstractHttpResponseCodec.decode(AbstractHttpResponseCodec.java:82)
	at org.openqa.selenium.remote.http.AbstractHttpResponseCodec.decode(AbstractHttpResponseCodec.java:45)
	at org.openqa.selenium.remote.HttpCommandExecutor.execute(HttpCommandExecutor.java:164)
	at org.openqa.selenium.remote.service.DriverCommandExecutor.execute(DriverCommandExecutor.java:83)
	at org.openqa.selenium.remote.RemoteWebDriver.execute(RemoteWebDriver.java:586)
	at org.openqa.selenium.remote.RemoteWebDriver.findElement(RemoteWebDriver.java:356)
	at org.openqa.selenium.remote.RemoteWebDriver.findElementById(RemoteWebDriver.java:402)
	at org.openqa.selenium.By$ById.findElement(By.java:218)
	at org.openqa.selenium.remote.RemoteWebDriver.findElement(RemoteWebDriver.java:348)
	at walmart.TestSetB.TC_502_SelectDropdownValue(TestSetB.java:89)
... Removed 29 stack frames]]>
    </failure>
  </testcase> <!-- TC_502_SelectDropdownValue -->
  <testcase name="TC_503_mouseOver" time="15.313" classname="walmart.TestSetB">
    <failure type="org.openqa.selenium.NoSuchElementException" message="no such element: Unable to locate element: {&amp;quot;method&amp;quot;:&amp;quot;id&amp;quot;,&amp;quot;selector&amp;quot;:&amp;quot;header-GlobalEyebrowNav-button-0&amp;quot;}
  (Session info: chrome=67.0.3396.87)
  (Driver info: chromedriver=2.36.540470 (e522d04694c7ebea4ba8821272dbef4f9b818c91),platform=Windows NT 10.0.17134 x86_64) (WARNING: The server did not provide any stacktrace information)
Command duration or timeout: 0 milliseconds
For documentation on this error, please visit: http://seleniumhq.org/exceptions/no_such_element.html
Build info: version: &amp;apos;3.6.0&amp;apos;, revision: &amp;apos;6fbf3ec767&amp;apos;, time: &amp;apos;2017-09-27T16:15:40.131Z&amp;apos;
System info: host: &amp;apos;DESKTOP-75OLIUH&amp;apos;, ip: &amp;apos;192.168.1.107&amp;apos;, os.name: &amp;apos;Windows 10&amp;apos;, os.arch: &amp;apos;amd64&amp;apos;, os.version: &amp;apos;10.0&amp;apos;, java.version: &amp;apos;1.8.0_144&amp;apos;
Driver info: org.openqa.selenium.chrome.ChromeDriver
Capabilities [{mobileEmulationEnabled=false, hasTouchScreen=false, platform=XP, acceptSslCerts=false, acceptInsecureCerts=false, webStorageEnabled=true, browserName=chrome, takesScreenshot=true, javascriptEnabled=true, platformName=XP, setWindowRect=true, unexpectedAlertBehaviour=, applicationCacheEnabled=false, rotatable=false, networkConnectionEnabled=false, chrome={chromedriverVersion=2.36.540470 (e522d04694c7ebea4ba8821272dbef4f9b818c91), userDataDir=C:\Users\imran\AppData\Local\Temp\scoped_dir7960_24190}, takesHeapSnapshot=true, pageLoadStrategy=normal, unhandledPromptBehavior=, databaseEnabled=false, handlesAlerts=true, version=67.0.3396.87, browserConnectionEnabled=false, nativeEvents=true, locationContextEnabled=true, cssSelectorsEnabled=true}]
Session ID: 3045c2313547c3c8e2d37b865a39b369
*** Element info: {Using=id, value=header-GlobalEyebrowNav-button-0}">
      <![CDATA[org.openqa.selenium.NoSuchElementException: no such element: Unable to locate element: {"method":"id","selector":"header-GlobalEyebrowNav-button-0"}
  (Session info: chrome=67.0.3396.87)
  (Driver info: chromedriver=2.36.540470 (e522d04694c7ebea4ba8821272dbef4f9b818c91),platform=Windows NT 10.0.17134 x86_64) (WARNING: The server did not provide any stacktrace information)
Command duration or timeout: 0 milliseconds
For documentation on this error, please visit: http://seleniumhq.org/exceptions/no_such_element.html
Build info: version: '3.6.0', revision: '6fbf3ec767', time: '2017-09-27T16:15:40.131Z'
System info: host: 'DESKTOP-75OLIUH', ip: '192.168.1.107', os.name: 'Windows 10', os.arch: 'amd64', os.version: '10.0', java.version: '1.8.0_144'
Driver info: org.openqa.selenium.chrome.ChromeDriver
Capabilities [{mobileEmulationEnabled=false, hasTouchScreen=false, platform=XP, acceptSslCerts=false, acceptInsecureCerts=false, webStorageEnabled=true, browserName=chrome, takesScreenshot=true, javascriptEnabled=true, platformName=XP, setWindowRect=true, unexpectedAlertBehaviour=, applicationCacheEnabled=false, rotatable=false, networkConnectionEnabled=false, chrome={chromedriverVersion=2.36.540470 (e522d04694c7ebea4ba8821272dbef4f9b818c91), userDataDir=C:\Users\imran\AppData\Local\Temp\scoped_dir7960_24190}, takesHeapSnapshot=true, pageLoadStrategy=normal, unhandledPromptBehavior=, databaseEnabled=false, handlesAlerts=true, version=67.0.3396.87, browserConnectionEnabled=false, nativeEvents=true, locationContextEnabled=true, cssSelectorsEnabled=true}]
Session ID: 3045c2313547c3c8e2d37b865a39b369
*** Element info: {Using=id, value=header-GlobalEyebrowNav-button-0}
	at org.openqa.selenium.remote.ErrorHandler.createThrowable(ErrorHandler.java:214)
	at org.openqa.selenium.remote.ErrorHandler.throwIfResponseFailed(ErrorHandler.java:166)
	at org.openqa.selenium.remote.http.JsonHttpResponseCodec.reconstructValue(JsonHttpResponseCodec.java:40)
	at org.openqa.selenium.remote.http.AbstractHttpResponseCodec.decode(AbstractHttpResponseCodec.java:82)
	at org.openqa.selenium.remote.http.AbstractHttpResponseCodec.decode(AbstractHttpResponseCodec.java:45)
	at org.openqa.selenium.remote.HttpCommandExecutor.execute(HttpCommandExecutor.java:164)
	at org.openqa.selenium.remote.service.DriverCommandExecutor.execute(DriverCommandExecutor.java:83)
	at org.openqa.selenium.remote.RemoteWebDriver.execute(RemoteWebDriver.java:586)
	at org.openqa.selenium.remote.RemoteWebDriver.findElement(RemoteWebDriver.java:356)
	at org.openqa.selenium.remote.RemoteWebDriver.findElementById(RemoteWebDriver.java:402)
	at org.openqa.selenium.By$ById.findElement(By.java:218)
	at org.openqa.selenium.remote.RemoteWebDriver.findElement(RemoteWebDriver.java:348)
	at walmart.TestSetB.TC_503_mouseOver(TestSetB.java:121)
... Removed 29 stack frames]]>
    </failure>
  </testcase> <!-- TC_503_mouseOver -->
  <testcase name="TC_504_Credit_Cards" time="13.515" classname="walmart.TestSetB">
    <failure type="org.openqa.selenium.NoSuchElementException" message="no such element: Unable to locate element: {&amp;quot;method&amp;quot;:&amp;quot;id&amp;quot;,&amp;quot;selector&amp;quot;:&amp;quot;header-GlobalEyebrowNav-link-4&amp;quot;}
  (Session info: chrome=67.0.3396.87)
  (Driver info: chromedriver=2.36.540470 (e522d04694c7ebea4ba8821272dbef4f9b818c91),platform=Windows NT 10.0.17134 x86_64) (WARNING: The server did not provide any stacktrace information)
Command duration or timeout: 0 milliseconds
For documentation on this error, please visit: http://seleniumhq.org/exceptions/no_such_element.html
Build info: version: &amp;apos;3.6.0&amp;apos;, revision: &amp;apos;6fbf3ec767&amp;apos;, time: &amp;apos;2017-09-27T16:15:40.131Z&amp;apos;
System info: host: &amp;apos;DESKTOP-75OLIUH&amp;apos;, ip: &amp;apos;192.168.1.107&amp;apos;, os.name: &amp;apos;Windows 10&amp;apos;, os.arch: &amp;apos;amd64&amp;apos;, os.version: &amp;apos;10.0&amp;apos;, java.version: &amp;apos;1.8.0_144&amp;apos;
Driver info: org.openqa.selenium.chrome.ChromeDriver
Capabilities [{mobileEmulationEnabled=false, hasTouchScreen=false, platform=XP, acceptSslCerts=false, acceptInsecureCerts=false, webStorageEnabled=true, browserName=chrome, takesScreenshot=true, javascriptEnabled=true, platformName=XP, setWindowRect=true, unexpectedAlertBehaviour=, applicationCacheEnabled=false, rotatable=false, networkConnectionEnabled=false, chrome={chromedriverVersion=2.36.540470 (e522d04694c7ebea4ba8821272dbef4f9b818c91), userDataDir=C:\Users\imran\AppData\Local\Temp\scoped_dir13632_6153}, takesHeapSnapshot=true, pageLoadStrategy=normal, unhandledPromptBehavior=, databaseEnabled=false, handlesAlerts=true, version=67.0.3396.87, browserConnectionEnabled=false, nativeEvents=true, locationContextEnabled=true, cssSelectorsEnabled=true}]
Session ID: bbdce7c65fdcd90729028b26a1cf8cf4
*** Element info: {Using=id, value=header-GlobalEyebrowNav-link-4}">
      <![CDATA[org.openqa.selenium.NoSuchElementException: no such element: Unable to locate element: {"method":"id","selector":"header-GlobalEyebrowNav-link-4"}
  (Session info: chrome=67.0.3396.87)
  (Driver info: chromedriver=2.36.540470 (e522d04694c7ebea4ba8821272dbef4f9b818c91),platform=Windows NT 10.0.17134 x86_64) (WARNING: The server did not provide any stacktrace information)
Command duration or timeout: 0 milliseconds
For documentation on this error, please visit: http://seleniumhq.org/exceptions/no_such_element.html
Build info: version: '3.6.0', revision: '6fbf3ec767', time: '2017-09-27T16:15:40.131Z'
System info: host: 'DESKTOP-75OLIUH', ip: '192.168.1.107', os.name: 'Windows 10', os.arch: 'amd64', os.version: '10.0', java.version: '1.8.0_144'
Driver info: org.openqa.selenium.chrome.ChromeDriver
Capabilities [{mobileEmulationEnabled=false, hasTouchScreen=false, platform=XP, acceptSslCerts=false, acceptInsecureCerts=false, webStorageEnabled=true, browserName=chrome, takesScreenshot=true, javascriptEnabled=true, platformName=XP, setWindowRect=true, unexpectedAlertBehaviour=, applicationCacheEnabled=false, rotatable=false, networkConnectionEnabled=false, chrome={chromedriverVersion=2.36.540470 (e522d04694c7ebea4ba8821272dbef4f9b818c91), userDataDir=C:\Users\imran\AppData\Local\Temp\scoped_dir13632_6153}, takesHeapSnapshot=true, pageLoadStrategy=normal, unhandledPromptBehavior=, databaseEnabled=false, handlesAlerts=true, version=67.0.3396.87, browserConnectionEnabled=false, nativeEvents=true, locationContextEnabled=true, cssSelectorsEnabled=true}]
Session ID: bbdce7c65fdcd90729028b26a1cf8cf4
*** Element info: {Using=id, value=header-GlobalEyebrowNav-link-4}
	at org.openqa.selenium.remote.ErrorHandler.createThrowable(ErrorHandler.java:214)
	at org.openqa.selenium.remote.ErrorHandler.throwIfResponseFailed(ErrorHandler.java:166)
	at org.openqa.selenium.remote.http.JsonHttpResponseCodec.reconstructValue(JsonHttpResponseCodec.java:40)
	at org.openqa.selenium.remote.http.AbstractHttpResponseCodec.decode(AbstractHttpResponseCodec.java:82)
	at org.openqa.selenium.remote.http.AbstractHttpResponseCodec.decode(AbstractHttpResponseCodec.java:45)
	at org.openqa.selenium.remote.HttpCommandExecutor.execute(HttpCommandExecutor.java:164)
	at org.openqa.selenium.remote.service.DriverCommandExecutor.execute(DriverCommandExecutor.java:83)
	at org.openqa.selenium.remote.RemoteWebDriver.execute(RemoteWebDriver.java:586)
	at org.openqa.selenium.remote.RemoteWebDriver.findElement(RemoteWebDriver.java:356)
	at org.openqa.selenium.remote.RemoteWebDriver.findElementById(RemoteWebDriver.java:402)
	at org.openqa.selenium.By$ById.findElement(By.java:218)
	at org.openqa.selenium.remote.RemoteWebDriver.findElement(RemoteWebDriver.java:348)
	at walmart.TestSetB.TC_504_Credit_Cards(TestSetB.java:136)
... Removed 29 stack frames]]>
    </failure>
  </testcase> <!-- TC_504_Credit_Cards -->
  <testcase name="TC_506_StoreFinder_FireFoxBrowser" time="33.437" classname="walmart.TestSetB">
    <failure type="org.openqa.selenium.NoSuchElementException" message="Unable to locate element: #header\-GlobalEyebrowNav\-button\-5
For documentation on this error, please visit: http://seleniumhq.org/exceptions/no_such_element.html
Build info: version: &amp;apos;3.6.0&amp;apos;, revision: &amp;apos;6fbf3ec767&amp;apos;, time: &amp;apos;2017-09-27T16:15:40.131Z&amp;apos;
System info: host: &amp;apos;DESKTOP-75OLIUH&amp;apos;, ip: &amp;apos;192.168.1.107&amp;apos;, os.name: &amp;apos;Windows 10&amp;apos;, os.arch: &amp;apos;amd64&amp;apos;, os.version: &amp;apos;10.0&amp;apos;, java.version: &amp;apos;1.8.0_144&amp;apos;
Driver info: org.openqa.selenium.firefox.FirefoxDriver
Capabilities [{moz:profile=C:\Users\imran\AppData\Local\Temp\rust_mozprofile.Dit0iSQBH7oA, rotatable=false, timeouts={implicit=0, pageLoad=300000, script=30000}, pageLoadStrategy=normal, moz:headless=false, platform=XP, moz:accessibilityChecks=false, moz:useNonSpecCompliantPointerOrigin=false, acceptInsecureCerts=true, browserVersion=60.0.2, platformVersion=10.0, moz:processID=1724, browserName=firefox, javascriptEnabled=true, platformName=XP, moz:webdriverClick=true}]
Session ID: bb587915-e5c5-4711-8495-ffd6dea4eeee
*** Element info: {Using=id, value=header-GlobalEyebrowNav-button-5}">
      <![CDATA[org.openqa.selenium.NoSuchElementException: Unable to locate element: #header\-GlobalEyebrowNav\-button\-5
For documentation on this error, please visit: http://seleniumhq.org/exceptions/no_such_element.html
Build info: version: '3.6.0', revision: '6fbf3ec767', time: '2017-09-27T16:15:40.131Z'
System info: host: 'DESKTOP-75OLIUH', ip: '192.168.1.107', os.name: 'Windows 10', os.arch: 'amd64', os.version: '10.0', java.version: '1.8.0_144'
Driver info: org.openqa.selenium.firefox.FirefoxDriver
Capabilities [{moz:profile=C:\Users\imran\AppData\Local\Temp\rust_mozprofile.Dit0iSQBH7oA, rotatable=false, timeouts={implicit=0, pageLoad=300000, script=30000}, pageLoadStrategy=normal, moz:headless=false, platform=XP, moz:accessibilityChecks=false, moz:useNonSpecCompliantPointerOrigin=false, acceptInsecureCerts=true, browserVersion=60.0.2, platformVersion=10.0, moz:processID=1724, browserName=firefox, javascriptEnabled=true, platformName=XP, moz:webdriverClick=true}]
Session ID: bb587915-e5c5-4711-8495-ffd6dea4eeee
*** Element info: {Using=id, value=header-GlobalEyebrowNav-button-5}
	at org.openqa.selenium.remote.http.W3CHttpResponseCodec.createException(W3CHttpResponseCodec.java:185)
	at org.openqa.selenium.remote.http.W3CHttpResponseCodec.decode(W3CHttpResponseCodec.java:120)
	at org.openqa.selenium.remote.http.W3CHttpResponseCodec.decode(W3CHttpResponseCodec.java:49)
	at org.openqa.selenium.remote.HttpCommandExecutor.execute(HttpCommandExecutor.java:164)
	at org.openqa.selenium.remote.service.DriverCommandExecutor.execute(DriverCommandExecutor.java:83)
	at org.openqa.selenium.remote.RemoteWebDriver.execute(RemoteWebDriver.java:586)
	at org.openqa.selenium.remote.RemoteWebDriver.findElement(RemoteWebDriver.java:356)
	at org.openqa.selenium.remote.RemoteWebDriver.findElementById(RemoteWebDriver.java:402)
	at org.openqa.selenium.By$ById.findElement(By.java:218)
	at org.openqa.selenium.remote.RemoteWebDriver.findElement(RemoteWebDriver.java:348)
	at walmart.TestSetB.StoreFinder(TestSetB.java:225)
	at walmart.TestSetB.TC_506_StoreFinder_FireFoxBrowser(TestSetB.java:255)
... Removed 29 stack frames]]>
    </failure>
  </testcase> <!-- TC_506_StoreFinder_FireFoxBrowser -->
  <testcase name="TC_506_StoreFinder_GoogleChromeBrowser" time="25.566" classname="walmart.TestSetB">
    <failure type="org.openqa.selenium.NoSuchElementException" message="no such element: Unable to locate element: {&amp;quot;method&amp;quot;:&amp;quot;id&amp;quot;,&amp;quot;selector&amp;quot;:&amp;quot;header-GlobalEyebrowNav-button-5&amp;quot;}
  (Session info: chrome=67.0.3396.87)
  (Driver info: chromedriver=2.36.540470 (e522d04694c7ebea4ba8821272dbef4f9b818c91),platform=Windows NT 10.0.17134 x86_64) (WARNING: The server did not provide any stacktrace information)
Command duration or timeout: 0 milliseconds
For documentation on this error, please visit: http://seleniumhq.org/exceptions/no_such_element.html
Build info: version: &amp;apos;3.6.0&amp;apos;, revision: &amp;apos;6fbf3ec767&amp;apos;, time: &amp;apos;2017-09-27T16:15:40.131Z&amp;apos;
System info: host: &amp;apos;DESKTOP-75OLIUH&amp;apos;, ip: &amp;apos;192.168.1.107&amp;apos;, os.name: &amp;apos;Windows 10&amp;apos;, os.arch: &amp;apos;amd64&amp;apos;, os.version: &amp;apos;10.0&amp;apos;, java.version: &amp;apos;1.8.0_144&amp;apos;
Driver info: org.openqa.selenium.chrome.ChromeDriver
Capabilities [{mobileEmulationEnabled=false, hasTouchScreen=false, platform=XP, acceptSslCerts=false, acceptInsecureCerts=false, webStorageEnabled=true, browserName=chrome, takesScreenshot=true, javascriptEnabled=true, platformName=XP, setWindowRect=true, unexpectedAlertBehaviour=, applicationCacheEnabled=false, rotatable=false, networkConnectionEnabled=false, chrome={chromedriverVersion=2.36.540470 (e522d04694c7ebea4ba8821272dbef4f9b818c91), userDataDir=C:\Users\imran\AppData\Local\Temp\scoped_dir12428_18231}, takesHeapSnapshot=true, pageLoadStrategy=normal, unhandledPromptBehavior=, databaseEnabled=false, handlesAlerts=true, version=67.0.3396.87, browserConnectionEnabled=false, nativeEvents=true, locationContextEnabled=true, cssSelectorsEnabled=true}]
Session ID: 4b8765d4cebe58bf53cc32a7a9905249
*** Element info: {Using=id, value=header-GlobalEyebrowNav-button-5}">
      <![CDATA[org.openqa.selenium.NoSuchElementException: no such element: Unable to locate element: {"method":"id","selector":"header-GlobalEyebrowNav-button-5"}
  (Session info: chrome=67.0.3396.87)
  (Driver info: chromedriver=2.36.540470 (e522d04694c7ebea4ba8821272dbef4f9b818c91),platform=Windows NT 10.0.17134 x86_64) (WARNING: The server did not provide any stacktrace information)
Command duration or timeout: 0 milliseconds
For documentation on this error, please visit: http://seleniumhq.org/exceptions/no_such_element.html
Build info: version: '3.6.0', revision: '6fbf3ec767', time: '2017-09-27T16:15:40.131Z'
System info: host: 'DESKTOP-75OLIUH', ip: '192.168.1.107', os.name: 'Windows 10', os.arch: 'amd64', os.version: '10.0', java.version: '1.8.0_144'
Driver info: org.openqa.selenium.chrome.ChromeDriver
Capabilities [{mobileEmulationEnabled=false, hasTouchScreen=false, platform=XP, acceptSslCerts=false, acceptInsecureCerts=false, webStorageEnabled=true, browserName=chrome, takesScreenshot=true, javascriptEnabled=true, platformName=XP, setWindowRect=true, unexpectedAlertBehaviour=, applicationCacheEnabled=false, rotatable=false, networkConnectionEnabled=false, chrome={chromedriverVersion=2.36.540470 (e522d04694c7ebea4ba8821272dbef4f9b818c91), userDataDir=C:\Users\imran\AppData\Local\Temp\scoped_dir12428_18231}, takesHeapSnapshot=true, pageLoadStrategy=normal, unhandledPromptBehavior=, databaseEnabled=false, handlesAlerts=true, version=67.0.3396.87, browserConnectionEnabled=false, nativeEvents=true, locationContextEnabled=true, cssSelectorsEnabled=true}]
Session ID: 4b8765d4cebe58bf53cc32a7a9905249
*** Element info: {Using=id, value=header-GlobalEyebrowNav-button-5}
	at org.openqa.selenium.remote.ErrorHandler.createThrowable(ErrorHandler.java:214)
	at org.openqa.selenium.remote.ErrorHandler.throwIfResponseFailed(ErrorHandler.java:166)
	at org.openqa.selenium.remote.http.JsonHttpResponseCodec.reconstructValue(JsonHttpResponseCodec.java:40)
	at org.openqa.selenium.remote.http.AbstractHttpResponseCodec.decode(AbstractHttpResponseCodec.java:82)
	at org.openqa.selenium.remote.http.AbstractHttpResponseCodec.decode(AbstractHttpResponseCodec.java:45)
	at org.openqa.selenium.remote.HttpCommandExecutor.execute(HttpCommandExecutor.java:164)
	at org.openqa.selenium.remote.service.DriverCommandExecutor.execute(DriverCommandExecutor.java:83)
	at org.openqa.selenium.remote.RemoteWebDriver.execute(RemoteWebDriver.java:586)
	at org.openqa.selenium.remote.RemoteWebDriver.findElement(RemoteWebDriver.java:356)
	at org.openqa.selenium.remote.RemoteWebDriver.findElementById(RemoteWebDriver.java:402)
	at org.openqa.selenium.By$ById.findElement(By.java:218)
	at org.openqa.selenium.remote.RemoteWebDriver.findElement(RemoteWebDriver.java:348)
	at walmart.TestSetB.StoreFinder(TestSetB.java:225)
	at walmart.TestSetB.TC_506_StoreFinder_GoogleChromeBrowser(TestSetB.java:247)
... Removed 29 stack frames]]>
    </failure>
  </testcase> <!-- TC_506_StoreFinder_GoogleChromeBrowser -->
  <testcase name="TC_506_StoreFinder_InternetExplorerBrowser" time="1.241" classname="walmart.TestSetB">
    <failure type="org.openqa.selenium.WebDriverException" message="Failed to navigate to http://www.walmart.com. This usually means that a call to the COM method IWebBrowser2::Navigate2() failed.
Build info: version: &amp;apos;3.6.0&amp;apos;, revision: &amp;apos;6fbf3ec767&amp;apos;, time: &amp;apos;2017-09-27T16:15:40.131Z&amp;apos;
System info: host: &amp;apos;DESKTOP-75OLIUH&amp;apos;, ip: &amp;apos;192.168.1.107&amp;apos;, os.name: &amp;apos;Windows 10&amp;apos;, os.arch: &amp;apos;amd64&amp;apos;, os.version: &amp;apos;10.0&amp;apos;, java.version: &amp;apos;1.8.0_144&amp;apos;
Driver info: org.openqa.selenium.ie.InternetExplorerDriver
Capabilities [{acceptInsecureCerts=false, browserVersion=11, se:ieOptions={nativeEvents=true, browserAttachTimeout=0, ie.ensureCleanSession=false, elementScrollBehavior=0, enablePersistentHover=true, ie.browserCommandLineSwitches=, ie.forceCreateProcessApi=false, requireWindowFocus=false, initialBrowserUrl=http://localhost:26436/, ignoreZoomSetting=false, ie.fileUploadDialogTimeout=3000, ignoreProtectedModeSettings=false}, browserName=internet explorer, pageLoadStrategy=normal, javascriptEnabled=true, platformName=WINDOWS, setWindowRect=true, platform=WINDOWS}]
Session ID: 6816f95d-3f84-4f7d-87cf-41952b2af8c2">
      <![CDATA[org.openqa.selenium.WebDriverException: Failed to navigate to http://www.walmart.com. This usually means that a call to the COM method IWebBrowser2::Navigate2() failed.
Build info: version: '3.6.0', revision: '6fbf3ec767', time: '2017-09-27T16:15:40.131Z'
System info: host: 'DESKTOP-75OLIUH', ip: '192.168.1.107', os.name: 'Windows 10', os.arch: 'amd64', os.version: '10.0', java.version: '1.8.0_144'
Driver info: org.openqa.selenium.ie.InternetExplorerDriver
Capabilities [{acceptInsecureCerts=false, browserVersion=11, se:ieOptions={nativeEvents=true, browserAttachTimeout=0, ie.ensureCleanSession=false, elementScrollBehavior=0, enablePersistentHover=true, ie.browserCommandLineSwitches=, ie.forceCreateProcessApi=false, requireWindowFocus=false, initialBrowserUrl=http://localhost:26436/, ignoreZoomSetting=false, ie.fileUploadDialogTimeout=3000, ignoreProtectedModeSettings=false}, browserName=internet explorer, pageLoadStrategy=normal, javascriptEnabled=true, platformName=WINDOWS, setWindowRect=true, platform=WINDOWS}]
Session ID: 6816f95d-3f84-4f7d-87cf-41952b2af8c2
	at org.openqa.selenium.remote.http.W3CHttpResponseCodec.createException(W3CHttpResponseCodec.java:185)
	at org.openqa.selenium.remote.http.W3CHttpResponseCodec.decode(W3CHttpResponseCodec.java:120)
	at org.openqa.selenium.remote.http.W3CHttpResponseCodec.decode(W3CHttpResponseCodec.java:49)
	at org.openqa.selenium.remote.HttpCommandExecutor.execute(HttpCommandExecutor.java:164)
	at org.openqa.selenium.remote.service.DriverCommandExecutor.execute(DriverCommandExecutor.java:83)
	at org.openqa.selenium.remote.RemoteWebDriver.execute(RemoteWebDriver.java:586)
	at org.openqa.selenium.remote.RemoteWebDriver.get(RemoteWebDriver.java:310)
	at afterLoginIn.CommonAPI.getDriver(CommonAPI.java:136)
	at walmart.TestSetB.StoreFinder(TestSetB.java:222)
	at walmart.TestSetB.TC_506_StoreFinder_InternetExplorerBrowser(TestSetB.java:271)
... Removed 29 stack frames]]>
    </failure>
  </testcase> <!-- TC_506_StoreFinder_InternetExplorerBrowser -->
  <testcase name="TC_506_StoreFinder_MicrosoftEdgeBrowser" time="1.638" classname="walmart.TestSetB">
    <failure type="org.openqa.selenium.WebDriverException" message="java.net.SocketException: Connection reset
Build info: version: &amp;apos;3.6.0&amp;apos;, revision: &amp;apos;6fbf3ec767&amp;apos;, time: &amp;apos;2017-09-27T16:15:40.131Z&amp;apos;
System info: host: &amp;apos;DESKTOP-75OLIUH&amp;apos;, ip: &amp;apos;192.168.1.107&amp;apos;, os.name: &amp;apos;Windows 10&amp;apos;, os.arch: &amp;apos;amd64&amp;apos;, os.version: &amp;apos;10.0&amp;apos;, java.version: &amp;apos;1.8.0_144&amp;apos;
Driver info: driver.version: EdgeDriver">
      <![CDATA[org.openqa.selenium.WebDriverException: java.net.SocketException: Connection reset
Build info: version: '3.6.0', revision: '6fbf3ec767', time: '2017-09-27T16:15:40.131Z'
System info: host: 'DESKTOP-75OLIUH', ip: '192.168.1.107', os.name: 'Windows 10', os.arch: 'amd64', os.version: '10.0', java.version: '1.8.0_144'
Driver info: driver.version: EdgeDriver
	at org.openqa.selenium.remote.service.DriverCommandExecutor.execute(DriverCommandExecutor.java:92)
	at org.openqa.selenium.remote.RemoteWebDriver.execute(RemoteWebDriver.java:586)
	at org.openqa.selenium.remote.RemoteWebDriver.startSession(RemoteWebDriver.java:217)
	at org.openqa.selenium.remote.RemoteWebDriver.<init>(RemoteWebDriver.java:140)
	at org.openqa.selenium.edge.EdgeDriver.<init>(EdgeDriver.java:150)
	at org.openqa.selenium.edge.EdgeDriver.<init>(EdgeDriver.java:139)
	at org.openqa.selenium.edge.EdgeDriver.<init>(EdgeDriver.java:96)
	at afterLoginIn.CommonAPI.getDriver(CommonAPI.java:128)
	at walmart.TestSetB.StoreFinder(TestSetB.java:222)
	at walmart.TestSetB.TC_506_StoreFinder_MicrosoftEdgeBrowser(TestSetB.java:263)
Caused by: java.net.SocketException: Connection reset
	at java.net.SocketInputStream.read(Unknown Source)
	at java.net.SocketInputStream.read(Unknown Source)
	at org.apache.http.impl.io.SessionInputBufferImpl.streamRead(SessionInputBufferImpl.java:137)
	at org.apache.http.impl.io.SessionInputBufferImpl.fillBuffer(SessionInputBufferImpl.java:153)
	at org.apache.http.impl.io.SessionInputBufferImpl.readLine(SessionInputBufferImpl.java:282)
	at org.apache.http.impl.conn.DefaultHttpResponseParser.parseHead(DefaultHttpResponseParser.java:138)
	at org.apache.http.impl.conn.DefaultHttpResponseParser.parseHead(DefaultHttpResponseParser.java:56)
	at org.apache.http.impl.io.AbstractMessageParser.parse(AbstractMessageParser.java:259)
	at org.apache.http.impl.DefaultBHttpClientConnection.receiveResponseHeader(DefaultBHttpClientConnection.java:163)
	at org.apache.http.impl.conn.CPoolProxy.receiveResponseHeader(CPoolProxy.java:165)
	at org.apache.http.protocol.HttpRequestExecutor.doReceiveResponse(HttpRequestExecutor.java:273)
	at org.apache.http.protocol.HttpRequestExecutor.execute(HttpRequestExecutor.java:125)
	at org.apache.http.impl.execchain.MainClientExec.execute(MainClientExec.java:272)
	at org.apache.http.impl.execchain.ProtocolExec.execute(ProtocolExec.java:185)
	at org.apache.http.impl.execchain.RetryExec.execute(RetryExec.java:89)
	at org.apache.http.impl.execchain.RedirectExec.execute(RedirectExec.java:111)
	at org.apache.http.impl.client.InternalHttpClient.doExecute(InternalHttpClient.java:185)
	at org.apache.http.impl.client.CloseableHttpClient.execute(CloseableHttpClient.java:72)
	at org.apache.http.impl.client.CloseableHttpClient.execute(CloseableHttpClient.java:56)
	at org.openqa.selenium.remote.internal.ApacheHttpClient.fallBackExecute(ApacheHttpClient.java:138)
	at org.openqa.selenium.remote.internal.ApacheHttpClient.execute(ApacheHttpClient.java:86)
	at org.openqa.selenium.remote.ProtocolHandshake.createSession(ProtocolHandshake.java:337)
	at org.openqa.selenium.remote.ProtocolHandshake.createSession(ProtocolHandshake.java:136)
	at org.openqa.selenium.remote.HttpCommandExecutor.execute(HttpCommandExecutor.java:142)
	at org.openqa.selenium.remote.service.DriverCommandExecutor.execute(DriverCommandExecutor.java:83)
	... 34 more
... Removed 25 stack frames]]>
    </failure>
  </testcase> <!-- TC_506_StoreFinder_MicrosoftEdgeBrowser -->
  <testcase name="TC_510_WeeklyAdd_GoogleChrome" time="58.442" classname="walmart.TestSetB"/>
  <testcase name="TC_511_WeeklyAdd_Firefox" time="65.26" classname="walmart.TestSetB"/>
  <testcase name="TC_512_WeeklyAdd_MicorsoftEdge" time="1.521" classname="walmart.TestSetB">
    <failure type="org.openqa.selenium.WebDriverException" message="java.net.SocketException: Connection reset
Build info: version: &amp;apos;3.6.0&amp;apos;, revision: &amp;apos;6fbf3ec767&amp;apos;, time: &amp;apos;2017-09-27T16:15:40.131Z&amp;apos;
System info: host: &amp;apos;DESKTOP-75OLIUH&amp;apos;, ip: &amp;apos;192.168.1.107&amp;apos;, os.name: &amp;apos;Windows 10&amp;apos;, os.arch: &amp;apos;amd64&amp;apos;, os.version: &amp;apos;10.0&amp;apos;, java.version: &amp;apos;1.8.0_144&amp;apos;
Driver info: driver.version: EdgeDriver">
      <![CDATA[org.openqa.selenium.WebDriverException: java.net.SocketException: Connection reset
Build info: version: '3.6.0', revision: '6fbf3ec767', time: '2017-09-27T16:15:40.131Z'
System info: host: 'DESKTOP-75OLIUH', ip: '192.168.1.107', os.name: 'Windows 10', os.arch: 'amd64', os.version: '10.0', java.version: '1.8.0_144'
Driver info: driver.version: EdgeDriver
	at org.openqa.selenium.remote.service.DriverCommandExecutor.execute(DriverCommandExecutor.java:92)
	at org.openqa.selenium.remote.RemoteWebDriver.execute(RemoteWebDriver.java:586)
	at org.openqa.selenium.remote.RemoteWebDriver.startSession(RemoteWebDriver.java:217)
	at org.openqa.selenium.remote.RemoteWebDriver.<init>(RemoteWebDriver.java:140)
	at org.openqa.selenium.edge.EdgeDriver.<init>(EdgeDriver.java:150)
	at org.openqa.selenium.edge.EdgeDriver.<init>(EdgeDriver.java:139)
	at org.openqa.selenium.edge.EdgeDriver.<init>(EdgeDriver.java:96)
	at afterLoginIn.CommonAPI.getDriver(CommonAPI.java:128)
	at walmart.TestSetB.WeeklyAdd(TestSetB.java:278)
	at walmart.TestSetB.TC_512_WeeklyAdd_MicorsoftEdge(TestSetB.java:308)
Caused by: java.net.SocketException: Connection reset
	at java.net.SocketInputStream.read(Unknown Source)
	at java.net.SocketInputStream.read(Unknown Source)
	at org.apache.http.impl.io.SessionInputBufferImpl.streamRead(SessionInputBufferImpl.java:137)
	at org.apache.http.impl.io.SessionInputBufferImpl.fillBuffer(SessionInputBufferImpl.java:153)
	at org.apache.http.impl.io.SessionInputBufferImpl.readLine(SessionInputBufferImpl.java:282)
	at org.apache.http.impl.conn.DefaultHttpResponseParser.parseHead(DefaultHttpResponseParser.java:138)
	at org.apache.http.impl.conn.DefaultHttpResponseParser.parseHead(DefaultHttpResponseParser.java:56)
	at org.apache.http.impl.io.AbstractMessageParser.parse(AbstractMessageParser.java:259)
	at org.apache.http.impl.DefaultBHttpClientConnection.receiveResponseHeader(DefaultBHttpClientConnection.java:163)
	at org.apache.http.impl.conn.CPoolProxy.receiveResponseHeader(CPoolProxy.java:165)
	at org.apache.http.protocol.HttpRequestExecutor.doReceiveResponse(HttpRequestExecutor.java:273)
	at org.apache.http.protocol.HttpRequestExecutor.execute(HttpRequestExecutor.java:125)
	at org.apache.http.impl.execchain.MainClientExec.execute(MainClientExec.java:272)
	at org.apache.http.impl.execchain.ProtocolExec.execute(ProtocolExec.java:185)
	at org.apache.http.impl.execchain.RetryExec.execute(RetryExec.java:89)
	at org.apache.http.impl.execchain.RedirectExec.execute(RedirectExec.java:111)
	at org.apache.http.impl.client.InternalHttpClient.doExecute(InternalHttpClient.java:185)
	at org.apache.http.impl.client.CloseableHttpClient.execute(CloseableHttpClient.java:72)
	at org.apache.http.impl.client.CloseableHttpClient.execute(CloseableHttpClient.java:56)
	at org.openqa.selenium.remote.internal.ApacheHttpClient.fallBackExecute(ApacheHttpClient.java:138)
	at org.openqa.selenium.remote.internal.ApacheHttpClient.execute(ApacheHttpClient.java:86)
	at org.openqa.selenium.remote.ProtocolHandshake.createSession(ProtocolHandshake.java:337)
	at org.openqa.selenium.remote.ProtocolHandshake.createSession(ProtocolHandshake.java:136)
	at org.openqa.selenium.remote.HttpCommandExecutor.execute(HttpCommandExecutor.java:142)
	at org.openqa.selenium.remote.service.DriverCommandExecutor.execute(DriverCommandExecutor.java:83)
	... 34 more
... Removed 25 stack frames]]>
    </failure>
  </testcase> <!-- TC_512_WeeklyAdd_MicorsoftEdge -->
  <testcase name="TC_513_WeeklyAdd_InternetExplorer" time="1.236" classname="walmart.TestSetB">
    <failure type="org.openqa.selenium.WebDriverException" message="Failed to navigate to http://www.walmart.com. This usually means that a call to the COM method IWebBrowser2::Navigate2() failed.
Build info: version: &amp;apos;3.6.0&amp;apos;, revision: &amp;apos;6fbf3ec767&amp;apos;, time: &amp;apos;2017-09-27T16:15:40.131Z&amp;apos;
System info: host: &amp;apos;DESKTOP-75OLIUH&amp;apos;, ip: &amp;apos;192.168.1.107&amp;apos;, os.name: &amp;apos;Windows 10&amp;apos;, os.arch: &amp;apos;amd64&amp;apos;, os.version: &amp;apos;10.0&amp;apos;, java.version: &amp;apos;1.8.0_144&amp;apos;
Driver info: org.openqa.selenium.ie.InternetExplorerDriver
Capabilities [{acceptInsecureCerts=false, browserVersion=11, se:ieOptions={nativeEvents=true, browserAttachTimeout=0, ie.ensureCleanSession=false, elementScrollBehavior=0, enablePersistentHover=true, ie.browserCommandLineSwitches=, ie.forceCreateProcessApi=false, requireWindowFocus=false, initialBrowserUrl=http://localhost:19900/, ignoreZoomSetting=false, ie.fileUploadDialogTimeout=3000, ignoreProtectedModeSettings=false}, browserName=internet explorer, pageLoadStrategy=normal, javascriptEnabled=true, platformName=WINDOWS, setWindowRect=true, platform=WINDOWS}]
Session ID: 00a8f8fe-91b3-40f2-b472-b576811c399e">
      <![CDATA[org.openqa.selenium.WebDriverException: Failed to navigate to http://www.walmart.com. This usually means that a call to the COM method IWebBrowser2::Navigate2() failed.
Build info: version: '3.6.0', revision: '6fbf3ec767', time: '2017-09-27T16:15:40.131Z'
System info: host: 'DESKTOP-75OLIUH', ip: '192.168.1.107', os.name: 'Windows 10', os.arch: 'amd64', os.version: '10.0', java.version: '1.8.0_144'
Driver info: org.openqa.selenium.ie.InternetExplorerDriver
Capabilities [{acceptInsecureCerts=false, browserVersion=11, se:ieOptions={nativeEvents=true, browserAttachTimeout=0, ie.ensureCleanSession=false, elementScrollBehavior=0, enablePersistentHover=true, ie.browserCommandLineSwitches=, ie.forceCreateProcessApi=false, requireWindowFocus=false, initialBrowserUrl=http://localhost:19900/, ignoreZoomSetting=false, ie.fileUploadDialogTimeout=3000, ignoreProtectedModeSettings=false}, browserName=internet explorer, pageLoadStrategy=normal, javascriptEnabled=true, platformName=WINDOWS, setWindowRect=true, platform=WINDOWS}]
Session ID: 00a8f8fe-91b3-40f2-b472-b576811c399e
	at org.openqa.selenium.remote.http.W3CHttpResponseCodec.createException(W3CHttpResponseCodec.java:185)
	at org.openqa.selenium.remote.http.W3CHttpResponseCodec.decode(W3CHttpResponseCodec.java:120)
	at org.openqa.selenium.remote.http.W3CHttpResponseCodec.decode(W3CHttpResponseCodec.java:49)
	at org.openqa.selenium.remote.HttpCommandExecutor.execute(HttpCommandExecutor.java:164)
	at org.openqa.selenium.remote.service.DriverCommandExecutor.execute(DriverCommandExecutor.java:83)
	at org.openqa.selenium.remote.RemoteWebDriver.execute(RemoteWebDriver.java:586)
	at org.openqa.selenium.remote.RemoteWebDriver.get(RemoteWebDriver.java:310)
	at afterLoginIn.CommonAPI.getDriver(CommonAPI.java:136)
	at walmart.TestSetB.WeeklyAdd(TestSetB.java:278)
	at walmart.TestSetB.TC_513_WeeklyAdd_InternetExplorer(TestSetB.java:316)
... Removed 29 stack frames]]>
    </failure>
  </testcase> <!-- TC_513_WeeklyAdd_InternetExplorer -->
  <testcase name="ValidLogin" time="27.524" classname="walmart.TestSetB">
    <failure type="org.openqa.selenium.NoSuchElementException" message="no such element: Unable to locate element: {&amp;quot;method&amp;quot;:&amp;quot;xpath&amp;quot;,&amp;quot;selector&amp;quot;:&amp;quot;/html/body/div/div/div/div/header/div/div[2]/div/div/div/div/div/div[6]/div/div/div/div[1]/a&amp;quot;}
  (Session info: chrome=67.0.3396.87)
  (Driver info: chromedriver=2.36.540470 (e522d04694c7ebea4ba8821272dbef4f9b818c91),platform=Windows NT 10.0.17134 x86_64) (WARNING: The server did not provide any stacktrace information)
Command duration or timeout: 0 milliseconds
For documentation on this error, please visit: http://seleniumhq.org/exceptions/no_such_element.html
Build info: version: &amp;apos;3.6.0&amp;apos;, revision: &amp;apos;6fbf3ec767&amp;apos;, time: &amp;apos;2017-09-27T16:15:40.131Z&amp;apos;
System info: host: &amp;apos;DESKTOP-75OLIUH&amp;apos;, ip: &amp;apos;192.168.1.107&amp;apos;, os.name: &amp;apos;Windows 10&amp;apos;, os.arch: &amp;apos;amd64&amp;apos;, os.version: &amp;apos;10.0&amp;apos;, java.version: &amp;apos;1.8.0_144&amp;apos;
Driver info: org.openqa.selenium.chrome.ChromeDriver
Capabilities [{mobileEmulationEnabled=false, hasTouchScreen=false, platform=XP, acceptSslCerts=false, acceptInsecureCerts=false, webStorageEnabled=true, browserName=chrome, takesScreenshot=true, javascriptEnabled=true, platformName=XP, setWindowRect=true, unexpectedAlertBehaviour=, applicationCacheEnabled=false, rotatable=false, networkConnectionEnabled=false, chrome={chromedriverVersion=2.36.540470 (e522d04694c7ebea4ba8821272dbef4f9b818c91), userDataDir=C:\Users\imran\AppData\Local\Temp\scoped_dir9680_27568}, takesHeapSnapshot=true, pageLoadStrategy=normal, unhandledPromptBehavior=, databaseEnabled=false, handlesAlerts=true, version=67.0.3396.87, browserConnectionEnabled=false, nativeEvents=true, locationContextEnabled=true, cssSelectorsEnabled=true}]
Session ID: 2721453982427b427e7e992e1046ba1c
*** Element info: {Using=xpath, value=/html/body/div/div/div/div/header/div/div[2]/div/div/div/div/div/div[6]/div/div/div/div[1]/a}">
      <![CDATA[org.openqa.selenium.NoSuchElementException: no such element: Unable to locate element: {"method":"xpath","selector":"/html/body/div/div/div/div/header/div/div[2]/div/div/div/div/div/div[6]/div/div/div/div[1]/a"}
  (Session info: chrome=67.0.3396.87)
  (Driver info: chromedriver=2.36.540470 (e522d04694c7ebea4ba8821272dbef4f9b818c91),platform=Windows NT 10.0.17134 x86_64) (WARNING: The server did not provide any stacktrace information)
Command duration or timeout: 0 milliseconds
For documentation on this error, please visit: http://seleniumhq.org/exceptions/no_such_element.html
Build info: version: '3.6.0', revision: '6fbf3ec767', time: '2017-09-27T16:15:40.131Z'
System info: host: 'DESKTOP-75OLIUH', ip: '192.168.1.107', os.name: 'Windows 10', os.arch: 'amd64', os.version: '10.0', java.version: '1.8.0_144'
Driver info: org.openqa.selenium.chrome.ChromeDriver
Capabilities [{mobileEmulationEnabled=false, hasTouchScreen=false, platform=XP, acceptSslCerts=false, acceptInsecureCerts=false, webStorageEnabled=true, browserName=chrome, takesScreenshot=true, javascriptEnabled=true, platformName=XP, setWindowRect=true, unexpectedAlertBehaviour=, applicationCacheEnabled=false, rotatable=false, networkConnectionEnabled=false, chrome={chromedriverVersion=2.36.540470 (e522d04694c7ebea4ba8821272dbef4f9b818c91), userDataDir=C:\Users\imran\AppData\Local\Temp\scoped_dir9680_27568}, takesHeapSnapshot=true, pageLoadStrategy=normal, unhandledPromptBehavior=, databaseEnabled=false, handlesAlerts=true, version=67.0.3396.87, browserConnectionEnabled=false, nativeEvents=true, locationContextEnabled=true, cssSelectorsEnabled=true}]
Session ID: 2721453982427b427e7e992e1046ba1c
*** Element info: {Using=xpath, value=/html/body/div/div/div/div/header/div/div[2]/div/div/div/div/div/div[6]/div/div/div/div[1]/a}
	at org.openqa.selenium.remote.ErrorHandler.createThrowable(ErrorHandler.java:214)
	at org.openqa.selenium.remote.ErrorHandler.throwIfResponseFailed(ErrorHandler.java:166)
	at org.openqa.selenium.remote.http.JsonHttpResponseCodec.reconstructValue(JsonHttpResponseCodec.java:40)
	at org.openqa.selenium.remote.http.AbstractHttpResponseCodec.decode(AbstractHttpResponseCodec.java:82)
	at org.openqa.selenium.remote.http.AbstractHttpResponseCodec.decode(AbstractHttpResponseCodec.java:45)
	at org.openqa.selenium.remote.HttpCommandExecutor.execute(HttpCommandExecutor.java:164)
	at org.openqa.selenium.remote.service.DriverCommandExecutor.execute(DriverCommandExecutor.java:83)
	at org.openqa.selenium.remote.RemoteWebDriver.execute(RemoteWebDriver.java:586)
	at org.openqa.selenium.remote.RemoteWebDriver.findElement(RemoteWebDriver.java:356)
	at org.openqa.selenium.remote.RemoteWebDriver.findElementByXPath(RemoteWebDriver.java:458)
	at org.openqa.selenium.By$ByXPath.findElement(By.java:361)
	at org.openqa.selenium.remote.RemoteWebDriver.findElement(RemoteWebDriver.java:348)
	at walmart.TestSetB.ValidLogin(TestSetB.java:204)
... Removed 29 stack frames]]>
    </failure>
  </testcase> <!-- ValidLogin -->
  <testcase name="CountryListOnOnlineBanking" time="19.605" classname="hsbc.TestSetC">
    <failure type="org.openqa.selenium.NoSuchElementException" message="no such element: Unable to locate element: {&amp;quot;method&amp;quot;:&amp;quot;xpath&amp;quot;,&amp;quot;selector&amp;quot;:&amp;quot;//*[@id=&amp;quot;Form1&amp;quot;]/div[3]/div[5]/div/div[2]/div/article[3]/section[1]/fieldset/div/div/div[1]/div[2]/span&amp;quot;}
  (Session info: chrome=67.0.3396.87)
  (Driver info: chromedriver=2.36.540470 (e522d04694c7ebea4ba8821272dbef4f9b818c91),platform=Windows NT 10.0.17134 x86_64) (WARNING: The server did not provide any stacktrace information)
Command duration or timeout: 0 milliseconds
For documentation on this error, please visit: http://seleniumhq.org/exceptions/no_such_element.html
Build info: version: &amp;apos;3.6.0&amp;apos;, revision: &amp;apos;6fbf3ec767&amp;apos;, time: &amp;apos;2017-09-27T16:15:40.131Z&amp;apos;
System info: host: &amp;apos;DESKTOP-75OLIUH&amp;apos;, ip: &amp;apos;192.168.1.107&amp;apos;, os.name: &amp;apos;Windows 10&amp;apos;, os.arch: &amp;apos;amd64&amp;apos;, os.version: &amp;apos;10.0&amp;apos;, java.version: &amp;apos;1.8.0_144&amp;apos;
Driver info: org.openqa.selenium.chrome.ChromeDriver
Capabilities [{mobileEmulationEnabled=false, hasTouchScreen=false, platform=XP, acceptSslCerts=false, acceptInsecureCerts=false, webStorageEnabled=true, browserName=chrome, takesScreenshot=true, javascriptEnabled=true, platformName=XP, setWindowRect=true, unexpectedAlertBehaviour=, applicationCacheEnabled=false, rotatable=false, networkConnectionEnabled=false, chrome={chromedriverVersion=2.36.540470 (e522d04694c7ebea4ba8821272dbef4f9b818c91), userDataDir=C:\Users\imran\AppData\Local\Temp\scoped_dir14296_9726}, takesHeapSnapshot=true, pageLoadStrategy=normal, unhandledPromptBehavior=, databaseEnabled=false, handlesAlerts=true, version=67.0.3396.87, browserConnectionEnabled=false, nativeEvents=true, locationContextEnabled=true, cssSelectorsEnabled=true}]
Session ID: b98bbf7b51e05fc845eb50ce354232fa
*** Element info: {Using=xpath, value=//*[@id=&amp;quot;Form1&amp;quot;]/div[3]/div[5]/div/div[2]/div/article[3]/section[1]/fieldset/div/div/div[1]/div[2]/span}">
      <![CDATA[org.openqa.selenium.NoSuchElementException: no such element: Unable to locate element: {"method":"xpath","selector":"//*[@id="Form1"]/div[3]/div[5]/div/div[2]/div/article[3]/section[1]/fieldset/div/div/div[1]/div[2]/span"}
  (Session info: chrome=67.0.3396.87)
  (Driver info: chromedriver=2.36.540470 (e522d04694c7ebea4ba8821272dbef4f9b818c91),platform=Windows NT 10.0.17134 x86_64) (WARNING: The server did not provide any stacktrace information)
Command duration or timeout: 0 milliseconds
For documentation on this error, please visit: http://seleniumhq.org/exceptions/no_such_element.html
Build info: version: '3.6.0', revision: '6fbf3ec767', time: '2017-09-27T16:15:40.131Z'
System info: host: 'DESKTOP-75OLIUH', ip: '192.168.1.107', os.name: 'Windows 10', os.arch: 'amd64', os.version: '10.0', java.version: '1.8.0_144'
Driver info: org.openqa.selenium.chrome.ChromeDriver
Capabilities [{mobileEmulationEnabled=false, hasTouchScreen=false, platform=XP, acceptSslCerts=false, acceptInsecureCerts=false, webStorageEnabled=true, browserName=chrome, takesScreenshot=true, javascriptEnabled=true, platformName=XP, setWindowRect=true, unexpectedAlertBehaviour=, applicationCacheEnabled=false, rotatable=false, networkConnectionEnabled=false, chrome={chromedriverVersion=2.36.540470 (e522d04694c7ebea4ba8821272dbef4f9b818c91), userDataDir=C:\Users\imran\AppData\Local\Temp\scoped_dir14296_9726}, takesHeapSnapshot=true, pageLoadStrategy=normal, unhandledPromptBehavior=, databaseEnabled=false, handlesAlerts=true, version=67.0.3396.87, browserConnectionEnabled=false, nativeEvents=true, locationContextEnabled=true, cssSelectorsEnabled=true}]
Session ID: b98bbf7b51e05fc845eb50ce354232fa
*** Element info: {Using=xpath, value=//*[@id="Form1"]/div[3]/div[5]/div/div[2]/div/article[3]/section[1]/fieldset/div/div/div[1]/div[2]/span}
	at org.openqa.selenium.remote.ErrorHandler.createThrowable(ErrorHandler.java:214)
	at org.openqa.selenium.remote.ErrorHandler.throwIfResponseFailed(ErrorHandler.java:166)
	at org.openqa.selenium.remote.http.JsonHttpResponseCodec.reconstructValue(JsonHttpResponseCodec.java:40)
	at org.openqa.selenium.remote.http.AbstractHttpResponseCodec.decode(AbstractHttpResponseCodec.java:82)
	at org.openqa.selenium.remote.http.AbstractHttpResponseCodec.decode(AbstractHttpResponseCodec.java:45)
	at org.openqa.selenium.remote.HttpCommandExecutor.execute(HttpCommandExecutor.java:164)
	at org.openqa.selenium.remote.service.DriverCommandExecutor.execute(DriverCommandExecutor.java:83)
	at org.openqa.selenium.remote.RemoteWebDriver.execute(RemoteWebDriver.java:586)
	at org.openqa.selenium.remote.RemoteWebDriver.findElement(RemoteWebDriver.java:356)
	at org.openqa.selenium.remote.RemoteWebDriver.findElementByXPath(RemoteWebDriver.java:458)
	at org.openqa.selenium.By$ByXPath.findElement(By.java:361)
	at org.openqa.selenium.remote.RemoteWebDriver.findElement(RemoteWebDriver.java:348)
	at hsbc.TestSetC.CountryListOnOnlineBanking(TestSetC.java:74)
... Removed 29 stack frames]]>
    </failure>
  </testcase> <!-- CountryListOnOnlineBanking -->
  <testcase name="displayMousOverDropdownList" time="23.633" classname="hsbc.TestSetC"/>
  <testcase name="scrollUpAndDown" time="23.849" classname="hsbc.TestSetC"/>
  <testcase name="LoginAndLogout_4Browses" time="24.461" classname="facebook.testSetD">
    <failure type="org.openqa.selenium.WebDriverException" message="unknown error: Element &amp;lt;a aria-haspopup=&amp;quot;true&amp;quot; aria-labelledby=&amp;quot;userNavigationLabel&amp;quot; class=&amp;quot;_5lxs _3qct _p&amp;quot; data-gt=&amp;quot;{&amp;amp;quot;ref&amp;amp;quot;:&amp;amp;quot;async_menu&amp;amp;quot;,&amp;amp;quot;logout_menu_click&amp;amp;quot;:&amp;amp;quot;async_menu&amp;amp;quot;}&amp;quot; href=&amp;quot;https://www.facebook.com/settings?ref=mb&amp;amp;amp;drop&amp;quot; id=&amp;quot;pageLoginAnchor&amp;quot; rel=&amp;quot;toggle&amp;quot; role=&amp;quot;button&amp;quot; aria-expanded=&amp;quot;false&amp;quot;&amp;gt;...&amp;lt;/a&amp;gt; is not clickable at point (1009, 21). Other element would receive the click: &amp;lt;div class=&amp;quot;_3ixn&amp;quot;&amp;gt;&amp;lt;/div&amp;gt;
  (Session info: chrome=67.0.3396.87)
  (Driver info: chromedriver=2.36.540470 (e522d04694c7ebea4ba8821272dbef4f9b818c91),platform=Windows NT 10.0.17134 x86_64) (WARNING: The server did not provide any stacktrace information)
Command duration or timeout: 0 milliseconds
Build info: version: &amp;apos;3.6.0&amp;apos;, revision: &amp;apos;6fbf3ec767&amp;apos;, time: &amp;apos;2017-09-27T16:15:40.131Z&amp;apos;
System info: host: &amp;apos;DESKTOP-75OLIUH&amp;apos;, ip: &amp;apos;192.168.1.107&amp;apos;, os.name: &amp;apos;Windows 10&amp;apos;, os.arch: &amp;apos;amd64&amp;apos;, os.version: &amp;apos;10.0&amp;apos;, java.version: &amp;apos;1.8.0_144&amp;apos;
Driver info: org.openqa.selenium.chrome.ChromeDriver
Capabilities [{mobileEmulationEnabled=false, hasTouchScreen=false, platform=XP, acceptSslCerts=false, acceptInsecureCerts=false, webStorageEnabled=true, browserName=chrome, takesScreenshot=true, javascriptEnabled=true, platformName=XP, setWindowRect=true, unexpectedAlertBehaviour=, applicationCacheEnabled=false, rotatable=false, networkConnectionEnabled=false, chrome={chromedriverVersion=2.36.540470 (e522d04694c7ebea4ba8821272dbef4f9b818c91), userDataDir=C:\Users\imran\AppData\Local\Temp\scoped_dir10948_7806}, takesHeapSnapshot=true, pageLoadStrategy=normal, unhandledPromptBehavior=, databaseEnabled=false, handlesAlerts=true, version=67.0.3396.87, browserConnectionEnabled=false, nativeEvents=true, locationContextEnabled=true, cssSelectorsEnabled=true}]
Session ID: 1369d4fbe20772d65f1a8f485117c649">
      <![CDATA[org.openqa.selenium.WebDriverException: unknown error: Element <a aria-haspopup="true" aria-labelledby="userNavigationLabel" class="_5lxs _3qct _p" data-gt="{&quot;ref&quot;:&quot;async_menu&quot;,&quot;logout_menu_click&quot;:&quot;async_menu&quot;}" href="https://www.facebook.com/settings?ref=mb&amp;drop" id="pageLoginAnchor" rel="toggle" role="button" aria-expanded="false">...</a> is not clickable at point (1009, 21). Other element would receive the click: <div class="_3ixn"></div>
  (Session info: chrome=67.0.3396.87)
  (Driver info: chromedriver=2.36.540470 (e522d04694c7ebea4ba8821272dbef4f9b818c91),platform=Windows NT 10.0.17134 x86_64) (WARNING: The server did not provide any stacktrace information)
Command duration or timeout: 0 milliseconds
Build info: version: '3.6.0', revision: '6fbf3ec767', time: '2017-09-27T16:15:40.131Z'
System info: host: 'DESKTOP-75OLIUH', ip: '192.168.1.107', os.name: 'Windows 10', os.arch: 'amd64', os.version: '10.0', java.version: '1.8.0_144'
Driver info: org.openqa.selenium.chrome.ChromeDriver
Capabilities [{mobileEmulationEnabled=false, hasTouchScreen=false, platform=XP, acceptSslCerts=false, acceptInsecureCerts=false, webStorageEnabled=true, browserName=chrome, takesScreenshot=true, javascriptEnabled=true, platformName=XP, setWindowRect=true, unexpectedAlertBehaviour=, applicationCacheEnabled=false, rotatable=false, networkConnectionEnabled=false, chrome={chromedriverVersion=2.36.540470 (e522d04694c7ebea4ba8821272dbef4f9b818c91), userDataDir=C:\Users\imran\AppData\Local\Temp\scoped_dir10948_7806}, takesHeapSnapshot=true, pageLoadStrategy=normal, unhandledPromptBehavior=, databaseEnabled=false, handlesAlerts=true, version=67.0.3396.87, browserConnectionEnabled=false, nativeEvents=true, locationContextEnabled=true, cssSelectorsEnabled=true}]
Session ID: 1369d4fbe20772d65f1a8f485117c649
	at org.openqa.selenium.remote.ErrorHandler.createThrowable(ErrorHandler.java:214)
	at org.openqa.selenium.remote.ErrorHandler.throwIfResponseFailed(ErrorHandler.java:166)
	at org.openqa.selenium.remote.http.JsonHttpResponseCodec.reconstructValue(JsonHttpResponseCodec.java:40)
	at org.openqa.selenium.remote.http.AbstractHttpResponseCodec.decode(AbstractHttpResponseCodec.java:82)
	at org.openqa.selenium.remote.http.AbstractHttpResponseCodec.decode(AbstractHttpResponseCodec.java:45)
[...]
Session ID: 48f2a3f2-73a2-4958-ad4e-d1f2693bf59f
*** Element info: {Using=class name, value=sb_count}
	at org.openqa.selenium.remote.http.W3CHttpResponseCodec.createException(W3CHttpResponseCodec.java:185)
	at org.openqa.selenium.remote.http.W3CHttpResponseCodec.decode(W3CHttpResponseCodec.java:120)
	at org.openqa.selenium.remote.http.W3CHttpResponseCodec.decode(W3CHttpResponseCodec.java:49)
	at org.openqa.selenium.remote.HttpCommandExecutor.execute(HttpCommandExecutor.java:164)
	at org.openqa.selenium.remote.service.DriverCommandExecutor.execute(DriverCommandExecutor.java:83)
	at org.openqa.selenium.remote.RemoteWebDriver.execute(RemoteWebDriver.java:586)
	at org.openqa.selenium.remote.RemoteWebDriver.findElement(RemoteWebDriver.java:356)
	at org.openqa.selenium.remote.RemoteWebDriver.findElementByClassName(RemoteWebDriver.java:442)
	at org.openqa.selenium.By$ByClassName.findElement(By.java:391)
	at org.openqa.selenium.remote.RemoteWebDriver.findElement(RemoteWebDriver.java:348)
	at bing.TestSetBing.TC_101_searchOnBingHomePage(TestSetBing.java:58)
... Removed 28 stack frames]]>
    </failure>
  </testcase> <!-- TC_101_searchOnBingHomePage -->
  <testcase name="TC_102_ViewImages" time="149.786" classname="bing.TestSetBing"/>
  <testcase name="TC_103_ExpectedMessageDisplay" time="30.164" classname="bing.TestSetBing"/>
  <testcase name="TC_104_MicrosoftAppsForWindows" time="150.397" classname="bing.TestSetBing"/>
  <testcase name="TC_105_MicrosoftAppsForIphone" time="59.115" classname="bing.TestSetBing"/>
  <testcase name="TC_106_MicrosoftAppsForAndroid" time="2.2" classname="bing.TestSetBing">
    <failure type="org.openqa.selenium.WebDriverException" message="java.net.SocketException: Connection reset
Build info: version: &amp;apos;3.6.0&amp;apos;, revision: &amp;apos;6fbf3ec767&amp;apos;, time: &amp;apos;2017-09-27T16:15:40.131Z&amp;apos;
System info: host: &amp;apos;DESKTOP-75OLIUH&amp;apos;, ip: &amp;apos;192.168.1.107&amp;apos;, os.name: &amp;apos;Windows 10&amp;apos;, os.arch: &amp;apos;amd64&amp;apos;, os.version: &amp;apos;10.0&amp;apos;, java.version: &amp;apos;1.8.0_144&amp;apos;
Driver info: driver.version: EdgeDriver">
      <![CDATA[org.openqa.selenium.WebDriverException: java.net.SocketException: Connection reset
Build info: version: '3.6.0', revision: '6fbf3ec767', time: '2017-09-27T16:15:40.131Z'
System info: host: 'DESKTOP-75OLIUH', ip: '192.168.1.107', os.name: 'Windows 10', os.arch: 'amd64', os.version: '10.0', java.version: '1.8.0_144'
Driver info: driver.version: EdgeDriver
	at org.openqa.selenium.remote.service.DriverCommandExecutor.execute(DriverCommandExecutor.java:92)
	at org.openqa.selenium.remote.RemoteWebDriver.execute(RemoteWebDriver.java:586)
	at org.openqa.selenium.remote.RemoteWebDriver.startSession(RemoteWebDriver.java:217)
	at org.openqa.selenium.remote.RemoteWebDriver.<init>(RemoteWebDriver.java:140)
	at org.openqa.selenium.edge.EdgeDriver.<init>(EdgeDriver.java:150)
	at org.openqa.selenium.edge.EdgeDriver.<init>(EdgeDriver.java:139)
	at org.openqa.selenium.edge.EdgeDriver.<init>(EdgeDriver.java:96)
	at afterLoginIn.CommonAPI.getDriver(CommonAPI.java:128)
	at bing.TestSetBing.TC_106_MicrosoftAppsForAndroid(TestSetBing.java:202)
Caused by: java.net.SocketException: Connection reset
	at java.net.SocketInputStream.read(Unknown Source)
	at java.net.SocketInputStream.read(Unknown Source)
	at org.apache.http.impl.io.SessionInputBufferImpl.streamRead(SessionInputBufferImpl.java:137)
	at org.apache.http.impl.io.SessionInputBufferImpl.fillBuffer(SessionInputBufferImpl.java:153)
	at org.apache.http.impl.io.SessionInputBufferImpl.readLine(SessionInputBufferImpl.java:282)
	at org.apache.http.impl.conn.DefaultHttpResponseParser.parseHead(DefaultHttpResponseParser.java:138)
	at org.apache.http.impl.conn.DefaultHttpResponseParser.parseHead(DefaultHttpResponseParser.java:56)
	at org.apache.http.impl.io.AbstractMessageParser.parse(AbstractMessageParser.java:259)
	at org.apache.http.impl.DefaultBHttpClientConnection.receiveResponseHeader(DefaultBHttpClientConnection.java:163)
	at org.apache.http.impl.conn.CPoolProxy.receiveResponseHeader(CPoolProxy.java:165)
	at org.apache.http.protocol.HttpRequestExecutor.doReceiveResponse(HttpRequestExecutor.java:273)
	at org.apache.http.protocol.HttpRequestExecutor.execute(HttpRequestExecutor.java:125)
	at org.apache.http.impl.execchain.MainClientExec.execute(MainClientExec.java:272)
	at org.apache.http.impl.execchain.ProtocolExec.execute(ProtocolExec.java:185)
	at org.apache.http.impl.execchain.RetryExec.execute(RetryExec.java:89)
	at org.apache.http.impl.execchain.RedirectExec.execute(RedirectExec.java:111)
	at org.apache.http.impl.client.InternalHttpClient.doExecute(InternalHttpClient.java:185)
	at org.apache.http.impl.client.CloseableHttpClient.execute(CloseableHttpClient.java:72)
	at org.apache.http.impl.client.CloseableHttpClient.execute(CloseableHttpClient.java:56)
	at org.openqa.selenium.remote.internal.ApacheHttpClient.fallBackExecute(ApacheHttpClient.java:138)
	at org.openqa.selenium.remote.internal.ApacheHttpClient.execute(ApacheHttpClient.java:86)
	at org.openqa.selenium.remote.ProtocolHandshake.createSession(ProtocolHandshake.java:337)
	at org.openqa.selenium.remote.ProtocolHandshake.createSession(ProtocolHandshake.java:136)
	at org.openqa.selenium.remote.HttpCommandExecutor.execute(HttpCommandExecutor.java:142)
	at org.openqa.selenium.remote.service.DriverCommandExecutor.execute(DriverCommandExecutor.java:83)
	... 33 more
... Removed 25 stack frames]]>
    </failure>
  </testcase> <!-- TC_106_MicrosoftAppsForAndroid -->
  <testcase name="TC_101_LoginCheck_AutomationObjectModel" time="57.775" classname="AOL_AutomationScripts.Automation_Test_SuiteOne">
    <failure type="org.openqa.selenium.NoSuchElementException" message="no such element: Unable to locate element: {&amp;quot;method&amp;quot;:&amp;quot;link text&amp;quot;,&amp;quot;selector&amp;quot;:&amp;quot;mdshahajadaimran&amp;quot;}
  (Session info: chrome=67.0.3396.87)
  (Driver info: chromedriver=2.36.540470 (e522d04694c7ebea4ba8821272dbef4f9b818c91),platform=Windows NT 10.0.17134 x86_64) (WARNING: The server did not provide any stacktrace information)
Command duration or timeout: 0 milliseconds
For documentation on this error, please visit: http://seleniumhq.org/exceptions/no_such_element.html
Build info: version: &amp;apos;3.6.0&amp;apos;, revision: &amp;apos;6fbf3ec767&amp;apos;, time: &amp;apos;2017-09-27T16:15:40.131Z&amp;apos;
System info: host: &amp;apos;DESKTOP-75OLIUH&amp;apos;, ip: &amp;apos;192.168.1.107&amp;apos;, os.name: &amp;apos;Windows 10&amp;apos;, os.arch: &amp;apos;amd64&amp;apos;, os.version: &amp;apos;10.0&amp;apos;, java.version: &amp;apos;1.8.0_144&amp;apos;
Driver info: org.openqa.selenium.chrome.ChromeDriver
Capabilities [{mobileEmulationEnabled=false, hasTouchScreen=false, platform=XP, acceptSslCerts=false, acceptInsecureCerts=false, webStorageEnabled=true, browserName=chrome, takesScreenshot=true, javascriptEnabled=true, platformName=XP, setWindowRect=true, unexpectedAlertBehaviour=, applicationCacheEnabled=false, rotatable=false, networkConnectionEnabled=false, chrome={chromedriverVersion=2.36.540470 (e522d04694c7ebea4ba8821272dbef4f9b818c91), userDataDir=C:\Users\imran\AppData\Local\Temp\scoped_dir3164_11972}, takesHeapSnapshot=true, pageLoadStrategy=normal, unhandledPromptBehavior=, databaseEnabled=false, handlesAlerts=true, version=67.0.3396.87, browserConnectionEnabled=false, nativeEvents=true, locationContextEnabled=true, cssSelectorsEnabled=true}]
Session ID: adf3ec32e67f22f0f7ce867afc09e1ed
*** Element info: {Using=link text, value=mdshahajadaimran}">
      <![CDATA[org.openqa.selenium.NoSuchElementException: no such element: Unable to locate element: {"method":"link text","selector":"mdshahajadaimran"}
  (Session info: chrome=67.0.3396.87)
  (Driver info: chromedriver=2.36.540470 (e522d04694c7ebea4ba8821272dbef4f9b818c91),platform=Windows NT 10.0.17134 x86_64) (WARNING: The server did not provide any stacktrace information)
Command duration or timeout: 0 milliseconds
For documentation on this error, please visit: http://seleniumhq.org/exceptions/no_such_element.html
Build info: version: '3.6.0', revision: '6fbf3ec767', time: '2017-09-27T16:15:40.131Z'
System info: host: 'DESKTOP-75OLIUH', ip: '192.168.1.107', os.name: 'Windows 10', os.arch: 'amd64', os.version: '10.0', java.version: '1.8.0_144'
Driver info: org.openqa.selenium.chrome.ChromeDriver
Capabilities [{mobileEmulationEnabled=false, hasTouchScreen=false, platform=XP, acceptSslCerts=false, acceptInsecureCerts=false, webStorageEnabled=true, browserName=chrome, takesScreenshot=true, javascriptEnabled=true, platformName=XP, setWindowRect=true, unexpectedAlertBehaviour=, applicationCacheEnabled=false, rotatable=false, networkConnectionEnabled=false, chrome={chromedriverVersion=2.36.540470 (e522d04694c7ebea4ba8821272dbef4f9b818c91), userDataDir=C:\Users\imran\AppData\Local\Temp\scoped_dir3164_11972}, takesHeapSnapshot=true, pageLoadStrategy=normal, unhandledPromptBehavior=, databaseEnabled=false, handlesAlerts=true, version=67.0.3396.87, browserConnectionEnabled=false, nativeEvents=true, locationContextEnabled=true, cssSelectorsEnabled=true}]
Session ID: adf3ec32e67f22f0f7ce867afc09e1ed
*** Element info: {Using=link text, value=mdshahajadaimran}
	at org.openqa.selenium.remote.ErrorHandler.createThrowable(ErrorHandler.java:214)
	at org.openqa.selenium.remote.ErrorHandler.throwIfResponseFailed(ErrorHandler.java:166)
	at org.openqa.selenium.remote.http.JsonHttpResponseCodec.reconstructValue(JsonHttpResponseCodec.java:40)
	at org.openqa.selenium.remote.http.AbstractHttpResponseCodec.decode(AbstractHttpResponseCodec.java:82)
	at org.openqa.selenium.remote.http.AbstractHttpResponseCodec.decode(AbstractHttpResponseCodec.java:45)
	at org.openqa.selenium.remote.HttpCommandExecutor.execute(HttpCommandExecutor.java:164)
	at org.openqa.selenium.remote.service.DriverCommandExecutor.execute(DriverCommandExecutor.java:83)
	at org.openqa.selenium.remote.RemoteWebDriver.execute(RemoteWebDriver.java:586)
	at org.openqa.selenium.remote.RemoteWebDriver.findElement(RemoteWebDriver.java:356)
	at org.openqa.selenium.remote.RemoteWebDriver.findElementByLinkText(RemoteWebDriver.java:410)
	at org.openqa.selenium.By$ByLinkText.findElement(By.java:246)
	at org.openqa.selenium.remote.RemoteWebDriver.findElement(RemoteWebDriver.java:348)
	at org.openqa.selenium.support.pagefactory.DefaultElementLocator.findElement(DefaultElementLocator.java:69)
	at org.openqa.selenium.support.pagefactory.internal.LocatingElementHandler.invoke(LocatingElementHandler.java:38)
	at com.sun.proxy.$Proxy12.getText(Unknown Source)
	at AOL_AutomationScripts.Automation_Test_SuiteOne.TC_101_LoginCheck_AutomationObjectModel(Automation_Test_SuiteOne.java:70)
... Removed 28 stack frames]]>
    </failure>
  </testcase> <!-- TC_101_LoginCheck_AutomationObjectModel -->
  <testcase name="TC_102_POM_ScrollDownOnPersonalFinancePage" time="98.695" classname="AOL_AutomationScripts.Automation_Test_SuiteOne"/>
  <testcase name="TC_103_POM_EmailCountInTheInbox" time="71.962" classname="AOL_AutomationScripts.Automation_Test_SuiteOne">
    <failure type="java.lang.StringIndexOutOfBoundsException" message="String index out of range: -8">
      <![CDATA[java.lang.StringIndexOutOfBoundsException: String index out of range: -8
	at java.lang.String.substring(Unknown Source)
	at AOL_AutomationScripts.Automation_Test_SuiteOne.TC_103_POM_EmailCountInTheInbox(Automation_Test_SuiteOne.java:163)
... Removed 25 stack frames]]>
    </failure>
  </testcase> <!-- TC_103_POM_EmailCountInTheInbox -->
  <testcase name="TC_104_POM_SendEmailAutomatically" time="101.063" classname="AOL_AutomationScripts.Automation_Test_SuiteOne"/>
  <testcase name="TC_105_SearchCheckAfterLogin" time="120.104" classname="AOL_AutomationScripts.Automation_Test_SuiteOne"/>
  <testcase name="TC_106_SearchResultInImageFormate" time="193.129" classname="AOL_AutomationScripts.Automation_Test_SuiteOne"/>
  <testcase name="TC_107_HighlightAllLinks" time="35.289" classname="AOL_AutomationScripts.Automation_Test_SuiteOne">
    <failure type="org.openqa.selenium.NoSuchElementException" message="no such element: Unable to locate element: {&amp;quot;method&amp;quot;:&amp;quot;link text&amp;quot;,&amp;quot;selector&amp;quot;:&amp;quot;mdshahajadaimran&amp;quot;}
  (Session info: chrome=67.0.3396.87)
  (Driver info: chromedriver=2.36.540470 (e522d04694c7ebea4ba8821272dbef4f9b818c91),platform=Windows NT 10.0.17134 x86_64) (WARNING: The server did not provide any stacktrace information)
Command duration or timeout: 0 milliseconds
For documentation on this error, please visit: http://seleniumhq.org/exceptions/no_such_element.html
Build info: version: &amp;apos;3.6.0&amp;apos;, revision: &amp;apos;6fbf3ec767&amp;apos;, time: &amp;apos;2017-09-27T16:15:40.131Z&amp;apos;
System info: host: &amp;apos;DESKTOP-75OLIUH&amp;apos;, ip: &amp;apos;192.168.1.107&amp;apos;, os.name: &amp;apos;Windows 10&amp;apos;, os.arch: &amp;apos;amd64&amp;apos;, os.version: &amp;apos;10.0&amp;apos;, java.version: &amp;apos;1.8.0_144&amp;apos;
Driver info: org.openqa.selenium.chrome.ChromeDriver
Capabilities [{mobileEmulationEnabled=false, hasTouchScreen=false, platform=XP, acceptSslCerts=false, acceptInsecureCerts=false, webStorageEnabled=true, browserName=chrome, takesScreenshot=true, javascriptEnabled=true, platformName=XP, setWindowRect=true, unexpectedAlertBehaviour=, applicationCacheEnabled=false, rotatable=false, networkConnectionEnabled=false, chrome={chromedriverVersion=2.36.540470 (e522d04694c7ebea4ba8821272dbef4f9b818c91), userDataDir=C:\Users\imran\AppData\Local\Temp\scoped_dir7124_6416}, takesHeapSnapshot=true, pageLoadStrategy=normal, unhandledPromptBehavior=, databaseEnabled=false, handlesAlerts=true, version=67.0.3396.87, browserConnectionEnabled=false, nativeEvents=true, locationContextEnabled=true, cssSelectorsEnabled=true}]
Session ID: 09a622e2feb56871db2410134e65b321
*** Element info: {Using=link text, value=mdshahajadaimran}">
      <![CDATA[org.openqa.selenium.NoSuchElementException: no such element: Unable to locate element: {"method":"link text","selector":"mdshahajadaimran"}
  (Session info: chrome=67.0.3396.87)
  (Driver info: chromedriver=2.36.540470 (e522d04694c7ebea4ba8821272dbef4f9b818c91),platform=Windows NT 10.0.17134 x86_64) (WARNING: The server did not provide any stacktrace information)
Command duration or timeout: 0 milliseconds
For documentation on this error, please visit: http://seleniumhq.org/exceptions/no_such_element.html
Build info: version: '3.6.0', revision: '6fbf3ec767', time: '2017-09-27T16:15:40.131Z'
System info: host: 'DESKTOP-75OLIUH', ip: '192.168.1.107', os.name: 'Windows 10', os.arch: 'amd64', os.version: '10.0', java.version: '1.8.0_144'
Driver info: org.openqa.selenium.chrome.ChromeDriver
Capabilities [{mobileEmulationEnabled=false, hasTouchScreen=false, platform=XP, acceptSslCerts=false, acceptInsecureCerts=false, webStorageEnabled=true, browserName=chrome, takesScreenshot=true, javascriptEnabled=true, platformName=XP, setWindowRect=true, unexpectedAlertBehaviour=, applicationCacheEnabled=false, rotatable=false, networkConnectionEnabled=false, chrome={chromedriverVersion=2.36.540470 (e522d04694c7ebea4ba8821272dbef4f9b818c91), userDataDir=C:\Users\imran\AppData\Local\Temp\scoped_dir7124_6416}, takesHeapSnapshot=true, pageLoadStrategy=normal, unhandledPromptBehavior=, databaseEnabled=false, handlesAlerts=true, version=67.0.3396.87, browserConnectionEnabled=false, nativeEvents=true, locationContextEnabled=true, cssSelectorsEnabled=true}]
Session ID: 09a622e2feb56871db2410134e65b321
*** Element info: {Using=link text, value=mdshahajadaimran}
	at org.openqa.selenium.remote.ErrorHandler.createThrowable(ErrorHandler.java:214)
	at org.openqa.selenium.remote.ErrorHandler.throwIfResponseFailed(ErrorHandler.java:166)
	at org.openqa.selenium.remote.http.JsonHttpResponseCodec.reconstructValue(JsonHttpResponseCodec.java:40)
	at org.openqa.selenium.remote.http.AbstractHttpResponseCodec.decode(AbstractHttpResponseCodec.java:82)
	at org.openqa.selenium.remote.http.AbstractHttpResponseCodec.decode(AbstractHttpResponseCodec.java:45)
	at org.openqa.selenium.remote.HttpCommandExecutor.execute(HttpCommandExecutor.java:164)
	at org.openqa.selenium.remote.service.DriverCommandExecutor.execute(DriverCommandExecutor.java:83)
	at org.openqa.selenium.remote.RemoteWebDriver.execute(RemoteWebDriver.java:586)
	at org.openqa.selenium.remote.RemoteWebDriver.findElement(RemoteWebDriver.java:356)
	at org.openqa.selenium.remote.RemoteWebDriver.findElementByLinkText(RemoteWebDriver.java:410)
	at org.openqa.selenium.By$ByLinkText.findElement(By.java:246)
	at org.openqa.selenium.remote.RemoteWebDriver.findElement(RemoteWebDriver.java:348)
	at org.openqa.selenium.support.pagefactory.DefaultElementLocator.findElement(DefaultElementLocator.java:69)
	at org.openqa.selenium.support.pagefactory.internal.LocatingElementHandler.invoke(LocatingElementHandler.java:38)
	at com.sun.proxy.$Proxy12.click(Unknown Source)
	at AOL_AutomationScripts.Automation_Test_SuiteOne.TC_107_HighlightAllLinks(Automation_Test_SuiteOne.java:360)
... Removed 28 stack frames]]>
    </failure>
  </testcase> <!-- TC_107_HighlightAllLinks -->
  <testcase name="TC_108_WeatherInfo" time="46.489" classname="AOL_AutomationScripts.Automation_Test_SuiteOne"/>
  <testcase name="TC_109_NavigateToWeatherPage" time="45.296" classname="AOL_AutomationScripts.Automation_Test_SuiteOne"/>
  <testcase name="TC_02_HighlightAllInputs" time="34.265" classname="FromYouFlowers.FYF"/>
  <testcase name="TC_03_SearchByColor" time="101.114" classname="FromYouFlowers.FYF"/>
  <testcase name="TC_04_PrintPropertyValueInTheConsole" time="14.793" classname="FromYouFlowers.FYF"/>
  <testcase name="TC_101_TBD" time="16.32" classname="Dividend.TestSedDividend"/>
  <testcase name="TC_102" time="16.993" classname="Dividend.TestSedDividend"/>
  <testcase name="TC_103_CheckStockOnCurrentPage" time="34.843" classname="Dividend.TestSedDividend"/>
  <testcase name="TC_104_CheckStockOnAllPage" time="252.817" classname="Dividend.TestSedDividend"/>
  <testcase name="TC_105_Social_Sites_On_New_Tabs" time="66.604" classname="Dividend.TestSedDividend">
    <failure type="java.lang.AssertionError" message="expected [LinkedIn: Log In or Sign Up] but found [Dividend.com | LinkedIn]">
      <![CDATA[java.lang.AssertionError: expected [LinkedIn: Log In or Sign Up] but found [Dividend.com | LinkedIn]
	at Dividend.TestSedDividend.TC_105_Social_Sites_On_New_Tabs(TestSedDividend.java:231)
... Removed 31 stack frames]]>
    </failure>
  </testcase> <!-- TC_105_Social_Sites_On_New_Tabs -->
  <testcase name="F" time="0.001" classname="Priotization"/>
  <testcase name="TC_101_MouseOver" time="46.63" classname="FromYouFlowers.FYF"/>
  <testcase name="D" time="0.001" classname="Priotization"/>
  <testcase name="E" time="0.001" classname="Priotization"/>
  <testcase name="C" time="0.0" classname="Priotization"/>
  <testcase name="G" time="0.0" classname="Priotization"/>
  <testcase name="B" time="0.0" classname="Priotization">
    <ignored/>
  </testcase> <!-- B -->
  <testcase name="TC_514" time="0.0" classname="walmart.TestSetB">
    <ignored/>
  </testcase> <!-- TC_514 -->
  <testcase name="CountryListOnOnlineBanking3Browsers" time="0.0" classname="hsbc.TestSetC">
    <ignored/>
  </testcase> <!-- CountryListOnOnlineBanking3Browsers -->
  <testcase name="test2" time="0.0" classname="FirstClassWith2methods">
    <ignored/>
  </testcase> <!-- test2 -->
</testsuite> <!-- all -->
