<?xml version="1.0" encoding="UTF-8"?>
<!-- Generated by org.testng.reporters.JUnitXMLReporter -->
<testsuite hostname="DESKTOP-75OLIUH" ignored="1" tests="16" failures="0" timestamp="28 Sep 2017 21:49:00 GMT" time="109.011" errors="0">
  <testcase name="F1" time="0.006" classname="Group"/>
  <testcase name="F2" time="0.001" classname="Group"/>
  <testcase name="F3" time="0.002" classname="Group"/>
  <testcase name="F4" time="0.0" classname="Group"/>
  <testcase name="F5" time="0.002" classname="Group"/>
  <testcase name="F6" time="0.002" classname="Group"/>
  <testcase name="A" time="0.001" classname="Priotization"/>
  <testcase name="UsersAreAbleToSearch" time="55.526" classname="FirstClassWith2methods"/>
  <testcase name="test2" time="0.0" classname="FirstClassWith2methods"/>
  <testcase name="UsersAreAbleToSearch" time="51.276" classname="SecondClasssWith2Methods"/>
  <testcase name="test2" time="0.0" classname="SecondClasssWith2Methods"/>
  <testcase name="F" time="0.002" classname="Priotization"/>
  <testcase name="D" time="0.002" classname="Priotization"/>
  <testcase name="E" time="0.001" classname="Priotization"/>
  <testcase name="C" time="0.0" classname="Priotization"/>
  <testcase name="G" time="0.001" classname="Priotization"/>
  <testcase name="B" time="0.0" classname="Priotization">
    <ignored/>
  </testcase> <!-- B -->
</testsuite>
