<?xml version="1.0" encoding="UTF-8"?>
<!-- Generated by org.testng.reporters.JUnitXMLReporter -->
<testsuite hostname="DESKTOP-75OLIUH" ignored="4" name="all" tests="119" failures="51" timestamp="19 Apr 2018 01:09:39 GMT" time="6007.355" errors="0">
  <testcase name="doThisBeforeAllTestsExecution" time="0.03" classname="ApplyFirst"/>
  <testcase name="F1" time="0.004" classname="Group"/>
  <testcase name="F2" time="0.001" classname="Group"/>
  <testcase name="F3" time="0.001" classname="Group"/>
  <testcase name="F4" time="0.002" classname="Group"/>
  <testcase name="F5" time="0.002" classname="Group"/>
  <testcase name="F6" time="0.002" classname="Group"/>
  <testcase name="A" time="0.002" classname="Priotization"/>
  <testcase name="UsersAreAbleToSearch" time="59.69" classname="FirstClassWith2methods"/>
  <testcase name="UsersAreAbleToSearch" time="55.489" classname="SecondClasssWith2Methods"/>
  <testcase name="test2" time="0.001" classname="SecondClasssWith2Methods"/>
  <testcase name="TC_401_Login_And_LogOut" time="21.884" classname="afterLoginIn.TestSetA">
    <failure type="org.openqa.selenium.NoSuchElementException" message="no such element: Unable to locate element: {&amp;quot;method&amp;quot;:&amp;quot;id&amp;quot;,&amp;quot;selector&amp;quot;:&amp;quot;ap_password&amp;quot;}
  (Session info: chrome=65.0.3325.181)
  (Driver info: chromedriver=2.36.540470 (e522d04694c7ebea4ba8821272dbef4f9b818c91),platform=Windows NT 10.0.16299 x86_64) (WARNING: The server did not provide any stacktrace information)
Command duration or timeout: 0 milliseconds
For documentation on this error, please visit: http://seleniumhq.org/exceptions/no_such_element.html
Build info: version: &amp;apos;3.6.0&amp;apos;, revision: &amp;apos;6fbf3ec767&amp;apos;, time: &amp;apos;2017-09-27T16:15:40.131Z&amp;apos;
System info: host: &amp;apos;DESKTOP-75OLIUH&amp;apos;, ip: &amp;apos;169.254.13.89&amp;apos;, os.name: &amp;apos;Windows 10&amp;apos;, os.arch: &amp;apos;amd64&amp;apos;, os.version: &amp;apos;10.0&amp;apos;, java.version: &amp;apos;1.8.0_144&amp;apos;
Driver info: org.openqa.selenium.chrome.ChromeDriver
Capabilities [{mobileEmulationEnabled=false, hasTouchScreen=false, platform=XP, acceptSslCerts=false, acceptInsecureCerts=false, webStorageEnabled=true, browserName=chrome, takesScreenshot=true, javascriptEnabled=true, platformName=XP, setWindowRect=true, unexpectedAlertBehaviour=, applicationCacheEnabled=false, rotatable=false, networkConnectionEnabled=false, chrome={chromedriverVersion=2.36.540470 (e522d04694c7ebea4ba8821272dbef4f9b818c91), userDataDir=C:\Users\imran\AppData\Local\Temp\scoped_dir16776_2096}, takesHeapSnapshot=true, pageLoadStrategy=normal, unhandledPromptBehavior=, databaseEnabled=false, handlesAlerts=true, version=65.0.3325.181, browserConnectionEnabled=false, nativeEvents=true, locationContextEnabled=true, cssSelectorsEnabled=true}]
Session ID: 793c4b8257bc23cb5eb93f4ddde41dae
*** Element info: {Using=id, value=ap_password}">
      <![CDATA[org.openqa.selenium.NoSuchElementException: no such element: Unable to locate element: {"method":"id","selector":"ap_password"}
  (Session info: chrome=65.0.3325.181)
  (Driver info: chromedriver=2.36.540470 (e522d04694c7ebea4ba8821272dbef4f9b818c91),platform=Windows NT 10.0.16299 x86_64) (WARNING: The server did not provide any stacktrace information)
Command duration or timeout: 0 milliseconds
For documentation on this error, please visit: http://seleniumhq.org/exceptions/no_such_element.html
Build info: version: '3.6.0', revision: '6fbf3ec767', time: '2017-09-27T16:15:40.131Z'
System info: host: 'DESKTOP-75OLIUH', ip: '169.254.13.89', os.name: 'Windows 10', os.arch: 'amd64', os.version: '10.0', java.version: '1.8.0_144'
Driver info: org.openqa.selenium.chrome.ChromeDriver
Capabilities [{mobileEmulationEnabled=false, hasTouchScreen=false, platform=XP, acceptSslCerts=false, acceptInsecureCerts=false, webStorageEnabled=true, browserName=chrome, takesScreenshot=true, javascriptEnabled=true, platformName=XP, setWindowRect=true, unexpectedAlertBehaviour=, applicationCacheEnabled=false, rotatable=false, networkConnectionEnabled=false, chrome={chromedriverVersion=2.36.540470 (e522d04694c7ebea4ba8821272dbef4f9b818c91), userDataDir=C:\Users\imran\AppData\Local\Temp\scoped_dir16776_2096}, takesHeapSnapshot=true, pageLoadStrategy=normal, unhandledPromptBehavior=, databaseEnabled=false, handlesAlerts=true, version=65.0.3325.181, browserConnectionEnabled=false, nativeEvents=true, locationContextEnabled=true, cssSelectorsEnabled=true}]
Session ID: 793c4b8257bc23cb5eb93f4ddde41dae
*** Element info: {Using=id, value=ap_password}
	at org.openqa.selenium.remote.ErrorHandler.createThrowable(ErrorHandler.java:214)
	at org.openqa.selenium.remote.ErrorHandler.throwIfResponseFailed(ErrorHandler.java:166)
	at org.openqa.selenium.remote.http.JsonHttpResponseCodec.reconstructValue(JsonHttpResponseCodec.java:40)
	at org.openqa.selenium.remote.http.AbstractHttpResponseCodec.decode(AbstractHttpResponseCodec.java:82)
	at org.openqa.selenium.remote.http.AbstractHttpResponseCodec.decode(AbstractHttpResponseCodec.java:45)
	at org.openqa.selenium.remote.HttpCommandExecutor.execute(HttpCommandExecutor.java:164)
	at org.openqa.selenium.remote.service.DriverCommandExecutor.execute(DriverCommandExecutor.java:83)
	at org.openqa.selenium.remote.RemoteWebDriver.execute(RemoteWebDriver.java:586)
	at org.openqa.selenium.remote.RemoteWebDriver.findElement(RemoteWebDriver.java:356)
	at org.openqa.selenium.remote.RemoteWebDriver.findElementById(RemoteWebDriver.java:402)
	at org.openqa.selenium.By$ById.findElement(By.java:218)
	at org.openqa.selenium.remote.RemoteWebDriver.findElement(RemoteWebDriver.java:348)
	at afterLoginIn.TestSetA.TC_401_Login_And_LogOut(TestSetA.java:48)
... Removed 29 stack frames]]>
    </failure>
  </testcase> <!-- TC_401_Login_And_LogOut -->
  <testcase name="TC_402_Login_NegativeTest" time="9.995" classname="afterLoginIn.TestSetA">
    <failure type="org.openqa.selenium.NoSuchElementException" message="no such element: Unable to locate element: {&amp;quot;method&amp;quot;:&amp;quot;id&amp;quot;,&amp;quot;selector&amp;quot;:&amp;quot;ap_password&amp;quot;}
  (Session info: chrome=65.0.3325.181)
  (Driver info: chromedriver=2.36.540470 (e522d04694c7ebea4ba8821272dbef4f9b818c91),platform=Windows NT 10.0.16299 x86_64) (WARNING: The server did not provide any stacktrace information)
Command duration or timeout: 0 milliseconds
For documentation on this error, please visit: http://seleniumhq.org/exceptions/no_such_element.html
Build info: version: &amp;apos;3.6.0&amp;apos;, revision: &amp;apos;6fbf3ec767&amp;apos;, time: &amp;apos;2017-09-27T16:15:40.131Z&amp;apos;
System info: host: &amp;apos;DESKTOP-75OLIUH&amp;apos;, ip: &amp;apos;169.254.13.89&amp;apos;, os.name: &amp;apos;Windows 10&amp;apos;, os.arch: &amp;apos;amd64&amp;apos;, os.version: &amp;apos;10.0&amp;apos;, java.version: &amp;apos;1.8.0_144&amp;apos;
Driver info: org.openqa.selenium.chrome.ChromeDriver
Capabilities [{mobileEmulationEnabled=false, hasTouchScreen=false, platform=XP, acceptSslCerts=false, acceptInsecureCerts=false, webStorageEnabled=true, browserName=chrome, takesScreenshot=true, javascriptEnabled=true, platformName=XP, setWindowRect=true, unexpectedAlertBehaviour=, applicationCacheEnabled=false, rotatable=false, networkConnectionEnabled=false, chrome={chromedriverVersion=2.36.540470 (e522d04694c7ebea4ba8821272dbef4f9b818c91), userDataDir=C:\Users\imran\AppData\Local\Temp\scoped_dir16748_23698}, takesHeapSnapshot=true, pageLoadStrategy=normal, unhandledPromptBehavior=, databaseEnabled=false, handlesAlerts=true, version=65.0.3325.181, browserConnectionEnabled=false, nativeEvents=true, locationContextEnabled=true, cssSelectorsEnabled=true}]
Session ID: 78a7ece90fda0f501cf26e5dd1166a51
*** Element info: {Using=id, value=ap_password}">
      <![CDATA[org.openqa.selenium.NoSuchElementException: no such element: Unable to locate element: {"method":"id","selector":"ap_password"}
  (Session info: chrome=65.0.3325.181)
  (Driver info: chromedriver=2.36.540470 (e522d04694c7ebea4ba8821272dbef4f9b818c91),platform=Windows NT 10.0.16299 x86_64) (WARNING: The server did not provide any stacktrace information)
Command duration or timeout: 0 milliseconds
For documentation on this error, please visit: http://seleniumhq.org/exceptions/no_such_element.html
Build info: version: '3.6.0', revision: '6fbf3ec767', time: '2017-09-27T16:15:40.131Z'
System info: host: 'DESKTOP-75OLIUH', ip: '169.254.13.89', os.name: 'Windows 10', os.arch: 'amd64', os.version: '10.0', java.version: '1.8.0_144'
Driver info: org.openqa.selenium.chrome.ChromeDriver
Capabilities [{mobileEmulationEnabled=false, hasTouchScreen=false, platform=XP, acceptSslCerts=false, acceptInsecureCerts=false, webStorageEnabled=true, browserName=chrome, takesScreenshot=true, javascriptEnabled=true, platformName=XP, setWindowRect=true, unexpectedAlertBehaviour=, applicationCacheEnabled=false, rotatable=false, networkConnectionEnabled=false, chrome={chromedriverVersion=2.36.540470 (e522d04694c7ebea4ba8821272dbef4f9b818c91), userDataDir=C:\Users\imran\AppData\Local\Temp\scoped_dir16748_23698}, takesHeapSnapshot=true, pageLoadStrategy=normal, unhandledPromptBehavior=, databaseEnabled=false, handlesAlerts=true, version=65.0.3325.181, browserConnectionEnabled=false, nativeEvents=true, locationContextEnabled=true, cssSelectorsEnabled=true}]
Session ID: 78a7ece90fda0f501cf26e5dd1166a51
*** Element info: {Using=id, value=ap_password}
	at org.openqa.selenium.remote.ErrorHandler.createThrowable(ErrorHandler.java:214)
	at org.openqa.selenium.remote.ErrorHandler.throwIfResponseFailed(ErrorHandler.java:166)
	at org.openqa.selenium.remote.http.JsonHttpResponseCodec.reconstructValue(JsonHttpResponseCodec.java:40)
	at org.openqa.selenium.remote.http.AbstractHttpResponseCodec.decode(AbstractHttpResponseCodec.java:82)
	at org.openqa.selenium.remote.http.AbstractHttpResponseCodec.decode(AbstractHttpResponseCodec.java:45)
	at org.openqa.selenium.remote.HttpCommandExecutor.execute(HttpCommandExecutor.java:164)
	at org.openqa.selenium.remote.service.DriverCommandExecutor.execute(DriverCommandExecutor.java:83)
	at org.openqa.selenium.remote.RemoteWebDriver.execute(RemoteWebDriver.java:586)
	at org.openqa.selenium.remote.RemoteWebDriver.findElement(RemoteWebDriver.java:356)
	at org.openqa.selenium.remote.RemoteWebDriver.findElementById(RemoteWebDriver.java:402)
	at org.openqa.selenium.By$ById.findElement(By.java:218)
	at org.openqa.selenium.remote.RemoteWebDriver.findElement(RemoteWebDriver.java:348)
	at afterLoginIn.TestSetA.TC_402_Login_NegativeTest(TestSetA.java:78)
... Removed 29 stack frames]]>
    </failure>
  </testcase> <!-- TC_402_Login_NegativeTest -->
  <testcase name="TC_403_VerifyFieldsInLoginPage" time="10.696" classname="afterLoginIn.TestSetA">
    <failure type="org.openqa.selenium.NoSuchElementException" message="no such element: Unable to locate element: {&amp;quot;method&amp;quot;:&amp;quot;xpath&amp;quot;,&amp;quot;selector&amp;quot;:&amp;quot;//*[@id=&amp;quot;a-page&amp;quot;]/div[1]/div[3]/div/div/form/div/div/div/h1&amp;quot;}
  (Session info: chrome=65.0.3325.181)
  (Driver info: chromedriver=2.36.540470 (e522d04694c7ebea4ba8821272dbef4f9b818c91),platform=Windows NT 10.0.16299 x86_64) (WARNING: The server did not provide any stacktrace information)
Command duration or timeout: 0 milliseconds
For documentation on this error, please visit: http://seleniumhq.org/exceptions/no_such_element.html
Build info: version: &amp;apos;3.6.0&amp;apos;, revision: &amp;apos;6fbf3ec767&amp;apos;, time: &amp;apos;2017-09-27T16:15:40.131Z&amp;apos;
System info: host: &amp;apos;DESKTOP-75OLIUH&amp;apos;, ip: &amp;apos;169.254.13.89&amp;apos;, os.name: &amp;apos;Windows 10&amp;apos;, os.arch: &amp;apos;amd64&amp;apos;, os.version: &amp;apos;10.0&amp;apos;, java.version: &amp;apos;1.8.0_144&amp;apos;
Driver info: org.openqa.selenium.chrome.ChromeDriver
Capabilities [{mobileEmulationEnabled=false, hasTouchScreen=false, platform=XP, acceptSslCerts=false, acceptInsecureCerts=false, webStorageEnabled=true, browserName=chrome, takesScreenshot=true, javascriptEnabled=true, platformName=XP, setWindowRect=true, unexpectedAlertBehaviour=, applicationCacheEnabled=false, rotatable=false, networkConnectionEnabled=false, chrome={chromedriverVersion=2.36.540470 (e522d04694c7ebea4ba8821272dbef4f9b818c91), userDataDir=C:\Users\imran\AppData\Local\Temp\scoped_dir15048_16341}, takesHeapSnapshot=true, pageLoadStrategy=normal, unhandledPromptBehavior=, databaseEnabled=false, handlesAlerts=true, version=65.0.3325.181, browserConnectionEnabled=false, nativeEvents=true, locationContextEnabled=true, cssSelectorsEnabled=true}]
Session ID: d7a527ffe925187fdbe0e7493813419f
*** Element info: {Using=xpath, value=//*[@id=&amp;quot;a-page&amp;quot;]/div[1]/div[3]/div/div/form/div/div/div/h1}">
      <![CDATA[org.openqa.selenium.NoSuchElementException: no such element: Unable to locate element: {"method":"xpath","selector":"//*[@id="a-page"]/div[1]/div[3]/div/div/form/div/div/div/h1"}
  (Session info: chrome=65.0.3325.181)
  (Driver info: chromedriver=2.36.540470 (e522d04694c7ebea4ba8821272dbef4f9b818c91),platform=Windows NT 10.0.16299 x86_64) (WARNING: The server did not provide any stacktrace information)
Command duration or timeout: 0 milliseconds
For documentation on this error, please visit: http://seleniumhq.org/exceptions/no_such_element.html
Build info: version: '3.6.0', revision: '6fbf3ec767', time: '2017-09-27T16:15:40.131Z'
System info: host: 'DESKTOP-75OLIUH', ip: '169.254.13.89', os.name: 'Windows 10', os.arch: 'amd64', os.version: '10.0', java.version: '1.8.0_144'
Driver info: org.openqa.selenium.chrome.ChromeDriver
Capabilities [{mobileEmulationEnabled=false, hasTouchScreen=false, platform=XP, acceptSslCerts=false, acceptInsecureCerts=false, webStorageEnabled=true, browserName=chrome, takesScreenshot=true, javascriptEnabled=true, platformName=XP, setWindowRect=true, unexpectedAlertBehaviour=, applicationCacheEnabled=false, rotatable=false, networkConnectionEnabled=false, chrome={chromedriverVersion=2.36.540470 (e522d04694c7ebea4ba8821272dbef4f9b818c91), userDataDir=C:\Users\imran\AppData\Local\Temp\scoped_dir15048_16341}, takesHeapSnapshot=true, pageLoadStrategy=normal, unhandledPromptBehavior=, databaseEnabled=false, handlesAlerts=true, version=65.0.3325.181, browserConnectionEnabled=false, nativeEvents=true, locationContextEnabled=true, cssSelectorsEnabled=true}]
Session ID: d7a527ffe925187fdbe0e7493813419f
*** Element info: {Using=xpath, value=//*[@id="a-page"]/div[1]/div[3]/div/div/form/div/div/div/h1}
	at org.openqa.selenium.remote.ErrorHandler.createThrowable(ErrorHandler.java:214)
	at org.openqa.selenium.remote.ErrorHandler.throwIfResponseFailed(ErrorHandler.java:166)
	at org.openqa.selenium.remote.http.JsonHttpResponseCodec.reconstructValue(JsonHttpResponseCodec.java:40)
	at org.openqa.selenium.remote.http.AbstractHttpResponseCodec.decode(AbstractHttpResponseCodec.java:82)
	at org.openqa.selenium.remote.http.AbstractHttpResponseCodec.decode(AbstractHttpResponseCodec.java:45)
	at org.openqa.selenium.remote.HttpCommandExecutor.execute(HttpCommandExecutor.java:164)
	at org.openqa.selenium.remote.service.DriverCommandExecutor.execute(DriverCommandExecutor.java:83)
	at org.openqa.selenium.remote.RemoteWebDriver.execute(RemoteWebDriver.java:586)
	at org.openqa.selenium.remote.RemoteWebDriver.findElement(RemoteWebDriver.java:356)
	at org.openqa.selenium.remote.RemoteWebDriver.findElementByXPath(RemoteWebDriver.java:458)
	at org.openqa.selenium.By$ByXPath.findElement(By.java:361)
	at org.openqa.selenium.remote.RemoteWebDriver.findElement(RemoteWebDriver.java:348)
	at afterLoginIn.TestSetA.TC_403_VerifyFieldsInLoginPage(TestSetA.java:138)
... Removed 29 stack frames]]>
    </failure>
  </testcase> <!-- TC_403_VerifyFieldsInLoginPage -->
  <testcase name="TC_404_ToolTip" time="10.724" classname="afterLoginIn.TestSetA">
    <failure type="org.openqa.selenium.NoSuchElementException" message="no such element: Unable to locate element: {&amp;quot;method&amp;quot;:&amp;quot;id&amp;quot;,&amp;quot;selector&amp;quot;:&amp;quot;remember_me_learn_more_link&amp;quot;}
  (Session info: chrome=65.0.3325.181)
  (Driver info: chromedriver=2.36.540470 (e522d04694c7ebea4ba8821272dbef4f9b818c91),platform=Windows NT 10.0.16299 x86_64) (WARNING: The server did not provide any stacktrace information)
Command duration or timeout: 0 milliseconds
For documentation on this error, please visit: http://seleniumhq.org/exceptions/no_such_element.html
Build info: version: &amp;apos;3.6.0&amp;apos;, revision: &amp;apos;6fbf3ec767&amp;apos;, time: &amp;apos;2017-09-27T16:15:40.131Z&amp;apos;
System info: host: &amp;apos;DESKTOP-75OLIUH&amp;apos;, ip: &amp;apos;169.254.13.89&amp;apos;, os.name: &amp;apos;Windows 10&amp;apos;, os.arch: &amp;apos;amd64&amp;apos;, os.version: &amp;apos;10.0&amp;apos;, java.version: &amp;apos;1.8.0_144&amp;apos;
Driver info: org.openqa.selenium.chrome.ChromeDriver
Capabilities [{mobileEmulationEnabled=false, hasTouchScreen=false, platform=XP, acceptSslCerts=false, acceptInsecureCerts=false, webStorageEnabled=true, browserName=chrome, takesScreenshot=true, javascriptEnabled=true, platformName=XP, setWindowRect=true, unexpectedAlertBehaviour=, applicationCacheEnabled=false, rotatable=false, networkConnectionEnabled=false, chrome={chromedriverVersion=2.36.540470 (e522d04694c7ebea4ba8821272dbef4f9b818c91), userDataDir=C:\Users\imran\AppData\Local\Temp\scoped_dir15988_29197}, takesHeapSnapshot=true, pageLoadStrategy=normal, unhandledPromptBehavior=, databaseEnabled=false, handlesAlerts=true, version=65.0.3325.181, browserConnectionEnabled=false, nativeEvents=true, locationContextEnabled=true, cssSelectorsEnabled=true}]
Session ID: b3e9894c6041dfc2e088f80a4c5472bd
*** Element info: {Using=id, value=remember_me_learn_more_link}">
      <![CDATA[org.openqa.selenium.NoSuchElementException: no such element: Unable to locate element: {"method":"id","selector":"remember_me_learn_more_link"}
  (Session info: chrome=65.0.3325.181)
  (Driver info: chromedriver=2.36.540470 (e522d04694c7ebea4ba8821272dbef4f9b818c91),platform=Windows NT 10.0.16299 x86_64) (WARNING: The server did not provide any stacktrace information)
Command duration or timeout: 0 milliseconds
For documentation on this error, please visit: http://seleniumhq.org/exceptions/no_such_element.html
Build info: version: '3.6.0', revision: '6fbf3ec767', time: '2017-09-27T16:15:40.131Z'
System info: host: 'DESKTOP-75OLIUH', ip: '169.254.13.89', os.name: 'Windows 10', os.arch: 'amd64', os.version: '10.0', java.version: '1.8.0_144'
Driver info: org.openqa.selenium.chrome.ChromeDriver
Capabilities [{mobileEmulationEnabled=false, hasTouchScreen=false, platform=XP, acceptSslCerts=false, acceptInsecureCerts=false, webStorageEnabled=true, browserName=chrome, takesScreenshot=true, javascriptEnabled=true, platformName=XP, setWindowRect=true, unexpectedAlertBehaviour=, applicationCacheEnabled=false, rotatable=false, networkConnectionEnabled=false, chrome={chromedriverVersion=2.36.540470 (e522d04694c7ebea4ba8821272dbef4f9b818c91), userDataDir=C:\Users\imran\AppData\Local\Temp\scoped_dir15988_29197}, takesHeapSnapshot=true, pageLoadStrategy=normal, unhandledPromptBehavior=, databaseEnabled=false, handlesAlerts=true, version=65.0.3325.181, browserConnectionEnabled=false, nativeEvents=true, locationContextEnabled=true, cssSelectorsEnabled=true}]
Session ID: b3e9894c6041dfc2e088f80a4c5472bd
*** Element info: {Using=id, value=remember_me_learn_more_link}
	at org.openqa.selenium.remote.ErrorHandler.createThrowable(ErrorHandler.java:214)
	at org.openqa.selenium.remote.ErrorHandler.throwIfResponseFailed(ErrorHandler.java:166)
	at org.openqa.selenium.remote.http.JsonHttpResponseCodec.reconstructValue(JsonHttpResponseCodec.java:40)
	at org.openqa.selenium.remote.http.AbstractHttpResponseCodec.decode(AbstractHttpResponseCodec.java:82)
	at org.openqa.selenium.remote.http.AbstractHttpResponseCodec.decode(AbstractHttpResponseCodec.java:45)
	at org.openqa.selenium.remote.HttpCommandExecutor.execute(HttpCommandExecutor.java:164)
	at org.openqa.selenium.remote.service.DriverCommandExecutor.execute(DriverCommandExecutor.java:83)
	at org.openqa.selenium.remote.RemoteWebDriver.execute(RemoteWebDriver.java:586)
	at org.openqa.selenium.remote.RemoteWebDriver.findElement(RemoteWebDriver.java:356)
	at org.openqa.selenium.remote.RemoteWebDriver.findElementById(RemoteWebDriver.java:402)
	at org.openqa.selenium.By$ById.findElement(By.java:218)
	at org.openqa.selenium.remote.RemoteWebDriver.findElement(RemoteWebDriver.java:348)
	at afterLoginIn.TestSetA.TC_404_ToolTip(TestSetA.java:161)
... Removed 29 stack frames]]>
    </failure>
  </testcase> <!-- TC_404_ToolTip -->
  <testcase name="TC_501_UsersAreAbleToSearch" time="59.1" classname="walmart.TestSetB">
    <failure type="org.openqa.selenium.NoSuchElementException" message="no such element: Unable to locate element: {&amp;quot;method&amp;quot;:&amp;quot;xpath&amp;quot;,&amp;quot;selector&amp;quot;:&amp;quot;//*[@id=&amp;quot;SearchContainer&amp;quot;]/div/div[1]/div[1]/span[2]&amp;quot;}
  (Session info: chrome=65.0.3325.181)
  (Driver info: chromedriver=2.36.540470 (e522d04694c7ebea4ba8821272dbef4f9b818c91),platform=Windows NT 10.0.16299 x86_64) (WARNING: The server did not provide any stacktrace information)
Command duration or timeout: 0 milliseconds
For documentation on this error, please visit: http://seleniumhq.org/exceptions/no_such_element.html
Build info: version: &amp;apos;3.6.0&amp;apos;, revision: &amp;apos;6fbf3ec767&amp;apos;, time: &amp;apos;2017-09-27T16:15:40.131Z&amp;apos;
System info: host: &amp;apos;DESKTOP-75OLIUH&amp;apos;, ip: &amp;apos;169.254.13.89&amp;apos;, os.name: &amp;apos;Windows 10&amp;apos;, os.arch: &amp;apos;amd64&amp;apos;, os.version: &amp;apos;10.0&amp;apos;, java.version: &amp;apos;1.8.0_144&amp;apos;
Driver info: org.openqa.selenium.chrome.ChromeDriver
Capabilities [{mobileEmulationEnabled=false, hasTouchScreen=false, platform=XP, acceptSslCerts=false, acceptInsecureCerts=false, webStorageEnabled=true, browserName=chrome, takesScreenshot=true, javascriptEnabled=true, platformName=XP, setWindowRect=true, unexpectedAlertBehaviour=, applicationCacheEnabled=false, rotatable=false, networkConnectionEnabled=false, chrome={chromedriverVersion=2.36.540470 (e522d04694c7ebea4ba8821272dbef4f9b818c91), userDataDir=C:\Users\imran\AppData\Local\Temp\scoped_dir7572_659}, takesHeapSnapshot=true, pageLoadStrategy=normal, unhandledPromptBehavior=, databaseEnabled=false, handlesAlerts=true, version=65.0.3325.181, browserConnectionEnabled=false, nativeEvents=true, locationContextEnabled=true, cssSelectorsEnabled=true}]
Session ID: c888771145002f387b7c8a9b94c7a6bf
*** Element info: {Using=xpath, value=//*[@id=&amp;quot;SearchContainer&amp;quot;]/div/div[1]/div[1]/span[2]}">
      <![CDATA[org.openqa.selenium.NoSuchElementException: no such element: Unable to locate element: {"method":"xpath","selector":"//*[@id="SearchContainer"]/div/div[1]/div[1]/span[2]"}
  (Session info: chrome=65.0.3325.181)
  (Driver info: chromedriver=2.36.540470 (e522d04694c7ebea4ba8821272dbef4f9b818c91),platform=Windows NT 10.0.16299 x86_64) (WARNING: The server did not provide any stacktrace information)
Command duration or timeout: 0 milliseconds
For documentation on this error, please visit: http://seleniumhq.org/exceptions/no_such_element.html
Build info: version: '3.6.0', revision: '6fbf3ec767', time: '2017-09-27T16:15:40.131Z'
System info: host: 'DESKTOP-75OLIUH', ip: '169.254.13.89', os.name: 'Windows 10', os.arch: 'amd64', os.version: '10.0', java.version: '1.8.0_144'
Driver info: org.openqa.selenium.chrome.ChromeDriver
Capabilities [{mobileEmulationEnabled=false, hasTouchScreen=false, platform=XP, acceptSslCerts=false, acceptInsecureCerts=false, webStorageEnabled=true, browserName=chrome, takesScreenshot=true, javascriptEnabled=true, platformName=XP, setWindowRect=true, unexpectedAlertBehaviour=, applicationCacheEnabled=false, rotatable=false, networkConnectionEnabled=false, chrome={chromedriverVersion=2.36.540470 (e522d04694c7ebea4ba8821272dbef4f9b818c91), userDataDir=C:\Users\imran\AppData\Local\Temp\scoped_dir7572_659}, takesHeapSnapshot=true, pageLoadStrategy=normal, unhandledPromptBehavior=, databaseEnabled=false, handlesAlerts=true, version=65.0.3325.181, browserConnectionEnabled=false, nativeEvents=true, locationContextEnabled=true, cssSelectorsEnabled=true}]
Session ID: c888771145002f387b7c8a9b94c7a6bf
*** Element info: {Using=xpath, value=//*[@id="SearchContainer"]/div/div[1]/div[1]/span[2]}
	at org.openqa.selenium.remote.ErrorHandler.createThrowable(ErrorHandler.java:214)
	at org.openqa.selenium.remote.ErrorHandler.throwIfResponseFailed(ErrorHandler.java:166)
	at org.openqa.selenium.remote.http.JsonHttpResponseCodec.reconstructValue(JsonHttpResponseCodec.java:40)
	at org.openqa.selenium.remote.http.AbstractHttpResponseCodec.decode(AbstractHttpResponseCodec.java:82)
	at org.openqa.selenium.remote.http.AbstractHttpResponseCodec.decode(AbstractHttpResponseCodec.java:45)
	at org.openqa.selenium.remote.HttpCommandExecutor.execute(HttpCommandExecutor.java:164)
	at org.openqa.selenium.remote.service.DriverCommandExecutor.execute(DriverCommandExecutor.java:83)
	at org.openqa.selenium.remote.RemoteWebDriver.execute(RemoteWebDriver.java:586)
	at org.openqa.selenium.remote.RemoteWebDriver.findElement(RemoteWebDriver.java:356)
	at org.openqa.selenium.remote.RemoteWebDriver.findElementByXPath(RemoteWebDriver.java:458)
	at org.openqa.selenium.By$ByXPath.findElement(By.java:361)
	at org.openqa.selenium.remote.RemoteWebDriver.findElement(RemoteWebDriver.java:348)
	at walmart.TestSetB.TC_501_UsersAreAbleToSearch(TestSetB.java:74)
... Removed 29 stack frames]]>
    </failure>
  </testcase> <!-- TC_501_UsersAreAbleToSearch -->
  <testcase name="TC_502_SelectDropdownValue" time="71.367" classname="walmart.TestSetB"/>
  <testcase name="TC_503_mouseOver" time="14.597" classname="walmart.TestSetB">
    <failure type="org.openqa.selenium.NoSuchElementException" message="no such element: Unable to locate element: {&amp;quot;method&amp;quot;:&amp;quot;id&amp;quot;,&amp;quot;selector&amp;quot;:&amp;quot;header-GlobalEyebrowNav-button-0&amp;quot;}
  (Session info: chrome=65.0.3325.181)
  (Driver info: chromedriver=2.36.540470 (e522d04694c7ebea4ba8821272dbef4f9b818c91),platform=Windows NT 10.0.16299 x86_64) (WARNING: The server did not provide any stacktrace information)
Command duration or timeout: 0 milliseconds
For documentation on this error, please visit: http://seleniumhq.org/exceptions/no_such_element.html
Build info: version: &amp;apos;3.6.0&amp;apos;, revision: &amp;apos;6fbf3ec767&amp;apos;, time: &amp;apos;2017-09-27T16:15:40.131Z&amp;apos;
System info: host: &amp;apos;DESKTOP-75OLIUH&amp;apos;, ip: &amp;apos;169.254.13.89&amp;apos;, os.name: &amp;apos;Windows 10&amp;apos;, os.arch: &amp;apos;amd64&amp;apos;, os.version: &amp;apos;10.0&amp;apos;, java.version: &amp;apos;1.8.0_144&amp;apos;
Driver info: org.openqa.selenium.chrome.ChromeDriver
Capabilities [{mobileEmulationEnabled=false, hasTouchScreen=false, platform=XP, acceptSslCerts=false, acceptInsecureCerts=false, webStorageEnabled=true, browserName=chrome, takesScreenshot=true, javascriptEnabled=true, platformName=XP, setWindowRect=true, unexpectedAlertBehaviour=, applicationCacheEnabled=false, rotatable=false, networkConnectionEnabled=false, chrome={chromedriverVersion=2.36.540470 (e522d04694c7ebea4ba8821272dbef4f9b818c91), userDataDir=C:\Users\imran\AppData\Local\Temp\scoped_dir9068_7887}, takesHeapSnapshot=true, pageLoadStrategy=normal, unhandledPromptBehavior=, databaseEnabled=false, handlesAlerts=true, version=65.0.3325.181, browserConnectionEnabled=false, nativeEvents=true, locationContextEnabled=true, cssSelectorsEnabled=true}]
Session ID: a3ae7f9e483d6b509beb300516d5d413
*** Element info: {Using=id, value=header-GlobalEyebrowNav-button-0}">
      <![CDATA[org.openqa.selenium.NoSuchElementException: no such element: Unable to locate element: {"method":"id","selector":"header-GlobalEyebrowNav-button-0"}
  (Session info: chrome=65.0.3325.181)
  (Driver info: chromedriver=2.36.540470 (e522d04694c7ebea4ba8821272dbef4f9b818c91),platform=Windows NT 10.0.16299 x86_64) (WARNING: The server did not provide any stacktrace information)
Command duration or timeout: 0 milliseconds
For documentation on this error, please visit: http://seleniumhq.org/exceptions/no_such_element.html
Build info: version: '3.6.0', revision: '6fbf3ec767', time: '2017-09-27T16:15:40.131Z'
System info: host: 'DESKTOP-75OLIUH', ip: '169.254.13.89', os.name: 'Windows 10', os.arch: 'amd64', os.version: '10.0', java.version: '1.8.0_144'
Driver info: org.openqa.selenium.chrome.ChromeDriver
Capabilities [{mobileEmulationEnabled=false, hasTouchScreen=false, platform=XP, acceptSslCerts=false, acceptInsecureCerts=false, webStorageEnabled=true, browserName=chrome, takesScreenshot=true, javascriptEnabled=true, platformName=XP, setWindowRect=true, unexpectedAlertBehaviour=, applicationCacheEnabled=false, rotatable=false, networkConnectionEnabled=false, chrome={chromedriverVersion=2.36.540470 (e522d04694c7ebea4ba8821272dbef4f9b818c91), userDataDir=C:\Users\imran\AppData\Local\Temp\scoped_dir9068_7887}, takesHeapSnapshot=true, pageLoadStrategy=normal, unhandledPromptBehavior=, databaseEnabled=false, handlesAlerts=true, version=65.0.3325.181, browserConnectionEnabled=false, nativeEvents=true, locationContextEnabled=true, cssSelectorsEnabled=true}]
Session ID: a3ae7f9e483d6b509beb300516d5d413
*** Element info: {Using=id, value=header-GlobalEyebrowNav-button-0}
	at org.openqa.selenium.remote.ErrorHandler.createThrowable(ErrorHandler.java:214)
	at org.openqa.selenium.remote.ErrorHandler.throwIfResponseFailed(ErrorHandler.java:166)
	at org.openqa.selenium.remote.http.JsonHttpResponseCodec.reconstructValue(JsonHttpResponseCodec.java:40)
	at org.openqa.selenium.remote.http.AbstractHttpResponseCodec.decode(AbstractHttpResponseCodec.java:82)
	at org.openqa.selenium.remote.http.AbstractHttpResponseCodec.decode(AbstractHttpResponseCodec.java:45)
	at org.openqa.selenium.remote.HttpCommandExecutor.execute(HttpCommandExecutor.java:164)
	at org.openqa.selenium.remote.service.DriverCommandExecutor.execute(DriverCommandExecutor.java:83)
	at org.openqa.selenium.remote.RemoteWebDriver.execute(RemoteWebDriver.java:586)
	at org.openqa.selenium.remote.RemoteWebDriver.findElement(RemoteWebDriver.java:356)
	at org.openqa.selenium.remote.RemoteWebDriver.findElementById(RemoteWebDriver.java:402)
	at org.openqa.selenium.By$ById.findElement(By.java:218)
	at org.openqa.selenium.remote.RemoteWebDriver.findElement(RemoteWebDriver.java:348)
	at walmart.TestSetB.TC_503_mouseOver(TestSetB.java:121)
... Removed 29 stack frames]]>
    </failure>
  </testcase> <!-- TC_503_mouseOver -->
  <testcase name="TC_504_Credit_Cards" time="91.281" classname="walmart.TestSetB"/>
  <testcase name="TC_506_StoreFinder_FireFoxBrowser" time="42.271" classname="walmart.TestSetB">
    <failure type="org.openqa.selenium.NoSuchElementException" message="Unable to locate element: #find\-new\-location\-input
For documentation on this error, please visit: http://seleniumhq.org/exceptions/no_such_element.html
Build info: version: &amp;apos;3.6.0&amp;apos;, revision: &amp;apos;6fbf3ec767&amp;apos;, time: &amp;apos;2017-09-27T16:15:40.131Z&amp;apos;
System info: host: &amp;apos;DESKTOP-75OLIUH&amp;apos;, ip: &amp;apos;169.254.13.89&amp;apos;, os.name: &amp;apos;Windows 10&amp;apos;, os.arch: &amp;apos;amd64&amp;apos;, os.version: &amp;apos;10.0&amp;apos;, java.version: &amp;apos;1.8.0_144&amp;apos;
Driver info: org.openqa.selenium.firefox.FirefoxDriver
Capabilities [{moz:profile=C:\Users\imran\AppData\Local\Temp\rust_mozprofile.HMeYlN8BNA0P, rotatable=false, timeouts={implicit=0, pageLoad=300000, script=30000}, pageLoadStrategy=normal, moz:headless=false, platform=XP, moz:accessibilityChecks=false, moz:useNonSpecCompliantPointerOrigin=false, acceptInsecureCerts=true, browserVersion=59.0.2, platformVersion=10.0, moz:processID=14540, browserName=firefox, javascriptEnabled=true, platformName=XP, moz:webdriverClick=true}]
Session ID: 020082ea-cc1a-45cf-b9f8-85b8e3a56423
*** Element info: {Using=id, value=find-new-location-input}">
      <![CDATA[org.openqa.selenium.NoSuchElementException: Unable to locate element: #find\-new\-location\-input
For documentation on this error, please visit: http://seleniumhq.org/exceptions/no_such_element.html
Build info: version: '3.6.0', revision: '6fbf3ec767', time: '2017-09-27T16:15:40.131Z'
System info: host: 'DESKTOP-75OLIUH', ip: '169.254.13.89', os.name: 'Windows 10', os.arch: 'amd64', os.version: '10.0', java.version: '1.8.0_144'
Driver info: org.openqa.selenium.firefox.FirefoxDriver
Capabilities [{moz:profile=C:\Users\imran\AppData\Local\Temp\rust_mozprofile.HMeYlN8BNA0P, rotatable=false, timeouts={implicit=0, pageLoad=300000, script=30000}, pageLoadStrategy=normal, moz:headless=false, platform=XP, moz:accessibilityChecks=false, moz:useNonSpecCompliantPointerOrigin=false, acceptInsecureCerts=true, browserVersion=59.0.2, platformVersion=10.0, moz:processID=14540, browserName=firefox, javascriptEnabled=true, platformName=XP, moz:webdriverClick=true}]
Session ID: 020082ea-cc1a-45cf-b9f8-85b8e3a56423
*** Element info: {Using=id, value=find-new-location-input}
	at org.openqa.selenium.remote.http.W3CHttpResponseCodec.createException(W3CHttpResponseCodec.java:185)
	at org.openqa.selenium.remote.http.W3CHttpResponseCodec.decode(W3CHttpResponseCodec.java:120)
	at org.openqa.selenium.remote.http.W3CHttpResponseCodec.decode(W3CHttpResponseCodec.java:49)
	at org.openqa.selenium.remote.HttpCommandExecutor.execute(HttpCommandExecutor.java:164)
	at org.openqa.selenium.remote.service.DriverCommandExecutor.execute(DriverCommandExecutor.java:83)
	at org.openqa.selenium.remote.RemoteWebDriver.execute(RemoteWebDriver.java:586)
	at org.openqa.selenium.remote.RemoteWebDriver.findElement(RemoteWebDriver.java:356)
	at org.openqa.selenium.remote.RemoteWebDriver.findElementById(RemoteWebDriver.java:402)
	at org.openqa.selenium.By$ById.findElement(By.java:218)
	at org.openqa.selenium.remote.RemoteWebDriver.findElement(RemoteWebDriver.java:348)
	at walmart.TestSetB.StoreFinder(TestSetB.java:228)
	at walmart.TestSetB.TC_506_StoreFinder_FireFoxBrowser(TestSetB.java:255)
... Removed 29 stack frames]]>
    </failure>
  </testcase> <!-- TC_506_StoreFinder_FireFoxBrowser -->
  <testcase name="TC_506_StoreFinder_GoogleChromeBrowser" time="35.012" classname="walmart.TestSetB">
    <failure type="org.openqa.selenium.NoSuchElementException" message="no such element: Unable to locate element: {&amp;quot;method&amp;quot;:&amp;quot;id&amp;quot;,&amp;quot;selector&amp;quot;:&amp;quot;find-new-location-input&amp;quot;}
  (Session info: chrome=65.0.3325.181)
  (Driver info: chromedriver=2.36.540470 (e522d04694c7ebea4ba8821272dbef4f9b818c91),platform=Windows NT 10.0.16299 x86_64) (WARNING: The server did not provide any stacktrace information)
Command duration or timeout: 0 milliseconds
For documentation on this error, please visit: http://seleniumhq.org/exceptions/no_such_element.html
Build info: version: &amp;apos;3.6.0&amp;apos;, revision: &amp;apos;6fbf3ec767&amp;apos;, time: &amp;apos;2017-09-27T16:15:40.131Z&amp;apos;
System info: host: &amp;apos;DESKTOP-75OLIUH&amp;apos;, ip: &amp;apos;169.254.13.89&amp;apos;, os.name: &amp;apos;Windows 10&amp;apos;, os.arch: &amp;apos;amd64&amp;apos;, os.version: &amp;apos;10.0&amp;apos;, java.version: &amp;apos;1.8.0_144&amp;apos;
Driver info: org.openqa.selenium.chrome.ChromeDriver
Capabilities [{mobileEmulationEnabled=false, hasTouchScreen=false, platform=XP, acceptSslCerts=false, acceptInsecureCerts=false, webStorageEnabled=true, browserName=chrome, takesScreenshot=true, javascriptEnabled=true, platformName=XP, setWindowRect=true, unexpectedAlertBehaviour=, applicationCacheEnabled=false, rotatable=false, networkConnectionEnabled=false, chrome={chromedriverVersion=2.36.540470 (e522d04694c7ebea4ba8821272dbef4f9b818c91), userDataDir=C:\Users\imran\AppData\Local\Temp\scoped_dir15624_28235}, takesHeapSnapshot=true, pageLoadStrategy=normal, unhandledPromptBehavior=, databaseEnabled=false, handlesAlerts=true, version=65.0.3325.181, browserConnectionEnabled=false, nativeEvents=true, locationContextEnabled=true, cssSelectorsEnabled=true}]
Session ID: 635be264621e483c532ced183c74f2ca
*** Element info: {Using=id, value=find-new-location-input}">
      <![CDATA[org.openqa.selenium.NoSuchElementException: no such element: Unable to locate element: {"method":"id","selector":"find-new-location-input"}
  (Session info: chrome=65.0.3325.181)
  (Driver info: chromedriver=2.36.540470 (e522d04694c7ebea4ba8821272dbef4f9b818c91),platform=Windows NT 10.0.16299 x86_64) (WARNING: The server did not provide any stacktrace information)
Command duration or timeout: 0 milliseconds
For documentation on this error, please visit: http://seleniumhq.org/exceptions/no_such_element.html
Build info: version: '3.6.0', revision: '6fbf3ec767', time: '2017-09-27T16:15:40.131Z'
System info: host: 'DESKTOP-75OLIUH', ip: '169.254.13.89', os.name: 'Windows 10', os.arch: 'amd64', os.version: '10.0', java.version: '1.8.0_144'
Driver info: org.openqa.selenium.chrome.ChromeDriver
Capabilities [{mobileEmulationEnabled=false, hasTouchScreen=false, platform=XP, acceptSslCerts=false, acceptInsecureCerts=false, webStorageEnabled=true, browserName=chrome, takesScreenshot=true, javascriptEnabled=true, platformName=XP, setWindowRect=true, unexpectedAlertBehaviour=, applicationCacheEnabled=false, rotatable=false, networkConnectionEnabled=false, chrome={chromedriverVersion=2.36.540470 (e522d04694c7ebea4ba8821272dbef4f9b818c91), userDataDir=C:\Users\imran\AppData\Local\Temp\scoped_dir15624_28235}, takesHeapSnapshot=true, pageLoadStrategy=normal, unhandledPromptBehavior=, databaseEnabled=false, handlesAlerts=true, version=65.0.3325.181, browserConnectionEnabled=false, nativeEvents=true, locationContextEnabled=true, cssSelectorsEnabled=true}]
Session ID: 635be264621e483c532ced183c74f2ca
*** Element info: {Using=id, value=find-new-location-input}
	at org.openqa.selenium.remote.ErrorHandler.createThrowable(ErrorHandler.java:214)
	at org.openqa.selenium.remote.ErrorHandler.throwIfResponseFailed(ErrorHandler.java:166)
	at org.openqa.selenium.remote.http.JsonHttpResponseCodec.reconstructValue(JsonHttpResponseCodec.java:40)
	at org.openqa.selenium.remote.http.AbstractHttpResponseCodec.decode(AbstractHttpResponseCodec.java:82)
	at org.openqa.selenium.remote.http.AbstractHttpResponseCodec.decode(AbstractHttpResponseCodec.java:45)
	at org.openqa.selenium.remote.HttpCommandExecutor.execute(HttpCommandExecutor.java:164)
	at org.openqa.selenium.remote.service.DriverCommandExecutor.execute(DriverCommandExecutor.java:83)
	at org.openqa.selenium.remote.RemoteWebDriver.execute(RemoteWebDriver.java:586)
	at org.openqa.selenium.remote.RemoteWebDriver.findElement(RemoteWebDriver.java:356)
	at org.openqa.selenium.remote.RemoteWebDriver.findElementById(RemoteWebDriver.java:402)
	at org.openqa.selenium.By$ById.findElement(By.java:218)
	at org.openqa.selenium.remote.RemoteWebDriver.findElement(RemoteWebDriver.java:348)
	at walmart.TestSetB.StoreFinder(TestSetB.java:228)
	at walmart.TestSetB.TC_506_StoreFinder_GoogleChromeBrowser(TestSetB.java:247)
... Removed 29 stack frames]]>
    </failure>
  </testcase> <!-- TC_506_StoreFinder_GoogleChromeBrowser -->
  <testcase name="TC_506_StoreFinder_InternetExplorerBrowser" time="2.188" classname="walmart.TestSetB">
    <failure type="org.openqa.selenium.WebDriverException" message="Failed to navigate to http://www.walmart.com. This usually means that a call to the COM method IWebBrowser2::Navigate2() failed.
Build info: version: &amp;apos;3.6.0&amp;apos;, revision: &amp;apos;6fbf3ec767&amp;apos;, time: &amp;apos;2017-09-27T16:15:40.131Z&amp;apos;
System info: host: &amp;apos;DESKTOP-75OLIUH&amp;apos;, ip: &amp;apos;169.254.13.89&amp;apos;, os.name: &amp;apos;Windows 10&amp;apos;, os.arch: &amp;apos;amd64&amp;apos;, os.version: &amp;apos;10.0&amp;apos;, java.version: &amp;apos;1.8.0_144&amp;apos;
Driver info: org.openqa.selenium.ie.InternetExplorerDriver
Capabilities [{acceptInsecureCerts=false, browserVersion=11, se:ieOptions={nativeEvents=true, browserAttachTimeout=0, ie.ensureCleanSession=false, elementScrollBehavior=0, enablePersistentHover=true, ie.browserCommandLineSwitches=, ie.forceCreateProcessApi=false, requireWindowFocus=false, initialBrowserUrl=http://localhost:49141/, ignoreZoomSetting=false, ie.fileUploadDialogTimeout=3000, ignoreProtectedModeSettings=false}, browserName=internet explorer, pageLoadStrategy=normal, javascriptEnabled=true, platformName=WINDOWS, setWindowRect=true, platform=WINDOWS}]
Session ID: 8bc812c6-6266-489d-83a9-21beb248a98e">
      <![CDATA[org.openqa.selenium.WebDriverException: Failed to navigate to http://www.walmart.com. This usually means that a call to the COM method IWebBrowser2::Navigate2() failed.
Build info: version: '3.6.0', revision: '6fbf3ec767', time: '2017-09-27T16:15:40.131Z'
System info: host: 'DESKTOP-75OLIUH', ip: '169.254.13.89', os.name: 'Windows 10', os.arch: 'amd64', os.version: '10.0', java.version: '1.8.0_144'
Driver info: org.openqa.selenium.ie.InternetExplorerDriver
Capabilities [{acceptInsecureCerts=false, browserVersion=11, se:ieOptions={nativeEvents=true, browserAttachTimeout=0, ie.ensureCleanSession=false, elementScrollBehavior=0, enablePersistentHover=true, ie.browserCommandLineSwitches=, ie.forceCreateProcessApi=false, requireWindowFocus=false, initialBrowserUrl=http://localhost:49141/, ignoreZoomSetting=false, ie.fileUploadDialogTimeout=3000, ignoreProtectedModeSettings=false}, browserName=internet explorer, pageLoadStrategy=normal, javascriptEnabled=true, platformName=WINDOWS, setWindowRect=true, platform=WINDOWS}]
Session ID: 8bc812c6-6266-489d-83a9-21beb248a98e
	at org.openqa.selenium.remote.http.W3CHttpResponseCodec.createException(W3CHttpResponseCodec.java:185)
	at org.openqa.selenium.remote.http.W3CHttpResponseCodec.decode(W3CHttpResponseCodec.java:120)
	at org.openqa.selenium.remote.http.W3CHttpResponseCodec.decode(W3CHttpResponseCodec.java:49)
	at org.openqa.selenium.remote.HttpCommandExecutor.execute(HttpCommandExecutor.java:164)
	at org.openqa.selenium.remote.service.DriverCommandExecutor.execute(DriverCommandExecutor.java:83)
	at org.openqa.selenium.remote.RemoteWebDriver.execute(RemoteWebDriver.java:586)
	at org.openqa.selenium.remote.RemoteWebDriver.get(RemoteWebDriver.java:310)
	at afterLoginIn.CommonAPI.getDriver(CommonAPI.java:136)
	at walmart.TestSetB.StoreFinder(TestSetB.java:222)
	at walmart.TestSetB.TC_506_StoreFinder_InternetExplorerBrowser(TestSetB.java:271)
... Removed 29 stack frames]]>
    </failure>
  </testcase> <!-- TC_506_StoreFinder_InternetExplorerBrowser -->
  <testcase name="TC_506_StoreFinder_MicrosoftEdgeBrowser" time="28.753" classname="walmart.TestSetB">
    <failure type="org.openqa.selenium.NoSuchElementException" message="No such element (WARNING: The server did not provide any stacktrace information)
Command duration or timeout: 0 milliseconds
For documentation on this error, please visit: http://seleniumhq.org/exceptions/no_such_element.html
Build info: version: &amp;apos;3.6.0&amp;apos;, revision: &amp;apos;6fbf3ec767&amp;apos;, time: &amp;apos;2017-09-27T16:15:40.131Z&amp;apos;
System info: host: &amp;apos;DESKTOP-75OLIUH&amp;apos;, ip: &amp;apos;169.254.13.89&amp;apos;, os.name: &amp;apos;Windows 10&amp;apos;, os.arch: &amp;apos;amd64&amp;apos;, os.version: &amp;apos;10.0&amp;apos;, java.version: &amp;apos;1.8.0_144&amp;apos;
Driver info: org.openqa.selenium.edge.EdgeDriver
Capabilities [{applicationCacheEnabled=true, InPrivate=false, pageLoadStrategy=normal, platform=WINDOWS, acceptSslCerts=true, browserVersion=41.16299.371.0, platformVersion=10, locationContextEnabled=true, webStorageEnabled=true, browserName=MicrosoftEdge, takesScreenshot=true, takesElementScreenshot=true, javascriptEnabled=true, platformName=WINDOWS}]
Session ID: B2D65660-8F91-4C7B-B154-8C2329AA227A
*** Element info: {Using=id, value=find-new-location-input}">
      <![CDATA[org.openqa.selenium.NoSuchElementException: No such element (WARNING: The server did not provide any stacktrace information)
Command duration or timeout: 0 milliseconds
For documentation on this error, please visit: http://seleniumhq.org/exceptions/no_such_element.html
Build info: version: '3.6.0', revision: '6fbf3ec767', time: '2017-09-27T16:15:40.131Z'
System info: host: 'DESKTOP-75OLIUH', ip: '169.254.13.89', os.name: 'Windows 10', os.arch: 'amd64', os.version: '10.0', java.version: '1.8.0_144'
Driver info: org.openqa.selenium.edge.EdgeDriver
Capabilities [{applicationCacheEnabled=true, InPrivate=false, pageLoadStrategy=normal, platform=WINDOWS, acceptSslCerts=true, browserVersion=41.16299.371.0, platformVersion=10, locationContextEnabled=true, webStorageEnabled=true, browserName=MicrosoftEdge, takesScreenshot=true, takesElementScreenshot=true, javascriptEnabled=true, platformName=WINDOWS}]
Session ID: B2D65660-8F91-4C7B-B154-8C2329AA227A
*** Element info: {Using=id, value=find-new-location-input}
	at org.openqa.selenium.remote.ErrorHandler.createThrowable(ErrorHandler.java:214)
	at org.openqa.selenium.remote.ErrorHandler.throwIfResponseFailed(ErrorHandler.java:166)
	at org.openqa.selenium.remote.http.JsonHttpResponseCodec.reconstructValue(JsonHttpResponseCodec.java:40)
	at org.openqa.selenium.remote.http.AbstractHttpResponseCodec.decode(AbstractHttpResponseCodec.java:82)
	at org.openqa.selenium.remote.http.AbstractHttpResponseCodec.decode(AbstractHttpResponseCodec.java:45)
	at org.openqa.selenium.remote.HttpCommandExecutor.execute(HttpCommandExecutor.java:164)
	at org.openqa.selenium.remote.service.DriverCommandExecutor.execute(DriverCommandExecutor.java:83)
	at org.openqa.selenium.remote.RemoteWebDriver.execute(RemoteWebDriver.java:586)
	at org.openqa.selenium.remote.RemoteWebDriver.findElement(RemoteWebDriver.java:356)
	at org.openqa.selenium.remote.RemoteWebDriver.findElementById(RemoteWebDriver.java:402)
	at org.openqa.selenium.By$ById.findElement(By.java:218)
	at org.openqa.selenium.remote.RemoteWebDriver.findElement(RemoteWebDriver.java:348)
	at walmart.TestSetB.StoreFinder(TestSetB.java:228)
	at walmart.TestSetB.TC_506_StoreFinder_MicrosoftEdgeBrowser(TestSetB.java:263)
... Removed 29 stack frames]]>
    </failure>
  </testcase> <!-- TC_506_StoreFinder_MicrosoftEdgeBrowser -->
  <testcase name="TC_510_WeeklyAdd_GoogleChrome" time="59.332" classname="walmart.TestSetB"/>
  <testcase name="TC_511_WeeklyAdd_Firefox" time="69.419" classname="walmart.TestSetB"/>
  <testcase name="TC_512_WeeklyAdd_MicorsoftEdge" time="54.412" classname="walmart.TestSetB"/>
  <testcase name="TC_513_WeeklyAdd_InternetExplorer" time="1.808" classname="walmart.TestSetB">
    <failure type="org.openqa.selenium.WebDriverException" message="Failed to navigate to http://www.walmart.com. This usually means that a call to the COM method IWebBrowser2::Navigate2() failed.
Build info: version: &amp;apos;3.6.0&amp;apos;, revision: &amp;apos;6fbf3ec767&amp;apos;, time: &amp;apos;2017-09-27T16:15:40.131Z&amp;apos;
System info: host: &amp;apos;DESKTOP-75OLIUH&amp;apos;, ip: &amp;apos;169.254.13.89&amp;apos;, os.name: &amp;apos;Windows 10&amp;apos;, os.arch: &amp;apos;amd64&amp;apos;, os.version: &amp;apos;10.0&amp;apos;, java.version: &amp;apos;1.8.0_144&amp;apos;
Driver info: org.openqa.selenium.ie.InternetExplorerDriver
Capabilities [{acceptInsecureCerts=false, browserVersion=11, se:ieOptions={nativeEvents=true, browserAttachTimeout=0, ie.ensureCleanSession=false, elementScrollBehavior=0, enablePersistentHover=true, ie.browserCommandLineSwitches=, ie.forceCreateProcessApi=false, requireWindowFocus=false, initialBrowserUrl=http://localhost:49015/, ignoreZoomSetting=false, ie.fileUploadDialogTimeout=3000, ignoreProtectedModeSettings=false}, browserName=internet explorer, pageLoadStrategy=normal, javascriptEnabled=true, platformName=WINDOWS, setWindowRect=true, platform=WINDOWS}]
Session ID: 1925e954-bdea-4b65-a6ea-57d3a4ffd06a">
      <![CDATA[org.openqa.selenium.WebDriverException: Failed to navigate to http://www.walmart.com. This usually means that a call to the COM method IWebBrowser2::Navigate2() failed.
Build info: version: '3.6.0', revision: '6fbf3ec767', time: '2017-09-27T16:15:40.131Z'
System info: host: 'DESKTOP-75OLIUH', ip: '169.254.13.89', os.name: 'Windows 10', os.arch: 'amd64', os.version: '10.0', java.version: '1.8.0_144'
Driver info: org.openqa.selenium.ie.InternetExplorerDriver
Capabilities [{acceptInsecureCerts=false, browserVersion=11, se:ieOptions={nativeEvents=true, browserAttachTimeout=0, ie.ensureCleanSession=false, elementScrollBehavior=0, enablePersistentHover=true, ie.browserCommandLineSwitches=, ie.forceCreateProcessApi=false, requireWindowFocus=false, initialBrowserUrl=http://localhost:49015/, ignoreZoomSetting=false, ie.fileUploadDialogTimeout=3000, ignoreProtectedModeSettings=false}, browserName=internet explorer, pageLoadStrategy=normal, javascriptEnabled=true, platformName=WINDOWS, setWindowRect=true, platform=WINDOWS}]
Session ID: 1925e954-bdea-4b65-a6ea-57d3a4ffd06a
	at org.openqa.selenium.remote.http.W3CHttpResponseCodec.createException(W3CHttpResponseCodec.java:185)
	at org.openqa.selenium.remote.http.W3CHttpResponseCodec.decode(W3CHttpResponseCodec.java:120)
	at org.openqa.selenium.remote.http.W3CHttpResponseCodec.decode(W3CHttpResponseCodec.java:49)
	at org.openqa.selenium.remote.HttpCommandExecutor.execute(HttpCommandExecutor.java:164)
	at org.openqa.selenium.remote.service.DriverCommandExecutor.execute(DriverCommandExecutor.java:83)
	at org.openqa.selenium.remote.RemoteWebDriver.execute(RemoteWebDriver.java:586)
	at org.openqa.selenium.remote.RemoteWebDriver.get(RemoteWebDriver.java:310)
	at afterLoginIn.CommonAPI.getDriver(CommonAPI.java:136)
	at walmart.TestSetB.WeeklyAdd(TestSetB.java:278)
	at walmart.TestSetB.TC_513_WeeklyAdd_InternetExplorer(TestSetB.java:316)
... Removed 29 stack frames]]>
    </failure>
  </testcase> <!-- TC_513_WeeklyAdd_InternetExplorer -->
  <testcase name="ValidLogin" time="30.042" classname="walmart.TestSetB">
    <failure type="org.openqa.selenium.NoSuchElementException" message="no such element: Unable to locate element: {&amp;quot;method&amp;quot;:&amp;quot;xpath&amp;quot;,&amp;quot;selector&amp;quot;:&amp;quot;/html/body/div/div/div/div/header/div/div[2]/div/div/div/div/div/div[6]/div/div/div/div[1]/a&amp;quot;}
  (Session info: chrome=65.0.3325.181)
  (Driver info: chromedriver=2.36.540470 (e522d04694c7ebea4ba8821272dbef4f9b818c91),platform=Windows NT 10.0.16299 x86_64) (WARNING: The server did not provide any stacktrace information)
Command duration or timeout: 0 milliseconds
For documentation on this error, please visit: http://seleniumhq.org/exceptions/no_such_element.html
Build info: version: &amp;apos;3.6.0&amp;apos;, revision: &amp;apos;6fbf3ec767&amp;apos;, time: &amp;apos;2017-09-27T16:15:40.131Z&amp;apos;
System info: host: &amp;apos;DESKTOP-75OLIUH&amp;apos;, ip: &amp;apos;169.254.13.89&amp;apos;, os.name: &amp;apos;Windows 10&amp;apos;, os.arch: &amp;apos;amd64&amp;apos;, os.version: &amp;apos;10.0&amp;apos;, java.version: &amp;apos;1.8.0_144&amp;apos;
Driver info: org.openqa.selenium.chrome.ChromeDriver
Capabilities [{mobileEmulationEnabled=false, hasTouchScreen=false, platform=XP, acceptSslCerts=false, acceptInsecureCerts=false, webStorageEnabled=true, browserName=chrome, takesScreenshot=true, javascriptEnabled=true, platformName=XP, setWindowRect=true, unexpectedAlertBehaviour=, applicationCacheEnabled=false, rotatable=false, networkConnectionEnabled=false, chrome={chromedriverVersion=2.36.540470 (e522d04694c7ebea4ba8821272dbef4f9b818c91), userDataDir=C:\Users\imran\AppData\Local\Temp\scoped_dir15616_32517}, takesHeapSnapshot=true, pageLoadStrategy=normal, unhandledPromptBehavior=, databaseEnabled=false, handlesAlerts=true, version=65.0.3325.181, browserConnectionEnabled=false, nativeEvents=true, locationContextEnabled=true, cssSelectorsEnabled=true}]
Session ID: 0be32032e04014d3211468f2f672e513
*** Element info: {Using=xpath, value=/html/body/div/div/div/div/header/div/div[2]/div/div/div/div/div/div[6]/div/div/div/div[1]/a}">
      <![CDATA[org.openqa.selenium.NoSuchElementException: no such element: Unable to locate element: {"method":"xpath","selector":"/html/body/div/div/div/div/header/div/div[2]/div/div/div/div/div/div[6]/div/div/div/div[1]/a"}
  (Session info: chrome=65.0.3325.181)
  (Driver info: chromedriver=2.36.540470 (e522d04694c7ebea4ba8821272dbef4f9b818c91),platform=Windows NT 10.0.16299 x86_64) (WARNING: The server did not provide any stacktrace information)
Command duration or timeout: 0 milliseconds
For documentation on this error, please visit: http://seleniumhq.org/exceptions/no_such_element.html
Build info: version: '3.6.0', revision: '6fbf3ec767', time: '2017-09-27T16:15:40.131Z'
System info: host: 'DESKTOP-75OLIUH', ip: '169.254.13.89', os.name: 'Windows 10', os.arch: 'amd64', os.version: '10.0', java.version: '1.8.0_144'
Driver info: org.openqa.selenium.chrome.ChromeDriver
Capabilities [{mobileEmulationEnabled=false, hasTouchScreen=false, platform=XP, acceptSslCerts=false, acceptInsecureCerts=false, webStorageEnabled=true, browserName=chrome, takesScreenshot=true, javascriptEnabled=true, platformName=XP, setWindowRect=true, unexpectedAlertBehaviour=, applicationCacheEnabled=false, rotatable=false, networkConnectionEnabled=false, chrome={chromedriverVersion=2.36.540470 (e522d04694c7ebea4ba8821272dbef4f9b818c91), userDataDir=C:\Users\imran\AppData\Local\Temp\scoped_dir15616_32517}, takesHeapSnapshot=true, pageLoadStrategy=normal, unhandledPromptBehavior=, databaseEnabled=false, handlesAlerts=true, version=65.0.3325.181, browserConnectionEnabled=false, nativeEvents=true, locationContextEnabled=true, cssSelectorsEnabled=true}]
Session ID: 0be32032e04014d3211468f2f672e513
*** Element info: {Using=xpath, value=/html/body/div/div/div/div/header/div/div[2]/div/div/div/div/div/div[6]/div/div/div/div[1]/a}
	at org.openqa.selenium.remote.ErrorHandler.createThrowable(ErrorHandler.java:214)
	at org.openqa.selenium.remote.ErrorHandler.throwIfResponseFailed(ErrorHandler.java:166)
	at org.openqa.selenium.remote.http.JsonHttpResponseCodec.reconstructValue(JsonHttpResponseCodec.java:40)
	at org.openqa.selenium.remote.http.AbstractHttpResponseCodec.decode(AbstractHttpResponseCodec.java:82)
	at org.openqa.selenium.remote.http.AbstractHttpResponseCodec.decode(AbstractHttpResponseCodec.java:45)
	at org.openqa.selenium.remote.HttpCommandExecutor.execute(HttpCommandExecutor.java:164)
	at org.openqa.selenium.remote.service.DriverCommandExecutor.execute(DriverCommandExecutor.java:83)
	at org.openqa.selenium.remote.RemoteWebDriver.execute(RemoteWebDriver.java:586)
	at org.openqa.selenium.remote.RemoteWebDriver.findElement(RemoteWebDriver.java:356)
	at org.openqa.selenium.remote.RemoteWebDriver.findElementByXPath(RemoteWebDriver.java:458)
	at org.openqa.selenium.By$ByXPath.findElement(By.java:361)
	at org.openqa.selenium.remote.RemoteWebDriver.findElement(RemoteWebDriver.java:348)
	at walmart.TestSetB.ValidLogin(TestSetB.java:204)
... Removed 29 stack frames]]>
    </failure>
  </testcase> <!-- ValidLogin -->
  <testcase name="CountryListOnOnlineBanking" time="17.186" classname="hsbc.TestSetC">
    <failure type="org.openqa.selenium.NoSuchElementException" message="no such element: Unable to locate element: {&amp;quot;method&amp;quot;:&amp;quot;xpath&amp;quot;,&amp;quot;selector&amp;quot;:&amp;quot;//*[@id=&amp;quot;Form1&amp;quot;]/div[3]/div[5]/div/div[2]/div/article[3]/section[1]/fieldset/div/div/div[1]/div[2]/span&amp;quot;}
  (Session info: chrome=65.0.3325.181)
  (Driver info: chromedriver=2.36.540470 (e522d04694c7ebea4ba8821272dbef4f9b818c91),platform=Windows NT 10.0.16299 x86_64) (WARNING: The server did not provide any stacktrace information)
Command duration or timeout: 0 milliseconds
For documentation on this error, please visit: http://seleniumhq.org/exceptions/no_such_element.html
Build info: version: &amp;apos;3.6.0&amp;apos;, revision: &amp;apos;6fbf3ec767&amp;apos;, time: &amp;apos;2017-09-27T16:15:40.131Z&amp;apos;
System info: host: &amp;apos;DESKTOP-75OLIUH&amp;apos;, ip: &amp;apos;169.254.13.89&amp;apos;, os.name: &amp;apos;Windows 10&amp;apos;, os.arch: &amp;apos;amd64&amp;apos;, os.version: &amp;apos;10.0&amp;apos;, java.version: &amp;apos;1.8.0_144&amp;apos;
Driver info: org.openqa.selenium.chrome.ChromeDriver
Capabilities [{mobileEmulationEnabled=false, hasTouchScreen=false, platform=XP, acceptSslCerts=false, acceptInsecureCerts=false, webStorageEnabled=true, browserName=chrome, takesScreenshot=true, javascriptEnabled=true, platformName=XP, setWindowRect=true, unexpectedAlertBehaviour=, applicationCacheEnabled=false, rotatable=false, networkConnectionEnabled=false, chrome={chromedriverVersion=2.36.540470 (e522d04694c7ebea4ba8821272dbef4f9b818c91), userDataDir=C:\Users\imran\AppData\Local\Temp\scoped_dir6400_21984}, takesHeapSnapshot=true, pageLoadStrategy=normal, unhandledPromptBehavior=, databaseEnabled=false, handlesAlerts=true, version=65.0.3325.181, browserConnectionEnabled=false, nativeEvents=true, locationContextEnabled=true, cssSelectorsEnabled=true}]
Session ID: a82a3cd469031b72845a869776fdfad1
*** Element info: {Using=xpath, value=//*[@id=&amp;quot;Form1&amp;quot;]/div[3]/div[5]/div/div[2]/div/article[3]/section[1]/fieldset/div/div/div[1]/div[2]/span}">
      <![CDATA[org.openqa.selenium.NoSuchElementException: no such element: Unable to locate element: {"method":"xpath","selector":"//*[@id="Form1"]/div[3]/div[5]/div/div[2]/div/article[3]/section[1]/fieldset/div/div/div[1]/div[2]/span"}
  (Session info: chrome=65.0.3325.181)
  (Driver info: chromedriver=2.36.540470 (e522d04694c7ebea4ba8821272dbef4f9b818c91),platform=Windows NT 10.0.16299 x86_64) (WARNING: The server did not provide any stacktrace information)
Command duration or timeout: 0 milliseconds
For documentation on this error, please visit: http://seleniumhq.org/exceptions/no_such_element.html
Build info: version: '3.6.0', revision: '6fbf3ec767', time: '2017-09-27T16:15:40.131Z'
System info: host: 'DESKTOP-75OLIUH', ip: '169.254.13.89', os.name: 'Windows 10', os.arch: 'amd64', os.version: '10.0', java.version: '1.8.0_144'
Driver info: org.openqa.selenium.chrome.ChromeDriver
Capabilities [{mobileEmulationEnabled=false, hasTouchScreen=false, platform=XP, acceptSslCerts=false, acceptInsecureCerts=false, webStorageEnabled=true, browserName=chrome, takesScreenshot=true, javascriptEnabled=true, platformName=XP, setWindowRect=true, unexpectedAlertBehaviour=, applicationCacheEnabled=false, rotatable=false, networkConnectionEnabled=false, chrome={chromedriverVersion=2.36.540470 (e522d04694c7ebea4ba8821272dbef4f9b818c91), userDataDir=C:\Users\imran\AppData\Local\Temp\scoped_dir6400_21984}, takesHeapSnapshot=true, pageLoadStrategy=normal, unhandledPromptBehavior=, databaseEnabled=false, handlesAlerts=true, version=65.0.3325.181, browserConnectionEnabled=false, nativeEvents=true, locationContextEnabled=true, cssSelectorsEnabled=true}]
Session ID: a82a3cd469031b72845a869776fdfad1
*** Element info: {Using=xpath, value=//*[@id="Form1"]/div[3]/div[5]/div/div[2]/div/article[3]/section[1]/fieldset/div/div/div[1]/div[2]/span}
	at org.openqa.selenium.remote.ErrorHandler.createThrowable(ErrorHandler.java:214)
	at org.openqa.selenium.remote.ErrorHandler.throwIfResponseFailed(ErrorHandler.java:166)
	at org.openqa.selenium.remote.http.JsonHttpResponseCodec.reconstructValue(JsonHttpResponseCodec.java:40)
	at org.openqa.selenium.remote.http.AbstractHttpResponseCodec.decode(AbstractHttpResponseCodec.java:82)
	at org.openqa.selenium.remote.http.AbstractHttpResponseCodec.decode(AbstractHttpResponseCodec.java:45)
	at org.openqa.selenium.remote.HttpCommandExecutor.execute(HttpCommandExecutor.java:164)
	at org.openqa.selenium.remote.service.DriverCommandExecutor.execute(DriverCommandExecutor.java:83)
	at org.openqa.selenium.remote.RemoteWebDriver.execute(RemoteWebDriver.java:586)
	at org.openqa.selenium.remote.RemoteWebDriver.findElement(RemoteWebDriver.java:356)
	at org.openqa.selenium.remote.RemoteWebDriver.findElementByXPath(RemoteWebDriver.java:458)
	at org.openqa.selenium.By$ByXPath.findElement(By.java:361)
	at org.openqa.selenium.remote.RemoteWebDriver.findElement(RemoteWebDriver.java:348)
	at hsbc.TestSetC.CountryListOnOnlineBanking(TestSetC.java:74)
... Removed 29 stack frames]]>
    </failure>
  </testcase> <!-- CountryListOnOnlineBanking -->
  <testcase name="displayMousOverDropdownList" time="21.084" classname="hsbc.TestSetC"/>
  <testcase name="scrollUpAndDown" time="23.299" classname="hsbc.TestSetC"/>
  <testcase name="LoginAndLogout_4Browses" time="24.11" classname="facebook.testSetD">
    <failure type="org.openqa.selenium.WebDriverException" message="unknown error: Element &amp;lt;a aria-haspopup=&amp;quot;true&amp;quot; aria-labelledby=&amp;quot;userNavigationLabel&amp;quot; class=&amp;quot;_5lxs _3qct _p&amp;quot; data-gt=&amp;quot;{&amp;amp;quot;ref&amp;amp;quot;:&amp;amp;quot;async_menu&amp;amp;quot;,&amp;amp;quot;logout_menu_click&amp;amp;quot;:&amp;amp;quot;async_menu&amp;amp;quot;}&amp;quot; href=&amp;quot;https://www.facebook.com/settings?ref=mb&amp;amp;amp;drop&amp;quot; id=&amp;quot;pageLoginAnchor&amp;quot; rel=&amp;quot;toggle&amp;quot; role=&amp;quot;button&amp;quot; aria-expanded=&amp;quot;false&amp;quot;&amp;gt;...&amp;lt;/a&amp;gt; is not clickable at point (1009, 21). Other element would receive the click: &amp;lt;div class=&amp;quot;_3ixn&amp;quot;&amp;gt;&amp;lt;/div&amp;gt;
  (Session info: chrome=65.0.3325.181)
  (Driver info: chromedriver=2.36.540470 (e522d04694c7ebea4ba8821272dbef4f9b818c91),platform=Windows NT 10.0.16299 x86_64) (WARNING: The server did not provide any stacktrace information)
Command duration or timeout: 0 milliseconds
Build info: version: &amp;apos;3.6.0&amp;apos;, revision: &amp;apos;6fbf3ec767&amp;apos;, time: &amp;apos;2017-09-27T16:15:40.131Z&amp;apos;
System info: host: &amp;apos;DESKTOP-75OLIUH&amp;apos;, ip: &amp;apos;169.254.13.89&amp;apos;, os.name: &amp;apos;Windows 10&amp;apos;, os.arch: &amp;apos;amd64&amp;apos;, os.version: &amp;apos;10.0&amp;apos;, java.version: &amp;apos;1.8.0_144&amp;apos;
Driver info: org.openqa.selenium.chrome.ChromeDriver
Capabilities [{mobileEmulationEnabled=false, hasTouchScreen=false, platform=XP, acceptSslCerts=false, acceptInsecureCerts=false, webStorageEnabled=true, browserName=chrome, takesScreenshot=true, javascriptEnabled=true, platformName=XP, setWindowRect=true, unexpectedAlertBehaviour=, applicationCacheEnabled=false, rotatable=false, networkConnectionEnabled=false, chrome={chromedriverVersion=2.36.540470 (e522d04694c7ebea4ba8821272dbef4f9b818c91), userDataDir=C:\Users\imran\AppData\Local\Temp\scoped_dir19168_11370}, takesHeapSnapshot=true, pageLoadStrategy=normal, unhandledPromptBehavior=, databaseEnabled=false, handlesAlerts=true, version=65.0.3325.181, browserConnectionEnabled=false, nativeEvents=true, locationContextEnabled=true, cssSelectorsEnabled=true}]
Session ID: 7709072e1b0ea87cbdb76a5c9f0622c0">
      <![CDATA[org.openqa.selenium.WebDriverException: unknown error: Element <a aria-haspopup="true" aria-labelledby="userNavigationLabel" class="_5lxs _3qct _p" data-gt="{&quot;ref&quot;:&quot;async_menu&quot;,&quot;logout_menu_click&quot;:&quot;async_menu&quot;}" href="https://www.facebook.com/settings?ref=mb&amp;drop" id="pageLoginAnchor" rel="toggle" role="button" aria-expanded="false">...</a> is not clickable at point (1009, 21). Other element would receive the click: <div class="_3ixn"></div>
  (Session info: chrome=65.0.3325.181)
  (Driver info: chromedriver=2.36.540470 (e522d04694c7ebea4ba8821272dbef4f9b818c91),platform=Windows NT 10.0.16299 x86_64) (WARNING: The server did not provide any stacktrace information)
Command duration or timeout: 0 milliseconds
Build info: version: '3.6.0', revision: '6fbf3ec767', time: '2017-09-27T16:15:40.131Z'
System info: host: 'DESKTOP-75OLIUH', ip: '169.254.13.89', os.name: 'Windows 10', os.arch: 'amd64', os.version: '10.0', java.version: '1.8.0_144'
Driver info: org.openqa.selenium.chrome.ChromeDriver
Capabilities [{mobileEmulationEnabled=false, hasTouchScreen=false, platform=XP, acceptSslCerts=false, acceptInsecureCerts=false, webStorageEnabled=true, browserName=chrome, takesScreenshot=true, javascriptEnabled=true, platformName=XP, setWindowRect=true, unexpectedAlertBehaviour=, applicationCacheEnabled=false, rotatable=false, networkConnectionEnabled=false, chrome={chromedriverVersion=2.36.540470 (e522d04694c7ebea4ba8821272dbef4f9b818c91), userDataDir=C:\Users\imran\AppData\Local\Temp\scoped_dir19168_11370}, takesHeapSnapshot=true, pageLoadStrategy=normal, unhandledPromptBehavior=, databaseEnabled=false, handlesAlerts=true, version=65.0.3325.181, browserConnectionEnabled=false, nativeEvents=true, locationContextEnabled=true, cssSelectorsEnabled=true}]
Session ID: 7709072e1b0ea87cbdb76a5c9f0622c0
	at org.openqa.selenium.remote.ErrorHandler.createThrowable(ErrorHandler.java:214)
	at org.openqa.selenium.remote.ErrorHandler.throwIfResponseFailed(ErrorHandler.java:166)
	at org.openqa.selenium.remote.http.JsonHttpResponseCodec.reconstructValue(JsonHttpResponseCodec.java:40)
	at org.openqa.selenium.remote.http.AbstractHttpResponseCodec.decode(AbstractHttpResponseCodec.java:82)
	at org.openqa.selenium.remote.http.AbstractHttpResponseCodec.decode(AbstractHttpResponseCodec.java:45)
	at org.openqa.selenium.remote.HttpCommandExecutor.execute(HttpCommandExecutor.java:164)
	at org.openqa.selenium.remote.service.DriverCommandExecutor.execute(DriverCommandExecutor.java:83)
	at org.openqa.selenium.remote.RemoteWebDriver.execute(RemoteWebDriver.java:586)
	at org.openqa.selenium.remote.RemoteWebElement.execute(RemoteWebElement.java:279)
	at org.openqa.selenium.remote.RemoteWebElement.click(RemoteWebElement.java:83)
	at facebook.testSetD.LoginAndLogout_4Browses(testSetD.java:73)
... Removed 29 stack frames]]>
    </failure>
  </testcase> <!-- LoginAndLogout_4Browses -->
  <testcase name="LoginAndLogout_Chrome" time="22.076" classname="facebook.testSetD">
    <failure type="org.openqa.selenium.WebDriverException" message="unknown error: Element &amp;lt;a aria-haspopup=&amp;quot;true&amp;quot; aria-labelledby=&amp;quot;userNavigationLabel&amp;quot; class=&amp;quot;_5lxs _3qct _p&amp;quot; data-gt=&amp;quot;{&amp;amp;quot;ref&amp;amp;quot;:&amp;amp;quot;async_menu&amp;amp;quot;,&amp;amp;quot;logout_menu_click&amp;amp;quot;:&amp;amp;quot;async_menu&amp;amp;quot;}&amp;quot; href=&amp;quot;https://www.facebook.com/settings?ref=mb&amp;amp;amp;drop&amp;quot; id=&amp;quot;pageLoginAnchor&amp;quot; rel=&amp;quot;toggle&amp;quot; role=&amp;quot;button&amp;quot; aria-expanded=&amp;quot;false&amp;quot;&amp;gt;...&amp;lt;/a&amp;gt; is not clickable at point (1009, 21). Other element would receive the click: &amp;lt;div class=&amp;quot;_3ixn&amp;quot;&amp;gt;&amp;lt;/div&amp;gt;
  (Session info: chrome=65.0.3325.181)
  (Driver info: chromedriver=2.36.540470 (e522d04694c7ebea4ba8821272dbef4f9b818c91),platform=Windows NT 10.0.16299 x86_64) (WARNING: The server did not provide any stacktrace information)
Command duration or timeout: 0 milliseconds
Build info: version: &amp;apos;3.6.0&amp;apos;, revision: &amp;apos;6fbf3ec767&amp;apos;, time: &amp;apos;2017-09-27T16:15:40.131Z&amp;apos;
System info: host: &amp;apos;DESKTOP-75OLIUH&amp;apos;, ip: &amp;apos;169.254.13.89&amp;apos;, os.name: &amp;apos;Windows 10&amp;apos;, os.arch: &amp;apos;amd64&amp;apos;, os.version: &amp;apos;10.0&amp;apos;, java.version: &amp;apos;1.8.0_144&amp;apos;
Driver info: org.openqa.selenium.chrome.ChromeDriver
Capabilities [{mobileEmulationEnabled=false, hasTouchScreen=false, platform=XP, acceptSslCerts=false, acceptInsecureCerts=false, webStorageEnabled=true, browserName=chrome, takesScreenshot=true, javascriptEnabled=true, platformName=XP, setWindowRect=true, unexpectedAlertBehaviour=, applicationCacheEnabled=false, rotatable=false, networkConnectionEnabled=false, chrome={chromedriverVersion=2.36.540470 (e522d04694c7ebea4ba8821272dbef4f9b818c91), userDataDir=C:\Users\imran\AppData\Local\Temp\scoped_dir4492_19293}, takesHeapSnapshot=true, pageLoadStrategy=normal, unhandledPromptBehavior=, databaseEnabled=false, handlesAlerts=true, version=65.0.3325.181, browserConnectionEnabled=false, nativeEvents=true, locationContextEnabled=true, cssSelectorsEnabled=true}]
Session ID: 43038072fd1937a5da05c18457d23865">
      <![CDATA[org.openqa.selenium.WebDriverException: unknown error: Element <a aria-haspopup="true" aria-labelledby="userNavigationLabel" class="_5lxs _3qct _p" data-gt="{&quot;ref&quot;:&quot;async_menu&quot;,&quot;logout_menu_click&quot;:&quot;async_menu&quot;}" href="https://www.facebook.com/settings?ref=mb&amp;drop" id="pageLoginAnchor" rel="toggle" role="button" aria-expanded="false">...</a> is not clickable at point (1009, 21). Other element would receive the click: <div class="_3ixn"></div>
  (Session info: chrome=65.0.3325.181)
  (Driver info: chromedriver=2.36.540470 (e522d04694c7ebea4ba8821272dbef4f9b818c91),platform=Windows NT 10.0.16299 x86_64) (WARNING: The server did not provide any stacktrace information)
Command duration or timeout: 0 milliseconds
Build info: version: '3.6.0', revision: '6fbf3ec767', time: '2017-09-27T16:15:40.131Z'
System info: host: 'DESKTOP-75OLIUH', ip: '169.254.13.89', os.name: 'Windows 10', os.arch: 'amd64', os.version: '10.0', java.version: '1.8.0_144'
Driver info: org.openqa.selenium.chrome.ChromeDriver
Capabilities [{mobileEmulationEnabled=false, hasTouchScreen=false, platform=XP, acceptSslCerts=false, acceptInsecureCerts=false, webStorageEnabled=true, browserName=chrome, takesScreenshot=true, javascriptEnabled=true, platformName=XP, setWindowRect=true, unexpectedAlertBehaviour=, applicationCacheEnabled=false, rotatable=false, networkConnectionEnabled=false, chrome={chromedriverVersion=2.36.540470 (e522d04694c7ebea4ba8821272dbef4f9b818c91), userDataDir=C:\Users\imran\AppData\Local\Temp\scoped_dir4492_19293}, takesHeapSnapshot=true, pageLoadStrategy=normal, unhandledPromptBehavior=, databaseEnabled=false, handlesAlerts=true, version=65.0.3325.181, browserConnectionEnabled=false, nativeEvents=true, locationContextEnabled=true, cssSelectorsEnabled=true}]
Session ID: 43038072fd1937a5da05c18457d23865
	at org.openqa.selenium.remote.ErrorHandler.createThrowable(ErrorHandler.java:214)
	at org.openqa.selenium.remote.ErrorHandler.throwIfResponseFailed(ErrorHandler.java:166)
	at org.openqa.selenium.remote.http.JsonHttpResponseCodec.reconstructValue(JsonHttpResponseCodec.java:40)
	at org.openqa.selenium.remote.http.AbstractHttpResponseCodec.decode(AbstractHttpResponseCodec.java:82)
	at org.openqa.selenium.remote.http.AbstractHttpResponseCodec.decode(AbstractHttpResponseCodec.java:45)
	at org.openqa.selenium.remote.HttpCommandExecutor.execute(HttpCommandExecutor.java:164)
	at org.openqa.selenium.remote.service.DriverCommandExecutor.execute(DriverCommandExecutor.java:83)
	at org.openqa.selenium.remote.RemoteWebDriver.execute(RemoteWebDriver.java:586)
	at org.openqa.selenium.remote.RemoteWebElement.execute(RemoteWebElement.java:279)
	at org.openqa.selenium.remote.RemoteWebElement.click(RemoteWebElement.java:83)
	at facebook.testSetD.LoginAndLogout_Chrome(testSetD.java:108)
... Removed 29 stack frames]]>
    </failure>
  </testcase> <!-- LoginAndLogout_Chrome -->
  <testcase name="LoginAndLogout_Firefox" time="27.273" classname="facebook.testSetD">
    <failure type="org.openqa.selenium.ElementClickInterceptedException" message="Element &amp;lt;a id=&amp;quot;pageLoginAnchor&amp;quot; class=&amp;quot;_5lxs _3qct _p&amp;quot; href=&amp;quot;https://www.facebook.com/settings?ref=mb&amp;amp;drop&amp;quot;&amp;gt; is not clickable at point (1175.5,21) because another element &amp;lt;div class=&amp;quot;_3ixn&amp;quot;&amp;gt; obscures it
Build info: version: &amp;apos;3.6.0&amp;apos;, revision: &amp;apos;6fbf3ec767&amp;apos;, time: &amp;apos;2017-09-27T16:15:40.131Z&amp;apos;
System info: host: &amp;apos;DESKTOP-75OLIUH&amp;apos;, ip: &amp;apos;169.254.13.89&amp;apos;, os.name: &amp;apos;Windows 10&amp;apos;, os.arch: &amp;apos;amd64&amp;apos;, os.version: &amp;apos;10.0&amp;apos;, java.version: &amp;apos;1.8.0_144&amp;apos;
Driver info: org.openqa.selenium.firefox.FirefoxDriver
Capabilities [{moz:profile=C:\Users\imran\AppData\Local\Temp\rust_mozprofile.XgbSRP5edlJ3, rotatable=false, timeouts={implicit=0, pageLoad=300000, script=30000}, pageLoadStrategy=normal, moz:headless=false, platform=XP, moz:accessibilityChecks=false, moz:useNonSpecCompliantPointerOrigin=false, acceptInsecureCerts=true, browserVersion=59.0.2, platformVersion=10.0, moz:processID=14768, browserName=firefox, javascriptEnabled=true, platformName=XP, moz:webdriverClick=true}]
Session ID: 946a0110-844d-4030-bd52-fe2f436d3fb7">
      <![CDATA[org.openqa.selenium.ElementClickInterceptedException: Element <a id="pageLoginAnchor" class="_5lxs _3qct _p" href="https://www.facebook.com/settings?ref=mb&drop"> is not clickable at point (1175.5,21) because another element <div class="_3ixn"> obscures it
Build info: version: '3.6.0', revision: '6fbf3ec767', time: '2017-09-27T16:15:40.131Z'
System info: host: 'DESKTOP-75OLIUH', ip: '169.254.13.89', os.name: 'Windows 10', os.arch: 'amd64', os.version: '10.0', java.version: '1.8.0_144'
Driver info: org.openqa.selenium.firefox.FirefoxDriver
Capabilities [{moz:profile=C:\Users\imran\AppData\Local\Temp\rust_mozprofile.XgbSRP5edlJ3, rotatable=false, timeouts={implicit=0, pageLoad=300000, script=30000}, pageLoadStrategy=normal, moz:headless=false, platform=XP, moz:accessibilityChecks=false, moz:useNonSpecCompliantPointerOrigin=false, acceptInsecureCerts=true, browserVersion=59.0.2, platformVersion=10.0, moz:processID=14768, browserName=firefox, javascriptEnabled=true, platformName=XP, moz:webdriverClick=true}]
Session ID: 946a0110-844d-4030-bd52-fe2f436d3fb7
	at org.openqa.selenium.remote.http.W3CHttpResponseCodec.createException(W3CHttpResponseCodec.java:185)
	at org.openqa.selenium.remote.http.W3CHttpResponseCodec.decode(W3CHttpResponseCodec.java:120)
	at org.openqa.selenium.remote.http.W3CHttpResponseCodec.decode(W3CHttpResponseCodec.java:49)
	at org.openqa.selenium.remote.HttpCommandExecutor.execute(HttpCommandExecutor.java:164)
	at org.openqa.selenium.remote.service.DriverCommandExecutor.execute(DriverCommandExecutor.java:83)
	at org.openqa.selenium.remote.RemoteWebDriver.execute(RemoteWebDriver.java:586)
	at org.openqa.selenium.remote.RemoteWebElement.execute(RemoteWebElement.java:279)
	at org.openqa.selenium.remote.RemoteWebElement.click(RemoteWebElement.java:83)
	at facebook.testSetD.LoginAndLogout_Firefox(testSetD.java:184)
... Removed 29 stack frames]]>
    </failure>
  </testcase> <!-- LoginAndLogout_Firefox -->
  <testcase name="LoginAndLogout_IE" time="1.364" classname="facebook.testSetD">
    <failure type="org.openqa.selenium.WebDriverException" message="Failed to navigate to https://www.facebook.com. This usually means that a call to the COM method IWebBrowser2::Navigate2() failed.
Build info: version: &amp;apos;3.6.0&amp;apos;, revision: &amp;apos;6fbf3ec767&amp;apos;, time: &amp;apos;2017-09-27T16:15:40.131Z&amp;apos;
System info: host: &amp;apos;DESKTOP-75OLIUH&amp;apos;, ip: &amp;apos;169.254.13.89&amp;apos;, os.name: &amp;apos;Windows 10&amp;apos;, os.arch: &amp;apos;amd64&amp;apos;, os.version: &amp;apos;10.0&amp;apos;, java.version: &amp;apos;1.8.0_144&amp;apos;
Driver info: org.openqa.selenium.ie.InternetExplorerDriver
Capabilities [{acceptInsecureCerts=false, browserVersion=11, se:ieOptions={nativeEvents=true, browserAttachTimeout=0, ie.ensureCleanSession=false, elementScrollBehavior=0, enablePersistentHover=true, ie.browserCommandLineSwitches=, ie.forceCreateProcessApi=false, requireWindowFocus=false, initialBrowserUrl=http://localhost:16202/, ignoreZoomSetting=false, ie.fileUploadDialogTimeout=3000, ignoreProtectedModeSettings=false}, browserName=internet explorer, pageLoadStrategy=normal, javascriptEnabled=true, platformName=WINDOWS, setWindowRect=true, platform=WINDOWS}]
Session ID: 1d9ed2e4-3db8-4b1c-9312-ee72e51e75db">
      <![CDATA[org.openqa.selenium.WebDriverException: Failed to navigate to https://www.facebook.com. This usually means that a call to the COM method IWebBrowser2::Navigate2() failed.
Build info: version: '3.6.0', revision: '6fbf3ec767', time: '2017-09-27T16:15:40.131Z'
System info: host: 'DESKTOP-75OLIUH', ip: '169.254.13.89', os.name: 'Windows 10', os.arch: 'amd64', os.version: '10.0', java.version: '1.8.0_144'
Driver info: org.openqa.selenium.ie.InternetExplorerDriver
Capabilities [{acceptInsecureCerts=false, browserVersion=11, se:ieOptions={nativeEvents=true, browserAttachTimeout=0, ie.ensureCleanSession=false, elementScrollBehavior=0, enablePersistentHover=true, ie.browserCommandLineSwitches=, ie.forceCreateProcessApi=false, requireWindowFocus=false, initialBrowserUrl=http://localhost:16202/, ignoreZoomSetting=false, ie.fileUploadDialogTimeout=3000, ignoreProtectedModeSettings=false}, browserName=internet explorer, pageLoadStrategy=normal, javascriptEnabled=true, platformName=WINDOWS, setWindowRect=true, platform=WINDOWS}]
Session ID: 1d9ed2e4-3db8-4b1c-9312-ee72e51e75db
	at org.openqa.selenium.remote.http.W3CHttpResponseCodec.createException(W3CHttpResponseCodec.java:185)
	at org.openqa.selenium.remote.http.W3CHttpResponseCodec.decode(W3CHttpResponseCodec.java:120)
	at org.openqa.selenium.remote.http.W3CHttpResponseCodec.decode(W3CHttpResponseCodec.java:49)
	at org.openqa.selenium.remote.HttpCommandExecutor.execute(HttpCommandExecutor.java:164)
	at org.openqa.selenium.remote.service.DriverCommandExecutor.execute(DriverCommandExecutor.java:83)
	at org.openqa.selenium.remote.RemoteWebDriver.execute(RemoteWebDriver.java:586)
	at org.openqa.selenium.remote.RemoteWebDriver.get(RemoteWebDriver.java:310)
	at afterLoginIn.CommonAPI.getDriver(CommonAPI.java:136)
	at facebook.testSetD.LoginAndLogout_IE(testSetD.java:200)
... Removed 29 stack frames]]>
    </failure>
  </testcase> <!-- LoginAndLogout_IE -->
  <testcase name="LoginAndLogout_MicrosoftEdge" time="15.141" classname="facebook.testSetD">
    <failure type="org.openqa.selenium.WebDriverException" message="Element is obscured (WARNING: The server did not provide any stacktrace information)
Command duration or timeout: 0 milliseconds
Build info: version: &amp;apos;3.6.0&amp;apos;, revision: &amp;apos;6fbf3ec767&amp;apos;, time: &amp;apos;2017-09-27T16:15:40.131Z&amp;apos;
System info: host: &amp;apos;DESKTOP-75OLIUH&amp;apos;, ip: &amp;apos;169.254.13.89&amp;apos;, os.name: &amp;apos;Windows 10&amp;apos;, os.arch: &amp;apos;amd64&amp;apos;, os.version: &amp;apos;10.0&amp;apos;, java.version: &amp;apos;1.8.0_144&amp;apos;
Driver info: org.openqa.selenium.edge.EdgeDriver
Capabilities [{applicationCacheEnabled=true, InPrivate=false, pageLoadStrategy=normal, platform=WINDOWS, acceptSslCerts=true, browserVersion=41.16299.371.0, platformVersion=10, locationContextEnabled=true, webStorageEnabled=true, browserName=MicrosoftEdge, takesScreenshot=true, takesElementScreenshot=true, javascriptEnabled=true, platformName=WINDOWS}]
Session ID: 7180A198-1609-4A9D-B0E8-F22AF5B5A322">
      <![CDATA[org.openqa.selenium.WebDriverException: Element is obscured (WARNING: The server did not provide any stacktrace information)
Command duration or timeout: 0 milliseconds
Build info: version: '3.6.0', revision: '6fbf3ec767', time: '2017-09-27T16:15:40.131Z'
[...]
Session ID: 58D9D7CE-E4B8-4135-BF95-E086C34DF2C8
*** Element info: {Using=id, value=zip_step}">
      <![CDATA[org.openqa.selenium.NoSuchElementException: No such element (WARNING: The server did not provide any stacktrace information)
Command duration or timeout: 0 milliseconds
For documentation on this error, please visit: http://seleniumhq.org/exceptions/no_such_element.html
Build info: version: '3.6.0', revision: '6fbf3ec767', time: '2017-09-27T16:15:40.131Z'
System info: host: 'DESKTOP-75OLIUH', ip: '169.254.13.89', os.name: 'Windows 10', os.arch: 'amd64', os.version: '10.0', java.version: '1.8.0_144'
Driver info: org.openqa.selenium.edge.EdgeDriver
Capabilities [{applicationCacheEnabled=true, InPrivate=false, pageLoadStrategy=normal, platform=WINDOWS, acceptSslCerts=true, browserVersion=41.16299.371.0, platformVersion=10, locationContextEnabled=true, webStorageEnabled=true, browserName=MicrosoftEdge, takesScreenshot=true, takesElementScreenshot=true, javascriptEnabled=true, platformName=WINDOWS}]
Session ID: 58D9D7CE-E4B8-4135-BF95-E086C34DF2C8
*** Element info: {Using=id, value=zip_step}
	at org.openqa.selenium.remote.ErrorHandler.createThrowable(ErrorHandler.java:214)
	at org.openqa.selenium.remote.ErrorHandler.throwIfResponseFailed(ErrorHandler.java:166)
	at org.openqa.selenium.remote.http.JsonHttpResponseCodec.reconstructValue(JsonHttpResponseCodec.java:40)
	at org.openqa.selenium.remote.http.AbstractHttpResponseCodec.decode(AbstractHttpResponseCodec.java:82)
	at org.openqa.selenium.remote.http.AbstractHttpResponseCodec.decode(AbstractHttpResponseCodec.java:45)
	at org.openqa.selenium.remote.HttpCommandExecutor.execute(HttpCommandExecutor.java:164)
	at org.openqa.selenium.remote.service.DriverCommandExecutor.execute(DriverCommandExecutor.java:83)
	at org.openqa.selenium.remote.RemoteWebDriver.execute(RemoteWebDriver.java:586)
	at org.openqa.selenium.remote.RemoteWebDriver.findElement(RemoteWebDriver.java:356)
	at org.openqa.selenium.remote.RemoteWebDriver.findElementById(RemoteWebDriver.java:402)
	at org.openqa.selenium.By$ById.findElement(By.java:218)
	at org.openqa.selenium.remote.RemoteWebDriver.findElement(RemoteWebDriver.java:348)
	at FTD.TestSetK.ProcessCheckOut(TestSetK.java:205)
	at FTD.TestSetK.SearchAbility(TestSetK.java:174)
... Removed 28 stack frames]]>
    </failure>
  </testcase> <!-- SearchAbility -->
  <testcase name="SearchAbility_FlowerType" time="283.853" classname="FTD.TestSetK"/>
  <testcase name="SearchAbility_Keyword" time="242.254" classname="FTD.TestSetK"/>
  <testcase name="SelectA_Rose_FireFox" time="92.176" classname="FTD.TestSetK"/>
  <testcase name="SelectA_Rose_GoogleChrome" time="79.774" classname="FTD.TestSetK">
    <failure type="org.openqa.selenium.WebDriverException" message="unknown error: session deleted because of page crash
from tab crashed
  (Session info: chrome=65.0.3325.181)
  (Driver info: chromedriver=2.36.540470 (e522d04694c7ebea4ba8821272dbef4f9b818c91),platform=Windows NT 10.0.16299 x86_64) (WARNING: The server did not provide any stacktrace information)
Command duration or timeout: 0 milliseconds
Build info: version: &amp;apos;3.6.0&amp;apos;, revision: &amp;apos;6fbf3ec767&amp;apos;, time: &amp;apos;2017-09-27T16:15:40.131Z&amp;apos;
System info: host: &amp;apos;DESKTOP-75OLIUH&amp;apos;, ip: &amp;apos;169.254.13.89&amp;apos;, os.name: &amp;apos;Windows 10&amp;apos;, os.arch: &amp;apos;amd64&amp;apos;, os.version: &amp;apos;10.0&amp;apos;, java.version: &amp;apos;1.8.0_144&amp;apos;
Driver info: org.openqa.selenium.chrome.ChromeDriver
Capabilities [{mobileEmulationEnabled=false, hasTouchScreen=false, platform=XP, acceptSslCerts=false, acceptInsecureCerts=false, webStorageEnabled=true, browserName=chrome, takesScreenshot=true, javascriptEnabled=true, platformName=XP, setWindowRect=true, unexpectedAlertBehaviour=, applicationCacheEnabled=false, rotatable=false, networkConnectionEnabled=false, chrome={chromedriverVersion=2.36.540470 (e522d04694c7ebea4ba8821272dbef4f9b818c91), userDataDir=C:\Users\imran\AppData\Local\Temp\scoped_dir10820_21291}, takesHeapSnapshot=true, pageLoadStrategy=normal, unhandledPromptBehavior=, databaseEnabled=false, handlesAlerts=true, version=65.0.3325.181, browserConnectionEnabled=false, nativeEvents=true, locationContextEnabled=true, cssSelectorsEnabled=true}]
Session ID: 02168c52c58c941abfe168e8759a6198">
      <![CDATA[org.openqa.selenium.WebDriverException: unknown error: session deleted because of page crash
from tab crashed
  (Session info: chrome=65.0.3325.181)
  (Driver info: chromedriver=2.36.540470 (e522d04694c7ebea4ba8821272dbef4f9b818c91),platform=Windows NT 10.0.16299 x86_64) (WARNING: The server did not provide any stacktrace information)
Command duration or timeout: 0 milliseconds
Build info: version: '3.6.0', revision: '6fbf3ec767', time: '2017-09-27T16:15:40.131Z'
System info: host: 'DESKTOP-75OLIUH', ip: '169.254.13.89', os.name: 'Windows 10', os.arch: 'amd64', os.version: '10.0', java.version: '1.8.0_144'
Driver info: org.openqa.selenium.chrome.ChromeDriver
Capabilities [{mobileEmulationEnabled=false, hasTouchScreen=false, platform=XP, acceptSslCerts=false, acceptInsecureCerts=false, webStorageEnabled=true, browserName=chrome, takesScreenshot=true, javascriptEnabled=true, platformName=XP, setWindowRect=true, unexpectedAlertBehaviour=, applicationCacheEnabled=false, rotatable=false, networkConnectionEnabled=false, chrome={chromedriverVersion=2.36.540470 (e522d04694c7ebea4ba8821272dbef4f9b818c91), userDataDir=C:\Users\imran\AppData\Local\Temp\scoped_dir10820_21291}, takesHeapSnapshot=true, pageLoadStrategy=normal, unhandledPromptBehavior=, databaseEnabled=false, handlesAlerts=true, version=65.0.3325.181, browserConnectionEnabled=false, nativeEvents=true, locationContextEnabled=true, cssSelectorsEnabled=true}]
Session ID: 02168c52c58c941abfe168e8759a6198
	at org.openqa.selenium.remote.ErrorHandler.createThrowable(ErrorHandler.java:214)
	at org.openqa.selenium.remote.ErrorHandler.throwIfResponseFailed(ErrorHandler.java:166)
	at org.openqa.selenium.remote.http.JsonHttpResponseCodec.reconstructValue(JsonHttpResponseCodec.java:40)
	at org.openqa.selenium.remote.http.AbstractHttpResponseCodec.decode(AbstractHttpResponseCodec.java:82)
	at org.openqa.selenium.remote.http.AbstractHttpResponseCodec.decode(AbstractHttpResponseCodec.java:45)
	at org.openqa.selenium.remote.HttpCommandExecutor.execute(HttpCommandExecutor.java:164)
	at org.openqa.selenium.remote.service.DriverCommandExecutor.execute(DriverCommandExecutor.java:83)
	at org.openqa.selenium.remote.RemoteWebDriver.execute(RemoteWebDriver.java:586)
	at org.openqa.selenium.remote.RemoteWebElement.execute(RemoteWebElement.java:279)
	at org.openqa.selenium.remote.RemoteWebElement.click(RemoteWebElement.java:83)
	at FTD.TestSetK.SelectARedRose_Baby(TestSetK.java:121)
	at FTD.TestSetK.SelectA_Rose_GoogleChrome(TestSetK.java:43)
... Removed 29 stack frames]]>
    </failure>
  </testcase> <!-- SelectA_Rose_GoogleChrome -->
  <testcase name="SelectA_Rose_InternetExplorer" time="1.883" classname="FTD.TestSetK">
    <failure type="org.openqa.selenium.WebDriverException" message="Failed to navigate to https://www.ftd.com/roses-ctg/product-roses-alt4. This usually means that a call to the COM method IWebBrowser2::Navigate2() failed.
Build info: version: &amp;apos;3.6.0&amp;apos;, revision: &amp;apos;6fbf3ec767&amp;apos;, time: &amp;apos;2017-09-27T16:15:40.131Z&amp;apos;
System info: host: &amp;apos;DESKTOP-75OLIUH&amp;apos;, ip: &amp;apos;169.254.13.89&amp;apos;, os.name: &amp;apos;Windows 10&amp;apos;, os.arch: &amp;apos;amd64&amp;apos;, os.version: &amp;apos;10.0&amp;apos;, java.version: &amp;apos;1.8.0_144&amp;apos;
Driver info: org.openqa.selenium.ie.InternetExplorerDriver
Capabilities [{acceptInsecureCerts=false, browserVersion=11, se:ieOptions={nativeEvents=true, browserAttachTimeout=0, ie.ensureCleanSession=false, elementScrollBehavior=0, enablePersistentHover=true, ie.browserCommandLineSwitches=, ie.forceCreateProcessApi=false, requireWindowFocus=false, initialBrowserUrl=http://localhost:42320/, ignoreZoomSetting=false, ie.fileUploadDialogTimeout=3000, ignoreProtectedModeSettings=false}, browserName=internet explorer, pageLoadStrategy=normal, javascriptEnabled=true, platformName=WINDOWS, setWindowRect=true, platform=WINDOWS}]
Session ID: 8e508760-8c3c-4d9e-bf0e-1e7dc1ab12de">
      <![CDATA[org.openqa.selenium.WebDriverException: Failed to navigate to https://www.ftd.com/roses-ctg/product-roses-alt4. This usually means that a call to the COM method IWebBrowser2::Navigate2() failed.
Build info: version: '3.6.0', revision: '6fbf3ec767', time: '2017-09-27T16:15:40.131Z'
System info: host: 'DESKTOP-75OLIUH', ip: '169.254.13.89', os.name: 'Windows 10', os.arch: 'amd64', os.version: '10.0', java.version: '1.8.0_144'
Driver info: org.openqa.selenium.ie.InternetExplorerDriver
Capabilities [{acceptInsecureCerts=false, browserVersion=11, se:ieOptions={nativeEvents=true, browserAttachTimeout=0, ie.ensureCleanSession=false, elementScrollBehavior=0, enablePersistentHover=true, ie.browserCommandLineSwitches=, ie.forceCreateProcessApi=false, requireWindowFocus=false, initialBrowserUrl=http://localhost:42320/, ignoreZoomSetting=false, ie.fileUploadDialogTimeout=3000, ignoreProtectedModeSettings=false}, browserName=internet explorer, pageLoadStrategy=normal, javascriptEnabled=true, platformName=WINDOWS, setWindowRect=true, platform=WINDOWS}]
Session ID: 8e508760-8c3c-4d9e-bf0e-1e7dc1ab12de
	at org.openqa.selenium.remote.http.W3CHttpResponseCodec.createException(W3CHttpResponseCodec.java:185)
	at org.openqa.selenium.remote.http.W3CHttpResponseCodec.decode(W3CHttpResponseCodec.java:120)
	at org.openqa.selenium.remote.http.W3CHttpResponseCodec.decode(W3CHttpResponseCodec.java:49)
	at org.openqa.selenium.remote.HttpCommandExecutor.execute(HttpCommandExecutor.java:164)
	at org.openqa.selenium.remote.service.DriverCommandExecutor.execute(DriverCommandExecutor.java:83)
	at org.openqa.selenium.remote.RemoteWebDriver.execute(RemoteWebDriver.java:586)
	at org.openqa.selenium.remote.RemoteWebDriver.get(RemoteWebDriver.java:310)
	at afterLoginIn.CommonAPI.getDriver(CommonAPI.java:136)
	at FTD.TestSetK.SelectARedRose_Baby(TestSetK.java:76)
	at FTD.TestSetK.SelectA_Rose_InternetExplorer(TestSetK.java:68)
... Removed 29 stack frames]]>
    </failure>
  </testcase> <!-- SelectA_Rose_InternetExplorer -->
  <testcase name="SelectA_Rose_MicorsoftEdge" time="35.88" classname="FTD.TestSetK">
    <failure type="org.openqa.selenium.WebDriverException" message="Element is obscured (WARNING: The server did not provide any stacktrace information)
Command duration or timeout: 0 milliseconds
Build info: version: &amp;apos;3.6.0&amp;apos;, revision: &amp;apos;6fbf3ec767&amp;apos;, time: &amp;apos;2017-09-27T16:15:40.131Z&amp;apos;
System info: host: &amp;apos;DESKTOP-75OLIUH&amp;apos;, ip: &amp;apos;169.254.13.89&amp;apos;, os.name: &amp;apos;Windows 10&amp;apos;, os.arch: &amp;apos;amd64&amp;apos;, os.version: &amp;apos;10.0&amp;apos;, java.version: &amp;apos;1.8.0_144&amp;apos;
Driver info: org.openqa.selenium.edge.EdgeDriver
Capabilities [{applicationCacheEnabled=true, InPrivate=false, pageLoadStrategy=normal, platform=WINDOWS, acceptSslCerts=true, browserVersion=41.16299.371.0, platformVersion=10, locationContextEnabled=true, webStorageEnabled=true, browserName=MicrosoftEdge, takesScreenshot=true, takesElementScreenshot=true, javascriptEnabled=true, platformName=WINDOWS}]
Session ID: E5D149E7-47C7-41FE-8849-685FDFB69A37">
      <![CDATA[org.openqa.selenium.WebDriverException: Element is obscured (WARNING: The server did not provide any stacktrace information)
Command duration or timeout: 0 milliseconds
Build info: version: '3.6.0', revision: '6fbf3ec767', time: '2017-09-27T16:15:40.131Z'
System info: host: 'DESKTOP-75OLIUH', ip: '169.254.13.89', os.name: 'Windows 10', os.arch: 'amd64', os.version: '10.0', java.version: '1.8.0_144'
Driver info: org.openqa.selenium.edge.EdgeDriver
Capabilities [{applicationCacheEnabled=true, InPrivate=false, pageLoadStrategy=normal, platform=WINDOWS, acceptSslCerts=true, browserVersion=41.16299.371.0, platformVersion=10, locationContextEnabled=true, webStorageEnabled=true, browserName=MicrosoftEdge, takesScreenshot=true, takesElementScreenshot=true, javascriptEnabled=true, platformName=WINDOWS}]
Session ID: E5D149E7-47C7-41FE-8849-685FDFB69A37
	at org.openqa.selenium.remote.ErrorHandler.createThrowable(ErrorHandler.java:214)
	at org.openqa.selenium.remote.ErrorHandler.throwIfResponseFailed(ErrorHandler.java:166)
	at org.openqa.selenium.remote.http.JsonHttpResponseCodec.reconstructValue(JsonHttpResponseCodec.java:40)
	at org.openqa.selenium.remote.http.AbstractHttpResponseCodec.decode(AbstractHttpResponseCodec.java:82)
	at org.openqa.selenium.remote.http.AbstractHttpResponseCodec.decode(AbstractHttpResponseCodec.java:45)
	at org.openqa.selenium.remote.HttpCommandExecutor.execute(HttpCommandExecutor.java:164)
	at org.openqa.selenium.remote.service.DriverCommandExecutor.execute(DriverCommandExecutor.java:83)
	at org.openqa.selenium.remote.RemoteWebDriver.execute(RemoteWebDriver.java:586)
	at org.openqa.selenium.remote.RemoteWebElement.execute(RemoteWebElement.java:279)
	at org.openqa.selenium.remote.RemoteWebElement.click(RemoteWebElement.java:83)
	at FTD.TestSetK.SelectARedRose_Baby(TestSetK.java:96)
	at FTD.TestSetK.SelectA_Rose_MicorsoftEdge(TestSetK.java:60)
... Removed 29 stack frames]]>
    </failure>
  </testcase> <!-- SelectA_Rose_MicorsoftEdge -->
  <testcase name="TC_107_All8selectors_EMWRLA" time="51.932" classname="FTD.TestSetK"/>
  <testcase name="TC_111_AnalystCoverage" time="44.034" classname="FTD.TestSetK"/>
  <testcase name="Tc_110_SNI" time="45.509" classname="FTD.TestSetK">
    <failure type="junit.framework.AssertionFailedError" message="FaceBook image did not work properly">
      <![CDATA[junit.framework.AssertionFailedError: FaceBook image did not work properly
	at junit.framework.Assert.fail(Assert.java:57)
	at FTD.TestSetK.SocialNetworkingImageCheck(TestSetK.java:459)
	at FTD.TestSetK.Tc_110_SNI(TestSetK.java:407)
... Removed 25 stack frames]]>
    </failure>
  </testcase> <!-- Tc_110_SNI -->
  <testcase name="Tc_110_SNI_UsingFindBy" time="86.965" classname="FTD.TestSetK"/>
  <testcase name="TC_101_LoginCheck_AutomationObjectModel" time="84.953" classname="AOL_AutomationScripts.Automation_Test_SuiteOne"/>
  <testcase name="TC_102_POM_ScrollDownOnPersonalFinancePage" time="119.294" classname="AOL_AutomationScripts.Automation_Test_SuiteOne"/>
  <testcase name="TC_103_POM_EmailCountInTheInbox" time="56.717" classname="AOL_AutomationScripts.Automation_Test_SuiteOne"/>
  <testcase name="TC_104_POM_SendEmailAutomatically" time="96.863" classname="AOL_AutomationScripts.Automation_Test_SuiteOne">
    <failure type="org.openqa.selenium.ElementClickInterceptedException" message="Element &amp;lt;div class=&amp;quot;unselectable btn composeBtn&amp;quot;&amp;gt; is not clickable at point (85,123.5) because another element &amp;lt;div id=&amp;quot;dijit__WidgetsInTemplateMixin_1bg&amp;quot;&amp;gt; obscures it
Build info: version: &amp;apos;3.6.0&amp;apos;, revision: &amp;apos;6fbf3ec767&amp;apos;, time: &amp;apos;2017-09-27T16:15:40.131Z&amp;apos;
System info: host: &amp;apos;DESKTOP-75OLIUH&amp;apos;, ip: &amp;apos;169.254.13.89&amp;apos;, os.name: &amp;apos;Windows 10&amp;apos;, os.arch: &amp;apos;amd64&amp;apos;, os.version: &amp;apos;10.0&amp;apos;, java.version: &amp;apos;1.8.0_144&amp;apos;
Driver info: org.openqa.selenium.firefox.FirefoxDriver
Capabilities [{moz:profile=C:\Users\imran\AppData\Local\Temp\rust_mozprofile.REJ5Z0vL5iQ9, rotatable=false, timeouts={implicit=0, pageLoad=300000, script=30000}, pageLoadStrategy=normal, moz:headless=false, platform=XP, moz:accessibilityChecks=false, moz:useNonSpecCompliantPointerOrigin=false, acceptInsecureCerts=true, browserVersion=59.0.2, platformVersion=10.0, moz:processID=18924, browserName=firefox, javascriptEnabled=true, platformName=XP, moz:webdriverClick=true}]
Session ID: ce5bba14-5992-4fe4-8f46-10ce15f193b5">
      <![CDATA[org.openqa.selenium.ElementClickInterceptedException: Element <div class="unselectable btn composeBtn"> is not clickable at point (85,123.5) because another element <div id="dijit__WidgetsInTemplateMixin_1bg"> obscures it
Build info: version: '3.6.0', revision: '6fbf3ec767', time: '2017-09-27T16:15:40.131Z'
System info: host: 'DESKTOP-75OLIUH', ip: '169.254.13.89', os.name: 'Windows 10', os.arch: 'amd64', os.version: '10.0', java.version: '1.8.0_144'
Driver info: org.openqa.selenium.firefox.FirefoxDriver
Capabilities [{moz:profile=C:\Users\imran\AppData\Local\Temp\rust_mozprofile.REJ5Z0vL5iQ9, rotatable=false, timeouts={implicit=0, pageLoad=300000, script=30000}, pageLoadStrategy=normal, moz:headless=false, platform=XP, moz:accessibilityChecks=false, moz:useNonSpecCompliantPointerOrigin=false, acceptInsecureCerts=true, browserVersion=59.0.2, platformVersion=10.0, moz:processID=18924, browserName=firefox, javascriptEnabled=true, platformName=XP, moz:webdriverClick=true}]
Session ID: ce5bba14-5992-4fe4-8f46-10ce15f193b5
	at org.openqa.selenium.remote.http.W3CHttpResponseCodec.createException(W3CHttpResponseCodec.java:185)
	at org.openqa.selenium.remote.http.W3CHttpResponseCodec.decode(W3CHttpResponseCodec.java:120)
	at org.openqa.selenium.remote.http.W3CHttpResponseCodec.decode(W3CHttpResponseCodec.java:49)
	at org.openqa.selenium.remote.HttpCommandExecutor.execute(HttpCommandExecutor.java:164)
	at org.openqa.selenium.remote.service.DriverCommandExecutor.execute(DriverCommandExecutor.java:83)
	at org.openqa.selenium.remote.RemoteWebDriver.execute(RemoteWebDriver.java:586)
	at org.openqa.selenium.remote.RemoteWebElement.execute(RemoteWebElement.java:279)
	at org.openqa.selenium.remote.RemoteWebElement.click(RemoteWebElement.java:83)
	at org.openqa.selenium.support.pagefactory.internal.LocatingElementHandler.invoke(LocatingElementHandler.java:51)
	at com.sun.proxy.$Proxy12.click(Unknown Source)
	at AOL_AutomationScripts.Automation_Test_SuiteOne.TC_104_POM_SendEmailAutomatically(Automation_Test_SuiteOne.java:234)
... Removed 32 stack frames]]>
    </failure>
  </testcase> <!-- TC_104_POM_SendEmailAutomatically -->
  <testcase name="TC_105_SearchCheckAfterLogin" time="148.876" classname="AOL_AutomationScripts.Automation_Test_SuiteOne"/>
  <testcase name="TC_106_SearchResultInImageFormate" time="297.209" classname="AOL_AutomationScripts.Automation_Test_SuiteOne"/>
  <testcase name="TC_107_HighlightAllLinks" time="44.72" classname="AOL_AutomationScripts.Automation_Test_SuiteOne"/>
  <testcase name="TC_108_WeatherInfo" time="63.215" classname="AOL_AutomationScripts.Automation_Test_SuiteOne"/>
  <testcase name="TC_109_NavigateToWeatherPage" time="122.494" classname="AOL_AutomationScripts.Automation_Test_SuiteOne"/>
  <testcase name="F" time="0.0" classname="Priotization"/>
  <testcase name="D" time="0.001" classname="Priotization"/>
  <testcase name="E" time="0.0" classname="Priotization"/>
  <testcase name="C" time="0.0" classname="Priotization"/>
  <testcase name="G" time="0.001" classname="Priotization"/>
  <testcase name="B" time="0.0" classname="Priotization">
    <ignored/>
  </testcase> <!-- B -->
  <testcase name="TC_514" time="0.0" classname="walmart.TestSetB">
    <ignored/>
  </testcase> <!-- TC_514 -->
  <testcase name="CountryListOnOnlineBanking3Browsers" time="0.0" classname="hsbc.TestSetC">
    <ignored/>
  </testcase> <!-- CountryListOnOnlineBanking3Browsers -->
  <testcase name="test2" time="0.0" classname="FirstClassWith2methods">
    <ignored/>
  </testcase> <!-- test2 -->
</testsuite> <!-- all -->
