<?xml version="1.0" encoding="UTF-8"?>
<!-- Generated by org.testng.reporters.JUnitXMLReporter -->
<testsuite hostname="DESKTOP-75OLIUH" ignored="19" name="all automation scripts" tests="180" failures="71" timestamp="20 Sep 2018 06:34:11 GMT" time="10845.052" errors="0">
  <testcase name="doThisBeforeAllTestsExecution" time="0.135" classname="ApplyFirst"/>
  <testcase name="F1" time="0.002" classname="Group"/>
  <testcase name="F2" time="0.001" classname="Group"/>
  <testcase name="F3" time="0.002" classname="Group"/>
  <testcase name="F4" time="0.007" classname="Group"/>
  <testcase name="F5" time="0.001" classname="Group"/>
  <testcase name="F6" time="0.002" classname="Group"/>
  <testcase name="A" time="0.001" classname="Priotization"/>
  <testcase name="UsersAreAbleToSearch" time="70.319" classname="FirstClassWith2methods"/>
  <testcase name="UsersAreAbleToSearch" time="65.27" classname="SecondClasssWith2Methods"/>
  <testcase name="test2" time="0.0" classname="SecondClasssWith2Methods"/>
  <testcase name="TC_401_Login_And_LogOut" time="33.369" classname="afterLoginIn.TestSetA">
    <failure type="org.openqa.selenium.NoSuchElementException" message="no such element: Unable to locate element: {&amp;quot;method&amp;quot;:&amp;quot;id&amp;quot;,&amp;quot;selector&amp;quot;:&amp;quot;ap_password&amp;quot;}
  (Session info: chrome=69.0.3497.100)
  (Driver info: chromedriver=2.41.578737 (49da6702b16031c40d63e5618de03a32ff6c197e),platform=Windows NT 10.0.17134 x86_64) (WARNING: The server did not provide any stacktrace information)
Command duration or timeout: 0 milliseconds
For documentation on this error, please visit: http://seleniumhq.org/exceptions/no_such_element.html
Build info: version: &amp;apos;3.6.0&amp;apos;, revision: &amp;apos;6fbf3ec767&amp;apos;, time: &amp;apos;2017-09-27T16:15:40.131Z&amp;apos;
System info: host: &amp;apos;DESKTOP-75OLIUH&amp;apos;, ip: &amp;apos;192.168.1.165&amp;apos;, os.name: &amp;apos;Windows 10&amp;apos;, os.arch: &amp;apos;amd64&amp;apos;, os.version: &amp;apos;10.0&amp;apos;, java.version: &amp;apos;1.8.0_144&amp;apos;
Driver info: org.openqa.selenium.chrome.ChromeDriver
Capabilities [{mobileEmulationEnabled=false, hasTouchScreen=false, platform=XP, acceptSslCerts=false, goog:chromeOptions={debuggerAddress=localhost:55292}, acceptInsecureCerts=false, webStorageEnabled=true, browserName=chrome, takesScreenshot=true, javascriptEnabled=true, platformName=XP, setWindowRect=true, unexpectedAlertBehaviour=, applicationCacheEnabled=false, rotatable=false, networkConnectionEnabled=false, chrome={chromedriverVersion=2.41.578737 (49da6702b16031c40d63e5618de03a32ff6c197e), userDataDir=C:\Users\imran\AppData\Local\Temp\scoped_dir12544_32329}, takesHeapSnapshot=true, unhandledPromptBehavior=, pageLoadStrategy=normal, databaseEnabled=false, handlesAlerts=true, version=69.0.3497.100, browserConnectionEnabled=false, nativeEvents=true, locationContextEnabled=true, cssSelectorsEnabled=true}]
Session ID: d5eb01025f9afdc46edd19fb238f7d02
*** Element info: {Using=id, value=ap_password}">
      <![CDATA[org.openqa.selenium.NoSuchElementException: no such element: Unable to locate element: {"method":"id","selector":"ap_password"}
  (Session info: chrome=69.0.3497.100)
  (Driver info: chromedriver=2.41.578737 (49da6702b16031c40d63e5618de03a32ff6c197e),platform=Windows NT 10.0.17134 x86_64) (WARNING: The server did not provide any stacktrace information)
Command duration or timeout: 0 milliseconds
For documentation on this error, please visit: http://seleniumhq.org/exceptions/no_such_element.html
Build info: version: '3.6.0', revision: '6fbf3ec767', time: '2017-09-27T16:15:40.131Z'
System info: host: 'DESKTOP-75OLIUH', ip: '192.168.1.165', os.name: 'Windows 10', os.arch: 'amd64', os.version: '10.0', java.version: '1.8.0_144'
Driver info: org.openqa.selenium.chrome.ChromeDriver
Capabilities [{mobileEmulationEnabled=false, hasTouchScreen=false, platform=XP, acceptSslCerts=false, goog:chromeOptions={debuggerAddress=localhost:55292}, acceptInsecureCerts=false, webStorageEnabled=true, browserName=chrome, takesScreenshot=true, javascriptEnabled=true, platformName=XP, setWindowRect=true, unexpectedAlertBehaviour=, applicationCacheEnabled=false, rotatable=false, networkConnectionEnabled=false, chrome={chromedriverVersion=2.41.578737 (49da6702b16031c40d63e5618de03a32ff6c197e), userDataDir=C:\Users\imran\AppData\Local\Temp\scoped_dir12544_32329}, takesHeapSnapshot=true, unhandledPromptBehavior=, pageLoadStrategy=normal, databaseEnabled=false, handlesAlerts=true, version=69.0.3497.100, browserConnectionEnabled=false, nativeEvents=true, locationContextEnabled=true, cssSelectorsEnabled=true}]
Session ID: d5eb01025f9afdc46edd19fb238f7d02
*** Element info: {Using=id, value=ap_password}
	at org.openqa.selenium.remote.ErrorHandler.createThrowable(ErrorHandler.java:214)
	at org.openqa.selenium.remote.ErrorHandler.throwIfResponseFailed(ErrorHandler.java:166)
	at org.openqa.selenium.remote.http.JsonHttpResponseCodec.reconstructValue(JsonHttpResponseCodec.java:40)
	at org.openqa.selenium.remote.http.AbstractHttpResponseCodec.decode(AbstractHttpResponseCodec.java:82)
	at org.openqa.selenium.remote.http.AbstractHttpResponseCodec.decode(AbstractHttpResponseCodec.java:45)
	at org.openqa.selenium.remote.HttpCommandExecutor.execute(HttpCommandExecutor.java:164)
	at org.openqa.selenium.remote.service.DriverCommandExecutor.execute(DriverCommandExecutor.java:83)
	at org.openqa.selenium.remote.RemoteWebDriver.execute(RemoteWebDriver.java:586)
	at org.openqa.selenium.remote.RemoteWebDriver.findElement(RemoteWebDriver.java:356)
	at org.openqa.selenium.remote.RemoteWebDriver.findElementById(RemoteWebDriver.java:402)
	at org.openqa.selenium.By$ById.findElement(By.java:218)
	at org.openqa.selenium.remote.RemoteWebDriver.findElement(RemoteWebDriver.java:348)
	at afterLoginIn.TestSetA.TC_401_Login_And_LogOut(TestSetA.java:48)
... Removed 29 stack frames]]>
    </failure>
  </testcase> <!-- TC_401_Login_And_LogOut -->
  <testcase name="TC_402_Login_NegativeTest" time="15.284" classname="afterLoginIn.TestSetA">
    <failure type="org.openqa.selenium.NoSuchElementException" message="no such element: Unable to locate element: {&amp;quot;method&amp;quot;:&amp;quot;id&amp;quot;,&amp;quot;selector&amp;quot;:&amp;quot;ap_password&amp;quot;}
  (Session info: chrome=69.0.3497.100)
  (Driver info: chromedriver=2.41.578737 (49da6702b16031c40d63e5618de03a32ff6c197e),platform=Windows NT 10.0.17134 x86_64) (WARNING: The server did not provide any stacktrace information)
Command duration or timeout: 0 milliseconds
For documentation on this error, please visit: http://seleniumhq.org/exceptions/no_such_element.html
Build info: version: &amp;apos;3.6.0&amp;apos;, revision: &amp;apos;6fbf3ec767&amp;apos;, time: &amp;apos;2017-09-27T16:15:40.131Z&amp;apos;
System info: host: &amp;apos;DESKTOP-75OLIUH&amp;apos;, ip: &amp;apos;192.168.1.165&amp;apos;, os.name: &amp;apos;Windows 10&amp;apos;, os.arch: &amp;apos;amd64&amp;apos;, os.version: &amp;apos;10.0&amp;apos;, java.version: &amp;apos;1.8.0_144&amp;apos;
Driver info: org.openqa.selenium.chrome.ChromeDriver
Capabilities [{mobileEmulationEnabled=false, hasTouchScreen=false, platform=XP, acceptSslCerts=false, goog:chromeOptions={debuggerAddress=localhost:55316}, acceptInsecureCerts=false, webStorageEnabled=true, browserName=chrome, takesScreenshot=true, javascriptEnabled=true, platformName=XP, setWindowRect=true, unexpectedAlertBehaviour=, applicationCacheEnabled=false, rotatable=false, networkConnectionEnabled=false, chrome={chromedriverVersion=2.41.578737 (49da6702b16031c40d63e5618de03a32ff6c197e), userDataDir=C:\Users\imran\AppData\Local\Temp\scoped_dir9736_12652}, takesHeapSnapshot=true, unhandledPromptBehavior=, pageLoadStrategy=normal, databaseEnabled=false, handlesAlerts=true, version=69.0.3497.100, browserConnectionEnabled=false, nativeEvents=true, locationContextEnabled=true, cssSelectorsEnabled=true}]
Session ID: 8d0bf4730adcede719ca598cbf1c101e
*** Element info: {Using=id, value=ap_password}">
      <![CDATA[org.openqa.selenium.NoSuchElementException: no such element: Unable to locate element: {"method":"id","selector":"ap_password"}
  (Session info: chrome=69.0.3497.100)
  (Driver info: chromedriver=2.41.578737 (49da6702b16031c40d63e5618de03a32ff6c197e),platform=Windows NT 10.0.17134 x86_64) (WARNING: The server did not provide any stacktrace information)
Command duration or timeout: 0 milliseconds
For documentation on this error, please visit: http://seleniumhq.org/exceptions/no_such_element.html
Build info: version: '3.6.0', revision: '6fbf3ec767', time: '2017-09-27T16:15:40.131Z'
System info: host: 'DESKTOP-75OLIUH', ip: '192.168.1.165', os.name: 'Windows 10', os.arch: 'amd64', os.version: '10.0', java.version: '1.8.0_144'
Driver info: org.openqa.selenium.chrome.ChromeDriver
Capabilities [{mobileEmulationEnabled=false, hasTouchScreen=false, platform=XP, acceptSslCerts=false, goog:chromeOptions={debuggerAddress=localhost:55316}, acceptInsecureCerts=false, webStorageEnabled=true, browserName=chrome, takesScreenshot=true, javascriptEnabled=true, platformName=XP, setWindowRect=true, unexpectedAlertBehaviour=, applicationCacheEnabled=false, rotatable=false, networkConnectionEnabled=false, chrome={chromedriverVersion=2.41.578737 (49da6702b16031c40d63e5618de03a32ff6c197e), userDataDir=C:\Users\imran\AppData\Local\Temp\scoped_dir9736_12652}, takesHeapSnapshot=true, unhandledPromptBehavior=, pageLoadStrategy=normal, databaseEnabled=false, handlesAlerts=true, version=69.0.3497.100, browserConnectionEnabled=false, nativeEvents=true, locationContextEnabled=true, cssSelectorsEnabled=true}]
Session ID: 8d0bf4730adcede719ca598cbf1c101e
*** Element info: {Using=id, value=ap_password}
	at org.openqa.selenium.remote.ErrorHandler.createThrowable(ErrorHandler.java:214)
	at org.openqa.selenium.remote.ErrorHandler.throwIfResponseFailed(ErrorHandler.java:166)
	at org.openqa.selenium.remote.http.JsonHttpResponseCodec.reconstructValue(JsonHttpResponseCodec.java:40)
	at org.openqa.selenium.remote.http.AbstractHttpResponseCodec.decode(AbstractHttpResponseCodec.java:82)
	at org.openqa.selenium.remote.http.AbstractHttpResponseCodec.decode(AbstractHttpResponseCodec.java:45)
	at org.openqa.selenium.remote.HttpCommandExecutor.execute(HttpCommandExecutor.java:164)
	at org.openqa.selenium.remote.service.DriverCommandExecutor.execute(DriverCommandExecutor.java:83)
	at org.openqa.selenium.remote.RemoteWebDriver.execute(RemoteWebDriver.java:586)
	at org.openqa.selenium.remote.RemoteWebDriver.findElement(RemoteWebDriver.java:356)
	at org.openqa.selenium.remote.RemoteWebDriver.findElementById(RemoteWebDriver.java:402)
	at org.openqa.selenium.By$ById.findElement(By.java:218)
	at org.openqa.selenium.remote.RemoteWebDriver.findElement(RemoteWebDriver.java:348)
	at afterLoginIn.TestSetA.TC_402_Login_NegativeTest(TestSetA.java:78)
... Removed 29 stack frames]]>
    </failure>
  </testcase> <!-- TC_402_Login_NegativeTest -->
  <testcase name="TC_403_VerifyFieldsInLoginPage" time="14.286" classname="afterLoginIn.TestSetA">
    <failure type="org.openqa.selenium.NoSuchElementException" message="no such element: Unable to locate element: {&amp;quot;method&amp;quot;:&amp;quot;xpath&amp;quot;,&amp;quot;selector&amp;quot;:&amp;quot;//*[@id=&amp;quot;a-page&amp;quot;]/div[1]/div[3]/div/div/form/div/div/div/h1&amp;quot;}
  (Session info: chrome=69.0.3497.100)
  (Driver info: chromedriver=2.41.578737 (49da6702b16031c40d63e5618de03a32ff6c197e),platform=Windows NT 10.0.17134 x86_64) (WARNING: The server did not provide any stacktrace information)
Command duration or timeout: 0 milliseconds
For documentation on this error, please visit: http://seleniumhq.org/exceptions/no_such_element.html
Build info: version: &amp;apos;3.6.0&amp;apos;, revision: &amp;apos;6fbf3ec767&amp;apos;, time: &amp;apos;2017-09-27T16:15:40.131Z&amp;apos;
System info: host: &amp;apos;DESKTOP-75OLIUH&amp;apos;, ip: &amp;apos;192.168.1.165&amp;apos;, os.name: &amp;apos;Windows 10&amp;apos;, os.arch: &amp;apos;amd64&amp;apos;, os.version: &amp;apos;10.0&amp;apos;, java.version: &amp;apos;1.8.0_144&amp;apos;
Driver info: org.openqa.selenium.chrome.ChromeDriver
Capabilities [{mobileEmulationEnabled=false, hasTouchScreen=false, platform=XP, acceptSslCerts=false, goog:chromeOptions={debuggerAddress=localhost:55336}, acceptInsecureCerts=false, webStorageEnabled=true, browserName=chrome, takesScreenshot=true, javascriptEnabled=true, platformName=XP, setWindowRect=true, unexpectedAlertBehaviour=, applicationCacheEnabled=false, rotatable=false, networkConnectionEnabled=false, chrome={chromedriverVersion=2.41.578737 (49da6702b16031c40d63e5618de03a32ff6c197e), userDataDir=C:\Users\imran\AppData\Local\Temp\scoped_dir9224_4651}, takesHeapSnapshot=true, unhandledPromptBehavior=, pageLoadStrategy=normal, databaseEnabled=false, handlesAlerts=true, version=69.0.3497.100, browserConnectionEnabled=false, nativeEvents=true, locationContextEnabled=true, cssSelectorsEnabled=true}]
Session ID: 3f736b0a619422a0285633ef5bc8aaa3
*** Element info: {Using=xpath, value=//*[@id=&amp;quot;a-page&amp;quot;]/div[1]/div[3]/div/div/form/div/div/div/h1}">
      <![CDATA[org.openqa.selenium.NoSuchElementException: no such element: Unable to locate element: {"method":"xpath","selector":"//*[@id="a-page"]/div[1]/div[3]/div/div/form/div/div/div/h1"}
  (Session info: chrome=69.0.3497.100)
  (Driver info: chromedriver=2.41.578737 (49da6702b16031c40d63e5618de03a32ff6c197e),platform=Windows NT 10.0.17134 x86_64) (WARNING: The server did not provide any stacktrace information)
Command duration or timeout: 0 milliseconds
For documentation on this error, please visit: http://seleniumhq.org/exceptions/no_such_element.html
Build info: version: '3.6.0', revision: '6fbf3ec767', time: '2017-09-27T16:15:40.131Z'
System info: host: 'DESKTOP-75OLIUH', ip: '192.168.1.165', os.name: 'Windows 10', os.arch: 'amd64', os.version: '10.0', java.version: '1.8.0_144'
Driver info: org.openqa.selenium.chrome.ChromeDriver
Capabilities [{mobileEmulationEnabled=false, hasTouchScreen=false, platform=XP, acceptSslCerts=false, goog:chromeOptions={debuggerAddress=localhost:55336}, acceptInsecureCerts=false, webStorageEnabled=true, browserName=chrome, takesScreenshot=true, javascriptEnabled=true, platformName=XP, setWindowRect=true, unexpectedAlertBehaviour=, applicationCacheEnabled=false, rotatable=false, networkConnectionEnabled=false, chrome={chromedriverVersion=2.41.578737 (49da6702b16031c40d63e5618de03a32ff6c197e), userDataDir=C:\Users\imran\AppData\Local\Temp\scoped_dir9224_4651}, takesHeapSnapshot=true, unhandledPromptBehavior=, pageLoadStrategy=normal, databaseEnabled=false, handlesAlerts=true, version=69.0.3497.100, browserConnectionEnabled=false, nativeEvents=true, locationContextEnabled=true, cssSelectorsEnabled=true}]
Session ID: 3f736b0a619422a0285633ef5bc8aaa3
*** Element info: {Using=xpath, value=//*[@id="a-page"]/div[1]/div[3]/div/div/form/div/div/div/h1}
	at org.openqa.selenium.remote.ErrorHandler.createThrowable(ErrorHandler.java:214)
	at org.openqa.selenium.remote.ErrorHandler.throwIfResponseFailed(ErrorHandler.java:166)
	at org.openqa.selenium.remote.http.JsonHttpResponseCodec.reconstructValue(JsonHttpResponseCodec.java:40)
	at org.openqa.selenium.remote.http.AbstractHttpResponseCodec.decode(AbstractHttpResponseCodec.java:82)
	at org.openqa.selenium.remote.http.AbstractHttpResponseCodec.decode(AbstractHttpResponseCodec.java:45)
	at org.openqa.selenium.remote.HttpCommandExecutor.execute(HttpCommandExecutor.java:164)
	at org.openqa.selenium.remote.service.DriverCommandExecutor.execute(DriverCommandExecutor.java:83)
	at org.openqa.selenium.remote.RemoteWebDriver.execute(RemoteWebDriver.java:586)
	at org.openqa.selenium.remote.RemoteWebDriver.findElement(RemoteWebDriver.java:356)
	at org.openqa.selenium.remote.RemoteWebDriver.findElementByXPath(RemoteWebDriver.java:458)
	at org.openqa.selenium.By$ByXPath.findElement(By.java:361)
	at org.openqa.selenium.remote.RemoteWebDriver.findElement(RemoteWebDriver.java:348)
	at afterLoginIn.TestSetA.TC_403_VerifyFieldsInLoginPage(TestSetA.java:138)
... Removed 29 stack frames]]>
    </failure>
  </testcase> <!-- TC_403_VerifyFieldsInLoginPage -->
  <testcase name="TC_404_ToolTip" time="16.833" classname="afterLoginIn.TestSetA">
    <failure type="org.openqa.selenium.NoSuchElementException" message="no such element: Unable to locate element: {&amp;quot;method&amp;quot;:&amp;quot;id&amp;quot;,&amp;quot;selector&amp;quot;:&amp;quot;remember_me_learn_more_link&amp;quot;}
  (Session info: chrome=69.0.3497.100)
  (Driver info: chromedriver=2.41.578737 (49da6702b16031c40d63e5618de03a32ff6c197e),platform=Windows NT 10.0.17134 x86_64) (WARNING: The server did not provide any stacktrace information)
Command duration or timeout: 0 milliseconds
For documentation on this error, please visit: http://seleniumhq.org/exceptions/no_such_element.html
Build info: version: &amp;apos;3.6.0&amp;apos;, revision: &amp;apos;6fbf3ec767&amp;apos;, time: &amp;apos;2017-09-27T16:15:40.131Z&amp;apos;
System info: host: &amp;apos;DESKTOP-75OLIUH&amp;apos;, ip: &amp;apos;192.168.1.165&amp;apos;, os.name: &amp;apos;Windows 10&amp;apos;, os.arch: &amp;apos;amd64&amp;apos;, os.version: &amp;apos;10.0&amp;apos;, java.version: &amp;apos;1.8.0_144&amp;apos;
Driver info: org.openqa.selenium.chrome.ChromeDriver
Capabilities [{mobileEmulationEnabled=false, hasTouchScreen=false, platform=XP, acceptSslCerts=false, goog:chromeOptions={debuggerAddress=localhost:55355}, acceptInsecureCerts=false, webStorageEnabled=true, browserName=chrome, takesScreenshot=true, javascriptEnabled=true, platformName=XP, setWindowRect=true, unexpectedAlertBehaviour=, applicationCacheEnabled=false, rotatable=false, networkConnectionEnabled=false, chrome={chromedriverVersion=2.41.578737 (49da6702b16031c40d63e5618de03a32ff6c197e), userDataDir=C:\Users\imran\AppData\Local\Temp\scoped_dir1600_475}, takesHeapSnapshot=true, unhandledPromptBehavior=, pageLoadStrategy=normal, databaseEnabled=false, handlesAlerts=true, version=69.0.3497.100, browserConnectionEnabled=false, nativeEvents=true, locationContextEnabled=true, cssSelectorsEnabled=true}]
Session ID: 8cc5c9aaee8b5267776cbedb6c4ab250
*** Element info: {Using=id, value=remember_me_learn_more_link}">
      <![CDATA[org.openqa.selenium.NoSuchElementException: no such element: Unable to locate element: {"method":"id","selector":"remember_me_learn_more_link"}
  (Session info: chrome=69.0.3497.100)
  (Driver info: chromedriver=2.41.578737 (49da6702b16031c40d63e5618de03a32ff6c197e),platform=Windows NT 10.0.17134 x86_64) (WARNING: The server did not provide any stacktrace information)
Command duration or timeout: 0 milliseconds
For documentation on this error, please visit: http://seleniumhq.org/exceptions/no_such_element.html
Build info: version: '3.6.0', revision: '6fbf3ec767', time: '2017-09-27T16:15:40.131Z'
System info: host: 'DESKTOP-75OLIUH', ip: '192.168.1.165', os.name: 'Windows 10', os.arch: 'amd64', os.version: '10.0', java.version: '1.8.0_144'
Driver info: org.openqa.selenium.chrome.ChromeDriver
Capabilities [{mobileEmulationEnabled=false, hasTouchScreen=false, platform=XP, acceptSslCerts=false, goog:chromeOptions={debuggerAddress=localhost:55355}, acceptInsecureCerts=false, webStorageEnabled=true, browserName=chrome, takesScreenshot=true, javascriptEnabled=true, platformName=XP, setWindowRect=true, unexpectedAlertBehaviour=, applicationCacheEnabled=false, rotatable=false, networkConnectionEnabled=false, chrome={chromedriverVersion=2.41.578737 (49da6702b16031c40d63e5618de03a32ff6c197e), userDataDir=C:\Users\imran\AppData\Local\Temp\scoped_dir1600_475}, takesHeapSnapshot=true, unhandledPromptBehavior=, pageLoadStrategy=normal, databaseEnabled=false, handlesAlerts=true, version=69.0.3497.100, browserConnectionEnabled=false, nativeEvents=true, locationContextEnabled=true, cssSelectorsEnabled=true}]
Session ID: 8cc5c9aaee8b5267776cbedb6c4ab250
*** Element info: {Using=id, value=remember_me_learn_more_link}
	at org.openqa.selenium.remote.ErrorHandler.createThrowable(ErrorHandler.java:214)
	at org.openqa.selenium.remote.ErrorHandler.throwIfResponseFailed(ErrorHandler.java:166)
	at org.openqa.selenium.remote.http.JsonHttpResponseCodec.reconstructValue(JsonHttpResponseCodec.java:40)
	at org.openqa.selenium.remote.http.AbstractHttpResponseCodec.decode(AbstractHttpResponseCodec.java:82)
	at org.openqa.selenium.remote.http.AbstractHttpResponseCodec.decode(AbstractHttpResponseCodec.java:45)
	at org.openqa.selenium.remote.HttpCommandExecutor.execute(HttpCommandExecutor.java:164)
	at org.openqa.selenium.remote.service.DriverCommandExecutor.execute(DriverCommandExecutor.java:83)
	at org.openqa.selenium.remote.RemoteWebDriver.execute(RemoteWebDriver.java:586)
	at org.openqa.selenium.remote.RemoteWebDriver.findElement(RemoteWebDriver.java:356)
	at org.openqa.selenium.remote.RemoteWebDriver.findElementById(RemoteWebDriver.java:402)
	at org.openqa.selenium.By$ById.findElement(By.java:218)
	at org.openqa.selenium.remote.RemoteWebDriver.findElement(RemoteWebDriver.java:348)
	at afterLoginIn.TestSetA.TC_404_ToolTip(TestSetA.java:161)
... Removed 29 stack frames]]>
    </failure>
  </testcase> <!-- TC_404_ToolTip -->
  <testcase name="TC_501_UsersAreAbleToSearch" time="22.094" classname="walmart.TestSetB">
    <failure type="org.openqa.selenium.NoSuchElementException" message="no such element: Unable to locate element: {&amp;quot;method&amp;quot;:&amp;quot;id&amp;quot;,&amp;quot;selector&amp;quot;:&amp;quot;header-SearchDropdown-option-0&amp;quot;}
  (Session info: chrome=69.0.3497.100)
  (Driver info: chromedriver=2.41.578737 (49da6702b16031c40d63e5618de03a32ff6c197e),platform=Windows NT 10.0.17134 x86_64) (WARNING: The server did not provide any stacktrace information)
Command duration or timeout: 0 milliseconds
For documentation on this error, please visit: http://seleniumhq.org/exceptions/no_such_element.html
Build info: version: &amp;apos;3.6.0&amp;apos;, revision: &amp;apos;6fbf3ec767&amp;apos;, time: &amp;apos;2017-09-27T16:15:40.131Z&amp;apos;
System info: host: &amp;apos;DESKTOP-75OLIUH&amp;apos;, ip: &amp;apos;192.168.1.165&amp;apos;, os.name: &amp;apos;Windows 10&amp;apos;, os.arch: &amp;apos;amd64&amp;apos;, os.version: &amp;apos;10.0&amp;apos;, java.version: &amp;apos;1.8.0_144&amp;apos;
Driver info: org.openqa.selenium.chrome.ChromeDriver
Capabilities [{mobileEmulationEnabled=false, hasTouchScreen=false, platform=XP, acceptSslCerts=false, goog:chromeOptions={debuggerAddress=localhost:55375}, acceptInsecureCerts=false, webStorageEnabled=true, browserName=chrome, takesScreenshot=true, javascriptEnabled=true, platformName=XP, setWindowRect=true, unexpectedAlertBehaviour=, applicationCacheEnabled=false, rotatable=false, networkConnectionEnabled=false, chrome={chromedriverVersion=2.41.578737 (49da6702b16031c40d63e5618de03a32ff6c197e), userDataDir=C:\Users\imran\AppData\Local\Temp\scoped_dir11808_12558}, takesHeapSnapshot=true, unhandledPromptBehavior=, pageLoadStrategy=normal, databaseEnabled=false, handlesAlerts=true, version=69.0.3497.100, browserConnectionEnabled=false, nativeEvents=true, locationContextEnabled=true, cssSelectorsEnabled=true}]
Session ID: 750075c6e8aa58657b266862bd61001a
*** Element info: {Using=id, value=header-SearchDropdown-option-0}">
      <![CDATA[org.openqa.selenium.NoSuchElementException: no such element: Unable to locate element: {"method":"id","selector":"header-SearchDropdown-option-0"}
  (Session info: chrome=69.0.3497.100)
  (Driver info: chromedriver=2.41.578737 (49da6702b16031c40d63e5618de03a32ff6c197e),platform=Windows NT 10.0.17134 x86_64) (WARNING: The server did not provide any stacktrace information)
Command duration or timeout: 0 milliseconds
For documentation on this error, please visit: http://seleniumhq.org/exceptions/no_such_element.html
Build info: version: '3.6.0', revision: '6fbf3ec767', time: '2017-09-27T16:15:40.131Z'
System info: host: 'DESKTOP-75OLIUH', ip: '192.168.1.165', os.name: 'Windows 10', os.arch: 'amd64', os.version: '10.0', java.version: '1.8.0_144'
Driver info: org.openqa.selenium.chrome.ChromeDriver
Capabilities [{mobileEmulationEnabled=false, hasTouchScreen=false, platform=XP, acceptSslCerts=false, goog:chromeOptions={debuggerAddress=localhost:55375}, acceptInsecureCerts=false, webStorageEnabled=true, browserName=chrome, takesScreenshot=true, javascriptEnabled=true, platformName=XP, setWindowRect=true, unexpectedAlertBehaviour=, applicationCacheEnabled=false, rotatable=false, networkConnectionEnabled=false, chrome={chromedriverVersion=2.41.578737 (49da6702b16031c40d63e5618de03a32ff6c197e), userDataDir=C:\Users\imran\AppData\Local\Temp\scoped_dir11808_12558}, takesHeapSnapshot=true, unhandledPromptBehavior=, pageLoadStrategy=normal, databaseEnabled=false, handlesAlerts=true, version=69.0.3497.100, browserConnectionEnabled=false, nativeEvents=true, locationContextEnabled=true, cssSelectorsEnabled=true}]
Session ID: 750075c6e8aa58657b266862bd61001a
*** Element info: {Using=id, value=header-SearchDropdown-option-0}
	at org.openqa.selenium.remote.ErrorHandler.createThrowable(ErrorHandler.java:214)
	at org.openqa.selenium.remote.ErrorHandler.throwIfResponseFailed(ErrorHandler.java:166)
	at org.openqa.selenium.remote.http.JsonHttpResponseCodec.reconstructValue(JsonHttpResponseCodec.java:40)
	at org.openqa.selenium.remote.http.AbstractHttpResponseCodec.decode(AbstractHttpResponseCodec.java:82)
	at org.openqa.selenium.remote.http.AbstractHttpResponseCodec.decode(AbstractHttpResponseCodec.java:45)
	at org.openqa.selenium.remote.HttpCommandExecutor.execute(HttpCommandExecutor.java:164)
	at org.openqa.selenium.remote.service.DriverCommandExecutor.execute(DriverCommandExecutor.java:83)
	at org.openqa.selenium.remote.RemoteWebDriver.execute(RemoteWebDriver.java:586)
	at org.openqa.selenium.remote.RemoteWebDriver.findElement(RemoteWebDriver.java:356)
	at org.openqa.selenium.remote.RemoteWebDriver.findElementById(RemoteWebDriver.java:402)
	at org.openqa.selenium.By$ById.findElement(By.java:218)
	at org.openqa.selenium.remote.RemoteWebDriver.findElement(RemoteWebDriver.java:348)
	at walmart.TestSetB.TC_501_UsersAreAbleToSearch(TestSetB.java:65)
... Removed 29 stack frames]]>
    </failure>
  </testcase> <!-- TC_501_UsersAreAbleToSearch -->
  <testcase name="TC_502_SelectDropdownValue" time="22.386" classname="walmart.TestSetB">
    <failure type="org.openqa.selenium.NoSuchElementException" message="no such element: Unable to locate element: {&amp;quot;method&amp;quot;:&amp;quot;id&amp;quot;,&amp;quot;selector&amp;quot;:&amp;quot;header-SearchDropdown-option-0&amp;quot;}
  (Session info: chrome=69.0.3497.100)
  (Driver info: chromedriver=2.41.578737 (49da6702b16031c40d63e5618de03a32ff6c197e),platform=Windows NT 10.0.17134 x86_64) (WARNING: The server did not provide any stacktrace information)
Command duration or timeout: 0 milliseconds
For documentation on this error, please visit: http://seleniumhq.org/exceptions/no_such_element.html
Build info: version: &amp;apos;3.6.0&amp;apos;, revision: &amp;apos;6fbf3ec767&amp;apos;, time: &amp;apos;2017-09-27T16:15:40.131Z&amp;apos;
System info: host: &amp;apos;DESKTOP-75OLIUH&amp;apos;, ip: &amp;apos;192.168.1.165&amp;apos;, os.name: &amp;apos;Windows 10&amp;apos;, os.arch: &amp;apos;amd64&amp;apos;, os.version: &amp;apos;10.0&amp;apos;, java.version: &amp;apos;1.8.0_144&amp;apos;
Driver info: org.openqa.selenium.chrome.ChromeDriver
Capabilities [{mobileEmulationEnabled=false, hasTouchScreen=false, platform=XP, acceptSslCerts=false, goog:chromeOptions={debuggerAddress=localhost:55488}, acceptInsecureCerts=false, webStorageEnabled=true, browserName=chrome, takesScreenshot=true, javascriptEnabled=true, platformName=XP, setWindowRect=true, unexpectedAlertBehaviour=, applicationCacheEnabled=false, rotatable=false, networkConnectionEnabled=false, chrome={chromedriverVersion=2.41.578737 (49da6702b16031c40d63e5618de03a32ff6c197e), userDataDir=C:\Users\imran\AppData\Local\Temp\scoped_dir76_11069}, takesHeapSnapshot=true, unhandledPromptBehavior=, pageLoadStrategy=normal, databaseEnabled=false, handlesAlerts=true, version=69.0.3497.100, browserConnectionEnabled=false, nativeEvents=true, locationContextEnabled=true, cssSelectorsEnabled=true}]
Session ID: a86fd41c8c29733e36d35d48d073a379
*** Element info: {Using=id, value=header-SearchDropdown-option-0}">
      <![CDATA[org.openqa.selenium.NoSuchElementException: no such element: Unable to locate element: {"method":"id","selector":"header-SearchDropdown-option-0"}
  (Session info: chrome=69.0.3497.100)
  (Driver info: chromedriver=2.41.578737 (49da6702b16031c40d63e5618de03a32ff6c197e),platform=Windows NT 10.0.17134 x86_64) (WARNING: The server did not provide any stacktrace information)
Command duration or timeout: 0 milliseconds
For documentation on this error, please visit: http://seleniumhq.org/exceptions/no_such_element.html
Build info: version: '3.6.0', revision: '6fbf3ec767', time: '2017-09-27T16:15:40.131Z'
System info: host: 'DESKTOP-75OLIUH', ip: '192.168.1.165', os.name: 'Windows 10', os.arch: 'amd64', os.version: '10.0', java.version: '1.8.0_144'
Driver info: org.openqa.selenium.chrome.ChromeDriver
Capabilities [{mobileEmulationEnabled=false, hasTouchScreen=false, platform=XP, acceptSslCerts=false, goog:chromeOptions={debuggerAddress=localhost:55488}, acceptInsecureCerts=false, webStorageEnabled=true, browserName=chrome, takesScreenshot=true, javascriptEnabled=true, platformName=XP, setWindowRect=true, unexpectedAlertBehaviour=, applicationCacheEnabled=false, rotatable=false, networkConnectionEnabled=false, chrome={chromedriverVersion=2.41.578737 (49da6702b16031c40d63e5618de03a32ff6c197e), userDataDir=C:\Users\imran\AppData\Local\Temp\scoped_dir76_11069}, takesHeapSnapshot=true, unhandledPromptBehavior=, pageLoadStrategy=normal, databaseEnabled=false, handlesAlerts=true, version=69.0.3497.100, browserConnectionEnabled=false, nativeEvents=true, locationContextEnabled=true, cssSelectorsEnabled=true}]
Session ID: a86fd41c8c29733e36d35d48d073a379
*** Element info: {Using=id, value=header-SearchDropdown-option-0}
	at org.openqa.selenium.remote.ErrorHandler.createThrowable(ErrorHandler.java:214)
	at org.openqa.selenium.remote.ErrorHandler.throwIfResponseFailed(ErrorHandler.java:166)
	at org.openqa.selenium.remote.http.JsonHttpResponseCodec.reconstructValue(JsonHttpResponseCodec.java:40)
	at org.openqa.selenium.remote.http.AbstractHttpResponseCodec.decode(AbstractHttpResponseCodec.java:82)
	at org.openqa.selenium.remote.http.AbstractHttpResponseCodec.decode(AbstractHttpResponseCodec.java:45)
	at org.openqa.selenium.remote.HttpCommandExecutor.execute(HttpCommandExecutor.java:164)
	at org.openqa.selenium.remote.service.DriverCommandExecutor.execute(DriverCommandExecutor.java:83)
	at org.openqa.selenium.remote.RemoteWebDriver.execute(RemoteWebDriver.java:586)
	at org.openqa.selenium.remote.RemoteWebDriver.findElement(RemoteWebDriver.java:356)
	at org.openqa.selenium.remote.RemoteWebDriver.findElementById(RemoteWebDriver.java:402)
	at org.openqa.selenium.By$ById.findElement(By.java:218)
	at org.openqa.selenium.remote.RemoteWebDriver.findElement(RemoteWebDriver.java:348)
	at walmart.TestSetB.TC_502_SelectDropdownValue(TestSetB.java:89)
... Removed 29 stack frames]]>
    </failure>
  </testcase> <!-- TC_502_SelectDropdownValue -->
  <testcase name="TC_503_mouseOver" time="22.925" classname="walmart.TestSetB">
    <failure type="org.openqa.selenium.NoSuchElementException" message="no such element: Unable to locate element: {&amp;quot;method&amp;quot;:&amp;quot;id&amp;quot;,&amp;quot;selector&amp;quot;:&amp;quot;header-GlobalEyebrowNav-button-0&amp;quot;}
  (Session info: chrome=69.0.3497.100)
  (Driver info: chromedriver=2.41.578737 (49da6702b16031c40d63e5618de03a32ff6c197e),platform=Windows NT 10.0.17134 x86_64) (WARNING: The server did not provide any stacktrace information)
Command duration or timeout: 0 milliseconds
For documentation on this error, please visit: http://seleniumhq.org/exceptions/no_such_element.html
Build info: version: &amp;apos;3.6.0&amp;apos;, revision: &amp;apos;6fbf3ec767&amp;apos;, time: &amp;apos;2017-09-27T16:15:40.131Z&amp;apos;
System info: host: &amp;apos;DESKTOP-75OLIUH&amp;apos;, ip: &amp;apos;192.168.1.165&amp;apos;, os.name: &amp;apos;Windows 10&amp;apos;, os.arch: &amp;apos;amd64&amp;apos;, os.version: &amp;apos;10.0&amp;apos;, java.version: &amp;apos;1.8.0_144&amp;apos;
Driver info: org.openqa.selenium.chrome.ChromeDriver
Capabilities [{mobileEmulationEnabled=false, hasTouchScreen=false, platform=XP, acceptSslCerts=false, goog:chromeOptions={debuggerAddress=localhost:55604}, acceptInsecureCerts=false, webStorageEnabled=true, browserName=chrome, takesScreenshot=true, javascriptEnabled=true, platformName=XP, setWindowRect=true, unexpectedAlertBehaviour=, applicationCacheEnabled=false, rotatable=false, networkConnectionEnabled=false, chrome={chromedriverVersion=2.41.578737 (49da6702b16031c40d63e5618de03a32ff6c197e), userDataDir=C:\Users\imran\AppData\Local\Temp\scoped_dir13028_18509}, takesHeapSnapshot=true, unhandledPromptBehavior=, pageLoadStrategy=normal, databaseEnabled=false, handlesAlerts=true, version=69.0.3497.100, browserConnectionEnabled=false, nativeEvents=true, locationContextEnabled=true, cssSelectorsEnabled=true}]
Session ID: 65ccd54ecbabbae61cac4dce7cea8cfc
*** Element info: {Using=id, value=header-GlobalEyebrowNav-button-0}">
      <![CDATA[org.openqa.selenium.NoSuchElementException: no such element: Unable to locate element: {"method":"id","selector":"header-GlobalEyebrowNav-button-0"}
  (Session info: chrome=69.0.3497.100)
  (Driver info: chromedriver=2.41.578737 (49da6702b16031c40d63e5618de03a32ff6c197e),platform=Windows NT 10.0.17134 x86_64) (WARNING: The server did not provide any stacktrace information)
Command duration or timeout: 0 milliseconds
For documentation on this error, please visit: http://seleniumhq.org/exceptions/no_such_element.html
Build info: version: '3.6.0', revision: '6fbf3ec767', time: '2017-09-27T16:15:40.131Z'
System info: host: 'DESKTOP-75OLIUH', ip: '192.168.1.165', os.name: 'Windows 10', os.arch: 'amd64', os.version: '10.0', java.version: '1.8.0_144'
Driver info: org.openqa.selenium.chrome.ChromeDriver
Capabilities [{mobileEmulationEnabled=false, hasTouchScreen=false, platform=XP, acceptSslCerts=false, goog:chromeOptions={debuggerAddress=localhost:55604}, acceptInsecureCerts=false, webStorageEnabled=true, browserName=chrome, takesScreenshot=true, javascriptEnabled=true, platformName=XP, setWindowRect=true, unexpectedAlertBehaviour=, applicationCacheEnabled=false, rotatable=false, networkConnectionEnabled=false, chrome={chromedriverVersion=2.41.578737 (49da6702b16031c40d63e5618de03a32ff6c197e), userDataDir=C:\Users\imran\AppData\Local\Temp\scoped_dir13028_18509}, takesHeapSnapshot=true, unhandledPromptBehavior=, pageLoadStrategy=normal, databaseEnabled=false, handlesAlerts=true, version=69.0.3497.100, browserConnectionEnabled=false, nativeEvents=true, locationContextEnabled=true, cssSelectorsEnabled=true}]
Session ID: 65ccd54ecbabbae61cac4dce7cea8cfc
*** Element info: {Using=id, value=header-GlobalEyebrowNav-button-0}
	at org.openqa.selenium.remote.ErrorHandler.createThrowable(ErrorHandler.java:214)
	at org.openqa.selenium.remote.ErrorHandler.throwIfResponseFailed(ErrorHandler.java:166)
	at org.openqa.selenium.remote.http.JsonHttpResponseCodec.reconstructValue(JsonHttpResponseCodec.java:40)
	at org.openqa.selenium.remote.http.AbstractHttpResponseCodec.decode(AbstractHttpResponseCodec.java:82)
	at org.openqa.selenium.remote.http.AbstractHttpResponseCodec.decode(AbstractHttpResponseCodec.java:45)
	at org.openqa.selenium.remote.HttpCommandExecutor.execute(HttpCommandExecutor.java:164)
	at org.openqa.selenium.remote.service.DriverCommandExecutor.execute(DriverCommandExecutor.java:83)
	at org.openqa.selenium.remote.RemoteWebDriver.execute(RemoteWebDriver.java:586)
	at org.openqa.selenium.remote.RemoteWebDriver.findElement(RemoteWebDriver.java:356)
	at org.openqa.selenium.remote.RemoteWebDriver.findElementById(RemoteWebDriver.java:402)
	at org.openqa.selenium.By$ById.findElement(By.java:218)
	at org.openqa.selenium.remote.RemoteWebDriver.findElement(RemoteWebDriver.java:348)
	at walmart.TestSetB.TC_503_mouseOver(TestSetB.java:121)
... Removed 29 stack frames]]>
    </failure>
  </testcase> <!-- TC_503_mouseOver -->
  <testcase name="TC_504_Credit_Cards" time="19.854" classname="walmart.TestSetB">
    <failure type="org.openqa.selenium.NoSuchElementException" message="no such element: Unable to locate element: {&amp;quot;method&amp;quot;:&amp;quot;id&amp;quot;,&amp;quot;selector&amp;quot;:&amp;quot;header-GlobalEyebrowNav-link-4&amp;quot;}
  (Session info: chrome=69.0.3497.100)
  (Driver info: chromedriver=2.41.578737 (49da6702b16031c40d63e5618de03a32ff6c197e),platform=Windows NT 10.0.17134 x86_64) (WARNING: The server did not provide any stacktrace information)
Command duration or timeout: 0 milliseconds
For documentation on this error, please visit: http://seleniumhq.org/exceptions/no_such_element.html
Build info: version: &amp;apos;3.6.0&amp;apos;, revision: &amp;apos;6fbf3ec767&amp;apos;, time: &amp;apos;2017-09-27T16:15:40.131Z&amp;apos;
System info: host: &amp;apos;DESKTOP-75OLIUH&amp;apos;, ip: &amp;apos;192.168.1.165&amp;apos;, os.name: &amp;apos;Windows 10&amp;apos;, os.arch: &amp;apos;amd64&amp;apos;, os.version: &amp;apos;10.0&amp;apos;, java.version: &amp;apos;1.8.0_144&amp;apos;
Driver info: org.openqa.selenium.chrome.ChromeDriver
Capabilities [{mobileEmulationEnabled=false, hasTouchScreen=false, platform=XP, acceptSslCerts=false, goog:chromeOptions={debuggerAddress=localhost:55721}, acceptInsecureCerts=false, webStorageEnabled=true, browserName=chrome, takesScreenshot=true, javascriptEnabled=true, platformName=XP, setWindowRect=true, unexpectedAlertBehaviour=, applicationCacheEnabled=false, rotatable=false, networkConnectionEnabled=false, chrome={chromedriverVersion=2.41.578737 (49da6702b16031c40d63e5618de03a32ff6c197e), userDataDir=C:\Users\imran\AppData\Local\Temp\scoped_dir364_32095}, takesHeapSnapshot=true, unhandledPromptBehavior=, pageLoadStrategy=normal, databaseEnabled=false, handlesAlerts=true, version=69.0.3497.100, browserConnectionEnabled=false, nativeEvents=true, locationContextEnabled=true, cssSelectorsEnabled=true}]
Session ID: 39a623fccb5a2205a5d2d11f55a950f3
*** Element info: {Using=id, value=header-GlobalEyebrowNav-link-4}">
      <![CDATA[org.openqa.selenium.NoSuchElementException: no such element: Unable to locate element: {"method":"id","selector":"header-GlobalEyebrowNav-link-4"}
  (Session info: chrome=69.0.3497.100)
  (Driver info: chromedriver=2.41.578737 (49da6702b16031c40d63e5618de03a32ff6c197e),platform=Windows NT 10.0.17134 x86_64) (WARNING: The server did not provide any stacktrace information)
Command duration or timeout: 0 milliseconds
For documentation on this error, please visit: http://seleniumhq.org/exceptions/no_such_element.html
Build info: version: '3.6.0', revision: '6fbf3ec767', time: '2017-09-27T16:15:40.131Z'
System info: host: 'DESKTOP-75OLIUH', ip: '192.168.1.165', os.name: 'Windows 10', os.arch: 'amd64', os.version: '10.0', java.version: '1.8.0_144'
Driver info: org.openqa.selenium.chrome.ChromeDriver
Capabilities [{mobileEmulationEnabled=false, hasTouchScreen=false, platform=XP, acceptSslCerts=false, goog:chromeOptions={debuggerAddress=localhost:55721}, acceptInsecureCerts=false, webStorageEnabled=true, browserName=chrome, takesScreenshot=true, javascriptEnabled=true, platformName=XP, setWindowRect=true, unexpectedAlertBehaviour=, applicationCacheEnabled=false, rotatable=false, networkConnectionEnabled=false, chrome={chromedriverVersion=2.41.578737 (49da6702b16031c40d63e5618de03a32ff6c197e), userDataDir=C:\Users\imran\AppData\Local\Temp\scoped_dir364_32095}, takesHeapSnapshot=true, unhandledPromptBehavior=, pageLoadStrategy=normal, databaseEnabled=false, handlesAlerts=true, version=69.0.3497.100, browserConnectionEnabled=false, nativeEvents=true, locationContextEnabled=true, cssSelectorsEnabled=true}]
Session ID: 39a623fccb5a2205a5d2d11f55a950f3
*** Element info: {Using=id, value=header-GlobalEyebrowNav-link-4}
	at org.openqa.selenium.remote.ErrorHandler.createThrowable(ErrorHandler.java:214)
	at org.openqa.selenium.remote.ErrorHandler.throwIfResponseFailed(ErrorHandler.java:166)
	at org.openqa.selenium.remote.http.JsonHttpResponseCodec.reconstructValue(JsonHttpResponseCodec.java:40)
	at org.openqa.selenium.remote.http.AbstractHttpResponseCodec.decode(AbstractHttpResponseCodec.java:82)
	at org.openqa.selenium.remote.http.AbstractHttpResponseCodec.decode(AbstractHttpResponseCodec.java:45)
	at org.openqa.selenium.remote.HttpCommandExecutor.execute(HttpCommandExecutor.java:164)
	at org.openqa.selenium.remote.service.DriverCommandExecutor.execute(DriverCommandExecutor.java:83)
	at org.openqa.selenium.remote.RemoteWebDriver.execute(RemoteWebDriver.java:586)
	at org.openqa.selenium.remote.RemoteWebDriver.findElement(RemoteWebDriver.java:356)
	at org.openqa.selenium.remote.RemoteWebDriver.findElementById(RemoteWebDriver.java:402)
	at org.openqa.selenium.By$ById.findElement(By.java:218)
	at org.openqa.selenium.remote.RemoteWebDriver.findElement(RemoteWebDriver.java:348)
	at walmart.TestSetB.TC_504_Credit_Cards(TestSetB.java:136)
... Removed 29 stack frames]]>
    </failure>
  </testcase> <!-- TC_504_Credit_Cards -->
  <testcase name="TC_506_StoreFinder_FireFoxBrowser" time="51.732" classname="walmart.TestSetB">
    <failure type="org.openqa.selenium.NoSuchElementException" message="Unable to locate element: #header\-GlobalEyebrowNav\-button\-5
For documentation on this error, please visit: http://seleniumhq.org/exceptions/no_such_element.html
Build info: version: &amp;apos;3.6.0&amp;apos;, revision: &amp;apos;6fbf3ec767&amp;apos;, time: &amp;apos;2017-09-27T16:15:40.131Z&amp;apos;
System info: host: &amp;apos;DESKTOP-75OLIUH&amp;apos;, ip: &amp;apos;192.168.1.165&amp;apos;, os.name: &amp;apos;Windows 10&amp;apos;, os.arch: &amp;apos;amd64&amp;apos;, os.version: &amp;apos;10.0&amp;apos;, java.version: &amp;apos;1.8.0_144&amp;apos;
Driver info: org.openqa.selenium.firefox.FirefoxDriver
Capabilities [{moz:profile=C:\Users\imran\AppData\Local\Temp\rust_mozprofile.iwStUq1q327L, rotatable=false, timeouts={implicit=0, pageLoad=300000, script=30000}, pageLoadStrategy=normal, moz:headless=false, platform=XP, moz:accessibilityChecks=false, moz:useNonSpecCompliantPointerOrigin=false, acceptInsecureCerts=true, browserVersion=61.0.1, platformVersion=10.0, moz:processID=10012, browserName=firefox, javascriptEnabled=true, platformName=XP, moz:webdriverClick=true}]
Session ID: 2e7c0c2c-ea94-4e5a-acb0-c7b3d1c61571
*** Element info: {Using=id, value=header-GlobalEyebrowNav-button-5}">
      <![CDATA[org.openqa.selenium.NoSuchElementException: Unable to locate element: #header\-GlobalEyebrowNav\-button\-5
For documentation on this error, please visit: http://seleniumhq.org/exceptions/no_such_element.html
Build info: version: '3.6.0', revision: '6fbf3ec767', time: '2017-09-27T16:15:40.131Z'
System info: host: 'DESKTOP-75OLIUH', ip: '192.168.1.165', os.name: 'Windows 10', os.arch: 'amd64', os.version: '10.0', java.version: '1.8.0_144'
Driver info: org.openqa.selenium.firefox.FirefoxDriver
Capabilities [{moz:profile=C:\Users\imran\AppData\Local\Temp\rust_mozprofile.iwStUq1q327L, rotatable=false, timeouts={implicit=0, pageLoad=300000, script=30000}, pageLoadStrategy=normal, moz:headless=false, platform=XP, moz:accessibilityChecks=false, moz:useNonSpecCompliantPointerOrigin=false, acceptInsecureCerts=true, browserVersion=61.0.1, platformVersion=10.0, moz:processID=10012, browserName=firefox, javascriptEnabled=true, platformName=XP, moz:webdriverClick=true}]
Session ID: 2e7c0c2c-ea94-4e5a-acb0-c7b3d1c61571
*** Element info: {Using=id, value=header-GlobalEyebrowNav-button-5}
	at org.openqa.selenium.remote.http.W3CHttpResponseCodec.createException(W3CHttpResponseCodec.java:185)
	at org.openqa.selenium.remote.http.W3CHttpResponseCodec.decode(W3CHttpResponseCodec.java:120)
	at org.openqa.selenium.remote.http.W3CHttpResponseCodec.decode(W3CHttpResponseCodec.java:49)
	at org.openqa.selenium.remote.HttpCommandExecutor.execute(HttpCommandExecutor.java:164)
	at org.openqa.selenium.remote.service.DriverCommandExecutor.execute(DriverCommandExecutor.java:83)
	at org.openqa.selenium.remote.RemoteWebDriver.execute(RemoteWebDriver.java:586)
	at org.openqa.selenium.remote.RemoteWebDriver.findElement(RemoteWebDriver.java:356)
	at org.openqa.selenium.remote.RemoteWebDriver.findElementById(RemoteWebDriver.java:402)
	at org.openqa.selenium.By$ById.findElement(By.java:218)
	at org.openqa.selenium.remote.RemoteWebDriver.findElement(RemoteWebDriver.java:348)
	at walmart.TestSetB.StoreFinder(TestSetB.java:225)
	at walmart.TestSetB.TC_506_StoreFinder_FireFoxBrowser(TestSetB.java:255)
... Removed 29 stack frames]]>
    </failure>
  </testcase> <!-- TC_506_StoreFinder_FireFoxBrowser -->
  <testcase name="TC_506_StoreFinder_GoogleChromeBrowser" time="30.985" classname="walmart.TestSetB">
    <failure type="org.openqa.selenium.NoSuchElementException" message="no such element: Unable to locate element: {&amp;quot;method&amp;quot;:&amp;quot;id&amp;quot;,&amp;quot;selector&amp;quot;:&amp;quot;header-GlobalEyebrowNav-button-5&amp;quot;}
  (Session info: chrome=69.0.3497.100)
  (Driver info: chromedriver=2.41.578737 (49da6702b16031c40d63e5618de03a32ff6c197e),platform=Windows NT 10.0.17134 x86_64) (WARNING: The server did not provide any stacktrace information)
Command duration or timeout: 0 milliseconds
For documentation on this error, please visit: http://seleniumhq.org/exceptions/no_such_element.html
Build info: version: &amp;apos;3.6.0&amp;apos;, revision: &amp;apos;6fbf3ec767&amp;apos;, time: &amp;apos;2017-09-27T16:15:40.131Z&amp;apos;
System info: host: &amp;apos;DESKTOP-75OLIUH&amp;apos;, ip: &amp;apos;192.168.1.165&amp;apos;, os.name: &amp;apos;Windows 10&amp;apos;, os.arch: &amp;apos;amd64&amp;apos;, os.version: &amp;apos;10.0&amp;apos;, java.version: &amp;apos;1.8.0_144&amp;apos;
Driver info: org.openqa.selenium.chrome.ChromeDriver
Capabilities [{mobileEmulationEnabled=false, hasTouchScreen=false, platform=XP, acceptSslCerts=false, goog:chromeOptions={debuggerAddress=localhost:56049}, acceptInsecureCerts=false, webStorageEnabled=true, browserName=chrome, takesScreenshot=true, javascriptEnabled=true, platformName=XP, setWindowRect=true, unexpectedAlertBehaviour=, applicationCacheEnabled=false, rotatable=false, networkConnectionEnabled=false, chrome={chromedriverVersion=2.41.578737 (49da6702b16031c40d63e5618de03a32ff6c197e), userDataDir=C:\Users\imran\AppData\Local\Temp\scoped_dir3148_21905}, takesHeapSnapshot=true, unhandledPromptBehavior=, pageLoadStrategy=normal, databaseEnabled=false, handlesAlerts=true, version=69.0.3497.100, browserConnectionEnabled=false, nativeEvents=true, locationContextEnabled=true, cssSelectorsEnabled=true}]
Session ID: 74e9730d4229f57e22f232e9b7fc70c1
*** Element info: {Using=id, value=header-GlobalEyebrowNav-button-5}">
      <![CDATA[org.openqa.selenium.NoSuchElementException: no such element: Unable to locate element: {"method":"id","selector":"header-GlobalEyebrowNav-button-5"}
  (Session info: chrome=69.0.3497.100)
  (Driver info: chromedriver=2.41.578737 (49da6702b16031c40d63e5618de03a32ff6c197e),platform=Windows NT 10.0.17134 x86_64) (WARNING: The server did not provide any stacktrace information)
Command duration or timeout: 0 milliseconds
For documentation on this error, please visit: http://seleniumhq.org/exceptions/no_such_element.html
Build info: version: '3.6.0', revision: '6fbf3ec767', time: '2017-09-27T16:15:40.131Z'
System info: host: 'DESKTOP-75OLIUH', ip: '192.168.1.165', os.name: 'Windows 10', os.arch: 'amd64', os.version: '10.0', java.version: '1.8.0_144'
Driver info: org.openqa.selenium.chrome.ChromeDriver
Capabilities [{mobileEmulationEnabled=false, hasTouchScreen=false, platform=XP, acceptSslCerts=false, goog:chromeOptions={debuggerAddress=localhost:56049}, acceptInsecureCerts=false, webStorageEnabled=true, browserName=chrome, takesScreenshot=true, javascriptEnabled=true, platformName=XP, setWindowRect=true, unexpectedAlertBehaviour=, applicationCacheEnabled=false, rotatable=false, networkConnectionEnabled=false, chrome={chromedriverVersion=2.41.578737 (49da6702b16031c40d63e5618de03a32ff6c197e), userDataDir=C:\Users\imran\AppData\Local\Temp\scoped_dir3148_21905}, takesHeapSnapshot=true, unhandledPromptBehavior=, pageLoadStrategy=normal, databaseEnabled=false, handlesAlerts=true, version=69.0.3497.100, browserConnectionEnabled=false, nativeEvents=true, locationContextEnabled=true, cssSelectorsEnabled=true}]
Session ID: 74e9730d4229f57e22f232e9b7fc70c1
*** Element info: {Using=id, value=header-GlobalEyebrowNav-button-5}
	at org.openqa.selenium.remote.ErrorHandler.createThrowable(ErrorHandler.java:214)
	at org.openqa.selenium.remote.ErrorHandler.throwIfResponseFailed(ErrorHandler.java:166)
	at org.openqa.selenium.remote.http.JsonHttpResponseCodec.reconstructValue(JsonHttpResponseCodec.java:40)
	at org.openqa.selenium.remote.http.AbstractHttpResponseCodec.decode(AbstractHttpResponseCodec.java:82)
	at org.openqa.selenium.remote.http.AbstractHttpResponseCodec.decode(AbstractHttpResponseCodec.java:45)
	at org.openqa.selenium.remote.HttpCommandExecutor.execute(HttpCommandExecutor.java:164)
	at org.openqa.selenium.remote.service.DriverCommandExecutor.execute(DriverCommandExecutor.java:83)
	at org.openqa.selenium.remote.RemoteWebDriver.execute(RemoteWebDriver.java:586)
	at org.openqa.selenium.remote.RemoteWebDriver.findElement(RemoteWebDriver.java:356)
	at org.openqa.selenium.remote.RemoteWebDriver.findElementById(RemoteWebDriver.java:402)
	at org.openqa.selenium.By$ById.findElement(By.java:218)
	at org.openqa.selenium.remote.RemoteWebDriver.findElement(RemoteWebDriver.java:348)
	at walmart.TestSetB.StoreFinder(TestSetB.java:225)
	at walmart.TestSetB.TC_506_StoreFinder_GoogleChromeBrowser(TestSetB.java:247)
... Removed 29 stack frames]]>
    </failure>
  </testcase> <!-- TC_506_StoreFinder_GoogleChromeBrowser -->
  <testcase name="TC_506_StoreFinder_InternetExplorerBrowser" time="25.471" classname="walmart.TestSetB">
    <failure type="org.openqa.selenium.NoSuchElementException" message="Unable to find element with css selector == #header\-GlobalEyebrowNav\-button\-5
For documentation on this error, please visit: http://seleniumhq.org/exceptions/no_such_element.html
Build info: version: &amp;apos;3.6.0&amp;apos;, revision: &amp;apos;6fbf3ec767&amp;apos;, time: &amp;apos;2017-09-27T16:15:40.131Z&amp;apos;
System info: host: &amp;apos;DESKTOP-75OLIUH&amp;apos;, ip: &amp;apos;192.168.1.165&amp;apos;, os.name: &amp;apos;Windows 10&amp;apos;, os.arch: &amp;apos;amd64&amp;apos;, os.version: &amp;apos;10.0&amp;apos;, java.version: &amp;apos;1.8.0_144&amp;apos;
Driver info: org.openqa.selenium.ie.InternetExplorerDriver
Capabilities [{acceptInsecureCerts=false, browserVersion=11, se:ieOptions={nativeEvents=true, browserAttachTimeout=0, ie.ensureCleanSession=false, elementScrollBehavior=0, enablePersistentHover=true, ie.browserCommandLineSwitches=, ie.forceCreateProcessApi=false, requireWindowFocus=false, initialBrowserUrl=http://localhost:41891/, ignoreZoomSetting=false, ie.fileUploadDialogTimeout=3000, ignoreProtectedModeSettings=false}, browserName=internet explorer, pageLoadStrategy=normal, javascriptEnabled=true, platformName=WINDOWS, setWindowRect=true, platform=WINDOWS}]
Session ID: e27313f8-3a87-4119-97d1-6b0221b5e507
*** Element info: {Using=id, value=header-GlobalEyebrowNav-button-5}">
      <![CDATA[org.openqa.selenium.NoSuchElementException: Unable to find element with css selector == #header\-GlobalEyebrowNav\-button\-5
For documentation on this error, please visit: http://seleniumhq.org/exceptions/no_such_element.html
Build info: version: '3.6.0', revision: '6fbf3ec767', time: '2017-09-27T16:15:40.131Z'
System info: host: 'DESKTOP-75OLIUH', ip: '192.168.1.165', os.name: 'Windows 10', os.arch: 'amd64', os.version: '10.0', java.version: '1.8.0_144'
Driver info: org.openqa.selenium.ie.InternetExplorerDriver
Capabilities [{acceptInsecureCerts=false, browserVersion=11, se:ieOptions={nativeEvents=true, browserAttachTimeout=0, ie.ensureCleanSession=false, elementScrollBehavior=0, enablePersistentHover=true, ie.browserCommandLineSwitches=, ie.forceCreateProcessApi=false, requireWindowFocus=false, initialBrowserUrl=http://localhost:41891/, ignoreZoomSetting=false, ie.fileUploadDialogTimeout=3000, ignoreProtectedModeSettings=false}, browserName=internet explorer, pageLoadStrategy=normal, javascriptEnabled=true, platformName=WINDOWS, setWindowRect=true, platform=WINDOWS}]
Session ID: e27313f8-3a87-4119-97d1-6b0221b5e507
*** Element info: {Using=id, value=header-GlobalEyebrowNav-button-5}
	at org.openqa.selenium.remote.http.W3CHttpResponseCodec.createException(W3CHttpResponseCodec.java:185)
	at org.openqa.selenium.remote.http.W3CHttpResponseCodec.decode(W3CHttpResponseCodec.java:120)
	at org.openqa.selenium.remote.http.W3CHttpResponseCodec.decode(W3CHttpResponseCodec.java:49)
	at org.openqa.selenium.remote.HttpCommandExecutor.execute(HttpCommandExecutor.java:164)
	at org.openqa.selenium.remote.service.DriverCommandExecutor.execute(DriverCommandExecutor.java:83)
	at org.openqa.selenium.remote.RemoteWebDriver.execute(RemoteWebDriver.java:586)
	at org.openqa.selenium.remote.RemoteWebDriver.findElement(RemoteWebDriver.java:356)
	at org.openqa.selenium.remote.RemoteWebDriver.findElementById(RemoteWebDriver.java:402)
	at org.openqa.selenium.By$ById.findElement(By.java:218)
	at org.openqa.selenium.remote.RemoteWebDriver.findElement(RemoteWebDriver.java:348)
	at walmart.TestSetB.StoreFinder(TestSetB.java:225)
	at walmart.TestSetB.TC_506_StoreFinder_InternetExplorerBrowser(TestSetB.java:271)
... Removed 29 stack frames]]>
    </failure>
  </testcase> <!-- TC_506_StoreFinder_InternetExplorerBrowser -->
  <testcase name="TC_506_StoreFinder_MicrosoftEdgeBrowser" time="21.62" classname="walmart.TestSetB">
    <failure type="org.openqa.selenium.NoSuchElementException" message="No such element (WARNING: The server did not provide any stacktrace information)
Command duration or timeout: 0 milliseconds
For documentation on this error, please visit: http://seleniumhq.org/exceptions/no_such_element.html
Build info: version: &amp;apos;3.6.0&amp;apos;, revision: &amp;apos;6fbf3ec767&amp;apos;, time: &amp;apos;2017-09-27T16:15:40.131Z&amp;apos;
System info: host: &amp;apos;DESKTOP-75OLIUH&amp;apos;, ip: &amp;apos;192.168.1.165&amp;apos;, os.name: &amp;apos;Windows 10&amp;apos;, os.arch: &amp;apos;amd64&amp;apos;, os.version: &amp;apos;10.0&amp;apos;, java.version: &amp;apos;1.8.0_144&amp;apos;
Driver info: org.openqa.selenium.edge.EdgeDriver
Capabilities [{applicationCacheEnabled=true, InPrivate=false, pageLoadStrategy=normal, platform=WINDOWS, acceptSslCerts=true, browserVersion=42.17134.1.0, platformVersion=10, locationContextEnabled=true, webStorageEnabled=true, browserName=MicrosoftEdge, takesScreenshot=true, takesElementScreenshot=true, javascriptEnabled=true, platformName=WINDOWS}]
Session ID: 9ED2BDC5-EB40-4417-913D-E11DAB629D53
*** Element info: {Using=id, value=header-GlobalEyebrowNav-button-5}">
      <![CDATA[org.openqa.selenium.NoSuchElementException: No such element (WARNING: The server did not provide any stacktrace information)
Command duration or timeout: 0 milliseconds
For documentation on this error, please visit: http://seleniumhq.org/exceptions/no_such_element.html
Build info: version: '3.6.0', revision: '6fbf3ec767', time: '2017-09-27T16:15:40.131Z'
System info: host: 'DESKTOP-75OLIUH', ip: '192.168.1.165', os.name: 'Windows 10', os.arch: 'amd64', os.version: '10.0', java.version: '1.8.0_144'
Driver info: org.openqa.selenium.edge.EdgeDriver
Capabilities [{applicationCacheEnabled=true, InPrivate=false, pageLoadStrategy=normal, platform=WINDOWS, acceptSslCerts=true, browserVersion=42.17134.1.0, platformVersion=10, locationContextEnabled=true, webStorageEnabled=true, browserName=MicrosoftEdge, takesScreenshot=true, takesElementScreenshot=true, javascriptEnabled=true, platformName=WINDOWS}]
Session ID: 9ED2BDC5-EB40-4417-913D-E11DAB629D53
*** Element info: {Using=id, value=header-GlobalEyebrowNav-button-5}
	at org.openqa.selenium.remote.ErrorHandler.createThrowable(ErrorHandler.java:214)
	at org.openqa.selenium.remote.ErrorHandler.throwIfResponseFailed(ErrorHandler.java:166)
	at org.openqa.selenium.remote.http.JsonHttpResponseCodec.reconstructValue(JsonHttpResponseCodec.java:40)
	at org.openqa.selenium.remote.http.AbstractHttpResponseCodec.decode(AbstractHttpResponseCodec.java:82)
	at org.openqa.selenium.remote.http.AbstractHttpResponseCodec.decode(AbstractHttpResponseCodec.java:45)
	at org.openqa.selenium.remote.HttpCommandExecutor.execute(HttpCommandExecutor.java:164)
	at org.openqa.selenium.remote.service.DriverCommandExecutor.execute(DriverCommandExecutor.java:83)
	at org.openqa.selenium.remote.RemoteWebDriver.execute(RemoteWebDriver.java:586)
	at org.openqa.selenium.remote.RemoteWebDriver.findElement(RemoteWebDriver.java:356)
	at org.openqa.selenium.remote.RemoteWebDriver.findElementById(RemoteWebDriver.java:402)
	at org.openqa.selenium.By$ById.findElement(By.java:218)
	at org.openqa.selenium.remote.RemoteWebDriver.findElement(RemoteWebDriver.java:348)
	at walmart.TestSetB.StoreFinder(TestSetB.java:225)
	at walmart.TestSetB.TC_506_StoreFinder_MicrosoftEdgeBrowser(TestSetB.java:263)
... Removed 29 stack frames]]>
    </failure>
  </testcase> <!-- TC_506_StoreFinder_MicrosoftEdgeBrowser -->
  <testcase name="TC_510_WeeklyAdd_GoogleChrome" time="67.147" classname="walmart.TestSetB"/>
  <testcase name="TC_511_WeeklyAdd_Firefox" time="80.839" classname="walmart.TestSetB"/>
  <testcase name="TC_512_WeeklyAdd_MicorsoftEdge" time="54.456" classname="walmart.TestSetB"/>
  <testcase name="TC_513_WeeklyAdd_InternetExplorer" time="59.26" classname="walmart.TestSetB"/>
  <testcase name="ValidLogin" time="24.84" classname="walmart.TestSetB">
    <failure type="org.openqa.selenium.NoSuchElementException" message="no such element: Unable to locate element: {&amp;quot;method&amp;quot;:&amp;quot;xpath&amp;quot;,&amp;quot;selector&amp;quot;:&amp;quot;/html/body/div/div/div/div[2]/div/section/form/div[5]/button&amp;quot;}
  (Session info: chrome=69.0.3497.100)
  (Driver info: chromedriver=2.41.578737 (49da6702b16031c40d63e5618de03a32ff6c197e),platform=Windows NT 10.0.17134 x86_64) (WARNING: The server did not provide any stacktrace information)
Command duration or timeout: 0 milliseconds
For documentation on this error, please visit: http://seleniumhq.org/exceptions/no_such_element.html
Build info: version: &amp;apos;3.6.0&amp;apos;, revision: &amp;apos;6fbf3ec767&amp;apos;, time: &amp;apos;2017-09-27T16:15:40.131Z&amp;apos;
System info: host: &amp;apos;DESKTOP-75OLIUH&amp;apos;, ip: &amp;apos;192.168.1.165&amp;apos;, os.name: &amp;apos;Windows 10&amp;apos;, os.arch: &amp;apos;amd64&amp;apos;, os.version: &amp;apos;10.0&amp;apos;, java.version: &amp;apos;1.8.0_144&amp;apos;
Driver info: org.openqa.selenium.chrome.ChromeDriver
Capabilities [{mobileEmulationEnabled=false, hasTouchScreen=false, platform=XP, acceptSslCerts=false, goog:chromeOptions={debuggerAddress=localhost:57258}, acceptInsecureCerts=false, webStorageEnabled=true, browserName=chrome, takesScreenshot=true, javascriptEnabled=true, platformName=XP, setWindowRect=true, unexpectedAlertBehaviour=, applicationCacheEnabled=false, rotatable=false, networkConnectionEnabled=false, chrome={chromedriverVersion=2.41.578737 (49da6702b16031c40d63e5618de03a32ff6c197e), userDataDir=C:\Users\imran\AppData\Local\Temp\scoped_dir13624_10560}, takesHeapSnapshot=true, unhandledPromptBehavior=, pageLoadStrategy=normal, databaseEnabled=false, handlesAlerts=true, version=69.0.3497.100, browserConnectionEnabled=false, nativeEvents=true, locationContextEnabled=true, cssSelectorsEnabled=true}]
Session ID: 395bae1ac21323b6505504a4aa4c4131
*** Element info: {Using=xpath, value=/html/body/div/div/div/div[2]/div/section/form/div[5]/button}">
      <![CDATA[org.openqa.selenium.NoSuchElementException: no such element: Unable to locate element: {"method":"xpath","selector":"/html/body/div/div/div/div[2]/div/section/form/div[5]/button"}
  (Session info: chrome=69.0.3497.100)
  (Driver info: chromedriver=2.41.578737 (49da6702b16031c40d63e5618de03a32ff6c197e),platform=Windows NT 10.0.17134 x86_64) (WARNING: The server did not provide any stacktrace information)
Command duration or timeout: 0 milliseconds
For documentation on this error, please visit: http://seleniumhq.org/exceptions/no_such_element.html
Build info: version: '3.6.0', revision: '6fbf3ec767', time: '2017-09-27T16:15:40.131Z'
System info: host: 'DESKTOP-75OLIUH', ip: '192.168.1.165', os.name: 'Windows 10', os.arch: 'amd64', os.version: '10.0', java.version: '1.8.0_144'
Driver info: org.openqa.selenium.chrome.ChromeDriver
Capabilities [{mobileEmulationEnabled=false, hasTouchScreen=false, platform=XP, acceptSslCerts=false, goog:chromeOptions={debuggerAddress=localhost:57258}, acceptInsecureCerts=false, webStorageEnabled=true, browserName=chrome, takesScreenshot=true, javascriptEnabled=true, platformName=XP, setWindowRect=true, unexpectedAlertBehaviour=, applicationCacheEnabled=false, rotatable=false, networkConnectionEnabled=false, chrome={chromedriverVersion=2.41.578737 (49da6702b16031c40d63e5618de03a32ff6c197e), userDataDir=C:\Users\imran\AppData\Local\Temp\scoped_dir13624_10560}, takesHeapSnapshot=true, unhandledPromptBehavior=, pageLoadStrategy=normal, databaseEnabled=false, handlesAlerts=true, version=69.0.3497.100, browserConnectionEnabled=false, nativeEvents=true, locationContextEnabled=true, cssSelectorsEnabled=true}]
Session ID: 395bae1ac21323b6505504a4aa4c4131
*** Element info: {Using=xpath, value=/html/body/div/div/div/div[2]/div/section/form/div[5]/button}
	at org.openqa.selenium.remote.ErrorHandler.createThrowable(ErrorHandler.java:214)
	at org.openqa.selenium.remote.ErrorHandler.throwIfResponseFailed(ErrorHandler.java:166)
	at org.openqa.selenium.remote.http.JsonHttpResponseCodec.reconstructValue(JsonHttpResponseCodec.java:40)
	at org.openqa.selenium.remote.http.AbstractHttpResponseCodec.decode(AbstractHttpResponseCodec.java:82)
	at org.openqa.selenium.remote.http.AbstractHttpResponseCodec.decode(AbstractHttpResponseCodec.java:45)
	at org.openqa.selenium.remote.HttpCommandExecutor.execute(HttpCommandExecutor.java:164)
	at org.openqa.selenium.remote.service.DriverCommandExecutor.execute(DriverCommandExecutor.java:83)
	at org.openqa.selenium.remote.RemoteWebDriver.execute(RemoteWebDriver.java:586)
	at org.openqa.selenium.remote.RemoteWebDriver.findElement(RemoteWebDriver.java:356)
	at org.openqa.selenium.remote.RemoteWebDriver.findElementByXPath(RemoteWebDriver.java:458)
	at org.openqa.selenium.By$ByXPath.findElement(By.java:361)
	at org.openqa.selenium.remote.RemoteWebDriver.findElement(RemoteWebDriver.java:348)
	at walmart.TestSetB.ValidLogin(TestSetB.java:201)
... Removed 29 stack frames]]>
    </failure>
  </testcase> <!-- ValidLogin -->
  <testcase name="CountryListOnOnlineBanking" time="21.587" classname="hsbc.TestSetC">
    <failure type="org.openqa.selenium.NoSuchElementException" message="no such element: Unable to locate element: {&amp;quot;method&amp;quot;:&amp;quot;xpath&amp;quot;,&amp;quot;selector&amp;quot;:&amp;quot;//*[@id=&amp;quot;Form1&amp;quot;]/div[3]/div[5]/div/div[2]/div/article[3]/section[1]/fieldset/div/div/div[1]/div[2]/span&amp;quot;}
  (Session info: chrome=69.0.3497.100)
  (Driver info: chromedriver=2.41.578737 (49da6702b16031c40d63e5618de03a32ff6c197e),platform=Windows NT 10.0.17134 x86_64) (WARNING: The server did not provide any stacktrace information)
Command duration or timeout: 0 milliseconds
For documentation on this error, please visit: http://seleniumhq.org/exceptions/no_such_element.html
Build info: version: &amp;apos;3.6.0&amp;apos;, revision: &amp;apos;6fbf3ec767&amp;apos;, time: &amp;apos;2017-09-27T16:15:40.131Z&amp;apos;
System info: host: &amp;apos;DESKTOP-75OLIUH&amp;apos;, ip: &amp;apos;192.168.1.165&amp;apos;, os.name: &amp;apos;Windows 10&amp;apos;, os.arch: &amp;apos;amd64&amp;apos;, os.version: &amp;apos;10.0&amp;apos;, java.version: &amp;apos;1.8.0_144&amp;apos;
Driver info: org.openqa.selenium.chrome.ChromeDriver
Capabilities [{mobileEmulationEnabled=false, hasTouchScreen=false, platform=XP, acceptSslCerts=false, goog:chromeOptions={debuggerAddress=localhost:57357}, acceptInsecureCerts=false, webStorageEnabled=true, browserName=chrome, takesScreenshot=true, javascriptEnabled=true, platformName=XP, setWindowRect=true, unexpectedAlertBehaviour=, applicationCacheEnabled=false, rotatable=false, networkConnectionEnabled=false, chrome={chromedriverVersion=2.41.578737 (49da6702b16031c40d63e5618de03a32ff6c197e), userDataDir=C:\Users\imran\AppData\Local\Temp\scoped_dir1176_19332}, takesHeapSnapshot=true, unhandledPromptBehavior=, pageLoadStrategy=normal, databaseEnabled=false, handlesAlerts=true, version=69.0.3497.100, browserConnectionEnabled=false, nativeEvents=true, locationContextEnabled=true, cssSelectorsEnabled=true}]
Session ID: e405f4ec802a811351358332a8bffc43
*** Element info: {Using=xpath, value=//*[@id=&amp;quot;Form1&amp;quot;]/div[3]/div[5]/div/div[2]/div/article[3]/section[1]/fieldset/div/div/div[1]/div[2]/span}">
      <![CDATA[org.openqa.selenium.NoSuchElementException: no such element: Unable to locate element: {"method":"xpath","selector":"//*[@id="Form1"]/div[3]/div[5]/div/div[2]/div/article[3]/section[1]/fieldset/div/div/div[1]/div[2]/span"}
  (Session info: chrome=69.0.3497.100)
  (Driver info: chromedriver=2.41.578737 (49da6702b16031c40d63e5618de03a32ff6c197e),platform=Windows NT 10.0.17134 x86_64) (WARNING: The server did not provide any stacktrace information)
Command duration or timeout: 0 milliseconds
For documentation on this error, please visit: http://seleniumhq.org/exceptions/no_such_element.html
Build info: version: '3.6.0', revision: '6fbf3ec767', time: '2017-09-27T16:15:40.131Z'
System info: host: 'DESKTOP-75OLIUH', ip: '192.168.1.165', os.name: 'Windows 10', os.arch: 'amd64', os.version: '10.0', java.version: '1.8.0_144'
Driver info: org.openqa.selenium.chrome.ChromeDriver
Capabilities [{mobileEmulationEnabled=false, hasTouchScreen=false, platform=XP, acceptSslCerts=false, goog:chromeOptions={debuggerAddress=localhost:57357}, acceptInsecureCerts=false, webStorageEnabled=true, browserName=chrome, takesScreenshot=true, javascriptEnabled=true, platformName=XP, setWindowRect=true, unexpectedAlertBehaviour=, applicationCacheEnabled=false, rotatable=false, networkConnectionEnabled=false, chrome={chromedriverVersion=2.41.578737 (49da6702b16031c40d63e5618de03a32ff6c197e), userDataDir=C:\Users\imran\AppData\Local\Temp\scoped_dir1176_19332}, takesHeapSnapshot=true, unhandledPromptBehavior=, pageLoadStrategy=normal, databaseEnabled=false, handlesAlerts=true, version=69.0.3497.100, browserConnectionEnabled=false, nativeEvents=true, locationContextEnabled=true, cssSelectorsEnabled=true}]
Session ID: e405f4ec802a811351358332a8bffc43
*** Element info: {Using=xpath, value=//*[@id="Form1"]/div[3]/div[5]/div/div[2]/div/article[3]/section[1]/fieldset/div/div/div[1]/div[2]/span}
	at org.openqa.selenium.remote.ErrorHandler.createThrowable(ErrorHandler.java:214)
	at org.openqa.selenium.remote.ErrorHandler.throwIfResponseFailed(ErrorHandler.java:166)
	at org.openqa.selenium.remote.http.JsonHttpResponseCodec.reconstructValue(JsonHttpResponseCodec.java:40)
	at org.openqa.selenium.remote.http.AbstractHttpResponseCodec.decode(AbstractHttpResponseCodec.java:82)
	at org.openqa.selenium.remote.http.AbstractHttpResponseCodec.decode(AbstractHttpResponseCodec.java:45)
	at org.openqa.selenium.remote.HttpCommandExecutor.execute(HttpCommandExecutor.java:164)
	at org.openqa.selenium.remote.service.DriverCommandExecutor.execute(DriverCommandExecutor.java:83)
	at org.openqa.selenium.remote.RemoteWebDriver.execute(RemoteWebDriver.java:586)
	at org.openqa.selenium.remote.RemoteWebDriver.findElement(RemoteWebDriver.java:356)
	at org.openqa.selenium.remote.RemoteWebDriver.findElementByXPath(RemoteWebDriver.java:458)
	at org.openqa.selenium.By$ByXPath.findElement(By.java:361)
	at org.openqa.selenium.remote.RemoteWebDriver.findElement(RemoteWebDriver.java:348)
	at hsbc.TestSetC.CountryListOnOnlineBanking(TestSetC.java:74)
... Removed 29 stack frames]]>
    </failure>
  </testcase> <!-- CountryListOnOnlineBanking -->
  <testcase name="displayMousOverDropdownList" time="26.337" classname="hsbc.TestSetC"/>
  <testcase name="scrollUpAndDown" time="26.023" classname="hsbc.TestSetC"/>
  <testcase name="LoginAndLogout_4Browses" time="25.11" classname="facebook.testSetD">
    <failure type="org.openqa.selenium.WebDriverException" message="unknown error: Element &amp;lt;a aria-haspopup=&amp;quot;true&amp;quot; aria-labelledby=&amp;quot;userNavigationLabel&amp;quot; class=&amp;quot;_5lxs _3qct _p&amp;quot; data-gt=&amp;quot;{&amp;amp;quot;ref&amp;amp;quot;:&amp;amp;quot;async_menu&amp;amp;quot;,&amp;amp;quot;logout_menu_click&amp;amp;quot;:&amp;amp;quot;async_menu&amp;amp;quot;}&amp;quot; href=&amp;quot;https://www.facebook.com/settings?ref=mb&amp;amp;amp;drop&amp;quot; id=&amp;quot;pageLoginAnchor&amp;quot; rel=&amp;quot;toggle&amp;quot; role=&amp;quot;button&amp;quot; aria-expanded=&amp;quot;false&amp;quot;&amp;gt;...&amp;lt;/a&amp;gt; is not clickable at point (997, 21). Other element would receive the click: &amp;lt;div class=&amp;quot;_3ixn&amp;quot;&amp;gt;&amp;lt;/div&amp;gt;
  (Session info: chrome=69.0.3497.100)
  (Driver info: chromedriver=2.41.578737 (49da6702b16031c40d63e5618de03a32ff6c197e),platform=Windows NT 10.0.17134 x86_64) (WARNING: The server did not provide any stacktrace information)
Command duration or timeout: 0 milliseconds
Build info: version: &amp;apos;3.6.0&amp;apos;, revision: &amp;apos;6fbf3ec767&amp;apos;, time: &amp;apos;2017-09-27T16:15:40.131Z&amp;apos;
System info: host: &amp;apos;DESKTOP-75OLIUH&amp;apos;, ip: &amp;apos;192.168.1.165&amp;apos;, os.name: &amp;apos;Windows 10&amp;apos;, os.arch: &amp;apos;amd64&amp;apos;, os.version: &amp;apos;10.0&amp;apos;, java.version: &amp;apos;1.8.0_144&amp;apos;
Driver info: org.openqa.selenium.chrome.ChromeDriver
Capabilities [{mobileEmulationEnabled=false, hasTouchScreen=false, platform=XP, acceptSslCerts=false, goog:chromeOptions={debuggerAddress=localhost:57460}, acceptInsecureCerts=false, webStorageEnabled=true, browserName=chrome, takesScreenshot=true, javascriptEnabled=true, platformName=XP, setWindowRect=true, unexpectedAlertBehaviour=, applicationCacheEnabled=false, rotatable=false, networkConnectionEnabled=false, chrome={chromedriverVersion=2.41.578737 (49da6702b16031c40d63e5618de03a32ff6c197e), userDataDir=C:\Users\imran\AppData\Local\Temp\scoped_dir7408_12079}, takesHeapSnapshot=true, unhandledPromptBehavior=, pageLoadStrategy=normal, databaseEnabled=false, handlesAlerts=true, version=69.0.3497.100, browserConnectionEnabled=false, nativeEvents=true, locationContextEnabled=true, cssSelectorsEnabled=true}]
Session ID: 5d93bb6069ac7e2097b4d179a6bb9215">
      <![CDATA[org.openqa.selenium.WebDriverException: unknown error: Element <a aria-haspopup="true" aria-labelledby="userNavigationLabel" class="_5lxs _3qct _p" data-gt="{&quot;ref&quot;:&quot;async_menu&quot;,&quot;logout_menu_click&quot;:&quot;async_menu&quot;}" href="https://www.facebook.com/settings?ref=mb&amp;drop" id="pageLoginAnchor" rel="toggle" role="button" aria-expanded="false">...</a> is not clickable at point (997, 21). Other element would receive the click: <div class="_3ixn"></div>
  (Session info: chrome=69.0.3497.100)
  (Driver info: chromedriver=2.41.578737 (49da6702b16031c40d63e5618de03a32ff6c197e),platform=Windows NT 10.0.17134 x86_64) (WARNING: The server did not provide any stacktrace information)
Command duration or timeout: 0 milliseconds
Build info: version: '3.6.0', revision: '6fbf3ec767', time: '2017-09-27T16:15:40.131Z'
System info: host: 'DESKTOP-75OLIUH', ip: '192.168.1.165', os.name: 'Windows 10', os.arch: 'amd64', os.version: '10.0', java.version: '1.8.0_144'
Driver info: org.openqa.selenium.chrome.ChromeDriver
Capabilities [{mobileEmulationEnabled=false, hasTouchScreen=false, platform=XP, acceptSslCerts=false, goog:chromeOptions={debuggerAddress=localhost:57460}, acceptInsecureCerts=false, webStorageEnabled=true, browserName=chrome, takesScreenshot=true, javascriptEnabled=true, platformName=XP, setWindowRect=true, unexpectedAlertBehaviour=, applicationCacheEnabled=false, rotatable=false, networkConnectionEnabled=false, chrome={chromedriverVersion=2.41.578737 (49da6702b16031c40d63e5618de03a32ff6c197e), userDataDir=C:\Users\imran\AppData\Local\Temp\scoped_dir7408_12079}, takesHeapSnapshot=true, unhandledPromptBehavior=, pageLoadStrategy=normal, databaseEnabled=false, handlesAlerts=true, version=69.0.3497.100, browserConnectionEnabled=false, nativeEvents=true, locationContextEnabled=true, cssSelectorsEnabled=true}]
Session ID: 5d93bb6069ac7e2097b4d179a6bb9215
	at org.openqa.selenium.remote.ErrorHandler.createThrowable(ErrorHandler.java:214)
	at org.openqa.selenium.remote.ErrorHandler.throwIfResponseFailed(ErrorHandler.java:166)
	at org.openqa.selenium.remote.http.JsonHttpResponseCodec.reconstructValue(JsonHttpResponseCodec.java:40)
	at org.openqa.selenium.remote.http.AbstractHttpResponseCodec.decode(AbstractHttpResponseCodec.java:82)
	at org.openqa.selenium.remote.http.AbstractHttpResponseCodec.decode(AbstractHttpResponseCodec.java:45)
	at org.openqa.selenium.remote.HttpCommandExecutor.execute(HttpCommandExecutor.java:164)
	at org.openqa.selenium.remote.service.DriverCommandExecutor.execute(DriverCommandExecutor.java:83)
	at org.openqa.selenium.remote.RemoteWebDriver.execute(RemoteWebDriver.java:586)
	at org.openqa.selenium.remote.RemoteWebElement.execute(RemoteWebElement.java:279)
	at org.openqa.selenium.remote.RemoteWebElement.click(RemoteWebElement.java:83)
	at facebook.testSetD.LoginAndLogout_4Browses(testSetD.java:73)
... Removed 29 stack frames]]>
    </failure>
  </testcase> <!-- LoginAndLogout_4Browses -->
  <testcase name="LoginAndLogout_Chrome" time="25.741" classname="facebook.testSetD">
    <failure type="org.openqa.selenium.WebDriverException" message="unknown error: Element &amp;lt;a aria-haspopup=&amp;quot;true&amp;quot; aria-labelledby=&amp;quot;userNavigationLabel&amp;quot; class=&amp;quot;_5lxs _3qct _p&amp;quot; data-gt=&amp;quot;{&amp;amp;quot;ref&amp;amp;quot;:&amp;amp;quot;async_menu&amp;amp;quot;,&amp;amp;quot;logout_menu_click&amp;amp;quot;:&amp;amp;quot;async_menu&amp;amp;quot;}&amp;quot; href=&amp;quot;https://www.facebook.com/settings?ref=mb&amp;amp;amp;drop&amp;quot; id=&amp;quot;pageLoginAnchor&amp;quot; rel=&amp;quot;toggle&amp;quot; role=&amp;quot;button&amp;quot; aria-expanded=&amp;quot;false&amp;quot;&amp;gt;...&amp;lt;/a&amp;gt; is not clickable at point (997, 21). Other element would receive the click: &amp;lt;div class=&amp;quot;_3ixn&amp;quot;&amp;gt;&amp;lt;/div&amp;gt;
  (Session info: chrome=69.0.3497.100)
  (Driver info: chromedriver=2.41.578737 (49da6702b16031c40d63e5618de03a32ff6c197e),platform=Windows NT 10.0.17134 x86_64) (WARNING: The server did not provide any stacktrace information)
Command duration or timeout: 0 milliseconds
Build info: version: &amp;apos;3.6.0&amp;apos;, revision: &amp;apos;6fbf3ec767&amp;apos;, time: &amp;apos;2017-09-27T16:15:40.131Z&amp;apos;
System info: host: &amp;apos;DESKTOP-75OLIUH&amp;apos;, ip: &amp;apos;192.168.1.165&amp;apos;, os.name: &amp;apos;Windows 10&amp;apos;, os.arch: &amp;apos;amd64&amp;apos;, os.version: &amp;apos;10.0&amp;apos;, java.version: &amp;apos;1.8.0_144&amp;apos;
Driver info: org.openqa.selenium.chrome.ChromeDriver
Capabilities [{mobileEmulationEnabled=false, hasTouchScreen=false, platform=XP, acceptSslCerts=false, goog:chromeOptions={debuggerAddress=localhost:57485}, acceptInsecureCerts=false, webStorageEnabled=true, browserName=chrome, takesScreenshot=true, javascriptEnabled=true, platformName=XP, setWindowRect=true, unexpectedAlertBehaviour=, applicationCacheEnabled=false, rotatable=false, networkConnectionEnabled=false, chrome={chromedriverVersion=2.41.578737 (49da6702b16031c40d63e5618de03a32ff6c197e), userDataDir=C:\Users\imran\AppData\Local\Temp\scoped_dir13716_22854}, takesHeapSnapshot=true, unhandledPromptBehavior=, pageLoadStrategy=normal, databaseEnabled=false, handlesAlerts=true, version=69.0.3497.100, browserConnectionEnabled=false, nativeEvents=true, locationContextEnabled=true, cssSelectorsEnabled=true}]
Session ID: 7e7c8f97de64afc0494dc5661270dde9">
      <![CDATA[org.openqa.selenium.WebDriverException: unknown error: Element <a aria-haspopup="true" aria-labelledby="userNavigationLabel" class="_5lxs _3qct _p" data-gt="{&quot;ref&quot;:&quot;async_menu&quot;,&quot;logout_menu_click&quot;:&quot;async_menu&quot;}" href="https://www.facebook.com/settings?ref=mb&amp;drop" id="pageLoginAnchor" rel="toggle" role="button" aria-expanded="false">...</a> is not clickable at point (997, 21). Other element would receive the click: <div class="_3ixn"></div>
  (Session info: chrome=69.0.3497.100)
  (Driver info: chromedriver=2.41.578737 (49da6702b16031c40d63e5618de03a32ff6c197e),platform=Windows NT 10.0.17134 x86_64) (WARNING: The server did not provide any stacktrace information)
Command duration or timeout: 0 milliseconds
Build info: version: '3.6.0', revision: '6fbf3ec767', time: '2017-09-27T16:15:40.131Z'
System info: host: 'DESKTOP-75OLIUH', ip: '192.168.1.165', os.name: 'Windows 10', os.arch: 'amd64', os.version: '10.0', java.version: '1.8.0_144'
Driver info: org.openqa.selenium.chrome.ChromeDriver
Capabilities [{mobileEmulationEnabled=false, hasTouchScreen=false, platform=XP, acceptSslCerts=false, goog:chromeOptions={debuggerAddress=localhost:57485}, acceptInsecureCerts=false, webStorageEnabled=true, browserName=chrome, takesScreenshot=true, javascriptEnabled=true, platformName=XP, setWindowRect=true, unexpectedAlertBehaviour=, applicationCacheEnabled=false, rotatable=false, networkConnectionEnabled=false, chrome={chromedriverVersion=2.41.578737 (49da6702b16031c40d63e5618de03a32ff6c197e), userDataDir=C:\Users\imran\AppData\Local\Temp\scoped_dir13716_22854}, takesHeapSnapshot=true, unhandledPromptBehavior=, pageLoadStrategy=normal, databaseEnabled=false, handlesAlerts=true, version=69.0.3497.100, browserConnectionEnabled=false, nativeEvents=true, locationContextEnabled=true, cssSelectorsEnabled=true}]
Session ID: 7e7c8f97de64afc0494dc5661270dde9
	at org.openqa.selenium.remote.ErrorHandler.createThrowable(ErrorHandler.java:214)
	at org.openqa.selenium.remote.ErrorHandler.throwIfResponseFailed(ErrorHandler.java:166)
	at org.openqa.selenium.remote.http.JsonHttpResponseCodec.reconstructValue(JsonHttpResponseCodec.java:40)
	at org.openqa.selenium.remote.http.AbstractHttpResponseCodec.decode(AbstractHttpResponseCodec.java:82)
	at org.openqa.selenium.remote.http.AbstractHttpResponseCodec.decode(AbstractHttpResponseCodec.java:45)
	at org.openqa.selenium.remote.HttpCommandExecutor.execute(HttpCommandExecutor.java:164)
	at org.openqa.selenium.remote.service.DriverCommandExecutor.execute(DriverCommandExecutor.java:83)
	at org.openqa.selenium.remote.RemoteWebDriver.execute(RemoteWebDriver.java:586)
	at org.openqa.selenium.remote.RemoteWebElement.execute(RemoteWebElement.java:279)
	at org.openqa.selenium.remote.RemoteWebElement.click(RemoteWebElement.java:83)
	at facebook.testSetD.LoginAndLogout_Chrome(testSetD.java:108)
... Removed 29 stack frames]]>
    </failure>
  </testcase> <!-- LoginAndLogout_Chrome -->
[...]
  <testcase name="TC_101_TBD" time="17.813" classname="Dividend.TestSedDividend"/>
  <testcase name="TC_102" time="21.055" classname="Dividend.TestSedDividend"/>
  <testcase name="TC_103_CheckStockOnCurrentPage" time="34.85" classname="Dividend.TestSedDividend">
    <failure type="java.lang.NullPointerException">
      <![CDATA[java.lang.NullPointerException
	at Dividend.TestSedDividend.GetCellData(TestSedDividend.java:445)
	at Dividend.TestSedDividend.GetBuyOrNot(TestSedDividend.java:457)
	at Dividend.TestSedDividend.TC_103_CheckStockOnCurrentPage(TestSedDividend.java:121)
... Removed 25 stack frames]]>
    </failure>
  </testcase> <!-- TC_103_CheckStockOnCurrentPage -->
  <testcase name="TC_104_CheckStockOnAllPage" time="268.943" classname="Dividend.TestSedDividend"/>
  <testcase name="TC_105_Social_Sites_On_New_Tabs" time="69.729" classname="Dividend.TestSedDividend"/>
  <testcase name="TC_106_TBD" time="63.943" classname="Dividend.TestSedDividend"/>
  <testcase name="TC_107_Login_NegitiveTest" time="41.004" classname="Dividend.TestSedDividend"/>
  <testcase name="TC_108_EnabledOrDisabledField" time="30.537" classname="Dividend.TestSedDividend"/>
  <testcase name="TC_109_CheckOrUnCheckRemember" time="29.723" classname="Dividend.TestSedDividend"/>
  <testcase name="TC_110_Search_Securities" time="37.223" classname="Dividend.TestSedDividend">
    <failure type="org.openqa.selenium.NoSuchElementException" message="no such element: Unable to locate element: {&amp;quot;method&amp;quot;:&amp;quot;xpath&amp;quot;,&amp;quot;selector&amp;quot;:&amp;quot;/html/body/div[10]/div[4]/div/div/h1/span&amp;quot;}
  (Session info: chrome=69.0.3497.100)
  (Driver info: chromedriver=2.41.578737 (49da6702b16031c40d63e5618de03a32ff6c197e),platform=Windows NT 10.0.17134 x86_64) (WARNING: The server did not provide any stacktrace information)
Command duration or timeout: 0 milliseconds
For documentation on this error, please visit: http://seleniumhq.org/exceptions/no_such_element.html
Build info: version: &amp;apos;3.6.0&amp;apos;, revision: &amp;apos;6fbf3ec767&amp;apos;, time: &amp;apos;2017-09-27T16:15:40.131Z&amp;apos;
System info: host: &amp;apos;DESKTOP-75OLIUH&amp;apos;, ip: &amp;apos;192.168.1.165&amp;apos;, os.name: &amp;apos;Windows 10&amp;apos;, os.arch: &amp;apos;amd64&amp;apos;, os.version: &amp;apos;10.0&amp;apos;, java.version: &amp;apos;1.8.0_144&amp;apos;
Driver info: org.openqa.selenium.chrome.ChromeDriver
Capabilities [{mobileEmulationEnabled=false, hasTouchScreen=false, platform=XP, acceptSslCerts=false, goog:chromeOptions={debuggerAddress=localhost:53914}, acceptInsecureCerts=false, webStorageEnabled=true, browserName=chrome, takesScreenshot=true, javascriptEnabled=true, platformName=XP, setWindowRect=true, unexpectedAlertBehaviour=, applicationCacheEnabled=false, rotatable=false, networkConnectionEnabled=false, chrome={chromedriverVersion=2.41.578737 (49da6702b16031c40d63e5618de03a32ff6c197e), userDataDir=C:\Users\imran\AppData\Local\Temp\scoped_dir13232_27852}, takesHeapSnapshot=true, unhandledPromptBehavior=, pageLoadStrategy=normal, databaseEnabled=false, handlesAlerts=true, version=69.0.3497.100, browserConnectionEnabled=false, nativeEvents=true, locationContextEnabled=true, cssSelectorsEnabled=true}]
Session ID: 423d35c7da1755d9c95c10b293915e57
*** Element info: {Using=xpath, value=/html/body/div[10]/div[4]/div/div/h1/span}">
      <![CDATA[org.openqa.selenium.NoSuchElementException: no such element: Unable to locate element: {"method":"xpath","selector":"/html/body/div[10]/div[4]/div/div/h1/span"}
  (Session info: chrome=69.0.3497.100)
  (Driver info: chromedriver=2.41.578737 (49da6702b16031c40d63e5618de03a32ff6c197e),platform=Windows NT 10.0.17134 x86_64) (WARNING: The server did not provide any stacktrace information)
Command duration or timeout: 0 milliseconds
For documentation on this error, please visit: http://seleniumhq.org/exceptions/no_such_element.html
Build info: version: '3.6.0', revision: '6fbf3ec767', time: '2017-09-27T16:15:40.131Z'
System info: host: 'DESKTOP-75OLIUH', ip: '192.168.1.165', os.name: 'Windows 10', os.arch: 'amd64', os.version: '10.0', java.version: '1.8.0_144'
Driver info: org.openqa.selenium.chrome.ChromeDriver
Capabilities [{mobileEmulationEnabled=false, hasTouchScreen=false, platform=XP, acceptSslCerts=false, goog:chromeOptions={debuggerAddress=localhost:53914}, acceptInsecureCerts=false, webStorageEnabled=true, browserName=chrome, takesScreenshot=true, javascriptEnabled=true, platformName=XP, setWindowRect=true, unexpectedAlertBehaviour=, applicationCacheEnabled=false, rotatable=false, networkConnectionEnabled=false, chrome={chromedriverVersion=2.41.578737 (49da6702b16031c40d63e5618de03a32ff6c197e), userDataDir=C:\Users\imran\AppData\Local\Temp\scoped_dir13232_27852}, takesHeapSnapshot=true, unhandledPromptBehavior=, pageLoadStrategy=normal, databaseEnabled=false, handlesAlerts=true, version=69.0.3497.100, browserConnectionEnabled=false, nativeEvents=true, locationContextEnabled=true, cssSelectorsEnabled=true}]
Session ID: 423d35c7da1755d9c95c10b293915e57
*** Element info: {Using=xpath, value=/html/body/div[10]/div[4]/div/div/h1/span}
	at org.openqa.selenium.remote.ErrorHandler.createThrowable(ErrorHandler.java:214)
	at org.openqa.selenium.remote.ErrorHandler.throwIfResponseFailed(ErrorHandler.java:166)
	at org.openqa.selenium.remote.http.JsonHttpResponseCodec.reconstructValue(JsonHttpResponseCodec.java:40)
	at org.openqa.selenium.remote.http.AbstractHttpResponseCodec.decode(AbstractHttpResponseCodec.java:82)
	at org.openqa.selenium.remote.http.AbstractHttpResponseCodec.decode(AbstractHttpResponseCodec.java:45)
	at org.openqa.selenium.remote.HttpCommandExecutor.execute(HttpCommandExecutor.java:164)
	at org.openqa.selenium.remote.service.DriverCommandExecutor.execute(DriverCommandExecutor.java:83)
	at org.openqa.selenium.remote.RemoteWebDriver.execute(RemoteWebDriver.java:586)
	at org.openqa.selenium.remote.RemoteWebDriver.findElement(RemoteWebDriver.java:356)
	at org.openqa.selenium.remote.RemoteWebDriver.findElementByXPath(RemoteWebDriver.java:458)
	at org.openqa.selenium.By$ByXPath.findElement(By.java:361)
	at org.openqa.selenium.remote.RemoteWebDriver.findElement(RemoteWebDriver.java:348)
	at Dividend.TestSedDividend.TC_110_Search_Securities(TestSedDividend.java:366)
... Removed 28 stack frames]]>
    </failure>
  </testcase> <!-- TC_110_Search_Securities -->
  <testcase name="TC_101_SearchResultCount" time="19.814" classname="Google.TestSet_Google">
    <failure type="org.openqa.selenium.NoSuchElementException" message="Unable to locate element: #lst\-ib
For documentation on this error, please visit: http://seleniumhq.org/exceptions/no_such_element.html
Build info: version: &amp;apos;3.6.0&amp;apos;, revision: &amp;apos;6fbf3ec767&amp;apos;, time: &amp;apos;2017-09-27T16:15:40.131Z&amp;apos;
System info: host: &amp;apos;DESKTOP-75OLIUH&amp;apos;, ip: &amp;apos;192.168.1.165&amp;apos;, os.name: &amp;apos;Windows 10&amp;apos;, os.arch: &amp;apos;amd64&amp;apos;, os.version: &amp;apos;10.0&amp;apos;, java.version: &amp;apos;1.8.0_144&amp;apos;
Driver info: org.openqa.selenium.firefox.FirefoxDriver
Capabilities [{moz:profile=C:\Users\imran\AppData\Local\Temp\rust_mozprofile.XZdp2N1IVASW, rotatable=false, timeouts={implicit=0, pageLoad=300000, script=30000}, pageLoadStrategy=normal, moz:headless=false, platform=XP, moz:accessibilityChecks=false, moz:useNonSpecCompliantPointerOrigin=false, acceptInsecureCerts=true, browserVersion=61.0.1, platformVersion=10.0, moz:processID=13064, browserName=firefox, javascriptEnabled=true, platformName=XP, moz:webdriverClick=true}]
Session ID: 8233c4ed-28ba-4c58-90c7-977afb21341f
*** Element info: {Using=id, value=lst-ib}">
      <![CDATA[org.openqa.selenium.NoSuchElementException: Unable to locate element: #lst\-ib
For documentation on this error, please visit: http://seleniumhq.org/exceptions/no_such_element.html
Build info: version: '3.6.0', revision: '6fbf3ec767', time: '2017-09-27T16:15:40.131Z'
System info: host: 'DESKTOP-75OLIUH', ip: '192.168.1.165', os.name: 'Windows 10', os.arch: 'amd64', os.version: '10.0', java.version: '1.8.0_144'
Driver info: org.openqa.selenium.firefox.FirefoxDriver
Capabilities [{moz:profile=C:\Users\imran\AppData\Local\Temp\rust_mozprofile.XZdp2N1IVASW, rotatable=false, timeouts={implicit=0, pageLoad=300000, script=30000}, pageLoadStrategy=normal, moz:headless=false, platform=XP, moz:accessibilityChecks=false, moz:useNonSpecCompliantPointerOrigin=false, acceptInsecureCerts=true, browserVersion=61.0.1, platformVersion=10.0, moz:processID=13064, browserName=firefox, javascriptEnabled=true, platformName=XP, moz:webdriverClick=true}]
Session ID: 8233c4ed-28ba-4c58-90c7-977afb21341f
*** Element info: {Using=id, value=lst-ib}
	at org.openqa.selenium.remote.http.W3CHttpResponseCodec.createException(W3CHttpResponseCodec.java:185)
	at org.openqa.selenium.remote.http.W3CHttpResponseCodec.decode(W3CHttpResponseCodec.java:120)
	at org.openqa.selenium.remote.http.W3CHttpResponseCodec.decode(W3CHttpResponseCodec.java:49)
	at org.openqa.selenium.remote.HttpCommandExecutor.execute(HttpCommandExecutor.java:164)
	at org.openqa.selenium.remote.service.DriverCommandExecutor.execute(DriverCommandExecutor.java:83)
	at org.openqa.selenium.remote.RemoteWebDriver.execute(RemoteWebDriver.java:586)
	at org.openqa.selenium.remote.RemoteWebDriver.findElement(RemoteWebDriver.java:356)
	at org.openqa.selenium.remote.RemoteWebDriver.findElementById(RemoteWebDriver.java:402)
	at org.openqa.selenium.By$ById.findElement(By.java:218)
	at org.openqa.selenium.remote.RemoteWebDriver.findElement(RemoteWebDriver.java:348)
	at Google.TestSet_Google.TC_101_SearchResultCount(TestSet_Google.java:45)
... Removed 28 stack frames]]>
    </failure>
  </testcase> <!-- TC_101_SearchResultCount -->
  <testcase name="TC_102_LuckyTexts" time="23.74" classname="Google.TestSet_Google"/>
  <testcase name="TC_103_HangOut" time="50.751" classname="Google.TestSet_Google"/>
  <testcase name="TC_104_HAB" time="27.804" classname="Google.TestSet_Google"/>
  <testcase name="TC_105_LoginWithCaptchaAndPhoneCode" time="33.035" classname="Google.TestSet_Google">
    <failure type="java.lang.StringIndexOutOfBoundsException" message="String index out of range: 27">
      <![CDATA[java.lang.StringIndexOutOfBoundsException: String index out of range: 27
	at java.lang.String.substring(Unknown Source)
	at Google.TestSet_Google.TC_105_LoginWithCaptchaAndPhoneCode(TestSet_Google.java:188)
... Removed 25 stack frames]]>
    </failure>
  </testcase> <!-- TC_105_LoginWithCaptchaAndPhoneCode -->
  <testcase name="TC_106_PlayVideo" time="41.859" classname="Google.TestSet_Google"/>
  <testcase name="TC_107_ExploreCSSselector" time="46.925" classname="Google.TestSet_Google"/>
  <testcase name="TC_108_TBD" time="19.003" classname="Google.TestSet_Google"/>
  <testcase name="TC_114_TBD" time="49.058" classname="Nasdaq.TestSet_Nasdaq"/>
  <testcase name="TC_803_Pink" time="35.756" classname="cat.TestSet_Cat"/>
  <testcase name="TC_101_HighlightLinksAndButton" time="39.139" classname="Dow.TestSet_Dow"/>
  <testcase name="TC_102_WideRangeOfCSSselectors" time="32.161" classname="Dow.TestSet_Dow"/>
  <testcase name="TC_103_CSSselectorS" time="35.423" classname="Dow.TestSet_Dow"/>
  <testcase name="TC_104_NA" time="30.792" classname="Dow.TestSet_Dow">
    <failure type="org.openqa.selenium.interactions.MoveTargetOutOfBoundsException" message="(411.16668701171875, 697.9166564941406) is out of bounds of viewport width (1366) and height (654)
Build info: version: &amp;apos;3.6.0&amp;apos;, revision: &amp;apos;6fbf3ec767&amp;apos;, time: &amp;apos;2017-09-27T16:15:40.131Z&amp;apos;
System info: host: &amp;apos;DESKTOP-75OLIUH&amp;apos;, ip: &amp;apos;192.168.1.165&amp;apos;, os.name: &amp;apos;Windows 10&amp;apos;, os.arch: &amp;apos;amd64&amp;apos;, os.version: &amp;apos;10.0&amp;apos;, java.version: &amp;apos;1.8.0_144&amp;apos;
Driver info: org.openqa.selenium.firefox.FirefoxDriver
Capabilities [{moz:profile=C:\Users\imran\AppData\Local\Temp\rust_mozprofile.gI1w0s9eN6Dp, rotatable=false, timeouts={implicit=0, pageLoad=300000, script=30000}, pageLoadStrategy=normal, moz:headless=false, platform=XP, moz:accessibilityChecks=false, moz:useNonSpecCompliantPointerOrigin=false, acceptInsecureCerts=true, browserVersion=61.0.1, platformVersion=10.0, moz:processID=10116, browserName=firefox, javascriptEnabled=true, platformName=XP, moz:webdriverClick=true}]
Session ID: 51d5fd01-37f4-4cd2-aa86-d0e32ebea7ee">
      <![CDATA[org.openqa.selenium.interactions.MoveTargetOutOfBoundsException: (411.16668701171875, 697.9166564941406) is out of bounds of viewport width (1366) and height (654)
Build info: version: '3.6.0', revision: '6fbf3ec767', time: '2017-09-27T16:15:40.131Z'
System info: host: 'DESKTOP-75OLIUH', ip: '192.168.1.165', os.name: 'Windows 10', os.arch: 'amd64', os.version: '10.0', java.version: '1.8.0_144'
Driver info: org.openqa.selenium.firefox.FirefoxDriver
Capabilities [{moz:profile=C:\Users\imran\AppData\Local\Temp\rust_mozprofile.gI1w0s9eN6Dp, rotatable=false, timeouts={implicit=0, pageLoad=300000, script=30000}, pageLoadStrategy=normal, moz:headless=false, platform=XP, moz:accessibilityChecks=false, moz:useNonSpecCompliantPointerOrigin=false, acceptInsecureCerts=true, browserVersion=61.0.1, platformVersion=10.0, moz:processID=10116, browserName=firefox, javascriptEnabled=true, platformName=XP, moz:webdriverClick=true}]
Session ID: 51d5fd01-37f4-4cd2-aa86-d0e32ebea7ee
	at org.openqa.selenium.remote.http.W3CHttpResponseCodec.createException(W3CHttpResponseCodec.java:185)
	at org.openqa.selenium.remote.http.W3CHttpResponseCodec.decode(W3CHttpResponseCodec.java:120)
	at org.openqa.selenium.remote.http.W3CHttpResponseCodec.decode(W3CHttpResponseCodec.java:49)
	at org.openqa.selenium.remote.HttpCommandExecutor.execute(HttpCommandExecutor.java:164)
	at org.openqa.selenium.remote.service.DriverCommandExecutor.execute(DriverCommandExecutor.java:83)
	at org.openqa.selenium.remote.RemoteWebDriver.execute(RemoteWebDriver.java:586)
	at org.openqa.selenium.remote.RemoteWebDriver.perform(RemoteWebDriver.java:652)
	at org.openqa.selenium.interactions.Actions$BuiltAction.perform(Actions.java:638)
	at Dow.TestSet_Dow.TC_104_NA(TestSet_Dow.java:199)
... Removed 29 stack frames]]>
    </failure>
  </testcase> <!-- TC_104_NA -->
  <testcase name="TC_105_DropdownValidation" time="106.916" classname="Dow.TestSet_Dow"/>
  <testcase name="TC_106_NA_PracticeCSSselector" time="49.529" classname="Dow.TestSet_Dow"/>
  <testcase name="TC_107_TBD" time="17.495" classname="Dow.TestSet_Dow"/>
  <testcase name="TC_101_TBD" time="58.569" classname="Parametarization.UsingDataProvider"/>
  <testcase name="TC_101_TBD" time="64.159" classname="Parametarization.UsingDataProvider"/>
  <testcase name="TC_101_TBD" time="446.698" classname="Parametarization.UsingDataProvider"/>
  <testcase name="TC_101_TBD" time="63.61" classname="Parametarization.UsingDataProvider"/>
  <testcase name="TC_101_TBD" time="49.197" classname="Parametarization.UsingDataProvider">
    <failure type="java.lang.AssertionError" message="expected [$2,602.75] but found [$3,639.47]">
      <![CDATA[java.lang.AssertionError: expected [$2,602.75] but found [$3,639.47]
	at Parametarization.UsingDataProvider.TC_101_TBD(UsingDataProvider.java:77)
... Removed 31 stack frames]]>
    </failure>
  </testcase> <!-- TC_101_TBD -->
  <testcase name="TC_102_TBD" time="134.128" classname="flowerbyMe.TestSet_flowerbyMe"/>
  <testcase name="TC_102_TBD" time="90.006" classname="flowerbyMe.TestSet_flowerbyMe"/>
  <testcase name="TC_102_TBD" time="777.693" classname="flowerbyMe.TestSet_flowerbyMe"/>
  <testcase name="TC_102_TBD" time="34.44" classname="flowerbyMe.TestSet_flowerbyMe"/>
  <testcase name="TC_102_TBD" time="32.268" classname="flowerbyMe.TestSet_flowerbyMe"/>
  <testcase name="TC_101_TBD" time="29.416" classname="bing2.TestSet2_bing"/>
  <testcase name="TC_SE_CHROME" time="79.516" classname="bing2.TestSet2_bing"/>
  <testcase name="TC_SE_Firefox" time="77.623" classname="bing2.TestSet2_bing"/>
  <testcase name="TC_SE_MicrosoftEdge" time="63.916" classname="bing2.TestSet2_bing"/>
  <testcase name="TC_SE_ie" time="668.241" classname="bing2.TestSet2_bing"/>
  <testcase name="TC_101_SelectByKeybordInput" time="47.019" classname="MarriottAll.MarriottAllTestSet"/>
  <testcase name="TC_102_TBD" time="59.28" classname="MarriottAll.MarriottAllTestSet"/>
  <testcase name="F" time="0.001" classname="Priotization"/>
  <testcase name="TC_101_MouseOver" time="33.096" classname="FromYouFlowers.FYF"/>
  <testcase name="TC_802_Red" time="34.671" classname="cat.TestSet_Cat"/>
  <testcase name="TC_104_CheckStockOnAllPage" time="229.765" classname="MyMath.TestSetMath"/>
  <testcase name="D" time="0.0" classname="Priotization"/>
  <testcase name="TC_804_Yellow" time="27.98" classname="cat.TestSet_Cat"/>
  <testcase name="TC_102" time="0.001" classname="MyMath.TestSetMath"/>
  <testcase name="E" time="0.0" classname="Priotization"/>
  <testcase name="TC_801_Green" time="32.119" classname="cat.TestSet_Cat"/>
  <testcase name="TC_805_TBD" time="495.444" classname="cat.TestSet_Cat"/>
  <testcase name="C" time="0.0" classname="Priotization"/>
  <testcase name="TC_806_TBD" time="27.781" classname="cat.TestSet_Cat"/>
  <testcase name="G" time="0.001" classname="Priotization"/>
  <testcase name="B" time="0.0" classname="Priotization">
    <ignored/>
  </testcase> <!-- B -->
  <testcase name="TC_107_VerifyColor" time="0.0" classname="Nasdaq.TestSet_Nasdaq">
    <ignored/>
  </testcase> <!-- TC_107_VerifyColor -->
  <testcase name="TC_SE_Opera" time="0.0" classname="bing2.TestSet2_bing">
    <ignored/>
  </testcase> <!-- TC_SE_Opera -->
  <testcase name="CountryListOnOnlineBanking3Browsers" time="0.0" classname="hsbc.TestSetC">
    <ignored/>
  </testcase> <!-- CountryListOnOnlineBanking3Browsers -->
  <testcase name="TC_113_TBD" time="0.0" classname="Nasdaq.TestSet_Nasdaq">
    <ignored/>
  </testcase> <!-- TC_113_TBD -->
  <testcase name="TC_108_TBD" time="0.0" classname="Nasdaq.TestSet_Nasdaq">
    <ignored/>
  </testcase> <!-- TC_108_TBD -->
  <testcase name="TC_105_VerifyEPS" time="0.0" classname="Nasdaq.TestSet_Nasdaq">
    <ignored/>
  </testcase> <!-- TC_105_VerifyEPS -->
  <testcase name="TC_106_EPS_All_Pages" time="0.0" classname="Nasdaq.TestSet_Nasdaq">
    <ignored/>
  </testcase> <!-- TC_106_EPS_All_Pages -->
  <testcase name="TC_104_NA" time="0.0" classname="Nasdaq.TestSet_Nasdaq">
    <ignored/>
  </testcase> <!-- TC_104_NA -->
  <testcase name="TC_110_MarketDataColor" time="0.0" classname="Nasdaq.TestSet_Nasdaq">
    <ignored/>
  </testcase> <!-- TC_110_MarketDataColor -->
  <testcase name="TC_102_WebTableCount" time="0.0" classname="Nasdaq.TestSet_Nasdaq">
    <ignored/>
  </testcase> <!-- TC_102_WebTableCount -->
  <testcase name="TC_111_TBD" time="0.0" classname="Nasdaq.TestSet_Nasdaq">
    <ignored/>
  </testcase> <!-- TC_111_TBD -->
  <testcase name="test2" time="0.0" classname="FirstClassWith2methods">
    <ignored/>
  </testcase> <!-- test2 -->
  <testcase name="TC_101_TBD" time="0.0" classname="flowerbyMe.TestSet_flowerbyMe">
    <ignored/>
  </testcase> <!-- TC_101_TBD -->
  <testcase name="TC_109_TBD" time="0.0" classname="Nasdaq.TestSet_Nasdaq">
    <ignored/>
  </testcase> <!-- TC_109_TBD -->
  <testcase name="TC_514" time="0.0" classname="walmart.TestSetB">
    <ignored/>
  </testcase> <!-- TC_514 -->
  <testcase name="TC_101_StockSearch" time="0.0" classname="Nasdaq.TestSet_Nasdaq">
    <ignored/>
  </testcase> <!-- TC_101_StockSearch -->
  <testcase name="TC_112_ValidateBoldTexts" time="0.0" classname="Nasdaq.TestSet_Nasdaq">
    <ignored/>
  </testcase> <!-- TC_112_ValidateBoldTexts -->
  <testcase name="TC_103_HashMap" time="0.0" classname="Nasdaq.TestSet_Nasdaq">
    <ignored/>
  </testcase> <!-- TC_103_HashMap -->
</testsuite> <!-- all automation scripts -->
