<?xml version="1.0" encoding="UTF-8"?>
<!-- Generated by org.testng.reporters.JUnitXMLReporter -->
<testsuite hostname="DESKTOP-75OLIUH" ignored="2" name="Default test" tests="1" failures="0" timestamp="25 Jan 2018 02:43:31 GMT" time="84.353" errors="0">
  <testcase name="TC_03_ExperimentAll8Selectors" time="83.331" classname="usps.TestSetJ"/>
  <testcase name="TC_02_CalculateAprice" time="0.0" classname="usps.TestSetJ">
    <ignored/>
  </testcase> <!-- TC_02_CalculateAprice -->
  <testcase name="TC_01_FindZipCode" time="0.0" classname="usps.TestSetJ">
    <ignored/>
  </testcase> <!-- TC_01_FindZipCode -->
</testsuite> <!-- Default test -->
