<?xml version="1.0" encoding="UTF-8"?>
<!-- Generated by org.testng.reporters.JUnitXMLReporter -->
<testsuite hostname="DESKTOP-75OLIUH" ignored="1" tests="6" failures="0" timestamp="28 Sep 2017 20:07:40 GMT" time="0.114" errors="0">
  <testcase name="A" time="0.017" classname="Priotization"/>
  <testcase name="F" time="0.002" classname="Priotization"/>
  <testcase name="D" time="0.006" classname="Priotization"/>
  <testcase name="E" time="0.008" classname="Priotization"/>
  <testcase name="C" time="0.005" classname="Priotization"/>
  <testcase name="G" time="0.005" classname="Priotization"/>
  <testcase name="B" time="0.0" classname="Priotization">
    <ignored/>
  </testcase> <!-- B -->
</testsuite>
