<!DOCTYPE html PUBLIC "-//W3C//DTD XHTML 1.1//EN" "http://www.w3.org/TR/xhtml11/DTD/xhtml11.dtd">
<html xmlns="http://www.w3.org/1999/xhtml"><head><title>TestNG Report</title><style type="text/css">table {margin-bottom:10px;border-collapse:collapse;empty-cells:show}th,td {border:1px solid #009;padding:.25em .5em}th {vertical-align:bottom}td {vertical-align:top}table a {font-weight:bold}.stripe td {background-color: #E6EBF9}.num {text-align:right}.passedodd td {background-color: #3F3}.passedeven td {background-color: #0A0}.skippedodd td {background-color: #DDD}.skippedeven td {background-color: #CCC}.failedodd td,.attn {background-color: #F33}.failedeven td,.stripe .attn {background-color: #D00}.stacktrace {white-space:pre;font-family:monospace}.totop {font-size:85%;text-align:center;border-bottom:2px solid #000}</style></head><body><table><tr><th>Test</th><th># Passed</th><th># Skipped</th><th># Failed</th><th>Time (ms)</th><th>Included Groups</th><th>Excluded Groups</th></tr><tr><th colspan="7">all</th></tr><tr><td><a href="#t0">all</a></td><td class="num">29</td><td class="num">0</td><td class="num attn">8</td><td class="num">857,419</td><td></td><td></td></tr></table><table id='summary'><thead><tr><th>Class</th><th>Method</th><th>Start</th><th>Time (ms)</th></tr></thead><tbody><tr><th colspan="4">all</th></tr></tbody><tbody id="t0"><tr><th colspan="4">all &#8212; failed</th></tr><tr class="failedeven"><td rowspan="2">afterLoginIn.TestSetA</td><td><a href="#m0">TC_401_Login_And_LogOut</a></td><td rowspan="1">1508432573796</td><td rowspan="1">27516</td></tr><tr class="failedeven"><td><a href="#m1">TC_402_Login_NegativeTest</a></td><td rowspan="1">1508432601580</td><td rowspan="1">16131</td></tr><tr class="failedodd"><td rowspan="1">facebook.testSetD</td><td><a href="#m2">LoginAndLogout_IE</a></td><td rowspan="1">1508433125169</td><td rowspan="1">9815</td></tr><tr class="failedeven"><td rowspan="1">groupon.TestSet_E</td><td><a href="#m3">Highlignt</a></td><td rowspan="1">1508433158735</td><td rowspan="1">26389</td></tr><tr class="failedodd"><td rowspan="1">hsbc.TestSetC</td><td><a href="#m4">CountryListOnOnlineBanking</a></td><td rowspan="1">1508432932882</td><td rowspan="1">24970</td></tr><tr class="failedeven"><td rowspan="3">walmart.TestSetB</td><td><a href="#m5">TC_503_mouseOver</a></td><td rowspan="1">1508432888704</td><td rowspan="1">14284</td></tr><tr class="failedeven"><td><a href="#m6">TC_504_Credit_Cards</a></td><td rowspan="1">1508432903243</td><td rowspan="1">14598</td></tr><tr class="failedeven"><td><a href="#m7">ValidLogin</a></td><td rowspan="1">1508432918095</td><td rowspan="1">14532</td></tr><tr><th colspan="4">all &#8212; passed</th></tr><tr class="passedeven"><td rowspan="2">FirstClassWith2methods</td><td><a href="#m8">UsersAreAbleToSearch</a></td><td rowspan="1">1508432456175</td><td rowspan="1">56760</td></tr><tr class="passedeven"><td><a href="#m9">test2</a></td><td rowspan="1">1508432513391</td><td rowspan="1">1</td></tr><tr class="passedodd"><td rowspan="6">Group</td><td><a href="#m10">F1</a></td><td rowspan="1">1508432455743</td><td rowspan="1">5</td></tr><tr class="passedodd"><td><a href="#m11">F2</a></td><td rowspan="1">1508432455750</td><td rowspan="1">1</td></tr><tr class="passedodd"><td><a href="#m12">F3</a></td><td rowspan="1">1508432455753</td><td rowspan="1">1</td></tr><tr class="passedodd"><td><a href="#m13">F4</a></td><td rowspan="1">1508432455755</td><td rowspan="1">1</td></tr><tr class="passedodd"><td><a href="#m14">F5</a></td><td rowspan="1">1508432455759</td><td rowspan="1">1</td></tr><tr class="passedodd"><td><a href="#m15">F6</a></td><td rowspan="1">1508432455762</td><td rowspan="1">1</td></tr><tr class="passedeven"><td rowspan="6">Priotization</td><td><a href="#m16">A</a></td><td rowspan="1">1508432455766</td><td rowspan="1">2</td></tr><tr class="passedeven"><td><a href="#m17">C</a></td><td rowspan="1">1508433311153</td><td rowspan="1">0</td></tr><tr class="passedeven"><td><a href="#m18">D</a></td><td rowspan="1">1508433311149</td><td rowspan="1">2</td></tr><tr class="passedeven"><td><a href="#m19">E</a></td><td rowspan="1">1508433311151</td><td rowspan="1">1</td></tr><tr class="passedeven"><td><a href="#m20">F</a></td><td rowspan="1">1508433311148</td><td rowspan="1">1</td></tr><tr class="passedeven"><td><a href="#m21">G</a></td><td rowspan="1">1508433311154</td><td rowspan="1">1</td></tr><tr class="passedodd"><td rowspan="2">SecondClasssWith2Methods</td><td><a href="#m22">UsersAreAbleToSearch</a></td><td rowspan="1">1508432513803</td><td rowspan="1">59330</td></tr><tr class="passedodd"><td><a href="#m23">test2</a></td><td rowspan="1">1508432573591</td><td rowspan="1">1</td></tr><tr class="passedeven"><td rowspan="2">afterLoginIn.TestSetA</td><td><a href="#m24">TC_403_VerifyFieldsInLoginPage</a></td><td rowspan="1">1508432617972</td><td rowspan="1">10866</td></tr><tr class="passedeven"><td><a href="#m25">TC_404_ToolTip</a></td><td rowspan="1">1508432629096</td><td rowspan="1">14154</td></tr><tr class="passedodd"><td rowspan="4">facebook.testSetD</td><td><a href="#m26">LoginAndLogout_4Browses</a></td><td rowspan="1">1508433006704</td><td rowspan="1">49575</td></tr><tr class="passedodd"><td><a href="#m27">LoginAndLogout_Chrome</a></td><td rowspan="1">1508433058019</td><td rowspan="1">29685</td></tr><tr class="passedodd"><td><a href="#m28">LoginAndLogout_Firefox</a></td><td rowspan="1">1508433089378</td><td rowspan="1">34075</td></tr><tr class="passedodd"><td><a href="#m29">LoginAndLogout_MicrosoftEdge</a></td><td rowspan="1">1508433136598</td><td rowspan="1">20456</td></tr><tr class="passedeven"><td rowspan="3">groupon.TestSet_E</td><td><a href="#m30">TC_402_LinkCount</a></td><td rowspan="1">1508433186036</td><td rowspan="1">36816</td></tr><tr class="passedeven"><td><a href="#m31">TC_404_HighlightElementsUnderCOUPON</a></td><td rowspan="1">1508433223862</td><td rowspan="1">27474</td></tr><tr class="passedeven"><td><a href="#m32">TC_801_testOne</a></td><td rowspan="1">1508433252247</td><td rowspan="1">58899</td></tr><tr class="passedodd"><td rowspan="2">hsbc.TestSetC</td><td><a href="#m33">displayMousOverDropdownList</a></td><td rowspan="1">1508432958107</td><td rowspan="1">23104</td></tr><tr class="passedodd"><td><a href="#m34">scrollUpAndDown</a></td><td rowspan="1">1508432981469</td><td rowspan="1">24206</td></tr><tr class="passedeven"><td rowspan="2">walmart.TestSetB</td><td><a href="#m35">TC_501_UsersAreAbleToSearch</a></td><td rowspan="1">1508432643505</td><td rowspan="1">176562</td></tr><tr class="passedeven"><td><a href="#m36">TC_502_SelectDropdownValue</a></td><td rowspan="1">1508432820372</td><td rowspan="1">68076</td></tr></tbody></table><h2>all</h2><h3 id="m0">afterLoginIn.TestSetA#TC_401_Login_And_LogOut</h3><table class="result"><tr><th>Exception</th></tr><tr><td><div class="stacktrace">org.openqa.selenium.NoSuchElementException: no such element: Unable to locate element: {&quot;method&quot;:&quot;id&quot;,&quot;selector&quot;:&quot;nav-link-accountList&quot;}
  (Session info: chrome=61.0.3163.100)
  (Driver info: chromedriver=2.32.498550 (9dec58e66c31bcc53a9ce3c7226f0c1c5810906a),platform=Windows NT 10.0.15063 x86_64) (WARNING: The server did not provide any stacktrace information)
Command duration or timeout: 0 milliseconds
For documentation on this error, please visit: http://seleniumhq.org/exceptions/no_such_element.html
Build info: version: &apos;3.6.0&apos;, revision: &apos;6fbf3ec767&apos;, time: &apos;2017-09-27T16:15:40.131Z&apos;
System info: host: &apos;DESKTOP-75OLIUH&apos;, ip: &apos;192.168.112.1&apos;, os.name: &apos;Windows 10&apos;, os.arch: &apos;amd64&apos;, os.version: &apos;10.0&apos;, java.version: &apos;1.8.0_144&apos;
Driver info: org.openqa.selenium.chrome.ChromeDriver
Capabilities [{mobileEmulationEnabled=false, hasTouchScreen=false, platform=XP, acceptSslCerts=true, webStorageEnabled=true, browserName=chrome, takesScreenshot=true, javascriptEnabled=true, platformName=XP, setWindowRect=true, unexpectedAlertBehaviour=, applicationCacheEnabled=false, rotatable=false, networkConnectionEnabled=false, chrome={chromedriverVersion=2.32.498550 (9dec58e66c31bcc53a9ce3c7226f0c1c5810906a), userDataDir=C:\Users\imran\AppData\Local\Temp\scoped_dir9508_15992}, takesHeapSnapshot=true, pageLoadStrategy=normal, unhandledPromptBehavior=, databaseEnabled=false, handlesAlerts=true, version=61.0.3163.100, browserConnectionEnabled=false, nativeEvents=true, locationContextEnabled=true, cssSelectorsEnabled=true}]
Session ID: 166575406daef760decbe4e72afe70f7
*** Element info: {Using=id, value=nav-link-accountList}
	at org.openqa.selenium.remote.ErrorHandler.createThrowable(ErrorHandler.java:214)
	at org.openqa.selenium.remote.ErrorHandler.throwIfResponseFailed(ErrorHandler.java:166)
	at org.openqa.selenium.remote.http.JsonHttpResponseCodec.reconstructValue(JsonHttpResponseCodec.java:40)
	at org.openqa.selenium.remote.http.AbstractHttpResponseCodec.decode(AbstractHttpResponseCodec.java:82)
	at org.openqa.selenium.remote.http.AbstractHttpResponseCodec.decode(AbstractHttpResponseCodec.java:45)
	at org.openqa.selenium.remote.HttpCommandExecutor.execute(HttpCommandExecutor.java:164)
	at org.openqa.selenium.remote.service.DriverCommandExecutor.execute(DriverCommandExecutor.java:83)
	at org.openqa.selenium.remote.RemoteWebDriver.execute(RemoteWebDriver.java:586)
	at org.openqa.selenium.remote.RemoteWebDriver.findElement(RemoteWebDriver.java:356)
	at org.openqa.selenium.remote.RemoteWebDriver.findElementById(RemoteWebDriver.java:402)
	at org.openqa.selenium.By$ById.findElement(By.java:218)
	at org.openqa.selenium.remote.RemoteWebDriver.findElement(RemoteWebDriver.java:348)
	at afterLoginIn.TestSetA.TC_401_Login_And_LogOut(TestSetA.java:49)
... Removed 29 stack frames</div></td></tr></table><p class="totop"><a href="#summary">back to summary</a></p><h3 id="m1">afterLoginIn.TestSetA#TC_402_Login_NegativeTest</h3><table class="result"><tr><th>Exception</th></tr><tr><td><div class="stacktrace">org.openqa.selenium.NoSuchElementException: no such element: Unable to locate element: {&quot;method&quot;:&quot;xpath&quot;,&quot;selector&quot;:&quot;//*[@id=&quot;auth-error-message-box&quot;]/div/div/ul/li/span&quot;}
  (Session info: chrome=61.0.3163.100)
  (Driver info: chromedriver=2.32.498550 (9dec58e66c31bcc53a9ce3c7226f0c1c5810906a),platform=Windows NT 10.0.15063 x86_64) (WARNING: The server did not provide any stacktrace information)
Command duration or timeout: 0 milliseconds
For documentation on this error, please visit: http://seleniumhq.org/exceptions/no_such_element.html
Build info: version: &apos;3.6.0&apos;, revision: &apos;6fbf3ec767&apos;, time: &apos;2017-09-27T16:15:40.131Z&apos;
System info: host: &apos;DESKTOP-75OLIUH&apos;, ip: &apos;192.168.112.1&apos;, os.name: &apos;Windows 10&apos;, os.arch: &apos;amd64&apos;, os.version: &apos;10.0&apos;, java.version: &apos;1.8.0_144&apos;
Driver info: org.openqa.selenium.chrome.ChromeDriver
Capabilities [{mobileEmulationEnabled=false, hasTouchScreen=false, platform=XP, acceptSslCerts=true, webStorageEnabled=true, browserName=chrome, takesScreenshot=true, javascriptEnabled=true, platformName=XP, setWindowRect=true, unexpectedAlertBehaviour=, applicationCacheEnabled=false, rotatable=false, networkConnectionEnabled=false, chrome={chromedriverVersion=2.32.498550 (9dec58e66c31bcc53a9ce3c7226f0c1c5810906a), userDataDir=C:\Users\imran\AppData\Local\Temp\scoped_dir17264_470}, takesHeapSnapshot=true, pageLoadStrategy=normal, unhandledPromptBehavior=, databaseEnabled=false, handlesAlerts=true, version=61.0.3163.100, browserConnectionEnabled=false, nativeEvents=true, locationContextEnabled=true, cssSelectorsEnabled=true}]
Session ID: f0a3e53673ff28d6ee9c5bd4373fcdd3
*** Element info: {Using=xpath, value=//*[@id=&quot;auth-error-message-box&quot;]/div/div/ul/li/span}
	at org.openqa.selenium.remote.ErrorHandler.createThrowable(ErrorHandler.java:214)
	at org.openqa.selenium.remote.ErrorHandler.throwIfResponseFailed(ErrorHandler.java:166)
	at org.openqa.selenium.remote.http.JsonHttpResponseCodec.reconstructValue(JsonHttpResponseCodec.java:40)
	at org.openqa.selenium.remote.http.AbstractHttpResponseCodec.decode(AbstractHttpResponseCodec.java:82)
	at org.openqa.selenium.remote.http.AbstractHttpResponseCodec.decode(AbstractHttpResponseCodec.java:45)
	at org.openqa.selenium.remote.HttpCommandExecutor.execute(HttpCommandExecutor.java:164)
	at org.openqa.selenium.remote.service.DriverCommandExecutor.execute(DriverCommandExecutor.java:83)
	at org.openqa.selenium.remote.RemoteWebDriver.execute(RemoteWebDriver.java:586)
	at org.openqa.selenium.remote.RemoteWebDriver.findElement(RemoteWebDriver.java:356)
	at org.openqa.selenium.remote.RemoteWebDriver.findElementByXPath(RemoteWebDriver.java:458)
	at org.openqa.selenium.By$ByXPath.findElement(By.java:361)
	at org.openqa.selenium.remote.RemoteWebDriver.findElement(RemoteWebDriver.java:348)
	at afterLoginIn.TestSetA.TC_402_Login_NegativeTest(TestSetA.java:78)
... Removed 29 stack frames</div></td></tr></table><p class="totop"><a href="#summary">back to summary</a></p><h3 id="m2">facebook.testSetD#LoginAndLogout_IE</h3><table class="result"><tr><th>Exception</th></tr><tr><td><div class="stacktrace">org.openqa.selenium.NoSuchElementException: Unable to find element with css selector == #email
For documentation on this error, please visit: http://seleniumhq.org/exceptions/no_such_element.html
Build info: version: &apos;3.6.0&apos;, revision: &apos;6fbf3ec767&apos;, time: &apos;2017-09-27T16:15:40.131Z&apos;
System info: host: &apos;DESKTOP-75OLIUH&apos;, ip: &apos;192.168.112.1&apos;, os.name: &apos;Windows 10&apos;, os.arch: &apos;amd64&apos;, os.version: &apos;10.0&apos;, java.version: &apos;1.8.0_144&apos;
Driver info: org.openqa.selenium.ie.InternetExplorerDriver
Capabilities [{acceptInsecureCerts=false, browserVersion=11, se:ieOptions={nativeEvents=true, browserAttachTimeout=0, ie.ensureCleanSession=false, elementScrollBehavior=0, enablePersistentHover=true, ie.browserCommandLineSwitches=, ie.forceCreateProcessApi=false, requireWindowFocus=false, initialBrowserUrl=http://localhost:32792/, ignoreZoomSetting=false, ie.fileUploadDialogTimeout=3000, ignoreProtectedModeSettings=false}, browserName=internet explorer, pageLoadStrategy=normal, javascriptEnabled=true, platformName=WINDOWS, setWindowRect=true, platform=WINDOWS}]
Session ID: 2d1288a2-1c09-4a23-aab9-e8f0ab6d59b1
*** Element info: {Using=id, value=email}
	at org.openqa.selenium.remote.http.W3CHttpResponseCodec.createException(W3CHttpResponseCodec.java:185)
	at org.openqa.selenium.remote.http.W3CHttpResponseCodec.decode(W3CHttpResponseCodec.java:120)
	at org.openqa.selenium.remote.http.W3CHttpResponseCodec.decode(W3CHttpResponseCodec.java:49)
	at org.openqa.selenium.remote.HttpCommandExecutor.execute(HttpCommandExecutor.java:164)
	at org.openqa.selenium.remote.service.DriverCommandExecutor.execute(DriverCommandExecutor.java:83)
	at org.openqa.selenium.remote.RemoteWebDriver.execute(RemoteWebDriver.java:586)
	at org.openqa.selenium.remote.RemoteWebDriver.findElement(RemoteWebDriver.java:356)
	at org.openqa.selenium.remote.RemoteWebDriver.findElementById(RemoteWebDriver.java:402)
	at org.openqa.selenium.By$ById.findElement(By.java:218)
	at org.openqa.selenium.remote.RemoteWebDriver.findElement(RemoteWebDriver.java:348)
	at facebook.testSetD.LoginAndLogout_IE(testSetD.java:202)
... Removed 29 stack frames</div></td></tr></table><p class="totop"><a href="#summary">back to summary</a></p><h3 id="m3">groupon.TestSet_E#Highlignt</h3><table class="result"><tr><th>Exception</th></tr><tr><td><div class="stacktrace">org.openqa.selenium.NoSuchElementException: Unable to locate element: #ls\-user\-signin
For documentation on this error, please visit: http://seleniumhq.org/exceptions/no_such_element.html
Build info: version: &apos;3.6.0&apos;, revision: &apos;6fbf3ec767&apos;, time: &apos;2017-09-27T16:15:40.131Z&apos;
System info: host: &apos;DESKTOP-75OLIUH&apos;, ip: &apos;192.168.112.1&apos;, os.name: &apos;Windows 10&apos;, os.arch: &apos;amd64&apos;, os.version: &apos;10.0&apos;, java.version: &apos;1.8.0_144&apos;
Driver info: org.openqa.selenium.firefox.FirefoxDriver
Capabilities [{moz:profile=C:\Users\imran\AppData\Local\Temp\rust_mozprofile.k64OEDuygU39, rotatable=false, timeouts={implicit=0, pageLoad=300000, script=30000}, pageLoadStrategy=normal, moz:headless=false, platform=XP, specificationLevel=0, moz:accessibilityChecks=false, acceptInsecureCerts=true, browserVersion=56.0.1, platformVersion=10.0, moz:processID=8692, browserName=firefox, javascriptEnabled=true, platformName=XP}]
Session ID: 1fdbb254-2828-442b-a57d-0368b1c7d52f
*** Element info: {Using=id, value=ls-user-signin}
	at org.openqa.selenium.remote.http.W3CHttpResponseCodec.createException(W3CHttpResponseCodec.java:185)
	at org.openqa.selenium.remote.http.W3CHttpResponseCodec.decode(W3CHttpResponseCodec.java:120)
	at org.openqa.selenium.remote.http.W3CHttpResponseCodec.decode(W3CHttpResponseCodec.java:49)
	at org.openqa.selenium.remote.HttpCommandExecutor.execute(HttpCommandExecutor.java:164)
	at org.openqa.selenium.remote.service.DriverCommandExecutor.execute(DriverCommandExecutor.java:83)
	at org.openqa.selenium.remote.RemoteWebDriver.execute(RemoteWebDriver.java:586)
	at org.openqa.selenium.remote.RemoteWebDriver.findElement(RemoteWebDriver.java:356)
	at org.openqa.selenium.remote.RemoteWebDriver.findElementById(RemoteWebDriver.java:402)
	at org.openqa.selenium.By$ById.findElement(By.java:218)
	at org.openqa.selenium.remote.RemoteWebDriver.findElement(RemoteWebDriver.java:348)
	at groupon.TestSet_E.Highlignt(TestSet_E.java:141)
... Removed 29 stack frames</div></td></tr></table><p class="totop"><a href="#summary">back to summary</a></p><h3 id="m4">hsbc.TestSetC#CountryListOnOnlineBanking</h3><table class="result"><tr><th>Exception</th></tr><tr><td><div class="stacktrace">org.junit.ComparisonFailure: expected:&lt;...el
I understand, let[â€™]s proceed
Note: HSBC...&gt; but was:&lt;...el
I understand, let[’]s proceed
Note: HSBC...&gt;
	at org.junit.Assert.assertEquals(Assert.java:115)
	at org.junit.Assert.assertEquals(Assert.java:144)
	at hsbc.TestSetC.CountryListOnOnlineBanking(TestSetC.java:83)
... Removed 25 stack frames</div></td></tr></table><p class="totop"><a href="#summary">back to summary</a></p><h3 id="m5">walmart.TestSetB#TC_503_mouseOver</h3><table class="result"><tr><th>Exception</th></tr><tr><td><div class="stacktrace">org.openqa.selenium.NoSuchElementException: no such element: Unable to locate element: {&quot;method&quot;:&quot;id&quot;,&quot;selector&quot;:&quot;header-GlobalEyebrowNav-button-0&quot;}
  (Session info: chrome=61.0.3163.100)
  (Driver info: chromedriver=2.32.498550 (9dec58e66c31bcc53a9ce3c7226f0c1c5810906a),platform=Windows NT 10.0.15063 x86_64) (WARNING: The server did not provide any stacktrace information)
Command duration or timeout: 0 milliseconds
For documentation on this error, please visit: http://seleniumhq.org/exceptions/no_such_element.html
Build info: version: &apos;3.6.0&apos;, revision: &apos;6fbf3ec767&apos;, time: &apos;2017-09-27T16:15:40.131Z&apos;
System info: host: &apos;DESKTOP-75OLIUH&apos;, ip: &apos;192.168.112.1&apos;, os.name: &apos;Windows 10&apos;, os.arch: &apos;amd64&apos;, os.version: &apos;10.0&apos;, java.version: &apos;1.8.0_144&apos;
Driver info: org.openqa.selenium.chrome.ChromeDriver
Capabilities [{mobileEmulationEnabled=false, hasTouchScreen=false, platform=XP, acceptSslCerts=true, webStorageEnabled=true, browserName=chrome, takesScreenshot=true, javascriptEnabled=true, platformName=XP, setWindowRect=true, unexpectedAlertBehaviour=, applicationCacheEnabled=false, rotatable=false, networkConnectionEnabled=false, chrome={chromedriverVersion=2.32.498550 (9dec58e66c31bcc53a9ce3c7226f0c1c5810906a), userDataDir=C:\Users\imran\AppData\Local\Temp\scoped_dir10284_4745}, takesHeapSnapshot=true, pageLoadStrategy=normal, unhandledPromptBehavior=, databaseEnabled=false, handlesAlerts=true, version=61.0.3163.100, browserConnectionEnabled=false, nativeEvents=true, locationContextEnabled=true, cssSelectorsEnabled=true}]
Session ID: e0f9685b539897af11241e75264afc0b
*** Element info: {Using=id, value=header-GlobalEyebrowNav-button-0}
	at org.openqa.selenium.remote.ErrorHandler.createThrowable(ErrorHandler.java:214)
	at org.openqa.selenium.remote.ErrorHandler.throwIfResponseFailed(ErrorHandler.java:166)
	at org.openqa.selenium.remote.http.JsonHttpResponseCodec.reconstructValue(JsonHttpResponseCodec.java:40)
	at org.openqa.selenium.remote.http.AbstractHttpResponseCodec.decode(AbstractHttpResponseCodec.java:82)
	at org.openqa.selenium.remote.http.AbstractHttpResponseCodec.decode(AbstractHttpResponseCodec.java:45)
	at org.openqa.selenium.remote.HttpCommandExecutor.execute(HttpCommandExecutor.java:164)
	at org.openqa.selenium.remote.service.DriverCommandExecutor.execute(DriverCommandExecutor.java:83)
	at org.openqa.selenium.remote.RemoteWebDriver.execute(RemoteWebDriver.java:586)
	at org.openqa.selenium.remote.RemoteWebDriver.findElement(RemoteWebDriver.java:356)
	at org.openqa.selenium.remote.RemoteWebDriver.findElementById(RemoteWebDriver.java:402)
	at org.openqa.selenium.By$ById.findElement(By.java:218)
	at org.openqa.selenium.remote.RemoteWebDriver.findElement(RemoteWebDriver.java:348)
	at walmart.TestSetB.TC_503_mouseOver(TestSetB.java:96)
... Removed 29 stack frames</div></td></tr></table><p class="totop"><a href="#summary">back to summary</a></p><h3 id="m6">walmart.TestSetB#TC_504_Credit_Cards</h3><table class="result"><tr><th>Exception</th></tr><tr><td><div class="stacktrace">org.openqa.selenium.WebDriverException: unknown error: Element &lt;a class=&quot;header-GlobalEyebrowNav-link&quot; data-uid=&quot;1S1kpJRV&quot; href=&quot;https://help.walmart.com/&quot; alt=&quot;Help&quot; role=&quot;&quot; id=&quot;header-GlobalEyebrowNav-link-6&quot; tabindex=&quot;&quot; data-tl-id=&quot;header-GlobalEyebrowNav-link-6&quot;&gt;...&lt;/a&gt; is not clickable at point (1297, 116). Other element would receive the click: &lt;div class=&quot;flowtip-flyout-modal flowtip-flyout-modal-bottom&quot; style=&quot;width: auto; position: absolute; left: -96px; top: 56px;&quot;&gt;...&lt;/div&gt;
  (Session info: chrome=61.0.3163.100)
  (Driver info: chromedriver=2.32.498550 (9dec58e66c31bcc53a9ce3c7226f0c1c5810906a),platform=Windows NT 10.0.15063 x86_64) (WARNING: The server did not provide any stacktrace information)
Command duration or timeout: 0 milliseconds
Build info: version: &apos;3.6.0&apos;, revision: &apos;6fbf3ec767&apos;, time: &apos;2017-09-27T16:15:40.131Z&apos;
System info: host: &apos;DESKTOP-75OLIUH&apos;, ip: &apos;192.168.112.1&apos;, os.name: &apos;Windows 10&apos;, os.arch: &apos;amd64&apos;, os.version: &apos;10.0&apos;, java.version: &apos;1.8.0_144&apos;
Driver info: org.openqa.selenium.chrome.ChromeDriver
Capabilities [{mobileEmulationEnabled=false, hasTouchScreen=false, platform=XP, acceptSslCerts=true, webStorageEnabled=true, browserName=chrome, takesScreenshot=true, javascriptEnabled=true, platformName=XP, setWindowRect=true, unexpectedAlertBehaviour=, applicationCacheEnabled=false, rotatable=false, networkConnectionEnabled=false, chrome={chromedriverVersion=2.32.498550 (9dec58e66c31bcc53a9ce3c7226f0c1c5810906a), userDataDir=C:\Users\imran\AppData\Local\Temp\scoped_dir15856_8157}, takesHeapSnapshot=true, pageLoadStrategy=normal, unhandledPromptBehavior=, databaseEnabled=false, handlesAlerts=true, version=61.0.3163.100, browserConnectionEnabled=false, nativeEvents=true, locationContextEnabled=true, cssSelectorsEnabled=true}]
Session ID: d6902a216a82206d3130499bdec71db6
	at org.openqa.selenium.remote.ErrorHandler.createThrowable(ErrorHandler.java:214)
	at org.openqa.selenium.remote.ErrorHandler.throwIfResponseFailed(ErrorHandler.java:166)
	at org.openqa.selenium.remote.http.JsonHttpResponseCodec.reconstructValue(JsonHttpResponseCodec.java:40)
	at org.openqa.selenium.remote.http.AbstractHttpResponseCodec.decode(AbstractHttpResponseCodec.java:82)
	at org.openqa.selenium.remote.http.AbstractHttpResponseCodec.decode(AbstractHttpResponseCodec.java:45)
	at org.openqa.selenium.remote.HttpCommandExecutor.execute(HttpCommandExecutor.java:164)
	at org.openqa.selenium.remote.service.DriverCommandExecutor.execute(DriverCommandExecutor.java:83)
	at org.openqa.selenium.remote.RemoteWebDriver.execute(RemoteWebDriver.java:586)
	at org.openqa.selenium.remote.RemoteWebElement.execute(RemoteWebElement.java:279)
	at org.openqa.selenium.remote.RemoteWebElement.click(RemoteWebElement.java:83)
	at walmart.TestSetB.TC_504_Credit_Cards(TestSetB.java:110)
... Removed 29 stack frames</div></td></tr></table><p class="totop"><a href="#summary">back to summary</a></p><h3 id="m7">walmart.TestSetB#ValidLogin</h3><table class="result"><tr><th>Exception</th></tr><tr><td><div class="stacktrace">org.openqa.selenium.NoSuchElementException: no such element: Unable to locate element: {&quot;method&quot;:&quot;xpath&quot;,&quot;selector&quot;:&quot;/html/body/div/div/div/div/header/div/div[2]/div/div/div/div/div/div[6]/div/div/div/div[1]/a&quot;}
  (Session info: chrome=61.0.3163.100)
  (Driver info: chromedriver=2.32.498550 (9dec58e66c31bcc53a9ce3c7226f0c1c5810906a),platform=Windows NT 10.0.15063 x86_64) (WARNING: The server did not provide any stacktrace information)
Command duration or timeout: 0 milliseconds
For documentation on this error, please visit: http://seleniumhq.org/exceptions/no_such_element.html
Build info: version: &apos;3.6.0&apos;, revision: &apos;6fbf3ec767&apos;, time: &apos;2017-09-27T16:15:40.131Z&apos;
System info: host: &apos;DESKTOP-75OLIUH&apos;, ip: &apos;192.168.112.1&apos;, os.name: &apos;Windows 10&apos;, os.arch: &apos;amd64&apos;, os.version: &apos;10.0&apos;, java.version: &apos;1.8.0_144&apos;
Driver info: org.openqa.selenium.chrome.ChromeDriver
Capabilities [{mobileEmulationEnabled=false, hasTouchScreen=false, platform=XP, acceptSslCerts=true, webStorageEnabled=true, browserName=chrome, takesScreenshot=true, javascriptEnabled=true, platformName=XP, setWindowRect=true, unexpectedAlertBehaviour=, applicationCacheEnabled=false, rotatable=false, networkConnectionEnabled=false, chrome={chromedriverVersion=2.32.498550 (9dec58e66c31bcc53a9ce3c7226f0c1c5810906a), userDataDir=C:\Users\imran\AppData\Local\Temp\scoped_dir1708_28534}, takesHeapSnapshot=true, pageLoadStrategy=normal, unhandledPromptBehavior=, databaseEnabled=false, handlesAlerts=true, version=61.0.3163.100, browserConnectionEnabled=false, nativeEvents=true, locationContextEnabled=true, cssSelectorsEnabled=true}]
Session ID: aa6a5cf725962bf333ea4c0e71095f62
*** Element info: {Using=xpath, value=/html/body/div/div/div/div/header/div/div[2]/div/div/div/div/div/div[6]/div/div/div/div[1]/a}
	at org.openqa.selenium.remote.ErrorHandler.createThrowable(ErrorHandler.java:214)
	at org.openqa.selenium.remote.ErrorHandler.throwIfResponseFailed(ErrorHandler.java:166)
	at org.openqa.selenium.remote.http.JsonHttpResponseCodec.reconstructValue(JsonHttpResponseCodec.java:40)
	at org.openqa.selenium.remote.http.AbstractHttpResponseCodec.decode(AbstractHttpResponseCodec.java:82)
	at org.openqa.selenium.remote.http.AbstractHttpResponseCodec.decode(AbstractHttpResponseCodec.java:45)
	at org.openqa.selenium.remote.HttpCommandExecutor.execute(HttpCommandExecutor.java:164)
	at org.openqa.selenium.remote.service.DriverCommandExecutor.execute(DriverCommandExecutor.java:83)
	at org.openqa.selenium.remote.RemoteWebDriver.execute(RemoteWebDriver.java:586)
	at org.openqa.selenium.remote.RemoteWebDriver.findElement(RemoteWebDriver.java:356)
	at org.openqa.selenium.remote.RemoteWebDriver.findElementByXPath(RemoteWebDriver.java:458)
	at org.openqa.selenium.By$ByXPath.findElement(By.java:361)
	at org.openqa.selenium.remote.RemoteWebDriver.findElement(RemoteWebDriver.java:348)
	at walmart.TestSetB.ValidLogin(TestSetB.java:160)
... Removed 29 stack frames</div></td></tr></table><p class="totop"><a href="#summary">back to summary</a></p><h3 id="m8">FirstClassWith2methods#UsersAreAbleToSearch</h3><table class="result"></table><p class="totop"><a href="#summary">back to summary</a></p><h3 id="m9">FirstClassWith2methods#test2</h3><table class="result"></table><p class="totop"><a href="#summary">back to summary</a></p><h3 id="m10">Group#F1</h3><table class="result"></table><p class="totop"><a href="#summary">back to summary</a></p><h3 id="m11">Group#F2</h3><table class="result"></table><p class="totop"><a href="#summary">back to summary</a></p><h3 id="m12">Group#F3</h3><table class="result"></table><p class="totop"><a href="#summary">back to summary</a></p><h3 id="m13">Group#F4</h3><table class="result"></table><p class="totop"><a href="#summary">back to summary</a></p><h3 id="m14">Group#F5</h3><table class="result"></table><p class="totop"><a href="#summary">back to summary</a></p><h3 id="m15">Group#F6</h3><table class="result"></table><p class="totop"><a href="#summary">back to summary</a></p><h3 id="m16">Priotization#A</h3><table class="result"></table><p class="totop"><a href="#summary">back to summary</a></p><h3 id="m17">Priotization#C</h3><table class="result"></table><p class="totop"><a href="#summary">back to summary</a></p><h3 id="m18">Priotization#D</h3><table class="result"></table><p class="totop"><a href="#summary">back to summary</a></p><h3 id="m19">Priotization#E</h3><table class="result"></table><p class="totop"><a href="#summary">back to summary</a></p><h3 id="m20">Priotization#F</h3><table class="result"></table><p class="totop"><a href="#summary">back to summary</a></p><h3 id="m21">Priotization#G</h3><table class="result"></table><p class="totop"><a href="#summary">back to summary</a></p><h3 id="m22">SecondClasssWith2Methods#UsersAreAbleToSearch</h3><table class="result"></table><p class="totop"><a href="#summary">back to summary</a></p><h3 id="m23">SecondClasssWith2Methods#test2</h3><table class="result"></table><p class="totop"><a href="#summary">back to summary</a></p><h3 id="m24">afterLoginIn.TestSetA#TC_403_VerifyFieldsInLoginPage</h3><table class="result"></table><p class="totop"><a href="#summary">back to summary</a></p><h3 id="m25">afterLoginIn.TestSetA#TC_404_ToolTip</h3><table class="result"></table><p class="totop"><a href="#summary">back to summary</a></p><h3 id="m26">facebook.testSetD#LoginAndLogout_4Browses</h3><table class="result"></table><p class="totop"><a href="#summary">back to summary</a></p><h3 id="m27">facebook.testSetD#LoginAndLogout_Chrome</h3><table class="result"></table><p class="totop"><a href="#summary">back to summary</a></p><h3 id="m28">facebook.testSetD#LoginAndLogout_Firefox</h3><table class="result"></table><p class="totop"><a href="#summary">back to summary</a></p><h3 id="m29">facebook.testSetD#LoginAndLogout_MicrosoftEdge</h3><table class="result"></table><p class="totop"><a href="#summary">back to summary</a></p><h3 id="m30">groupon.TestSet_E#TC_402_LinkCount</h3><table class="result"></table><p class="totop"><a href="#summary">back to summary</a></p><h3 id="m31">groupon.TestSet_E#TC_404_HighlightElementsUnderCOUPON</h3><table class="result"></table><p class="totop"><a href="#summary">back to summary</a></p><h3 id="m32">groupon.TestSet_E#TC_801_testOne</h3><table class="result"></table><p class="totop"><a href="#summary">back to summary</a></p><h3 id="m33">hsbc.TestSetC#displayMousOverDropdownList</h3><table class="result"></table><p class="totop"><a href="#summary">back to summary</a></p><h3 id="m34">hsbc.TestSetC#scrollUpAndDown</h3><table class="result"></table><p class="totop"><a href="#summary">back to summary</a></p><h3 id="m35">walmart.TestSetB#TC_501_UsersAreAbleToSearch</h3><table class="result"></table><p class="totop"><a href="#summary">back to summary</a></p><h3 id="m36">walmart.TestSetB#TC_502_SelectDropdownValue</h3><table class="result"></table><p class="totop"><a href="#summary">back to summary</a></p></body></html>