<!DOCTYPE html>

<html>
  <head>
  <meta charset='utf-8'>
  <title>TestNG reports</title>

    <link type="text/css" href="testng-reports.css" rel="stylesheet" />
    <script type="text/javascript" src="jquery-1.7.1.min.js"></script>
    <script type="text/javascript" src="testng-reports.js"></script>
    <script type="text/javascript" src="https://www.google.com/jsapi"></script>
    <script type='text/javascript'>
      google.load('visualization', '1', {packages:['table']});
      google.setOnLoadCallback(drawTable);
      var suiteTableInitFunctions = new Array();
      var suiteTableData = new Array();
    </script>
    <!--
      <script type="text/javascript" src="jquery-ui/js/jquery-ui-1.8.16.custom.min.js"></script>
     -->
  </head>

  <body>
    <div class="top-banner-root">
      <span class="top-banner-title-font">Test results</span>
      <br/>
      <span class="top-banner-font-1">1 suite, 25 failed tests</span>
    </div> <!-- top-banner-root -->
    <div class="navigator-root">
      <div class="navigator-suite-header">
        <span>All suites</span>
        <a href="#" class="collapse-all-link" title="Collapse/expand all the suites">
          <img class="collapse-all-icon" src="collapseall.gif">
          </img> <!-- collapse-all-icon -->
        </a> <!-- collapse-all-link -->
      </div> <!-- navigator-suite-header -->
      <div class="suite">
        <div class="rounded-window">
          <div class="suite-header light-rounded-window-top">
            <a href="#" class="navigator-link" panel-name="suite-all">
              <span class="suite-name border-failed">all</span>
            </a> <!-- navigator-link -->
          </div> <!-- suite-header light-rounded-window-top -->
          <div class="navigator-suite-content">
            <div class="suite-section-title">
              <span>Info</span>
            </div> <!-- suite-section-title -->
            <div class="suite-section-content">
              <ul>
                <li>
                  <a href="#" class="navigator-link " panel-name="test-xml-all">
                    <span>C:\Users\imran\workspace6\FirstMavenProject\configuration\TestRunnerAll.xml</span>
                  </a> <!-- navigator-link  -->
                </li>
                <li>
                  <a href="#" class="navigator-link " panel-name="testlist-all">
                    <span class="test-stats">1 test</span>
                  </a> <!-- navigator-link  -->
                </li>
                <li>
                  <a href="#" class="navigator-link " panel-name="group-all">
                    <span>3 groups</span>
                  </a> <!-- navigator-link  -->
                </li>
                <li>
                  <a href="#" class="navigator-link " panel-name="times-all">
                    <span>Times</span>
                  </a> <!-- navigator-link  -->
                </li>
                <li>
                  <a href="#" class="navigator-link " panel-name="reporter-all">
                    <span>Reporter output</span>
                  </a> <!-- navigator-link  -->
                </li>
                <li>
                  <a href="#" class="navigator-link " panel-name="ignored-methods-all">
                    <span>Ignored methods</span>
                  </a> <!-- navigator-link  -->
                </li>
                <li>
                  <a href="#" class="navigator-link " panel-name="chronological-all">
                    <span>Chronological view</span>
                  </a> <!-- navigator-link  -->
                </li>
              </ul>
            </div> <!-- suite-section-content -->
            <div class="result-section">
              <div class="suite-section-title">
                <span>Results</span>
              </div> <!-- suite-section-title -->
              <div class="suite-section-content">
                <ul>
                  <li>
                    <span class="method-stats">87 methods, 25 failed,   62 passed</span>
                  </li>
                  <li>
                    <span class="method-list-title failed">Failed methods</span>
                    <span class="show-or-hide-methods failed">
                      <a href="#" panel-name="suite-all" class="hide-methods failed suite-all"> (hide)</a> <!-- hide-methods failed suite-all -->
                      <a href="#" panel-name="suite-all" class="show-methods failed suite-all"> (show)</a> <!-- show-methods failed suite-all -->
                    </span>
                    <div class="method-list-content failed suite-all">
                      <span>
                        <img width="3%" src="failed.png"/>
                        <a href="#" class="method navigator-link" panel-name="suite-all" title="hsbc.TestSetC" hash-for-method="CountryListOnOnlineBanking">CountryListOnOnlineBanking</a> <!-- method navigator-link -->
                      </span>
                      <br/>
                      <span>
                        <img width="3%" src="failed.png"/>
                        <a href="#" class="method navigator-link" panel-name="suite-all" title="facebook.testSetD" hash-for-method="LoginAndLogout_4Browses">LoginAndLogout_4Browses</a> <!-- method navigator-link -->
                      </span>
                      <br/>
                      <span>
                        <img width="3%" src="failed.png"/>
                        <a href="#" class="method navigator-link" panel-name="suite-all" title="facebook.testSetD" hash-for-method="LoginAndLogout_Chrome">LoginAndLogout_Chrome</a> <!-- method navigator-link -->
                      </span>
                      <br/>
                      <span>
                        <img width="3%" src="failed.png"/>
                        <a href="#" class="method navigator-link" panel-name="suite-all" title="facebook.testSetD" hash-for-method="LoginAndLogout_Firefox">LoginAndLogout_Firefox</a> <!-- method navigator-link -->
                      </span>
                      <br/>
                      <span>
                        <img width="3%" src="failed.png"/>
                        <a href="#" class="method navigator-link" panel-name="suite-all" title="facebook.testSetD" hash-for-method="LoginAndLogout_IE">LoginAndLogout_IE</a> <!-- method navigator-link -->
                      </span>
                      <br/>
                      <span>
                        <img width="3%" src="failed.png"/>
                        <a href="#" class="method navigator-link" panel-name="suite-all" title="facebook.testSetD" hash-for-method="LoginAndLogout_MicrosoftEdge">LoginAndLogout_MicrosoftEdge</a> <!-- method navigator-link -->
                      </span>
                      <br/>
                      <span>
                        <img width="3%" src="failed.png"/>
                        <a href="#" class="method navigator-link" panel-name="suite-all" title="amazon.TestSetAmazon" hash-for-method="TC_102">TC_102</a> <!-- method navigator-link -->
                      </span>
                      <br/>
                      <span>
                        <img width="3%" src="failed.png"/>
                        <a href="#" class="method navigator-link" panel-name="suite-all" title="levis.TestSetH" hash-for-method="TC_103_womens_dress">TC_103_womens_dress</a> <!-- method navigator-link -->
                      </span>
                      <br/>
                      <span>
                        <img width="3%" src="failed.png"/>
                        <a href="#" class="method navigator-link" panel-name="suite-all" title="levis.TestSetH" hash-for-method="TC_104_FindStoresMap">TC_104_FindStoresMap</a> <!-- method navigator-link -->
                      </span>
                      <br/>
                      <span>
                        <img width="3%" src="failed.png"/>
                        <a href="#" class="method navigator-link" panel-name="suite-all" title="afterLoginIn.TestSetA" hash-for-method="TC_401_Login_And_LogOut">TC_401_Login_And_LogOut</a> <!-- method navigator-link -->
                      </span>
                      <br/>
                      <span>
                        <img width="3%" src="failed.png"/>
                        <a href="#" class="method navigator-link" panel-name="suite-all" title="afterLoginIn.TestSetA" hash-for-method="TC_402_Login_NegativeTest">TC_402_Login_NegativeTest</a> <!-- method navigator-link -->
                      </span>
                      <br/>
                      <span>
                        <img width="3%" src="failed.png"/>
                        <a href="#" class="method navigator-link" panel-name="suite-all" title="groupon.TestSet_E" hash-for-method="TC_403_Highlignt">TC_403_Highlignt</a> <!-- method navigator-link -->
                      </span>
                      <br/>
                      <span>
                        <img width="3%" src="failed.png"/>
                        <a href="#" class="method navigator-link" panel-name="suite-all" title="groupon.TestSet_E" hash-for-method="TC_404_HighlightElementsUnderCOUPON">TC_404_HighlightElementsUnderCOUPON</a> <!-- method navigator-link -->
                      </span>
                      <br/>
                      <span>
                        <img width="3%" src="failed.png"/>
                        <a href="#" class="method navigator-link" panel-name="suite-all" title="groupon.TestSet_E" hash-for-method="TC_408_Searchability_Grocery">TC_408_Searchability_Grocery</a> <!-- method navigator-link -->
                      </span>
                      <br/>
                      <span>
                        <img width="3%" src="failed.png"/>
                        <a href="#" class="method navigator-link" panel-name="suite-all" title="groupon.TestSet_E" hash-for-method="TC_409_Searchability_Fitness">TC_409_Searchability_Fitness</a> <!-- method navigator-link -->
                      </span>
                      <br/>
                      <span>
                        <img width="3%" src="failed.png"/>
                        <a href="#" class="method navigator-link" panel-name="suite-all" title="groupon.TestSet_E" hash-for-method="TC_412_Searchability_DunkinDonuts">TC_412_Searchability_DunkinDonuts</a> <!-- method navigator-link -->
                      </span>
                      <br/>
                      <span>
                        <img width="3%" src="failed.png"/>
                        <a href="#" class="method navigator-link" panel-name="suite-all" title="MC.TestSetF" hash-for-method="TC_413_DownAndUPonly_ME">TC_413_DownAndUPonly_ME</a> <!-- method navigator-link -->
                      </span>
                      <br/>
                      <span>
                        <img width="3%" src="failed.png"/>
                        <a href="#" class="method navigator-link" panel-name="suite-all" title="walmart.TestSetB" hash-for-method="TC_502_SelectDropdownValue">TC_502_SelectDropdownValue</a> <!-- method navigator-link -->
                      </span>
                      <br/>
                      <span>
                        <img width="3%" src="failed.png"/>
                        <a href="#" class="method navigator-link" panel-name="suite-all" title="walmart.TestSetB" hash-for-method="TC_503_mouseOver">TC_503_mouseOver</a> <!-- method navigator-link -->
                      </span>
                      <br/>
                      <span>
                        <img width="3%" src="failed.png"/>
                        <a href="#" class="method navigator-link" panel-name="suite-all" title="walmart.TestSetB" hash-for-method="TC_506_StoreFinder_InternetExplorerBrowser">TC_506_StoreFinder_InternetExplorerBrowser</a> <!-- method navigator-link -->
                      </span>
                      <br/>
                      <span>
                        <img width="3%" src="failed.png"/>
                        <a href="#" class="method navigator-link" panel-name="suite-all" title="walmart.TestSetB" hash-for-method="TC_513_WeeklyAdd_InternetExplorer">TC_513_WeeklyAdd_InternetExplorer</a> <!-- method navigator-link -->
                      </span>
                      <br/>
                      <span>
                        <img width="3%" src="failed.png"/>
                        <a href="#" class="method navigator-link" panel-name="suite-all" title="groupon.TestSet_E" hash-for-method="TC_801_testOne">TC_801_testOne</a> <!-- method navigator-link -->
                      </span>
                      <br/>
                      <span>
                        <img width="3%" src="failed.png"/>
                        <a href="#" class="method navigator-link" panel-name="suite-all" title="bbb.TestSetI" hash-for-method="TC_901">TC_901</a> <!-- method navigator-link -->
                      </span>
                      <br/>
                      <span>
                        <img width="3%" src="failed.png"/>
                        <a href="#" class="method navigator-link" panel-name="suite-all" title="amazon.TestSetAmazon" hash-for-method="TestCase_103">TestCase_103</a> <!-- method navigator-link -->
                      </span>
                      <br/>
                      <span>
                        <img width="3%" src="failed.png"/>
                        <a href="#" class="method navigator-link" panel-name="suite-all" title="walmart.TestSetB" hash-for-method="ValidLogin">ValidLogin</a> <!-- method navigator-link -->
                      </span>
                      <br/>
                    </div> <!-- method-list-content failed suite-all -->
                  </li>
                  <li>
                    <span class="method-list-title passed">Passed methods</span>
                    <span class="show-or-hide-methods passed">
                      <a href="#" panel-name="suite-all" class="hide-methods passed suite-all"> (hide)</a> <!-- hide-methods passed suite-all -->
                      <a href="#" panel-name="suite-all" class="show-methods passed suite-all"> (show)</a> <!-- show-methods passed suite-all -->
                    </span>
                    <div class="method-list-content passed suite-all">
                      <span>
                        <img width="3%" src="passed.png"/>
                        <a href="#" class="method navigator-link" panel-name="suite-all" title="Priotization" hash-for-method="A">A</a> <!-- method navigator-link -->
                      </span>
                      <br/>
                      <span>
                        <img width="3%" src="passed.png"/>
                        <a href="#" class="method navigator-link" panel-name="suite-all" title="Priotization" hash-for-method="C">C</a> <!-- method navigator-link -->
                      </span>
                      <br/>
                      <span>
                        <img width="3%" src="passed.png"/>
                        <a href="#" class="method navigator-link" panel-name="suite-all" title="MC.TestSetF" hash-for-method="CalculateMortgatePayment_HardCodedValues">CalculateMortgatePayment_HardCodedValues</a> <!-- method navigator-link -->
                      </span>
                      <br/>
                      <span>
                        <img width="3%" src="passed.png"/>
                        <a href="#" class="method navigator-link" panel-name="suite-all" title="Priotization" hash-for-method="D">D</a> <!-- method navigator-link -->
                      </span>
                      <br/>
                      <span>
                        <img width="3%" src="passed.png"/>
                        <a href="#" class="method navigator-link" panel-name="suite-all" title="Priotization" hash-for-method="E">E</a> <!-- method navigator-link -->
                      </span>
                      <br/>
                      <span>
                        <img width="3%" src="passed.png"/>
                        <a href="#" class="method navigator-link" panel-name="suite-all" title="Priotization" hash-for-method="F">F</a> <!-- method navigator-link -->
                      </span>
                      <br/>
                      <span>
                        <img width="3%" src="passed.png"/>
                        <a href="#" class="method navigator-link" panel-name="suite-all" title="Group" hash-for-method="F1">F1</a> <!-- method navigator-link -->
                      </span>
                      <br/>
                      <span>
                        <img width="3%" src="passed.png"/>
                        <a href="#" class="method navigator-link" panel-name="suite-all" title="Group" hash-for-method="F2">F2</a> <!-- method navigator-link -->
                      </span>
                      <br/>
                      <span>
                        <img width="3%" src="passed.png"/>
                        <a href="#" class="method navigator-link" panel-name="suite-all" title="Group" hash-for-method="F3">F3</a> <!-- method navigator-link -->
                      </span>
                      <br/>
                      <span>
                        <img width="3%" src="passed.png"/>
                        <a href="#" class="method navigator-link" panel-name="suite-all" title="Group" hash-for-method="F4">F4</a> <!-- method navigator-link -->
                      </span>
                      <br/>
                      <span>
                        <img width="3%" src="passed.png"/>
                        <a href="#" class="method navigator-link" panel-name="suite-all" title="Group" hash-for-method="F5">F5</a> <!-- method navigator-link -->
                      </span>
                      <br/>
                      <span>
                        <img width="3%" src="passed.png"/>
                        <a href="#" class="method navigator-link" panel-name="suite-all" title="Group" hash-for-method="F6">F6</a> <!-- method navigator-link -->
                      </span>
                      <br/>
                      <span>
                        <img width="3%" src="passed.png"/>
                        <a href="#" class="method navigator-link" panel-name="suite-all" title="Priotization" hash-for-method="G">G</a> <!-- method navigator-link -->
                      </span>
                      <br/>
                      <span>
                        <img width="3%" src="passed.png"/>
                        <a href="#" class="method navigator-link" panel-name="suite-all" title="amazon.TestSetAmazon" hash-for-method="SearchOnLandingPage">SearchOnLandingPage</a> <!-- method navigator-link -->
                      </span>
                      <br/>
                      <span>
                        <img width="3%" src="passed.png"/>
                        <a href="#" class="method navigator-link" panel-name="suite-all" title="levis.TestSetH" hash-for-method="TC101_MouseOver_OnMajorElements">TC101_MouseOver_OnMajorElements</a> <!-- method navigator-link -->
                      </span>
                      <br/>
                      <span>
                        <img width="3%" src="passed.png"/>
                        <a href="#" class="method navigator-link" panel-name="suite-all" title="levis.TestSetH" hash-for-method="TC_102_scrollUpAndDown">TC_102_scrollUpAndDown</a> <!-- method navigator-link -->
                      </span>
                      <br/>
                      <span>
                        <img width="3%" src="passed.png"/>
                        <a href="#" class="method navigator-link" panel-name="suite-all" title="levis.TestSetH" hash-for-method="TC_105_HighlightAllLinks">TC_105_HighlightAllLinks</a> <!-- method navigator-link -->
                      </span>
                      <br/>
                      <span>
                        <img width="3%" src="passed.png"/>
                        <a href="#" class="method navigator-link" panel-name="suite-all" title="MC.TestSetF" hash-for-method="TC_10_MC_ME_C">TC_10_MC_ME_C</a> <!-- method navigator-link -->
                      </span>
                      <br/>
                      <span>
                        <img width="3%" src="passed.png"/>
                        <a href="#" class="method navigator-link" panel-name="suite-all" title="groupon.TestSet_E" hash-for-method="TC_402_LinkCount">TC_402_LinkCount</a> <!-- method navigator-link -->
                      </span>
                      <br/>
                      <span>
                        <img width="3%" src="passed.png"/>
                        <a href="#" class="method navigator-link" panel-name="suite-all" title="MC.TestSetF" hash-for-method="TC_402_MC_GC_A">TC_402_MC_GC_A</a> <!-- method navigator-link -->
                      </span>
                      <br/>
                      <span>
                        <img width="3%" src="passed.png"/>
                        <a href="#" class="method navigator-link" panel-name="suite-all" title="MC.TestSetF" hash-for-method="TC_403_MC_GC_B">TC_403_MC_GC_B</a> <!-- method navigator-link -->
                      </span>
                      <br/>
                      <span>
                        <img width="3%" src="passed.png"/>
                        <a href="#" class="method navigator-link" panel-name="suite-all" title="afterLoginIn.TestSetA" hash-for-method="TC_403_VerifyFieldsInLoginPage">TC_403_VerifyFieldsInLoginPage</a> <!-- method navigator-link -->
                      </span>
                      <br/>
                      <span>
                        <img width="3%" src="passed.png"/>
                        <a href="#" class="method navigator-link" panel-name="suite-all" title="MC.TestSetF" hash-for-method="TC_404_MC_GC_C">TC_404_MC_GC_C</a> <!-- method navigator-link -->
                      </span>
                      <br/>
                      <span>
                        <img width="3%" src="passed.png"/>
                        <a href="#" class="method navigator-link" panel-name="suite-all" title="afterLoginIn.TestSetA" hash-for-method="TC_404_ToolTip">TC_404_ToolTip</a> <!-- method navigator-link -->
                      </span>
                      <br/>
                      <span>
                        <img width="3%" src="passed.png"/>
                        <a href="#" class="method navigator-link" panel-name="suite-all" title="MC.TestSetF" hash-for-method="TC_405_MC_FF_A">TC_405_MC_FF_A</a> <!-- method navigator-link -->
                      </span>
                      <br/>
                      <span>
                        <img width="3%" src="passed.png"/>
                        <a href="#" class="method navigator-link" panel-name="suite-all" title="groupon.TestSet_E" hash-for-method="TC_405_Searchability_SPA_11372">TC_405_Searchability_SPA_11372</a> <!-- method navigator-link -->
                      </span>
                      <br/>
                      <span>
                        <img width="3%" src="passed.png"/>
                        <a href="#" class="method navigator-link" panel-name="suite-all" title="MC.TestSetF" hash-for-method="TC_406_MC_FF_B">TC_406_MC_FF_B</a> <!-- method navigator-link -->
                      </span>
                      <br/>
                      <span>
                        <img width="3%" src="passed.png"/>
                        <a href="#" class="method navigator-link" panel-name="suite-all" title="groupon.TestSet_E" hash-for-method="TC_406_Searchability_restaurants">TC_406_Searchability_restaurants</a> <!-- method navigator-link -->
                      </span>
                      <br/>
                      <span>
                        <img width="3%" src="passed.png"/>
                        <a href="#" class="method navigator-link" panel-name="suite-all" title="MC.TestSetF" hash-for-method="TC_407_MC_FF_C">TC_407_MC_FF_C</a> <!-- method navigator-link -->
                      </span>
                      <br/>
                      <span>
                        <img width="3%" src="passed.png"/>
                        <a href="#" class="method navigator-link" panel-name="suite-all" title="groupon.TestSet_E" hash-for-method="TC_407_Searchability_Public_Library">TC_407_Searchability_Public_Library</a> <!-- method navigator-link -->
                      </span>
                      <br/>
                      <span>
                        <img width="3%" src="passed.png"/>
                        <a href="#" class="method navigator-link" panel-name="suite-all" title="MC.TestSetF" hash-for-method="TC_408_MC_ME_A">TC_408_MC_ME_A</a> <!-- method navigator-link -->
                      </span>
                      <br/>
                      <span>
                        <img width="3%" src="passed.png"/>
                        <a href="#" class="method navigator-link" panel-name="suite-all" title="MC.TestSetF" hash-for-method="TC_409_MC_ME_B">TC_409_MC_ME_B</a> <!-- method navigator-link -->
                      </span>
                      <br/>
                      <span>
                        <img width="3%" src="passed.png"/>
                        <a href="#" class="method navigator-link" panel-name="suite-all" title="groupon.TestSet_E" hash-for-method="TC_410_Searchability_yoga">TC_410_Searchability_yoga</a> <!-- method navigator-link -->
                      </span>
                      <br/>
                      <span>
                        <img width="3%" src="passed.png"/>
                        <a href="#" class="method navigator-link" panel-name="suite-all" title="MC.TestSetF" hash-for-method="TC_411_DownAndUPonly_CHROME">TC_411_DownAndUPonly_CHROME</a> <!-- method navigator-link -->
                      </span>
                      <br/>
                      <span>
                        <img width="3%" src="passed.png"/>
                        <a href="#" class="method navigator-link" panel-name="suite-all" title="groupon.TestSet_E" hash-for-method="TC_411_Searchability_spaMessage">TC_411_Searchability_spaMessage</a> <!-- method navigator-link -->
                      </span>
                      <br/>
                      <span>
                        <img width="3%" src="passed.png"/>
                        <a href="#" class="method navigator-link" panel-name="suite-all" title="MC.TestSetF" hash-for-method="TC_412_DownAndUPonly_FF">TC_412_DownAndUPonly_FF</a> <!-- method navigator-link -->
                      </span>
                      <br/>
                      <span>
                        <img width="3%" src="passed.png"/>
                        <a href="#" class="method navigator-link" panel-name="suite-all" title="groupon.TestSet_E" hash-for-method="TC_413_Searchability_SeaFoodStores">TC_413_Searchability_SeaFoodStores</a> <!-- method navigator-link -->
                      </span>
                      <br/>
                      <span>
                        <img width="3%" src="passed.png"/>
                        <a href="#" class="method navigator-link" panel-name="suite-all" title="walmart.TestSetB" hash-for-method="TC_501_UsersAreAbleToSearch">TC_501_UsersAreAbleToSearch</a> <!-- method navigator-link -->
                      </span>
                      <br/>
                      <span>
                        <img width="3%" src="passed.png"/>
                        <a href="#" class="method navigator-link" panel-name="suite-all" title="walmart.TestSetB" hash-for-method="TC_504_Credit_Cards">TC_504_Credit_Cards</a> <!-- method navigator-link -->
                      </span>
                      <br/>
                      <span>
                        <img width="3%" src="passed.png"/>
                        <a href="#" class="method navigator-link" panel-name="suite-all" title="walmart.TestSetB" hash-for-method="TC_506_StoreFinder_FireFoxBrowser">TC_506_StoreFinder_FireFoxBrowser</a> <!-- method navigator-link -->
                      </span>
                      <br/>
                      <span>
                        <img width="3%" src="passed.png"/>
                        <a href="#" class="method navigator-link" panel-name="suite-all" title="walmart.TestSetB" hash-for-method="TC_506_StoreFinder_GoogleChromeBrowser">TC_506_StoreFinder_GoogleChromeBrowser</a> <!-- method navigator-link -->
                      </span>
                      <br/>
                      <span>
                        <img width="3%" src="passed.png"/>
                        <a href="#" class="method navigator-link" panel-name="suite-all" title="walmart.TestSetB" hash-for-method="TC_506_StoreFinder_MicrosoftEdgeBrowser">TC_506_StoreFinder_MicrosoftEdgeBrowser</a> <!-- method navigator-link -->
                      </span>
                      <br/>
                      <span>
                        <img width="3%" src="passed.png"/>
                        <a href="#" class="method navigator-link" panel-name="suite-all" title="walmart.TestSetB" hash-for-method="TC_510_WeeklyAdd_GoogleChrome">TC_510_WeeklyAdd_GoogleChrome</a> <!-- method navigator-link -->
                      </span>
                      <br/>
                      <span>
                        <img width="3%" src="passed.png"/>
                        <a href="#" class="method navigator-link" panel-name="suite-all" title="walmart.TestSetB" hash-for-method="TC_511_WeeklyAdd_Firefox">TC_511_WeeklyAdd_Firefox</a> <!-- method navigator-link -->
                      </span>
                      <br/>
                      <span>
                        <img width="3%" src="passed.png"/>
                        <a href="#" class="method navigator-link" panel-name="suite-all" title="walmart.TestSetB" hash-for-method="TC_512_WeeklyAdd_MicorsoftEdge">TC_512_WeeklyAdd_MicorsoftEdge</a> <!-- method navigator-link -->
                      </span>
                      <br/>
                      <span>
                        <img width="3%" src="passed.png"/>
                        <a href="#" class="method navigator-link" panel-name="suite-all" title="walmart.TestSetB" hash-for-method="TC_514">TC_514</a> <!-- method navigator-link -->
                      </span>
                      <br/>
                      <span>
                        <img width="3%" src="passed.png"/>
                        <a href="#" class="method navigator-link" panel-name="suite-all" title="bbb.TestSetI" hash-for-method="TC_902">TC_902</a> <!-- method navigator-link -->
                      </span>
                      <br/>
                      <span>
                        <img width="3%" src="passed.png"/>
                        <a href="#" class="method navigator-link" panel-name="suite-all" title="bbb.TestSetI" hash-for-method="TC_903_MouseOver">TC_903_MouseOver</a> <!-- method navigator-link -->
                      </span>
                      <br/>
                      <span>
                        <img width="3%" src="passed.png"/>
                        <a href="#" class="method navigator-link" panel-name="suite-all" title="bbb.TestSetI" hash-for-method="TC_904">TC_904</a> <!-- method navigator-link -->
                      </span>
                      <br/>
                      <span>
                        <img width="3%" src="passed.png"/>
                        <a href="#" class="method navigator-link" panel-name="suite-all" title="bbb.TestSetI" hash-for-method="TC_905">TC_905</a> <!-- method navigator-link -->
                      </span>
                      <br/>
                      <span>
                        <img width="3%" src="passed.png"/>
                        <a href="#" class="method navigator-link" panel-name="suite-all" title="bbb.TestSetI" hash-for-method="TC_906_RegistrationFormFillUp">TC_906_RegistrationFormFillUp</a> <!-- method navigator-link -->
                      </span>
                      <br/>
                      <span>
                        <img width="3%" src="passed.png"/>
                        <a href="#" class="method navigator-link" panel-name="suite-all" title="amazon.TestSetAmazon" hash-for-method="TestCase_104">TestCase_104</a> <!-- method navigator-link -->
                      </span>
                      <br/>
                      <span>
                        <img width="3%" src="passed.png"/>
                        <a href="#" class="method navigator-link" panel-name="suite-all" title="amazon.TestSetAmazon" hash-for-method="TestCase_105">TestCase_105</a> <!-- method navigator-link -->
                      </span>
                      <br/>
                      <span>
                        <img width="3%" src="passed.png"/>
                        <a href="#" class="method navigator-link" panel-name="suite-all" title="amazon.TestSetAmazon" hash-for-method="TestCase_106_UpAndDown">TestCase_106_UpAndDown</a> <!-- method navigator-link -->
                      </span>
                      <br/>
                      <span>
                        <img width="3%" src="passed.png"/>
                        <a href="#" class="method navigator-link" panel-name="suite-all" title="FirstClassWith2methods" hash-for-method="UsersAreAbleToSearch">UsersAreAbleToSearch</a> <!-- method navigator-link -->
                      </span>
                      <br/>
                      <span>
                        <img width="3%" src="passed.png"/>
                        <a href="#" class="method navigator-link" panel-name="suite-all" title="SecondClasssWith2Methods" hash-for-method="UsersAreAbleToSearch">UsersAreAbleToSearch</a> <!-- method navigator-link -->
                      </span>
                      <br/>
                      <span>
                        <img width="3%" src="passed.png"/>
                        <a href="#" class="method navigator-link" panel-name="suite-all" title="hsbc.TestSetC" hash-for-method="displayMousOverDropdownList">displayMousOverDropdownList</a> <!-- method navigator-link -->
                      </span>
                      <br/>
                      <span>
                        <img width="3%" src="passed.png"/>
                        <a href="#" class="method navigator-link" panel-name="suite-all" title="ApplyFirst" hash-for-method="doThisBeforeAllTestsExecution">doThisBeforeAllTestsExecution</a> <!-- method navigator-link -->
                      </span>
                      <br/>
                      <span>
                        <img width="3%" src="passed.png"/>
                        <a href="#" class="method navigator-link" panel-name="suite-all" title="hsbc.TestSetC" hash-for-method="scrollUpAndDown">scrollUpAndDown</a> <!-- method navigator-link -->
                      </span>
                      <br/>
                      <span>
                        <img width="3%" src="passed.png"/>
                        <a href="#" class="method navigator-link" panel-name="suite-all" title="FirstClassWith2methods" hash-for-method="test2">test2</a> <!-- method navigator-link -->
                      </span>
                      <br/>
                      <span>
                        <img width="3%" src="passed.png"/>
                        <a href="#" class="method navigator-link" panel-name="suite-all" title="SecondClasssWith2Methods" hash-for-method="test2">test2</a> <!-- method navigator-link -->
                      </span>
                      <br/>
                      <span>
                        <img width="3%" src="passed.png"/>
                        <a href="#" class="method navigator-link" panel-name="suite-all" title="automationPractive.TestSetG" hash-for-method="test_701_display_WebTableCellValues">test_701_display_WebTableCellValues</a> <!-- method navigator-link -->
                      </span>
                      <br/>
                    </div> <!-- method-list-content passed suite-all -->
                  </li>
                </ul>
              </div> <!-- suite-section-content -->
            </div> <!-- result-section -->
          </div> <!-- navigator-suite-content -->
        </div> <!-- rounded-window -->
      </div> <!-- suite -->
    </div> <!-- navigator-root -->
    <div class="wrapper">
      <div class="main-panel-root">
        <div panel-name="suite-all" class="panel all">
          <div class="suite-all-class-failed">
            <div class="main-panel-header rounded-window-top">
              <img src="failed.png"/>
              <span class="class-name">afterLoginIn.TestSetA</span>
            </div> <!-- main-panel-header rounded-window-top -->
            <div class="main-panel-content rounded-window-bottom">
              <div class="method">
                <div class="method-content">
                  <a name="TC_401_Login_And_LogOut">
                  </a> <!-- TC_401_Login_And_LogOut -->
                  <span class="method-name">TC_401_Login_And_LogOut</span>
                  <div class="stack-trace">org.openqa.selenium.NoSuchElementException: no such element: Unable to locate element: {&quot;method&quot;:&quot;id&quot;,&quot;selector&quot;:&quot;nav-link-accountList&quot;}
  (Session info: chrome=63.0.3239.84)
  (Driver info: chromedriver=2.32.498550 (9dec58e66c31bcc53a9ce3c7226f0c1c5810906a),platform=Windows NT 10.0.16299 x86_64) (WARNING: The server did not provide any stacktrace information)
Command duration or timeout: 0 milliseconds
For documentation on this error, please visit: http://seleniumhq.org/exceptions/no_such_element.html
Build info: version: &apos;3.6.0&apos;, revision: &apos;6fbf3ec767&apos;, time: &apos;2017-09-27T16:15:40.131Z&apos;
System info: host: &apos;DESKTOP-75OLIUH&apos;, ip: &apos;192.168.112.1&apos;, os.name: &apos;Windows 10&apos;, os.arch: &apos;amd64&apos;, os.version: &apos;10.0&apos;, java.version: &apos;1.8.0_144&apos;
Driver info: org.openqa.selenium.chrome.ChromeDriver
Capabilities [{mobileEmulationEnabled=false, hasTouchScreen=false, platform=XP, acceptSslCerts=true, webStorageEnabled=true, browserName=chrome, takesScreenshot=true, javascriptEnabled=true, platformName=XP, setWindowRect=true, unexpectedAlertBehaviour=, applicationCacheEnabled=false, rotatable=false, networkConnectionEnabled=false, chrome={chromedriverVersion=2.32.498550 (9dec58e66c31bcc53a9ce3c7226f0c1c5810906a), userDataDir=C:\Users\imran\AppData\Local\Temp\scoped_dir11632_7217}, takesHeapSnapshot=true, pageLoadStrategy=normal, unhandledPromptBehavior=, databaseEnabled=false, handlesAlerts=true, version=63.0.3239.84, browserConnectionEnabled=false, nativeEvents=true, locationContextEnabled=true, cssSelectorsEnabled=true}]
Session ID: da835550aa114edc21ad976fe880efed
*** Element info: {Using=id, value=nav-link-accountList}
	at org.openqa.selenium.remote.ErrorHandler.createThrowable(ErrorHandler.java:214)
	at org.openqa.selenium.remote.ErrorHandler.throwIfResponseFailed(ErrorHandler.java:166)
	at org.openqa.selenium.remote.http.JsonHttpResponseCodec.reconstructValue(JsonHttpResponseCodec.java:40)
	at org.openqa.selenium.remote.http.AbstractHttpResponseCodec.decode(AbstractHttpResponseCodec.java:82)
	at org.openqa.selenium.remote.http.AbstractHttpResponseCodec.decode(AbstractHttpResponseCodec.java:45)
	at org.openqa.selenium.remote.HttpCommandExecutor.execute(HttpCommandExecutor.java:164)
	at org.openqa.selenium.remote.service.DriverCommandExecutor.execute(DriverCommandExecutor.java:83)
	at org.openqa.selenium.remote.RemoteWebDriver.execute(RemoteWebDriver.java:586)
	at org.openqa.selenium.remote.RemoteWebDriver.findElement(RemoteWebDriver.java:356)
	at org.openqa.selenium.remote.RemoteWebDriver.findElementById(RemoteWebDriver.java:402)
	at org.openqa.selenium.By$ById.findElement(By.java:218)
	at org.openqa.selenium.remote.RemoteWebDriver.findElement(RemoteWebDriver.java:348)
	at afterLoginIn.TestSetA.TC_401_Login_And_LogOut(TestSetA.java:49)
... Removed 29 stack frames
</div> <!-- stack-trace -->
                </div> <!-- method-content -->
              </div> <!-- method -->
              <div class="method">
                <div class="method-content">
                  <a name="TC_402_Login_NegativeTest">
                  </a> <!-- TC_402_Login_NegativeTest -->
                  <span class="method-name">TC_402_Login_NegativeTest</span>
                  <div class="stack-trace">org.openqa.selenium.NoSuchElementException: no such element: Unable to locate element: {&quot;method&quot;:&quot;xpath&quot;,&quot;selector&quot;:&quot;//*[@id=&quot;auth-error-message-box&quot;]/div/div/ul/li/span&quot;}
  (Session info: chrome=63.0.3239.84)
  (Driver info: chromedriver=2.32.498550 (9dec58e66c31bcc53a9ce3c7226f0c1c5810906a),platform=Windows NT 10.0.16299 x86_64) (WARNING: The server did not provide any stacktrace information)
Command duration or timeout: 0 milliseconds
For documentation on this error, please visit: http://seleniumhq.org/exceptions/no_such_element.html
Build info: version: &apos;3.6.0&apos;, revision: &apos;6fbf3ec767&apos;, time: &apos;2017-09-27T16:15:40.131Z&apos;
System info: host: &apos;DESKTOP-75OLIUH&apos;, ip: &apos;192.168.112.1&apos;, os.name: &apos;Windows 10&apos;, os.arch: &apos;amd64&apos;, os.version: &apos;10.0&apos;, java.version: &apos;1.8.0_144&apos;
Driver info: org.openqa.selenium.chrome.ChromeDriver
Capabilities [{mobileEmulationEnabled=false, hasTouchScreen=false, platform=XP, acceptSslCerts=true, webStorageEnabled=true, browserName=chrome, takesScreenshot=true, javascriptEnabled=true, platformName=XP, setWindowRect=true, unexpectedAlertBehaviour=, applicationCacheEnabled=false, rotatable=false, networkConnectionEnabled=false, chrome={chromedriverVersion=2.32.498550 (9dec58e66c31bcc53a9ce3c7226f0c1c5810906a), userDataDir=C:\Users\imran\AppData\Local\Temp\scoped_dir16804_24998}, takesHeapSnapshot=true, pageLoadStrategy=normal, unhandledPromptBehavior=, databaseEnabled=false, handlesAlerts=true, version=63.0.3239.84, browserConnectionEnabled=false, nativeEvents=true, locationContextEnabled=true, cssSelectorsEnabled=true}]
Session ID: a4bcaca66d784eebf9f20690f44e3cfc
*** Element info: {Using=xpath, value=//*[@id=&quot;auth-error-message-box&quot;]/div/div/ul/li/span}
	at org.openqa.selenium.remote.ErrorHandler.createThrowable(ErrorHandler.java:214)
	at org.openqa.selenium.remote.ErrorHandler.throwIfResponseFailed(ErrorHandler.java:166)
	at org.openqa.selenium.remote.http.JsonHttpResponseCodec.reconstructValue(JsonHttpResponseCodec.java:40)
	at org.openqa.selenium.remote.http.AbstractHttpResponseCodec.decode(AbstractHttpResponseCodec.java:82)
	at org.openqa.selenium.remote.http.AbstractHttpResponseCodec.decode(AbstractHttpResponseCodec.java:45)
	at org.openqa.selenium.remote.HttpCommandExecutor.execute(HttpCommandExecutor.java:164)
	at org.openqa.selenium.remote.service.DriverCommandExecutor.execute(DriverCommandExecutor.java:83)
	at org.openqa.selenium.remote.RemoteWebDriver.execute(RemoteWebDriver.java:586)
	at org.openqa.selenium.remote.RemoteWebDriver.findElement(RemoteWebDriver.java:356)
	at org.openqa.selenium.remote.RemoteWebDriver.findElementByXPath(RemoteWebDriver.java:458)
	at org.openqa.selenium.By$ByXPath.findElement(By.java:361)
	at org.openqa.selenium.remote.RemoteWebDriver.findElement(RemoteWebDriver.java:348)
	at afterLoginIn.TestSetA.TC_402_Login_NegativeTest(TestSetA.java:78)
... Removed 29 stack frames
</div> <!-- stack-trace -->
                </div> <!-- method-content -->
              </div> <!-- method -->
            </div> <!-- main-panel-content rounded-window-bottom -->
          </div> <!-- suite-all-class-failed -->
          <div class="suite-all-class-failed">
            <div class="main-panel-header rounded-window-top">
              <img src="failed.png"/>
              <span class="class-name">walmart.TestSetB</span>
            </div> <!-- main-panel-header rounded-window-top -->
            <div class="main-panel-content rounded-window-bottom">
              <div class="method">
                <div class="method-content">
                  <a name="TC_502_SelectDropdownValue">
                  </a> <!-- TC_502_SelectDropdownValue -->
                  <span class="method-name">TC_502_SelectDropdownValue</span>
                  <div class="stack-trace">org.openqa.selenium.WebDriverException: unknown error: Element &lt;button role=&quot;menuitem&quot; aria-hidden=&quot;false&quot; class=&quot;font-semibold header-SearchDropdown-option btn-fake-link&quot; id=&quot;header-SearchDropdown-option-9&quot; tabindex=&quot;-1&quot; data-tl-id=&quot;header-SearchDropdown-column-1-option-0&quot;&gt;...&lt;/button&gt; is not clickable at point (563, 115). Other element would receive the click: &lt;span aria-hidden=&quot;false&quot; tabindex=&quot;&quot; class=&quot;elc-icon elc-icon-card&quot; alt=&quot;Icon for card&quot;&gt;&lt;/span&gt;
  (Session info: chrome=63.0.3239.84)
  (Driver info: chromedriver=2.32.498550 (9dec58e66c31bcc53a9ce3c7226f0c1c5810906a),platform=Windows NT 10.0.16299 x86_64) (WARNING: The server did not provide any stacktrace information)
Command duration or timeout: 0 milliseconds
Build info: version: &apos;3.6.0&apos;, revision: &apos;6fbf3ec767&apos;, time: &apos;2017-09-27T16:15:40.131Z&apos;
System info: host: &apos;DESKTOP-75OLIUH&apos;, ip: &apos;192.168.112.1&apos;, os.name: &apos;Windows 10&apos;, os.arch: &apos;amd64&apos;, os.version: &apos;10.0&apos;, java.version: &apos;1.8.0_144&apos;
Driver info: org.openqa.selenium.chrome.ChromeDriver
Capabilities [{mobileEmulationEnabled=false, hasTouchScreen=false, platform=XP, acceptSslCerts=true, webStorageEnabled=true, browserName=chrome, takesScreenshot=true, javascriptEnabled=true, platformName=XP, setWindowRect=true, unexpectedAlertBehaviour=, applicationCacheEnabled=false, rotatable=false, networkConnectionEnabled=false, chrome={chromedriverVersion=2.32.498550 (9dec58e66c31bcc53a9ce3c7226f0c1c5810906a), userDataDir=C:\Users\imran\AppData\Local\Temp\scoped_dir16672_24260}, takesHeapSnapshot=true, pageLoadStrategy=normal, unhandledPromptBehavior=, databaseEnabled=false, handlesAlerts=true, version=63.0.3239.84, browserConnectionEnabled=false, nativeEvents=true, locationContextEnabled=true, cssSelectorsEnabled=true}]
Session ID: e9b5d619d395d4cf95a256c6e0d3da0a
	at org.openqa.selenium.remote.ErrorHandler.createThrowable(ErrorHandler.java:214)
	at org.openqa.selenium.remote.ErrorHandler.throwIfResponseFailed(ErrorHandler.java:166)
	at org.openqa.selenium.remote.http.JsonHttpResponseCodec.reconstructValue(JsonHttpResponseCodec.java:40)
	at org.openqa.selenium.remote.http.AbstractHttpResponseCodec.decode(AbstractHttpResponseCodec.java:82)
	at org.openqa.selenium.remote.http.AbstractHttpResponseCodec.decode(AbstractHttpResponseCodec.java:45)
	at org.openqa.selenium.remote.HttpCommandExecutor.execute(HttpCommandExecutor.java:164)
	at org.openqa.selenium.remote.service.DriverCommandExecutor.execute(DriverCommandExecutor.java:83)
	at org.openqa.selenium.remote.RemoteWebDriver.execute(RemoteWebDriver.java:586)
	at org.openqa.selenium.remote.RemoteWebElement.execute(RemoteWebElement.java:279)
	at org.openqa.selenium.remote.RemoteWebElement.click(RemoteWebElement.java:83)
	at walmart.TestSetB.TC_502_SelectDropdownValue(TestSetB.java:85)
... Removed 29 stack frames
</div> <!-- stack-trace -->
                </div> <!-- method-content -->
              </div> <!-- method -->
              <div class="method">
                <div class="method-content">
                  <a name="TC_503_mouseOver">
                  </a> <!-- TC_503_mouseOver -->
                  <span class="method-name">TC_503_mouseOver</span>
                  <div class="stack-trace">org.openqa.selenium.NoSuchElementException: no such element: Unable to locate element: {&quot;method&quot;:&quot;id&quot;,&quot;selector&quot;:&quot;header-GlobalEyebrowNav-button-0&quot;}
  (Session info: chrome=63.0.3239.84)
  (Driver info: chromedriver=2.32.498550 (9dec58e66c31bcc53a9ce3c7226f0c1c5810906a),platform=Windows NT 10.0.16299 x86_64) (WARNING: The server did not provide any stacktrace information)
Command duration or timeout: 0 milliseconds
For documentation on this error, please visit: http://seleniumhq.org/exceptions/no_such_element.html
Build info: version: &apos;3.6.0&apos;, revision: &apos;6fbf3ec767&apos;, time: &apos;2017-09-27T16:15:40.131Z&apos;
System info: host: &apos;DESKTOP-75OLIUH&apos;, ip: &apos;192.168.112.1&apos;, os.name: &apos;Windows 10&apos;, os.arch: &apos;amd64&apos;, os.version: &apos;10.0&apos;, java.version: &apos;1.8.0_144&apos;
Driver info: org.openqa.selenium.chrome.ChromeDriver
Capabilities [{mobileEmulationEnabled=false, hasTouchScreen=false, platform=XP, acceptSslCerts=true, webStorageEnabled=true, browserName=chrome, takesScreenshot=true, javascriptEnabled=true, platformName=XP, setWindowRect=true, unexpectedAlertBehaviour=, applicationCacheEnabled=false, rotatable=false, networkConnectionEnabled=false, chrome={chromedriverVersion=2.32.498550 (9dec58e66c31bcc53a9ce3c7226f0c1c5810906a), userDataDir=C:\Users\imran\AppData\Local\Temp\scoped_dir17948_13333}, takesHeapSnapshot=true, pageLoadStrategy=normal, unhandledPromptBehavior=, databaseEnabled=false, handlesAlerts=true, version=63.0.3239.84, browserConnectionEnabled=false, nativeEvents=true, locationContextEnabled=true, cssSelectorsEnabled=true}]
Session ID: 0f94fda6271b9a8625dc7c0f245b2f59
*** Element info: {Using=id, value=header-GlobalEyebrowNav-button-0}
	at org.openqa.selenium.remote.ErrorHandler.createThrowable(ErrorHandler.java:214)
	at org.openqa.selenium.remote.ErrorHandler.throwIfResponseFailed(ErrorHandler.java:166)
	at org.openqa.selenium.remote.http.JsonHttpResponseCodec.reconstructValue(JsonHttpResponseCodec.java:40)
	at org.openqa.selenium.remote.http.AbstractHttpResponseCodec.decode(AbstractHttpResponseCodec.java:82)
	at org.openqa.selenium.remote.http.AbstractHttpResponseCodec.decode(AbstractHttpResponseCodec.java:45)
	at org.openqa.selenium.remote.HttpCommandExecutor.execute(HttpCommandExecutor.java:164)
	at org.openqa.selenium.remote.service.DriverCommandExecutor.execute(DriverCommandExecutor.java:83)
	at org.openqa.selenium.remote.RemoteWebDriver.execute(RemoteWebDriver.java:586)
	at org.openqa.selenium.remote.RemoteWebDriver.findElement(RemoteWebDriver.java:356)
	at org.openqa.selenium.remote.RemoteWebDriver.findElementById(RemoteWebDriver.java:402)
	at org.openqa.selenium.By$ById.findElement(By.java:218)
	at org.openqa.selenium.remote.RemoteWebDriver.findElement(RemoteWebDriver.java:348)
	at walmart.TestSetB.TC_503_mouseOver(TestSetB.java:117)
... Removed 29 stack frames
</div> <!-- stack-trace -->
                </div> <!-- method-content -->
              </div> <!-- method -->
              <div class="method">
                <div class="method-content">
                  <a name="TC_506_StoreFinder_InternetExplorerBrowser">
                  </a> <!-- TC_506_StoreFinder_InternetExplorerBrowser -->
                  <span class="method-name">TC_506_StoreFinder_InternetExplorerBrowser</span>
                  <div class="stack-trace">org.openqa.selenium.WebDriverException: Failed to navigate to http://www.walmart.com. This usually means that a call to the COM method IWebBrowser2::Navigate2() failed.
Build info: version: &apos;3.6.0&apos;, revision: &apos;6fbf3ec767&apos;, time: &apos;2017-09-27T16:15:40.131Z&apos;
System info: host: &apos;DESKTOP-75OLIUH&apos;, ip: &apos;192.168.112.1&apos;, os.name: &apos;Windows 10&apos;, os.arch: &apos;amd64&apos;, os.version: &apos;10.0&apos;, java.version: &apos;1.8.0_144&apos;
Driver info: org.openqa.selenium.ie.InternetExplorerDriver
Capabilities [{acceptInsecureCerts=false, browserVersion=11, se:ieOptions={nativeEvents=true, browserAttachTimeout=0, ie.ensureCleanSession=false, elementScrollBehavior=0, enablePersistentHover=true, ie.browserCommandLineSwitches=, ie.forceCreateProcessApi=false, requireWindowFocus=false, initialBrowserUrl=http://localhost:38846/, ignoreZoomSetting=false, ie.fileUploadDialogTimeout=3000, ignoreProtectedModeSettings=false}, browserName=internet explorer, pageLoadStrategy=normal, javascriptEnabled=true, platformName=WINDOWS, setWindowRect=true, platform=WINDOWS}]
Session ID: 188e56d7-422b-4355-9349-d0a9b8b753d8
	at org.openqa.selenium.remote.http.W3CHttpResponseCodec.createException(W3CHttpResponseCodec.java:185)
	at org.openqa.selenium.remote.http.W3CHttpResponseCodec.decode(W3CHttpResponseCodec.java:120)
	at org.openqa.selenium.remote.http.W3CHttpResponseCodec.decode(W3CHttpResponseCodec.java:49)
	at org.openqa.selenium.remote.HttpCommandExecutor.execute(HttpCommandExecutor.java:164)
	at org.openqa.selenium.remote.service.DriverCommandExecutor.execute(DriverCommandExecutor.java:83)
	at org.openqa.selenium.remote.RemoteWebDriver.execute(RemoteWebDriver.java:586)
	at org.openqa.selenium.remote.RemoteWebDriver.get(RemoteWebDriver.java:310)
	at afterLoginIn.CommonAPI.getDriver(CommonAPI.java:121)
	at walmart.TestSetB.StoreFinder(TestSetB.java:218)
	at walmart.TestSetB.TC_506_StoreFinder_InternetExplorerBrowser(TestSetB.java:267)
... Removed 29 stack frames
</div> <!-- stack-trace -->
                </div> <!-- method-content -->
              </div> <!-- method -->
              <div class="method">
                <div class="method-content">
                  <a name="TC_513_WeeklyAdd_InternetExplorer">
                  </a> <!-- TC_513_WeeklyAdd_InternetExplorer -->
                  <span class="method-name">TC_513_WeeklyAdd_InternetExplorer</span>
                  <div class="stack-trace">org.openqa.selenium.WebDriverException: Failed to navigate to http://www.walmart.com. This usually means that a call to the COM method IWebBrowser2::Navigate2() failed.
Build info: version: &apos;3.6.0&apos;, revision: &apos;6fbf3ec767&apos;, time: &apos;2017-09-27T16:15:40.131Z&apos;
System info: host: &apos;DESKTOP-75OLIUH&apos;, ip: &apos;192.168.112.1&apos;, os.name: &apos;Windows 10&apos;, os.arch: &apos;amd64&apos;, os.version: &apos;10.0&apos;, java.version: &apos;1.8.0_144&apos;
Driver info: org.openqa.selenium.ie.InternetExplorerDriver
Capabilities [{acceptInsecureCerts=false, browserVersion=11, se:ieOptions={nativeEvents=true, browserAttachTimeout=0, ie.ensureCleanSession=false, elementScrollBehavior=0, enablePersistentHover=true, ie.browserCommandLineSwitches=, ie.forceCreateProcessApi=false, requireWindowFocus=false, initialBrowserUrl=http://localhost:13251/, ignoreZoomSetting=false, ie.fileUploadDialogTimeout=3000, ignoreProtectedModeSettings=false}, browserName=internet explorer, pageLoadStrategy=normal, javascriptEnabled=true, platformName=WINDOWS, setWindowRect=true, platform=WINDOWS}]
Session ID: 97a635cd-7f74-4e15-897b-943d4f13fe87
	at org.openqa.selenium.remote.http.W3CHttpResponseCodec.createException(W3CHttpResponseCodec.java:185)
	at org.openqa.selenium.remote.http.W3CHttpResponseCodec.decode(W3CHttpResponseCodec.java:120)
	at org.openqa.selenium.remote.http.W3CHttpResponseCodec.decode(W3CHttpResponseCodec.java:49)
	at org.openqa.selenium.remote.HttpCommandExecutor.execute(HttpCommandExecutor.java:164)
	at org.openqa.selenium.remote.service.DriverCommandExecutor.execute(DriverCommandExecutor.java:83)
	at org.openqa.selenium.remote.RemoteWebDriver.execute(RemoteWebDriver.java:586)
	at org.openqa.selenium.remote.RemoteWebDriver.get(RemoteWebDriver.java:310)
	at afterLoginIn.CommonAPI.getDriver(CommonAPI.java:121)
	at walmart.TestSetB.WeeklyAdd(TestSetB.java:274)
	at walmart.TestSetB.TC_513_WeeklyAdd_InternetExplorer(TestSetB.java:311)
... Removed 29 stack frames
</div> <!-- stack-trace -->
                </div> <!-- method-content -->
              </div> <!-- method -->
              <div class="method">
                <div class="method-content">
                  <a name="ValidLogin">
                  </a> <!-- ValidLogin -->
                  <span class="method-name">ValidLogin</span>
                  <div class="stack-trace">org.openqa.selenium.NoSuchElementException: no such element: Unable to locate element: {&quot;method&quot;:&quot;xpath&quot;,&quot;selector&quot;:&quot;/html/body/div/div/div/div/header/div/div[2]/div/div/div/div/div/div[6]/div/div/div/div[1]/a&quot;}
  (Session info: chrome=63.0.3239.84)
  (Driver info: chromedriver=2.32.498550 (9dec58e66c31bcc53a9ce3c7226f0c1c5810906a),platform=Windows NT 10.0.16299 x86_64) (WARNING: The server did not provide any stacktrace information)
Command duration or timeout: 0 milliseconds
For documentation on this error, please visit: http://seleniumhq.org/exceptions/no_such_element.html
Build info: version: &apos;3.6.0&apos;, revision: &apos;6fbf3ec767&apos;, time: &apos;2017-09-27T16:15:40.131Z&apos;
System info: host: &apos;DESKTOP-75OLIUH&apos;, ip: &apos;192.168.112.1&apos;, os.name: &apos;Windows 10&apos;, os.arch: &apos;amd64&apos;, os.version: &apos;10.0&apos;, java.version: &apos;1.8.0_144&apos;
Driver info: org.openqa.selenium.chrome.ChromeDriver
Capabilities [{mobileEmulationEnabled=false, hasTouchScreen=false, platform=XP, acceptSslCerts=true, webStorageEnabled=true, browserName=chrome, takesScreenshot=true, javascriptEnabled=true, platformName=XP, setWindowRect=true, unexpectedAlertBehaviour=, applicationCacheEnabled=false, rotatable=false, networkConnectionEnabled=false, chrome={chromedriverVersion=2.32.498550 (9dec58e66c31bcc53a9ce3c7226f0c1c5810906a), userDataDir=C:\Users\imran\AppData\Local\Temp\scoped_dir12380_13551}, takesHeapSnapshot=true, pageLoadStrategy=normal, unhandledPromptBehavior=, databaseEnabled=false, handlesAlerts=true, version=63.0.3239.84, browserConnectionEnabled=false, nativeEvents=true, locationContextEnabled=true, cssSelectorsEnabled=true}]
Session ID: 7ff395f189fe7042cf58268830fc34a1
*** Element info: {Using=xpath, value=/html/body/div/div/div/div/header/div/div[2]/div/div/div/div/div/div[6]/div/div/div/div[1]/a}
	at org.openqa.selenium.remote.ErrorHandler.createThrowable(ErrorHandler.java:214)
	at org.openqa.selenium.remote.ErrorHandler.throwIfResponseFailed(ErrorHandler.java:166)
	at org.openqa.selenium.remote.http.JsonHttpResponseCodec.reconstructValue(JsonHttpResponseCodec.java:40)
	at org.openqa.selenium.remote.http.AbstractHttpResponseCodec.decode(AbstractHttpResponseCodec.java:82)
	at org.openqa.selenium.remote.http.AbstractHttpResponseCodec.decode(AbstractHttpResponseCodec.java:45)
	at org.openqa.selenium.remote.HttpCommandExecutor.execute(HttpCommandExecutor.java:164)
	at org.openqa.selenium.remote.service.DriverCommandExecutor.execute(DriverCommandExecutor.java:83)
	at org.openqa.selenium.remote.RemoteWebDriver.execute(RemoteWebDriver.java:586)
	at org.openqa.selenium.remote.RemoteWebDriver.findElement(RemoteWebDriver.java:356)
	at org.openqa.selenium.remote.RemoteWebDriver.findElementByXPath(RemoteWebDriver.java:458)
	at org.openqa.selenium.By$ByXPath.findElement(By.java:361)
	at org.openqa.selenium.remote.RemoteWebDriver.findElement(RemoteWebDriver.java:348)
	at walmart.TestSetB.ValidLogin(TestSetB.java:200)
... Removed 29 stack frames
</div> <!-- stack-trace -->
                </div> <!-- method-content -->
              </div> <!-- method -->
            </div> <!-- main-panel-content rounded-window-bottom -->
          </div> <!-- suite-all-class-failed -->
          <div class="suite-all-class-failed">
            <div class="main-panel-header rounded-window-top">
              <img src="failed.png"/>
              <span class="class-name">facebook.testSetD</span>
            </div> <!-- main-panel-header rounded-window-top -->
            <div class="main-panel-content rounded-window-bottom">
              <div class="method">
                <div class="method-content">
                  <a name="LoginAndLogout_4Browses">
                  </a> <!-- LoginAndLogout_4Browses -->
                  <span class="method-name">LoginAndLogout_4Browses</span>
                  <div class="stack-trace">org.openqa.selenium.NoSuchElementException: no such element: Unable to locate element: {&quot;method&quot;:&quot;xpath&quot;,&quot;selector&quot;:&quot;/html/body/div[20]/div/div/div/div/div[1]/div/div/ul/li[14]/a/span/span&quot;}
  (Session info: chrome=63.0.3239.84)
  (Driver info: chromedriver=2.32.498550 (9dec58e66c31bcc53a9ce3c7226f0c1c5810906a),platform=Windows NT 10.0.16299 x86_64) (WARNING: The server did not provide any stacktrace information)
Command duration or timeout: 0 milliseconds
For documentation on this error, please visit: http://seleniumhq.org/exceptions/no_such_element.html
Build info: version: &apos;3.6.0&apos;, revision: &apos;6fbf3ec767&apos;, time: &apos;2017-09-27T16:15:40.131Z&apos;
System info: host: &apos;DESKTOP-75OLIUH&apos;, ip: &apos;192.168.112.1&apos;, os.name: &apos;Windows 10&apos;, os.arch: &apos;amd64&apos;, os.version: &apos;10.0&apos;, java.version: &apos;1.8.0_144&apos;
Driver info: org.openqa.selenium.chrome.ChromeDriver
Capabilities [{mobileEmulationEnabled=false, hasTouchScreen=false, platform=XP, acceptSslCerts=true, webStorageEnabled=true, browserName=chrome, takesScreenshot=true, javascriptEnabled=true, platformName=XP, setWindowRect=true, unexpectedAlertBehaviour=, applicationCacheEnabled=false, rotatable=false, networkConnectionEnabled=false, chrome={chromedriverVersion=2.32.498550 (9dec58e66c31bcc53a9ce3c7226f0c1c5810906a), userDataDir=C:\Users\imran\AppData\Local\Temp\scoped_dir10032_25581}, takesHeapSnapshot=true, pageLoadStrategy=normal, unhandledPromptBehavior=, databaseEnabled=false, handlesAlerts=true, version=63.0.3239.84, browserConnectionEnabled=false, nativeEvents=true, locationContextEnabled=true, cssSelectorsEnabled=true}]
Session ID: 46b80d672bfd61c504719fde4e94345e
*** Element info: {Using=xpath, value=/html/body/div[20]/div/div/div/div/div[1]/div/div/ul/li[14]/a/span/span}
	at org.openqa.selenium.remote.ErrorHandler.createThrowable(ErrorHandler.java:214)
	at org.openqa.selenium.remote.ErrorHandler.throwIfResponseFailed(ErrorHandler.java:166)
	at org.openqa.selenium.remote.http.JsonHttpResponseCodec.reconstructValue(JsonHttpResponseCodec.java:40)
	at org.openqa.selenium.remote.http.AbstractHttpResponseCodec.decode(AbstractHttpResponseCodec.java:82)
	at org.openqa.selenium.remote.http.AbstractHttpResponseCodec.decode(AbstractHttpResponseCodec.java:45)
	at org.openqa.selenium.remote.HttpCommandExecutor.execute(HttpCommandExecutor.java:164)
	at org.openqa.selenium.remote.service.DriverCommandExecutor.execute(DriverCommandExecutor.java:83)
	at org.openqa.selenium.remote.RemoteWebDriver.execute(RemoteWebDriver.java:586)
	at org.openqa.selenium.remote.RemoteWebDriver.findElement(RemoteWebDriver.java:356)
	at org.openqa.selenium.remote.RemoteWebDriver.findElementByXPath(RemoteWebDriver.java:458)
	at org.openqa.selenium.By$ByXPath.findElement(By.java:361)
	at org.openqa.selenium.remote.RemoteWebDriver.findElement(RemoteWebDriver.java:348)
	at facebook.testSetD.LoginAndLogout_4Browses(testSetD.java:77)
... Removed 29 stack frames
</div> <!-- stack-trace -->
                </div> <!-- method-content -->
              </div> <!-- method -->
              <div class="method">
                <div class="method-content">
                  <a name="LoginAndLogout_Chrome">
                  </a> <!-- LoginAndLogout_Chrome -->
                  <span class="method-name">LoginAndLogout_Chrome</span>
                  <div class="stack-trace">org.openqa.selenium.NoSuchElementException: no such element: Unable to locate element: {&quot;method&quot;:&quot;xpath&quot;,&quot;selector&quot;:&quot;/html/body/div[20]/div/div/div/div/div[1]/div/div/ul/li[14]/a/span/span&quot;}
  (Session info: chrome=63.0.3239.84)
  (Driver info: chromedriver=2.32.498550 (9dec58e66c31bcc53a9ce3c7226f0c1c5810906a),platform=Windows NT 10.0.16299 x86_64) (WARNING: The server did not provide any stacktrace information)
Command duration or timeout: 0 milliseconds
For documentation on this error, please visit: http://seleniumhq.org/exceptions/no_such_element.html
Build info: version: &apos;3.6.0&apos;, revision: &apos;6fbf3ec767&apos;, time: &apos;2017-09-27T16:15:40.131Z&apos;
System info: host: &apos;DESKTOP-75OLIUH&apos;, ip: &apos;192.168.112.1&apos;, os.name: &apos;Windows 10&apos;, os.arch: &apos;amd64&apos;, os.version: &apos;10.0&apos;, java.version: &apos;1.8.0_144&apos;
Driver info: org.openqa.selenium.chrome.ChromeDriver
Capabilities [{mobileEmulationEnabled=false, hasTouchScreen=false, platform=XP, acceptSslCerts=true, webStorageEnabled=true, browserName=chrome, takesScreenshot=true, javascriptEnabled=true, platformName=XP, setWindowRect=true, unexpectedAlertBehaviour=, applicationCacheEnabled=false, rotatable=false, networkConnectionEnabled=false, chrome={chromedriverVersion=2.32.498550 (9dec58e66c31bcc53a9ce3c7226f0c1c5810906a), userDataDir=C:\Users\imran\AppData\Local\Temp\scoped_dir6984_1274}, takesHeapSnapshot=true, pageLoadStrategy=normal, unhandledPromptBehavior=, databaseEnabled=false, handlesAlerts=true, version=63.0.3239.84, browserConnectionEnabled=false, nativeEvents=true, locationContextEnabled=true, cssSelectorsEnabled=true}]
Session ID: 76be51ad16df018eaf6235f7de6ff469
*** Element info: {Using=xpath, value=/html/body/div[20]/div/div/div/div/div[1]/div/div/ul/li[14]/a/span/span}
	at org.openqa.selenium.remote.ErrorHandler.createThrowable(ErrorHandler.java:214)
	at org.openqa.selenium.remote.ErrorHandler.throwIfResponseFailed(ErrorHandler.java:166)
	at org.openqa.selenium.remote.http.JsonHttpResponseCodec.reconstructValue(JsonHttpResponseCodec.java:40)
	at org.openqa.selenium.remote.http.AbstractHttpResponseCodec.decode(AbstractHttpResponseCodec.java:82)
	at org.openqa.selenium.remote.http.AbstractHttpResponseCodec.decode(AbstractHttpResponseCodec.java:45)
	at org.openqa.selenium.remote.HttpCommandExecutor.execute(HttpCommandExecutor.java:164)
	at org.openqa.selenium.remote.service.DriverCommandExecutor.execute(DriverCommandExecutor.java:83)
	at org.openqa.selenium.remote.RemoteWebDriver.execute(RemoteWebDriver.java:586)
	at org.openqa.selenium.remote.RemoteWebDriver.findElement(RemoteWebDriver.java:356)
	at org.openqa.selenium.remote.RemoteWebDriver.findElementByXPath(RemoteWebDriver.java:458)
	at org.openqa.selenium.By$ByXPath.findElement(By.java:361)
	at org.openqa.selenium.remote.RemoteWebDriver.findElement(RemoteWebDriver.java:348)
	at facebook.testSetD.LoginAndLogout_Chrome(testSetD.java:110)
... Removed 29 stack frames
</div> <!-- stack-trace -->
                </div> <!-- method-content -->
              </div> <!-- method -->
              <div class="method">
                <div class="method-content">
                  <a name="LoginAndLogout_Firefox">
                  </a> <!-- LoginAndLogout_Firefox -->
                  <span class="method-name">LoginAndLogout_Firefox</span>
                  <div class="stack-trace">org.openqa.selenium.NoSuchElementException: Unable to locate element: /html/body/div[19]/div/div/div/div/div[1]/div/div/ul/li[14]/a/span/span
For documentation on this error, please visit: http://seleniumhq.org/exceptions/no_such_element.html
Build info: version: &apos;3.6.0&apos;, revision: &apos;6fbf3ec767&apos;, time: &apos;2017-09-27T16:15:40.131Z&apos;
System info: host: &apos;DESKTOP-75OLIUH&apos;, ip: &apos;192.168.112.1&apos;, os.name: &apos;Windows 10&apos;, os.arch: &apos;amd64&apos;, os.version: &apos;10.0&apos;, java.version: &apos;1.8.0_144&apos;
Driver info: org.openqa.selenium.firefox.FirefoxDriver
Capabilities [{moz:profile=C:\Users\imran\AppData\Local\Temp\rust_mozprofile.RAB4Ib5xhcoy, rotatable=false, timeouts={implicit=0, pageLoad=300000, script=30000}, pageLoadStrategy=normal, moz:headless=false, platform=XP, moz:accessibilityChecks=false, acceptInsecureCerts=true, browserVersion=57.0, platformVersion=10.0, moz:processID=7104, browserName=firefox, javascriptEnabled=true, platformName=XP, moz:webdriverClick=false}]
Session ID: ee07eb81-b992-4c65-8e30-9d6668a04d87
*** Element info: {Using=xpath, value=/html/body/div[19]/div/div/div/div/div[1]/div/div/ul/li[14]/a/span/span}
	at org.openqa.selenium.remote.http.W3CHttpResponseCodec.createException(W3CHttpResponseCodec.java:185)
	at org.openqa.selenium.remote.http.W3CHttpResponseCodec.decode(W3CHttpResponseCodec.java:120)
	at org.openqa.selenium.remote.http.W3CHttpResponseCodec.decode(W3CHttpResponseCodec.java:49)
	at org.openqa.selenium.remote.HttpCommandExecutor.execute(HttpCommandExecutor.java:164)
	at org.openqa.selenium.remote.service.DriverCommandExecutor.execute(DriverCommandExecutor.java:83)
	at org.openqa.selenium.remote.RemoteWebDriver.execute(RemoteWebDriver.java:586)
	at org.openqa.selenium.remote.RemoteWebDriver.findElement(RemoteWebDriver.java:356)
	at org.openqa.selenium.remote.RemoteWebDriver.findElementByXPath(RemoteWebDriver.java:458)
	at org.openqa.selenium.By$ByXPath.findElement(By.java:361)
	at org.openqa.selenium.remote.RemoteWebDriver.findElement(RemoteWebDriver.java:348)
	at facebook.testSetD.LoginAndLogout_Firefox(testSetD.java:186)
... Removed 29 stack frames
</div> <!-- stack-trace -->
                </div> <!-- method-content -->
              </div> <!-- method -->
              <div class="method">
                <div class="method-content">
                  <a name="LoginAndLogout_IE">
                  </a> <!-- LoginAndLogout_IE -->
                  <span class="method-name">LoginAndLogout_IE</span>
                  <div class="stack-trace">org.openqa.selenium.WebDriverException: Failed to navigate to https://www.facebook.com. This usually means that a call to the COM method IWebBrowser2::Navigate2() failed.
Build info: version: &apos;3.6.0&apos;, revision: &apos;6fbf3ec767&apos;, time: &apos;2017-09-27T16:15:40.131Z&apos;
System info: host: &apos;DESKTOP-75OLIUH&apos;, ip: &apos;192.168.112.1&apos;, os.name: &apos;Windows 10&apos;, os.arch: &apos;amd64&apos;, os.version: &apos;10.0&apos;, java.version: &apos;1.8.0_144&apos;
Driver info: org.openqa.selenium.ie.InternetExplorerDriver
Capabilities [{acceptInsecureCerts=false, browserVersion=11, se:ieOptions={nativeEvents=true, browserAttachTimeout=0, ie.ensureCleanSession=false, elementScrollBehavior=0, enablePersistentHover=true, ie.browserCommandLineSwitches=, ie.forceCreateProcessApi=false, requireWindowFocus=false, initialBrowserUrl=http://localhost:32063/, ignoreZoomSetting=false, ie.fileUploadDialogTimeout=3000, ignoreProtectedModeSettings=false}, browserName=internet explorer, pageLoadStrategy=normal, javascriptEnabled=true, platformName=WINDOWS, setWindowRect=true, platform=WINDOWS}]
Session ID: 3364c4c5-3b47-4a7c-afe6-3c6cd6a1a370
	at org.openqa.selenium.remote.http.W3CHttpResponseCodec.createException(W3CHttpResponseCodec.java:185)
	at org.openqa.selenium.remote.http.W3CHttpResponseCodec.decode(W3CHttpResponseCodec.java:120)
	at org.openqa.selenium.remote.http.W3CHttpResponseCodec.decode(W3CHttpResponseCodec.java:49)
	at org.openqa.selenium.remote.HttpCommandExecutor.execute(HttpCommandExecutor.java:164)
	at org.openqa.selenium.remote.service.DriverCommandExecutor.execute(DriverCommandExecutor.java:83)
	at org.openqa.selenium.remote.RemoteWebDriver.execute(RemoteWebDriver.java:586)
	at org.openqa.selenium.remote.RemoteWebDriver.get(RemoteWebDriver.java:310)
	at afterLoginIn.CommonAPI.getDriver(CommonAPI.java:121)
	at facebook.testSetD.LoginAndLogout_IE(testSetD.java:200)
... Removed 29 stack frames
</div> <!-- stack-trace -->
                </div> <!-- method-content -->
              </div> <!-- method -->
              <div class="method">
                <div class="method-content">
                  <a name="LoginAndLogout_MicrosoftEdge">
                  </a> <!-- LoginAndLogout_MicrosoftEdge -->
                  <span class="method-name">LoginAndLogout_MicrosoftEdge</span>
                  <div class="stack-trace">org.openqa.selenium.WebDriverException: Element is obscured (WARNING: The server did not provide any stacktrace information)
Command duration or timeout: 0 milliseconds
Build info: version: &apos;3.6.0&apos;, revision: &apos;6fbf3ec767&apos;, time: &apos;2017-09-27T16:15:40.131Z&apos;
System info: host: &apos;DESKTOP-75OLIUH&apos;, ip: &apos;192.168.112.1&apos;, os.name: &apos;Windows 10&apos;, os.arch: &apos;amd64&apos;, os.version: &apos;10.0&apos;, java.version: &apos;1.8.0_144&apos;
Driver info: org.openqa.selenium.edge.EdgeDriver
Capabilities [{applicationCacheEnabled=true, InPrivate=false, pageLoadStrategy=normal, platform=WINDOWS, acceptSslCerts=true, browserVersion=41.16299.15.0, platformVersion=10, locationContextEnabled=true, webStorageEnabled=true, browserName=MicrosoftEdge, takesScreenshot=true, takesElementScreenshot=true, javascriptEnabled=true, platformName=WINDOWS}]
Session ID: D9D919C4-F546-4791-9FAB-FF2CE4BE9E60
	at org.openqa.selenium.remote.ErrorHandler.createThrowable(ErrorHandler.java:214)
	at org.openqa.selenium.remote.ErrorHandler.throwIfResponseFailed(ErrorHandler.java:166)
	at org.openqa.selenium.remote.http.JsonHttpResponseCodec.reconstructValue(JsonHttpResponseCodec.java:40)
	at org.openqa.selenium.remote.http.AbstractHttpResponseCodec.decode(AbstractHttpResponseCodec.java:82)
	at org.openqa.selenium.remote.http.AbstractHttpResponseCodec.decode(AbstractHttpResponseCodec.java:45)
	at org.openqa.selenium.remote.HttpCommandExecutor.execute(HttpCommandExecutor.java:164)
	at org.openqa.selenium.remote.service.DriverCommandExecutor.execute(DriverCommandExecutor.java:83)
	at org.openqa.selenium.remote.RemoteWebDriver.execute(RemoteWebDriver.java:586)
	at org.openqa.selenium.remote.RemoteWebElement.execute(RemoteWebElement.java:279)
	at org.openqa.selenium.remote.RemoteWebElement.click(RemoteWebElement.java:83)
	at facebook.testSetD.LoginAndLogout_MicrosoftEdge(testSetD.java:140)
... Removed 29 stack frames
</div> <!-- stack-trace -->
                </div> <!-- method-content -->
              </div> <!-- method -->
            </div> <!-- main-panel-content rounded-window-bottom -->
          </div> <!-- suite-all-class-failed -->
          <div class="suite-all-class-failed">
            <div class="main-panel-header rounded-window-top">
              <img src="failed.png"/>
              <span class="class-name">MC.TestSetF</span>
            </div> <!-- main-panel-header rounded-window-top -->
            <div class="main-panel-content rounded-window-bottom">
              <div class="method">
                <div class="method-content">
                  <a name="TC_413_DownAndUPonly_ME">
                  </a> <!-- TC_413_DownAndUPonly_ME -->
                  <span class="method-name">TC_413_DownAndUPonly_ME</span>
                  <div class="stack-trace">org.openqa.selenium.WebDriverException: Timed out waiting for driver server to start.
Build info: version: &apos;3.6.0&apos;, revision: &apos;6fbf3ec767&apos;, time: &apos;2017-09-27T16:15:40.131Z&apos;
System info: host: &apos;DESKTOP-75OLIUH&apos;, ip: &apos;192.168.112.1&apos;, os.name: &apos;Windows 10&apos;, os.arch: &apos;amd64&apos;, os.version: &apos;10.0&apos;, java.version: &apos;1.8.0_144&apos;
Driver info: driver.version: EdgeDriver
	at org.openqa.selenium.remote.service.DriverService.waitUntilAvailable(DriverService.java:192)
	at org.openqa.selenium.remote.service.DriverService.start(DriverService.java:178)
	at org.openqa.selenium.remote.service.DriverCommandExecutor.execute(DriverCommandExecutor.java:79)
	at org.openqa.selenium.remote.RemoteWebDriver.execute(RemoteWebDriver.java:586)
	at org.openqa.selenium.remote.RemoteWebDriver.startSession(RemoteWebDriver.java:217)
	at org.openqa.selenium.remote.RemoteWebDriver.&lt;init&gt;(RemoteWebDriver.java:140)
	at org.openqa.selenium.edge.EdgeDriver.&lt;init&gt;(EdgeDriver.java:150)
	at org.openqa.selenium.edge.EdgeDriver.&lt;init&gt;(EdgeDriver.java:139)
	at org.openqa.selenium.edge.EdgeDriver.&lt;init&gt;(EdgeDriver.java:96)
	at afterLoginIn.CommonAPI.getDriver(CommonAPI.java:113)
	at MC.TestSetF.SUD(TestSetF.java:173)
	at MC.TestSetF.TC_413_DownAndUPonly_ME(TestSetF.java:198)
Caused by: org.openqa.selenium.net.UrlChecker$TimeoutException: Timed out waiting for [http://localhost:5986/status] to be available after 20002 ms
	at org.openqa.selenium.net.UrlChecker.waitUntilAvailable(UrlChecker.java:100)
	at org.openqa.selenium.remote.service.DriverService.waitUntilAvailable(DriverService.java:187)
	... 36 more
Caused by: java.util.concurrent.TimeoutException
	at java.util.concurrent.FutureTask.get(Unknown Source)
	at com.google.common.util.concurrent.SimpleTimeLimiter.callWithTimeout(SimpleTimeLimiter.java:147)
	at org.openqa.selenium.net.UrlChecker.waitUntilAvailable(UrlChecker.java:75)
	... 37 more
... Removed 25 stack frames
</div> <!-- stack-trace -->
                </div> <!-- method-content -->
              </div> <!-- method -->
            </div> <!-- main-panel-content rounded-window-bottom -->
          </div> <!-- suite-all-class-failed -->
          <div class="suite-all-class-failed">
            <div class="main-panel-header rounded-window-top">
              <img src="failed.png"/>
              <span class="class-name">amazon.TestSetAmazon</span>
            </div> <!-- main-panel-header rounded-window-top -->
            <div class="main-panel-content rounded-window-bottom">
              <div class="method">
                <div class="method-content">
                  <a name="TC_102">
                  </a> <!-- TC_102 -->
                  <span class="method-name">TC_102</span>
                  <div class="stack-trace">org.openqa.selenium.TimeoutException: timeout
  (Session info: chrome=63.0.3239.84)
  (Driver info: chromedriver=2.32.498550 (9dec58e66c31bcc53a9ce3c7226f0c1c5810906a),platform=Windows NT 10.0.16299 x86_64) (WARNING: The server did not provide any stacktrace information)
Command duration or timeout: 0 milliseconds
Build info: version: &apos;3.6.0&apos;, revision: &apos;6fbf3ec767&apos;, time: &apos;2017-09-27T16:15:40.131Z&apos;
System info: host: &apos;DESKTOP-75OLIUH&apos;, ip: &apos;192.168.112.1&apos;, os.name: &apos;Windows 10&apos;, os.arch: &apos;amd64&apos;, os.version: &apos;10.0&apos;, java.version: &apos;1.8.0_144&apos;
Driver info: org.openqa.selenium.chrome.ChromeDriver
Capabilities [{mobileEmulationEnabled=false, hasTouchScreen=false, platform=XP, acceptSslCerts=true, webStorageEnabled=true, browserName=chrome, takesScreenshot=true, javascriptEnabled=true, platformName=XP, setWindowRect=true, unexpectedAlertBehaviour=, applicationCacheEnabled=false, rotatable=false, networkConnectionEnabled=false, chrome={chromedriverVersion=2.32.498550 (9dec58e66c31bcc53a9ce3c7226f0c1c5810906a), userDataDir=C:\Users\imran\AppData\Local\Temp\scoped_dir12508_27506}, takesHeapSnapshot=true, pageLoadStrategy=normal, unhandledPromptBehavior=, databaseEnabled=false, handlesAlerts=true, version=63.0.3239.84, browserConnectionEnabled=false, nativeEvents=true, locationContextEnabled=true, cssSelectorsEnabled=true}]
Session ID: 17e4cd3fba6371e2f80dc62c7e6f63b2
*** Element info: {Using=id, value=searchDropdownBox}
	at org.openqa.selenium.remote.ErrorHandler.createThrowable(ErrorHandler.java:214)
	at org.openqa.selenium.remote.ErrorHandler.throwIfResponseFailed(ErrorHandler.java:166)
	at org.openqa.selenium.remote.http.JsonHttpResponseCodec.reconstructValue(JsonHttpResponseCodec.java:40)
	at org.openqa.selenium.remote.http.AbstractHttpResponseCodec.decode(AbstractHttpResponseCodec.java:82)
	at org.openqa.selenium.remote.http.AbstractHttpResponseCodec.decode(AbstractHttpResponseCodec.java:45)
	at org.openqa.selenium.remote.HttpCommandExecutor.execute(HttpCommandExecutor.java:164)
	at org.openqa.selenium.remote.service.DriverCommandExecutor.execute(DriverCommandExecutor.java:83)
	at org.openqa.selenium.remote.RemoteWebDriver.execute(RemoteWebDriver.java:586)
	at org.openqa.selenium.remote.RemoteWebDriver.findElement(RemoteWebDriver.java:356)
	at org.openqa.selenium.remote.RemoteWebDriver.findElementById(RemoteWebDriver.java:402)
	at org.openqa.selenium.By$ById.findElement(By.java:218)
	at org.openqa.selenium.remote.RemoteWebDriver.findElement(RemoteWebDriver.java:348)
	at amazon.TestSetAmazon.TC_102(TestSetAmazon.java:93)
... Removed 29 stack frames
</div> <!-- stack-trace -->
                </div> <!-- method-content -->
              </div> <!-- method -->
              <div class="method">
                <div class="method-content">
                  <a name="TestCase_103">
                  </a> <!-- TestCase_103 -->
                  <span class="method-name">TestCase_103</span>
                  <div class="stack-trace">junit.framework.ComparisonFailure: expected:&lt;[Pass]&gt; but was:&lt;[Fail]&gt;
	at junit.framework.Assert.assertEquals(Assert.java:100)
	at junit.framework.Assert.assertEquals(Assert.java:107)
	at amazon.TestSetAmazon.TestCase_103(TestSetAmazon.java:134)
... Removed 25 stack frames
</div> <!-- stack-trace -->
                </div> <!-- method-content -->
              </div> <!-- method -->
            </div> <!-- main-panel-content rounded-window-bottom -->
          </div> <!-- suite-all-class-failed -->
          <div class="suite-all-class-failed">
            <div class="main-panel-header rounded-window-top">
              <img src="failed.png"/>
              <span class="class-name">hsbc.TestSetC</span>
            </div> <!-- main-panel-header rounded-window-top -->
            <div class="main-panel-content rounded-window-bottom">
              <div class="method">
                <div class="method-content">
                  <a name="CountryListOnOnlineBanking">
                  </a> <!-- CountryListOnOnlineBanking -->
                  <span class="method-name">CountryListOnOnlineBanking</span>
                  <div class="stack-trace">org.junit.ComparisonFailure: expected:&lt;...el
I understand, let[]s proceed
Note: HSBC...&gt; but was:&lt;...el
I understand, let[]s proceed
Note: HSBC...&gt;
	at org.junit.Assert.assertEquals(Assert.java:115)
	at org.junit.Assert.assertEquals(Assert.java:144)
	at hsbc.TestSetC.CountryListOnOnlineBanking(TestSetC.java:83)
... Removed 25 stack frames
</div> <!-- stack-trace -->
                </div> <!-- method-content -->
              </div> <!-- method -->
            </div> <!-- main-panel-content rounded-window-bottom -->
          </div> <!-- suite-all-class-failed -->
          <div class="suite-all-class-failed">
            <div class="main-panel-header rounded-window-top">
              <img src="failed.png"/>
              <span class="class-name">groupon.TestSet_E</span>
            </div> <!-- main-panel-header rounded-window-top -->
            <div class="main-panel-content rounded-window-bottom">
              <div class="method">
                <div class="method-content">
                  <a name="TC_403_Highlignt">
                  </a> <!-- TC_403_Highlignt -->
                  <span class="method-name">TC_403_Highlignt</span>
                  <div class="stack-trace">org.openqa.selenium.NoSuchElementException: Unable to locate element: #ls\-user\-signin
For documentation on this error, please visit: http://seleniumhq.org/exceptions/no_such_element.html
Build info: version: &apos;3.6.0&apos;, revision: &apos;6fbf3ec767&apos;, time: &apos;2017-09-27T16:15:40.131Z&apos;
System info: host: &apos;DESKTOP-75OLIUH&apos;, ip: &apos;192.168.112.1&apos;, os.name: &apos;Windows 10&apos;, os.arch: &apos;amd64&apos;, os.version: &apos;10.0&apos;, java.version: &apos;1.8.0_144&apos;
Driver info: org.openqa.selenium.firefox.FirefoxDriver
Capabilities [{moz:profile=C:\Users\imran\AppData\Local\Temp\rust_mozprofile.XZQ0Dyn9tjxD, rotatable=false, timeouts={implicit=0, pageLoad=300000, script=30000}, pageLoadStrategy=normal, moz:headless=false, platform=XP, moz:accessibilityChecks=false, acceptInsecureCerts=true, browserVersion=57.0, platformVersion=10.0, moz:processID=13404, browserName=firefox, javascriptEnabled=true, platformName=XP, moz:webdriverClick=false}]
Session ID: 58e40a53-5c43-498a-82ab-8a6e6239c42e
*** Element info: {Using=id, value=ls-user-signin}
	at org.openqa.selenium.remote.http.W3CHttpResponseCodec.createException(W3CHttpResponseCodec.java:185)
	at org.openqa.selenium.remote.http.W3CHttpResponseCodec.decode(W3CHttpResponseCodec.java:120)
	at org.openqa.selenium.remote.http.W3CHttpResponseCodec.decode(W3CHttpResponseCodec.java:49)
	at org.openqa.selenium.remote.HttpCommandExecutor.execute(HttpCommandExecutor.java:164)
	at org.openqa.selenium.remote.service.DriverCommandExecutor.execute(DriverCommandExecutor.java:83)
	at org.openqa.selenium.remote.RemoteWebDriver.execute(RemoteWebDriver.java:586)
	at org.openqa.selenium.remote.RemoteWebDriver.findElement(RemoteWebDriver.java:356)
	at org.openqa.selenium.remote.RemoteWebDriver.findElementById(RemoteWebDriver.java:402)
	at org.openqa.selenium.By$ById.findElement(By.java:218)
	at org.openqa.selenium.remote.RemoteWebDriver.findElement(RemoteWebDriver.java:348)
	at groupon.TestSet_E.TC_403_Highlignt(TestSet_E.java:141)
... Removed 29 stack frames
</div> <!-- stack-trace -->
                </div> <!-- method-content -->
              </div> <!-- method -->
              <div class="method">
                <div class="method-content">
                  <a name="TC_404_HighlightElementsUnderCOUPON">
                  </a> <!-- TC_404_HighlightElementsUnderCOUPON -->
                  <span class="method-name">TC_404_HighlightElementsUnderCOUPON</span>
                  <div class="stack-trace">org.openqa.selenium.NoSuchElementException: Unable to locate element: #amazon\-coupons
For documentation on this error, please visit: http://seleniumhq.org/exceptions/no_such_element.html
Build info: version: &apos;3.6.0&apos;, revision: &apos;6fbf3ec767&apos;, time: &apos;2017-09-27T16:15:40.131Z&apos;
System info: host: &apos;DESKTOP-75OLIUH&apos;, ip: &apos;192.168.112.1&apos;, os.name: &apos;Windows 10&apos;, os.arch: &apos;amd64&apos;, os.version: &apos;10.0&apos;, java.version: &apos;1.8.0_144&apos;
Driver info: org.openqa.selenium.firefox.FirefoxDriver
Capabilities [{moz:profile=C:\Users\imran\AppData\Local\Temp\rust_mozprofile.LnHsWhg2oSb7, rotatable=false, timeouts={implicit=0, pageLoad=300000, script=30000}, pageLoadStrategy=normal, moz:headless=false, platform=XP, moz:accessibilityChecks=false, acceptInsecureCerts=true, browserVersion=57.0, platformVersion=10.0, moz:processID=216, browserName=firefox, javascriptEnabled=true, platformName=XP, moz:webdriverClick=false}]
Session ID: d61982b6-7a8b-4e78-9ee7-65c08afbc5f1
*** Element info: {Using=id, value=amazon-coupons}
	at org.openqa.selenium.remote.http.W3CHttpResponseCodec.createException(W3CHttpResponseCodec.java:185)
	at org.openqa.selenium.remote.http.W3CHttpResponseCodec.decode(W3CHttpResponseCodec.java:120)
	at org.openqa.selenium.remote.http.W3CHttpResponseCodec.decode(W3CHttpResponseCodec.java:49)
	at org.openqa.selenium.remote.HttpCommandExecutor.execute(HttpCommandExecutor.java:164)
	at org.openqa.selenium.remote.service.DriverCommandExecutor.execute(DriverCommandExecutor.java:83)
	at org.openqa.selenium.remote.RemoteWebDriver.execute(RemoteWebDriver.java:586)
	at org.openqa.selenium.remote.RemoteWebDriver.findElement(RemoteWebDriver.java:356)
	at org.openqa.selenium.remote.RemoteWebDriver.findElementById(RemoteWebDriver.java:402)
	at org.openqa.selenium.By$ById.findElement(By.java:218)
	at org.openqa.selenium.remote.RemoteWebDriver.findElement(RemoteWebDriver.java:348)
	at groupon.TestSet_E.TC_404_HighlightElementsUnderCOUPON(TestSet_E.java:180)
... Removed 29 stack frames
</div> <!-- stack-trace -->
                </div> <!-- method-content -->
              </div> <!-- method -->
              <div class="method">
                <div class="method-content">
                  <a name="TC_408_Searchability_Grocery">
                  </a> <!-- TC_408_Searchability_Grocery -->
                  <span class="method-name">TC_408_Searchability_Grocery</span>
                  <div class="stack-trace">org.openqa.selenium.InvalidElementStateException: Element is not enabled
Build info: version: &apos;3.6.0&apos;, revision: &apos;6fbf3ec767&apos;, time: &apos;2017-09-27T16:15:40.131Z&apos;
System info: host: &apos;DESKTOP-75OLIUH&apos;, ip: &apos;192.168.112.1&apos;, os.name: &apos;Windows 10&apos;, os.arch: &apos;amd64&apos;, os.version: &apos;10.0&apos;, java.version: &apos;1.8.0_144&apos;
Driver info: org.openqa.selenium.firefox.FirefoxDriver
Capabilities [{moz:profile=C:\Users\imran\AppData\Local\Temp\rust_mozprofile.W9bDaTNpZMRQ, rotatable=false, timeouts={implicit=0, pageLoad=300000, script=30000}, pageLoadStrategy=normal, moz:headless=false, platform=XP, moz:accessibilityChecks=false, acceptInsecureCerts=true, browserVersion=57.0, platformVersion=10.0, moz:processID=10864, browserName=firefox, javascriptEnabled=true, platformName=XP, moz:webdriverClick=false}]
Session ID: 5f4043e4-93d5-4cd0-b151-3af78220e5ee
	at org.openqa.selenium.remote.http.W3CHttpResponseCodec.createException(W3CHttpResponseCodec.java:185)
	at org.openqa.selenium.remote.http.W3CHttpResponseCodec.decode(W3CHttpResponseCodec.java:120)
	at org.openqa.selenium.remote.http.W3CHttpResponseCodec.decode(W3CHttpResponseCodec.java:49)
	at org.openqa.selenium.remote.HttpCommandExecutor.execute(HttpCommandExecutor.java:164)
	at org.openqa.selenium.remote.service.DriverCommandExecutor.execute(DriverCommandExecutor.java:83)
	at org.openqa.selenium.remote.RemoteWebDriver.execute(RemoteWebDriver.java:586)
	at org.openqa.selenium.remote.RemoteWebElement.execute(RemoteWebElement.java:279)
	at org.openqa.selenium.remote.RemoteWebElement.click(RemoteWebElement.java:83)
	at groupon.TestSet_E.CommonSearcOnLandingPAGE(TestSet_E.java:206)
	at groupon.TestSet_E.TC_408_Searchability_Grocery(TestSet_E.java:247)
... Removed 29 stack frames
</div> <!-- stack-trace -->
                </div> <!-- method-content -->
              </div> <!-- method -->
              <div class="method">
                <div class="method-content">
                  <a name="TC_409_Searchability_Fitness">
                  </a> <!-- TC_409_Searchability_Fitness -->
                  <span class="method-name">TC_409_Searchability_Fitness</span>
                  <div class="stack-trace">org.openqa.selenium.InvalidElementStateException: Element is not enabled
Build info: version: &apos;3.6.0&apos;, revision: &apos;6fbf3ec767&apos;, time: &apos;2017-09-27T16:15:40.131Z&apos;
System info: host: &apos;DESKTOP-75OLIUH&apos;, ip: &apos;192.168.112.1&apos;, os.name: &apos;Windows 10&apos;, os.arch: &apos;amd64&apos;, os.version: &apos;10.0&apos;, java.version: &apos;1.8.0_144&apos;
Driver info: org.openqa.selenium.firefox.FirefoxDriver
Capabilities [{moz:profile=C:\Users\imran\AppData\Local\Temp\rust_mozprofile.fha0excZmSzc, rotatable=false, timeouts={implicit=0, pageLoad=300000, script=30000}, pageLoadStrategy=normal, moz:headless=false, platform=XP, moz:accessibilityChecks=false, acceptInsecureCerts=true, browserVersion=57.0, platformVersion=10.0, moz:processID=4492, browserName=firefox, javascriptEnabled=true, platformName=XP, moz:webdriverClick=false}]
Session ID: bc3ab68a-1824-486f-9d98-b3c5fece1b78
	at org.openqa.selenium.remote.http.W3CHttpResponseCodec.createException(W3CHttpResponseCodec.java:185)
	at org.openqa.selenium.remote.http.W3CHttpResponseCodec.decode(W3CHttpResponseCodec.java:120)
	at org.openqa.selenium.remote.http.W3CHttpResponseCodec.decode(W3CHttpResponseCodec.java:49)
	at org.openqa.selenium.remote.HttpCommandExecutor.execute(HttpCommandExecutor.java:164)
	at org.openqa.selenium.remote.service.DriverCommandExecutor.execute(DriverCommandExecutor.java:83)
	at org.openqa.selenium.remote.RemoteWebDriver.execute(RemoteWebDriver.java:586)
	at org.openqa.selenium.remote.RemoteWebElement.execute(RemoteWebElement.java:279)
	at org.openqa.selenium.remote.RemoteWebElement.click(RemoteWebElement.java:83)
	at groupon.TestSet_E.CommonSearcOnLandingPAGE(TestSet_E.java:206)
	at groupon.TestSet_E.TC_409_Searchability_Fitness(TestSet_E.java:252)
... Removed 29 stack frames
</div> <!-- stack-trace -->
                </div> <!-- method-content -->
              </div> <!-- method -->
              <div class="method">
                <div class="method-content">
                  <a name="TC_412_Searchability_DunkinDonuts">
                  </a> <!-- TC_412_Searchability_DunkinDonuts -->
                  <span class="method-name">TC_412_Searchability_DunkinDonuts</span>
                  <div class="stack-trace">org.openqa.selenium.InvalidElementStateException: Element is not enabled
Build info: version: &apos;3.6.0&apos;, revision: &apos;6fbf3ec767&apos;, time: &apos;2017-09-27T16:15:40.131Z&apos;
System info: host: &apos;DESKTOP-75OLIUH&apos;, ip: &apos;192.168.112.1&apos;, os.name: &apos;Windows 10&apos;, os.arch: &apos;amd64&apos;, os.version: &apos;10.0&apos;, java.version: &apos;1.8.0_144&apos;
Driver info: org.openqa.selenium.firefox.FirefoxDriver
Capabilities [{moz:profile=C:\Users\imran\AppData\Local\Temp\rust_mozprofile.g3UKXQ1rzACw, rotatable=false, timeouts={implicit=0, pageLoad=300000, script=30000}, pageLoadStrategy=normal, moz:headless=false, platform=XP, moz:accessibilityChecks=false, acceptInsecureCerts=true, browserVersion=57.0, platformVersion=10.0, moz:processID=13600, browserName=firefox, javascriptEnabled=true, platformName=XP, moz:webdriverClick=false}]
Session ID: 4a7b0c9a-3619-489e-8339-48b4a1db650e
	at org.openqa.selenium.remote.http.W3CHttpResponseCodec.createException(W3CHttpResponseCodec.java:185)
	at org.openqa.selenium.remote.http.W3CHttpResponseCodec.decode(W3CHttpResponseCodec.java:120)
	at org.openqa.selenium.remote.http.W3CHttpResponseCodec.decode(W3CHttpResponseCodec.java:49)
	at org.openqa.selenium.remote.HttpCommandExecutor.execute(HttpCommandExecutor.java:164)
	at org.openqa.selenium.remote.service.DriverCommandExecutor.execute(DriverCommandExecutor.java:83)
	at org.openqa.selenium.remote.RemoteWebDriver.execute(RemoteWebDriver.java:586)
	at org.openqa.selenium.remote.RemoteWebElement.execute(RemoteWebElement.java:279)
	at org.openqa.selenium.remote.RemoteWebElement.click(RemoteWebElement.java:83)
	at groupon.TestSet_E.CommonSearcOnLandingPAGE(TestSet_E.java:206)
	at groupon.TestSet_E.TC_412_Searchability_DunkinDonuts(TestSet_E.java:268)
... Removed 29 stack frames
</div> <!-- stack-trace -->
                </div> <!-- method-content -->
              </div> <!-- method -->
              <div class="method">
                <div class="method-content">
                  <a name="TC_801_testOne">
                  </a> <!-- TC_801_testOne -->
                  <span class="method-name">TC_801_testOne</span>
                  <div class="stack-trace">org.openqa.selenium.InvalidElementStateException: Element is not enabled
Build info: version: &apos;3.6.0&apos;, revision: &apos;6fbf3ec767&apos;, time: &apos;2017-09-27T16:15:40.131Z&apos;
System info: host: &apos;DESKTOP-75OLIUH&apos;, ip: &apos;192.168.112.1&apos;, os.name: &apos;Windows 10&apos;, os.arch: &apos;amd64&apos;, os.version: &apos;10.0&apos;, java.version: &apos;1.8.0_144&apos;
Driver info: org.openqa.selenium.firefox.FirefoxDriver
Capabilities [{moz:profile=C:\Users\imran\AppData\Local\Temp\rust_mozprofile.kxbV93tPYuSh, rotatable=false, timeouts={implicit=0, pageLoad=300000, script=30000}, pageLoadStrategy=normal, moz:headless=false, platform=XP, moz:accessibilityChecks=false, acceptInsecureCerts=true, browserVersion=57.0, platformVersion=10.0, moz:processID=668, browserName=firefox, javascriptEnabled=true, platformName=XP, moz:webdriverClick=false}]
Session ID: 22b3cc4c-6a5d-4826-b345-849096482f0a
	at org.openqa.selenium.remote.http.W3CHttpResponseCodec.createException(W3CHttpResponseCodec.java:185)
	at org.openqa.selenium.remote.http.W3CHttpResponseCodec.decode(W3CHttpResponseCodec.java:120)
	at org.openqa.selenium.remote.http.W3CHttpResponseCodec.decode(W3CHttpResponseCodec.java:49)
	at org.openqa.selenium.remote.HttpCommandExecutor.execute(HttpCommandExecutor.java:164)
	at org.openqa.selenium.remote.service.DriverCommandExecutor.execute(DriverCommandExecutor.java:83)
	at org.openqa.selenium.remote.RemoteWebDriver.execute(RemoteWebDriver.java:586)
	at org.openqa.selenium.remote.RemoteWebElement.execute(RemoteWebElement.java:279)
	at org.openqa.selenium.remote.RemoteWebElement.click(RemoteWebElement.java:83)
	at groupon.TestSet_E.TC_801_testOne(TestSet_E.java:72)
... Removed 29 stack frames
</div> <!-- stack-trace -->
                </div> <!-- method-content -->
              </div> <!-- method -->
            </div> <!-- main-panel-content rounded-window-bottom -->
          </div> <!-- suite-all-class-failed -->
          <div class="suite-all-class-failed">
            <div class="main-panel-header rounded-window-top">
              <img src="failed.png"/>
              <span class="class-name">levis.TestSetH</span>
            </div> <!-- main-panel-header rounded-window-top -->
            <div class="main-panel-content rounded-window-bottom">
              <div class="method">
                <div class="method-content">
                  <a name="TC_103_womens_dress">
                  </a> <!-- TC_103_womens_dress -->
                  <span class="method-name">TC_103_womens_dress</span>
                  <div class="stack-trace">org.openqa.selenium.ElementNotInteractableException: 
Build info: version: &apos;3.6.0&apos;, revision: &apos;6fbf3ec767&apos;, time: &apos;2017-09-27T16:15:40.131Z&apos;
System info: host: &apos;DESKTOP-75OLIUH&apos;, ip: &apos;192.168.112.1&apos;, os.name: &apos;Windows 10&apos;, os.arch: &apos;amd64&apos;, os.version: &apos;10.0&apos;, java.version: &apos;1.8.0_144&apos;
Driver info: org.openqa.selenium.firefox.FirefoxDriver
Capabilities [{moz:profile=C:\Users\imran\AppData\Local\Temp\rust_mozprofile.3SaGqRnVOenM, rotatable=false, timeouts={implicit=0, pageLoad=300000, script=30000}, pageLoadStrategy=normal, moz:headless=false, platform=XP, moz:accessibilityChecks=false, acceptInsecureCerts=true, browserVersion=57.0, platformVersion=10.0, moz:processID=7224, browserName=firefox, javascriptEnabled=true, platformName=XP, moz:webdriverClick=false}]
Session ID: 6804eefb-9d50-4197-bff0-8baf9a264308
	at org.openqa.selenium.remote.http.W3CHttpResponseCodec.createException(W3CHttpResponseCodec.java:185)
	at org.openqa.selenium.remote.http.W3CHttpResponseCodec.decode(W3CHttpResponseCodec.java:120)
	at org.openqa.selenium.remote.http.W3CHttpResponseCodec.decode(W3CHttpResponseCodec.java:49)
	at org.openqa.selenium.remote.HttpCommandExecutor.execute(HttpCommandExecutor.java:164)
	at org.openqa.selenium.remote.service.DriverCommandExecutor.execute(DriverCommandExecutor.java:83)
	at org.openqa.selenium.remote.RemoteWebDriver.execute(RemoteWebDriver.java:586)
	at org.openqa.selenium.remote.RemoteWebElement.execute(RemoteWebElement.java:279)
	at org.openqa.selenium.remote.RemoteWebElement.click(RemoteWebElement.java:83)
	at levis.TestSetH.TC_103_womens_dress(TestSetH.java:123)
... Removed 29 stack frames
</div> <!-- stack-trace -->
                </div> <!-- method-content -->
              </div> <!-- method -->
              <div class="method">
                <div class="method-content">
                  <a name="TC_104_FindStoresMap">
                  </a> <!-- TC_104_FindStoresMap -->
                  <span class="method-name">TC_104_FindStoresMap</span>
                  <div class="stack-trace">java.lang.IndexOutOfBoundsException: Index: 1, Size: 1
	at java.util.ArrayList.rangeCheck(Unknown Source)
	at java.util.ArrayList.get(Unknown Source)
	at levis.TestSetH.TC_104_FindStoresMap(TestSetH.java:156)
... Removed 25 stack frames
</div> <!-- stack-trace -->
                </div> <!-- method-content -->
              </div> <!-- method -->
            </div> <!-- main-panel-content rounded-window-bottom -->
          </div> <!-- suite-all-class-failed -->
          <div class="suite-all-class-failed">
            <div class="main-panel-header rounded-window-top">
              <img src="failed.png"/>
              <span class="class-name">bbb.TestSetI</span>
            </div> <!-- main-panel-header rounded-window-top -->
            <div class="main-panel-content rounded-window-bottom">
              <div class="method">
                <div class="method-content">
                  <a name="TC_901">
                  </a> <!-- TC_901 -->
                  <span class="method-name">TC_901</span>
                  <div class="stack-trace">org.openqa.selenium.NoSuchElementException: Unable to locate element: /html/body/div[1]/div[4]/div[1]/div/div[2]/h2[1]
For documentation on this error, please visit: http://seleniumhq.org/exceptions/no_such_element.html
Build info: version: &apos;3.6.0&apos;, revision: &apos;6fbf3ec767&apos;, time: &apos;2017-09-27T16:15:40.131Z&apos;
System info: host: &apos;DESKTOP-75OLIUH&apos;, ip: &apos;192.168.112.1&apos;, os.name: &apos;Windows 10&apos;, os.arch: &apos;amd64&apos;, os.version: &apos;10.0&apos;, java.version: &apos;1.8.0_144&apos;
Driver info: org.openqa.selenium.firefox.FirefoxDriver
Capabilities [{moz:profile=C:\Users\imran\AppData\Local\Temp\rust_mozprofile.4YE6kUz9dM2o, rotatable=false, timeouts={implicit=0, pageLoad=300000, script=30000}, pageLoadStrategy=normal, moz:headless=false, platform=XP, moz:accessibilityChecks=false, acceptInsecureCerts=true, browserVersion=57.0, platformVersion=10.0, moz:processID=6428, browserName=firefox, javascriptEnabled=true, platformName=XP, moz:webdriverClick=false}]
Session ID: 66a30062-5f70-46e3-bd1a-1848ff5bd485
*** Element info: {Using=xpath, value=/html/body/div[1]/div[4]/div[1]/div/div[2]/h2[1]}
	at org.openqa.selenium.remote.http.W3CHttpResponseCodec.createException(W3CHttpResponseCodec.java:185)
	at org.openqa.selenium.remote.http.W3CHttpResponseCodec.decode(W3CHttpResponseCodec.java:120)
	at org.openqa.selenium.remote.http.W3CHttpResponseCodec.decode(W3CHttpResponseCodec.java:49)
	at org.openqa.selenium.remote.HttpCommandExecutor.execute(HttpCommandExecutor.java:164)
	at org.openqa.selenium.remote.service.DriverCommandExecutor.execute(DriverCommandExecutor.java:83)
	at org.openqa.selenium.remote.RemoteWebDriver.execute(RemoteWebDriver.java:586)
	at org.openqa.selenium.remote.RemoteWebDriver.findElement(RemoteWebDriver.java:356)
	at org.openqa.selenium.remote.RemoteWebDriver.findElementByXPath(RemoteWebDriver.java:458)
	at org.openqa.selenium.By$ByXPath.findElement(By.java:361)
	at org.openqa.selenium.remote.RemoteWebDriver.findElement(RemoteWebDriver.java:348)
	at bbb.TestSetI.TC_901(TestSetI.java:54)
... Removed 28 stack frames
</div> <!-- stack-trace -->
                </div> <!-- method-content -->
              </div> <!-- method -->
            </div> <!-- main-panel-content rounded-window-bottom -->
          </div> <!-- suite-all-class-failed -->
          <div class="suite-all-class-passed">
            <div class="main-panel-header rounded-window-top">
              <img src="passed.png"/>
              <span class="class-name">walmart.TestSetB</span>
            </div> <!-- main-panel-header rounded-window-top -->
            <div class="main-panel-content rounded-window-bottom">
              <div class="method">
                <div class="method-content">
                  <a name="TC_501_UsersAreAbleToSearch">
                  </a> <!-- TC_501_UsersAreAbleToSearch -->
                  <span class="method-name">TC_501_UsersAreAbleToSearch</span>
                </div> <!-- method-content -->
              </div> <!-- method -->
              <div class="method">
                <div class="method-content">
                  <a name="TC_504_Credit_Cards">
                  </a> <!-- TC_504_Credit_Cards -->
                  <span class="method-name">TC_504_Credit_Cards</span>
                </div> <!-- method-content -->
              </div> <!-- method -->
              <div class="method">
                <div class="method-content">
                  <a name="TC_506_StoreFinder_FireFoxBrowser">
                  </a> <!-- TC_506_StoreFinder_FireFoxBrowser -->
                  <span class="method-name">TC_506_StoreFinder_FireFoxBrowser</span>
                </div> <!-- method-content -->
              </div> <!-- method -->
              <div class="method">
                <div class="method-content">
                  <a name="TC_506_StoreFinder_GoogleChromeBrowser">
                  </a> <!-- TC_506_StoreFinder_GoogleChromeBrowser -->
                  <span class="method-name">TC_506_StoreFinder_GoogleChromeBrowser</span>
                </div> <!-- method-content -->
              </div> <!-- method -->
              <div class="method">
                <div class="method-content">
                  <a name="TC_506_StoreFinder_MicrosoftEdgeBrowser">
                  </a> <!-- TC_506_StoreFinder_MicrosoftEdgeBrowser -->
                  <span class="method-name">TC_506_StoreFinder_MicrosoftEdgeBrowser</span>
                </div> <!-- method-content -->
              </div> <!-- method -->
              <div class="method">
                <div class="method-content">
                  <a name="TC_510_WeeklyAdd_GoogleChrome">
                  </a> <!-- TC_510_WeeklyAdd_GoogleChrome -->
                  <span class="method-name">TC_510_WeeklyAdd_GoogleChrome</span>
                </div> <!-- method-content -->
              </div> <!-- method -->
              <div class="method">
                <div class="method-content">
                  <a name="TC_511_WeeklyAdd_Firefox">
                  </a> <!-- TC_511_WeeklyAdd_Firefox -->
                  <span class="method-name">TC_511_WeeklyAdd_Firefox</span>
                </div> <!-- method-content -->
              </div> <!-- method -->
              <div class="method">
                <div class="method-content">
                  <a name="TC_512_WeeklyAdd_MicorsoftEdge">
                  </a> <!-- TC_512_WeeklyAdd_MicorsoftEdge -->
                  <span class="method-name">TC_512_WeeklyAdd_MicorsoftEdge</span>
                </div> <!-- method-content -->
              </div> <!-- method -->
              <div class="method">
                <div class="method-content">
                  <a name="TC_514">
                  </a> <!-- TC_514 -->
                  <span class="method-name">TC_514</span>
                </div> <!-- method-content -->
              </div> <!-- method -->
            </div> <!-- main-panel-content rounded-window-bottom -->
          </div> <!-- suite-all-class-passed -->
          <div class="suite-all-class-passed">
            <div class="main-panel-header rounded-window-top">
              <img src="passed.png"/>
              <span class="class-name">MC.TestSetF</span>
            </div> <!-- main-panel-header rounded-window-top -->
            <div class="main-panel-content rounded-window-bottom">
              <div class="method">
                <div class="method-content">
                  <a name="CalculateMortgatePayment_HardCodedValues">
                  </a> <!-- CalculateMortgatePayment_HardCodedValues -->
                  <span class="method-name">CalculateMortgatePayment_HardCodedValues</span>
                </div> <!-- method-content -->
              </div> <!-- method -->
              <div class="method">
                <div class="method-content">
                  <a name="TC_10_MC_ME_C">
                  </a> <!-- TC_10_MC_ME_C -->
                  <span class="method-name">TC_10_MC_ME_C</span>
                </div> <!-- method-content -->
              </div> <!-- method -->
              <div class="method">
                <div class="method-content">
                  <a name="TC_402_MC_GC_A">
                  </a> <!-- TC_402_MC_GC_A -->
                  <span class="method-name">TC_402_MC_GC_A</span>
                </div> <!-- method-content -->
              </div> <!-- method -->
              <div class="method">
                <div class="method-content">
                  <a name="TC_403_MC_GC_B">
                  </a> <!-- TC_403_MC_GC_B -->
                  <span class="method-name">TC_403_MC_GC_B</span>
                </div> <!-- method-content -->
              </div> <!-- method -->
              <div class="method">
                <div class="method-content">
                  <a name="TC_404_MC_GC_C">
                  </a> <!-- TC_404_MC_GC_C -->
                  <span class="method-name">TC_404_MC_GC_C</span>
                </div> <!-- method-content -->
              </div> <!-- method -->
              <div class="method">
                <div class="method-content">
                  <a name="TC_405_MC_FF_A">
                  </a> <!-- TC_405_MC_FF_A -->
                  <span class="method-name">TC_405_MC_FF_A</span>
                </div> <!-- method-content -->
              </div> <!-- method -->
              <div class="method">
                <div class="method-content">
                  <a name="TC_406_MC_FF_B">
                  </a> <!-- TC_406_MC_FF_B -->
                  <span class="method-name">TC_406_MC_FF_B</span>
                </div> <!-- method-content -->
              </div> <!-- method -->
              <div class="method">
                <div class="method-content">
                  <a name="TC_407_MC_FF_C">
                  </a> <!-- TC_407_MC_FF_C -->
                  <span class="method-name">TC_407_MC_FF_C</span>
                </div> <!-- method-content -->
              </div> <!-- method -->
              <div class="method">
                <div class="method-content">
                  <a name="TC_408_MC_ME_A">
                  </a> <!-- TC_408_MC_ME_A -->
                  <span class="method-name">TC_408_MC_ME_A</span>
                </div> <!-- method-content -->
              </div> <!-- method -->
              <div class="method">
                <div class="method-content">
                  <a name="TC_409_MC_ME_B">
                  </a> <!-- TC_409_MC_ME_B -->
                  <span class="method-name">TC_409_MC_ME_B</span>
                </div> <!-- method-content -->
              </div> <!-- method -->
              <div class="method">
                <div class="method-content">
                  <a name="TC_411_DownAndUPonly_CHROME">
                  </a> <!-- TC_411_DownAndUPonly_CHROME -->
                  <span class="method-name">TC_411_DownAndUPonly_CHROME</span>
                </div> <!-- method-content -->
              </div> <!-- method -->
              <div class="method">
                <div class="method-content">
                  <a name="TC_412_DownAndUPonly_FF">
                  </a> <!-- TC_412_DownAndUPonly_FF -->
                  <span class="method-name">TC_412_DownAndUPonly_FF</span>
                </div> <!-- method-content -->
              </div> <!-- method -->
            </div> <!-- main-panel-content rounded-window-bottom -->
          </div> <!-- suite-all-class-passed -->
          <div class="suite-all-class-passed">
            <div class="main-panel-header rounded-window-top">
              <img src="passed.png"/>
              <span class="class-name">Priotization</span>
            </div> <!-- main-panel-header rounded-window-top -->
            <div class="main-panel-content rounded-window-bottom">
              <div class="method">
                <div class="method-content">
                  <a name="A">
                  </a> <!-- A -->
                  <span class="method-name">A</span>
                </div> <!-- method-content -->
              </div> <!-- method -->
              <div class="method">
                <div class="method-content">
                  <a name="C">
                  </a> <!-- C -->
                  <span class="method-name">C</span>
                </div> <!-- method-content -->
              </div> <!-- method -->
              <div class="method">
                <div class="method-content">
                  <a name="D">
                  </a> <!-- D -->
                  <span class="method-name">D</span>
                </div> <!-- method-content -->
              </div> <!-- method -->
              <div class="method">
                <div class="method-content">
                  <a name="E">
                  </a> <!-- E -->
                  <span class="method-name">E</span>
                </div> <!-- method-content -->
              </div> <!-- method -->
              <div class="method">
                <div class="method-content">
                  <a name="F">
                  </a> <!-- F -->
                  <span class="method-name">F</span>
                </div> <!-- method-content -->
              </div> <!-- method -->
              <div class="method">
                <div class="method-content">
                  <a name="G">
                  </a> <!-- G -->
                  <span class="method-name">G</span>
                </div> <!-- method-content -->
              </div> <!-- method -->
            </div> <!-- main-panel-content rounded-window-bottom -->
          </div> <!-- suite-all-class-passed -->
          <div class="suite-all-class-passed">
            <div class="main-panel-header rounded-window-top">
              <img src="passed.png"/>
              <span class="class-name">amazon.TestSetAmazon</span>
            </div> <!-- main-panel-header rounded-window-top -->
            <div class="main-panel-content rounded-window-bottom">
              <div class="method">
                <div class="method-content">
                  <a name="SearchOnLandingPage">
                  </a> <!-- SearchOnLandingPage -->
                  <span class="method-name">SearchOnLandingPage</span>
                </div> <!-- method-content -->
              </div> <!-- method -->
              <div class="method">
                <div class="method-content">
                  <a name="TestCase_104">
                  </a> <!-- TestCase_104 -->
                  <span class="method-name">TestCase_104</span>
                </div> <!-- method-content -->
              </div> <!-- method -->
              <div class="method">
                <div class="method-content">
                  <a name="TestCase_105">
                  </a> <!-- TestCase_105 -->
                  <span class="method-name">TestCase_105</span>
                </div> <!-- method-content -->
              </div> <!-- method -->
              <div class="method">
                <div class="method-content">
                  <a name="TestCase_106_UpAndDown">
                  </a> <!-- TestCase_106_UpAndDown -->
                  <span class="method-name">TestCase_106_UpAndDown</span>
                </div> <!-- method-content -->
              </div> <!-- method -->
            </div> <!-- main-panel-content rounded-window-bottom -->
          </div> <!-- suite-all-class-passed -->
          <div class="suite-all-class-passed">
            <div class="main-panel-header rounded-window-top">
              <img src="passed.png"/>
              <span class="class-name">hsbc.TestSetC</span>
            </div> <!-- main-panel-header rounded-window-top -->
            <div class="main-panel-content rounded-window-bottom">
              <div class="method">
                <div class="method-content">
                  <a name="displayMousOverDropdownList">
                  </a> <!-- displayMousOverDropdownList -->
                  <span class="method-name">displayMousOverDropdownList</span>
                </div> <!-- method-content -->
              </div> <!-- method -->
              <div class="method">
                <div class="method-content">
                  <a name="scrollUpAndDown">
                  </a> <!-- scrollUpAndDown -->
                  <span class="method-name">scrollUpAndDown</span>
                </div> <!-- method-content -->
              </div> <!-- method -->
            </div> <!-- main-panel-content rounded-window-bottom -->
          </div> <!-- suite-all-class-passed -->
          <div class="suite-all-class-passed">
            <div class="main-panel-header rounded-window-top">
              <img src="passed.png"/>
              <span class="class-name">levis.TestSetH</span>
            </div> <!-- main-panel-header rounded-window-top -->
            <div class="main-panel-content rounded-window-bottom">
              <div class="method">
                <div class="method-content">
                  <a name="TC101_MouseOver_OnMajorElements">
                  </a> <!-- TC101_MouseOver_OnMajorElements -->
                  <span class="method-name">TC101_MouseOver_OnMajorElements</span>
                </div> <!-- method-content -->
              </div> <!-- method -->
              <div class="method">
                <div class="method-content">
                  <a name="TC_102_scrollUpAndDown">
                  </a> <!-- TC_102_scrollUpAndDown -->
                  <span class="method-name">TC_102_scrollUpAndDown</span>
                </div> <!-- method-content -->
              </div> <!-- method -->
              <div class="method">
                <div class="method-content">
                  <a name="TC_105_HighlightAllLinks">
                  </a> <!-- TC_105_HighlightAllLinks -->
                  <span class="method-name">TC_105_HighlightAllLinks</span>
                </div> <!-- method-content -->
              </div> <!-- method -->
            </div> <!-- main-panel-content rounded-window-bottom -->
          </div> <!-- suite-all-class-passed -->
          <div class="suite-all-class-passed">
            <div class="main-panel-header rounded-window-top">
              <img src="passed.png"/>
              <span class="class-name">bbb.TestSetI</span>
            </div> <!-- main-panel-header rounded-window-top -->
            <div class="main-panel-content rounded-window-bottom">
              <div class="method">
                <div class="method-content">
                  <a name="TC_902">
                  </a> <!-- TC_902 -->
                  <span class="method-name">TC_902</span>
                </div> <!-- method-content -->
              </div> <!-- method -->
              <div class="method">
                <div class="method-content">
                  <a name="TC_903_MouseOver">
                  </a> <!-- TC_903_MouseOver -->
                  <span class="method-name">TC_903_MouseOver</span>
                </div> <!-- method-content -->
              </div> <!-- method -->
              <div class="method">
                <div class="method-content">
                  <a name="TC_904">
                  </a> <!-- TC_904 -->
                  <span class="method-name">TC_904</span>
                </div> <!-- method-content -->
              </div> <!-- method -->
              <div class="method">
                <div class="method-content">
                  <a name="TC_905">
                  </a> <!-- TC_905 -->
                  <span class="method-name">TC_905</span>
                </div> <!-- method-content -->
              </div> <!-- method -->
              <div class="method">
                <div class="method-content">
                  <a name="TC_906_RegistrationFormFillUp">
                  </a> <!-- TC_906_RegistrationFormFillUp -->
                  <span class="method-name">TC_906_RegistrationFormFillUp</span>
                </div> <!-- method-content -->
              </div> <!-- method -->
            </div> <!-- main-panel-content rounded-window-bottom -->
          </div> <!-- suite-all-class-passed -->
          <div class="suite-all-class-passed">
            <div class="main-panel-header rounded-window-top">
              <img src="passed.png"/>
              <span class="class-name">afterLoginIn.TestSetA</span>
            </div> <!-- main-panel-header rounded-window-top -->
            <div class="main-panel-content rounded-window-bottom">
              <div class="method">
                <div class="method-content">
                  <a name="TC_403_VerifyFieldsInLoginPage">
                  </a> <!-- TC_403_VerifyFieldsInLoginPage -->
                  <span class="method-name">TC_403_VerifyFieldsInLoginPage</span>
                </div> <!-- method-content -->
              </div> <!-- method -->
              <div class="method">
                <div class="method-content">
                  <a name="TC_404_ToolTip">
                  </a> <!-- TC_404_ToolTip -->
                  <span class="method-name">TC_404_ToolTip</span>
                </div> <!-- method-content -->
              </div> <!-- method -->
            </div> <!-- main-panel-content rounded-window-bottom -->
          </div> <!-- suite-all-class-passed -->
          <div class="suite-all-class-passed">
            <div class="main-panel-header rounded-window-top">
              <img src="passed.png"/>
              <span class="class-name">SecondClasssWith2Methods</span>
            </div> <!-- main-panel-header rounded-window-top -->
            <div class="main-panel-content rounded-window-bottom">
              <div class="method">
                <div class="method-content">
                  <a name="UsersAreAbleToSearch">
                  </a> <!-- UsersAreAbleToSearch -->
                  <span class="method-name">UsersAreAbleToSearch</span>
                </div> <!-- method-content -->
              </div> <!-- method -->
              <div class="method">
                <div class="method-content">
                  <a name="test2">
                  </a> <!-- test2 -->
                  <span class="method-name">test2</span>
                </div> <!-- method-content -->
              </div> <!-- method -->
            </div> <!-- main-panel-content rounded-window-bottom -->
          </div> <!-- suite-all-class-passed -->
          <div class="suite-all-class-passed">
            <div class="main-panel-header rounded-window-top">
              <img src="passed.png"/>
              <span class="class-name">Group</span>
            </div> <!-- main-panel-header rounded-window-top -->
            <div class="main-panel-content rounded-window-bottom">
              <div class="method">
                <div class="method-content">
                  <a name="F1">
                  </a> <!-- F1 -->
                  <span class="method-name">F1</span>
                </div> <!-- method-content -->
              </div> <!-- method -->
              <div class="method">
                <div class="method-content">
                  <a name="F2">
                  </a> <!-- F2 -->
                  <span class="method-name">F2</span>
                </div> <!-- method-content -->
              </div> <!-- method -->
              <div class="method">
                <div class="method-content">
                  <a name="F3">
                  </a> <!-- F3 -->
                  <span class="method-name">F3</span>
                </div> <!-- method-content -->
              </div> <!-- method -->
              <div class="method">
                <div class="method-content">
                  <a name="F4">
                  </a> <!-- F4 -->
                  <span class="method-name">F4</span>
                </div> <!-- method-content -->
              </div> <!-- method -->
              <div class="method">
                <div class="method-content">
                  <a name="F5">
                  </a> <!-- F5 -->
                  <span class="method-name">F5</span>
                </div> <!-- method-content -->
              </div> <!-- method -->
              <div class="method">
                <div class="method-content">
                  <a name="F6">
                  </a> <!-- F6 -->
                  <span class="method-name">F6</span>
                </div> <!-- method-content -->
              </div> <!-- method -->
            </div> <!-- main-panel-content rounded-window-bottom -->
          </div> <!-- suite-all-class-passed -->
          <div class="suite-all-class-passed">
            <div class="main-panel-header rounded-window-top">
              <img src="passed.png"/>
              <span class="class-name">ApplyFirst</span>
            </div> <!-- main-panel-header rounded-window-top -->
            <div class="main-panel-content rounded-window-bottom">
              <div class="method">
                <div class="method-content">
                  <a name="doThisBeforeAllTestsExecution">
                  </a> <!-- doThisBeforeAllTestsExecution -->
                  <span class="method-name">doThisBeforeAllTestsExecution</span>
                </div> <!-- method-content -->
              </div> <!-- method -->
            </div> <!-- main-panel-content rounded-window-bottom -->
          </div> <!-- suite-all-class-passed -->
          <div class="suite-all-class-passed">
            <div class="main-panel-header rounded-window-top">
              <img src="passed.png"/>
              <span class="class-name">groupon.TestSet_E</span>
            </div> <!-- main-panel-header rounded-window-top -->
            <div class="main-panel-content rounded-window-bottom">
              <div class="method">
                <div class="method-content">
                  <a name="TC_402_LinkCount">
                  </a> <!-- TC_402_LinkCount -->
                  <span class="method-name">TC_402_LinkCount</span>
                </div> <!-- method-content -->
              </div> <!-- method -->
              <div class="method">
                <div class="method-content">
                  <a name="TC_405_Searchability_SPA_11372">
                  </a> <!-- TC_405_Searchability_SPA_11372 -->
                  <span class="method-name">TC_405_Searchability_SPA_11372</span>
                </div> <!-- method-content -->
              </div> <!-- method -->
              <div class="method">
                <div class="method-content">
                  <a name="TC_406_Searchability_restaurants">
                  </a> <!-- TC_406_Searchability_restaurants -->
                  <span class="method-name">TC_406_Searchability_restaurants</span>
                </div> <!-- method-content -->
              </div> <!-- method -->
              <div class="method">
                <div class="method-content">
                  <a name="TC_407_Searchability_Public_Library">
                  </a> <!-- TC_407_Searchability_Public_Library -->
                  <span class="method-name">TC_407_Searchability_Public_Library</span>
                </div> <!-- method-content -->
              </div> <!-- method -->
              <div class="method">
                <div class="method-content">
                  <a name="TC_410_Searchability_yoga">
                  </a> <!-- TC_410_Searchability_yoga -->
                  <span class="method-name">TC_410_Searchability_yoga</span>
                </div> <!-- method-content -->
              </div> <!-- method -->
              <div class="method">
                <div class="method-content">
                  <a name="TC_411_Searchability_spaMessage">
                  </a> <!-- TC_411_Searchability_spaMessage -->
                  <span class="method-name">TC_411_Searchability_spaMessage</span>
                </div> <!-- method-content -->
              </div> <!-- method -->
              <div class="method">
                <div class="method-content">
                  <a name="TC_413_Searchability_SeaFoodStores">
                  </a> <!-- TC_413_Searchability_SeaFoodStores -->
                  <span class="method-name">TC_413_Searchability_SeaFoodStores</span>
                </div> <!-- method-content -->
              </div> <!-- method -->
            </div> <!-- main-panel-content rounded-window-bottom -->
          </div> <!-- suite-all-class-passed -->
          <div class="suite-all-class-passed">
            <div class="main-panel-header rounded-window-top">
              <img src="passed.png"/>
              <span class="class-name">FirstClassWith2methods</span>
            </div> <!-- main-panel-header rounded-window-top -->
            <div class="main-panel-content rounded-window-bottom">
              <div class="method">
                <div class="method-content">
                  <a name="UsersAreAbleToSearch">
                  </a> <!-- UsersAreAbleToSearch -->
                  <span class="method-name">UsersAreAbleToSearch</span>
                </div> <!-- method-content -->
              </div> <!-- method -->
              <div class="method">
                <div class="method-content">
                  <a name="test2">
                  </a> <!-- test2 -->
                  <span class="method-name">test2</span>
                </div> <!-- method-content -->
              </div> <!-- method -->
            </div> <!-- main-panel-content rounded-window-bottom -->
          </div> <!-- suite-all-class-passed -->
          <div class="suite-all-class-passed">
            <div class="main-panel-header rounded-window-top">
              <img src="passed.png"/>
              <span class="class-name">automationPractive.TestSetG</span>
            </div> <!-- main-panel-header rounded-window-top -->
            <div class="main-panel-content rounded-window-bottom">
              <div class="method">
                <div class="method-content">
                  <a name="test_701_display_WebTableCellValues">
                  </a> <!-- test_701_display_WebTableCellValues -->
                  <span class="method-name">test_701_display_WebTableCellValues</span>
                </div> <!-- method-content -->
              </div> <!-- method -->
            </div> <!-- main-panel-content rounded-window-bottom -->
          </div> <!-- suite-all-class-passed -->
        </div> <!-- panel all -->
        <div panel-name="test-xml-all" class="panel">
          <div class="main-panel-header rounded-window-top">
            <span class="header-content">C:\Users\imran\workspace6\FirstMavenProject\configuration\TestRunnerAll.xml</span>
          </div> <!-- main-panel-header rounded-window-top -->
          <div class="main-panel-content rounded-window-bottom">
            <pre>
&lt;?xml version=&quot;1.0&quot; encoding=&quot;UTF-8&quot;?&gt;
&lt;!DOCTYPE suite SYSTEM &quot;http://testng.org/testng-1.0.dtd&quot;&gt;
&lt;suite name=&quot;all&quot;&gt;
  &lt;test name=&quot;all&quot;&gt;
    &lt;classes&gt;
      &lt;class name=&quot;ApplyFirst&quot;/&gt;
      &lt;class name=&quot;Group&quot;/&gt;
      &lt;class name=&quot;Priotization&quot;/&gt;
      &lt;class name=&quot;FirstClassWith2methods&quot;/&gt;
      &lt;class name=&quot;SecondClasssWith2Methods&quot;/&gt;
      &lt;class name=&quot;afterLoginIn.TestSetA&quot;/&gt;
      &lt;class name=&quot;walmart.TestSetB&quot;/&gt;
      &lt;class name=&quot;hsbc.TestSetC&quot;/&gt;
      &lt;class name=&quot;facebook.testSetD&quot;/&gt;
      &lt;class name=&quot;groupon.TestSet_E&quot;/&gt;
      &lt;class name=&quot;amazon.TestSetAmazon&quot;/&gt;
      &lt;class name=&quot;MC.TestSetF&quot;/&gt;
      &lt;class name=&quot;automationPractive.TestSetG&quot;/&gt;
      &lt;class name=&quot;levis.TestSetH&quot;/&gt;
      &lt;class name=&quot;bbb.TestSetI&quot;/&gt;
    &lt;/classes&gt;
  &lt;/test&gt; &lt;!-- all --&gt;
&lt;/suite&gt; &lt;!-- all --&gt;
            </pre>
          </div> <!-- main-panel-content rounded-window-bottom -->
        </div> <!-- panel -->
        <div panel-name="testlist-all" class="panel">
          <div class="main-panel-header rounded-window-top">
            <span class="header-content">Tests for all</span>
          </div> <!-- main-panel-header rounded-window-top -->
          <div class="main-panel-content rounded-window-bottom">
            <ul>
              <li>
                <span class="test-name">all (15 classes)</span>
              </li>
            </ul>
          </div> <!-- main-panel-content rounded-window-bottom -->
        </div> <!-- panel -->
        <div panel-name="group-all" class="panel">
          <div class="main-panel-header rounded-window-top">
            <span class="header-content">Groups for all</span>
          </div> <!-- main-panel-header rounded-window-top -->
          <div class="main-panel-content rounded-window-bottom">
            <div class="test-group">
              <span class="test-group-name">A</span>
              <br/>
              <div class="method-in-group">
                <span class="method-in-group-name">F1</span>
                <br/>
              </div> <!-- method-in-group -->
              <div class="method-in-group">
                <span class="method-in-group-name">F3</span>
                <br/>
              </div> <!-- method-in-group -->
              <div class="method-in-group">
                <span class="method-in-group-name">F6</span>
                <br/>
              </div> <!-- method-in-group -->
            </div> <!-- test-group -->
            <div class="test-group">
              <span class="test-group-name">B</span>
              <br/>
              <div class="method-in-group">
                <span class="method-in-group-name">F2</span>
                <br/>
              </div> <!-- method-in-group -->
              <div class="method-in-group">
                <span class="method-in-group-name">F5</span>
                <br/>
              </div> <!-- method-in-group -->
            </div> <!-- test-group -->
            <div class="test-group">
              <span class="test-group-name">C</span>
              <br/>
              <div class="method-in-group">
                <span class="method-in-group-name">F4</span>
                <br/>
              </div> <!-- method-in-group -->
            </div> <!-- test-group -->
          </div> <!-- main-panel-content rounded-window-bottom -->
        </div> <!-- panel -->
        <div panel-name="times-all" class="panel">
          <div class="main-panel-header rounded-window-top">
            <span class="header-content">Times for all</span>
          </div> <!-- main-panel-header rounded-window-top -->
          <div class="main-panel-content rounded-window-bottom">
            <div class="times-div">
              <script type="text/javascript">
suiteTableInitFunctions.push('tableData_all');
function tableData_all() {
var data = new google.visualization.DataTable();
data.addColumn('number', 'Number');
data.addColumn('string', 'Method');
data.addColumn('string', 'Class');
data.addColumn('number', 'Time (ms)');
data.addRows(87);
data.setCell(0, 0, 0)
data.setCell(0, 1, 'TC_102')
data.setCell(0, 2, 'amazon.TestSetAmazon')
data.setCell(0, 3, 431690);
data.setCell(1, 0, 1)
data.setCell(1, 1, 'TC_501_UsersAreAbleToSearch')
data.setCell(1, 2, 'walmart.TestSetB')
data.setCell(1, 3, 143982);
data.setCell(2, 0, 2)
data.setCell(2, 1, 'TC_504_Credit_Cards')
data.setCell(2, 2, 'walmart.TestSetB')
data.setCell(2, 3, 102980);
data.setCell(3, 0, 3)
data.setCell(3, 1, 'SearchOnLandingPage')
data.setCell(3, 2, 'amazon.TestSetAmazon')
data.setCell(3, 3, 102533);
data.setCell(4, 0, 4)
data.setCell(4, 1, 'UsersAreAbleToSearch')
data.setCell(4, 2, 'FirstClassWith2methods')
data.setCell(4, 3, 85311);
data.setCell(5, 0, 5)
data.setCell(5, 1, 'TestCase_106_UpAndDown')
data.setCell(5, 2, 'amazon.TestSetAmazon')
data.setCell(5, 3, 84430);
data.setCell(6, 0, 6)
data.setCell(6, 1, 'TC_410_Searchability_yoga')
data.setCell(6, 2, 'groupon.TestSet_E')
data.setCell(6, 3, 79226);
data.setCell(7, 0, 7)
data.setCell(7, 1, 'TC_405_Searchability_SPA_11372')
data.setCell(7, 2, 'groupon.TestSet_E')
data.setCell(7, 3, 79208);
data.setCell(8, 0, 8)
data.setCell(8, 1, 'TC_413_Searchability_SeaFoodStores')
data.setCell(8, 2, 'groupon.TestSet_E')
data.setCell(8, 3, 78318);
data.setCell(9, 0, 9)
data.setCell(9, 1, 'TC_411_Searchability_spaMessage')
data.setCell(9, 2, 'groupon.TestSet_E')
data.setCell(9, 3, 78268);
data.setCell(10, 0, 10)
data.setCell(10, 1, 'TC_406_Searchability_restaurants')
data.setCell(10, 2, 'groupon.TestSet_E')
data.setCell(10, 3, 77756);
data.setCell(11, 0, 11)
data.setCell(11, 1, 'TC_407_Searchability_Public_Library')
data.setCell(11, 2, 'groupon.TestSet_E')
data.setCell(11, 3, 77565);
data.setCell(12, 0, 12)
data.setCell(12, 1, 'TestCase_105')
data.setCell(12, 2, 'amazon.TestSetAmazon')
data.setCell(12, 3, 76752);
data.setCell(13, 0, 13)
data.setCell(13, 1, 'TC_102_scrollUpAndDown')
data.setCell(13, 2, 'levis.TestSetH')
data.setCell(13, 3, 73576);
data.setCell(14, 0, 14)
data.setCell(14, 1, 'TC_902')
data.setCell(14, 2, 'bbb.TestSetI')
data.setCell(14, 3, 69932);
data.setCell(15, 0, 15)
data.setCell(15, 1, 'UsersAreAbleToSearch')
data.setCell(15, 2, 'SecondClasssWith2Methods')
data.setCell(15, 3, 68532);
data.setCell(16, 0, 16)
data.setCell(16, 1, 'TC_411_DownAndUPonly_CHROME')
data.setCell(16, 2, 'MC.TestSetF')
data.setCell(16, 3, 66525);
data.setCell(17, 0, 17)
data.setCell(17, 1, 'TC_412_DownAndUPonly_FF')
data.setCell(17, 2, 'MC.TestSetF')
data.setCell(17, 3, 66479);
data.setCell(18, 0, 18)
data.setCell(18, 1, 'TC_511_WeeklyAdd_Firefox')
data.setCell(18, 2, 'walmart.TestSetB')
data.setCell(18, 3, 65913);
data.setCell(19, 0, 19)
data.setCell(19, 1, 'CalculateMortgatePayment_HardCodedValues')
data.setCell(19, 2, 'MC.TestSetF')
data.setCell(19, 3, 64665);
data.setCell(20, 0, 20)
data.setCell(20, 1, 'TC_510_WeeklyAdd_GoogleChrome')
data.setCell(20, 2, 'walmart.TestSetB')
data.setCell(20, 3, 61991);
data.setCell(21, 0, 21)
data.setCell(21, 1, 'TC_405_MC_FF_A')
data.setCell(21, 2, 'MC.TestSetF')
data.setCell(21, 3, 61688);
data.setCell(22, 0, 22)
data.setCell(22, 1, 'TC_905')
data.setCell(22, 2, 'bbb.TestSetI')
data.setCell(22, 3, 60138);
data.setCell(23, 0, 23)
data.setCell(23, 1, 'TC_105_HighlightAllLinks')
data.setCell(23, 2, 'levis.TestSetH')
data.setCell(23, 3, 57957);
data.setCell(24, 0, 24)
data.setCell(24, 1, 'TC_506_StoreFinder_FireFoxBrowser')
data.setCell(24, 2, 'walmart.TestSetB')
data.setCell(24, 3, 57255);
data.setCell(25, 0, 25)
data.setCell(25, 1, 'TC_512_WeeklyAdd_MicorsoftEdge')
data.setCell(25, 2, 'walmart.TestSetB')
data.setCell(25, 3, 56838);
data.setCell(26, 0, 26)
data.setCell(26, 1, 'TestCase_104')
data.setCell(26, 2, 'amazon.TestSetAmazon')
data.setCell(26, 3, 55341);
data.setCell(27, 0, 27)
data.setCell(27, 1, 'TC_406_MC_FF_B')
data.setCell(27, 2, 'MC.TestSetF')
data.setCell(27, 3, 53963);
data.setCell(28, 0, 28)
data.setCell(28, 1, 'TC_407_MC_FF_C')
data.setCell(28, 2, 'MC.TestSetF')
data.setCell(28, 3, 53404);
data.setCell(29, 0, 29)
data.setCell(29, 1, 'TC_403_MC_GC_B')
data.setCell(29, 2, 'MC.TestSetF')
data.setCell(29, 3, 53244);
data.setCell(30, 0, 30)
data.setCell(30, 1, 'TC101_MouseOver_OnMajorElements')
data.setCell(30, 2, 'levis.TestSetH')
data.setCell(30, 3, 52028);
data.setCell(31, 0, 31)
data.setCell(31, 1, 'TC_402_MC_GC_A')
data.setCell(31, 2, 'MC.TestSetF')
data.setCell(31, 3, 50770);
data.setCell(32, 0, 32)
data.setCell(32, 1, 'TC_903_MouseOver')
data.setCell(32, 2, 'bbb.TestSetI')
data.setCell(32, 3, 50305);
data.setCell(33, 0, 33)
data.setCell(33, 1, 'TC_904')
data.setCell(33, 2, 'bbb.TestSetI')
data.setCell(33, 3, 49667);
data.setCell(34, 0, 34)
data.setCell(34, 1, 'TC_901')
data.setCell(34, 2, 'bbb.TestSetI')
data.setCell(34, 3, 49655);
data.setCell(35, 0, 35)
data.setCell(35, 1, 'TC_404_MC_GC_C')
data.setCell(35, 2, 'MC.TestSetF')
data.setCell(35, 3, 48873);
data.setCell(36, 0, 36)
data.setCell(36, 1, 'TC_10_MC_ME_C')
data.setCell(36, 2, 'MC.TestSetF')
data.setCell(36, 3, 40628);
data.setCell(37, 0, 37)
data.setCell(37, 1, 'TC_103_womens_dress')
data.setCell(37, 2, 'levis.TestSetH')
data.setCell(37, 3, 40609);
data.setCell(38, 0, 38)
data.setCell(38, 1, 'TC_506_StoreFinder_GoogleChromeBrowser')
data.setCell(38, 2, 'walmart.TestSetB')
data.setCell(38, 3, 40264);
data.setCell(39, 0, 39)
data.setCell(39, 1, 'TC_408_MC_ME_A')
data.setCell(39, 2, 'MC.TestSetF')
data.setCell(39, 3, 40210);
data.setCell(40, 0, 40)
data.setCell(40, 1, 'TC_409_MC_ME_B')
data.setCell(40, 2, 'MC.TestSetF')
data.setCell(40, 3, 39259);
data.setCell(41, 0, 41)
data.setCell(41, 1, 'TC_506_StoreFinder_MicrosoftEdgeBrowser')
data.setCell(41, 2, 'walmart.TestSetB')
data.setCell(41, 3, 39087);
data.setCell(42, 0, 42)
data.setCell(42, 1, 'TC_104_FindStoresMap')
data.setCell(42, 2, 'levis.TestSetH')
data.setCell(42, 3, 38373);
data.setCell(43, 0, 43)
data.setCell(43, 1, 'TC_402_LinkCount')
data.setCell(43, 2, 'groupon.TestSet_E')
data.setCell(43, 3, 36861);
data.setCell(44, 0, 44)
data.setCell(44, 1, 'LoginAndLogout_Firefox')
data.setCell(44, 2, 'facebook.testSetD')
data.setCell(44, 3, 35988);
data.setCell(45, 0, 45)
data.setCell(45, 1, 'TC_412_Searchability_DunkinDonuts')
data.setCell(45, 2, 'groupon.TestSet_E')
data.setCell(45, 3, 35711);
data.setCell(46, 0, 46)
data.setCell(46, 1, 'TC_801_testOne')
data.setCell(46, 2, 'groupon.TestSet_E')
data.setCell(46, 3, 34921);
data.setCell(47, 0, 47)
data.setCell(47, 1, 'TC_906_RegistrationFormFillUp')
data.setCell(47, 2, 'bbb.TestSetI')
data.setCell(47, 3, 34789);
data.setCell(48, 0, 48)
data.setCell(48, 1, 'TC_502_SelectDropdownValue')
data.setCell(48, 2, 'walmart.TestSetB')
data.setCell(48, 3, 34637);
data.setCell(49, 0, 49)
data.setCell(49, 1, 'TC_409_Searchability_Fitness')
data.setCell(49, 2, 'groupon.TestSet_E')
data.setCell(49, 3, 34563);
data.setCell(50, 0, 50)
data.setCell(50, 1, 'TC_408_Searchability_Grocery')
data.setCell(50, 2, 'groupon.TestSet_E')
data.setCell(50, 3, 34332);
data.setCell(51, 0, 51)
data.setCell(51, 1, 'CountryListOnOnlineBanking')
data.setCell(51, 2, 'hsbc.TestSetC')
data.setCell(51, 3, 30892);
data.setCell(52, 0, 52)
data.setCell(52, 1, 'TC_401_Login_And_LogOut')
data.setCell(52, 2, 'afterLoginIn.TestSetA')
data.setCell(52, 3, 29384);
data.setCell(53, 0, 53)
data.setCell(53, 1, 'LoginAndLogout_4Browses')
data.setCell(53, 2, 'facebook.testSetD')
data.setCell(53, 3, 28613);
data.setCell(54, 0, 54)
data.setCell(54, 1, 'TC_403_Highlignt')
data.setCell(54, 2, 'groupon.TestSet_E')
data.setCell(54, 3, 28537);
data.setCell(55, 0, 55)
data.setCell(55, 1, 'ValidLogin')
data.setCell(55, 2, 'walmart.TestSetB')
data.setCell(55, 3, 28476);
data.setCell(56, 0, 56)
data.setCell(56, 1, 'TC_404_HighlightElementsUnderCOUPON')
data.setCell(56, 2, 'groupon.TestSet_E')
data.setCell(56, 3, 28404);
data.setCell(57, 0, 57)
data.setCell(57, 1, 'scrollUpAndDown')
data.setCell(57, 2, 'hsbc.TestSetC')
data.setCell(57, 3, 28147);
data.setCell(58, 0, 58)
data.setCell(58, 1, 'LoginAndLogout_Chrome')
data.setCell(58, 2, 'facebook.testSetD')
data.setCell(58, 3, 27151);
data.setCell(59, 0, 59)
data.setCell(59, 1, 'test_701_display_WebTableCellValues')
data.setCell(59, 2, 'automationPractive.TestSetG')
data.setCell(59, 3, 25020);
data.setCell(60, 0, 60)
data.setCell(60, 1, 'displayMousOverDropdownList')
data.setCell(60, 2, 'hsbc.TestSetC')
data.setCell(60, 3, 24013);
data.setCell(61, 0, 61)
data.setCell(61, 1, 'TestCase_103')
data.setCell(61, 2, 'amazon.TestSetAmazon')
data.setCell(61, 3, 23261);
data.setCell(62, 0, 62)
data.setCell(62, 1, 'TC_413_DownAndUPonly_ME')
data.setCell(62, 2, 'MC.TestSetF')
data.setCell(62, 3, 20160);
data.setCell(63, 0, 63)
data.setCell(63, 1, 'TC_402_Login_NegativeTest')
data.setCell(63, 2, 'afterLoginIn.TestSetA')
data.setCell(63, 3, 18838);
data.setCell(64, 0, 64)
data.setCell(64, 1, 'LoginAndLogout_MicrosoftEdge')
data.setCell(64, 2, 'facebook.testSetD')
data.setCell(64, 3, 15183);
data.setCell(65, 0, 65)
data.setCell(65, 1, 'TC_503_mouseOver')
data.setCell(65, 2, 'walmart.TestSetB')
data.setCell(65, 3, 14718);
data.setCell(66, 0, 66)
data.setCell(66, 1, 'TC_404_ToolTip')
data.setCell(66, 2, 'afterLoginIn.TestSetA')
data.setCell(66, 3, 14220);
data.setCell(67, 0, 67)
data.setCell(67, 1, 'TC_514')
data.setCell(67, 2, 'walmart.TestSetB')
data.setCell(67, 3, 13365);
data.setCell(68, 0, 68)
data.setCell(68, 1, 'TC_403_VerifyFieldsInLoginPage')
data.setCell(68, 2, 'afterLoginIn.TestSetA')
data.setCell(68, 3, 11675);
data.setCell(69, 0, 69)
data.setCell(69, 1, 'TC_506_StoreFinder_InternetExplorerBrowser')
data.setCell(69, 2, 'walmart.TestSetB')
data.setCell(69, 3, 2958);
data.setCell(70, 0, 70)
data.setCell(70, 1, 'LoginAndLogout_IE')
data.setCell(70, 2, 'facebook.testSetD')
data.setCell(70, 3, 1396);
data.setCell(71, 0, 71)
data.setCell(71, 1, 'TC_513_WeeklyAdd_InternetExplorer')
data.setCell(71, 2, 'walmart.TestSetB')
data.setCell(71, 3, 1162);
data.setCell(72, 0, 72)
data.setCell(72, 1, 'doThisBeforeAllTestsExecution')
data.setCell(72, 2, 'ApplyFirst')
data.setCell(72, 3, 246);
data.setCell(73, 0, 73)
data.setCell(73, 1, 'F3')
data.setCell(73, 2, 'Group')
data.setCell(73, 3, 3);
data.setCell(74, 0, 74)
data.setCell(74, 1, 'A')
data.setCell(74, 2, 'Priotization')
data.setCell(74, 3, 2);
data.setCell(75, 0, 75)
data.setCell(75, 1, 'G')
data.setCell(75, 2, 'Priotization')
data.setCell(75, 3, 2);
data.setCell(76, 0, 76)
data.setCell(76, 1, 'test2')
data.setCell(76, 2, 'SecondClasssWith2Methods')
data.setCell(76, 3, 2);
data.setCell(77, 0, 77)
data.setCell(77, 1, 'F5')
data.setCell(77, 2, 'Group')
data.setCell(77, 3, 2);
data.setCell(78, 0, 78)
data.setCell(78, 1, 'F4')
data.setCell(78, 2, 'Group')
data.setCell(78, 3, 2);
data.setCell(79, 0, 79)
data.setCell(79, 1, 'F6')
data.setCell(79, 2, 'Group')
data.setCell(79, 3, 1);
data.setCell(80, 0, 80)
data.setCell(80, 1, 'F2')
data.setCell(80, 2, 'Group')
data.setCell(80, 3, 1);
data.setCell(81, 0, 81)
data.setCell(81, 1, 'test2')
data.setCell(81, 2, 'FirstClassWith2methods')
data.setCell(81, 3, 1);
data.setCell(82, 0, 82)
data.setCell(82, 1, 'E')
data.setCell(82, 2, 'Priotization')
data.setCell(82, 3, 1);
data.setCell(83, 0, 83)
data.setCell(83, 1, 'F1')
data.setCell(83, 2, 'Group')
data.setCell(83, 3, 1);
data.setCell(84, 0, 84)
data.setCell(84, 1, 'C')
data.setCell(84, 2, 'Priotization')
data.setCell(84, 3, 0);
data.setCell(85, 0, 85)
data.setCell(85, 1, 'D')
data.setCell(85, 2, 'Priotization')
data.setCell(85, 3, 0);
data.setCell(86, 0, 86)
data.setCell(86, 1, 'F')
data.setCell(86, 2, 'Priotization')
data.setCell(86, 3, 0);
window.suiteTableData['all']= { tableData: data, tableDiv: 'times-div-all'}
return data;
}
              </script>
              <span class="suite-total-time">Total running time: 1 hours</span>
              <div id="times-div-all">
              </div> <!-- times-div-all -->
            </div> <!-- times-div -->
          </div> <!-- main-panel-content rounded-window-bottom -->
        </div> <!-- panel -->
        <div panel-name="reporter-all" class="panel">
          <div class="main-panel-header rounded-window-top">
            <span class="header-content">Reporter output for all</span>
          </div> <!-- main-panel-header rounded-window-top -->
          <div class="main-panel-content rounded-window-bottom">
          </div> <!-- main-panel-content rounded-window-bottom -->
        </div> <!-- panel -->
        <div panel-name="ignored-methods-all" class="panel">
          <div class="main-panel-header rounded-window-top">
            <span class="header-content">2 ignored methods</span>
          </div> <!-- main-panel-header rounded-window-top -->
          <div class="main-panel-content rounded-window-bottom">
            <div class="ignored-class-div">
              <span class="ignored-class-name">Priotization</span>
              <div class="ignored-methods-div">
                <span class="ignored-method-name">B</span>
                <br/>
              </div> <!-- ignored-methods-div -->
            </div> <!-- ignored-class-div -->
            <div class="ignored-class-div">
              <span class="ignored-class-name">hsbc.TestSetC</span>
              <div class="ignored-methods-div">
                <span class="ignored-method-name">CountryListOnOnlineBanking3Browsers</span>
                <br/>
              </div> <!-- ignored-methods-div -->
            </div> <!-- ignored-class-div -->
          </div> <!-- main-panel-content rounded-window-bottom -->
        </div> <!-- panel -->
        <div panel-name="chronological-all" class="panel">
          <div class="main-panel-header rounded-window-top">
            <span class="header-content">Methods in chronological order</span>
          </div> <!-- main-panel-header rounded-window-top -->
          <div class="main-panel-content rounded-window-bottom">
            <div class="chronological-class">
              <div class="chronological-class-name">FirstClassWith2methods</div> <!-- chronological-class-name -->
              <div class="configuration-test before">
                <span class="method-name">doFirst</span>
                <span class="method-start">0 ms</span>
              </div> <!-- configuration-test before -->
            </div> <!-- chronological-class -->
            <div class="chronological-class">
              <div class="chronological-class-name">SecondClasssWith2Methods</div> <!-- chronological-class-name -->
              <div class="configuration-test before">
                <span class="method-name">doFirst</span>
                <span class="method-start">895 ms</span>
              </div> <!-- configuration-test before -->
            </div> <!-- chronological-class -->
            <div class="chronological-class">
              <div class="chronological-class-name">afterLoginIn.TestSetA</div> <!-- chronological-class-name -->
              <div class="configuration-test before">
                <span class="method-name">SetUpPreData</span>
                <span class="method-start">1401 ms</span>
              </div> <!-- configuration-test before -->
            </div> <!-- chronological-class -->
            <div class="chronological-class">
              <div class="chronological-class-name">walmart.TestSetB</div> <!-- chronological-class-name -->
              <div class="configuration-test before">
                <span class="method-name">SetUpPreData</span>
                <span class="method-start">1704 ms</span>
              </div> <!-- configuration-test before -->
            </div> <!-- chronological-class -->
            <div class="chronological-class">
              <div class="chronological-class-name">hsbc.TestSetC</div> <!-- chronological-class-name -->
              <div class="configuration-test before">
                <span class="method-name">SetUpPreData</span>
                <span class="method-start">1905 ms</span>
              </div> <!-- configuration-test before -->
            </div> <!-- chronological-class -->
            <div class="chronological-class">
              <div class="chronological-class-name">groupon.TestSet_E</div> <!-- chronological-class-name -->
              <div class="configuration-test before">
                <span class="method-name">SetUpPreData</span>
                <span class="method-start">2158 ms</span>
              </div> <!-- configuration-test before -->
            </div> <!-- chronological-class -->
            <div class="chronological-class">
              <div class="chronological-class-name">facebook.testSetD</div> <!-- chronological-class-name -->
              <div class="configuration-test before">
                <span class="method-name">SetUpPreData</span>
                <span class="method-start">2360 ms</span>
              </div> <!-- configuration-test before -->
            </div> <!-- chronological-class -->
            <div class="chronological-class">
              <div class="chronological-class-name">ApplyFirst</div> <!-- chronological-class-name -->
              <div class="test-method">
                <span class="method-name">doThisBeforeAllTestsExecution</span>
                <span class="method-start">2680 ms</span>
              </div> <!-- test-method -->
            </div> <!-- chronological-class -->
            <div class="chronological-class">
              <div class="chronological-class-name">Group</div> <!-- chronological-class-name -->
              <div class="test-method">
                <span class="method-name">F1</span>
                <span class="method-start">2933 ms</span>
              </div> <!-- test-method -->
              <div class="test-method">
                <span class="method-name">F2</span>
                <span class="method-start">2937 ms</span>
              </div> <!-- test-method -->
              <div class="test-method">
                <span class="method-name">F3</span>
                <span class="method-start">2940 ms</span>
              </div> <!-- test-method -->
              <div class="test-method">
                <span class="method-name">F4</span>
                <span class="method-start">2945 ms</span>
              </div> <!-- test-method -->
              <div class="test-method">
                <span class="method-name">F5</span>
                <span class="method-start">2948 ms</span>
              </div> <!-- test-method -->
              <div class="test-method">
                <span class="method-name">F6</span>
                <span class="method-start">2951 ms</span>
              </div> <!-- test-method -->
            </div> <!-- chronological-class -->
            <div class="chronological-class">
              <div class="chronological-class-name">Priotization</div> <!-- chronological-class-name -->
              <div class="test-method">
                <span class="method-name">A</span>
                <span class="method-start">2954 ms</span>
              </div> <!-- test-method -->
            </div> <!-- chronological-class -->
            <div class="chronological-class">
              <div class="chronological-class-name">FirstClassWith2methods</div> <!-- chronological-class-name -->
              <div class="configuration-method before">
                <span class="method-name">doBeforeEveryMethod</span>
                <span class="method-start">2959 ms</span>
              </div> <!-- configuration-method before -->
              <div class="test-method">
                <span class="method-name">UsersAreAbleToSearch</span>
                <span class="method-start">3412 ms</span>
              </div> <!-- test-method -->
              <div class="configuration-method before">
                <span class="method-name">doBeforeEveryMethod</span>
                <span class="method-start">88725 ms</span>
              </div> <!-- configuration-method before -->
              <div class="test-method">
                <span class="method-name">test2</span>
                <span class="method-start">89280 ms</span>
              </div> <!-- test-method -->
            </div> <!-- chronological-class -->
            <div class="chronological-class">
              <div class="chronological-class-name">SecondClasssWith2Methods</div> <!-- chronological-class-name -->
              <div class="configuration-method before">
                <span class="method-name">doBeforeEveryMethod</span>
                <span class="method-start">89284 ms</span>
              </div> <!-- configuration-method before -->
              <div class="test-method">
                <span class="method-name">UsersAreAbleToSearch</span>
                <span class="method-start">89691 ms</span>
              </div> <!-- test-method -->
              <div class="configuration-method before">
                <span class="method-name">doBeforeEveryMethod</span>
                <span class="method-start">158224 ms</span>
              </div> <!-- configuration-method before -->
              <div class="test-method">
                <span class="method-name">test2</span>
                <span class="method-start">158677 ms</span>
              </div> <!-- test-method -->
            </div> <!-- chronological-class -->
            <div class="chronological-class">
              <div class="chronological-class-name">afterLoginIn.TestSetA</div> <!-- chronological-class-name -->
              <div class="configuration-method before">
                <span class="method-name">SetUpPreDataMethod</span>
                <span class="method-start">158680 ms</span>
              </div> <!-- configuration-method before -->
              <div class="test-method">
                <img src="failed.png">
                </img>
                <span class="method-name">TC_401_Login_And_LogOut</span>
                <span class="method-start">158984 ms</span>
              </div> <!-- test-method -->
              <div class="configuration-method before">
                <span class="method-name">SetUpPreDataMethod</span>
                <span class="method-start">188379 ms</span>
              </div> <!-- configuration-method before -->
              <div class="test-method">
                <img src="failed.png">
                </img>
                <span class="method-name">TC_402_Login_NegativeTest</span>
                <span class="method-start">188682 ms</span>
              </div> <!-- test-method -->
              <div class="configuration-method before">
                <span class="method-name">SetUpPreDataMethod</span>
                <span class="method-start">207526 ms</span>
              </div> <!-- configuration-method before -->
              <div class="test-method">
                <span class="method-name">TC_403_VerifyFieldsInLoginPage</span>
                <span class="method-start">207737 ms</span>
              </div> <!-- test-method -->
              <div class="configuration-method before">
                <span class="method-name">SetUpPreDataMethod</span>
                <span class="method-start">219413 ms</span>
              </div> <!-- configuration-method before -->
              <div class="test-method">
                <span class="method-name">TC_404_ToolTip</span>
                <span class="method-start">219618 ms</span>
              </div> <!-- test-method -->
            </div> <!-- chronological-class -->
            <div class="chronological-class">
              <div class="chronological-class-name">walmart.TestSetB</div> <!-- chronological-class-name -->
              <div class="configuration-method before">
                <span class="method-name">SetUpPreDataMethod</span>
                <span class="method-start">233840 ms</span>
              </div> <!-- configuration-method before -->
              <div class="test-method">
                <span class="method-name">TC_501_UsersAreAbleToSearch</span>
                <span class="method-start">234701 ms</span>
              </div> <!-- test-method -->
              <div class="configuration-method before">
                <span class="method-name">SetUpPreDataMethod</span>
                <span class="method-start">378685 ms</span>
              </div> <!-- configuration-method before -->
              <div class="test-method">
                <img src="failed.png">
                </img>
                <span class="method-name">TC_502_SelectDropdownValue</span>
                <span class="method-start">379593 ms</span>
              </div> <!-- test-method -->
              <div class="configuration-method before">
                <span class="method-name">SetUpPreDataMethod</span>
                <span class="method-start">414232 ms</span>
              </div> <!-- configuration-method before -->
              <div class="test-method">
                <img src="failed.png">
                </img>
                <span class="method-name">TC_503_mouseOver</span>
                <span class="method-start">415039 ms</span>
              </div> <!-- test-method -->
              <div class="configuration-method before">
                <span class="method-name">SetUpPreDataMethod</span>
                <span class="method-start">429759 ms</span>
              </div> <!-- configuration-method before -->
              <div class="test-method">
                <span class="method-name">TC_504_Credit_Cards</span>
                <span class="method-start">430781 ms</span>
              </div> <!-- test-method -->
              <div class="configuration-method before">
                <span class="method-name">SetUpPreDataMethod</span>
                <span class="method-start">533762 ms</span>
              </div> <!-- configuration-method before -->
              <div class="test-method">
                <span class="method-name">TC_506_StoreFinder_FireFoxBrowser</span>
                <span class="method-start">534620 ms</span>
              </div> <!-- test-method -->
              <div class="configuration-method before">
                <span class="method-name">SetUpPreDataMethod</span>
                <span class="method-start">591876 ms</span>
              </div> <!-- configuration-method before -->
              <div class="test-method">
                <span class="method-name">TC_506_StoreFinder_GoogleChromeBrowser</span>
                <span class="method-start">592639 ms</span>
              </div> <!-- test-method -->
              <div class="configuration-method before">
                <span class="method-name">SetUpPreDataMethod</span>
                <span class="method-start">632904 ms</span>
              </div> <!-- configuration-method before -->
              <div class="test-method">
                <img src="failed.png">
                </img>
                <span class="method-name">TC_506_StoreFinder_InternetExplorerBrowser</span>
                <span class="method-start">633713 ms</span>
              </div> <!-- test-method -->
              <div class="configuration-method before">
                <span class="method-name">SetUpPreDataMethod</span>
                <span class="method-start">636672 ms</span>
              </div> <!-- configuration-method before -->
              <div class="test-method">
                <span class="method-name">TC_506_StoreFinder_MicrosoftEdgeBrowser</span>
                <span class="method-start">637582 ms</span>
              </div> <!-- test-method -->
              <div class="configuration-method before">
                <span class="method-name">SetUpPreDataMethod</span>
                <span class="method-start">676670 ms</span>
              </div> <!-- configuration-method before -->
              <div class="test-method">
                <span class="method-name">TC_510_WeeklyAdd_GoogleChrome</span>
                <span class="method-start">677679 ms</span>
              </div> <!-- test-method -->
              <div class="configuration-method before">
                <span class="method-name">SetUpPreDataMethod</span>
                <span class="method-start">739671 ms</span>
              </div> <!-- configuration-method before -->
              <div class="test-method">
                <span class="method-name">TC_511_WeeklyAdd_Firefox</span>
                <span class="method-start">740543 ms</span>
              </div> <!-- test-method -->
              <div class="configuration-method before">
                <span class="method-name">SetUpPreDataMethod</span>
                <span class="method-start">806457 ms</span>
              </div> <!-- configuration-method before -->
              <div class="test-method">
                <span class="method-name">TC_512_WeeklyAdd_MicorsoftEdge</span>
                <span class="method-start">807484 ms</span>
              </div> <!-- test-method -->
              <div class="configuration-method before">
                <span class="method-name">SetUpPreDataMethod</span>
                <span class="method-start">864323 ms</span>
              </div> <!-- configuration-method before -->
              <div class="test-method">
                <img src="failed.png">
                </img>
                <span class="method-name">TC_513_WeeklyAdd_InternetExplorer</span>
                <span class="method-start">865184 ms</span>
              </div> <!-- test-method -->
              <div class="configuration-method before">
                <span class="method-name">SetUpPreDataMethod</span>
                <span class="method-start">866348 ms</span>
              </div> <!-- configuration-method before -->
              <div class="test-method">
                <span class="method-name">TC_514</span>
                <span class="method-start">867154 ms</span>
              </div> <!-- test-method -->
              <div class="configuration-method before">
                <span class="method-name">SetUpPreDataMethod</span>
                <span class="method-start">880521 ms</span>
              </div> <!-- configuration-method before -->
              <div class="test-method">
                <img src="failed.png">
                </img>
                <span class="method-name">ValidLogin</span>
                <span class="method-start">881533 ms</span>
              </div> <!-- test-method -->
            </div> <!-- chronological-class -->
            <div class="chronological-class">
              <div class="chronological-class-name">hsbc.TestSetC</div> <!-- chronological-class-name -->
              <div class="configuration-method before">
                <span class="method-name">SetUpPreDataMethod</span>
                <span class="method-start">910011 ms</span>
              </div> <!-- configuration-method before -->
              <div class="test-method">
                <img src="failed.png">
                </img>
                <span class="method-name">CountryListOnOnlineBanking</span>
                <span class="method-start">910214 ms</span>
              </div> <!-- test-method -->
              <div class="configuration-method before">
                <span class="method-name">SetUpPreDataMethod</span>
                <span class="method-start">941109 ms</span>
              </div> <!-- configuration-method before -->
              <div class="test-method">
                <span class="method-name">displayMousOverDropdownList</span>
                <span class="method-start">941361 ms</span>
              </div> <!-- test-method -->
              <div class="configuration-method before">
                <span class="method-name">SetUpPreDataMethod</span>
                <span class="method-start">965375 ms</span>
              </div> <!-- configuration-method before -->
              <div class="test-method">
                <span class="method-name">scrollUpAndDown</span>
                <span class="method-start">965630 ms</span>
              </div> <!-- test-method -->
            </div> <!-- chronological-class -->
            <div class="chronological-class">
              <div class="chronological-class-name">facebook.testSetD</div> <!-- chronological-class-name -->
              <div class="configuration-method before">
                <span class="method-name">SetUpPreDataMethod</span>
                <span class="method-start">993779 ms</span>
              </div> <!-- configuration-method before -->
              <div class="test-method">
                <img src="failed.png">
                </img>
                <span class="method-name">LoginAndLogout_4Browses</span>
                <span class="method-start">994944 ms</span>
              </div> <!-- test-method -->
              <div class="configuration-method after">
                <span class="method-name">aftermethod</span>
                <span class="method-start">1023559 ms</span>
              </div> <!-- configuration-method after -->
              <div class="configuration-method before">
                <span class="method-name">SetUpPreDataMethod</span>
                <span class="method-start">1024215 ms</span>
              </div> <!-- configuration-method before -->
              <div class="test-method">
                <img src="failed.png">
                </img>
                <span class="method-name">LoginAndLogout_Chrome</span>
                <span class="method-start">1024968 ms</span>
              </div> <!-- test-method -->
              <div class="configuration-method after">
                <span class="method-name">aftermethod</span>
                <span class="method-start">1052120 ms</span>
              </div> <!-- configuration-method after -->
              <div class="configuration-method before">
                <span class="method-name">SetUpPreDataMethod</span>
                <span class="method-start">1052826 ms</span>
              </div> <!-- configuration-method before -->
              <div class="test-method">
                <img src="failed.png">
                </img>
                <span class="method-name">LoginAndLogout_Firefox</span>
                <span class="method-start">1053583 ms</span>
              </div> <!-- test-method -->
              <div class="configuration-method after">
                <span class="method-name">aftermethod</span>
                <span class="method-start">1089572 ms</span>
              </div> <!-- configuration-method after -->
              <div class="configuration-method before">
                <span class="method-name">SetUpPreDataMethod</span>
                <span class="method-start">1090179 ms</span>
              </div> <!-- configuration-method before -->
              <div class="test-method">
                <img src="failed.png">
                </img>
                <span class="method-name">LoginAndLogout_IE</span>
                <span class="method-start">1090835 ms</span>
              </div> <!-- test-method -->
              <div class="configuration-method after">
                <span class="method-name">aftermethod</span>
                <span class="method-start">1092233 ms</span>
              </div> <!-- configuration-method after -->
              <div class="configuration-method before">
                <span class="method-name">SetUpPreDataMethod</span>
                <span class="method-start">1093746 ms</span>
              </div> <!-- configuration-method before -->
              <div class="test-method">
                <img src="failed.png">
                </img>
                <span class="method-name">LoginAndLogout_MicrosoftEdge</span>
                <span class="method-start">1094409 ms</span>
              </div> <!-- test-method -->
              <div class="configuration-method after">
                <span class="method-name">aftermethod</span>
                <span class="method-start">1109594 ms</span>
              </div> <!-- configuration-method after -->
            </div> <!-- chronological-class -->
            <div class="chronological-class">
              <div class="chronological-class-name">groupon.TestSet_E</div> <!-- chronological-class-name -->
              <div class="configuration-method before">
                <span class="method-name">SetUpPreDataMethod</span>
                <span class="method-start">1110574 ms</span>
              </div> <!-- configuration-method before -->
              <div class="test-method">
                <span class="method-name">TC_402_LinkCount</span>
                <span class="method-start">1111330 ms</span>
              </div> <!-- test-method -->
              <div class="configuration-method before">
                <span class="method-name">SetUpPreDataMethod</span>
                <span class="method-start">1148192 ms</span>
              </div> <!-- configuration-method before -->
              <div class="test-method">
                <img src="failed.png">
                </img>
                <span class="method-name">TC_403_Highlignt</span>
                <span class="method-start">1148850 ms</span>
              </div> <!-- test-method -->
              <div class="configuration-method before">
                <span class="method-name">SetUpPreDataMethod</span>
                <span class="method-start">1177389 ms</span>
              </div> <!-- configuration-method before -->
              <div class="test-method">
                <img src="failed.png">
                </img>
                <span class="method-name">TC_404_HighlightElementsUnderCOUPON</span>
                <span class="method-start">1178593 ms</span>
              </div> <!-- test-method -->
              <div class="configuration-method before">
                <span class="method-name">SetUpPreDataMethod</span>
                <span class="method-start">1206999 ms</span>
              </div> <!-- configuration-method before -->
              <div class="test-method">
                <span class="method-name">TC_405_Searchability_SPA_11372</span>
                <span class="method-start">1207667 ms</span>
              </div> <!-- test-method -->
              <div class="configuration-method before">
                <span class="method-name">SetUpPreDataMethod</span>
                <span class="method-start">1286876 ms</span>
              </div> <!-- configuration-method before -->
              <div class="test-method">
                <span class="method-name">TC_406_Searchability_restaurants</span>
                <span class="method-start">1287733 ms</span>
              </div> <!-- test-method -->
              <div class="configuration-method before">
                <span class="method-name">SetUpPreDataMethod</span>
                <span class="method-start">1365491 ms</span>
              </div> <!-- configuration-method before -->
              <div class="test-method">
                <span class="method-name">TC_407_Searchability_Public_Library</span>
                <span class="method-start">1366198 ms</span>
              </div> <!-- test-method -->
              <div class="configuration-method before">
                <span class="method-name">SetUpPreDataMethod</span>
                <span class="method-start">1443764 ms</span>
              </div> <!-- configuration-method before -->
              <div class="test-method">
                <img src="failed.png">
                </img>
                <span class="method-name">TC_408_Searchability_Grocery</span>
                <span class="method-start">1444574 ms</span>
              </div> <!-- test-method -->
              <div class="configuration-method before">
                <span class="method-name">SetUpPreDataMethod</span>
                <span class="method-start">1478908 ms</span>
              </div> <!-- configuration-method before -->
              <div class="test-method">
                <img src="failed.png">
                </img>
                <span class="method-name">TC_409_Searchability_Fitness</span>
                <span class="method-start">1479612 ms</span>
              </div> <!-- test-method -->
              <div class="configuration-method before">
                <span class="method-name">SetUpPreDataMethod</span>
                <span class="method-start">1514176 ms</span>
              </div> <!-- configuration-method before -->
              <div class="test-method">
                <span class="method-name">TC_410_Searchability_yoga</span>
                <span class="method-start">1514992 ms</span>
              </div> <!-- test-method -->
              <div class="configuration-method before">
                <span class="method-name">SetUpPreDataMethod</span>
                <span class="method-start">1594219 ms</span>
              </div> <!-- configuration-method before -->
              <div class="test-method">
                <span class="method-name">TC_411_Searchability_spaMessage</span>
                <span class="method-start">1594977 ms</span>
              </div> <!-- test-method -->
              <div class="configuration-method before">
                <span class="method-name">SetUpPreDataMethod</span>
                <span class="method-start">1673246 ms</span>
              </div> <!-- configuration-method before -->
              <div class="test-method">
                <img src="failed.png">
                </img>
                <span class="method-name">TC_412_Searchability_DunkinDonuts</span>
                <span class="method-start">1674061 ms</span>
              </div> <!-- test-method -->
              <div class="configuration-method before">
                <span class="method-name">SetUpPreDataMethod</span>
                <span class="method-start">1709774 ms</span>
              </div> <!-- configuration-method before -->
              <div class="test-method">
                <span class="method-name">TC_413_Searchability_SeaFoodStores</span>
                <span class="method-start">1710536 ms</span>
              </div> <!-- test-method -->
              <div class="configuration-method before">
                <span class="method-name">SetUpPreDataMethod</span>
                <span class="method-start">1788855 ms</span>
              </div> <!-- configuration-method before -->
              <div class="test-method">
                <img src="failed.png">
                </img>
                <span class="method-name">TC_801_testOne</span>
                <span class="method-start">1789621 ms</span>
              </div> <!-- test-method -->
            </div> <!-- chronological-class -->
            <div class="chronological-class">
              <div class="chronological-class-name">amazon.TestSetAmazon</div> <!-- chronological-class-name -->
              <div class="configuration-method before">
                <span class="method-name">SetUpPreDataMethod</span>
                <span class="method-start">1824544 ms</span>
              </div> <!-- configuration-method before -->
              <div class="test-method">
                <span class="method-name">SearchOnLandingPage</span>
                <span class="method-start">1824850 ms</span>
              </div> <!-- test-method -->
              <div class="configuration-method before">
                <span class="method-name">SetUpPreDataMethod</span>
                <span class="method-start">1927385 ms</span>
              </div> <!-- configuration-method before -->
              <div class="test-method">
                <img src="failed.png">
                </img>
                <span class="method-name">TC_102</span>
                <span class="method-start">1927638 ms</span>
              </div> <!-- test-method -->
              <div class="configuration-method before">
                <span class="method-name">SetUpPreDataMethod</span>
                <span class="method-start">2359330 ms</span>
              </div> <!-- configuration-method before -->
              <div class="test-method">
                <img src="failed.png">
                </img>
                <span class="method-name">TestCase_103</span>
                <span class="method-start">2359745 ms</span>
              </div> <!-- test-method -->
              <div class="configuration-method before">
                <span class="method-name">SetUpPreDataMethod</span>
                <span class="method-start">2383008 ms</span>
              </div> <!-- configuration-method before -->
              <div class="test-method">
                <span class="method-name">TestCase_104</span>
                <span class="method-start">2383210 ms</span>
              </div> <!-- test-method -->
              <div class="configuration-method before">
                <span class="method-name">SetUpPreDataMethod</span>
                <span class="method-start">2438552 ms</span>
              </div> <!-- configuration-method before -->
              <div class="test-method">
                <span class="method-name">TestCase_105</span>
                <span class="method-start">2439006 ms</span>
              </div> <!-- test-method -->
              <div class="configuration-method before">
                <span class="method-name">SetUpPreDataMethod</span>
                <span class="method-start">2515759 ms</span>
              </div> <!-- configuration-method before -->
              <div class="test-method">
                <span class="method-name">TestCase_106_UpAndDown</span>
                <span class="method-start">2516722 ms</span>
              </div> <!-- test-method -->
            </div> <!-- chronological-class -->
            <div class="chronological-class">
              <div class="chronological-class-name">MC.TestSetF</div> <!-- chronological-class-name -->
              <div class="configuration-method before">
                <span class="method-name">SetUpPreDataMethod</span>
                <span class="method-start">2601153 ms</span>
              </div> <!-- configuration-method before -->
              <div class="test-method">
                <span class="method-name">CalculateMortgatePayment_HardCodedValues</span>
                <span class="method-start">2602951 ms</span>
              </div> <!-- test-method -->
              <div class="configuration-method before">
                <span class="method-name">SetUpPreDataMethod</span>
                <span class="method-start">2667617 ms</span>
              </div> <!-- configuration-method before -->
              <div class="test-method">
                <span class="method-name">TC_10_MC_ME_C</span>
                <span class="method-start">2668687 ms</span>
              </div> <!-- test-method -->
              <div class="configuration-method before">
                <span class="method-name">SetUpPreDataMethod</span>
                <span class="method-start">2709316 ms</span>
              </div> <!-- configuration-method before -->
              <div class="test-method">
                <span class="method-name">TC_402_MC_GC_A</span>
                <span class="method-start">2710476 ms</span>
              </div> <!-- test-method -->
              <div class="configuration-method before">
                <span class="method-name">SetUpPreDataMethod</span>
                <span class="method-start">2761247 ms</span>
              </div> <!-- configuration-method before -->
              <div class="test-method">
                <span class="method-name">TC_403_MC_GC_B</span>
                <span class="method-start">2762457 ms</span>
              </div> <!-- test-method -->
              <div class="configuration-method before">
                <span class="method-name">SetUpPreDataMethod</span>
                <span class="method-start">2815702 ms</span>
              </div> <!-- configuration-method before -->
              <div class="test-method">
                <span class="method-name">TC_404_MC_GC_C</span>
                <span class="method-start">2816715 ms</span>
              </div> <!-- test-method -->
              <div class="configuration-method before">
                <span class="method-name">SetUpPreDataMethod</span>
                <span class="method-start">2865590 ms</span>
              </div> <!-- configuration-method before -->
              <div class="test-method">
                <span class="method-name">TC_405_MC_FF_A</span>
                <span class="method-start">2866702 ms</span>
              </div> <!-- test-method -->
              <div class="configuration-method before">
                <span class="method-name">SetUpPreDataMethod</span>
                <span class="method-start">2928391 ms</span>
              </div> <!-- configuration-method before -->
              <div class="test-method">
                <span class="method-name">TC_406_MC_FF_B</span>
                <span class="method-start">2929455 ms</span>
              </div> <!-- test-method -->
              <div class="configuration-method before">
                <span class="method-name">SetUpPreDataMethod</span>
                <span class="method-start">2983419 ms</span>
              </div> <!-- configuration-method before -->
              <div class="test-method">
                <span class="method-name">TC_407_MC_FF_C</span>
                <span class="method-start">2984782 ms</span>
              </div> <!-- test-method -->
              <div class="configuration-method before">
                <span class="method-name">SetUpPreDataMethod</span>
                <span class="method-start">3038187 ms</span>
              </div> <!-- configuration-method before -->
              <div class="test-method">
                <span class="method-name">TC_408_MC_ME_A</span>
                <span class="method-start">3039303 ms</span>
              </div> <!-- test-method -->
              <div class="configuration-method before">
                <span class="method-name">SetUpPreDataMethod</span>
                <span class="method-start">3079514 ms</span>
              </div> <!-- configuration-method before -->
              <div class="test-method">
                <span class="method-name">TC_409_MC_ME_B</span>
                <span class="method-start">3080572 ms</span>
              </div> <!-- test-method -->
              <div class="configuration-method before">
                <span class="method-name">SetUpPreDataMethod</span>
                <span class="method-start">3119832 ms</span>
              </div> <!-- configuration-method before -->
              <div class="test-method">
                <span class="method-name">TC_411_DownAndUPonly_CHROME</span>
                <span class="method-start">3122660 ms</span>
              </div> <!-- test-method -->
              <div class="configuration-method before">
                <span class="method-name">SetUpPreDataMethod</span>
                <span class="method-start">3189186 ms</span>
              </div> <!-- configuration-method before -->
              <div class="test-method">
                <span class="method-name">TC_412_DownAndUPonly_FF</span>
                <span class="method-start">3190247 ms</span>
              </div> <!-- test-method -->
              <div class="configuration-method before">
                <span class="method-name">SetUpPreDataMethod</span>
                <span class="method-start">3256727 ms</span>
              </div> <!-- configuration-method before -->
              <div class="test-method">
                <img src="failed.png">
                </img>
                <span class="method-name">TC_413_DownAndUPonly_ME</span>
                <span class="method-start">3257752 ms</span>
              </div> <!-- test-method -->
            </div> <!-- chronological-class -->
            <div class="chronological-class">
              <div class="chronological-class-name">automationPractive.TestSetG</div> <!-- chronological-class-name -->
              <div class="configuration-method before">
                <span class="method-name">SetUpPreDataMethod</span>
                <span class="method-start">3277914 ms</span>
              </div> <!-- configuration-method before -->
              <div class="test-method">
                <span class="method-name">test_701_display_WebTableCellValues</span>
                <span class="method-start">3278773 ms</span>
              </div> <!-- test-method -->
            </div> <!-- chronological-class -->
            <div class="chronological-class">
              <div class="chronological-class-name">levis.TestSetH</div> <!-- chronological-class-name -->
              <div class="configuration-method before">
                <span class="method-name">SetUpPreDataMethod</span>
                <span class="method-start">3303793 ms</span>
              </div> <!-- configuration-method before -->
              <div class="test-method">
                <span class="method-name">TC101_MouseOver_OnMajorElements</span>
                <span class="method-start">3304498 ms</span>
              </div> <!-- test-method -->
              <div class="configuration-method before">
                <span class="method-name">SetUpPreDataMethod</span>
                <span class="method-start">3356527 ms</span>
              </div> <!-- configuration-method before -->
              <div class="test-method">
                <span class="method-name">TC_102_scrollUpAndDown</span>
                <span class="method-start">3357244 ms</span>
              </div> <!-- test-method -->
              <div class="configuration-method before">
                <span class="method-name">SetUpPreDataMethod</span>
                <span class="method-start">3430821 ms</span>
              </div> <!-- configuration-method before -->
              <div class="test-method">
                <img src="failed.png">
                </img>
                <span class="method-name">TC_103_womens_dress</span>
                <span class="method-start">3431584 ms</span>
              </div> <!-- test-method -->
              <div class="configuration-method before">
                <span class="method-name">SetUpPreDataMethod</span>
                <span class="method-start">3472195 ms</span>
              </div> <!-- configuration-method before -->
              <div class="test-method">
                <img src="failed.png">
                </img>
                <span class="method-name">TC_104_FindStoresMap</span>
                <span class="method-start">3472860 ms</span>
              </div> <!-- test-method -->
              <div class="configuration-method before">
                <span class="method-name">SetUpPreDataMethod</span>
                <span class="method-start">3511234 ms</span>
              </div> <!-- configuration-method before -->
              <div class="test-method">
                <span class="method-name">TC_105_HighlightAllLinks</span>
                <span class="method-start">3511951 ms</span>
              </div> <!-- test-method -->
            </div> <!-- chronological-class -->
            <div class="chronological-class">
              <div class="chronological-class-name">bbb.TestSetI</div> <!-- chronological-class-name -->
              <div class="configuration-method before">
                <span class="method-name">SetUpPreDataMethod</span>
                <span class="method-start">3569910 ms</span>
              </div> <!-- configuration-method before -->
              <div class="test-method">
                <img src="failed.png">
                </img>
                <span class="method-name">TC_901</span>
                <span class="method-start">3570669 ms</span>
              </div> <!-- test-method -->
              <div class="configuration-method before">
                <span class="method-name">SetUpPreDataMethod</span>
                <span class="method-start">3620326 ms</span>
              </div> <!-- configuration-method before -->
              <div class="test-method">
                <span class="method-name">TC_902</span>
                <span class="method-start">3621544 ms</span>
              </div> <!-- test-method -->
              <div class="configuration-method before">
                <span class="method-name">SetUpPreDataMethod</span>
                <span class="method-start">3691477 ms</span>
              </div> <!-- configuration-method before -->
              <div class="test-method">
                <span class="method-name">TC_903_MouseOver</span>
                <span class="method-start">3692236 ms</span>
              </div> <!-- test-method -->
              <div class="configuration-method before">
                <span class="method-name">SetUpPreDataMethod</span>
                <span class="method-start">3742542 ms</span>
              </div> <!-- configuration-method before -->
              <div class="test-method">
                <span class="method-name">TC_904</span>
                <span class="method-start">3743297 ms</span>
              </div> <!-- test-method -->
              <div class="configuration-method before">
                <span class="method-name">SetUpPreDataMethod</span>
                <span class="method-start">3792968 ms</span>
              </div> <!-- configuration-method before -->
              <div class="test-method">
                <span class="method-name">TC_905</span>
                <span class="method-start">3794434 ms</span>
              </div> <!-- test-method -->
              <div class="configuration-method before">
                <span class="method-name">SetUpPreDataMethod</span>
                <span class="method-start">3854573 ms</span>
              </div> <!-- configuration-method before -->
              <div class="test-method">
                <span class="method-name">TC_906_RegistrationFormFillUp</span>
                <span class="method-start">3855432 ms</span>
              </div> <!-- test-method -->
            </div> <!-- chronological-class -->
            <div class="chronological-class">
              <div class="chronological-class-name">Priotization</div> <!-- chronological-class-name -->
              <div class="test-method">
                <span class="method-name">F</span>
                <span class="method-start">3890228 ms</span>
              </div> <!-- test-method -->
              <div class="test-method">
                <span class="method-name">D</span>
                <span class="method-start">3890231 ms</span>
              </div> <!-- test-method -->
              <div class="test-method">
                <span class="method-name">E</span>
                <span class="method-start">3890233 ms</span>
              </div> <!-- test-method -->
              <div class="test-method">
                <span class="method-name">C</span>
                <span class="method-start">3890235 ms</span>
              </div> <!-- test-method -->
              <div class="test-method">
                <span class="method-name">G</span>
                <span class="method-start">3890237 ms</span>
              </div> <!-- test-method -->
            </div> <!-- chronological-class -->
            <div class="chronological-class">
              <div class="chronological-class-name">FirstClassWith2methods</div> <!-- chronological-class-name -->
              <div class="configuration-test after">
                <span class="method-name">doLast</span>
                <span class="method-start">3890240 ms</span>
              </div> <!-- configuration-test after -->
            </div> <!-- chronological-class -->
            <div class="chronological-class">
              <div class="chronological-class-name">SecondClasssWith2Methods</div> <!-- chronological-class-name -->
              <div class="configuration-test after">
                <span class="method-name">doLast</span>
                <span class="method-start">3890240 ms</span>
              </div> <!-- configuration-test after -->
          </div> <!-- main-panel-content rounded-window-bottom -->
        </div> <!-- panel -->
      </div> <!-- main-panel-root -->
    </div> <!-- wrapper -->
  </body>
</html>
