<?xml version="1.0" encoding="UTF-8"?>
<testng-results skipped="0" failed="0" ignored="4" total="5" passed="1">
  <reporter-output>
  </reporter-output>
  <suite name="Default suite" duration-ms="72254" started-at="2018-07-24T05:03:12Z" finished-at="2018-07-24T05:04:24Z">
    <groups>
    </groups>
    <test name="Default test" duration-ms="72254" started-at="2018-07-24T05:03:12Z" finished-at="2018-07-24T05:04:24Z">
      <class name="Nasdaq.TestSet_Nasdaq">
        <test-method status="PASS" signature="SetUpPreDataMethod()[pri:0, instance:Nasdaq.TestSet_Nasdaq@7cd62f43]" name="SetUpPreDataMethod" is-config="true" duration-ms="1914" started-at="2018-07-24T01:03:12Z" finished-at="2018-07-24T01:03:14Z">
          <reporter-output>
          </reporter-output>
        </test-method> <!-- SetUpPreDataMethod -->
        <test-method status="PASS" signature="TC_105_TBD()[pri:0, instance:Nasdaq.TestSet_Nasdaq@7cd62f43]" name="TC_105_TBD" duration-ms="70291" started-at="2018-07-24T01:03:14Z" finished-at="2018-07-24T01:04:24Z">
          <reporter-output>
          </reporter-output>
        </test-method> <!-- TC_105_TBD -->
      </class> <!-- Nasdaq.TestSet_Nasdaq -->
    </test> <!-- Default test -->
  </suite> <!-- Default suite -->
</testng-results>
