<?xml version="1.0" encoding="UTF-8"?>
<testng-results skipped="0" failed="0" ignored="1" total="2" passed="1">
  <reporter-output>
  </reporter-output>
  <suite name="Default suite" duration-ms="39354" started-at="2017-10-18T22:27:03Z" finished-at="2017-10-18T22:27:42Z">
    <groups>
    </groups>
    <test name="Default test" duration-ms="39354" started-at="2017-10-18T22:27:03Z" finished-at="2017-10-18T22:27:42Z">
      <class name="groupon.TestSet_E">
        <test-method status="PASS" signature="SetUpPreData()[pri:0, instance:groupon.TestSet_E@5b275dab]" name="SetUpPreData" is-config="true" duration-ms="327" started-at="2017-10-18T18:27:03Z" finished-at="2017-10-18T18:27:03Z">
          <reporter-output>
          </reporter-output>
        </test-method> <!-- SetUpPreData -->
        <test-method status="PASS" signature="SetUpPreDataMethod()[pri:0, instance:groupon.TestSet_E@5b275dab]" name="SetUpPreDataMethod" is-config="true" duration-ms="1009" started-at="2017-10-18T18:27:03Z" finished-at="2017-10-18T18:27:04Z">
          <reporter-output>
          </reporter-output>
        </test-method> <!-- SetUpPreDataMethod -->
        <test-method status="PASS" signature="TC_402_LinkCount()[pri:0, instance:groupon.TestSet_E@5b275dab]" name="TC_402_LinkCount" duration-ms="37992" started-at="2017-10-18T18:27:04Z" finished-at="2017-10-18T18:27:42Z">
          <reporter-output>
          </reporter-output>
        </test-method> <!-- TC_402_LinkCount -->
      </class> <!-- groupon.TestSet_E -->
    </test> <!-- Default test -->
  </suite> <!-- Default suite -->
</testng-results>
