<?xml version="1.0" encoding="UTF-8"?>
<testng-results skipped="0" failed="0" ignored="0" total="1" passed="1">
  <reporter-output>
  </reporter-output>
  <suite name="Default suite" duration-ms="20659" started-at="2018-04-02T22:00:46Z" finished-at="2018-04-02T22:01:07Z">
    <groups>
    </groups>
    <test name="Default test" duration-ms="20659" started-at="2018-04-02T22:00:46Z" finished-at="2018-04-02T22:01:07Z">
      <class name="experiment.ImranExperiment">
        <test-method status="PASS" signature="SetUpPreDataMethod()[pri:0, instance:experiment.ImranExperiment@3ffc5af1]" name="SetUpPreDataMethod" is-config="true" duration-ms="815" started-at="2018-04-02T18:00:46Z" finished-at="2018-04-02T18:00:47Z">
          <reporter-output>
          </reporter-output>
        </test-method> <!-- SetUpPreDataMethod -->
        <test-method status="PASS" signature="te()[pri:0, instance:experiment.ImranExperiment@3ffc5af1]" name="te" duration-ms="19796" started-at="2018-04-02T18:00:47Z" finished-at="2018-04-02T18:01:07Z">
          <reporter-output>
          </reporter-output>
        </test-method> <!-- te -->
      </class> <!-- experiment.ImranExperiment -->
    </test> <!-- Default test -->
  </suite> <!-- Default suite -->
</testng-results>
