<?xml version="1.0" encoding="UTF-8"?>
<testng-results skipped="0" failed="0" ignored="0" total="2" passed="2">
  <reporter-output>
  </reporter-output>
  <suite name="Default suite" duration-ms="56441" started-at="2017-09-27T02:10:51Z" finished-at="2017-09-27T02:11:48Z">
    <groups>
    </groups>
    <test name="Default test" duration-ms="56441" started-at="2017-09-27T02:10:51Z" finished-at="2017-09-27T02:11:48Z">
      <class name="PlayWithTestNG">
        <test-method status="PASS" signature="doFirst()[pri:0, instance:PlayWithTestNG@6f7fd0e6]" name="doFirst" is-config="true" duration-ms="469" started-at="2017-09-26T22:10:51Z" finished-at="2017-09-26T22:10:52Z">
          <reporter-output>
          </reporter-output>
        </test-method> <!-- doFirst -->
        <test-method status="PASS" signature="UsersAreAbleToSearch()[pri:0, instance:PlayWithTestNG@6f7fd0e6]" name="UsersAreAbleToSearch" duration-ms="55944" started-at="2017-09-26T22:10:52Z" finished-at="2017-09-26T22:11:48Z">
          <reporter-output>
          </reporter-output>
        </test-method> <!-- UsersAreAbleToSearch -->
        <test-method status="PASS" signature="test2()[pri:0, instance:PlayWithTestNG@6f7fd0e6]" name="test2" duration-ms="2" started-at="2017-09-26T22:11:48Z" finished-at="2017-09-26T22:11:48Z">
          <reporter-output>
          </reporter-output>
        </test-method> <!-- test2 -->
        <test-method status="PASS" signature="doLast()[pri:0, instance:PlayWithTestNG@6f7fd0e6]" name="doLast" is-config="true" duration-ms="1" started-at="2017-09-26T22:11:48Z" finished-at="2017-09-26T22:11:48Z">
          <reporter-output>
          </reporter-output>
        </test-method> <!-- doLast -->
      </class> <!-- PlayWithTestNG -->
    </test> <!-- Default test -->
  </suite> <!-- Default suite -->
</testng-results>
