<?xml version="1.0" encoding="UTF-8"?>
<testng-results skipped="0" failed="18" ignored="2" total="60" passed="40">
  <reporter-output>
  </reporter-output>
  <suite name="all" duration-ms="3381008" started-at="2017-11-20T02:02:26Z" finished-at="2017-11-20T02:58:47Z">
    <groups>
      <group name="A">
        <method signature="Group.F1()[pri:0, instance:Group@91161c7]" name="F1" class="Group"/>
        <method signature="Group.F3()[pri:0, instance:Group@91161c7]" name="F3" class="Group"/>
        <method signature="Group.F6()[pri:0, instance:Group@91161c7]" name="F6" class="Group"/>
      </group> <!-- A -->
      <group name="B">
        <method signature="Group.F2()[pri:0, instance:Group@91161c7]" name="F2" class="Group"/>
        <method signature="Group.F5()[pri:0, instance:Group@91161c7]" name="F5" class="Group"/>
      </group> <!-- B -->
      <group name="C">
        <method signature="Group.F4()[pri:0, instance:Group@91161c7]" name="F4" class="Group"/>
      </group> <!-- C -->
    </groups>
    <test name="all" duration-ms="3381008" started-at="2017-11-20T02:02:26Z" finished-at="2017-11-20T02:58:47Z">
      <class name="Group">
        <test-method status="PASS" signature="F1()[pri:0, instance:Group@91161c7]" name="F1" duration-ms="6" started-at="2017-11-19T21:02:29Z" finished-at="2017-11-19T21:02:29Z">
          <reporter-output>
          </reporter-output>
        </test-method> <!-- F1 -->
        <test-method status="PASS" signature="F2()[pri:0, instance:Group@91161c7]" name="F2" duration-ms="1" started-at="2017-11-19T21:02:29Z" finished-at="2017-11-19T21:02:29Z">
          <reporter-output>
          </reporter-output>
        </test-method> <!-- F2 -->
        <test-method status="PASS" signature="F3()[pri:0, instance:Group@91161c7]" name="F3" duration-ms="3" started-at="2017-11-19T21:02:29Z" finished-at="2017-11-19T21:02:29Z">
          <reporter-output>
          </reporter-output>
        </test-method> <!-- F3 -->
        <test-method status="PASS" signature="F4()[pri:0, instance:Group@91161c7]" name="F4" duration-ms="2" started-at="2017-11-19T21:02:29Z" finished-at="2017-11-19T21:02:29Z">
          <reporter-output>
          </reporter-output>
        </test-method> <!-- F4 -->
        <test-method status="PASS" signature="F5()[pri:0, instance:Group@91161c7]" name="F5" duration-ms="1" started-at="2017-11-19T21:02:29Z" finished-at="2017-11-19T21:02:29Z">
          <reporter-output>
          </reporter-output>
        </test-method> <!-- F5 -->
        <test-method status="PASS" signature="F6()[pri:0, instance:Group@91161c7]" name="F6" duration-ms="1" started-at="2017-11-19T21:02:29Z" finished-at="2017-11-19T21:02:29Z">
          <reporter-output>
          </reporter-output>
        </test-method> <!-- F6 -->
      </class> <!-- Group -->
      <class name="Priotization">
        <test-method status="PASS" signature="A()[pri:0, instance:Priotization@604ed9f0]" name="A" duration-ms="1" started-at="2017-11-19T21:02:29Z" finished-at="2017-11-19T21:02:29Z">
          <reporter-output>
          </reporter-output>
        </test-method> <!-- A -->
        <test-method status="PASS" signature="F()[pri:1, instance:Priotization@604ed9f0]" name="F" duration-ms="0" started-at="2017-11-19T21:58:47Z" finished-at="2017-11-19T21:58:47Z">
          <reporter-output>
          </reporter-output>
        </test-method> <!-- F -->
        <test-method status="PASS" signature="D()[pri:2, instance:Priotization@604ed9f0]" name="D" duration-ms="1" started-at="2017-11-19T21:58:47Z" finished-at="2017-11-19T21:58:47Z">
          <reporter-output>
          </reporter-output>
        </test-method> <!-- D -->
        <test-method status="PASS" signature="E()[pri:3, instance:Priotization@604ed9f0]" name="E" duration-ms="1" started-at="2017-11-19T21:58:47Z" finished-at="2017-11-19T21:58:47Z">
          <reporter-output>
          </reporter-output>
        </test-method> <!-- E -->
        <test-method status="PASS" signature="C()[pri:5, instance:Priotization@604ed9f0]" name="C" duration-ms="0" started-at="2017-11-19T21:58:47Z" finished-at="2017-11-19T21:58:47Z">
          <reporter-output>
          </reporter-output>
        </test-method> <!-- C -->
        <test-method status="PASS" signature="G()[pri:6, instance:Priotization@604ed9f0]" name="G" duration-ms="0" started-at="2017-11-19T21:58:47Z" finished-at="2017-11-19T21:58:47Z">
          <reporter-output>
          </reporter-output>
        </test-method> <!-- G -->
      </class> <!-- Priotization -->
      <class name="hsbc.TestSetC">
        <test-method status="PASS" signature="SetUpPreDataMethod()[pri:0, instance:hsbc.TestSetC@1bce4f0a]" name="SetUpPreDataMethod" is-config="true" duration-ms="201" started-at="2017-11-19T21:26:00Z" finished-at="2017-11-19T21:26:00Z">
          <reporter-output>
          </reporter-output>
        </test-method> <!-- SetUpPreDataMethod -->
        <test-method status="FAIL" signature="CountryListOnOnlineBanking()[pri:0, instance:hsbc.TestSetC@1bce4f0a]" name="CountryListOnOnlineBanking" duration-ms="43736" started-at="2017-11-19T21:26:00Z" finished-at="2017-11-19T21:26:44Z">
          <exception class="org.junit.ComparisonFailure">
            <message>
              <![CDATA[expected:<...el
I understand, let[â€™]s proceed
Note: HSBC...> but was:<...el
I understand, let[’]s proceed
Note: HSBC...>]]>
            </message>
            <full-stacktrace>
              <![CDATA[org.junit.ComparisonFailure: expected:<...el
I understand, let[â€™]s proceed
Note: HSBC...> but was:<...el
I understand, let[’]s proceed
Note: HSBC...>
	at org.junit.Assert.assertEquals(Assert.java:115)
	at org.junit.Assert.assertEquals(Assert.java:144)
	at hsbc.TestSetC.CountryListOnOnlineBanking(TestSetC.java:83)
	at sun.reflect.NativeMethodAccessorImpl.invoke0(Native Method)
	at sun.reflect.NativeMethodAccessorImpl.invoke(Unknown Source)
	at sun.reflect.DelegatingMethodAccessorImpl.invoke(Unknown Source)
	at java.lang.reflect.Method.invoke(Unknown Source)
	at org.testng.internal.MethodInvocationHelper.invokeMethod(MethodInvocationHelper.java:108)
	at org.testng.internal.Invoker.invokeMethod(Invoker.java:661)
	at org.testng.internal.Invoker.invokeTestMethod(Invoker.java:869)
	at org.testng.internal.Invoker.invokeTestMethods(Invoker.java:1193)
	at org.testng.internal.TestMethodWorker.invokeTestMethods(TestMethodWorker.java:126)
	at org.testng.internal.TestMethodWorker.run(TestMethodWorker.java:109)
	at org.testng.TestRunner.privateRun(TestRunner.java:744)
	at org.testng.TestRunner.run(TestRunner.java:602)
	at org.testng.SuiteRunner.runTest(SuiteRunner.java:380)
	at org.testng.SuiteRunner.runSequentially(SuiteRunner.java:375)
	at org.testng.SuiteRunner.privateRun(SuiteRunner.java:340)
	at org.testng.SuiteRunner.run(SuiteRunner.java:289)
	at org.testng.SuiteRunnerWorker.runSuite(SuiteRunnerWorker.java:52)
	at org.testng.SuiteRunnerWorker.run(SuiteRunnerWorker.java:86)
	at org.testng.TestNG.runSuitesSequentially(TestNG.java:1301)
	at org.testng.TestNG.runSuitesLocally(TestNG.java:1226)
	at org.testng.TestNG.runSuites(TestNG.java:1144)
	at org.testng.TestNG.run(TestNG.java:1115)
	at org.testng.remote.AbstractRemoteTestNG.run(AbstractRemoteTestNG.java:126)
	at org.testng.remote.RemoteTestNG.initAndRun(RemoteTestNG.java:137)
	at org.testng.remote.RemoteTestNG.main(RemoteTestNG.java:58)
]]>
            </full-stacktrace>
          </exception> <!-- org.junit.ComparisonFailure -->
          <reporter-output>
          </reporter-output>
        </test-method> <!-- CountryListOnOnlineBanking -->
        <test-method status="PASS" signature="SetUpPreDataMethod()[pri:0, instance:hsbc.TestSetC@1bce4f0a]" name="SetUpPreDataMethod" is-config="true" duration-ms="203" started-at="2017-11-19T21:26:44Z" finished-at="2017-11-19T21:26:44Z">
          <reporter-output>
          </reporter-output>
        </test-method> <!-- SetUpPreDataMethod -->
        <test-method status="PASS" signature="displayMousOverDropdownList()[pri:0, instance:hsbc.TestSetC@1bce4f0a]" name="displayMousOverDropdownList" duration-ms="45183" started-at="2017-11-19T21:26:44Z" finished-at="2017-11-19T21:27:29Z">
          <reporter-output>
          </reporter-output>
        </test-method> <!-- displayMousOverDropdownList -->
        <test-method status="PASS" signature="SetUpPreDataMethod()[pri:0, instance:hsbc.TestSetC@1bce4f0a]" name="SetUpPreDataMethod" is-config="true" duration-ms="201" started-at="2017-11-19T21:27:29Z" finished-at="2017-11-19T21:27:30Z">
          <reporter-output>
          </reporter-output>
        </test-method> <!-- SetUpPreDataMethod -->
        <test-method status="PASS" signature="scrollUpAndDown()[pri:0, instance:hsbc.TestSetC@1bce4f0a]" name="scrollUpAndDown" duration-ms="48500" started-at="2017-11-19T21:27:30Z" finished-at="2017-11-19T21:28:18Z">
          <reporter-output>
          </reporter-output>
        </test-method> <!-- scrollUpAndDown -->
      </class> <!-- hsbc.TestSetC -->
      <class name="afterLoginIn.TestSetA">
        <test-method status="PASS" signature="SetUpPreDataMethod()[pri:0, instance:afterLoginIn.TestSetA@42d80b78]" name="SetUpPreDataMethod" is-config="true" duration-ms="202" started-at="2017-11-19T21:06:06Z" finished-at="2017-11-19T21:06:06Z">
          <reporter-output>
          </reporter-output>
        </test-method> <!-- SetUpPreDataMethod -->
        <test-method status="FAIL" signature="TC_401_Login_And_LogOut()[pri:0, instance:afterLoginIn.TestSetA@42d80b78]" name="TC_401_Login_And_LogOut" duration-ms="32175" started-at="2017-11-19T21:06:06Z" finished-at="2017-11-19T21:06:38Z">
          <exception class="org.openqa.selenium.NoSuchElementException">
            <message>
              <![CDATA[no such element: Unable to locate element: {"method":"id","selector":"ap_password"}
  (Session info: chrome=62.0.3202.94)
  (Driver info: chromedriver=2.32.498550 (9dec58e66c31bcc53a9ce3c7226f0c1c5810906a),platform=Windows NT 10.0.15063 x86_64) (WARNING: The server did not provide any stacktrace information)
Command duration or timeout: 0 milliseconds
For documentation on this error, please visit: http://seleniumhq.org/exceptions/no_such_element.html
Build info: version: '3.6.0', revision: '6fbf3ec767', time: '2017-09-27T16:15:40.131Z'
System info: host: 'DESKTOP-75OLIUH', ip: '192.168.112.1', os.name: 'Windows 10', os.arch: 'amd64', os.version: '10.0', java.version: '1.8.0_144'
Driver info: org.openqa.selenium.chrome.ChromeDriver
Capabilities [{mobileEmulationEnabled=false, hasTouchScreen=false, platform=XP, acceptSslCerts=true, webStorageEnabled=true, browserName=chrome, takesScreenshot=true, javascriptEnabled=true, platformName=XP, setWindowRect=true, unexpectedAlertBehaviour=, applicationCacheEnabled=false, rotatable=false, networkConnectionEnabled=false, chrome={chromedriverVersion=2.32.498550 (9dec58e66c31bcc53a9ce3c7226f0c1c5810906a), userDataDir=C:\Users\imran\AppData\Local\Temp\scoped_dir15840_31632}, takesHeapSnapshot=true, pageLoadStrategy=normal, unhandledPromptBehavior=, databaseEnabled=false, handlesAlerts=true, version=62.0.3202.94, browserConnectionEnabled=false, nativeEvents=true, locationContextEnabled=true, cssSelectorsEnabled=true}]
Session ID: 11c1a4608a06240b1ac919dcba84dddb
*** Element info: {Using=id, value=ap_password}]]>
            </message>
            <full-stacktrace>
              <![CDATA[org.openqa.selenium.NoSuchElementException: no such element: Unable to locate element: {"method":"id","selector":"ap_password"}
  (Session info: chrome=62.0.3202.94)
  (Driver info: chromedriver=2.32.498550 (9dec58e66c31bcc53a9ce3c7226f0c1c5810906a),platform=Windows NT 10.0.15063 x86_64) (WARNING: The server did not provide any stacktrace information)
Command duration or timeout: 0 milliseconds
For documentation on this error, please visit: http://seleniumhq.org/exceptions/no_such_element.html
Build info: version: '3.6.0', revision: '6fbf3ec767', time: '2017-09-27T16:15:40.131Z'
System info: host: 'DESKTOP-75OLIUH', ip: '192.168.112.1', os.name: 'Windows 10', os.arch: 'amd64', os.version: '10.0', java.version: '1.8.0_144'
Driver info: org.openqa.selenium.chrome.ChromeDriver
Capabilities [{mobileEmulationEnabled=false, hasTouchScreen=false, platform=XP, acceptSslCerts=true, webStorageEnabled=true, browserName=chrome, takesScreenshot=true, javascriptEnabled=true, platformName=XP, setWindowRect=true, unexpectedAlertBehaviour=, applicationCacheEnabled=false, rotatable=false, networkConnectionEnabled=false, chrome={chromedriverVersion=2.32.498550 (9dec58e66c31bcc53a9ce3c7226f0c1c5810906a), userDataDir=C:\Users\imran\AppData\Local\Temp\scoped_dir15840_31632}, takesHeapSnapshot=true, pageLoadStrategy=normal, unhandledPromptBehavior=, databaseEnabled=false, handlesAlerts=true, version=62.0.3202.94, browserConnectionEnabled=false, nativeEvents=true, locationContextEnabled=true, cssSelectorsEnabled=true}]
Session ID: 11c1a4608a06240b1ac919dcba84dddb
*** Element info: {Using=id, value=ap_password}
	at sun.reflect.NativeConstructorAccessorImpl.newInstance0(Native Method)
	at sun.reflect.NativeConstructorAccessorImpl.newInstance(Unknown Source)
	at sun.reflect.DelegatingConstructorAccessorImpl.newInstance(Unknown Source)
	at java.lang.reflect.Constructor.newInstance(Unknown Source)
	at org.openqa.selenium.remote.ErrorHandler.createThrowable(ErrorHandler.java:214)
	at org.openqa.selenium.remote.ErrorHandler.throwIfResponseFailed(ErrorHandler.java:166)
	at org.openqa.selenium.remote.http.JsonHttpResponseCodec.reconstructValue(JsonHttpResponseCodec.java:40)
	at org.openqa.selenium.remote.http.AbstractHttpResponseCodec.decode(AbstractHttpResponseCodec.java:82)
	at org.openqa.selenium.remote.http.AbstractHttpResponseCodec.decode(AbstractHttpResponseCodec.java:45)
	at org.openqa.selenium.remote.HttpCommandExecutor.execute(HttpCommandExecutor.java:164)
	at org.openqa.selenium.remote.service.DriverCommandExecutor.execute(DriverCommandExecutor.java:83)
	at org.openqa.selenium.remote.RemoteWebDriver.execute(RemoteWebDriver.java:586)
	at org.openqa.selenium.remote.RemoteWebDriver.findElement(RemoteWebDriver.java:356)
	at org.openqa.selenium.remote.RemoteWebDriver.findElementById(RemoteWebDriver.java:402)
	at org.openqa.selenium.By$ById.findElement(By.java:218)
	at org.openqa.selenium.remote.RemoteWebDriver.findElement(RemoteWebDriver.java:348)
	at afterLoginIn.TestSetA.TC_401_Login_And_LogOut(TestSetA.java:45)
	at sun.reflect.NativeMethodAccessorImpl.invoke0(Native Method)
	at sun.reflect.NativeMethodAccessorImpl.invoke(Unknown Source)
	at sun.reflect.DelegatingMethodAccessorImpl.invoke(Unknown Source)
	at java.lang.reflect.Method.invoke(Unknown Source)
	at org.testng.internal.MethodInvocationHelper.invokeMethod(MethodInvocationHelper.java:108)
	at org.testng.internal.Invoker.invokeMethod(Invoker.java:661)
	at org.testng.internal.Invoker.invokeTestMethod(Invoker.java:869)
	at org.testng.internal.Invoker.invokeTestMethods(Invoker.java:1193)
	at org.testng.internal.TestMethodWorker.invokeTestMethods(TestMethodWorker.java:126)
	at org.testng.internal.TestMethodWorker.run(TestMethodWorker.java:109)
	at org.testng.TestRunner.privateRun(TestRunner.java:744)
	at org.testng.TestRunner.run(TestRunner.java:602)
	at org.testng.SuiteRunner.runTest(SuiteRunner.java:380)
	at org.testng.SuiteRunner.runSequentially(SuiteRunner.java:375)
	at org.testng.SuiteRunner.privateRun(SuiteRunner.java:340)
	at org.testng.SuiteRunner.run(SuiteRunner.java:289)
	at org.testng.SuiteRunnerWorker.runSuite(SuiteRunnerWorker.java:52)
	at org.testng.SuiteRunnerWorker.run(SuiteRunnerWorker.java:86)
	at org.testng.TestNG.runSuitesSequentially(TestNG.java:1301)
	at org.testng.TestNG.runSuitesLocally(TestNG.java:1226)
	at org.testng.TestNG.runSuites(TestNG.java:1144)
	at org.testng.TestNG.run(TestNG.java:1115)
	at org.testng.remote.AbstractRemoteTestNG.run(AbstractRemoteTestNG.java:126)
	at org.testng.remote.RemoteTestNG.initAndRun(RemoteTestNG.java:137)
	at org.testng.remote.RemoteTestNG.main(RemoteTestNG.java:58)
]]>
            </full-stacktrace>
          </exception> <!-- org.openqa.selenium.NoSuchElementException -->
          <reporter-output>
          </reporter-output>
        </test-method> <!-- TC_401_Login_And_LogOut -->
        <test-method status="PASS" signature="SetUpPreDataMethod()[pri:0, instance:afterLoginIn.TestSetA@42d80b78]" name="SetUpPreDataMethod" is-config="true" duration-ms="204" started-at="2017-11-19T21:06:39Z" finished-at="2017-11-19T21:06:39Z">
          <reporter-output>
          </reporter-output>
        </test-method> <!-- SetUpPreDataMethod -->
        <test-method status="FAIL" signature="TC_402_Login_NegativeTest()[pri:0, instance:afterLoginIn.TestSetA@42d80b78]" name="TC_402_Login_NegativeTest" duration-ms="30368" started-at="2017-11-19T21:06:39Z" finished-at="2017-11-19T21:07:09Z">
          <exception class="org.openqa.selenium.NoSuchElementException">
            <message>
              <![CDATA[no such element: Unable to locate element: {"method":"xpath","selector":"//*[@id="auth-error-message-box"]/div/div/ul/li/span"}
  (Session info: chrome=62.0.3202.94)
  (Driver info: chromedriver=2.32.498550 (9dec58e66c31bcc53a9ce3c7226f0c1c5810906a),platform=Windows NT 10.0.15063 x86_64) (WARNING: The server did not provide any stacktrace information)
Command duration or timeout: 0 milliseconds
For documentation on this error, please visit: http://seleniumhq.org/exceptions/no_such_element.html
Build info: version: '3.6.0', revision: '6fbf3ec767', time: '2017-09-27T16:15:40.131Z'
System info: host: 'DESKTOP-75OLIUH', ip: '192.168.112.1', os.name: 'Windows 10', os.arch: 'amd64', os.version: '10.0', java.version: '1.8.0_144'
Driver info: org.openqa.selenium.chrome.ChromeDriver
Capabilities [{mobileEmulationEnabled=false, hasTouchScreen=false, platform=XP, acceptSslCerts=true, webStorageEnabled=true, browserName=chrome, takesScreenshot=true, javascriptEnabled=true, platformName=XP, setWindowRect=true, unexpectedAlertBehaviour=, applicationCacheEnabled=false, rotatable=false, networkConnectionEnabled=false, chrome={chromedriverVersion=2.32.498550 (9dec58e66c31bcc53a9ce3c7226f0c1c5810906a), userDataDir=C:\Users\imran\AppData\Local\Temp\scoped_dir15400_2349}, takesHeapSnapshot=true, pageLoadStrategy=normal, unhandledPromptBehavior=, databaseEnabled=false, handlesAlerts=true, version=62.0.3202.94, browserConnectionEnabled=false, nativeEvents=true, locationContextEnabled=true, cssSelectorsEnabled=true}]
Session ID: 3673401a4adb02bd557616844a4b79c4
*** Element info: {Using=xpath, value=//*[@id="auth-error-message-box"]/div/div/ul/li/span}]]>
            </message>
            <full-stacktrace>
              <![CDATA[org.openqa.selenium.NoSuchElementException: no such element: Unable to locate element: {"method":"xpath","selector":"//*[@id="auth-error-message-box"]/div/div/ul/li/span"}
  (Session info: chrome=62.0.3202.94)
  (Driver info: chromedriver=2.32.498550 (9dec58e66c31bcc53a9ce3c7226f0c1c5810906a),platform=Windows NT 10.0.15063 x86_64) (WARNING: The server did not provide any stacktrace information)
Command duration or timeout: 0 milliseconds
For documentation on this error, please visit: http://seleniumhq.org/exceptions/no_such_element.html
Build info: version: '3.6.0', revision: '6fbf3ec767', time: '2017-09-27T16:15:40.131Z'
System info: host: 'DESKTOP-75OLIUH', ip: '192.168.112.1', os.name: 'Windows 10', os.arch: 'amd64', os.version: '10.0', java.version: '1.8.0_144'
Driver info: org.openqa.selenium.chrome.ChromeDriver
Capabilities [{mobileEmulationEnabled=false, hasTouchScreen=false, platform=XP, acceptSslCerts=true, webStorageEnabled=true, browserName=chrome, takesScreenshot=true, javascriptEnabled=true, platformName=XP, setWindowRect=true, unexpectedAlertBehaviour=, applicationCacheEnabled=false, rotatable=false, networkConnectionEnabled=false, chrome={chromedriverVersion=2.32.498550 (9dec58e66c31bcc53a9ce3c7226f0c1c5810906a), userDataDir=C:\Users\imran\AppData\Local\Temp\scoped_dir15400_2349}, takesHeapSnapshot=true, pageLoadStrategy=normal, unhandledPromptBehavior=, databaseEnabled=false, handlesAlerts=true, version=62.0.3202.94, browserConnectionEnabled=false, nativeEvents=true, locationContextEnabled=true, cssSelectorsEnabled=true}]
Session ID: 3673401a4adb02bd557616844a4b79c4
*** Element info: {Using=xpath, value=//*[@id="auth-error-message-box"]/div/div/ul/li/span}
	at sun.reflect.NativeConstructorAccessorImpl.newInstance0(Native Method)
	at sun.reflect.NativeConstructorAccessorImpl.newInstance(Unknown Source)
	at sun.reflect.DelegatingConstructorAccessorImpl.newInstance(Unknown Source)
	at java.lang.reflect.Constructor.newInstance(Unknown Source)
	at org.openqa.selenium.remote.ErrorHandler.createThrowable(ErrorHandler.java:214)
	at org.openqa.selenium.remote.ErrorHandler.throwIfResponseFailed(ErrorHandler.java:166)
	at org.openqa.selenium.remote.http.JsonHttpResponseCodec.reconstructValue(JsonHttpResponseCodec.java:40)
	at org.openqa.selenium.remote.http.AbstractHttpResponseCodec.decode(AbstractHttpResponseCodec.java:82)
	at org.openqa.selenium.remote.http.AbstractHttpResponseCodec.decode(AbstractHttpResponseCodec.java:45)
	at org.openqa.selenium.remote.HttpCommandExecutor.execute(HttpCommandExecutor.java:164)
	at org.openqa.selenium.remote.service.DriverCommandExecutor.execute(DriverCommandExecutor.java:83)
	at org.openqa.selenium.remote.RemoteWebDriver.execute(RemoteWebDriver.java:586)
	at org.openqa.selenium.remote.RemoteWebDriver.findElement(RemoteWebDriver.java:356)
	at org.openqa.selenium.remote.RemoteWebDriver.findElementByXPath(RemoteWebDriver.java:458)
	at org.openqa.selenium.By$ByXPath.findElement(By.java:361)
	at org.openqa.selenium.remote.RemoteWebDriver.findElement(RemoteWebDriver.java:348)
	at afterLoginIn.TestSetA.TC_402_Login_NegativeTest(TestSetA.java:78)
	at sun.reflect.NativeMethodAccessorImpl.invoke0(Native Method)
	at sun.reflect.NativeMethodAccessorImpl.invoke(Unknown Source)
	at sun.reflect.DelegatingMethodAccessorImpl.invoke(Unknown Source)
	at java.lang.reflect.Method.invoke(Unknown Source)
	at org.testng.internal.MethodInvocationHelper.invokeMethod(MethodInvocationHelper.java:108)
	at org.testng.internal.Invoker.invokeMethod(Invoker.java:661)
	at org.testng.internal.Invoker.invokeTestMethod(Invoker.java:869)
	at org.testng.internal.Invoker.invokeTestMethods(Invoker.java:1193)
	at org.testng.internal.TestMethodWorker.invokeTestMethods(TestMethodWorker.java:126)
	at org.testng.internal.TestMethodWorker.run(TestMethodWorker.java:109)
	at org.testng.TestRunner.privateRun(TestRunner.java:744)
	at org.testng.TestRunner.run(TestRunner.java:602)
	at org.testng.SuiteRunner.runTest(SuiteRunner.java:380)
	at org.testng.SuiteRunner.runSequentially(SuiteRunner.java:375)
	at org.testng.SuiteRunner.privateRun(SuiteRunner.java:340)
	at org.testng.SuiteRunner.run(SuiteRunner.java:289)
	at org.testng.SuiteRunnerWorker.runSuite(SuiteRunnerWorker.java:52)
	at org.testng.SuiteRunnerWorker.run(SuiteRunnerWorker.java:86)
	at org.testng.TestNG.runSuitesSequentially(TestNG.java:1301)
	at org.testng.TestNG.runSuitesLocally(TestNG.java:1226)
	at org.testng.TestNG.runSuites(TestNG.java:1144)
	at org.testng.TestNG.run(TestNG.java:1115)
	at org.testng.remote.AbstractRemoteTestNG.run(AbstractRemoteTestNG.java:126)
	at org.testng.remote.RemoteTestNG.initAndRun(RemoteTestNG.java:137)
	at org.testng.remote.RemoteTestNG.main(RemoteTestNG.java:58)
]]>
            </full-stacktrace>
          </exception> <!-- org.openqa.selenium.NoSuchElementException -->
          <reporter-output>
          </reporter-output>
        </test-method> <!-- TC_402_Login_NegativeTest -->
        <test-method status="PASS" signature="SetUpPreDataMethod()[pri:0, instance:afterLoginIn.TestSetA@42d80b78]" name="SetUpPreDataMethod" is-config="true" duration-ms="203" started-at="2017-11-19T21:07:09Z" finished-at="2017-11-19T21:07:09Z">
          <reporter-output>
          </reporter-output>
        </test-method> <!-- SetUpPreDataMethod -->
        <test-method status="FAIL" signature="TC_403_VerifyFieldsInLoginPage()[pri:0, instance:afterLoginIn.TestSetA@42d80b78]" name="TC_403_VerifyFieldsInLoginPage" duration-ms="18222" started-at="2017-11-19T21:07:09Z" finished-at="2017-11-19T21:07:28Z">
          <exception class="org.openqa.selenium.NoSuchElementException">
            <message>
              <![CDATA[no such element: Unable to locate element: {"method":"name","selector":"password"}
  (Session info: chrome=62.0.3202.94)
  (Driver info: chromedriver=2.32.498550 (9dec58e66c31bcc53a9ce3c7226f0c1c5810906a),platform=Windows NT 10.0.15063 x86_64) (WARNING: The server did not provide any stacktrace information)
Command duration or timeout: 0 milliseconds
For documentation on this error, please visit: http://seleniumhq.org/exceptions/no_such_element.html
Build info: version: '3.6.0', revision: '6fbf3ec767', time: '2017-09-27T16:15:40.131Z'
System info: host: 'DESKTOP-75OLIUH', ip: '192.168.112.1', os.name: 'Windows 10', os.arch: 'amd64', os.version: '10.0', java.version: '1.8.0_144'
Driver info: org.openqa.selenium.chrome.ChromeDriver
Capabilities [{mobileEmulationEnabled=false, hasTouchScreen=false, platform=XP, acceptSslCerts=true, webStorageEnabled=true, browserName=chrome, takesScreenshot=true, javascriptEnabled=true, platformName=XP, setWindowRect=true, unexpectedAlertBehaviour=, applicationCacheEnabled=false, rotatable=false, networkConnectionEnabled=false, chrome={chromedriverVersion=2.32.498550 (9dec58e66c31bcc53a9ce3c7226f0c1c5810906a), userDataDir=C:\Users\imran\AppData\Local\Temp\scoped_dir13604_26324}, takesHeapSnapshot=true, pageLoadStrategy=normal, unhandledPromptBehavior=, databaseEnabled=false, handlesAlerts=true, version=62.0.3202.94, browserConnectionEnabled=false, nativeEvents=true, locationContextEnabled=true, cssSelectorsEnabled=true}]
Session ID: 824e0e8936f3a83e1af06c99cb64404a
*** Element info: {Using=name, value=password}]]>
            </message>
            <full-stacktrace>
              <![CDATA[org.openqa.selenium.NoSuchElementException: no such element: Unable to locate element: {"method":"name","selector":"password"}
  (Session info: chrome=62.0.3202.94)
  (Driver info: chromedriver=2.32.498550 (9dec58e66c31bcc53a9ce3c7226f0c1c5810906a),platform=Windows NT 10.0.15063 x86_64) (WARNING: The server did not provide any stacktrace information)
Command duration or timeout: 0 milliseconds
For documentation on this error, please visit: http://seleniumhq.org/exceptions/no_such_element.html
Build info: version: '3.6.0', revision: '6fbf3ec767', time: '2017-09-27T16:15:40.131Z'
System info: host: 'DESKTOP-75OLIUH', ip: '192.168.112.1', os.name: 'Windows 10', os.arch: 'amd64', os.version: '10.0', java.version: '1.8.0_144'
Driver info: org.openqa.selenium.chrome.ChromeDriver
Capabilities [{mobileEmulationEnabled=false, hasTouchScreen=false, platform=XP, acceptSslCerts=true, webStorageEnabled=true, browserName=chrome, takesScreenshot=true, javascriptEnabled=true, platformName=XP, setWindowRect=true, unexpectedAlertBehaviour=, applicationCacheEnabled=false, rotatable=false, networkConnectionEnabled=false, chrome={chromedriverVersion=2.32.498550 (9dec58e66c31bcc53a9ce3c7226f0c1c5810906a), userDataDir=C:\Users\imran\AppData\Local\Temp\scoped_dir13604_26324}, takesHeapSnapshot=true, pageLoadStrategy=normal, unhandledPromptBehavior=, databaseEnabled=false, handlesAlerts=true, version=62.0.3202.94, browserConnectionEnabled=false, nativeEvents=true, locationContextEnabled=true, cssSelectorsEnabled=true}]
Session ID: 824e0e8936f3a83e1af06c99cb64404a
*** Element info: {Using=name, value=password}
	at sun.reflect.NativeConstructorAccessorImpl.newInstance0(Native Method)
	at sun.reflect.NativeConstructorAccessorImpl.newInstance(Unknown Source)
	at sun.reflect.DelegatingConstructorAccessorImpl.newInstance(Unknown Source)
	at java.lang.reflect.Constructor.newInstance(Unknown Source)
	at org.openqa.selenium.remote.ErrorHandler.createThrowable(ErrorHandler.java:214)
	at org.openqa.selenium.remote.ErrorHandler.throwIfResponseFailed(ErrorHandler.java:166)
	at org.openqa.selenium.remote.http.JsonHttpResponseCodec.reconstructValue(JsonHttpResponseCodec.java:40)
	at org.openqa.selenium.remote.http.AbstractHttpResponseCodec.decode(AbstractHttpResponseCodec.java:82)
	at org.openqa.selenium.remote.http.AbstractHttpResponseCodec.decode(AbstractHttpResponseCodec.java:45)
	at org.openqa.selenium.remote.HttpCommandExecutor.execute(HttpCommandExecutor.java:164)
	at org.openqa.selenium.remote.service.DriverCommandExecutor.execute(DriverCommandExecutor.java:83)
	at org.openqa.selenium.remote.RemoteWebDriver.execute(RemoteWebDriver.java:586)
	at org.openqa.selenium.remote.RemoteWebDriver.findElement(RemoteWebDriver.java:356)
	at org.openqa.selenium.remote.RemoteWebDriver.findElementByName(RemoteWebDriver.java:434)
	at org.openqa.selenium.By$ByName.findElement(By.java:303)
	at org.openqa.selenium.remote.RemoteWebDriver.findElement(RemoteWebDriver.java:348)
	at afterLoginIn.TestSetA.TC_403_VerifyFieldsInLoginPage(TestSetA.java:141)
	at sun.reflect.NativeMethodAccessorImpl.invoke0(Native Method)
	at sun.reflect.NativeMethodAccessorImpl.invoke(Unknown Source)
	at sun.reflect.DelegatingMethodAccessorImpl.invoke(Unknown Source)
	at java.lang.reflect.Method.invoke(Unknown Source)
	at org.testng.internal.MethodInvocationHelper.invokeMethod(MethodInvocationHelper.java:108)
	at org.testng.internal.Invoker.invokeMethod(Invoker.java:661)
	at org.testng.internal.Invoker.invokeTestMethod(Invoker.java:869)
	at org.testng.internal.Invoker.invokeTestMethods(Invoker.java:1193)
	at org.testng.internal.TestMethodWorker.invokeTestMethods(TestMethodWorker.java:126)
	at org.testng.internal.TestMethodWorker.run(TestMethodWorker.java:109)
	at org.testng.TestRunner.privateRun(TestRunner.java:744)
	at org.testng.TestRunner.run(TestRunner.java:602)
	at org.testng.SuiteRunner.runTest(SuiteRunner.java:380)
	at org.testng.SuiteRunner.runSequentially(SuiteRunner.java:375)
	at org.testng.SuiteRunner.privateRun(SuiteRunner.java:340)
	at org.testng.SuiteRunner.run(SuiteRunner.java:289)
	at org.testng.SuiteRunnerWorker.runSuite(SuiteRunnerWorker.java:52)
	at org.testng.SuiteRunnerWorker.run(SuiteRunnerWorker.java:86)
	at org.testng.TestNG.runSuitesSequentially(TestNG.java:1301)
	at org.testng.TestNG.runSuitesLocally(TestNG.java:1226)
	at org.testng.TestNG.runSuites(TestNG.java:1144)
	at org.testng.TestNG.run(TestNG.java:1115)
	at org.testng.remote.AbstractRemoteTestNG.run(AbstractRemoteTestNG.java:126)
	at org.testng.remote.RemoteTestNG.initAndRun(RemoteTestNG.java:137)
	at org.testng.remote.RemoteTestNG.main(RemoteTestNG.java:58)
]]>
            </full-stacktrace>
          </exception> <!-- org.openqa.selenium.NoSuchElementException -->
          <reporter-output>
          </reporter-output>
        </test-method> <!-- TC_403_VerifyFieldsInLoginPage -->
        <test-method status="PASS" signature="SetUpPreDataMethod()[pri:0, instance:afterLoginIn.TestSetA@42d80b78]" name="SetUpPreDataMethod" is-config="true" duration-ms="202" started-at="2017-11-19T21:07:28Z" finished-at="2017-11-19T21:07:28Z">
          <reporter-output>
          </reporter-output>
        </test-method> <!-- SetUpPreDataMethod -->
        <test-method status="PASS" signature="TC_404_ToolTip()[pri:0, instance:afterLoginIn.TestSetA@42d80b78]" name="TC_404_ToolTip" duration-ms="19684" started-at="2017-11-19T21:07:28Z" finished-at="2017-11-19T21:07:47Z">
          <reporter-output>
          </reporter-output>
        </test-method> <!-- TC_404_ToolTip -->
      </class> <!-- afterLoginIn.TestSetA -->
      <class name="facebook.testSetD">
        <test-method status="PASS" signature="SetUpPreDataMethod()[pri:0, instance:facebook.testSetD@5e3a8624]" name="SetUpPreDataMethod" is-config="true" duration-ms="704" started-at="2017-11-19T21:28:18Z" finished-at="2017-11-19T21:28:19Z">
          <reporter-output>
          </reporter-output>
        </test-method> <!-- SetUpPreDataMethod -->
        <test-method status="FAIL" signature="LoginAndLogout_4Browses()[pri:0, instance:facebook.testSetD@5e3a8624]" name="LoginAndLogout_4Browses" duration-ms="34196" started-at="2017-11-19T21:28:19Z" finished-at="2017-11-19T21:28:53Z">
          <exception class="org.openqa.selenium.NoSuchElementException">
            <message>
              <![CDATA[no such element: Unable to locate element: {"method":"xpath","selector":"/html/body/div[8]/div/div/div/div/div[1]/div/div/ul/li[14]/a/span/span"}
  (Session info: chrome=62.0.3202.94)
  (Driver info: chromedriver=2.32.498550 (9dec58e66c31bcc53a9ce3c7226f0c1c5810906a),platform=Windows NT 10.0.15063 x86_64) (WARNING: The server did not provide any stacktrace information)
Command duration or timeout: 0 milliseconds
For documentation on this error, please visit: http://seleniumhq.org/exceptions/no_such_element.html
Build info: version: '3.6.0', revision: '6fbf3ec767', time: '2017-09-27T16:15:40.131Z'
System info: host: 'DESKTOP-75OLIUH', ip: '192.168.112.1', os.name: 'Windows 10', os.arch: 'amd64', os.version: '10.0', java.version: '1.8.0_144'
Driver info: org.openqa.selenium.chrome.ChromeDriver
Capabilities [{mobileEmulationEnabled=false, hasTouchScreen=false, platform=XP, acceptSslCerts=true, webStorageEnabled=true, browserName=chrome, takesScreenshot=true, javascriptEnabled=true, platformName=XP, setWindowRect=true, unexpectedAlertBehaviour=, applicationCacheEnabled=false, rotatable=false, networkConnectionEnabled=false, chrome={chromedriverVersion=2.32.498550 (9dec58e66c31bcc53a9ce3c7226f0c1c5810906a), userDataDir=C:\Users\imran\AppData\Local\Temp\scoped_dir3132_8551}, takesHeapSnapshot=true, pageLoadStrategy=normal, unhandledPromptBehavior=, databaseEnabled=false, handlesAlerts=true, version=62.0.3202.94, browserConnectionEnabled=false, nativeEvents=true, locationContextEnabled=true, cssSelectorsEnabled=true}]
Session ID: 6f1ecc5b9453d1b2dabd163ab21bc2c6
*** Element info: {Using=xpath, value=/html/body/div[8]/div/div/div/div/div[1]/div/div/ul/li[14]/a/span/span}]]>
            </message>
            <full-stacktrace>
              <![CDATA[org.openqa.selenium.NoSuchElementException: no such element: Unable to locate element: {"method":"xpath","selector":"/html/body/div[8]/div/div/div/div/div[1]/div/div/ul/li[14]/a/span/span"}
  (Session info: chrome=62.0.3202.94)
  (Driver info: chromedriver=2.32.498550 (9dec58e66c31bcc53a9ce3c7226f0c1c5810906a),platform=Windows NT 10.0.15063 x86_64) (WARNING: The server did not provide any stacktrace information)
Command duration or timeout: 0 milliseconds
For documentation on this error, please visit: http://seleniumhq.org/exceptions/no_such_element.html
Build info: version: '3.6.0', revision: '6fbf3ec767', time: '2017-09-27T16:15:40.131Z'
System info: host: 'DESKTOP-75OLIUH', ip: '192.168.112.1', os.name: 'Windows 10', os.arch: 'amd64', os.version: '10.0', java.version: '1.8.0_144'
Driver info: org.openqa.selenium.chrome.ChromeDriver
Capabilities [{mobileEmulationEnabled=false, hasTouchScreen=false, platform=XP, acceptSslCerts=true, webStorageEnabled=true, browserName=chrome, takesScreenshot=true, javascriptEnabled=true, platformName=XP, setWindowRect=true, unexpectedAlertBehaviour=, applicationCacheEnabled=false, rotatable=false, networkConnectionEnabled=false, chrome={chromedriverVersion=2.32.498550 (9dec58e66c31bcc53a9ce3c7226f0c1c5810906a), userDataDir=C:\Users\imran\AppData\Local\Temp\scoped_dir3132_8551}, takesHeapSnapshot=true, pageLoadStrategy=normal, unhandledPromptBehavior=, databaseEnabled=false, handlesAlerts=true, version=62.0.3202.94, browserConnectionEnabled=false, nativeEvents=true, locationContextEnabled=true, cssSelectorsEnabled=true}]
Session ID: 6f1ecc5b9453d1b2dabd163ab21bc2c6
*** Element info: {Using=xpath, value=/html/body/div[8]/div/div/div/div/div[1]/div/div/ul/li[14]/a/span/span}
	at sun.reflect.NativeConstructorAccessorImpl.newInstance0(Native Method)
	at sun.reflect.NativeConstructorAccessorImpl.newInstance(Unknown Source)
	at sun.reflect.DelegatingConstructorAccessorImpl.newInstance(Unknown Source)
	at java.lang.reflect.Constructor.newInstance(Unknown Source)
	at org.openqa.selenium.remote.ErrorHandler.createThrowable(ErrorHandler.java:214)
	at org.openqa.selenium.remote.ErrorHandler.throwIfResponseFailed(ErrorHandler.java:166)
	at org.openqa.selenium.remote.http.JsonHttpResponseCodec.reconstructValue(JsonHttpResponseCodec.java:40)
	at org.openqa.selenium.remote.http.AbstractHttpResponseCodec.decode(AbstractHttpResponseCodec.java:82)
	at org.openqa.selenium.remote.http.AbstractHttpResponseCodec.decode(AbstractHttpResponseCodec.java:45)
	at org.openqa.selenium.remote.HttpCommandExecutor.execute(HttpCommandExecutor.java:164)
	at org.openqa.selenium.remote.service.DriverCommandExecutor.execute(DriverCommandExecutor.java:83)
	at org.openqa.selenium.remote.RemoteWebDriver.execute(RemoteWebDriver.java:586)
	at org.openqa.selenium.remote.RemoteWebDriver.findElement(RemoteWebDriver.java:356)
	at org.openqa.selenium.remote.RemoteWebDriver.findElementByXPath(RemoteWebDriver.java:458)
	at org.openqa.selenium.By$ByXPath.findElement(By.java:361)
	at org.openqa.selenium.remote.RemoteWebDriver.findElement(RemoteWebDriver.java:348)
	at facebook.testSetD.LoginAndLogout_4Browses(testSetD.java:77)
	at sun.reflect.NativeMethodAccessorImpl.invoke0(Native Method)
	at sun.reflect.NativeMethodAccessorImpl.invoke(Unknown Source)
	at sun.reflect.DelegatingMethodAccessorImpl.invoke(Unknown Source)
	at java.lang.reflect.Method.invoke(Unknown Source)
	at org.testng.internal.MethodInvocationHelper.invokeMethod(MethodInvocationHelper.java:108)
	at org.testng.internal.Invoker.invokeMethod(Invoker.java:661)
	at org.testng.internal.Invoker.invokeTestMethod(Invoker.java:869)
	at org.testng.internal.Invoker.invokeTestMethods(Invoker.java:1193)
	at org.testng.internal.TestMethodWorker.invokeTestMethods(TestMethodWorker.java:126)
	at org.testng.internal.TestMethodWorker.run(TestMethodWorker.java:109)
	at org.testng.TestRunner.privateRun(TestRunner.java:744)
	at org.testng.TestRunner.run(TestRunner.java:602)
	at org.testng.SuiteRunner.runTest(SuiteRunner.java:380)
	at org.testng.SuiteRunner.runSequentially(SuiteRunner.java:375)
	at org.testng.SuiteRunner.privateRun(SuiteRunner.java:340)
	at org.testng.SuiteRunner.run(SuiteRunner.java:289)
	at org.testng.SuiteRunnerWorker.runSuite(SuiteRunnerWorker.java:52)
	at org.testng.SuiteRunnerWorker.run(SuiteRunnerWorker.java:86)
	at org.testng.TestNG.runSuitesSequentially(TestNG.java:1301)
	at org.testng.TestNG.runSuitesLocally(TestNG.java:1226)
	at org.testng.TestNG.runSuites(TestNG.java:1144)
	at org.testng.TestNG.run(TestNG.java:1115)
	at org.testng.remote.AbstractRemoteTestNG.run(AbstractRemoteTestNG.java:126)
	at org.testng.remote.RemoteTestNG.initAndRun(RemoteTestNG.java:137)
	at org.testng.remote.RemoteTestNG.main(RemoteTestNG.java:58)
]]>
            </full-stacktrace>
          </exception> <!-- org.openqa.selenium.NoSuchElementException -->
          <reporter-output>
          </reporter-output>
        </test-method> <!-- LoginAndLogout_4Browses -->
        <test-method status="PASS" signature="aftermethod()[pri:0, instance:facebook.testSetD@5e3a8624]" name="aftermethod" is-config="true" duration-ms="706" started-at="2017-11-19T21:28:53Z" finished-at="2017-11-19T21:28:54Z">
          <reporter-output>
          </reporter-output>
        </test-method> <!-- aftermethod -->
        <test-method status="PASS" signature="SetUpPreDataMethod()[pri:0, instance:facebook.testSetD@5e3a8624]" name="SetUpPreDataMethod" is-config="true" duration-ms="606" started-at="2017-11-19T21:28:54Z" finished-at="2017-11-19T21:28:54Z">
          <reporter-output>
          </reporter-output>
        </test-method> <!-- SetUpPreDataMethod -->
        <test-method status="FAIL" signature="LoginAndLogout_Chrome()[pri:0, instance:facebook.testSetD@5e3a8624]" name="LoginAndLogout_Chrome" duration-ms="30614" started-at="2017-11-19T21:28:54Z" finished-at="2017-11-19T21:29:25Z">
          <exception class="org.openqa.selenium.NoSuchElementException">
            <message>
              <![CDATA[no such element: Unable to locate element: {"method":"xpath","selector":"/html/body/div[8]/div/div/div/div/div[1]/div/div/ul/li[14]/a/span/span"}
  (Session info: chrome=62.0.3202.94)
  (Driver info: chromedriver=2.32.498550 (9dec58e66c31bcc53a9ce3c7226f0c1c5810906a),platform=Windows NT 10.0.15063 x86_64) (WARNING: The server did not provide any stacktrace information)
Command duration or timeout: 0 milliseconds
For documentation on this error, please visit: http://seleniumhq.org/exceptions/no_such_element.html
Build info: version: '3.6.0', revision: '6fbf3ec767', time: '2017-09-27T16:15:40.131Z'
System info: host: 'DESKTOP-75OLIUH', ip: '192.168.112.1', os.name: 'Windows 10', os.arch: 'amd64', os.version: '10.0', java.version: '1.8.0_144'
Driver info: org.openqa.selenium.chrome.ChromeDriver
Capabilities [{mobileEmulationEnabled=false, hasTouchScreen=false, platform=XP, acceptSslCerts=true, webStorageEnabled=true, browserName=chrome, takesScreenshot=true, javascriptEnabled=true, platformName=XP, setWindowRect=true, unexpectedAlertBehaviour=, applicationCacheEnabled=false, rotatable=false, networkConnectionEnabled=false, chrome={chromedriverVersion=2.32.498550 (9dec58e66c31bcc53a9ce3c7226f0c1c5810906a), userDataDir=C:\Users\imran\AppData\Local\Temp\scoped_dir9224_5420}, takesHeapSnapshot=true, pageLoadStrategy=normal, unhandledPromptBehavior=, databaseEnabled=false, handlesAlerts=true, version=62.0.3202.94, browserConnectionEnabled=false, nativeEvents=true, locationContextEnabled=true, cssSelectorsEnabled=true}]
Session ID: 2f1b1adbb65426929c68907dbc642f7c
*** Element info: {Using=xpath, value=/html/body/div[8]/div/div/div/div/div[1]/div/div/ul/li[14]/a/span/span}]]>
            </message>
            <full-stacktrace>
              <![CDATA[org.openqa.selenium.NoSuchElementException: no such element: Unable to locate element: {"method":"xpath","selector":"/html/body/div[8]/div/div/div/div/div[1]/div/div/ul/li[14]/a/span/span"}
  (Session info: chrome=62.0.3202.94)
  (Driver info: chromedriver=2.32.498550 (9dec58e66c31bcc53a9ce3c7226f0c1c5810906a),platform=Windows NT 10.0.15063 x86_64) (WARNING: The server did not provide any stacktrace information)
Command duration or timeout: 0 milliseconds
For documentation on this error, please visit: http://seleniumhq.org/exceptions/no_such_element.html
Build info: version: '3.6.0', revision: '6fbf3ec767', time: '2017-09-27T16:15:40.131Z'
System info: host: 'DESKTOP-75OLIUH', ip: '192.168.112.1', os.name: 'Windows 10', os.arch: 'amd64', os.version: '10.0', java.version: '1.8.0_144'
Driver info: org.openqa.selenium.chrome.ChromeDriver
Capabilities [{mobileEmulationEnabled=false, hasTouchScreen=false, platform=XP, acceptSslCerts=true, webStorageEnabled=true, browserName=chrome, takesScreenshot=true, javascriptEnabled=true, platformName=XP, setWindowRect=true, unexpectedAlertBehaviour=, applicationCacheEnabled=false, rotatable=false, networkConnectionEnabled=false, chrome={chromedriverVersion=2.32.498550 (9dec58e66c31bcc53a9ce3c7226f0c1c5810906a), userDataDir=C:\Users\imran\AppData\Local\Temp\scoped_dir9224_5420}, takesHeapSnapshot=true, pageLoadStrategy=normal, unhandledPromptBehavior=, databaseEnabled=false, handlesAlerts=true, version=62.0.3202.94, browserConnectionEnabled=false, nativeEvents=true, locationContextEnabled=true, cssSelectorsEnabled=true}]
Session ID: 2f1b1adbb65426929c68907dbc642f7c
*** Element info: {Using=xpath, value=/html/body/div[8]/div/div/div/div/div[1]/div/div/ul/li[14]/a/span/span}
	at sun.reflect.NativeConstructorAccessorImpl.newInstance0(Native Method)
	at sun.reflect.NativeConstructorAccessorImpl.newInstance(Unknown Source)
	at sun.reflect.DelegatingConstructorAccessorImpl.newInstance(Unknown Source)
	at java.lang.reflect.Constructor.newInstance(Unknown Source)
	at org.openqa.selenium.remote.ErrorHandler.createThrowable(ErrorHandler.java:214)
	at org.openqa.selenium.remote.ErrorHandler.throwIfResponseFailed(ErrorHandler.java:166)
	at org.openqa.selenium.remote.http.JsonHttpResponseCodec.reconstructValue(JsonHttpResponseCodec.java:40)
	at org.openqa.selenium.remote.http.AbstractHttpResponseCodec.decode(AbstractHttpResponseCodec.java:82)
	at org.openqa.selenium.remote.http.AbstractHttpResponseCodec.decode(AbstractHttpResponseCodec.java:45)
	at org.openqa.selenium.remote.HttpCommandExecutor.execute(HttpCommandExecutor.java:164)
	at org.openqa.selenium.remote.service.DriverCommandExecutor.execute(DriverCommandExecutor.java:83)
	at org.openqa.selenium.remote.RemoteWebDriver.execute(RemoteWebDriver.java:586)
	at org.openqa.selenium.remote.RemoteWebDriver.findElement(RemoteWebDriver.java:356)
	at org.openqa.selenium.remote.RemoteWebDriver.findElementByXPath(RemoteWebDriver.java:458)
	at org.openqa.selenium.By$ByXPath.findElement(By.java:361)
	at org.openqa.selenium.remote.RemoteWebDriver.findElement(RemoteWebDriver.java:348)
	at facebook.testSetD.LoginAndLogout_Chrome(testSetD.java:110)
	at sun.reflect.NativeMethodAccessorImpl.invoke0(Native Method)
	at sun.reflect.NativeMethodAccessorImpl.invoke(Unknown Source)
	at sun.reflect.DelegatingMethodAccessorImpl.invoke(Unknown Source)
	at java.lang.reflect.Method.invoke(Unknown Source)
	at org.testng.internal.MethodInvocationHelper.invokeMethod(MethodInvocationHelper.java:108)
	at org.testng.internal.Invoker.invokeMethod(Invoker.java:661)
	at org.testng.internal.Invoker.invokeTestMethod(Invoker.java:869)
	at org.testng.internal.Invoker.invokeTestMethods(Invoker.java:1193)
	at org.testng.internal.TestMethodWorker.invokeTestMethods(TestMethodWorker.java:126)
	at org.testng.internal.TestMethodWorker.run(TestMethodWorker.java:109)
	at org.testng.TestRunner.privateRun(TestRunner.java:744)
	at org.testng.TestRunner.run(TestRunner.java:602)
	at org.testng.SuiteRunner.runTest(SuiteRunner.java:380)
	at org.testng.SuiteRunner.runSequentially(SuiteRunner.java:375)
	at org.testng.SuiteRunner.privateRun(SuiteRunner.java:340)
	at org.testng.SuiteRunner.run(SuiteRunner.java:289)
	at org.testng.SuiteRunnerWorker.runSuite(SuiteRunnerWorker.java:52)
	at org.testng.SuiteRunnerWorker.run(SuiteRunnerWorker.java:86)
	at org.testng.TestNG.runSuitesSequentially(TestNG.java:1301)
	at org.testng.TestNG.runSuitesLocally(TestNG.java:1226)
	at org.testng.TestNG.runSuites(TestNG.java:1144)
	at org.testng.TestNG.run(TestNG.java:1115)
	at org.testng.remote.AbstractRemoteTestNG.run(AbstractRemoteTestNG.java:126)
	at org.testng.remote.RemoteTestNG.initAndRun(RemoteTestNG.java:137)
	at org.testng.remote.RemoteTestNG.main(RemoteTestNG.java:58)
]]>
            </full-stacktrace>
          </exception> <!-- org.openqa.selenium.NoSuchElementException -->
          <reporter-output>
          </reporter-output>
        </test-method> <!-- LoginAndLogout_Chrome -->
        <test-method status="PASS" signature="aftermethod()[pri:0, instance:facebook.testSetD@5e3a8624]" name="aftermethod" is-config="true" duration-ms="805" started-at="2017-11-19T21:29:25Z" finished-at="2017-11-19T21:29:26Z">
          <reporter-output>
          </reporter-output>
        </test-method> <!-- aftermethod -->
        <test-method status="PASS" signature="SetUpPreDataMethod()[pri:0, instance:facebook.testSetD@5e3a8624]" name="SetUpPreDataMethod" is-config="true" duration-ms="604" started-at="2017-11-19T21:29:26Z" finished-at="2017-11-19T21:29:26Z">
          <reporter-output>
          </reporter-output>
        </test-method> <!-- SetUpPreDataMethod -->
        <test-method status="FAIL" signature="LoginAndLogout_Firefox()[pri:0, instance:facebook.testSetD@5e3a8624]" name="LoginAndLogout_Firefox" duration-ms="46396" started-at="2017-11-19T21:29:26Z" finished-at="2017-11-19T21:30:13Z">
          <exception class="org.openqa.selenium.NoSuchElementException">
            <message>
              <![CDATA[Unable to locate element: /html/body/div[8]/div/div/div/div/div[1]/div/div/ul/li[14]/a/span/span
For documentation on this error, please visit: http://seleniumhq.org/exceptions/no_such_element.html
Build info: version: '3.6.0', revision: '6fbf3ec767', time: '2017-09-27T16:15:40.131Z'
System info: host: 'DESKTOP-75OLIUH', ip: '192.168.112.1', os.name: 'Windows 10', os.arch: 'amd64', os.version: '10.0', java.version: '1.8.0_144'
Driver info: org.openqa.selenium.firefox.FirefoxDriver
Capabilities [{moz:profile=C:\Users\imran\AppData\Local\Temp\rust_mozprofile.6HArTA8V0OtE, rotatable=false, timeouts={implicit=0, pageLoad=300000, script=30000}, pageLoadStrategy=normal, moz:headless=false, platform=XP, specificationLevel=0, moz:accessibilityChecks=false, acceptInsecureCerts=true, browserVersion=56.0.1, platformVersion=10.0, moz:processID=10340, browserName=firefox, javascriptEnabled=true, platformName=XP}]
Session ID: 6269e1e9-fbd3-4b1e-95bd-27814bde2656
*** Element info: {Using=xpath, value=/html/body/div[8]/div/div/div/div/div[1]/div/div/ul/li[14]/a/span/span}]]>
            </message>
            <full-stacktrace>
              <![CDATA[org.openqa.selenium.NoSuchElementException: Unable to locate element: /html/body/div[8]/div/div/div/div/div[1]/div/div/ul/li[14]/a/span/span
For documentation on this error, please visit: http://seleniumhq.org/exceptions/no_such_element.html
Build info: version: '3.6.0', revision: '6fbf3ec767', time: '2017-09-27T16:15:40.131Z'
System info: host: 'DESKTOP-75OLIUH', ip: '192.168.112.1', os.name: 'Windows 10', os.arch: 'amd64', os.version: '10.0', java.version: '1.8.0_144'
Driver info: org.openqa.selenium.firefox.FirefoxDriver
Capabilities [{moz:profile=C:\Users\imran\AppData\Local\Temp\rust_mozprofile.6HArTA8V0OtE, rotatable=false, timeouts={implicit=0, pageLoad=300000, script=30000}, pageLoadStrategy=normal, moz:headless=false, platform=XP, specificationLevel=0, moz:accessibilityChecks=false, acceptInsecureCerts=true, browserVersion=56.0.1, platformVersion=10.0, moz:processID=10340, browserName=firefox, javascriptEnabled=true, platformName=XP}]
Session ID: 6269e1e9-fbd3-4b1e-95bd-27814bde2656
*** Element info: {Using=xpath, value=/html/body/div[8]/div/div/div/div/div[1]/div/div/ul/li[14]/a/span/span}
	at sun.reflect.NativeConstructorAccessorImpl.newInstance0(Native Method)
	at sun.reflect.NativeConstructorAccessorImpl.newInstance(Unknown Source)
	at sun.reflect.DelegatingConstructorAccessorImpl.newInstance(Unknown Source)
	at java.lang.reflect.Constructor.newInstance(Unknown Source)
	at org.openqa.selenium.remote.http.W3CHttpResponseCodec.createException(W3CHttpResponseCodec.java:185)
	at org.openqa.selenium.remote.http.W3CHttpResponseCodec.decode(W3CHttpResponseCodec.java:120)
	at org.openqa.selenium.remote.http.W3CHttpResponseCodec.decode(W3CHttpResponseCodec.java:49)
	at org.openqa.selenium.remote.HttpCommandExecutor.execute(HttpCommandExecutor.java:164)
	at org.openqa.selenium.remote.service.DriverCommandExecutor.execute(DriverCommandExecutor.java:83)
	at org.openqa.selenium.remote.RemoteWebDriver.execute(RemoteWebDriver.java:586)
	at org.openqa.selenium.remote.RemoteWebDriver.findElement(RemoteWebDriver.java:356)
	at org.openqa.selenium.remote.RemoteWebDriver.findElementByXPath(RemoteWebDriver.java:458)
	at org.openqa.selenium.By$ByXPath.findElement(By.java:361)
	at org.openqa.selenium.remote.RemoteWebDriver.findElement(RemoteWebDriver.java:348)
	at facebook.testSetD.LoginAndLogout_Firefox(testSetD.java:185)
	at sun.reflect.NativeMethodAccessorImpl.invoke0(Native Method)
	at sun.reflect.NativeMethodAccessorImpl.invoke(Unknown Source)
	at sun.reflect.DelegatingMethodAccessorImpl.invoke(Unknown Source)
	at java.lang.reflect.Method.invoke(Unknown Source)
	at org.testng.internal.MethodInvocationHelper.invokeMethod(MethodInvocationHelper.java:108)
	at org.testng.internal.Invoker.invokeMethod(Invoker.java:661)
	at org.testng.internal.Invoker.invokeTestMethod(Invoker.java:869)
	at org.testng.internal.Invoker.invokeTestMethods(Invoker.java:1193)
	at org.testng.internal.TestMethodWorker.invokeTestMethods(TestMethodWorker.java:126)
	at org.testng.internal.TestMethodWorker.run(TestMethodWorker.java:109)
	at org.testng.TestRunner.privateRun(TestRunner.java:744)
	at org.testng.TestRunner.run(TestRunner.java:602)
	at org.testng.SuiteRunner.runTest(SuiteRunner.java:380)
	at org.testng.SuiteRunner.runSequentially(SuiteRunner.java:375)
	at org.testng.SuiteRunner.privateRun(SuiteRunner.java:340)
	at org.testng.SuiteRunner.run(SuiteRunner.java:289)
	at org.testng.SuiteRunnerWorker.runSuite(SuiteRunnerWorker.java:52)
	at org.testng.SuiteRunnerWorker.run(SuiteRunnerWorker.java:86)
	at org.testng.TestNG.runSuitesSequentially(TestNG.java:1301)
	at org.testng.TestNG.runSuitesLocally(TestNG.java:1226)
	at org.testng.TestNG.runSuites(TestNG.java:1144)
	at org.testng.TestNG.run(TestNG.java:1115)
	at org.testng.remote.AbstractRemoteTestNG.run(AbstractRemoteTestNG.java:126)
	at org.testng.remote.RemoteTestNG.initAndRun(RemoteTestNG.java:137)
	at org.testng.remote.RemoteTestNG.main(RemoteTestNG.java:58)
]]>
            </full-stacktrace>
          </exception> <!-- org.openqa.selenium.NoSuchElementException -->
          <reporter-output>
          </reporter-output>
        </test-method> <!-- LoginAndLogout_Firefox -->
        <test-method status="PASS" signature="aftermethod()[pri:0, instance:facebook.testSetD@5e3a8624]" name="aftermethod" is-config="true" duration-ms="807" started-at="2017-11-19T21:30:13Z" finished-at="2017-11-19T21:30:14Z">
          <reporter-output>
          </reporter-output>
        </test-method> <!-- aftermethod -->
        <test-method status="PASS" signature="SetUpPreDataMethod()[pri:0, instance:facebook.testSetD@5e3a8624]" name="SetUpPreDataMethod" is-config="true" duration-ms="604" started-at="2017-11-19T21:30:14Z" finished-at="2017-11-19T21:30:14Z">
          <reporter-output>
          </reporter-output>
        </test-method> <!-- SetUpPreDataMethod -->
        <test-method status="FAIL" signature="LoginAndLogout_IE()[pri:0, instance:facebook.testSetD@5e3a8624]" name="LoginAndLogout_IE" duration-ms="12248" started-at="2017-11-19T21:30:14Z" finished-at="2017-11-19T21:30:26Z">
          <exception class="org.openqa.selenium.NoSuchElementException">
            <message>
              <![CDATA[Unable to find element with css selector == #email
For documentation on this error, please visit: http://seleniumhq.org/exceptions/no_such_element.html
Build info: version: '3.6.0', revision: '6fbf3ec767', time: '2017-09-27T16:15:40.131Z'
System info: host: 'DESKTOP-75OLIUH', ip: '192.168.112.1', os.name: 'Windows 10', os.arch: 'amd64', os.version: '10.0', java.version: '1.8.0_144'
Driver info: org.openqa.selenium.ie.InternetExplorerDriver
Capabilities [{acceptInsecureCerts=false, browserVersion=11, se:ieOptions={nativeEvents=true, browserAttachTimeout=0, ie.ensureCleanSession=false, elementScrollBehavior=0, enablePersistentHover=true, ie.browserCommandLineSwitches=, ie.forceCreateProcessApi=false, requireWindowFocus=false, initialBrowserUrl=http://localhost:38241/, ignoreZoomSetting=false, ie.fileUploadDialogTimeout=3000, ignoreProtectedModeSettings=false}, browserName=internet explorer, pageLoadStrategy=normal, javascriptEnabled=true, platformName=WINDOWS, setWindowRect=true, platform=WINDOWS}]
Session ID: 33b50385-8249-4a1e-80f1-af7b22007dea
*** Element info: {Using=id, value=email}]]>
            </message>
            <full-stacktrace>
              <![CDATA[org.openqa.selenium.NoSuchElementException: Unable to find element with css selector == #email
For documentation on this error, please visit: http://seleniumhq.org/exceptions/no_such_element.html
Build info: version: '3.6.0', revision: '6fbf3ec767', time: '2017-09-27T16:15:40.131Z'
System info: host: 'DESKTOP-75OLIUH', ip: '192.168.112.1', os.name: 'Windows 10', os.arch: 'amd64', os.version: '10.0', java.version: '1.8.0_144'
Driver info: org.openqa.selenium.ie.InternetExplorerDriver
Capabilities [{acceptInsecureCerts=false, browserVersion=11, se:ieOptions={nativeEvents=true, browserAttachTimeout=0, ie.ensureCleanSession=false, elementScrollBehavior=0, enablePersistentHover=true, ie.browserCommandLineSwitches=, ie.forceCreateProcessApi=false, requireWindowFocus=false, initialBrowserUrl=http://localhost:38241/, ignoreZoomSetting=false, ie.fileUploadDialogTimeout=3000, ignoreProtectedModeSettings=false}, browserName=internet explorer, pageLoadStrategy=normal, javascriptEnabled=true, platformName=WINDOWS, setWindowRect=true, platform=WINDOWS}]
Session ID: 33b50385-8249-4a1e-80f1-af7b22007dea
*** Element info: {Using=id, value=email}
	at sun.reflect.NativeConstructorAccessorImpl.newInstance0(Native Method)
	at sun.reflect.NativeConstructorAccessorImpl.newInstance(Unknown Source)
	at sun.reflect.DelegatingConstructorAccessorImpl.newInstance(Unknown Source)
	at java.lang.reflect.Constructor.newInstance(Unknown Source)
	at org.openqa.selenium.remote.http.W3CHttpResponseCodec.createException(W3CHttpResponseCodec.java:185)
	at org.openqa.selenium.remote.http.W3CHttpResponseCodec.decode(W3CHttpResponseCodec.java:120)
	at org.openqa.selenium.remote.http.W3CHttpResponseCodec.decode(W3CHttpResponseCodec.java:49)
	at org.openqa.selenium.remote.HttpCommandExecutor.execute(HttpCommandExecutor.java:164)
	at org.openqa.selenium.remote.service.DriverCommandExecutor.execute(DriverCommandExecutor.java:83)
	at org.openqa.selenium.remote.RemoteWebDriver.execute(RemoteWebDriver.java:586)
	at org.openqa.selenium.remote.RemoteWebDriver.findElement(RemoteWebDriver.java:356)
	at org.openqa.selenium.remote.RemoteWebDriver.findElementById(RemoteWebDriver.java:402)
	at org.openqa.selenium.By$ById.findElement(By.java:218)
	at org.openqa.selenium.remote.RemoteWebDriver.findElement(RemoteWebDriver.java:348)
	at facebook.testSetD.LoginAndLogout_IE(testSetD.java:202)
	at sun.reflect.NativeMethodAccessorImpl.invoke0(Native Method)
	at sun.reflect.NativeMethodAccessorImpl.invoke(Unknown Source)
	at sun.reflect.DelegatingMethodAccessorImpl.invoke(Unknown Source)
	at java.lang.reflect.Method.invoke(Unknown Source)
	at org.testng.internal.MethodInvocationHelper.invokeMethod(MethodInvocationHelper.java:108)
	at org.testng.internal.Invoker.invokeMethod(Invoker.java:661)
	at org.testng.internal.Invoker.invokeTestMethod(Invoker.java:869)
	at org.testng.internal.Invoker.invokeTestMethods(Invoker.java:1193)
	at org.testng.internal.TestMethodWorker.invokeTestMethods(TestMethodWorker.java:126)
	at org.testng.internal.TestMethodWorker.run(TestMethodWorker.java:109)
	at org.testng.TestRunner.privateRun(TestRunner.java:744)
	at org.testng.TestRunner.run(TestRunner.java:602)
	at org.testng.SuiteRunner.runTest(SuiteRunner.java:380)
	at org.testng.SuiteRunner.runSequentially(SuiteRunner.java:375)
	at org.testng.SuiteRunner.privateRun(SuiteRunner.java:340)
	at org.testng.SuiteRunner.run(SuiteRunner.java:289)
	at org.testng.SuiteRunnerWorker.runSuite(SuiteRunnerWorker.java:52)
	at org.testng.SuiteRunnerWorker.run(SuiteRunnerWorker.java:86)
	at org.testng.TestNG.runSuitesSequentially(TestNG.java:1301)
	at org.testng.TestNG.runSuitesLocally(TestNG.java:1226)
	at org.testng.TestNG.runSuites(TestNG.java:1144)
	at org.testng.TestNG.run(TestNG.java:1115)
	at org.testng.remote.AbstractRemoteTestNG.run(AbstractRemoteTestNG.java:126)
	at org.testng.remote.RemoteTestNG.initAndRun(RemoteTestNG.java:137)
	at org.testng.remote.RemoteTestNG.main(RemoteTestNG.java:58)
]]>
            </full-stacktrace>
          </exception> <!-- org.openqa.selenium.NoSuchElementException -->
          <reporter-output>
          </reporter-output>
        </test-method> <!-- LoginAndLogout_IE -->
        <test-method status="PASS" signature="aftermethod()[pri:0, instance:facebook.testSetD@5e3a8624]" name="aftermethod" is-config="true" duration-ms="755" started-at="2017-11-19T21:30:26Z" finished-at="2017-11-19T21:30:27Z">
          <reporter-output>
          </reporter-output>
        </test-method> <!-- aftermethod -->
        <test-method status="PASS" signature="SetUpPreDataMethod()[pri:0, instance:facebook.testSetD@5e3a8624]" name="SetUpPreDataMethod" is-config="true" duration-ms="657" started-at="2017-11-19T21:30:27Z" finished-at="2017-11-19T21:30:28Z">
          <reporter-output>
          </reporter-output>
        </test-method> <!-- SetUpPreDataMethod -->
        <test-method status="FAIL" signature="LoginAndLogout_MicrosoftEdge()[pri:0, instance:facebook.testSetD@5e3a8624]" name="LoginAndLogout_MicrosoftEdge" duration-ms="19319" started-at="2017-11-19T21:30:28Z" finished-at="2017-11-19T21:30:47Z">
          <exception class="org.openqa.selenium.NoSuchElementException">
            <message>
              <![CDATA[No such element (WARNING: The server did not provide any stacktrace information)
Command duration or timeout: 0 milliseconds
For documentation on this error, please visit: http://seleniumhq.org/exceptions/no_such_element.html
Build info: version: '3.6.0', revision: '6fbf3ec767', time: '2017-09-27T16:15:40.131Z'
System info: host: 'DESKTOP-75OLIUH', ip: '192.168.112.1', os.name: 'Windows 10', os.arch: 'amd64', os.version: '10.0', java.version: '1.8.0_144'
Driver info: org.openqa.selenium.edge.EdgeDriver
Capabilities [{applicationCacheEnabled=true, pageLoadStrategy=normal, platform=WINDOWS, acceptSslCerts=true, browserVersion=40.15063.674.0, platformVersion=10, locationContextEnabled=true, webStorageEnabled=true, browserName=MicrosoftEdge, takesScreenshot=true, takesElementScreenshot=true, javascriptEnabled=true, platformName=WINDOWS}]
Session ID: B79ADCCB-A4D6-43DC-994D-322AC2CB3603
*** Element info: {Using=xpath, value=/html/body/div[8]/div/div/div/div/div[1]/div/div/ul/li[14]/a/span/span}]]>
            </message>
            <full-stacktrace>
              <![CDATA[org.openqa.selenium.NoSuchElementException: No such element (WARNING: The server did not provide any stacktrace information)
Command duration or timeout: 0 milliseconds
For documentation on this error, please visit: http://seleniumhq.org/exceptions/no_such_element.html
Build info: version: '3.6.0', revision: '6fbf3ec767', time: '2017-09-27T16:15:40.131Z'
System info: host: 'DESKTOP-75OLIUH', ip: '192.168.112.1', os.name: 'Windows 10', os.arch: 'amd64', os.version: '10.0', java.version: '1.8.0_144'
Driver info: org.openqa.selenium.edge.EdgeDriver
Capabilities [{applicationCacheEnabled=true, pageLoadStrategy=normal, platform=WINDOWS, acceptSslCerts=true, browserVersion=40.15063.674.0, platformVersion=10, locationContextEnabled=true, webStorageEnabled=true, browserName=MicrosoftEdge, takesScreenshot=true, takesElementScreenshot=true, javascriptEnabled=true, platformName=WINDOWS}]
Session ID: B79ADCCB-A4D6-43DC-994D-322AC2CB3603
*** Element info: {Using=xpath, value=/html/body/div[8]/div/div/div/div/div[1]/div/div/ul/li[14]/a/span/span}
	at sun.reflect.NativeConstructorAccessorImpl.newInstance0(Native Method)
	at sun.reflect.NativeConstructorAccessorImpl.newInstance(Unknown Source)
	at sun.reflect.DelegatingConstructorAccessorImpl.newInstance(Unknown Source)
	at java.lang.reflect.Constructor.newInstance(Unknown Source)
	at org.openqa.selenium.remote.ErrorHandler.createThrowable(ErrorHandler.java:214)
	at org.openqa.selenium.remote.ErrorHandler.throwIfResponseFailed(ErrorHandler.java:166)
	at org.openqa.selenium.remote.http.JsonHttpResponseCodec.reconstructValue(JsonHttpResponseCodec.java:40)
	at org.openqa.selenium.remote.http.AbstractHttpResponseCodec.decode(AbstractHttpResponseCodec.java:82)
	at org.openqa.selenium.remote.http.AbstractHttpResponseCodec.decode(AbstractHttpResponseCodec.java:45)
	at org.openqa.selenium.remote.HttpCommandExecutor.execute(HttpCommandExecutor.java:164)
	at org.openqa.selenium.remote.service.DriverCommandExecutor.execute(DriverCommandExecutor.java:83)
	at org.openqa.selenium.remote.RemoteWebDriver.execute(RemoteWebDriver.java:586)
	at org.openqa.selenium.remote.RemoteWebDriver.findElement(RemoteWebDriver.java:356)
	at org.openqa.selenium.remote.RemoteWebDriver.findElementByXPath(RemoteWebDriver.java:458)
	at org.openqa.selenium.By$ByXPath.findElement(By.java:361)
	at org.openqa.selenium.remote.RemoteWebDriver.findElement(RemoteWebDriver.java:348)
	at facebook.testSetD.LoginAndLogout_MicrosoftEdge(testSetD.java:142)
	at sun.reflect.NativeMethodAccessorImpl.invoke0(Native Method)
	at sun.reflect.NativeMethodAccessorImpl.invoke(Unknown Source)
	at sun.reflect.DelegatingMethodAccessorImpl.invoke(Unknown Source)
	at java.lang.reflect.Method.invoke(Unknown Source)
	at org.testng.internal.MethodInvocationHelper.invokeMethod(MethodInvocationHelper.java:108)
	at org.testng.internal.Invoker.invokeMethod(Invoker.java:661)
	at org.testng.internal.Invoker.invokeTestMethod(Invoker.java:869)
	at org.testng.internal.Invoker.invokeTestMethods(Invoker.java:1193)
	at org.testng.internal.TestMethodWorker.invokeTestMethods(TestMethodWorker.java:126)
	at org.testng.internal.TestMethodWorker.run(TestMethodWorker.java:109)
	at org.testng.TestRunner.privateRun(TestRunner.java:744)
	at org.testng.TestRunner.run(TestRunner.java:602)
	at org.testng.SuiteRunner.runTest(SuiteRunner.java:380)
	at org.testng.SuiteRunner.runSequentially(SuiteRunner.java:375)
	at org.testng.SuiteRunner.privateRun(SuiteRunner.java:340)
	at org.testng.SuiteRunner.run(SuiteRunner.java:289)
	at org.testng.SuiteRunnerWorker.runSuite(SuiteRunnerWorker.java:52)
	at org.testng.SuiteRunnerWorker.run(SuiteRunnerWorker.java:86)
	at org.testng.TestNG.runSuitesSequentially(TestNG.java:1301)
	at org.testng.TestNG.runSuitesLocally(TestNG.java:1226)
	at org.testng.TestNG.runSuites(TestNG.java:1144)
	at org.testng.TestNG.run(TestNG.java:1115)
	at org.testng.remote.AbstractRemoteTestNG.run(AbstractRemoteTestNG.java:126)
	at org.testng.remote.RemoteTestNG.initAndRun(RemoteTestNG.java:137)
	at org.testng.remote.RemoteTestNG.main(RemoteTestNG.java:58)
]]>
            </full-stacktrace>
          </exception> <!-- org.openqa.selenium.NoSuchElementException -->
          <reporter-output>
          </reporter-output>
        </test-method> <!-- LoginAndLogout_MicrosoftEdge -->
        <test-method status="PASS" signature="aftermethod()[pri:0, instance:facebook.testSetD@5e3a8624]" name="aftermethod" is-config="true" duration-ms="869" started-at="2017-11-19T21:30:47Z" finished-at="2017-11-19T21:30:48Z">
          <reporter-output>
          </reporter-output>
        </test-method> <!-- aftermethod -->
      </class> <!-- facebook.testSetD -->
      <class name="amazon.TestSetAmazon">
        <test-method status="PASS" signature="SetUpPreDataMethod()[pri:0, instance:amazon.TestSetAmazon@6a4f787b]" name="SetUpPreDataMethod" is-config="true" duration-ms="250" started-at="2017-11-19T21:40:54Z" finished-at="2017-11-19T21:40:54Z">
          <reporter-output>
          </reporter-output>
        </test-method> <!-- SetUpPreDataMethod -->
        <test-method status="PASS" signature="SearchOnLandingPage()[pri:0, instance:amazon.TestSetAmazon@6a4f787b]" name="SearchOnLandingPage" duration-ms="110020" started-at="2017-11-19T21:40:54Z" finished-at="2017-11-19T21:42:44Z">
          <reporter-output>
          </reporter-output>
        </test-method> <!-- SearchOnLandingPage -->
        <test-method status="PASS" signature="SetUpPreDataMethod()[pri:0, instance:amazon.TestSetAmazon@6a4f787b]" name="SetUpPreDataMethod" is-config="true" duration-ms="252" started-at="2017-11-19T21:42:44Z" finished-at="2017-11-19T21:42:45Z">
          <reporter-output>
          </reporter-output>
        </test-method> <!-- SetUpPreDataMethod -->
        <test-method status="PASS" signature="TC_102()[pri:0, instance:amazon.TestSetAmazon@6a4f787b]" name="TC_102" duration-ms="690072" started-at="2017-11-19T21:42:45Z" finished-at="2017-11-19T21:54:15Z">
          <reporter-output>
          </reporter-output>
        </test-method> <!-- TC_102 -->
        <test-method status="PASS" signature="SetUpPreDataMethod()[pri:0, instance:amazon.TestSetAmazon@6a4f787b]" name="SetUpPreDataMethod" is-config="true" duration-ms="487" started-at="2017-11-19T21:54:15Z" finished-at="2017-11-19T21:54:15Z">
          <reporter-output>
          </reporter-output>
        </test-method> <!-- SetUpPreDataMethod -->
        <test-method status="FAIL" signature="TestCase_103()[pri:0, instance:amazon.TestSetAmazon@6a4f787b]" name="TestCase_103" duration-ms="75842" started-at="2017-11-19T21:54:15Z" finished-at="2017-11-19T21:55:31Z">
          <exception class="junit.framework.ComparisonFailure">
            <message>
              <![CDATA[expected:<[Pass]> but was:<[Fail]>]]>
            </message>
            <full-stacktrace>
              <![CDATA[junit.framework.ComparisonFailure: expected:<[Pass]> but was:<[Fail]>
	at junit.framework.Assert.assertEquals(Assert.java:100)
	at junit.framework.Assert.assertEquals(Assert.java:107)
	at amazon.TestSetAmazon.TestCase_103(TestSetAmazon.java:132)
	at sun.reflect.NativeMethodAccessorImpl.invoke0(Native Method)
	at sun.reflect.NativeMethodAccessorImpl.invoke(Unknown Source)
	at sun.reflect.DelegatingMethodAccessorImpl.invoke(Unknown Source)
	at java.lang.reflect.Method.invoke(Unknown Source)
	at org.testng.internal.MethodInvocationHelper.invokeMethod(MethodInvocationHelper.java:108)
	at org.testng.internal.Invoker.invokeMethod(Invoker.java:661)
	at org.testng.internal.Invoker.invokeTestMethod(Invoker.java:869)
	at org.testng.internal.Invoker.invokeTestMethods(Invoker.java:1193)
	at org.testng.internal.TestMethodWorker.invokeTestMethods(TestMethodWorker.java:126)
	at org.testng.internal.TestMethodWorker.run(TestMethodWorker.java:109)
	at org.testng.TestRunner.privateRun(TestRunner.java:744)
	at org.testng.TestRunner.run(TestRunner.java:602)
	at org.testng.SuiteRunner.runTest(SuiteRunner.java:380)
	at org.testng.SuiteRunner.runSequentially(SuiteRunner.java:375)
	at org.testng.SuiteRunner.privateRun(SuiteRunner.java:340)
	at org.testng.SuiteRunner.run(SuiteRunner.java:289)
	at org.testng.SuiteRunnerWorker.runSuite(SuiteRunnerWorker.java:52)
	at org.testng.SuiteRunnerWorker.run(SuiteRunnerWorker.java:86)
	at org.testng.TestNG.runSuitesSequentially(TestNG.java:1301)
	at org.testng.TestNG.runSuitesLocally(TestNG.java:1226)
	at org.testng.TestNG.runSuites(TestNG.java:1144)
	at org.testng.TestNG.run(TestNG.java:1115)
	at org.testng.remote.AbstractRemoteTestNG.run(AbstractRemoteTestNG.java:126)
	at org.testng.remote.RemoteTestNG.initAndRun(RemoteTestNG.java:137)
	at org.testng.remote.RemoteTestNG.main(RemoteTestNG.java:58)
]]>
            </full-stacktrace>
          </exception> <!-- junit.framework.ComparisonFailure -->
          <reporter-output>
          </reporter-output>
        </test-method> <!-- TestCase_103 -->
        <test-method status="PASS" signature="SetUpPreDataMethod()[pri:0, instance:amazon.TestSetAmazon@6a4f787b]" name="SetUpPreDataMethod" is-config="true" duration-ms="411" started-at="2017-11-19T21:55:31Z" finished-at="2017-11-19T21:55:31Z">
          <reporter-output>
          </reporter-output>
        </test-method> <!-- SetUpPreDataMethod -->
        <test-method status="PASS" signature="TestCase_104()[pri:0, instance:amazon.TestSetAmazon@6a4f787b]" name="TestCase_104" duration-ms="106680" started-at="2017-11-19T21:55:31Z" finished-at="2017-11-19T21:57:18Z">
          <reporter-output>
          </reporter-output>
        </test-method> <!-- TestCase_104 -->
        <test-method status="PASS" signature="SetUpPreDataMethod()[pri:0, instance:amazon.TestSetAmazon@6a4f787b]" name="SetUpPreDataMethod" is-config="true" duration-ms="253" started-at="2017-11-19T21:57:18Z" finished-at="2017-11-19T21:57:18Z">
          <reporter-output>
          </reporter-output>
        </test-method> <!-- SetUpPreDataMethod -->
        <test-method status="PASS" signature="TestCase_105()[pri:0, instance:amazon.TestSetAmazon@6a4f787b]" name="TestCase_105" duration-ms="88404" started-at="2017-11-19T21:57:18Z" finished-at="2017-11-19T21:58:47Z">
          <reporter-output>
          </reporter-output>
        </test-method> <!-- TestCase_105 -->
      </class> <!-- amazon.TestSetAmazon -->
      <class name="FirstClassWith2methods">
        <test-method status="PASS" signature="doFirst()[pri:0, instance:FirstClassWith2methods@77caeb3e]" name="doFirst" is-config="true" duration-ms="1737" started-at="2017-11-19T21:02:26Z" finished-at="2017-11-19T21:02:27Z">
          <reporter-output>
          </reporter-output>
        </test-method> <!-- doFirst -->
        <test-method status="PASS" signature="doFirst()[pri:0, instance:SecondClasssWith2Methods@1e88b3c]" name="doFirst" is-config="true" duration-ms="403" started-at="2017-11-19T21:02:27Z" finished-at="2017-11-19T21:02:28Z">
          <reporter-output>
          </reporter-output>
        </test-method> <!-- doFirst -->
        <test-method status="PASS" signature="SetUpPreData()[pri:0, instance:afterLoginIn.TestSetA@42d80b78]" name="SetUpPreData" is-config="true" duration-ms="202" started-at="2017-11-19T21:02:28Z" finished-at="2017-11-19T21:02:28Z">
          <reporter-output>
          </reporter-output>
        </test-method> <!-- SetUpPreData -->
        <test-method status="PASS" signature="SetUpPreData()[pri:0, instance:walmart.TestSetB@3bfdc050]" name="SetUpPreData" is-config="true" duration-ms="202" started-at="2017-11-19T21:02:28Z" finished-at="2017-11-19T21:02:28Z">
          <reporter-output>
          </reporter-output>
        </test-method> <!-- SetUpPreData -->
        <test-method status="PASS" signature="SetUpPreData()[pri:0, instance:hsbc.TestSetC@1bce4f0a]" name="SetUpPreData" is-config="true" duration-ms="202" started-at="2017-11-19T21:02:28Z" finished-at="2017-11-19T21:02:28Z">
          <reporter-output>
          </reporter-output>
        </test-method> <!-- SetUpPreData -->
        <test-method status="PASS" signature="SetUpPreData()[pri:0, instance:groupon.TestSet_E@5c3bd550]" name="SetUpPreData" is-config="true" duration-ms="203" started-at="2017-11-19T21:02:28Z" finished-at="2017-11-19T21:02:29Z">
          <reporter-output>
          </reporter-output>
        </test-method> <!-- SetUpPreData -->
        <test-method status="PASS" signature="SetUpPreData()[pri:0, instance:facebook.testSetD@5e3a8624]" name="SetUpPreData" is-config="true" duration-ms="202" started-at="2017-11-19T21:02:29Z" finished-at="2017-11-19T21:02:29Z">
          <reporter-output>
          </reporter-output>
        </test-method> <!-- SetUpPreData -->
        <test-method status="PASS" signature="doBeforeEveryMethod()[pri:0, instance:FirstClassWith2methods@77caeb3e]" name="doBeforeEveryMethod" is-config="true" duration-ms="405" started-at="2017-11-19T21:02:29Z" finished-at="2017-11-19T21:02:30Z">
          <reporter-output>
          </reporter-output>
        </test-method> <!-- doBeforeEveryMethod -->
        <test-method status="PASS" signature="UsersAreAbleToSearch()[pri:0, instance:FirstClassWith2methods@77caeb3e]" name="UsersAreAbleToSearch" duration-ms="130804" started-at="2017-11-19T21:02:30Z" finished-at="2017-11-19T21:04:40Z">
          <reporter-output>
          </reporter-output>
        </test-method> <!-- UsersAreAbleToSearch -->
        <test-method status="PASS" signature="doBeforeEveryMethod()[pri:0, instance:FirstClassWith2methods@77caeb3e]" name="doBeforeEveryMethod" is-config="true" duration-ms="2621" started-at="2017-11-19T21:04:40Z" finished-at="2017-11-19T21:04:43Z">
          <reporter-output>
          </reporter-output>
        </test-method> <!-- doBeforeEveryMethod -->
        <test-method status="PASS" signature="test2()[pri:0, instance:FirstClassWith2methods@77caeb3e]" name="test2" duration-ms="1" started-at="2017-11-19T21:04:43Z" finished-at="2017-11-19T21:04:43Z">
          <reporter-output>
          </reporter-output>
        </test-method> <!-- test2 -->
        <test-method status="PASS" signature="doLast()[pri:0, instance:FirstClassWith2methods@77caeb3e]" name="doLast" is-config="true" duration-ms="0" started-at="2017-11-19T21:58:47Z" finished-at="2017-11-19T21:58:47Z">
          <reporter-output>
          </reporter-output>
        </test-method> <!-- doLast -->
        <test-method status="PASS" signature="doLast()[pri:0, instance:SecondClasssWith2Methods@1e88b3c]" name="doLast" is-config="true" duration-ms="0" started-at="2017-11-19T21:58:47Z" finished-at="2017-11-19T21:58:47Z">
          <reporter-output>
          </reporter-output>
        </test-method> <!-- doLast -->
      </class> <!-- FirstClassWith2methods -->
      <class name="SecondClasssWith2Methods">
        <test-method status="PASS" signature="doBeforeEveryMethod()[pri:0, instance:SecondClasssWith2Methods@1e88b3c]" name="doBeforeEveryMethod" is-config="true" duration-ms="403" started-at="2017-11-19T21:04:43Z" finished-at="2017-11-19T21:04:43Z">
          <reporter-output>
          </reporter-output>
        </test-method> <!-- doBeforeEveryMethod -->
        <test-method status="PASS" signature="UsersAreAbleToSearch()[pri:0, instance:SecondClasssWith2Methods@1e88b3c]" name="UsersAreAbleToSearch" duration-ms="81615" started-at="2017-11-19T21:04:43Z" finished-at="2017-11-19T21:06:05Z">
          <reporter-output>
          </reporter-output>
        </test-method> <!-- UsersAreAbleToSearch -->
        <test-method status="PASS" signature="doBeforeEveryMethod()[pri:0, instance:SecondClasssWith2Methods@1e88b3c]" name="doBeforeEveryMethod" is-config="true" duration-ms="454" started-at="2017-11-19T21:06:05Z" finished-at="2017-11-19T21:06:06Z">
          <reporter-output>
          </reporter-output>
        </test-method> <!-- doBeforeEveryMethod -->
        <test-method status="PASS" signature="test2()[pri:0, instance:SecondClasssWith2Methods@1e88b3c]" name="test2" duration-ms="0" started-at="2017-11-19T21:06:06Z" finished-at="2017-11-19T21:06:06Z">
          <reporter-output>
          </reporter-output>
        </test-method> <!-- test2 -->
      </class> <!-- SecondClasssWith2Methods -->
      <class name="walmart.TestSetB">
        <test-method status="PASS" signature="SetUpPreDataMethod()[pri:0, instance:walmart.TestSetB@3bfdc050]" name="SetUpPreDataMethod" is-config="true" duration-ms="1173" started-at="2017-11-19T21:07:47Z" finished-at="2017-11-19T21:07:49Z">
          <reporter-output>
          </reporter-output>
        </test-method> <!-- SetUpPreDataMethod -->
        <test-method status="PASS" signature="TC_501_UsersAreAbleToSearch()[pri:0, instance:walmart.TestSetB@3bfdc050]" name="TC_501_UsersAreAbleToSearch" duration-ms="205228" started-at="2017-11-19T21:07:49Z" finished-at="2017-11-19T21:11:14Z">
          <reporter-output>
          </reporter-output>
        </test-method> <!-- TC_501_UsersAreAbleToSearch -->
        <test-method status="PASS" signature="SetUpPreDataMethod()[pri:0, instance:walmart.TestSetB@3bfdc050]" name="SetUpPreDataMethod" is-config="true" duration-ms="1058" started-at="2017-11-19T21:11:14Z" finished-at="2017-11-19T21:11:15Z">
          <reporter-output>
          </reporter-output>
        </test-method> <!-- SetUpPreDataMethod -->
        <test-method status="PASS" signature="TC_502_SelectDropdownValue()[pri:0, instance:walmart.TestSetB@3bfdc050]" name="TC_502_SelectDropdownValue" duration-ms="89482" started-at="2017-11-19T21:11:15Z" finished-at="2017-11-19T21:12:44Z">
          <reporter-output>
          </reporter-output>
        </test-method> <!-- TC_502_SelectDropdownValue -->
        <test-method status="PASS" signature="SetUpPreDataMethod()[pri:0, instance:walmart.TestSetB@3bfdc050]" name="SetUpPreDataMethod" is-config="true" duration-ms="965" started-at="2017-11-19T21:12:44Z" finished-at="2017-11-19T21:12:45Z">
          <reporter-output>
          </reporter-output>
        </test-method> <!-- SetUpPreDataMethod -->
[...]
Driver info: org.openqa.selenium.firefox.FirefoxDriver
Capabilities [{moz:profile=C:\Users\imran\AppData\Local\Temp\rust_mozprofile.0AnNAl0d7kr5, rotatable=false, timeouts={implicit=0, pageLoad=300000, script=30000}, pageLoadStrategy=normal, moz:headless=false, platform=XP, specificationLevel=0, moz:accessibilityChecks=false, acceptInsecureCerts=true, browserVersion=56.0.1, platformVersion=10.0, moz:processID=11840, browserName=firefox, javascriptEnabled=true, platformName=XP}]
Session ID: b84c4f2e-5499-4d83-99d6-3c5631dff69d
*** Element info: {Using=id, value=amazon-coupons}]]>
            </message>
            <full-stacktrace>
              <![CDATA[org.openqa.selenium.NoSuchElementException: Unable to locate element: #amazon\-coupons
For documentation on this error, please visit: http://seleniumhq.org/exceptions/no_such_element.html
Build info: version: '3.6.0', revision: '6fbf3ec767', time: '2017-09-27T16:15:40.131Z'
System info: host: 'DESKTOP-75OLIUH', ip: '192.168.112.1', os.name: 'Windows 10', os.arch: 'amd64', os.version: '10.0', java.version: '1.8.0_144'
Driver info: org.openqa.selenium.firefox.FirefoxDriver
Capabilities [{moz:profile=C:\Users\imran\AppData\Local\Temp\rust_mozprofile.0AnNAl0d7kr5, rotatable=false, timeouts={implicit=0, pageLoad=300000, script=30000}, pageLoadStrategy=normal, moz:headless=false, platform=XP, specificationLevel=0, moz:accessibilityChecks=false, acceptInsecureCerts=true, browserVersion=56.0.1, platformVersion=10.0, moz:processID=11840, browserName=firefox, javascriptEnabled=true, platformName=XP}]
Session ID: b84c4f2e-5499-4d83-99d6-3c5631dff69d
*** Element info: {Using=id, value=amazon-coupons}
	at sun.reflect.NativeConstructorAccessorImpl.newInstance0(Native Method)
	at sun.reflect.NativeConstructorAccessorImpl.newInstance(Unknown Source)
	at sun.reflect.DelegatingConstructorAccessorImpl.newInstance(Unknown Source)
	at java.lang.reflect.Constructor.newInstance(Unknown Source)
	at org.openqa.selenium.remote.http.W3CHttpResponseCodec.createException(W3CHttpResponseCodec.java:185)
	at org.openqa.selenium.remote.http.W3CHttpResponseCodec.decode(W3CHttpResponseCodec.java:120)
	at org.openqa.selenium.remote.http.W3CHttpResponseCodec.decode(W3CHttpResponseCodec.java:49)
	at org.openqa.selenium.remote.HttpCommandExecutor.execute(HttpCommandExecutor.java:164)
	at org.openqa.selenium.remote.service.DriverCommandExecutor.execute(DriverCommandExecutor.java:83)
	at org.openqa.selenium.remote.RemoteWebDriver.execute(RemoteWebDriver.java:586)
	at org.openqa.selenium.remote.RemoteWebDriver.findElement(RemoteWebDriver.java:356)
	at org.openqa.selenium.remote.RemoteWebDriver.findElementById(RemoteWebDriver.java:402)
	at org.openqa.selenium.By$ById.findElement(By.java:218)
	at org.openqa.selenium.remote.RemoteWebDriver.findElement(RemoteWebDriver.java:348)
	at groupon.TestSet_E.TC_404_HighlightElementsUnderCOUPON(TestSet_E.java:180)
	at sun.reflect.NativeMethodAccessorImpl.invoke0(Native Method)
	at sun.reflect.NativeMethodAccessorImpl.invoke(Unknown Source)
	at sun.reflect.DelegatingMethodAccessorImpl.invoke(Unknown Source)
	at java.lang.reflect.Method.invoke(Unknown Source)
	at org.testng.internal.MethodInvocationHelper.invokeMethod(MethodInvocationHelper.java:108)
	at org.testng.internal.Invoker.invokeMethod(Invoker.java:661)
	at org.testng.internal.Invoker.invokeTestMethod(Invoker.java:869)
	at org.testng.internal.Invoker.invokeTestMethods(Invoker.java:1193)
	at org.testng.internal.TestMethodWorker.invokeTestMethods(TestMethodWorker.java:126)
	at org.testng.internal.TestMethodWorker.run(TestMethodWorker.java:109)
	at org.testng.TestRunner.privateRun(TestRunner.java:744)
	at org.testng.TestRunner.run(TestRunner.java:602)
	at org.testng.SuiteRunner.runTest(SuiteRunner.java:380)
	at org.testng.SuiteRunner.runSequentially(SuiteRunner.java:375)
	at org.testng.SuiteRunner.privateRun(SuiteRunner.java:340)
	at org.testng.SuiteRunner.run(SuiteRunner.java:289)
	at org.testng.SuiteRunnerWorker.runSuite(SuiteRunnerWorker.java:52)
	at org.testng.SuiteRunnerWorker.run(SuiteRunnerWorker.java:86)
	at org.testng.TestNG.runSuitesSequentially(TestNG.java:1301)
	at org.testng.TestNG.runSuitesLocally(TestNG.java:1226)
	at org.testng.TestNG.runSuites(TestNG.java:1144)
	at org.testng.TestNG.run(TestNG.java:1115)
	at org.testng.remote.AbstractRemoteTestNG.run(AbstractRemoteTestNG.java:126)
	at org.testng.remote.RemoteTestNG.initAndRun(RemoteTestNG.java:137)
	at org.testng.remote.RemoteTestNG.main(RemoteTestNG.java:58)
]]>
            </full-stacktrace>
          </exception> <!-- org.openqa.selenium.NoSuchElementException -->
          <reporter-output>
          </reporter-output>
        </test-method> <!-- TC_404_HighlightElementsUnderCOUPON -->
        <test-method status="PASS" signature="SetUpPreDataMethod()[pri:0, instance:groupon.TestSet_E@5c3bd550]" name="SetUpPreDataMethod" is-config="true" duration-ms="857" started-at="2017-11-19T21:32:40Z" finished-at="2017-11-19T21:32:41Z">
          <reporter-output>
          </reporter-output>
        </test-method> <!-- SetUpPreDataMethod -->
        <test-method status="PASS" signature="TC_405_Searchability_SPA_11372()[pri:0, instance:groupon.TestSet_E@5c3bd550]" name="TC_405_Searchability_SPA_11372" duration-ms="74074" started-at="2017-11-19T21:32:41Z" finished-at="2017-11-19T21:33:55Z">
          <reporter-output>
          </reporter-output>
        </test-method> <!-- TC_405_Searchability_SPA_11372 -->
        <test-method status="PASS" signature="SetUpPreDataMethod()[pri:0, instance:groupon.TestSet_E@5c3bd550]" name="SetUpPreDataMethod" is-config="true" duration-ms="858" started-at="2017-11-19T21:33:55Z" finished-at="2017-11-19T21:33:56Z">
          <reporter-output>
          </reporter-output>
        </test-method> <!-- SetUpPreDataMethod -->
        <test-method status="PASS" signature="TC_406_Searchability_restaurants()[pri:0, instance:groupon.TestSet_E@5c3bd550]" name="TC_406_Searchability_restaurants" duration-ms="72524" started-at="2017-11-19T21:33:56Z" finished-at="2017-11-19T21:35:09Z">
          <reporter-output>
          </reporter-output>
        </test-method> <!-- TC_406_Searchability_restaurants -->
        <test-method status="PASS" signature="SetUpPreDataMethod()[pri:0, instance:groupon.TestSet_E@5c3bd550]" name="SetUpPreDataMethod" is-config="true" duration-ms="857" started-at="2017-11-19T21:35:09Z" finished-at="2017-11-19T21:35:09Z">
          <reporter-output>
          </reporter-output>
        </test-method> <!-- SetUpPreDataMethod -->
        <test-method status="PASS" signature="TC_407_Searchability_Public_Library()[pri:0, instance:groupon.TestSet_E@5c3bd550]" name="TC_407_Searchability_Public_Library" duration-ms="73519" started-at="2017-11-19T21:35:09Z" finished-at="2017-11-19T21:36:23Z">
          <reporter-output>
          </reporter-output>
        </test-method> <!-- TC_407_Searchability_Public_Library -->
        <test-method status="PASS" signature="SetUpPreDataMethod()[pri:0, instance:groupon.TestSet_E@5c3bd550]" name="SetUpPreDataMethod" is-config="true" duration-ms="859" started-at="2017-11-19T21:36:23Z" finished-at="2017-11-19T21:36:24Z">
          <reporter-output>
          </reporter-output>
        </test-method> <!-- SetUpPreDataMethod -->
        <test-method status="PASS" signature="TC_408_Searchability_Grocery()[pri:0, instance:groupon.TestSet_E@5c3bd550]" name="TC_408_Searchability_Grocery" duration-ms="72483" started-at="2017-11-19T21:36:24Z" finished-at="2017-11-19T21:37:36Z">
          <reporter-output>
          </reporter-output>
        </test-method> <!-- TC_408_Searchability_Grocery -->
        <test-method status="PASS" signature="SetUpPreDataMethod()[pri:0, instance:groupon.TestSet_E@5c3bd550]" name="SetUpPreDataMethod" is-config="true" duration-ms="860" started-at="2017-11-19T21:37:36Z" finished-at="2017-11-19T21:37:37Z">
          <reporter-output>
          </reporter-output>
        </test-method> <!-- SetUpPreDataMethod -->
        <test-method status="FAIL" signature="TC_409_Searchability_Fitness()[pri:0, instance:groupon.TestSet_E@5c3bd550]" name="TC_409_Searchability_Fitness" duration-ms="29094" started-at="2017-11-19T21:37:37Z" finished-at="2017-11-19T21:38:06Z">
          <exception class="org.openqa.selenium.InvalidElementStateException">
            <message>
              <![CDATA[Element is not enabled
Build info: version: '3.6.0', revision: '6fbf3ec767', time: '2017-09-27T16:15:40.131Z'
System info: host: 'DESKTOP-75OLIUH', ip: '192.168.112.1', os.name: 'Windows 10', os.arch: 'amd64', os.version: '10.0', java.version: '1.8.0_144'
Driver info: org.openqa.selenium.firefox.FirefoxDriver
Capabilities [{moz:profile=C:\Users\imran\AppData\Local\Temp\rust_mozprofile.ypUBlvjaaL1M, rotatable=false, timeouts={implicit=0, pageLoad=300000, script=30000}, pageLoadStrategy=normal, moz:headless=false, platform=XP, specificationLevel=0, moz:accessibilityChecks=false, acceptInsecureCerts=true, browserVersion=56.0.1, platformVersion=10.0, moz:processID=12416, browserName=firefox, javascriptEnabled=true, platformName=XP}]
Session ID: bce26c60-c1e1-4c23-a832-5a0025cec3e9]]>
            </message>
            <full-stacktrace>
              <![CDATA[org.openqa.selenium.InvalidElementStateException: Element is not enabled
Build info: version: '3.6.0', revision: '6fbf3ec767', time: '2017-09-27T16:15:40.131Z'
System info: host: 'DESKTOP-75OLIUH', ip: '192.168.112.1', os.name: 'Windows 10', os.arch: 'amd64', os.version: '10.0', java.version: '1.8.0_144'
Driver info: org.openqa.selenium.firefox.FirefoxDriver
Capabilities [{moz:profile=C:\Users\imran\AppData\Local\Temp\rust_mozprofile.ypUBlvjaaL1M, rotatable=false, timeouts={implicit=0, pageLoad=300000, script=30000}, pageLoadStrategy=normal, moz:headless=false, platform=XP, specificationLevel=0, moz:accessibilityChecks=false, acceptInsecureCerts=true, browserVersion=56.0.1, platformVersion=10.0, moz:processID=12416, browserName=firefox, javascriptEnabled=true, platformName=XP}]
Session ID: bce26c60-c1e1-4c23-a832-5a0025cec3e9
	at sun.reflect.NativeConstructorAccessorImpl.newInstance0(Native Method)
	at sun.reflect.NativeConstructorAccessorImpl.newInstance(Unknown Source)
	at sun.reflect.DelegatingConstructorAccessorImpl.newInstance(Unknown Source)
	at java.lang.reflect.Constructor.newInstance(Unknown Source)
	at org.openqa.selenium.remote.http.W3CHttpResponseCodec.createException(W3CHttpResponseCodec.java:185)
	at org.openqa.selenium.remote.http.W3CHttpResponseCodec.decode(W3CHttpResponseCodec.java:120)
	at org.openqa.selenium.remote.http.W3CHttpResponseCodec.decode(W3CHttpResponseCodec.java:49)
	at org.openqa.selenium.remote.HttpCommandExecutor.execute(HttpCommandExecutor.java:164)
	at org.openqa.selenium.remote.service.DriverCommandExecutor.execute(DriverCommandExecutor.java:83)
	at org.openqa.selenium.remote.RemoteWebDriver.execute(RemoteWebDriver.java:586)
	at org.openqa.selenium.remote.RemoteWebElement.execute(RemoteWebElement.java:279)
	at org.openqa.selenium.remote.RemoteWebElement.click(RemoteWebElement.java:83)
	at groupon.TestSet_E.CommonSearcOnLandingPAGE(TestSet_E.java:206)
	at groupon.TestSet_E.TC_409_Searchability_Fitness(TestSet_E.java:252)
	at sun.reflect.NativeMethodAccessorImpl.invoke0(Native Method)
	at sun.reflect.NativeMethodAccessorImpl.invoke(Unknown Source)
	at sun.reflect.DelegatingMethodAccessorImpl.invoke(Unknown Source)
	at java.lang.reflect.Method.invoke(Unknown Source)
	at org.testng.internal.MethodInvocationHelper.invokeMethod(MethodInvocationHelper.java:108)
	at org.testng.internal.Invoker.invokeMethod(Invoker.java:661)
	at org.testng.internal.Invoker.invokeTestMethod(Invoker.java:869)
	at org.testng.internal.Invoker.invokeTestMethods(Invoker.java:1193)
	at org.testng.internal.TestMethodWorker.invokeTestMethods(TestMethodWorker.java:126)
	at org.testng.internal.TestMethodWorker.run(TestMethodWorker.java:109)
	at org.testng.TestRunner.privateRun(TestRunner.java:744)
	at org.testng.TestRunner.run(TestRunner.java:602)
	at org.testng.SuiteRunner.runTest(SuiteRunner.java:380)
	at org.testng.SuiteRunner.runSequentially(SuiteRunner.java:375)
	at org.testng.SuiteRunner.privateRun(SuiteRunner.java:340)
	at org.testng.SuiteRunner.run(SuiteRunner.java:289)
	at org.testng.SuiteRunnerWorker.runSuite(SuiteRunnerWorker.java:52)
	at org.testng.SuiteRunnerWorker.run(SuiteRunnerWorker.java:86)
	at org.testng.TestNG.runSuitesSequentially(TestNG.java:1301)
	at org.testng.TestNG.runSuitesLocally(TestNG.java:1226)
	at org.testng.TestNG.runSuites(TestNG.java:1144)
	at org.testng.TestNG.run(TestNG.java:1115)
	at org.testng.remote.AbstractRemoteTestNG.run(AbstractRemoteTestNG.java:126)
	at org.testng.remote.RemoteTestNG.initAndRun(RemoteTestNG.java:137)
	at org.testng.remote.RemoteTestNG.main(RemoteTestNG.java:58)
]]>
            </full-stacktrace>
          </exception> <!-- org.openqa.selenium.InvalidElementStateException -->
          <reporter-output>
          </reporter-output>
        </test-method> <!-- TC_409_Searchability_Fitness -->
        <test-method status="PASS" signature="SetUpPreDataMethod()[pri:0, instance:groupon.TestSet_E@5c3bd550]" name="SetUpPreDataMethod" is-config="true" duration-ms="957" started-at="2017-11-19T21:38:06Z" finished-at="2017-11-19T21:38:07Z">
          <reporter-output>
          </reporter-output>
        </test-method> <!-- SetUpPreDataMethod -->
        <test-method status="PASS" signature="TC_410_Searchability_yoga()[pri:0, instance:groupon.TestSet_E@5c3bd550]" name="TC_410_Searchability_yoga" duration-ms="70646" started-at="2017-11-19T21:38:07Z" finished-at="2017-11-19T21:39:18Z">
          <reporter-output>
          </reporter-output>
        </test-method> <!-- TC_410_Searchability_yoga -->
        <test-method status="PASS" signature="SetUpPreDataMethod()[pri:0, instance:groupon.TestSet_E@5c3bd550]" name="SetUpPreDataMethod" is-config="true" duration-ms="910" started-at="2017-11-19T21:39:18Z" finished-at="2017-11-19T21:39:19Z">
          <reporter-output>
          </reporter-output>
        </test-method> <!-- SetUpPreDataMethod -->
        <test-method status="FAIL" signature="TC_411_Searchability_spaMessage()[pri:0, instance:groupon.TestSet_E@5c3bd550]" name="TC_411_Searchability_spaMessage" duration-ms="31823" started-at="2017-11-19T21:39:19Z" finished-at="2017-11-19T21:39:51Z">
          <exception class="org.openqa.selenium.InvalidElementStateException">
            <message>
              <![CDATA[Element is not enabled
Build info: version: '3.6.0', revision: '6fbf3ec767', time: '2017-09-27T16:15:40.131Z'
System info: host: 'DESKTOP-75OLIUH', ip: '192.168.112.1', os.name: 'Windows 10', os.arch: 'amd64', os.version: '10.0', java.version: '1.8.0_144'
Driver info: org.openqa.selenium.firefox.FirefoxDriver
Capabilities [{moz:profile=C:\Users\imran\AppData\Local\Temp\rust_mozprofile.j2ShVgwrTI0L, rotatable=false, timeouts={implicit=0, pageLoad=300000, script=30000}, pageLoadStrategy=normal, moz:headless=false, platform=XP, specificationLevel=0, moz:accessibilityChecks=false, acceptInsecureCerts=true, browserVersion=56.0.1, platformVersion=10.0, moz:processID=9568, browserName=firefox, javascriptEnabled=true, platformName=XP}]
Session ID: 81a2c89a-74ed-4c61-9155-778265e01554]]>
            </message>
            <full-stacktrace>
              <![CDATA[org.openqa.selenium.InvalidElementStateException: Element is not enabled
Build info: version: '3.6.0', revision: '6fbf3ec767', time: '2017-09-27T16:15:40.131Z'
System info: host: 'DESKTOP-75OLIUH', ip: '192.168.112.1', os.name: 'Windows 10', os.arch: 'amd64', os.version: '10.0', java.version: '1.8.0_144'
Driver info: org.openqa.selenium.firefox.FirefoxDriver
Capabilities [{moz:profile=C:\Users\imran\AppData\Local\Temp\rust_mozprofile.j2ShVgwrTI0L, rotatable=false, timeouts={implicit=0, pageLoad=300000, script=30000}, pageLoadStrategy=normal, moz:headless=false, platform=XP, specificationLevel=0, moz:accessibilityChecks=false, acceptInsecureCerts=true, browserVersion=56.0.1, platformVersion=10.0, moz:processID=9568, browserName=firefox, javascriptEnabled=true, platformName=XP}]
Session ID: 81a2c89a-74ed-4c61-9155-778265e01554
	at sun.reflect.NativeConstructorAccessorImpl.newInstance0(Native Method)
	at sun.reflect.NativeConstructorAccessorImpl.newInstance(Unknown Source)
	at sun.reflect.DelegatingConstructorAccessorImpl.newInstance(Unknown Source)
	at java.lang.reflect.Constructor.newInstance(Unknown Source)
	at org.openqa.selenium.remote.http.W3CHttpResponseCodec.createException(W3CHttpResponseCodec.java:185)
	at org.openqa.selenium.remote.http.W3CHttpResponseCodec.decode(W3CHttpResponseCodec.java:120)
	at org.openqa.selenium.remote.http.W3CHttpResponseCodec.decode(W3CHttpResponseCodec.java:49)
	at org.openqa.selenium.remote.HttpCommandExecutor.execute(HttpCommandExecutor.java:164)
	at org.openqa.selenium.remote.service.DriverCommandExecutor.execute(DriverCommandExecutor.java:83)
	at org.openqa.selenium.remote.RemoteWebDriver.execute(RemoteWebDriver.java:586)
	at org.openqa.selenium.remote.RemoteWebElement.execute(RemoteWebElement.java:279)
	at org.openqa.selenium.remote.RemoteWebElement.click(RemoteWebElement.java:83)
	at groupon.TestSet_E.CommonSearcOnLandingPAGE(TestSet_E.java:206)
	at groupon.TestSet_E.TC_411_Searchability_spaMessage(TestSet_E.java:262)
	at sun.reflect.NativeMethodAccessorImpl.invoke0(Native Method)
	at sun.reflect.NativeMethodAccessorImpl.invoke(Unknown Source)
	at sun.reflect.DelegatingMethodAccessorImpl.invoke(Unknown Source)
	at java.lang.reflect.Method.invoke(Unknown Source)
	at org.testng.internal.MethodInvocationHelper.invokeMethod(MethodInvocationHelper.java:108)
	at org.testng.internal.Invoker.invokeMethod(Invoker.java:661)
	at org.testng.internal.Invoker.invokeTestMethod(Invoker.java:869)
	at org.testng.internal.Invoker.invokeTestMethods(Invoker.java:1193)
	at org.testng.internal.TestMethodWorker.invokeTestMethods(TestMethodWorker.java:126)
	at org.testng.internal.TestMethodWorker.run(TestMethodWorker.java:109)
	at org.testng.TestRunner.privateRun(TestRunner.java:744)
	at org.testng.TestRunner.run(TestRunner.java:602)
	at org.testng.SuiteRunner.runTest(SuiteRunner.java:380)
	at org.testng.SuiteRunner.runSequentially(SuiteRunner.java:375)
	at org.testng.SuiteRunner.privateRun(SuiteRunner.java:340)
	at org.testng.SuiteRunner.run(SuiteRunner.java:289)
	at org.testng.SuiteRunnerWorker.runSuite(SuiteRunnerWorker.java:52)
	at org.testng.SuiteRunnerWorker.run(SuiteRunnerWorker.java:86)
	at org.testng.TestNG.runSuitesSequentially(TestNG.java:1301)
	at org.testng.TestNG.runSuitesLocally(TestNG.java:1226)
	at org.testng.TestNG.runSuites(TestNG.java:1144)
	at org.testng.TestNG.run(TestNG.java:1115)
	at org.testng.remote.AbstractRemoteTestNG.run(AbstractRemoteTestNG.java:126)
	at org.testng.remote.RemoteTestNG.initAndRun(RemoteTestNG.java:137)
	at org.testng.remote.RemoteTestNG.main(RemoteTestNG.java:58)
]]>
            </full-stacktrace>
          </exception> <!-- org.openqa.selenium.InvalidElementStateException -->
          <reporter-output>
          </reporter-output>
        </test-method> <!-- TC_411_Searchability_spaMessage -->
        <test-method status="PASS" signature="SetUpPreDataMethod()[pri:0, instance:groupon.TestSet_E@5c3bd550]" name="SetUpPreDataMethod" is-config="true" duration-ms="1224" started-at="2017-11-19T21:39:51Z" finished-at="2017-11-19T21:39:52Z">
          <reporter-output>
          </reporter-output>
        </test-method> <!-- SetUpPreDataMethod -->
        <test-method status="PASS" signature="TC_801_testOne()[pri:0, instance:groupon.TestSet_E@5c3bd550]" name="TC_801_testOne" duration-ms="62174" started-at="2017-11-19T21:39:52Z" finished-at="2017-11-19T21:40:54Z">
          <reporter-output>
          </reporter-output>
        </test-method> <!-- TC_801_testOne -->
      </class> <!-- groupon.TestSet_E -->
    </test> <!-- all -->
  </suite> <!-- all -->
</testng-results>
