<?xml version="1.0" encoding="UTF-8"?>
<testng-results skipped="0" failed="66" ignored="4" total="129" passed="59">
  <reporter-output>
  </reporter-output>
  <suite name="all" duration-ms="4990399" started-at="2018-05-18T20:36:29Z" finished-at="2018-05-18T21:59:40Z">
    <groups>
      <group name="A">
        <method signature="Group.F1()[pri:0, instance:Group@4f7d0008]" name="F1" class="Group"/>
        <method signature="Group.F3()[pri:0, instance:Group@4f7d0008]" name="F3" class="Group"/>
        <method signature="Group.F6()[pri:0, instance:Group@4f7d0008]" name="F6" class="Group"/>
      </group> <!-- A -->
      <group name="B">
        <method signature="Group.F2()[pri:0, instance:Group@4f7d0008]" name="F2" class="Group"/>
        <method signature="Group.F5()[pri:0, instance:Group@4f7d0008]" name="F5" class="Group"/>
      </group> <!-- B -->
      <group name="C">
        <method signature="Group.F4()[pri:0, instance:Group@4f7d0008]" name="F4" class="Group"/>
      </group> <!-- C -->
    </groups>
    <test name="all" duration-ms="4990399" started-at="2018-05-18T20:36:29Z" finished-at="2018-05-18T21:59:40Z">
      <class name="usps.TestSetJ">
        <test-method status="PASS" signature="SetUpPreDataMethod()[pri:0, instance:usps.TestSetJ@4cf777e8]" name="SetUpPreDataMethod" is-config="true" duration-ms="840" started-at="2018-05-18T17:36:06Z" finished-at="2018-05-18T17:36:07Z">
          <reporter-output>
          </reporter-output>
        </test-method> <!-- SetUpPreDataMethod -->
        <test-method status="FAIL" signature="TC_01_FindZipCode()[pri:0, instance:usps.TestSetJ@4cf777e8]" name="TC_01_FindZipCode" duration-ms="15861" started-at="2018-05-18T17:36:07Z" finished-at="2018-05-18T17:36:23Z">
          <exception class="org.openqa.selenium.NoSuchElementException">
            <message>
              <![CDATA[no such element: Unable to locate element: {"method":"xpath","selector":"//*[@id="global-menu"]/div/nav/ol/li[3]/a/span[1]"}
  (Session info: chrome=66.0.3359.181)
  (Driver info: chromedriver=2.36.540470 (e522d04694c7ebea4ba8821272dbef4f9b818c91),platform=Windows NT 10.0.17134 x86_64) (WARNING: The server did not provide any stacktrace information)
Command duration or timeout: 0 milliseconds
For documentation on this error, please visit: http://seleniumhq.org/exceptions/no_such_element.html
Build info: version: '3.6.0', revision: '6fbf3ec767', time: '2017-09-27T16:15:40.131Z'
System info: host: 'DESKTOP-75OLIUH', ip: '192.168.1.25', os.name: 'Windows 10', os.arch: 'amd64', os.version: '10.0', java.version: '1.8.0_144'
Driver info: org.openqa.selenium.chrome.ChromeDriver
Capabilities [{mobileEmulationEnabled=false, hasTouchScreen=false, platform=XP, acceptSslCerts=false, acceptInsecureCerts=false, webStorageEnabled=true, browserName=chrome, takesScreenshot=true, javascriptEnabled=true, platformName=XP, setWindowRect=true, unexpectedAlertBehaviour=, applicationCacheEnabled=false, rotatable=false, networkConnectionEnabled=false, chrome={chromedriverVersion=2.36.540470 (e522d04694c7ebea4ba8821272dbef4f9b818c91), userDataDir=C:\Users\imran\AppData\Local\Temp\scoped_dir11708_19284}, takesHeapSnapshot=true, pageLoadStrategy=normal, unhandledPromptBehavior=, databaseEnabled=false, handlesAlerts=true, version=66.0.3359.181, browserConnectionEnabled=false, nativeEvents=true, locationContextEnabled=true, cssSelectorsEnabled=true}]
Session ID: dc5af55af7b89e33f54db3524ddfe7ad
*** Element info: {Using=xpath, value=//*[@id="global-menu"]/div/nav/ol/li[3]/a/span[1]}]]>
            </message>
            <full-stacktrace>
              <![CDATA[org.openqa.selenium.NoSuchElementException: no such element: Unable to locate element: {"method":"xpath","selector":"//*[@id="global-menu"]/div/nav/ol/li[3]/a/span[1]"}
  (Session info: chrome=66.0.3359.181)
  (Driver info: chromedriver=2.36.540470 (e522d04694c7ebea4ba8821272dbef4f9b818c91),platform=Windows NT 10.0.17134 x86_64) (WARNING: The server did not provide any stacktrace information)
Command duration or timeout: 0 milliseconds
For documentation on this error, please visit: http://seleniumhq.org/exceptions/no_such_element.html
Build info: version: '3.6.0', revision: '6fbf3ec767', time: '2017-09-27T16:15:40.131Z'
System info: host: 'DESKTOP-75OLIUH', ip: '192.168.1.25', os.name: 'Windows 10', os.arch: 'amd64', os.version: '10.0', java.version: '1.8.0_144'
Driver info: org.openqa.selenium.chrome.ChromeDriver
Capabilities [{mobileEmulationEnabled=false, hasTouchScreen=false, platform=XP, acceptSslCerts=false, acceptInsecureCerts=false, webStorageEnabled=true, browserName=chrome, takesScreenshot=true, javascriptEnabled=true, platformName=XP, setWindowRect=true, unexpectedAlertBehaviour=, applicationCacheEnabled=false, rotatable=false, networkConnectionEnabled=false, chrome={chromedriverVersion=2.36.540470 (e522d04694c7ebea4ba8821272dbef4f9b818c91), userDataDir=C:\Users\imran\AppData\Local\Temp\scoped_dir11708_19284}, takesHeapSnapshot=true, pageLoadStrategy=normal, unhandledPromptBehavior=, databaseEnabled=false, handlesAlerts=true, version=66.0.3359.181, browserConnectionEnabled=false, nativeEvents=true, locationContextEnabled=true, cssSelectorsEnabled=true}]
Session ID: dc5af55af7b89e33f54db3524ddfe7ad
*** Element info: {Using=xpath, value=//*[@id="global-menu"]/div/nav/ol/li[3]/a/span[1]}
	at sun.reflect.NativeConstructorAccessorImpl.newInstance0(Native Method)
	at sun.reflect.NativeConstructorAccessorImpl.newInstance(Unknown Source)
	at sun.reflect.DelegatingConstructorAccessorImpl.newInstance(Unknown Source)
	at java.lang.reflect.Constructor.newInstance(Unknown Source)
	at org.openqa.selenium.remote.ErrorHandler.createThrowable(ErrorHandler.java:214)
	at org.openqa.selenium.remote.ErrorHandler.throwIfResponseFailed(ErrorHandler.java:166)
	at org.openqa.selenium.remote.http.JsonHttpResponseCodec.reconstructValue(JsonHttpResponseCodec.java:40)
	at org.openqa.selenium.remote.http.AbstractHttpResponseCodec.decode(AbstractHttpResponseCodec.java:82)
	at org.openqa.selenium.remote.http.AbstractHttpResponseCodec.decode(AbstractHttpResponseCodec.java:45)
	at org.openqa.selenium.remote.HttpCommandExecutor.execute(HttpCommandExecutor.java:164)
	at org.openqa.selenium.remote.service.DriverCommandExecutor.execute(DriverCommandExecutor.java:83)
	at org.openqa.selenium.remote.RemoteWebDriver.execute(RemoteWebDriver.java:586)
	at org.openqa.selenium.remote.RemoteWebDriver.findElement(RemoteWebDriver.java:356)
	at org.openqa.selenium.remote.RemoteWebDriver.findElementByXPath(RemoteWebDriver.java:458)
	at org.openqa.selenium.By$ByXPath.findElement(By.java:361)
	at org.openqa.selenium.remote.RemoteWebDriver.findElement(RemoteWebDriver.java:348)
	at usps.TestSetJ.TC_01_FindZipCode(TestSetJ.java:47)
	at sun.reflect.NativeMethodAccessorImpl.invoke0(Native Method)
	at sun.reflect.NativeMethodAccessorImpl.invoke(Unknown Source)
	at sun.reflect.DelegatingMethodAccessorImpl.invoke(Unknown Source)
	at java.lang.reflect.Method.invoke(Unknown Source)
	at org.testng.internal.MethodInvocationHelper.invokeMethod(MethodInvocationHelper.java:108)
	at org.testng.internal.Invoker.invokeMethod(Invoker.java:661)
	at org.testng.internal.Invoker.invokeTestMethod(Invoker.java:869)
	at org.testng.internal.Invoker.invokeTestMethods(Invoker.java:1193)
	at org.testng.internal.TestMethodWorker.invokeTestMethods(TestMethodWorker.java:126)
	at org.testng.internal.TestMethodWorker.run(TestMethodWorker.java:109)
	at org.testng.TestRunner.privateRun(TestRunner.java:744)
	at org.testng.TestRunner.run(TestRunner.java:602)
	at org.testng.SuiteRunner.runTest(SuiteRunner.java:380)
	at org.testng.SuiteRunner.runSequentially(SuiteRunner.java:375)
	at org.testng.SuiteRunner.privateRun(SuiteRunner.java:340)
	at org.testng.SuiteRunner.run(SuiteRunner.java:289)
	at org.testng.SuiteRunnerWorker.runSuite(SuiteRunnerWorker.java:52)
	at org.testng.SuiteRunnerWorker.run(SuiteRunnerWorker.java:86)
	at org.testng.TestNG.runSuitesSequentially(TestNG.java:1301)
	at org.testng.TestNG.runSuitesLocally(TestNG.java:1226)
	at org.testng.TestNG.runSuites(TestNG.java:1144)
	at org.testng.TestNG.run(TestNG.java:1115)
	at org.testng.remote.AbstractRemoteTestNG.run(AbstractRemoteTestNG.java:126)
	at org.testng.remote.RemoteTestNG.initAndRun(RemoteTestNG.java:137)
	at org.testng.remote.RemoteTestNG.main(RemoteTestNG.java:58)
]]>
            </full-stacktrace>
          </exception> <!-- org.openqa.selenium.NoSuchElementException -->
          <reporter-output>
          </reporter-output>
        </test-method> <!-- TC_01_FindZipCode -->
        <test-method status="PASS" signature="SetUpPreDataMethod()[pri:0, instance:usps.TestSetJ@4cf777e8]" name="SetUpPreDataMethod" is-config="true" duration-ms="762" started-at="2018-05-18T17:36:23Z" finished-at="2018-05-18T17:36:23Z">
          <reporter-output>
          </reporter-output>
        </test-method> <!-- SetUpPreDataMethod -->
        <test-method status="FAIL" signature="TC_02_CalculateAprice()[pri:0, instance:usps.TestSetJ@4cf777e8]" name="TC_02_CalculateAprice" duration-ms="12116" started-at="2018-05-18T17:36:23Z" finished-at="2018-05-18T17:36:36Z">
          <exception class="org.openqa.selenium.NoSuchElementException">
            <message>
              <![CDATA[no such element: Unable to locate element: {"method":"xpath","selector":"//*[@id="global-menu"]/div/nav/ol/li[3]/a/span[1]"}
  (Session info: chrome=66.0.3359.181)
  (Driver info: chromedriver=2.36.540470 (e522d04694c7ebea4ba8821272dbef4f9b818c91),platform=Windows NT 10.0.17134 x86_64) (WARNING: The server did not provide any stacktrace information)
Command duration or timeout: 0 milliseconds
For documentation on this error, please visit: http://seleniumhq.org/exceptions/no_such_element.html
Build info: version: '3.6.0', revision: '6fbf3ec767', time: '2017-09-27T16:15:40.131Z'
System info: host: 'DESKTOP-75OLIUH', ip: '192.168.1.25', os.name: 'Windows 10', os.arch: 'amd64', os.version: '10.0', java.version: '1.8.0_144'
Driver info: org.openqa.selenium.chrome.ChromeDriver
Capabilities [{mobileEmulationEnabled=false, hasTouchScreen=false, platform=XP, acceptSslCerts=false, acceptInsecureCerts=false, webStorageEnabled=true, browserName=chrome, takesScreenshot=true, javascriptEnabled=true, platformName=XP, setWindowRect=true, unexpectedAlertBehaviour=, applicationCacheEnabled=false, rotatable=false, networkConnectionEnabled=false, chrome={chromedriverVersion=2.36.540470 (e522d04694c7ebea4ba8821272dbef4f9b818c91), userDataDir=C:\Users\imran\AppData\Local\Temp\scoped_dir10408_23018}, takesHeapSnapshot=true, pageLoadStrategy=normal, unhandledPromptBehavior=, databaseEnabled=false, handlesAlerts=true, version=66.0.3359.181, browserConnectionEnabled=false, nativeEvents=true, locationContextEnabled=true, cssSelectorsEnabled=true}]
Session ID: 84e4885432e1454a8b3afe499d933949
*** Element info: {Using=xpath, value=//*[@id="global-menu"]/div/nav/ol/li[3]/a/span[1]}]]>
            </message>
            <full-stacktrace>
              <![CDATA[org.openqa.selenium.NoSuchElementException: no such element: Unable to locate element: {"method":"xpath","selector":"//*[@id="global-menu"]/div/nav/ol/li[3]/a/span[1]"}
  (Session info: chrome=66.0.3359.181)
  (Driver info: chromedriver=2.36.540470 (e522d04694c7ebea4ba8821272dbef4f9b818c91),platform=Windows NT 10.0.17134 x86_64) (WARNING: The server did not provide any stacktrace information)
Command duration or timeout: 0 milliseconds
For documentation on this error, please visit: http://seleniumhq.org/exceptions/no_such_element.html
Build info: version: '3.6.0', revision: '6fbf3ec767', time: '2017-09-27T16:15:40.131Z'
System info: host: 'DESKTOP-75OLIUH', ip: '192.168.1.25', os.name: 'Windows 10', os.arch: 'amd64', os.version: '10.0', java.version: '1.8.0_144'
Driver info: org.openqa.selenium.chrome.ChromeDriver
Capabilities [{mobileEmulationEnabled=false, hasTouchScreen=false, platform=XP, acceptSslCerts=false, acceptInsecureCerts=false, webStorageEnabled=true, browserName=chrome, takesScreenshot=true, javascriptEnabled=true, platformName=XP, setWindowRect=true, unexpectedAlertBehaviour=, applicationCacheEnabled=false, rotatable=false, networkConnectionEnabled=false, chrome={chromedriverVersion=2.36.540470 (e522d04694c7ebea4ba8821272dbef4f9b818c91), userDataDir=C:\Users\imran\AppData\Local\Temp\scoped_dir10408_23018}, takesHeapSnapshot=true, pageLoadStrategy=normal, unhandledPromptBehavior=, databaseEnabled=false, handlesAlerts=true, version=66.0.3359.181, browserConnectionEnabled=false, nativeEvents=true, locationContextEnabled=true, cssSelectorsEnabled=true}]
Session ID: 84e4885432e1454a8b3afe499d933949
*** Element info: {Using=xpath, value=//*[@id="global-menu"]/div/nav/ol/li[3]/a/span[1]}
	at sun.reflect.NativeConstructorAccessorImpl.newInstance0(Native Method)
	at sun.reflect.NativeConstructorAccessorImpl.newInstance(Unknown Source)
	at sun.reflect.DelegatingConstructorAccessorImpl.newInstance(Unknown Source)
	at java.lang.reflect.Constructor.newInstance(Unknown Source)
	at org.openqa.selenium.remote.ErrorHandler.createThrowable(ErrorHandler.java:214)
	at org.openqa.selenium.remote.ErrorHandler.throwIfResponseFailed(ErrorHandler.java:166)
	at org.openqa.selenium.remote.http.JsonHttpResponseCodec.reconstructValue(JsonHttpResponseCodec.java:40)
	at org.openqa.selenium.remote.http.AbstractHttpResponseCodec.decode(AbstractHttpResponseCodec.java:82)
	at org.openqa.selenium.remote.http.AbstractHttpResponseCodec.decode(AbstractHttpResponseCodec.java:45)
	at org.openqa.selenium.remote.HttpCommandExecutor.execute(HttpCommandExecutor.java:164)
	at org.openqa.selenium.remote.service.DriverCommandExecutor.execute(DriverCommandExecutor.java:83)
	at org.openqa.selenium.remote.RemoteWebDriver.execute(RemoteWebDriver.java:586)
	at org.openqa.selenium.remote.RemoteWebDriver.findElement(RemoteWebDriver.java:356)
	at org.openqa.selenium.remote.RemoteWebDriver.findElementByXPath(RemoteWebDriver.java:458)
	at org.openqa.selenium.By$ByXPath.findElement(By.java:361)
	at org.openqa.selenium.remote.RemoteWebDriver.findElement(RemoteWebDriver.java:348)
	at usps.TestSetJ.TC_02_CalculateAprice(TestSetJ.java:94)
	at sun.reflect.NativeMethodAccessorImpl.invoke0(Native Method)
	at sun.reflect.NativeMethodAccessorImpl.invoke(Unknown Source)
	at sun.reflect.DelegatingMethodAccessorImpl.invoke(Unknown Source)
	at java.lang.reflect.Method.invoke(Unknown Source)
	at org.testng.internal.MethodInvocationHelper.invokeMethod(MethodInvocationHelper.java:108)
	at org.testng.internal.Invoker.invokeMethod(Invoker.java:661)
	at org.testng.internal.Invoker.invokeTestMethod(Invoker.java:869)
	at org.testng.internal.Invoker.invokeTestMethods(Invoker.java:1193)
	at org.testng.internal.TestMethodWorker.invokeTestMethods(TestMethodWorker.java:126)
	at org.testng.internal.TestMethodWorker.run(TestMethodWorker.java:109)
	at org.testng.TestRunner.privateRun(TestRunner.java:744)
	at org.testng.TestRunner.run(TestRunner.java:602)
	at org.testng.SuiteRunner.runTest(SuiteRunner.java:380)
	at org.testng.SuiteRunner.runSequentially(SuiteRunner.java:375)
	at org.testng.SuiteRunner.privateRun(SuiteRunner.java:340)
	at org.testng.SuiteRunner.run(SuiteRunner.java:289)
	at org.testng.SuiteRunnerWorker.runSuite(SuiteRunnerWorker.java:52)
	at org.testng.SuiteRunnerWorker.run(SuiteRunnerWorker.java:86)
	at org.testng.TestNG.runSuitesSequentially(TestNG.java:1301)
	at org.testng.TestNG.runSuitesLocally(TestNG.java:1226)
	at org.testng.TestNG.runSuites(TestNG.java:1144)
	at org.testng.TestNG.run(TestNG.java:1115)
	at org.testng.remote.AbstractRemoteTestNG.run(AbstractRemoteTestNG.java:126)
	at org.testng.remote.RemoteTestNG.initAndRun(RemoteTestNG.java:137)
	at org.testng.remote.RemoteTestNG.main(RemoteTestNG.java:58)
]]>
            </full-stacktrace>
          </exception> <!-- org.openqa.selenium.NoSuchElementException -->
          <reporter-output>
          </reporter-output>
        </test-method> <!-- TC_02_CalculateAprice -->
        <test-method status="PASS" signature="SetUpPreDataMethod()[pri:0, instance:usps.TestSetJ@4cf777e8]" name="SetUpPreDataMethod" is-config="true" duration-ms="873" started-at="2018-05-18T17:36:36Z" finished-at="2018-05-18T17:36:36Z">
          <reporter-output>
          </reporter-output>
        </test-method> <!-- SetUpPreDataMethod -->
        <test-method status="FAIL" signature="TC_03_ExperimentAll8Selectors()[pri:0, instance:usps.TestSetJ@4cf777e8]" name="TC_03_ExperimentAll8Selectors" duration-ms="13284" started-at="2018-05-18T17:36:36Z" finished-at="2018-05-18T17:36:50Z">
          <exception class="org.openqa.selenium.NoSuchElementException">
            <message>
              <![CDATA[no such element: Unable to locate element: {"method":"link text","selector":"Customer  Service"}
  (Session info: chrome=66.0.3359.181)
  (Driver info: chromedriver=2.36.540470 (e522d04694c7ebea4ba8821272dbef4f9b818c91),platform=Windows NT 10.0.17134 x86_64) (WARNING: The server did not provide any stacktrace information)
Command duration or timeout: 0 milliseconds
For documentation on this error, please visit: http://seleniumhq.org/exceptions/no_such_element.html
Build info: version: '3.6.0', revision: '6fbf3ec767', time: '2017-09-27T16:15:40.131Z'
System info: host: 'DESKTOP-75OLIUH', ip: '192.168.1.25', os.name: 'Windows 10', os.arch: 'amd64', os.version: '10.0', java.version: '1.8.0_144'
Driver info: org.openqa.selenium.chrome.ChromeDriver
Capabilities [{mobileEmulationEnabled=false, hasTouchScreen=false, platform=XP, acceptSslCerts=false, acceptInsecureCerts=false, webStorageEnabled=true, browserName=chrome, takesScreenshot=true, javascriptEnabled=true, platformName=XP, setWindowRect=true, unexpectedAlertBehaviour=, applicationCacheEnabled=false, rotatable=false, networkConnectionEnabled=false, chrome={chromedriverVersion=2.36.540470 (e522d04694c7ebea4ba8821272dbef4f9b818c91), userDataDir=C:\Users\imran\AppData\Local\Temp\scoped_dir4764_30042}, takesHeapSnapshot=true, pageLoadStrategy=normal, unhandledPromptBehavior=, databaseEnabled=false, handlesAlerts=true, version=66.0.3359.181, browserConnectionEnabled=false, nativeEvents=true, locationContextEnabled=true, cssSelectorsEnabled=true}]
Session ID: 683bf06d61e041c02e719213c74f0a68
*** Element info: {Using=link text, value=Customer  Service}]]>
            </message>
            <full-stacktrace>
              <![CDATA[org.openqa.selenium.NoSuchElementException: no such element: Unable to locate element: {"method":"link text","selector":"Customer  Service"}
  (Session info: chrome=66.0.3359.181)
  (Driver info: chromedriver=2.36.540470 (e522d04694c7ebea4ba8821272dbef4f9b818c91),platform=Windows NT 10.0.17134 x86_64) (WARNING: The server did not provide any stacktrace information)
Command duration or timeout: 0 milliseconds
For documentation on this error, please visit: http://seleniumhq.org/exceptions/no_such_element.html
Build info: version: '3.6.0', revision: '6fbf3ec767', time: '2017-09-27T16:15:40.131Z'
System info: host: 'DESKTOP-75OLIUH', ip: '192.168.1.25', os.name: 'Windows 10', os.arch: 'amd64', os.version: '10.0', java.version: '1.8.0_144'
Driver info: org.openqa.selenium.chrome.ChromeDriver
Capabilities [{mobileEmulationEnabled=false, hasTouchScreen=false, platform=XP, acceptSslCerts=false, acceptInsecureCerts=false, webStorageEnabled=true, browserName=chrome, takesScreenshot=true, javascriptEnabled=true, platformName=XP, setWindowRect=true, unexpectedAlertBehaviour=, applicationCacheEnabled=false, rotatable=false, networkConnectionEnabled=false, chrome={chromedriverVersion=2.36.540470 (e522d04694c7ebea4ba8821272dbef4f9b818c91), userDataDir=C:\Users\imran\AppData\Local\Temp\scoped_dir4764_30042}, takesHeapSnapshot=true, pageLoadStrategy=normal, unhandledPromptBehavior=, databaseEnabled=false, handlesAlerts=true, version=66.0.3359.181, browserConnectionEnabled=false, nativeEvents=true, locationContextEnabled=true, cssSelectorsEnabled=true}]
Session ID: 683bf06d61e041c02e719213c74f0a68
*** Element info: {Using=link text, value=Customer  Service}
	at sun.reflect.NativeConstructorAccessorImpl.newInstance0(Native Method)
	at sun.reflect.NativeConstructorAccessorImpl.newInstance(Unknown Source)
	at sun.reflect.DelegatingConstructorAccessorImpl.newInstance(Unknown Source)
	at java.lang.reflect.Constructor.newInstance(Unknown Source)
	at org.openqa.selenium.remote.ErrorHandler.createThrowable(ErrorHandler.java:214)
	at org.openqa.selenium.remote.ErrorHandler.throwIfResponseFailed(ErrorHandler.java:166)
	at org.openqa.selenium.remote.http.JsonHttpResponseCodec.reconstructValue(JsonHttpResponseCodec.java:40)
	at org.openqa.selenium.remote.http.AbstractHttpResponseCodec.decode(AbstractHttpResponseCodec.java:82)
	at org.openqa.selenium.remote.http.AbstractHttpResponseCodec.decode(AbstractHttpResponseCodec.java:45)
	at org.openqa.selenium.remote.HttpCommandExecutor.execute(HttpCommandExecutor.java:164)
	at org.openqa.selenium.remote.service.DriverCommandExecutor.execute(DriverCommandExecutor.java:83)
	at org.openqa.selenium.remote.RemoteWebDriver.execute(RemoteWebDriver.java:586)
	at org.openqa.selenium.remote.RemoteWebDriver.findElement(RemoteWebDriver.java:356)
	at org.openqa.selenium.remote.RemoteWebDriver.findElementByLinkText(RemoteWebDriver.java:410)
	at org.openqa.selenium.By$ByLinkText.findElement(By.java:246)
	at org.openqa.selenium.remote.RemoteWebDriver.findElement(RemoteWebDriver.java:348)
	at usps.TestSetJ.TC_03_ExperimentAll8Selectors(TestSetJ.java:149)
	at sun.reflect.NativeMethodAccessorImpl.invoke0(Native Method)
	at sun.reflect.NativeMethodAccessorImpl.invoke(Unknown Source)
	at sun.reflect.DelegatingMethodAccessorImpl.invoke(Unknown Source)
	at java.lang.reflect.Method.invoke(Unknown Source)
	at org.testng.internal.MethodInvocationHelper.invokeMethod(MethodInvocationHelper.java:108)
	at org.testng.internal.Invoker.invokeMethod(Invoker.java:661)
	at org.testng.internal.Invoker.invokeTestMethod(Invoker.java:869)
	at org.testng.internal.Invoker.invokeTestMethods(Invoker.java:1193)
	at org.testng.internal.TestMethodWorker.invokeTestMethods(TestMethodWorker.java:126)
	at org.testng.internal.TestMethodWorker.run(TestMethodWorker.java:109)
	at org.testng.TestRunner.privateRun(TestRunner.java:744)
	at org.testng.TestRunner.run(TestRunner.java:602)
	at org.testng.SuiteRunner.runTest(SuiteRunner.java:380)
	at org.testng.SuiteRunner.runSequentially(SuiteRunner.java:375)
	at org.testng.SuiteRunner.privateRun(SuiteRunner.java:340)
	at org.testng.SuiteRunner.run(SuiteRunner.java:289)
	at org.testng.SuiteRunnerWorker.runSuite(SuiteRunnerWorker.java:52)
	at org.testng.SuiteRunnerWorker.run(SuiteRunnerWorker.java:86)
	at org.testng.TestNG.runSuitesSequentially(TestNG.java:1301)
	at org.testng.TestNG.runSuitesLocally(TestNG.java:1226)
	at org.testng.TestNG.runSuites(TestNG.java:1144)
	at org.testng.TestNG.run(TestNG.java:1115)
	at org.testng.remote.AbstractRemoteTestNG.run(AbstractRemoteTestNG.java:126)
	at org.testng.remote.RemoteTestNG.initAndRun(RemoteTestNG.java:137)
	at org.testng.remote.RemoteTestNG.main(RemoteTestNG.java:58)
]]>
            </full-stacktrace>
          </exception> <!-- org.openqa.selenium.NoSuchElementException -->
          <reporter-output>
          </reporter-output>
        </test-method> <!-- TC_03_ExperimentAll8Selectors -->
        <test-method status="PASS" signature="SetUpPreDataMethod()[pri:0, instance:usps.TestSetJ@4cf777e8]" name="SetUpPreDataMethod" is-config="true" duration-ms="757" started-at="2018-05-18T17:36:50Z" finished-at="2018-05-18T17:36:50Z">
          <reporter-output>
          </reporter-output>
        </test-method> <!-- SetUpPreDataMethod -->
        <test-method status="FAIL" signature="TC_05_FindOutUSPS_Locations()[pri:0, instance:usps.TestSetJ@4cf777e8]" name="TC_05_FindOutUSPS_Locations" duration-ms="12265" started-at="2018-05-18T17:36:50Z" finished-at="2018-05-18T17:37:03Z">
          <exception class="org.openqa.selenium.NoSuchElementException">
            <message>
              <![CDATA[no such element: Unable to locate element: {"method":"xpath","selector":"//*[@id="global-menu"]/div/nav/ol/li[3]/a/span[1]"}
  (Session info: chrome=66.0.3359.181)
  (Driver info: chromedriver=2.36.540470 (e522d04694c7ebea4ba8821272dbef4f9b818c91),platform=Windows NT 10.0.17134 x86_64) (WARNING: The server did not provide any stacktrace information)
Command duration or timeout: 0 milliseconds
For documentation on this error, please visit: http://seleniumhq.org/exceptions/no_such_element.html
Build info: version: '3.6.0', revision: '6fbf3ec767', time: '2017-09-27T16:15:40.131Z'
System info: host: 'DESKTOP-75OLIUH', ip: '192.168.1.25', os.name: 'Windows 10', os.arch: 'amd64', os.version: '10.0', java.version: '1.8.0_144'
Driver info: org.openqa.selenium.chrome.ChromeDriver
Capabilities [{mobileEmulationEnabled=false, hasTouchScreen=false, platform=XP, acceptSslCerts=false, acceptInsecureCerts=false, webStorageEnabled=true, browserName=chrome, takesScreenshot=true, javascriptEnabled=true, platformName=XP, setWindowRect=true, unexpectedAlertBehaviour=, applicationCacheEnabled=false, rotatable=false, networkConnectionEnabled=false, chrome={chromedriverVersion=2.36.540470 (e522d04694c7ebea4ba8821272dbef4f9b818c91), userDataDir=C:\Users\imran\AppData\Local\Temp\scoped_dir9804_31996}, takesHeapSnapshot=true, pageLoadStrategy=normal, unhandledPromptBehavior=, databaseEnabled=false, handlesAlerts=true, version=66.0.3359.181, browserConnectionEnabled=false, nativeEvents=true, locationContextEnabled=true, cssSelectorsEnabled=true}]
Session ID: 87eb70227e8ecc221226889c58f58b63
*** Element info: {Using=xpath, value=//*[@id="global-menu"]/div/nav/ol/li[3]/a/span[1]}]]>
            </message>
            <full-stacktrace>
              <![CDATA[org.openqa.selenium.NoSuchElementException: no such element: Unable to locate element: {"method":"xpath","selector":"//*[@id="global-menu"]/div/nav/ol/li[3]/a/span[1]"}
  (Session info: chrome=66.0.3359.181)
  (Driver info: chromedriver=2.36.540470 (e522d04694c7ebea4ba8821272dbef4f9b818c91),platform=Windows NT 10.0.17134 x86_64) (WARNING: The server did not provide any stacktrace information)
Command duration or timeout: 0 milliseconds
For documentation on this error, please visit: http://seleniumhq.org/exceptions/no_such_element.html
Build info: version: '3.6.0', revision: '6fbf3ec767', time: '2017-09-27T16:15:40.131Z'
System info: host: 'DESKTOP-75OLIUH', ip: '192.168.1.25', os.name: 'Windows 10', os.arch: 'amd64', os.version: '10.0', java.version: '1.8.0_144'
Driver info: org.openqa.selenium.chrome.ChromeDriver
Capabilities [{mobileEmulationEnabled=false, hasTouchScreen=false, platform=XP, acceptSslCerts=false, acceptInsecureCerts=false, webStorageEnabled=true, browserName=chrome, takesScreenshot=true, javascriptEnabled=true, platformName=XP, setWindowRect=true, unexpectedAlertBehaviour=, applicationCacheEnabled=false, rotatable=false, networkConnectionEnabled=false, chrome={chromedriverVersion=2.36.540470 (e522d04694c7ebea4ba8821272dbef4f9b818c91), userDataDir=C:\Users\imran\AppData\Local\Temp\scoped_dir9804_31996}, takesHeapSnapshot=true, pageLoadStrategy=normal, unhandledPromptBehavior=, databaseEnabled=false, handlesAlerts=true, version=66.0.3359.181, browserConnectionEnabled=false, nativeEvents=true, locationContextEnabled=true, cssSelectorsEnabled=true}]
Session ID: 87eb70227e8ecc221226889c58f58b63
*** Element info: {Using=xpath, value=//*[@id="global-menu"]/div/nav/ol/li[3]/a/span[1]}
	at sun.reflect.GeneratedConstructorAccessor14.newInstance(Unknown Source)
	at sun.reflect.DelegatingConstructorAccessorImpl.newInstance(Unknown Source)
	at java.lang.reflect.Constructor.newInstance(Unknown Source)
	at org.openqa.selenium.remote.ErrorHandler.createThrowable(ErrorHandler.java:214)
	at org.openqa.selenium.remote.ErrorHandler.throwIfResponseFailed(ErrorHandler.java:166)
	at org.openqa.selenium.remote.http.JsonHttpResponseCodec.reconstructValue(JsonHttpResponseCodec.java:40)
	at org.openqa.selenium.remote.http.AbstractHttpResponseCodec.decode(AbstractHttpResponseCodec.java:82)
	at org.openqa.selenium.remote.http.AbstractHttpResponseCodec.decode(AbstractHttpResponseCodec.java:45)
	at org.openqa.selenium.remote.HttpCommandExecutor.execute(HttpCommandExecutor.java:164)
	at org.openqa.selenium.remote.service.DriverCommandExecutor.execute(DriverCommandExecutor.java:83)
	at org.openqa.selenium.remote.RemoteWebDriver.execute(RemoteWebDriver.java:586)
	at org.openqa.selenium.remote.RemoteWebDriver.findElement(RemoteWebDriver.java:356)
	at org.openqa.selenium.remote.RemoteWebDriver.findElementByXPath(RemoteWebDriver.java:458)
	at org.openqa.selenium.By$ByXPath.findElement(By.java:361)
	at org.openqa.selenium.remote.RemoteWebDriver.findElement(RemoteWebDriver.java:348)
	at usps.TestSetJ.TC_05_FindOutUSPS_Locations(TestSetJ.java:229)
	at sun.reflect.NativeMethodAccessorImpl.invoke0(Native Method)
	at sun.reflect.NativeMethodAccessorImpl.invoke(Unknown Source)
	at sun.reflect.DelegatingMethodAccessorImpl.invoke(Unknown Source)
	at java.lang.reflect.Method.invoke(Unknown Source)
	at org.testng.internal.MethodInvocationHelper.invokeMethod(MethodInvocationHelper.java:108)
	at org.testng.internal.Invoker.invokeMethod(Invoker.java:661)
	at org.testng.internal.Invoker.invokeTestMethod(Invoker.java:869)
	at org.testng.internal.Invoker.invokeTestMethods(Invoker.java:1193)
	at org.testng.internal.TestMethodWorker.invokeTestMethods(TestMethodWorker.java:126)
	at org.testng.internal.TestMethodWorker.run(TestMethodWorker.java:109)
	at org.testng.TestRunner.privateRun(TestRunner.java:744)
	at org.testng.TestRunner.run(TestRunner.java:602)
	at org.testng.SuiteRunner.runTest(SuiteRunner.java:380)
	at org.testng.SuiteRunner.runSequentially(SuiteRunner.java:375)
	at org.testng.SuiteRunner.privateRun(SuiteRunner.java:340)
	at org.testng.SuiteRunner.run(SuiteRunner.java:289)
	at org.testng.SuiteRunnerWorker.runSuite(SuiteRunnerWorker.java:52)
	at org.testng.SuiteRunnerWorker.run(SuiteRunnerWorker.java:86)
	at org.testng.TestNG.runSuitesSequentially(TestNG.java:1301)
	at org.testng.TestNG.runSuitesLocally(TestNG.java:1226)
	at org.testng.TestNG.runSuites(TestNG.java:1144)
	at org.testng.TestNG.run(TestNG.java:1115)
	at org.testng.remote.AbstractRemoteTestNG.run(AbstractRemoteTestNG.java:126)
	at org.testng.remote.RemoteTestNG.initAndRun(RemoteTestNG.java:137)
	at org.testng.remote.RemoteTestNG.main(RemoteTestNG.java:58)
]]>
            </full-stacktrace>
          </exception> <!-- org.openqa.selenium.NoSuchElementException -->
          <reporter-output>
          </reporter-output>
        </test-method> <!-- TC_05_FindOutUSPS_Locations -->
        <test-method status="PASS" signature="SetUpPreDataMethod()[pri:0, instance:usps.TestSetJ@4cf777e8]" name="SetUpPreDataMethod" is-config="true" duration-ms="759" started-at="2018-05-18T17:37:03Z" finished-at="2018-05-18T17:37:03Z">
          <reporter-output>
          </reporter-output>
        </test-method> <!-- SetUpPreDataMethod -->
        <test-method status="FAIL" signature="TC_07_RandomClicks()[pri:0, instance:usps.TestSetJ@4cf777e8]" name="TC_07_RandomClicks" duration-ms="14327" started-at="2018-05-18T17:37:03Z" finished-at="2018-05-18T17:37:18Z">
          <exception class="org.openqa.selenium.NoSuchElementException">
            <message>
              <![CDATA[no such element: Unable to locate element: {"method":"id","selector":"dijit__TreeNode_7_label"}
  (Session info: chrome=66.0.3359.181)
  (Driver info: chromedriver=2.36.540470 (e522d04694c7ebea4ba8821272dbef4f9b818c91),platform=Windows NT 10.0.17134 x86_64) (WARNING: The server did not provide any stacktrace information)
Command duration or timeout: 0 milliseconds
For documentation on this error, please visit: http://seleniumhq.org/exceptions/no_such_element.html
Build info: version: '3.6.0', revision: '6fbf3ec767', time: '2017-09-27T16:15:40.131Z'
System info: host: 'DESKTOP-75OLIUH', ip: '192.168.1.25', os.name: 'Windows 10', os.arch: 'amd64', os.version: '10.0', java.version: '1.8.0_144'
Driver info: org.openqa.selenium.chrome.ChromeDriver
Capabilities [{mobileEmulationEnabled=false, hasTouchScreen=false, platform=XP, acceptSslCerts=false, acceptInsecureCerts=false, webStorageEnabled=true, browserName=chrome, takesScreenshot=true, javascriptEnabled=true, platformName=XP, setWindowRect=true, unexpectedAlertBehaviour=, applicationCacheEnabled=false, rotatable=false, networkConnectionEnabled=false, chrome={chromedriverVersion=2.36.540470 (e522d04694c7ebea4ba8821272dbef4f9b818c91), userDataDir=C:\Users\imran\AppData\Local\Temp\scoped_dir6856_26897}, takesHeapSnapshot=true, pageLoadStrategy=normal, unhandledPromptBehavior=, databaseEnabled=false, handlesAlerts=true, version=66.0.3359.181, browserConnectionEnabled=false, nativeEvents=true, locationContextEnabled=true, cssSelectorsEnabled=true}]
Session ID: 46d4c6b445858ac2cb79f96a914938f6
*** Element info: {Using=id, value=dijit__TreeNode_7_label}]]>
            </message>
            <full-stacktrace>
              <![CDATA[org.openqa.selenium.NoSuchElementException: no such element: Unable to locate element: {"method":"id","selector":"dijit__TreeNode_7_label"}
  (Session info: chrome=66.0.3359.181)
  (Driver info: chromedriver=2.36.540470 (e522d04694c7ebea4ba8821272dbef4f9b818c91),platform=Windows NT 10.0.17134 x86_64) (WARNING: The server did not provide any stacktrace information)
Command duration or timeout: 0 milliseconds
For documentation on this error, please visit: http://seleniumhq.org/exceptions/no_such_element.html
Build info: version: '3.6.0', revision: '6fbf3ec767', time: '2017-09-27T16:15:40.131Z'
System info: host: 'DESKTOP-75OLIUH', ip: '192.168.1.25', os.name: 'Windows 10', os.arch: 'amd64', os.version: '10.0', java.version: '1.8.0_144'
Driver info: org.openqa.selenium.chrome.ChromeDriver
Capabilities [{mobileEmulationEnabled=false, hasTouchScreen=false, platform=XP, acceptSslCerts=false, acceptInsecureCerts=false, webStorageEnabled=true, browserName=chrome, takesScreenshot=true, javascriptEnabled=true, platformName=XP, setWindowRect=true, unexpectedAlertBehaviour=, applicationCacheEnabled=false, rotatable=false, networkConnectionEnabled=false, chrome={chromedriverVersion=2.36.540470 (e522d04694c7ebea4ba8821272dbef4f9b818c91), userDataDir=C:\Users\imran\AppData\Local\Temp\scoped_dir6856_26897}, takesHeapSnapshot=true, pageLoadStrategy=normal, unhandledPromptBehavior=, databaseEnabled=false, handlesAlerts=true, version=66.0.3359.181, browserConnectionEnabled=false, nativeEvents=true, locationContextEnabled=true, cssSelectorsEnabled=true}]
Session ID: 46d4c6b445858ac2cb79f96a914938f6
*** Element info: {Using=id, value=dijit__TreeNode_7_label}
	at sun.reflect.GeneratedConstructorAccessor14.newInstance(Unknown Source)
	at sun.reflect.DelegatingConstructorAccessorImpl.newInstance(Unknown Source)
	at java.lang.reflect.Constructor.newInstance(Unknown Source)
	at org.openqa.selenium.remote.ErrorHandler.createThrowable(ErrorHandler.java:214)
	at org.openqa.selenium.remote.ErrorHandler.throwIfResponseFailed(ErrorHandler.java:166)
	at org.openqa.selenium.remote.http.JsonHttpResponseCodec.reconstructValue(JsonHttpResponseCodec.java:40)
	at org.openqa.selenium.remote.http.AbstractHttpResponseCodec.decode(AbstractHttpResponseCodec.java:82)
	at org.openqa.selenium.remote.http.AbstractHttpResponseCodec.decode(AbstractHttpResponseCodec.java:45)
	at org.openqa.selenium.remote.HttpCommandExecutor.execute(HttpCommandExecutor.java:164)
	at org.openqa.selenium.remote.service.DriverCommandExecutor.execute(DriverCommandExecutor.java:83)
	at org.openqa.selenium.remote.RemoteWebDriver.execute(RemoteWebDriver.java:586)
	at org.openqa.selenium.remote.RemoteWebDriver.findElement(RemoteWebDriver.java:356)
	at org.openqa.selenium.remote.RemoteWebDriver.findElementById(RemoteWebDriver.java:402)
	at org.openqa.selenium.By$ById.findElement(By.java:218)
	at org.openqa.selenium.remote.RemoteWebDriver.findElement(RemoteWebDriver.java:348)
	at usps.TestSetJ.TC_07_RandomClicks(TestSetJ.java:319)
	at sun.reflect.NativeMethodAccessorImpl.invoke0(Native Method)
	at sun.reflect.NativeMethodAccessorImpl.invoke(Unknown Source)
	at sun.reflect.DelegatingMethodAccessorImpl.invoke(Unknown Source)
	at java.lang.reflect.Method.invoke(Unknown Source)
	at org.testng.internal.MethodInvocationHelper.invokeMethod(MethodInvocationHelper.java:108)
	at org.testng.internal.Invoker.invokeMethod(Invoker.java:661)
	at org.testng.internal.Invoker.invokeTestMethod(Invoker.java:869)
	at org.testng.internal.Invoker.invokeTestMethods(Invoker.java:1193)
	at org.testng.internal.TestMethodWorker.invokeTestMethods(TestMethodWorker.java:126)
	at org.testng.internal.TestMethodWorker.run(TestMethodWorker.java:109)
	at org.testng.TestRunner.privateRun(TestRunner.java:744)
	at org.testng.TestRunner.run(TestRunner.java:602)
	at org.testng.SuiteRunner.runTest(SuiteRunner.java:380)
	at org.testng.SuiteRunner.runSequentially(SuiteRunner.java:375)
	at org.testng.SuiteRunner.privateRun(SuiteRunner.java:340)
	at org.testng.SuiteRunner.run(SuiteRunner.java:289)
	at org.testng.SuiteRunnerWorker.runSuite(SuiteRunnerWorker.java:52)
	at org.testng.SuiteRunnerWorker.run(SuiteRunnerWorker.java:86)
	at org.testng.TestNG.runSuitesSequentially(TestNG.java:1301)
	at org.testng.TestNG.runSuitesLocally(TestNG.java:1226)
	at org.testng.TestNG.runSuites(TestNG.java:1144)
	at org.testng.TestNG.run(TestNG.java:1115)
	at org.testng.remote.AbstractRemoteTestNG.run(AbstractRemoteTestNG.java:126)
	at org.testng.remote.RemoteTestNG.initAndRun(RemoteTestNG.java:137)
	at org.testng.remote.RemoteTestNG.main(RemoteTestNG.java:58)
]]>
            </full-stacktrace>
          </exception> <!-- org.openqa.selenium.NoSuchElementException -->
          <reporter-output>
          </reporter-output>
        </test-method> <!-- TC_07_RandomClicks -->
        <test-method status="PASS" signature="SetUpPreDataMethod()[pri:0, instance:usps.TestSetJ@4cf777e8]" name="SetUpPreDataMethod" is-config="true" duration-ms="816" started-at="2018-05-18T17:37:18Z" finished-at="2018-05-18T17:37:19Z">
          <reporter-output>
          </reporter-output>
        </test-method> <!-- SetUpPreDataMethod -->
        <test-method status="PASS" signature="TC_08_ErrorMessageVerificationOnWrongTrackingNumber()[pri:0, instance:usps.TestSetJ@4cf777e8]" name="TC_08_ErrorMessageVerificationOnWrongTrackingNumber" duration-ms="23402" started-at="2018-05-18T17:37:19Z" finished-at="2018-05-18T17:37:42Z">
          <reporter-output>
          </reporter-output>
        </test-method> <!-- TC_08_ErrorMessageVerificationOnWrongTrackingNumber -->
        <test-method status="PASS" signature="SetUpPreDataMethod()[pri:0, instance:usps.TestSetJ@4cf777e8]" name="SetUpPreDataMethod" is-config="true" duration-ms="658" started-at="2018-05-18T17:37:42Z" finished-at="2018-05-18T17:37:43Z">
          <reporter-output>
          </reporter-output>
        </test-method> <!-- SetUpPreDataMethod -->
        <test-method status="FAIL" signature="TC_09_SignUpEligibility()[pri:0, instance:usps.TestSetJ@4cf777e8]" name="TC_09_SignUpEligibility" duration-ms="24027" started-at="2018-05-18T17:37:43Z" finished-at="2018-05-18T17:38:07Z">
          <exception class="org.openqa.selenium.NoSuchElementException">
            <message>
              <![CDATA[Unable to locate element: Sign Up for Free
For documentation on this error, please visit: http://seleniumhq.org/exceptions/no_such_element.html
Build info: version: '3.6.0', revision: '6fbf3ec767', time: '2017-09-27T16:15:40.131Z'
System info: host: 'DESKTOP-75OLIUH', ip: '192.168.1.25', os.name: 'Windows 10', os.arch: 'amd64', os.version: '10.0', java.version: '1.8.0_144'
Driver info: org.openqa.selenium.firefox.FirefoxDriver
Capabilities [{moz:profile=C:\Users\imran\AppData\Local\Temp\rust_mozprofile.eHZk50B6H7rw, rotatable=false, timeouts={implicit=0, pageLoad=300000, script=30000}, pageLoadStrategy=normal, moz:headless=false, platform=XP, moz:accessibilityChecks=false, moz:useNonSpecCompliantPointerOrigin=false, acceptInsecureCerts=true, browserVersion=59.0.3, platformVersion=10.0, moz:processID=11520, browserName=firefox, javascriptEnabled=true, platformName=XP, moz:webdriverClick=true}]
Session ID: 509f4031-f195-46ad-a927-674c68293152
*** Element info: {Using=partial link text, value=Sign Up for Free}]]>
            </message>
            <full-stacktrace>
              <![CDATA[org.openqa.selenium.NoSuchElementException: Unable to locate element: Sign Up for Free
For documentation on this error, please visit: http://seleniumhq.org/exceptions/no_such_element.html
Build info: version: '3.6.0', revision: '6fbf3ec767', time: '2017-09-27T16:15:40.131Z'
System info: host: 'DESKTOP-75OLIUH', ip: '192.168.1.25', os.name: 'Windows 10', os.arch: 'amd64', os.version: '10.0', java.version: '1.8.0_144'
Driver info: org.openqa.selenium.firefox.FirefoxDriver
Capabilities [{moz:profile=C:\Users\imran\AppData\Local\Temp\rust_mozprofile.eHZk50B6H7rw, rotatable=false, timeouts={implicit=0, pageLoad=300000, script=30000}, pageLoadStrategy=normal, moz:headless=false, platform=XP, moz:accessibilityChecks=false, moz:useNonSpecCompliantPointerOrigin=false, acceptInsecureCerts=true, browserVersion=59.0.3, platformVersion=10.0, moz:processID=11520, browserName=firefox, javascriptEnabled=true, platformName=XP, moz:webdriverClick=true}]
Session ID: 509f4031-f195-46ad-a927-674c68293152
*** Element info: {Using=partial link text, value=Sign Up for Free}
	at sun.reflect.GeneratedConstructorAccessor13.newInstance(Unknown Source)
	at sun.reflect.DelegatingConstructorAccessorImpl.newInstance(Unknown Source)
	at java.lang.reflect.Constructor.newInstance(Unknown Source)
	at org.openqa.selenium.remote.http.W3CHttpResponseCodec.createException(W3CHttpResponseCodec.java:185)
	at org.openqa.selenium.remote.http.W3CHttpResponseCodec.decode(W3CHttpResponseCodec.java:120)
	at org.openqa.selenium.remote.http.W3CHttpResponseCodec.decode(W3CHttpResponseCodec.java:49)
	at org.openqa.selenium.remote.HttpCommandExecutor.execute(HttpCommandExecutor.java:164)
	at org.openqa.selenium.remote.service.DriverCommandExecutor.execute(DriverCommandExecutor.java:83)
	at org.openqa.selenium.remote.RemoteWebDriver.execute(RemoteWebDriver.java:586)
	at org.openqa.selenium.remote.RemoteWebDriver.findElement(RemoteWebDriver.java:356)
	at org.openqa.selenium.remote.RemoteWebDriver.findElementByPartialLinkText(RemoteWebDriver.java:418)
	at org.openqa.selenium.By$ByPartialLinkText.findElement(By.java:273)
	at org.openqa.selenium.remote.RemoteWebDriver.findElement(RemoteWebDriver.java:348)
	at usps.TestSetJ.TC_09_SignUpEligibility(TestSetJ.java:356)
	at sun.reflect.NativeMethodAccessorImpl.invoke0(Native Method)
	at sun.reflect.NativeMethodAccessorImpl.invoke(Unknown Source)
	at sun.reflect.DelegatingMethodAccessorImpl.invoke(Unknown Source)
	at java.lang.reflect.Method.invoke(Unknown Source)
	at org.testng.internal.MethodInvocationHelper.invokeMethod(MethodInvocationHelper.java:108)
	at org.testng.internal.Invoker.invokeMethod(Invoker.java:661)
	at org.testng.internal.Invoker.invokeTestMethod(Invoker.java:869)
	at org.testng.internal.Invoker.invokeTestMethods(Invoker.java:1193)
	at org.testng.internal.TestMethodWorker.invokeTestMethods(TestMethodWorker.java:126)
	at org.testng.internal.TestMethodWorker.run(TestMethodWorker.java:109)
	at org.testng.TestRunner.privateRun(TestRunner.java:744)
	at org.testng.TestRunner.run(TestRunner.java:602)
	at org.testng.SuiteRunner.runTest(SuiteRunner.java:380)
	at org.testng.SuiteRunner.runSequentially(SuiteRunner.java:375)
	at org.testng.SuiteRunner.privateRun(SuiteRunner.java:340)
	at org.testng.SuiteRunner.run(SuiteRunner.java:289)
	at org.testng.SuiteRunnerWorker.runSuite(SuiteRunnerWorker.java:52)
	at org.testng.SuiteRunnerWorker.run(SuiteRunnerWorker.java:86)
	at org.testng.TestNG.runSuitesSequentially(TestNG.java:1301)
	at org.testng.TestNG.runSuitesLocally(TestNG.java:1226)
	at org.testng.TestNG.runSuites(TestNG.java:1144)
	at org.testng.TestNG.run(TestNG.java:1115)
	at org.testng.remote.AbstractRemoteTestNG.run(AbstractRemoteTestNG.java:126)
	at org.testng.remote.RemoteTestNG.initAndRun(RemoteTestNG.java:137)
	at org.testng.remote.RemoteTestNG.main(RemoteTestNG.java:58)
]]>
            </full-stacktrace>
          </exception> <!-- org.openqa.selenium.NoSuchElementException -->
          <reporter-output>
          </reporter-output>
        </test-method> <!-- TC_09_SignUpEligibility -->
        <test-method status="PASS" signature="SetUpPreDataMethod()[pri:0, instance:usps.TestSetJ@4cf777e8]" name="SetUpPreDataMethod" is-config="true" duration-ms="774" started-at="2018-05-18T17:38:07Z" finished-at="2018-05-18T17:38:07Z">
          <reporter-output>
          </reporter-output>
        </test-method> <!-- SetUpPreDataMethod -->
        <test-method status="PASS" signature="TC_10_VerifySignUpLinkInFirefoxBrowser()[pri:0, instance:usps.TestSetJ@4cf777e8]" name="TC_10_VerifySignUpLinkInFirefoxBrowser" duration-ms="37418" started-at="2018-05-18T17:38:07Z" finished-at="2018-05-18T17:38:45Z">
          <reporter-output>
          </reporter-output>
        </test-method> <!-- TC_10_VerifySignUpLinkInFirefoxBrowser -->
        <test-method status="PASS" signature="SetUpPreDataMethod()[pri:0, instance:usps.TestSetJ@4cf777e8]" name="SetUpPreDataMethod" is-config="true" duration-ms="764" started-at="2018-05-18T17:38:45Z" finished-at="2018-05-18T17:38:46Z">
          <reporter-output>
          </reporter-output>
        </test-method> <!-- SetUpPreDataMethod -->
        <test-method status="FAIL" signature="TC_11_VerifySignUpLinkInMicrosoftEdgeBrowser()[pri:0, instance:usps.TestSetJ@4cf777e8]" name="TC_11_VerifySignUpLinkInMicrosoftEdgeBrowser" duration-ms="1561" started-at="2018-05-18T17:38:46Z" finished-at="2018-05-18T17:38:47Z">
          <exception class="org.openqa.selenium.WebDriverException">
            <message>
              <![CDATA[java.net.SocketException: Connection reset
Build info: version: '3.6.0', revision: '6fbf3ec767', time: '2017-09-27T16:15:40.131Z'
System info: host: 'DESKTOP-75OLIUH', ip: '192.168.1.25', os.name: 'Windows 10', os.arch: 'amd64', os.version: '10.0', java.version: '1.8.0_144'
Driver info: driver.version: EdgeDriver]]>
            </message>
            <full-stacktrace>
              <![CDATA[org.openqa.selenium.WebDriverException: java.net.SocketException: Connection reset
Build info: version: '3.6.0', revision: '6fbf3ec767', time: '2017-09-27T16:15:40.131Z'
System info: host: 'DESKTOP-75OLIUH', ip: '192.168.1.25', os.name: 'Windows 10', os.arch: 'amd64', os.version: '10.0', java.version: '1.8.0_144'
Driver info: driver.version: EdgeDriver
	at org.openqa.selenium.remote.service.DriverCommandExecutor.execute(DriverCommandExecutor.java:92)
	at org.openqa.selenium.remote.RemoteWebDriver.execute(RemoteWebDriver.java:586)
	at org.openqa.selenium.remote.RemoteWebDriver.startSession(RemoteWebDriver.java:217)
	at org.openqa.selenium.remote.RemoteWebDriver.<init>(RemoteWebDriver.java:140)
	at org.openqa.selenium.edge.EdgeDriver.<init>(EdgeDriver.java:150)
	at org.openqa.selenium.edge.EdgeDriver.<init>(EdgeDriver.java:139)
	at org.openqa.selenium.edge.EdgeDriver.<init>(EdgeDriver.java:96)
	at afterLoginIn.CommonAPI.getDriver(CommonAPI.java:128)
	at usps.TestSetJ.VerifyAboutUSPSHomeLink_Presence(TestSetJ.java:425)
	at usps.TestSetJ.TC_11_VerifySignUpLinkInMicrosoftEdgeBrowser(TestSetJ.java:398)
	at sun.reflect.NativeMethodAccessorImpl.invoke0(Native Method)
	at sun.reflect.NativeMethodAccessorImpl.invoke(Unknown Source)
	at sun.reflect.DelegatingMethodAccessorImpl.invoke(Unknown Source)
	at java.lang.reflect.Method.invoke(Unknown Source)
	at org.testng.internal.MethodInvocationHelper.invokeMethod(MethodInvocationHelper.java:108)
	at org.testng.internal.Invoker.invokeMethod(Invoker.java:661)
	at org.testng.internal.Invoker.invokeTestMethod(Invoker.java:869)
	at org.testng.internal.Invoker.invokeTestMethods(Invoker.java:1193)
	at org.testng.internal.TestMethodWorker.invokeTestMethods(TestMethodWorker.java:126)
	at org.testng.internal.TestMethodWorker.run(TestMethodWorker.java:109)
	at org.testng.TestRunner.privateRun(TestRunner.java:744)
	at org.testng.TestRunner.run(TestRunner.java:602)
	at org.testng.SuiteRunner.runTest(SuiteRunner.java:380)
	at org.testng.SuiteRunner.runSequentially(SuiteRunner.java:375)
	at org.testng.SuiteRunner.privateRun(SuiteRunner.java:340)
	at org.testng.SuiteRunner.run(SuiteRunner.java:289)
	at org.testng.SuiteRunnerWorker.runSuite(SuiteRunnerWorker.java:52)
	at org.testng.SuiteRunnerWorker.run(SuiteRunnerWorker.java:86)
	at org.testng.TestNG.runSuitesSequentially(TestNG.java:1301)
	at org.testng.TestNG.runSuitesLocally(TestNG.java:1226)
	at org.testng.TestNG.runSuites(TestNG.java:1144)
	at org.testng.TestNG.run(TestNG.java:1115)
	at org.testng.remote.AbstractRemoteTestNG.run(AbstractRemoteTestNG.java:126)
	at org.testng.remote.RemoteTestNG.initAndRun(RemoteTestNG.java:137)
	at org.testng.remote.RemoteTestNG.main(RemoteTestNG.java:58)
Caused by: java.net.SocketException: Connection reset
	at java.net.SocketInputStream.read(Unknown Source)
	at java.net.SocketInputStream.read(Unknown Source)
	at org.apache.http.impl.io.SessionInputBufferImpl.streamRead(SessionInputBufferImpl.java:137)
	at org.apache.http.impl.io.SessionInputBufferImpl.fillBuffer(SessionInputBufferImpl.java:153)
	at org.apache.http.impl.io.SessionInputBufferImpl.readLine(SessionInputBufferImpl.java:282)
	at org.apache.http.impl.conn.DefaultHttpResponseParser.parseHead(DefaultHttpResponseParser.java:138)
	at org.apache.http.impl.conn.DefaultHttpResponseParser.parseHead(DefaultHttpResponseParser.java:56)
	at org.apache.http.impl.io.AbstractMessageParser.parse(AbstractMessageParser.java:259)
	at org.apache.http.impl.DefaultBHttpClientConnection.receiveResponseHeader(DefaultBHttpClientConnection.java:163)
	at org.apache.http.impl.conn.CPoolProxy.receiveResponseHeader(CPoolProxy.java:165)
	at org.apache.http.protocol.HttpRequestExecutor.doReceiveResponse(HttpRequestExecutor.java:273)
	at org.apache.http.protocol.HttpRequestExecutor.execute(HttpRequestExecutor.java:125)
	at org.apache.http.impl.execchain.MainClientExec.execute(MainClientExec.java:272)
	at org.apache.http.impl.execchain.ProtocolExec.execute(ProtocolExec.java:185)
	at org.apache.http.impl.execchain.RetryExec.execute(RetryExec.java:89)
	at org.apache.http.impl.execchain.RedirectExec.execute(RedirectExec.java:111)
	at org.apache.http.impl.client.InternalHttpClient.doExecute(InternalHttpClient.java:185)
	at org.apache.http.impl.client.CloseableHttpClient.execute(CloseableHttpClient.java:72)
	at org.apache.http.impl.client.CloseableHttpClient.execute(CloseableHttpClient.java:56)
	at org.openqa.selenium.remote.internal.ApacheHttpClient.fallBackExecute(ApacheHttpClient.java:138)
	at org.openqa.selenium.remote.internal.ApacheHttpClient.execute(ApacheHttpClient.java:86)
	at org.openqa.selenium.remote.ProtocolHandshake.createSession(ProtocolHandshake.java:337)
	at org.openqa.selenium.remote.ProtocolHandshake.createSession(ProtocolHandshake.java:136)
	at org.openqa.selenium.remote.HttpCommandExecutor.execute(HttpCommandExecutor.java:142)
	at org.openqa.selenium.remote.service.DriverCommandExecutor.execute(DriverCommandExecutor.java:83)
	... 34 more
]]>
            </full-stacktrace>
          </exception> <!-- org.openqa.selenium.WebDriverException -->
          <reporter-output>
          </reporter-output>
        </test-method> <!-- TC_11_VerifySignUpLinkInMicrosoftEdgeBrowser -->
        <test-method status="PASS" signature="SetUpPreDataMethod()[pri:0, instance:usps.TestSetJ@4cf777e8]" name="SetUpPreDataMethod" is-config="true" duration-ms="710" started-at="2018-05-18T17:38:47Z" finished-at="2018-05-18T17:38:48Z">
          <reporter-output>
          </reporter-output>
        </test-method> <!-- SetUpPreDataMethod -->
        <test-method status="PASS" signature="TC_12_VerifySignUpLinkInGoogleChromeBrowser()[pri:0, instance:usps.TestSetJ@4cf777e8]" name="TC_12_VerifySignUpLinkInGoogleChromeBrowser" duration-ms="31233" started-at="2018-05-18T17:38:48Z" finished-at="2018-05-18T17:39:19Z">
          <reporter-output>
          </reporter-output>
        </test-method> <!-- TC_12_VerifySignUpLinkInGoogleChromeBrowser -->
        <test-method status="PASS" signature="SetUpPreDataMethod()[pri:0, instance:usps.TestSetJ@4cf777e8]" name="SetUpPreDataMethod" is-config="true" duration-ms="707" started-at="2018-05-18T17:39:19Z" finished-at="2018-05-18T17:39:20Z">
          <reporter-output>
          </reporter-output>
        </test-method> <!-- SetUpPreDataMethod -->
        <test-method status="FAIL" signature="TC_13_VerifySignUpLinkInInternetExplorerBrowser()[pri:0, instance:usps.TestSetJ@4cf777e8]" name="TC_13_VerifySignUpLinkInInternetExplorerBrowser" duration-ms="1856" started-at="2018-05-18T17:39:20Z" finished-at="2018-05-18T17:39:22Z">
          <exception class="org.openqa.selenium.WebDriverException">
            <message>
              <![CDATA[Failed to navigate to http://www.usps.com/. This usually means that a call to the COM method IWebBrowser2::Navigate2() failed.
Build info: version: '3.6.0', revision: '6fbf3ec767', time: '2017-09-27T16:15:40.131Z'
System info: host: 'DESKTOP-75OLIUH', ip: '192.168.1.25', os.name: 'Windows 10', os.arch: 'amd64', os.version: '10.0', java.version: '1.8.0_144'
Driver info: org.openqa.selenium.ie.InternetExplorerDriver
Capabilities [{acceptInsecureCerts=false, browserVersion=11, se:ieOptions={nativeEvents=true, browserAttachTimeout=0, ie.ensureCleanSession=false, elementScrollBehavior=0, enablePersistentHover=true, ie.browserCommandLineSwitches=, ie.forceCreateProcessApi=false, requireWindowFocus=false, initialBrowserUrl=http://localhost:30346/, ignoreZoomSetting=false, ie.fileUploadDialogTimeout=3000, ignoreProtectedModeSettings=false}, browserName=internet explorer, pageLoadStrategy=normal, javascriptEnabled=true, platformName=WINDOWS, setWindowRect=true, platform=WINDOWS}]
Session ID: 2d0d712a-57f9-4a51-9715-e0110948fe53]]>
            </message>
            <full-stacktrace>
              <![CDATA[org.openqa.selenium.WebDriverException: Failed to navigate to http://www.usps.com/. This usually means that a call to the COM method IWebBrowser2::Navigate2() failed.
Build info: version: '3.6.0', revision: '6fbf3ec767', time: '2017-09-27T16:15:40.131Z'
System info: host: 'DESKTOP-75OLIUH', ip: '192.168.1.25', os.name: 'Windows 10', os.arch: 'amd64', os.version: '10.0', java.version: '1.8.0_144'
Driver info: org.openqa.selenium.ie.InternetExplorerDriver
Capabilities [{acceptInsecureCerts=false, browserVersion=11, se:ieOptions={nativeEvents=true, browserAttachTimeout=0, ie.ensureCleanSession=false, elementScrollBehavior=0, enablePersistentHover=true, ie.browserCommandLineSwitches=, ie.forceCreateProcessApi=false, requireWindowFocus=false, initialBrowserUrl=http://localhost:30346/, ignoreZoomSetting=false, ie.fileUploadDialogTimeout=3000, ignoreProtectedModeSettings=false}, browserName=internet explorer, pageLoadStrategy=normal, javascriptEnabled=true, platformName=WINDOWS, setWindowRect=true, platform=WINDOWS}]
Session ID: 2d0d712a-57f9-4a51-9715-e0110948fe53
	at sun.reflect.NativeConstructorAccessorImpl.newInstance0(Native Method)
	at sun.reflect.NativeConstructorAccessorImpl.newInstance(Unknown Source)
	at sun.reflect.DelegatingConstructorAccessorImpl.newInstance(Unknown Source)
	at java.lang.reflect.Constructor.newInstance(Unknown Source)
	at org.openqa.selenium.remote.http.W3CHttpResponseCodec.createException(W3CHttpResponseCodec.java:185)
	at org.openqa.selenium.remote.http.W3CHttpResponseCodec.decode(W3CHttpResponseCodec.java:120)
	at org.openqa.selenium.remote.http.W3CHttpResponseCodec.decode(W3CHttpResponseCodec.java:49)
	at org.openqa.selenium.remote.HttpCommandExecutor.execute(HttpCommandExecutor.java:164)
	at org.openqa.selenium.remote.service.DriverCommandExecutor.execute(DriverCommandExecutor.java:83)
	at org.openqa.selenium.remote.RemoteWebDriver.execute(RemoteWebDriver.java:586)
	at org.openqa.selenium.remote.RemoteWebDriver.get(RemoteWebDriver.java:310)
	at afterLoginIn.CommonAPI.getDriver(CommonAPI.java:136)
	at usps.TestSetJ.VerifyAboutUSPSHomeLink_Presence(TestSetJ.java:425)
	at usps.TestSetJ.TC_13_VerifySignUpLinkInInternetExplorerBrowser(TestSetJ.java:416)
	at sun.reflect.NativeMethodAccessorImpl.invoke0(Native Method)
	at sun.reflect.NativeMethodAccessorImpl.invoke(Unknown Source)
	at sun.reflect.DelegatingMethodAccessorImpl.invoke(Unknown Source)
	at java.lang.reflect.Method.invoke(Unknown Source)
	at org.testng.internal.MethodInvocationHelper.invokeMethod(MethodInvocationHelper.java:108)
	at org.testng.internal.Invoker.invokeMethod(Invoker.java:661)
	at org.testng.internal.Invoker.invokeTestMethod(Invoker.java:869)
	at org.testng.internal.Invoker.invokeTestMethods(Invoker.java:1193)
	at org.testng.internal.TestMethodWorker.invokeTestMethods(TestMethodWorker.java:126)
	at org.testng.internal.TestMethodWorker.run(TestMethodWorker.java:109)
	at org.testng.TestRunner.privateRun(TestRunner.java:744)
	at org.testng.TestRunner.run(TestRunner.java:602)
	at org.testng.SuiteRunner.runTest(SuiteRunner.java:380)
	at org.testng.SuiteRunner.runSequentially(SuiteRunner.java:375)
	at org.testng.SuiteRunner.privateRun(SuiteRunner.java:340)
	at org.testng.SuiteRunner.run(SuiteRunner.java:289)
	at org.testng.SuiteRunnerWorker.runSuite(SuiteRunnerWorker.java:52)
	at org.testng.SuiteRunnerWorker.run(SuiteRunnerWorker.java:86)
	at org.testng.TestNG.runSuitesSequentially(TestNG.java:1301)
	at org.testng.TestNG.runSuitesLocally(TestNG.java:1226)
	at org.testng.TestNG.runSuites(TestNG.java:1144)
	at org.testng.TestNG.run(TestNG.java:1115)
	at org.testng.remote.AbstractRemoteTestNG.run(AbstractRemoteTestNG.java:126)
	at org.testng.remote.RemoteTestNG.initAndRun(RemoteTestNG.java:137)
	at org.testng.remote.RemoteTestNG.main(RemoteTestNG.java:58)
]]>
            </full-stacktrace>
          </exception> <!-- org.openqa.selenium.WebDriverException -->
          <reporter-output>
          </reporter-output>
        </test-method> <!-- TC_13_VerifySignUpLinkInInternetExplorerBrowser -->
        <test-method status="PASS" signature="SetUpPreDataMethod()[pri:0, instance:usps.TestSetJ@4cf777e8]" name="SetUpPreDataMethod" is-config="true" duration-ms="757" started-at="2018-05-18T17:39:22Z" finished-at="2018-05-18T17:39:22Z">
          <reporter-output>
          </reporter-output>
        </test-method> <!-- SetUpPreDataMethod -->
        <test-method status="PASS" signature="TC_O4_CaptureTheStampsCount()[pri:0, instance:usps.TestSetJ@4cf777e8]" name="TC_O4_CaptureTheStampsCount" duration-ms="19114" started-at="2018-05-18T17:39:22Z" finished-at="2018-05-18T17:39:42Z">
          <reporter-output>
          </reporter-output>
        </test-method> <!-- TC_O4_CaptureTheStampsCount -->
        <test-method status="PASS" signature="SetUpPreDataMethod()[pri:0, instance:usps.TestSetJ@4cf777e8]" name="SetUpPreDataMethod" is-config="true" duration-ms="759" started-at="2018-05-18T17:39:42Z" finished-at="2018-05-18T17:39:42Z">
          <reporter-output>
          </reporter-output>
        </test-method> <!-- SetUpPreDataMethod -->
        <test-method status="FAIL" signature="TC_O6_USPS_Locations_AllRadios()[pri:0, instance:usps.TestSetJ@4cf777e8]" name="TC_O6_USPS_Locations_AllRadios" duration-ms="12893" started-at="2018-05-18T17:39:42Z" finished-at="2018-05-18T17:39:55Z">
          <exception class="org.openqa.selenium.NoSuchElementException">
            <message>
              <![CDATA[no such element: Unable to locate element: {"method":"xpath","selector":"//*[@id="global-menu"]/div/nav/ol/li[3]/a/span[1]"}
  (Session info: chrome=66.0.3359.181)
  (Driver info: chromedriver=2.36.540470 (e522d04694c7ebea4ba8821272dbef4f9b818c91),platform=Windows NT 10.0.17134 x86_64) (WARNING: The server did not provide any stacktrace information)
Command duration or timeout: 0 milliseconds
For documentation on this error, please visit: http://seleniumhq.org/exceptions/no_such_element.html
Build info: version: '3.6.0', revision: '6fbf3ec767', time: '2017-09-27T16:15:40.131Z'
System info: host: 'DESKTOP-75OLIUH', ip: '192.168.1.25', os.name: 'Windows 10', os.arch: 'amd64', os.version: '10.0', java.version: '1.8.0_144'
Driver info: org.openqa.selenium.chrome.ChromeDriver
Capabilities [{mobileEmulationEnabled=false, hasTouchScreen=false, platform=XP, acceptSslCerts=false, acceptInsecureCerts=false, webStorageEnabled=true, browserName=chrome, takesScreenshot=true, javascriptEnabled=true, platformName=XP, setWindowRect=true, unexpectedAlertBehaviour=, applicationCacheEnabled=false, rotatable=false, networkConnectionEnabled=false, chrome={chromedriverVersion=2.36.540470 (e522d04694c7ebea4ba8821272dbef4f9b818c91), userDataDir=C:\Users\imran\AppData\Local\Temp\scoped_dir704_19444}, takesHeapSnapshot=true, pageLoadStrategy=normal, unhandledPromptBehavior=, databaseEnabled=false, handlesAlerts=true, version=66.0.3359.181, browserConnectionEnabled=false, nativeEvents=true, locationContextEnabled=true, cssSelectorsEnabled=true}]
Session ID: 0f8612cbc166b65a11a59539c71d8b30
*** Element info: {Using=xpath, value=//*[@id="global-menu"]/div/nav/ol/li[3]/a/span[1]}]]>
            </message>
            <full-stacktrace>
              <![CDATA[org.openqa.selenium.NoSuchElementException: no such element: Unable to locate element: {"method":"xpath","selector":"//*[@id="global-menu"]/div/nav/ol/li[3]/a/span[1]"}
  (Session info: chrome=66.0.3359.181)
  (Driver info: chromedriver=2.36.540470 (e522d04694c7ebea4ba8821272dbef4f9b818c91),platform=Windows NT 10.0.17134 x86_64) (WARNING: The server did not provide any stacktrace information)
Command duration or timeout: 0 milliseconds
For documentation on this error, please visit: http://seleniumhq.org/exceptions/no_such_element.html
Build info: version: '3.6.0', revision: '6fbf3ec767', time: '2017-09-27T16:15:40.131Z'
System info: host: 'DESKTOP-75OLIUH', ip: '192.168.1.25', os.name: 'Windows 10', os.arch: 'amd64', os.version: '10.0', java.version: '1.8.0_144'
Driver info: org.openqa.selenium.chrome.ChromeDriver
Capabilities [{mobileEmulationEnabled=false, hasTouchScreen=false, platform=XP, acceptSslCerts=false, acceptInsecureCerts=false, webStorageEnabled=true, browserName=chrome, takesScreenshot=true, javascriptEnabled=true, platformName=XP, setWindowRect=true, unexpectedAlertBehaviour=, applicationCacheEnabled=false, rotatable=false, networkConnectionEnabled=false, chrome={chromedriverVersion=2.36.540470 (e522d04694c7ebea4ba8821272dbef4f9b818c91), userDataDir=C:\Users\imran\AppData\Local\Temp\scoped_dir704_19444}, takesHeapSnapshot=true, pageLoadStrategy=normal, unhandledPromptBehavior=, databaseEnabled=false, handlesAlerts=true, version=66.0.3359.181, browserConnectionEnabled=false, nativeEvents=true, locationContextEnabled=true, cssSelectorsEnabled=true}]
Session ID: 0f8612cbc166b65a11a59539c71d8b30
*** Element info: {Using=xpath, value=//*[@id="global-menu"]/div/nav/ol/li[3]/a/span[1]}
	at sun.reflect.GeneratedConstructorAccessor14.newInstance(Unknown Source)
	at sun.reflect.DelegatingConstructorAccessorImpl.newInstance(Unknown Source)
	at java.lang.reflect.Constructor.newInstance(Unknown Source)
	at org.openqa.selenium.remote.ErrorHandler.createThrowable(ErrorHandler.java:214)
	at org.openqa.selenium.remote.ErrorHandler.throwIfResponseFailed(ErrorHandler.java:166)
	at org.openqa.selenium.remote.http.JsonHttpResponseCodec.reconstructValue(JsonHttpResponseCodec.java:40)
	at org.openqa.selenium.remote.http.AbstractHttpResponseCodec.decode(AbstractHttpResponseCodec.java:82)
	at org.openqa.selenium.remote.http.AbstractHttpResponseCodec.decode(AbstractHttpResponseCodec.java:45)
	at org.openqa.selenium.remote.HttpCommandExecutor.execute(HttpCommandExecutor.java:164)
	at org.openqa.selenium.remote.service.DriverCommandExecutor.execute(DriverCommandExecutor.java:83)
	at org.openqa.selenium.remote.RemoteWebDriver.execute(RemoteWebDriver.java:586)
	at org.openqa.selenium.remote.RemoteWebDriver.findElement(RemoteWebDriver.java:356)
	at org.openqa.selenium.remote.RemoteWebDriver.findElementByXPath(RemoteWebDriver.java:458)
	at org.openqa.selenium.By$ByXPath.findElement(By.java:361)
	at org.openqa.selenium.remote.RemoteWebDriver.findElement(RemoteWebDriver.java:348)
	at usps.TestSetJ.TC_O6_USPS_Locations_AllRadios(TestSetJ.java:258)
	at sun.reflect.NativeMethodAccessorImpl.invoke0(Native Method)
	at sun.reflect.NativeMethodAccessorImpl.invoke(Unknown Source)
	at sun.reflect.DelegatingMethodAccessorImpl.invoke(Unknown Source)
	at java.lang.reflect.Method.invoke(Unknown Source)
	at org.testng.internal.MethodInvocationHelper.invokeMethod(MethodInvocationHelper.java:108)
	at org.testng.internal.Invoker.invokeMethod(Invoker.java:661)
	at org.testng.internal.Invoker.invokeTestMethod(Invoker.java:869)
	at org.testng.internal.Invoker.invokeTestMethods(Invoker.java:1193)
	at org.testng.internal.TestMethodWorker.invokeTestMethods(TestMethodWorker.java:126)
	at org.testng.internal.TestMethodWorker.run(TestMethodWorker.java:109)
	at org.testng.TestRunner.privateRun(TestRunner.java:744)
	at org.testng.TestRunner.run(TestRunner.java:602)
	at org.testng.SuiteRunner.runTest(SuiteRunner.java:380)
	at org.testng.SuiteRunner.runSequentially(SuiteRunner.java:375)
	at org.testng.SuiteRunner.privateRun(SuiteRunner.java:340)
	at org.testng.SuiteRunner.run(SuiteRunner.java:289)
	at org.testng.SuiteRunnerWorker.runSuite(SuiteRunnerWorker.java:52)
	at org.testng.SuiteRunnerWorker.run(SuiteRunnerWorker.java:86)
	at org.testng.TestNG.runSuitesSequentially(TestNG.java:1301)
	at org.testng.TestNG.runSuitesLocally(TestNG.java:1226)
	at org.testng.TestNG.runSuites(TestNG.java:1144)
	at org.testng.TestNG.run(TestNG.java:1115)
	at org.testng.remote.AbstractRemoteTestNG.run(AbstractRemoteTestNG.java:126)
	at org.testng.remote.RemoteTestNG.initAndRun(RemoteTestNG.java:137)
	at org.testng.remote.RemoteTestNG.main(RemoteTestNG.java:58)
]]>
            </full-stacktrace>
          </exception> <!-- org.openqa.selenium.NoSuchElementException -->
          <reporter-output>
          </reporter-output>
        </test-method> <!-- TC_O6_USPS_Locations_AllRadios -->
      </class> <!-- usps.TestSetJ -->
      <class name="Group">
        <test-method status="PASS" signature="F1()[pri:0, instance:Group@4f7d0008]" name="F1" duration-ms="2" started-at="2018-05-18T16:36:31Z" finished-at="2018-05-18T16:36:31Z">
          <reporter-output>
          </reporter-output>
        </test-method> <!-- F1 -->
        <test-method status="PASS" signature="F2()[pri:0, instance:Group@4f7d0008]" name="F2" duration-ms="1" started-at="2018-05-18T16:36:31Z" finished-at="2018-05-18T16:36:31Z">
          <reporter-output>
          </reporter-output>
        </test-method> <!-- F2 -->
        <test-method status="PASS" signature="F3()[pri:0, instance:Group@4f7d0008]" name="F3" duration-ms="2" started-at="2018-05-18T16:36:31Z" finished-at="2018-05-18T16:36:31Z">
          <reporter-output>
          </reporter-output>
        </test-method> <!-- F3 -->
        <test-method status="PASS" signature="F4()[pri:0, instance:Group@4f7d0008]" name="F4" duration-ms="1" started-at="2018-05-18T16:36:31Z" finished-at="2018-05-18T16:36:31Z">
          <reporter-output>
          </reporter-output>
        </test-method> <!-- F4 -->
        <test-method status="PASS" signature="F5()[pri:0, instance:Group@4f7d0008]" name="F5" duration-ms="2" started-at="2018-05-18T16:36:31Z" finished-at="2018-05-18T16:36:31Z">
          <reporter-output>
          </reporter-output>
        </test-method> <!-- F5 -->
        <test-method status="PASS" signature="F6()[pri:0, instance:Group@4f7d0008]" name="F6" duration-ms="1" started-at="2018-05-18T16:36:31Z" finished-at="2018-05-18T16:36:31Z">
          <reporter-output>
          </reporter-output>
        </test-method> <!-- F6 -->
      </class> <!-- Group -->
      <class name="Priotization">
        <test-method status="PASS" signature="A()[pri:0, instance:Priotization@271053e1]" name="A" duration-ms="1" started-at="2018-05-18T16:36:31Z" finished-at="2018-05-18T16:36:31Z">
          <reporter-output>
          </reporter-output>
        </test-method> <!-- A -->
        <test-method status="PASS" signature="F()[pri:1, instance:Priotization@271053e1]" name="F" duration-ms="1" started-at="2018-05-18T17:59:40Z" finished-at="2018-05-18T17:59:40Z">
          <reporter-output>
          </reporter-output>
        </test-method> <!-- F -->
        <test-method status="PASS" signature="D()[pri:2, instance:Priotization@271053e1]" name="D" duration-ms="0" started-at="2018-05-18T17:59:40Z" finished-at="2018-05-18T17:59:40Z">
          <reporter-output>
          </reporter-output>
        </test-method> <!-- D -->
        <test-method status="PASS" signature="E()[pri:3, instance:Priotization@271053e1]" name="E" duration-ms="0" started-at="2018-05-18T17:59:40Z" finished-at="2018-05-18T17:59:40Z">
          <reporter-output>
          </reporter-output>
        </test-method> <!-- E -->
        <test-method status="PASS" signature="C()[pri:5, instance:Priotization@271053e1]" name="C" duration-ms="1" started-at="2018-05-18T17:59:40Z" finished-at="2018-05-18T17:59:40Z">
          <reporter-output>
          </reporter-output>
        </test-method> <!-- C -->
        <test-method status="PASS" signature="G()[pri:6, instance:Priotization@271053e1]" name="G" duration-ms="2" started-at="2018-05-18T17:59:40Z" finished-at="2018-05-18T17:59:40Z">
          <reporter-output>
          </reporter-output>
        </test-method> <!-- G -->
      </class> <!-- Priotization -->
      <class name="MC.TestSetF">
        <test-method status="PASS" signature="SetUpPreDataMethod()[pri:0, instance:MC.TestSetF@42dafa95]" name="SetUpPreDataMethod" is-config="true" duration-ms="881" started-at="2018-05-18T17:16:27Z" finished-at="2018-05-18T17:16:28Z">
          <reporter-output>
          </reporter-output>
        </test-method> <!-- SetUpPreDataMethod -->
        <test-method status="PASS" signature="CalculateMortgatePayment_HardCodedValues()[pri:0, instance:MC.TestSetF@42dafa95]" name="CalculateMortgatePayment_HardCodedValues" duration-ms="55887" started-at="2018-05-18T17:16:28Z" finished-at="2018-05-18T17:17:24Z">
          <reporter-output>
          </reporter-output>
        </test-method> <!-- CalculateMortgatePayment_HardCodedValues -->
        <test-method status="PASS" signature="SetUpPreDataMethod()[pri:0, instance:MC.TestSetF@42dafa95]" name="SetUpPreDataMethod" is-config="true" duration-ms="760" started-at="2018-05-18T17:17:24Z" finished-at="2018-05-18T17:17:25Z">
          <reporter-output>
          </reporter-output>
        </test-method> <!-- SetUpPreDataMethod -->
        <test-method status="FAIL" signature="TC_10_MC_ME_C()[pri:0, instance:MC.TestSetF@42dafa95]" name="TC_10_MC_ME_C" duration-ms="2298" started-at="2018-05-18T17:17:25Z" finished-at="2018-05-18T17:17:27Z">
          <exception class="org.openqa.selenium.WebDriverException">
            <message>
              <![CDATA[java.net.SocketException: Connection reset
Build info: version: '3.6.0', revision: '6fbf3ec767', time: '2017-09-27T16:15:40.131Z'
System info: host: 'DESKTOP-75OLIUH', ip: '192.168.1.25', os.name: 'Windows 10', os.arch: 'amd64', os.version: '10.0', java.version: '1.8.0_144'
Driver info: driver.version: EdgeDriver]]>
            </message>
            <full-stacktrace>
              <![CDATA[org.openqa.selenium.WebDriverException: java.net.SocketException: Connection reset
Build info: version: '3.6.0', revision: '6fbf3ec767', time: '2017-09-27T16:15:40.131Z'
System info: host: 'DESKTOP-75OLIUH', ip: '192.168.1.25', os.name: 'Windows 10', os.arch: 'amd64', os.version: '10.0', java.version: '1.8.0_144'
Driver info: driver.version: EdgeDriver
	at org.openqa.selenium.remote.service.DriverCommandExecutor.execute(DriverCommandExecutor.java:92)
	at org.openqa.selenium.remote.RemoteWebDriver.execute(RemoteWebDriver.java:586)
	at org.openqa.selenium.remote.RemoteWebDriver.startSession(RemoteWebDriver.java:217)
	at org.openqa.selenium.remote.RemoteWebDriver.<init>(RemoteWebDriver.java:140)
	at org.openqa.selenium.edge.EdgeDriver.<init>(EdgeDriver.java:150)
	at org.openqa.selenium.edge.EdgeDriver.<init>(EdgeDriver.java:139)
	at org.openqa.selenium.edge.EdgeDriver.<init>(EdgeDriver.java:96)
	at afterLoginIn.CommonAPI.getDriver(CommonAPI.java:128)
	at MC.TestSetF.CalculateMortgatePayment_P(TestSetF.java:79)
	at MC.TestSetF.TC_10_MC_ME_C(TestSetF.java:229)
	at sun.reflect.NativeMethodAccessorImpl.invoke0(Native Method)
	at sun.reflect.NativeMethodAccessorImpl.invoke(Unknown Source)
	at sun.reflect.DelegatingMethodAccessorImpl.invoke(Unknown Source)
	at java.lang.reflect.Method.invoke(Unknown Source)
	at org.testng.internal.MethodInvocationHelper.invokeMethod(MethodInvocationHelper.java:108)
	at org.testng.internal.Invoker.invokeMethod(Invoker.java:661)
	at org.testng.internal.Invoker.invokeTestMethod(Invoker.java:869)
	at org.testng.internal.Invoker.invokeTestMethods(Invoker.java:1193)
	at org.testng.internal.TestMethodWorker.invokeTestMethods(TestMethodWorker.java:126)
	at org.testng.internal.TestMethodWorker.run(TestMethodWorker.java:109)
	at org.testng.TestRunner.privateRun(TestRunner.java:744)
	at org.testng.TestRunner.run(TestRunner.java:602)
	at org.testng.SuiteRunner.runTest(SuiteRunner.java:380)
	at org.testng.SuiteRunner.runSequentially(SuiteRunner.java:375)
	at org.testng.SuiteRunner.privateRun(SuiteRunner.java:340)
	at org.testng.SuiteRunner.run(SuiteRunner.java:289)
	at org.testng.SuiteRunnerWorker.runSuite(SuiteRunnerWorker.java:52)
	at org.testng.SuiteRunnerWorker.run(SuiteRunnerWorker.java:86)
	at org.testng.TestNG.runSuitesSequentially(TestNG.java:1301)
	at org.testng.TestNG.runSuitesLocally(TestNG.java:1226)
	at org.testng.TestNG.runSuites(TestNG.java:1144)
	at org.testng.TestNG.run(TestNG.java:1115)
	at org.testng.remote.AbstractRemoteTestNG.run(AbstractRemoteTestNG.java:126)
	at org.testng.remote.RemoteTestNG.initAndRun(RemoteTestNG.java:137)
	at org.testng.remote.RemoteTestNG.main(RemoteTestNG.java:58)
Caused by: java.net.SocketException: Connection reset
	at java.net.SocketInputStream.read(Unknown Source)
	at java.net.SocketInputStream.read(Unknown Source)
	at org.apache.http.impl.io.SessionInputBufferImpl.streamRead(SessionInputBufferImpl.java:137)
	at org.apache.http.impl.io.SessionInputBufferImpl.fillBuffer(SessionInputBufferImpl.java:153)
	at org.apache.http.impl.io.SessionInputBufferImpl.readLine(SessionInputBufferImpl.java:282)
	at org.apache.http.impl.conn.DefaultHttpResponseParser.parseHead(DefaultHttpResponseParser.java:138)
	at org.apache.http.impl.conn.DefaultHttpResponseParser.parseHead(DefaultHttpResponseParser.java:56)
	at org.apache.http.impl.io.AbstractMessageParser.parse(AbstractMessageParser.java:259)
	at org.apache.http.impl.DefaultBHttpClientConnection.receiveResponseHeader(DefaultBHttpClientConnection.java:163)
	at org.apache.http.impl.conn.CPoolProxy.receiveResponseHeader(CPoolProxy.java:165)
	at org.apache.http.protocol.HttpRequestExecutor.doReceiveResponse(HttpRequestExecutor.java:273)
	at org.apache.http.protocol.HttpRequestExecutor.execute(HttpRequestExecutor.java:125)
	at org.apache.http.impl.execchain.MainClientExec.execute(MainClientExec.java:272)
	at org.apache.http.impl.execchain.ProtocolExec.execute(ProtocolExec.java:185)
	at org.apache.http.impl.execchain.RetryExec.execute(RetryExec.java:89)
	at org.apache.http.impl.execchain.RedirectExec.execute(RedirectExec.java:111)
	at org.apache.http.impl.client.InternalHttpClient.doExecute(InternalHttpClient.java:185)
	at org.apache.http.impl.client.CloseableHttpClient.execute(CloseableHttpClient.java:72)
	at org.apache.http.impl.client.CloseableHttpClient.execute(CloseableHttpClient.java:56)
	at org.openqa.selenium.remote.internal.ApacheHttpClient.fallBackExecute(ApacheHttpClient.java:138)
	at org.openqa.selenium.remote.internal.ApacheHttpClient.execute(ApacheHttpClient.java:86)
	at org.openqa.selenium.remote.ProtocolHandshake.createSession(ProtocolHandshake.java:337)
	at org.openqa.selenium.remote.ProtocolHandshake.createSession(ProtocolHandshake.java:136)
	at org.openqa.selenium.remote.HttpCommandExecutor.execute(HttpCommandExecutor.java:142)
	at org.openqa.selenium.remote.service.DriverCommandExecutor.execute(DriverCommandExecutor.java:83)
	... 34 more
]]>
            </full-stacktrace>
          </exception> <!-- org.openqa.selenium.WebDriverException -->
          <reporter-output>
          </reporter-output>
        </test-method> <!-- TC_10_MC_ME_C -->
        <test-method status="PASS" signature="SetUpPreDataMethod()[pri:0, instance:MC.TestSetF@42dafa95]" name="SetUpPreDataMethod" is-config="true" duration-ms="758" started-at="2018-05-18T17:17:27Z" finished-at="2018-05-18T17:17:28Z">
          <reporter-output>
          </reporter-output>
        </test-method> <!-- SetUpPreDataMethod -->
        <test-method status="PASS" signature="TC_402_MC_GC_A()[pri:0, instance:MC.TestSetF@42dafa95]" name="TC_402_MC_GC_A" duration-ms="50513" started-at="2018-05-18T17:17:28Z" finished-at="2018-05-18T17:18:18Z">
          <reporter-output>
          </reporter-output>
        </test-method> <!-- TC_402_MC_GC_A -->
        <test-method status="PASS" signature="SetUpPreDataMethod()[pri:0, instance:MC.TestSetF@42dafa95]" name="SetUpPreDataMethod" is-config="true" duration-ms="708" started-at="2018-05-18T17:18:18Z" finished-at="2018-05-18T17:18:19Z">
          <reporter-output>
          </reporter-output>
        </test-method> <!-- SetUpPreDataMethod -->
        <test-method status="PASS" signature="TC_403_MC_GC_B()[pri:0, instance:MC.TestSetF@42dafa95]" name="TC_403_MC_GC_B" duration-ms="48068" started-at="2018-05-18T17:18:19Z" finished-at="2018-05-18T17:19:07Z">
          <reporter-output>
          </reporter-output>
        </test-method> <!-- TC_403_MC_GC_B -->
        <test-method status="PASS" signature="SetUpPreDataMethod()[pri:0, instance:MC.TestSetF@42dafa95]" name="SetUpPreDataMethod" is-config="true" duration-ms="773" started-at="2018-05-18T17:19:07Z" finished-at="2018-05-18T17:19:08Z">
          <reporter-output>
          </reporter-output>
        </test-method> <!-- SetUpPreDataMethod -->
        <test-method status="PASS" signature="TC_404_MC_GC_C()[pri:0, instance:MC.TestSetF@42dafa95]" name="TC_404_MC_GC_C" duration-ms="46824" started-at="2018-05-18T17:19:08Z" finished-at="2018-05-18T17:19:55Z">
          <reporter-output>
          </reporter-output>
        </test-method> <!-- TC_404_MC_GC_C -->
        <test-method status="PASS" signature="SetUpPreDataMethod()[pri:0, instance:MC.TestSetF@42dafa95]" name="SetUpPreDataMethod" is-config="true" duration-ms="770" started-at="2018-05-18T17:19:55Z" finished-at="2018-05-18T17:19:55Z">
          <reporter-output>
          </reporter-output>
        </test-method> <!-- SetUpPreDataMethod -->
        <test-method status="PASS" signature="TC_405_MC_FF_A()[pri:0, instance:MC.TestSetF@42dafa95]" name="TC_405_MC_FF_A" duration-ms="64105" started-at="2018-05-18T17:19:55Z" finished-at="2018-05-18T17:20:59Z">
          <reporter-output>
          </reporter-output>
        </test-method> <!-- TC_405_MC_FF_A -->
        <test-method status="PASS" signature="SetUpPreDataMethod()[pri:0, instance:MC.TestSetF@42dafa95]" name="SetUpPreDataMethod" is-config="true" duration-ms="775" started-at="2018-05-18T17:20:59Z" finished-at="2018-05-18T17:21:00Z">
          <reporter-output>
          </reporter-output>
        </test-method> <!-- SetUpPreDataMethod -->
[...]
Driver info: org.openqa.selenium.chrome.ChromeDriver
Capabilities [{mobileEmulationEnabled=false, hasTouchScreen=false, platform=XP, acceptSslCerts=false, acceptInsecureCerts=false, webStorageEnabled=true, browserName=chrome, takesScreenshot=true, javascriptEnabled=true, platformName=XP, setWindowRect=true, unexpectedAlertBehaviour=, applicationCacheEnabled=false, rotatable=false, networkConnectionEnabled=false, chrome={chromedriverVersion=2.36.540470 (e522d04694c7ebea4ba8821272dbef4f9b818c91), userDataDir=C:\Users\imran\AppData\Local\Temp\scoped_dir9436_230}, takesHeapSnapshot=true, pageLoadStrategy=normal, unhandledPromptBehavior=, databaseEnabled=false, handlesAlerts=true, version=66.0.3359.181, browserConnectionEnabled=false, nativeEvents=true, locationContextEnabled=true, cssSelectorsEnabled=true}]
Session ID: 0f144daaebcc64a5775c7497ee05d41b
*** Element info: {Using=link text, value=mdshahajadaimran}
	at sun.reflect.GeneratedConstructorAccessor14.newInstance(Unknown Source)
	at sun.reflect.DelegatingConstructorAccessorImpl.newInstance(Unknown Source)
	at java.lang.reflect.Constructor.newInstance(Unknown Source)
	at org.openqa.selenium.remote.ErrorHandler.createThrowable(ErrorHandler.java:214)
	at org.openqa.selenium.remote.ErrorHandler.throwIfResponseFailed(ErrorHandler.java:166)
	at org.openqa.selenium.remote.http.JsonHttpResponseCodec.reconstructValue(JsonHttpResponseCodec.java:40)
	at org.openqa.selenium.remote.http.AbstractHttpResponseCodec.decode(AbstractHttpResponseCodec.java:82)
	at org.openqa.selenium.remote.http.AbstractHttpResponseCodec.decode(AbstractHttpResponseCodec.java:45)
	at org.openqa.selenium.remote.HttpCommandExecutor.execute(HttpCommandExecutor.java:164)
	at org.openqa.selenium.remote.service.DriverCommandExecutor.execute(DriverCommandExecutor.java:83)
	at org.openqa.selenium.remote.RemoteWebDriver.execute(RemoteWebDriver.java:586)
	at org.openqa.selenium.remote.RemoteWebDriver.findElement(RemoteWebDriver.java:356)
	at org.openqa.selenium.remote.RemoteWebDriver.findElementByLinkText(RemoteWebDriver.java:410)
	at org.openqa.selenium.By$ByLinkText.findElement(By.java:246)
	at org.openqa.selenium.remote.RemoteWebDriver.findElement(RemoteWebDriver.java:348)
	at org.openqa.selenium.support.pagefactory.DefaultElementLocator.findElement(DefaultElementLocator.java:69)
	at org.openqa.selenium.support.pagefactory.internal.LocatingElementHandler.invoke(LocatingElementHandler.java:38)
	at com.sun.proxy.$Proxy12.getText(Unknown Source)
	at AOL_AutomationScripts.Automation_Test_SuiteOne.TC_101_LoginCheck_AutomationObjectModel(Automation_Test_SuiteOne.java:70)
	at sun.reflect.NativeMethodAccessorImpl.invoke0(Native Method)
	at sun.reflect.NativeMethodAccessorImpl.invoke(Unknown Source)
	at sun.reflect.DelegatingMethodAccessorImpl.invoke(Unknown Source)
	at java.lang.reflect.Method.invoke(Unknown Source)
	at org.testng.internal.MethodInvocationHelper.invokeMethod(MethodInvocationHelper.java:108)
	at org.testng.internal.Invoker.invokeMethod(Invoker.java:661)
	at org.testng.internal.Invoker.invokeTestMethod(Invoker.java:869)
	at org.testng.internal.Invoker.invokeTestMethods(Invoker.java:1193)
	at org.testng.internal.TestMethodWorker.invokeTestMethods(TestMethodWorker.java:126)
	at org.testng.internal.TestMethodWorker.run(TestMethodWorker.java:109)
	at org.testng.TestRunner.privateRun(TestRunner.java:744)
	at org.testng.TestRunner.run(TestRunner.java:602)
	at org.testng.SuiteRunner.runTest(SuiteRunner.java:380)
	at org.testng.SuiteRunner.runSequentially(SuiteRunner.java:375)
	at org.testng.SuiteRunner.privateRun(SuiteRunner.java:340)
	at org.testng.SuiteRunner.run(SuiteRunner.java:289)
	at org.testng.SuiteRunnerWorker.runSuite(SuiteRunnerWorker.java:52)
	at org.testng.SuiteRunnerWorker.run(SuiteRunnerWorker.java:86)
	at org.testng.TestNG.runSuitesSequentially(TestNG.java:1301)
	at org.testng.TestNG.runSuitesLocally(TestNG.java:1226)
	at org.testng.TestNG.runSuites(TestNG.java:1144)
	at org.testng.TestNG.run(TestNG.java:1115)
	at org.testng.remote.AbstractRemoteTestNG.run(AbstractRemoteTestNG.java:126)
	at org.testng.remote.RemoteTestNG.initAndRun(RemoteTestNG.java:137)
	at org.testng.remote.RemoteTestNG.main(RemoteTestNG.java:58)
]]>
            </full-stacktrace>
          </exception> <!-- org.openqa.selenium.NoSuchElementException -->
          <reporter-output>
          </reporter-output>
        </test-method> <!-- TC_101_LoginCheck_AutomationObjectModel -->
        <test-method status="PASS" signature="SetUpPreDataMethod()[pri:0, instance:AOL_AutomationScripts.Automation_Test_SuiteOne@73ad2d6]" name="SetUpPreDataMethod" is-config="true" duration-ms="866" started-at="2018-05-18T17:48:21Z" finished-at="2018-05-18T17:48:21Z">
          <reporter-output>
          </reporter-output>
        </test-method> <!-- SetUpPreDataMethod -->
        <test-method status="PASS" signature="TC_102_POM_ScrollDownOnPersonalFinancePage()[pri:0, instance:AOL_AutomationScripts.Automation_Test_SuiteOne@73ad2d6]" name="TC_102_POM_ScrollDownOnPersonalFinancePage" duration-ms="67319" started-at="2018-05-18T17:48:21Z" finished-at="2018-05-18T17:49:29Z">
          <reporter-output>
          </reporter-output>
        </test-method> <!-- TC_102_POM_ScrollDownOnPersonalFinancePage -->
        <test-method status="PASS" signature="SetUpPreDataMethod()[pri:0, instance:AOL_AutomationScripts.Automation_Test_SuiteOne@73ad2d6]" name="SetUpPreDataMethod" is-config="true" duration-ms="759" started-at="2018-05-18T17:49:29Z" finished-at="2018-05-18T17:49:30Z">
          <reporter-output>
          </reporter-output>
        </test-method> <!-- SetUpPreDataMethod -->
        <test-method status="FAIL" signature="TC_103_POM_EmailCountInTheInbox()[pri:0, instance:AOL_AutomationScripts.Automation_Test_SuiteOne@73ad2d6]" name="TC_103_POM_EmailCountInTheInbox" duration-ms="55371" started-at="2018-05-18T17:49:30Z" finished-at="2018-05-18T17:50:25Z">
          <exception class="java.lang.StringIndexOutOfBoundsException">
            <message>
              <![CDATA[String index out of range: -8]]>
            </message>
            <full-stacktrace>
              <![CDATA[java.lang.StringIndexOutOfBoundsException: String index out of range: -8
	at java.lang.String.substring(Unknown Source)
	at AOL_AutomationScripts.Automation_Test_SuiteOne.TC_103_POM_EmailCountInTheInbox(Automation_Test_SuiteOne.java:163)
	at sun.reflect.NativeMethodAccessorImpl.invoke0(Native Method)
	at sun.reflect.NativeMethodAccessorImpl.invoke(Unknown Source)
	at sun.reflect.DelegatingMethodAccessorImpl.invoke(Unknown Source)
	at java.lang.reflect.Method.invoke(Unknown Source)
	at org.testng.internal.MethodInvocationHelper.invokeMethod(MethodInvocationHelper.java:108)
	at org.testng.internal.Invoker.invokeMethod(Invoker.java:661)
	at org.testng.internal.Invoker.invokeTestMethod(Invoker.java:869)
	at org.testng.internal.Invoker.invokeTestMethods(Invoker.java:1193)
	at org.testng.internal.TestMethodWorker.invokeTestMethods(TestMethodWorker.java:126)
	at org.testng.internal.TestMethodWorker.run(TestMethodWorker.java:109)
	at org.testng.TestRunner.privateRun(TestRunner.java:744)
	at org.testng.TestRunner.run(TestRunner.java:602)
	at org.testng.SuiteRunner.runTest(SuiteRunner.java:380)
	at org.testng.SuiteRunner.runSequentially(SuiteRunner.java:375)
	at org.testng.SuiteRunner.privateRun(SuiteRunner.java:340)
	at org.testng.SuiteRunner.run(SuiteRunner.java:289)
	at org.testng.SuiteRunnerWorker.runSuite(SuiteRunnerWorker.java:52)
	at org.testng.SuiteRunnerWorker.run(SuiteRunnerWorker.java:86)
	at org.testng.TestNG.runSuitesSequentially(TestNG.java:1301)
	at org.testng.TestNG.runSuitesLocally(TestNG.java:1226)
	at org.testng.TestNG.runSuites(TestNG.java:1144)
	at org.testng.TestNG.run(TestNG.java:1115)
	at org.testng.remote.AbstractRemoteTestNG.run(AbstractRemoteTestNG.java:126)
	at org.testng.remote.RemoteTestNG.initAndRun(RemoteTestNG.java:137)
	at org.testng.remote.RemoteTestNG.main(RemoteTestNG.java:58)
]]>
            </full-stacktrace>
          </exception> <!-- java.lang.StringIndexOutOfBoundsException -->
          <reporter-output>
          </reporter-output>
        </test-method> <!-- TC_103_POM_EmailCountInTheInbox -->
        <test-method status="PASS" signature="SetUpPreDataMethod()[pri:0, instance:AOL_AutomationScripts.Automation_Test_SuiteOne@73ad2d6]" name="SetUpPreDataMethod" is-config="true" duration-ms="824" started-at="2018-05-18T17:50:25Z" finished-at="2018-05-18T17:50:26Z">
          <reporter-output>
          </reporter-output>
        </test-method> <!-- SetUpPreDataMethod -->
        <test-method status="PASS" signature="TC_104_POM_SendEmailAutomatically()[pri:0, instance:AOL_AutomationScripts.Automation_Test_SuiteOne@73ad2d6]" name="TC_104_POM_SendEmailAutomatically" duration-ms="91443" started-at="2018-05-18T17:50:26Z" finished-at="2018-05-18T17:51:57Z">
          <reporter-output>
          </reporter-output>
        </test-method> <!-- TC_104_POM_SendEmailAutomatically -->
        <test-method status="PASS" signature="SetUpPreDataMethod()[pri:0, instance:AOL_AutomationScripts.Automation_Test_SuiteOne@73ad2d6]" name="SetUpPreDataMethod" is-config="true" duration-ms="767" started-at="2018-05-18T17:51:57Z" finished-at="2018-05-18T17:51:58Z">
          <reporter-output>
          </reporter-output>
        </test-method> <!-- SetUpPreDataMethod -->
        <test-method status="PASS" signature="TC_105_SearchCheckAfterLogin()[pri:0, instance:AOL_AutomationScripts.Automation_Test_SuiteOne@73ad2d6]" name="TC_105_SearchCheckAfterLogin" duration-ms="107573" started-at="2018-05-18T17:51:58Z" finished-at="2018-05-18T17:53:46Z">
          <reporter-output>
          </reporter-output>
        </test-method> <!-- TC_105_SearchCheckAfterLogin -->
        <test-method status="PASS" signature="SetUpPreDataMethod()[pri:0, instance:AOL_AutomationScripts.Automation_Test_SuiteOne@73ad2d6]" name="SetUpPreDataMethod" is-config="true" duration-ms="865" started-at="2018-05-18T17:53:46Z" finished-at="2018-05-18T17:53:46Z">
          <reporter-output>
          </reporter-output>
        </test-method> <!-- SetUpPreDataMethod -->
        <test-method status="PASS" signature="TC_106_SearchResultInImageFormate()[pri:0, instance:AOL_AutomationScripts.Automation_Test_SuiteOne@73ad2d6]" name="TC_106_SearchResultInImageFormate" duration-ms="208188" started-at="2018-05-18T17:53:46Z" finished-at="2018-05-18T17:57:15Z">
          <reporter-output>
          </reporter-output>
        </test-method> <!-- TC_106_SearchResultInImageFormate -->
        <test-method status="PASS" signature="SetUpPreDataMethod()[pri:0, instance:AOL_AutomationScripts.Automation_Test_SuiteOne@73ad2d6]" name="SetUpPreDataMethod" is-config="true" duration-ms="913" started-at="2018-05-18T17:57:15Z" finished-at="2018-05-18T17:57:16Z">
          <reporter-output>
          </reporter-output>
        </test-method> <!-- SetUpPreDataMethod -->
        <test-method status="FAIL" signature="TC_107_HighlightAllLinks()[pri:0, instance:AOL_AutomationScripts.Automation_Test_SuiteOne@73ad2d6]" name="TC_107_HighlightAllLinks" duration-ms="37027" started-at="2018-05-18T17:57:16Z" finished-at="2018-05-18T17:57:53Z">
          <exception class="org.openqa.selenium.NoSuchElementException">
            <message>
              <![CDATA[no such element: Unable to locate element: {"method":"link text","selector":"mdshahajadaimran"}
  (Session info: chrome=66.0.3359.181)
  (Driver info: chromedriver=2.36.540470 (e522d04694c7ebea4ba8821272dbef4f9b818c91),platform=Windows NT 10.0.17134 x86_64) (WARNING: The server did not provide any stacktrace information)
Command duration or timeout: 0 milliseconds
For documentation on this error, please visit: http://seleniumhq.org/exceptions/no_such_element.html
Build info: version: '3.6.0', revision: '6fbf3ec767', time: '2017-09-27T16:15:40.131Z'
System info: host: 'DESKTOP-75OLIUH', ip: '192.168.1.25', os.name: 'Windows 10', os.arch: 'amd64', os.version: '10.0', java.version: '1.8.0_144'
Driver info: org.openqa.selenium.chrome.ChromeDriver
Capabilities [{mobileEmulationEnabled=false, hasTouchScreen=false, platform=XP, acceptSslCerts=false, acceptInsecureCerts=false, webStorageEnabled=true, browserName=chrome, takesScreenshot=true, javascriptEnabled=true, platformName=XP, setWindowRect=true, unexpectedAlertBehaviour=, applicationCacheEnabled=false, rotatable=false, networkConnectionEnabled=false, chrome={chromedriverVersion=2.36.540470 (e522d04694c7ebea4ba8821272dbef4f9b818c91), userDataDir=C:\Users\imran\AppData\Local\Temp\scoped_dir9712_8007}, takesHeapSnapshot=true, pageLoadStrategy=normal, unhandledPromptBehavior=, databaseEnabled=false, handlesAlerts=true, version=66.0.3359.181, browserConnectionEnabled=false, nativeEvents=true, locationContextEnabled=true, cssSelectorsEnabled=true}]
Session ID: d0ec0c332ba6007114a42239f1fe1f8a
*** Element info: {Using=link text, value=mdshahajadaimran}]]>
            </message>
            <full-stacktrace>
              <![CDATA[org.openqa.selenium.NoSuchElementException: no such element: Unable to locate element: {"method":"link text","selector":"mdshahajadaimran"}
  (Session info: chrome=66.0.3359.181)
  (Driver info: chromedriver=2.36.540470 (e522d04694c7ebea4ba8821272dbef4f9b818c91),platform=Windows NT 10.0.17134 x86_64) (WARNING: The server did not provide any stacktrace information)
Command duration or timeout: 0 milliseconds
For documentation on this error, please visit: http://seleniumhq.org/exceptions/no_such_element.html
Build info: version: '3.6.0', revision: '6fbf3ec767', time: '2017-09-27T16:15:40.131Z'
System info: host: 'DESKTOP-75OLIUH', ip: '192.168.1.25', os.name: 'Windows 10', os.arch: 'amd64', os.version: '10.0', java.version: '1.8.0_144'
Driver info: org.openqa.selenium.chrome.ChromeDriver
Capabilities [{mobileEmulationEnabled=false, hasTouchScreen=false, platform=XP, acceptSslCerts=false, acceptInsecureCerts=false, webStorageEnabled=true, browserName=chrome, takesScreenshot=true, javascriptEnabled=true, platformName=XP, setWindowRect=true, unexpectedAlertBehaviour=, applicationCacheEnabled=false, rotatable=false, networkConnectionEnabled=false, chrome={chromedriverVersion=2.36.540470 (e522d04694c7ebea4ba8821272dbef4f9b818c91), userDataDir=C:\Users\imran\AppData\Local\Temp\scoped_dir9712_8007}, takesHeapSnapshot=true, pageLoadStrategy=normal, unhandledPromptBehavior=, databaseEnabled=false, handlesAlerts=true, version=66.0.3359.181, browserConnectionEnabled=false, nativeEvents=true, locationContextEnabled=true, cssSelectorsEnabled=true}]
Session ID: d0ec0c332ba6007114a42239f1fe1f8a
*** Element info: {Using=link text, value=mdshahajadaimran}
	at sun.reflect.GeneratedConstructorAccessor14.newInstance(Unknown Source)
	at sun.reflect.DelegatingConstructorAccessorImpl.newInstance(Unknown Source)
	at java.lang.reflect.Constructor.newInstance(Unknown Source)
	at org.openqa.selenium.remote.ErrorHandler.createThrowable(ErrorHandler.java:214)
	at org.openqa.selenium.remote.ErrorHandler.throwIfResponseFailed(ErrorHandler.java:166)
	at org.openqa.selenium.remote.http.JsonHttpResponseCodec.reconstructValue(JsonHttpResponseCodec.java:40)
	at org.openqa.selenium.remote.http.AbstractHttpResponseCodec.decode(AbstractHttpResponseCodec.java:82)
	at org.openqa.selenium.remote.http.AbstractHttpResponseCodec.decode(AbstractHttpResponseCodec.java:45)
	at org.openqa.selenium.remote.HttpCommandExecutor.execute(HttpCommandExecutor.java:164)
	at org.openqa.selenium.remote.service.DriverCommandExecutor.execute(DriverCommandExecutor.java:83)
	at org.openqa.selenium.remote.RemoteWebDriver.execute(RemoteWebDriver.java:586)
	at org.openqa.selenium.remote.RemoteWebDriver.findElement(RemoteWebDriver.java:356)
	at org.openqa.selenium.remote.RemoteWebDriver.findElementByLinkText(RemoteWebDriver.java:410)
	at org.openqa.selenium.By$ByLinkText.findElement(By.java:246)
	at org.openqa.selenium.remote.RemoteWebDriver.findElement(RemoteWebDriver.java:348)
	at org.openqa.selenium.support.pagefactory.DefaultElementLocator.findElement(DefaultElementLocator.java:69)
	at org.openqa.selenium.support.pagefactory.internal.LocatingElementHandler.invoke(LocatingElementHandler.java:38)
	at com.sun.proxy.$Proxy12.click(Unknown Source)
	at AOL_AutomationScripts.Automation_Test_SuiteOne.TC_107_HighlightAllLinks(Automation_Test_SuiteOne.java:359)
	at sun.reflect.NativeMethodAccessorImpl.invoke0(Native Method)
	at sun.reflect.NativeMethodAccessorImpl.invoke(Unknown Source)
	at sun.reflect.DelegatingMethodAccessorImpl.invoke(Unknown Source)
	at java.lang.reflect.Method.invoke(Unknown Source)
	at org.testng.internal.MethodInvocationHelper.invokeMethod(MethodInvocationHelper.java:108)
	at org.testng.internal.Invoker.invokeMethod(Invoker.java:661)
	at org.testng.internal.Invoker.invokeTestMethod(Invoker.java:869)
	at org.testng.internal.Invoker.invokeTestMethods(Invoker.java:1193)
	at org.testng.internal.TestMethodWorker.invokeTestMethods(TestMethodWorker.java:126)
	at org.testng.internal.TestMethodWorker.run(TestMethodWorker.java:109)
	at org.testng.TestRunner.privateRun(TestRunner.java:744)
	at org.testng.TestRunner.run(TestRunner.java:602)
	at org.testng.SuiteRunner.runTest(SuiteRunner.java:380)
	at org.testng.SuiteRunner.runSequentially(SuiteRunner.java:375)
	at org.testng.SuiteRunner.privateRun(SuiteRunner.java:340)
	at org.testng.SuiteRunner.run(SuiteRunner.java:289)
	at org.testng.SuiteRunnerWorker.runSuite(SuiteRunnerWorker.java:52)
	at org.testng.SuiteRunnerWorker.run(SuiteRunnerWorker.java:86)
	at org.testng.TestNG.runSuitesSequentially(TestNG.java:1301)
	at org.testng.TestNG.runSuitesLocally(TestNG.java:1226)
	at org.testng.TestNG.runSuites(TestNG.java:1144)
	at org.testng.TestNG.run(TestNG.java:1115)
	at org.testng.remote.AbstractRemoteTestNG.run(AbstractRemoteTestNG.java:126)
	at org.testng.remote.RemoteTestNG.initAndRun(RemoteTestNG.java:137)
	at org.testng.remote.RemoteTestNG.main(RemoteTestNG.java:58)
]]>
            </full-stacktrace>
          </exception> <!-- org.openqa.selenium.NoSuchElementException -->
          <reporter-output>
          </reporter-output>
        </test-method> <!-- TC_107_HighlightAllLinks -->
        <test-method status="PASS" signature="SetUpPreDataMethod()[pri:0, instance:AOL_AutomationScripts.Automation_Test_SuiteOne@73ad2d6]" name="SetUpPreDataMethod" is-config="true" duration-ms="813" started-at="2018-05-18T17:57:53Z" finished-at="2018-05-18T17:57:53Z">
          <reporter-output>
          </reporter-output>
        </test-method> <!-- SetUpPreDataMethod -->
        <test-method status="PASS" signature="TC_108_WeatherInfo()[pri:0, instance:AOL_AutomationScripts.Automation_Test_SuiteOne@73ad2d6]" name="TC_108_WeatherInfo" duration-ms="62704" started-at="2018-05-18T17:57:53Z" finished-at="2018-05-18T17:58:56Z">
          <reporter-output>
          </reporter-output>
        </test-method> <!-- TC_108_WeatherInfo -->
        <test-method status="PASS" signature="SetUpPreDataMethod()[pri:0, instance:AOL_AutomationScripts.Automation_Test_SuiteOne@73ad2d6]" name="SetUpPreDataMethod" is-config="true" duration-ms="830" started-at="2018-05-18T17:58:56Z" finished-at="2018-05-18T17:58:57Z">
          <reporter-output>
          </reporter-output>
        </test-method> <!-- SetUpPreDataMethod -->
        <test-method status="PASS" signature="TC_109_NavigateToWeatherPage()[pri:0, instance:AOL_AutomationScripts.Automation_Test_SuiteOne@73ad2d6]" name="TC_109_NavigateToWeatherPage" duration-ms="42866" started-at="2018-05-18T17:58:57Z" finished-at="2018-05-18T17:59:40Z">
          <reporter-output>
          </reporter-output>
        </test-method> <!-- TC_109_NavigateToWeatherPage -->
      </class> <!-- AOL_AutomationScripts.Automation_Test_SuiteOne -->
    </test> <!-- all -->
  </suite> <!-- all -->
</testng-results>
