<?xml version="1.0" encoding="UTF-8"?>
<testng-results skipped="0" failed="1" ignored="0" total="3" passed="2">
  <reporter-output>
  </reporter-output>
  <suite name="Default suite" duration-ms="2568048" started-at="2018-09-12T16:52:46Z" finished-at="2018-09-12T17:35:34Z">
    <groups>
    </groups>
    <test name="Default test" duration-ms="2568048" started-at="2018-09-12T16:52:46Z" finished-at="2018-09-12T17:35:34Z">
      <class name="MyMath.TestSetMath_Version2">
        <test-method status="PASS" signature="SetUpPreDataMethod()[pri:0, instance:MyMath.TestSetMath_Version2@6093dd95]" name="SetUpPreDataMethod" is-config="true" duration-ms="1289" started-at="2018-09-12T12:52:46Z" finished-at="2018-09-12T12:52:47Z">
          <reporter-output>
          </reporter-output>
        </test-method> <!-- SetUpPreDataMethod -->
        <test-method status="FAIL" signature="TC_104_CheckStockOnAllPage()[pri:1, instance:MyMath.TestSetMath_Version2@6093dd95]" name="TC_104_CheckStockOnAllPage" duration-ms="159858" started-at="2018-09-12T12:52:47Z" finished-at="2018-09-12T12:55:27Z">
          <exception class="java.lang.NumberFormatException">
            <message>
              <![CDATA[For input string: "$0.00"]]>
            </message>
            <full-stacktrace>
              <![CDATA[java.lang.NumberFormatException: For input string: "$0.00"
	at sun.misc.FloatingDecimal.readJavaFormatString(Unknown Source)
	at sun.misc.FloatingDecimal.parseDouble(Unknown Source)
	at java.lang.Double.parseDouble(Unknown Source)
	at MyMath.TestSetMath_Version2.GetBuyOrNot(TestSetMath_Version2.java:214)
	at MyMath.TestSetMath_Version2.TC_104_CheckStockOnAllPage(TestSetMath_Version2.java:69)
	at sun.reflect.NativeMethodAccessorImpl.invoke0(Native Method)
	at sun.reflect.NativeMethodAccessorImpl.invoke(Unknown Source)
	at sun.reflect.DelegatingMethodAccessorImpl.invoke(Unknown Source)
	at java.lang.reflect.Method.invoke(Unknown Source)
	at org.testng.internal.MethodInvocationHelper.invokeMethod(MethodInvocationHelper.java:108)
	at org.testng.internal.Invoker.invokeMethod(Invoker.java:661)
	at org.testng.internal.Invoker.invokeTestMethod(Invoker.java:869)
	at org.testng.internal.Invoker.invokeTestMethods(Invoker.java:1193)
	at org.testng.internal.TestMethodWorker.invokeTestMethods(TestMethodWorker.java:126)
	at org.testng.internal.TestMethodWorker.run(TestMethodWorker.java:109)
	at org.testng.TestRunner.privateRun(TestRunner.java:744)
	at org.testng.TestRunner.run(TestRunner.java:602)
	at org.testng.SuiteRunner.runTest(SuiteRunner.java:380)
	at org.testng.SuiteRunner.runSequentially(SuiteRunner.java:375)
	at org.testng.SuiteRunner.privateRun(SuiteRunner.java:340)
	at org.testng.SuiteRunner.run(SuiteRunner.java:289)
	at org.testng.SuiteRunnerWorker.runSuite(SuiteRunnerWorker.java:52)
	at org.testng.SuiteRunnerWorker.run(SuiteRunnerWorker.java:86)
	at org.testng.TestNG.runSuitesSequentially(TestNG.java:1301)
	at org.testng.TestNG.runSuitesLocally(TestNG.java:1226)
	at org.testng.TestNG.runSuites(TestNG.java:1144)
	at org.testng.TestNG.run(TestNG.java:1115)
	at org.testng.remote.AbstractRemoteTestNG.run(AbstractRemoteTestNG.java:126)
	at org.testng.remote.RemoteTestNG.initAndRun(RemoteTestNG.java:137)
	at org.testng.remote.RemoteTestNG.main(RemoteTestNG.java:58)
]]>
            </full-stacktrace>
          </exception> <!-- java.lang.NumberFormatException -->
          <reporter-output>
          </reporter-output>
        </test-method> <!-- TC_104_CheckStockOnAllPage -->
        <test-method status="PASS" signature="SetUpPreDataMethod()[pri:0, instance:MyMath.TestSetMath_Version2@6093dd95]" name="SetUpPreDataMethod" is-config="true" duration-ms="1321" started-at="2018-09-12T12:55:27Z" finished-at="2018-09-12T12:55:29Z">
          <reporter-output>
          </reporter-output>
        </test-method> <!-- SetUpPreDataMethod -->
        <test-method status="PASS" signature="TC_102()[pri:2, instance:MyMath.TestSetMath_Version2@6093dd95]" name="TC_102" duration-ms="3" started-at="2018-09-12T12:55:29Z" finished-at="2018-09-12T12:55:29Z">
          <reporter-output>
          </reporter-output>
        </test-method> <!-- TC_102 -->
        <test-method status="PASS" signature="SetUpPreDataMethod()[pri:0, instance:MyMath.TestSetMath_Version2@6093dd95]" name="SetUpPreDataMethod" is-config="true" duration-ms="1261" started-at="2018-09-12T12:55:29Z" finished-at="2018-09-12T12:55:30Z">
          <reporter-output>
          </reporter-output>
        </test-method> <!-- SetUpPreDataMethod -->
        <test-method status="PASS" signature="TC_Exdate_p()[pri:3, instance:MyMath.TestSetMath_Version2@6093dd95]" name="TC_Exdate_p" duration-ms="2404241" started-at="2018-09-12T12:55:30Z" finished-at="2018-09-12T13:35:34Z">
          <reporter-output>
          </reporter-output>
        </test-method> <!-- TC_Exdate_p -->
      </class> <!-- MyMath.TestSetMath_Version2 -->
    </test> <!-- Default test -->
  </suite> <!-- Default suite -->
</testng-results>
