<?xml version="1.0" encoding="UTF-8"?>
<testng-results skipped="0" failed="0" ignored="12" total="13" passed="1">
  <reporter-output>
  </reporter-output>
  <suite name="Default suite" duration-ms="50316" started-at="2018-04-04T01:53:17Z" finished-at="2018-04-04T01:54:07Z">
    <groups>
    </groups>
    <test name="Default test" duration-ms="50316" started-at="2018-04-04T01:53:17Z" finished-at="2018-04-04T01:54:07Z">
      <class name="MC.TestSetF">
        <test-method status="PASS" signature="SetUpPreDataMethod()[pri:0, instance:MC.TestSetF@3ffc5af1]" name="SetUpPreDataMethod" is-config="true" duration-ms="871" started-at="2018-04-03T21:53:17Z" finished-at="2018-04-03T21:53:18Z">
          <reporter-output>
          </reporter-output>
        </test-method> <!-- SetUpPreDataMethod -->
        <test-method status="PASS" signature="TC_402_MC_GC_A()[pri:0, instance:MC.TestSetF@3ffc5af1]" name="TC_402_MC_GC_A" duration-ms="49420" started-at="2018-04-03T21:53:18Z" finished-at="2018-04-03T21:54:07Z">
          <reporter-output>
          </reporter-output>
        </test-method> <!-- TC_402_MC_GC_A -->
      </class> <!-- MC.TestSetF -->
    </test> <!-- Default test -->
  </suite> <!-- Default suite -->
</testng-results>
