<?xml version="1.0" encoding="UTF-8"?>
<testng-results skipped="0" failed="0" ignored="0" total="1" passed="1">
  <reporter-output>
  </reporter-output>
  <suite name="Default suite" duration-ms="41932" started-at="2018-01-23T02:18:33Z" finished-at="2018-01-23T02:19:15Z">
    <groups>
    </groups>
    <test name="Default test" duration-ms="41932" started-at="2018-01-23T02:18:33Z" finished-at="2018-01-23T02:19:15Z">
      <class name="usps.TestSetJ">
        <test-method status="PASS" signature="SetUpPreDataMethod()[pri:0, instance:usps.TestSetJ@4501b7af]" name="SetUpPreDataMethod" is-config="true" duration-ms="1140" started-at="2018-01-22T21:18:33Z" finished-at="2018-01-22T21:18:34Z">
          <reporter-output>
          </reporter-output>
        </test-method> <!-- SetUpPreDataMethod -->
        <test-method status="PASS" signature="TC_01_FindZipCode()[pri:0, instance:usps.TestSetJ@4501b7af]" name="TC_01_FindZipCode" duration-ms="40754" started-at="2018-01-22T21:18:34Z" finished-at="2018-01-22T21:19:15Z">
          <reporter-output>
          </reporter-output>
        </test-method> <!-- TC_01_FindZipCode -->
      </class> <!-- usps.TestSetJ -->
    </test> <!-- Default test -->
  </suite> <!-- Default suite -->
</testng-results>
