<?xml version="1.0" encoding="UTF-8"?>
<testng-results skipped="0" failed="0" ignored="0" total="2" passed="2">
  <reporter-output>
  </reporter-output>
  <suite name="Default suite" duration-ms="253407" started-at="2018-09-09T17:53:36Z" finished-at="2018-09-09T17:57:49Z">
    <groups>
    </groups>
    <test name="Default test" duration-ms="253407" started-at="2018-09-09T17:53:36Z" finished-at="2018-09-09T17:57:49Z">
      <class name="MyMath.TestSetMath_Version2">
        <test-method status="PASS" signature="SetUpPreDataMethod()[pri:0, instance:MyMath.TestSetMath_Version2@7cd62f43]" name="SetUpPreDataMethod" is-config="true" duration-ms="1249" started-at="2018-09-09T13:53:36Z" finished-at="2018-09-09T13:53:37Z">
          <reporter-output>
          </reporter-output>
        </test-method> <!-- SetUpPreDataMethod -->
        <test-method status="PASS" signature="TC_104_CheckStockOnAllPage()[pri:1, instance:MyMath.TestSetMath_Version2@7cd62f43]" name="TC_104_CheckStockOnAllPage" duration-ms="250977" started-at="2018-09-09T13:53:37Z" finished-at="2018-09-09T13:57:48Z">
          <reporter-output>
          </reporter-output>
        </test-method> <!-- TC_104_CheckStockOnAllPage -->
        <test-method status="PASS" signature="SetUpPreDataMethod()[pri:0, instance:MyMath.TestSetMath_Version2@7cd62f43]" name="SetUpPreDataMethod" is-config="true" duration-ms="1119" started-at="2018-09-09T13:57:48Z" finished-at="2018-09-09T13:57:49Z">
          <reporter-output>
          </reporter-output>
        </test-method> <!-- SetUpPreDataMethod -->
        <test-method status="PASS" signature="TC_102()[pri:2, instance:MyMath.TestSetMath_Version2@7cd62f43]" name="TC_102" duration-ms="5" started-at="2018-09-09T13:57:49Z" finished-at="2018-09-09T13:57:49Z">
          <reporter-output>
          </reporter-output>
        </test-method> <!-- TC_102 -->
      </class> <!-- MyMath.TestSetMath_Version2 -->
    </test> <!-- Default test -->
  </suite> <!-- Default suite -->
</testng-results>
