<?xml version="1.0" encoding="UTF-8"?>
<testng-results skipped="0" failed="17" ignored="2" total="72" passed="53">
  <reporter-output>
  </reporter-output>
  <suite name="all" duration-ms="3223647" started-at="2017-11-25T18:31:27Z" finished-at="2017-11-25T19:25:10Z">
    <groups>
      <group name="A">
        <method signature="Group.F1()[pri:0, instance:Group@604ed9f0]" name="F1" class="Group"/>
        <method signature="Group.F3()[pri:0, instance:Group@604ed9f0]" name="F3" class="Group"/>
        <method signature="Group.F6()[pri:0, instance:Group@604ed9f0]" name="F6" class="Group"/>
      </group> <!-- A -->
      <group name="B">
        <method signature="Group.F2()[pri:0, instance:Group@604ed9f0]" name="F2" class="Group"/>
        <method signature="Group.F5()[pri:0, instance:Group@604ed9f0]" name="F5" class="Group"/>
      </group> <!-- B -->
      <group name="C">
        <method signature="Group.F4()[pri:0, instance:Group@604ed9f0]" name="F4" class="Group"/>
      </group> <!-- C -->
    </groups>
    <test name="all" duration-ms="3223647" started-at="2017-11-25T18:31:27Z" finished-at="2017-11-25T19:25:10Z">
      <class name="Priotization">
        <test-method status="PASS" signature="A()[pri:0, instance:Priotization@6a4f787b]" name="A" duration-ms="2" started-at="2017-11-25T13:31:28Z" finished-at="2017-11-25T13:31:28Z">
          <reporter-output>
          </reporter-output>
        </test-method> <!-- A -->
        <test-method status="PASS" signature="F()[pri:1, instance:Priotization@6a4f787b]" name="F" duration-ms="1" started-at="2017-11-25T14:25:10Z" finished-at="2017-11-25T14:25:10Z">
          <reporter-output>
          </reporter-output>
        </test-method> <!-- F -->
        <test-method status="PASS" signature="D()[pri:2, instance:Priotization@6a4f787b]" name="D" duration-ms="0" started-at="2017-11-25T14:25:10Z" finished-at="2017-11-25T14:25:10Z">
          <reporter-output>
          </reporter-output>
        </test-method> <!-- D -->
        <test-method status="PASS" signature="E()[pri:3, instance:Priotization@6a4f787b]" name="E" duration-ms="0" started-at="2017-11-25T14:25:10Z" finished-at="2017-11-25T14:25:10Z">
          <reporter-output>
          </reporter-output>
        </test-method> <!-- E -->
        <test-method status="PASS" signature="C()[pri:5, instance:Priotization@6a4f787b]" name="C" duration-ms="0" started-at="2017-11-25T14:25:10Z" finished-at="2017-11-25T14:25:10Z">
          <reporter-output>
          </reporter-output>
        </test-method> <!-- C -->
        <test-method status="PASS" signature="G()[pri:6, instance:Priotization@6a4f787b]" name="G" duration-ms="1" started-at="2017-11-25T14:25:10Z" finished-at="2017-11-25T14:25:10Z">
          <reporter-output>
          </reporter-output>
        </test-method> <!-- G -->
      </class> <!-- Priotization -->
      <class name="Group">
        <test-method status="PASS" signature="F1()[pri:0, instance:Group@604ed9f0]" name="F1" duration-ms="5" started-at="2017-11-25T13:31:28Z" finished-at="2017-11-25T13:31:28Z">
          <reporter-output>
          </reporter-output>
        </test-method> <!-- F1 -->
        <test-method status="PASS" signature="F2()[pri:0, instance:Group@604ed9f0]" name="F2" duration-ms="3" started-at="2017-11-25T13:31:28Z" finished-at="2017-11-25T13:31:28Z">
          <reporter-output>
          </reporter-output>
        </test-method> <!-- F2 -->
        <test-method status="PASS" signature="F3()[pri:0, instance:Group@604ed9f0]" name="F3" duration-ms="3" started-at="2017-11-25T13:31:28Z" finished-at="2017-11-25T13:31:28Z">
          <reporter-output>
          </reporter-output>
        </test-method> <!-- F3 -->
        <test-method status="PASS" signature="F4()[pri:0, instance:Group@604ed9f0]" name="F4" duration-ms="1" started-at="2017-11-25T13:31:28Z" finished-at="2017-11-25T13:31:28Z">
          <reporter-output>
          </reporter-output>
        </test-method> <!-- F4 -->
        <test-method status="PASS" signature="F5()[pri:0, instance:Group@604ed9f0]" name="F5" duration-ms="4" started-at="2017-11-25T13:31:28Z" finished-at="2017-11-25T13:31:28Z">
          <reporter-output>
          </reporter-output>
        </test-method> <!-- F5 -->
        <test-method status="PASS" signature="F6()[pri:0, instance:Group@604ed9f0]" name="F6" duration-ms="2" started-at="2017-11-25T13:31:28Z" finished-at="2017-11-25T13:31:28Z">
          <reporter-output>
          </reporter-output>
        </test-method> <!-- F6 -->
      </class> <!-- Group -->
      <class name="MC.TestSetF">
        <test-method status="PASS" signature="SetUpPreDataMethod()[pri:0, instance:MC.TestSetF@6a41eaa2]" name="SetUpPreDataMethod" is-config="true" duration-ms="738" started-at="2017-11-25T14:17:19Z" finished-at="2017-11-25T14:17:20Z">
          <reporter-output>
          </reporter-output>
        </test-method> <!-- SetUpPreDataMethod -->
        <test-method status="PASS" signature="CalculateMortgatePayment_HardCodedValues()[pri:0, instance:MC.TestSetF@6a41eaa2]" name="CalculateMortgatePayment_HardCodedValues" duration-ms="46978" started-at="2017-11-25T14:17:20Z" finished-at="2017-11-25T14:18:07Z">
          <reporter-output>
          </reporter-output>
        </test-method> <!-- CalculateMortgatePayment_HardCodedValues -->
        <test-method status="PASS" signature="SetUpPreDataMethod()[pri:0, instance:MC.TestSetF@6a41eaa2]" name="SetUpPreDataMethod" is-config="true" duration-ms="555" started-at="2017-11-25T14:18:07Z" finished-at="2017-11-25T14:18:08Z">
          <reporter-output>
          </reporter-output>
        </test-method> <!-- SetUpPreDataMethod -->
        <test-method status="PASS" signature="TC_10_MC_ME_C()[pri:0, instance:MC.TestSetF@6a41eaa2]" name="TC_10_MC_ME_C" duration-ms="40123" started-at="2017-11-25T14:18:08Z" finished-at="2017-11-25T14:18:48Z">
          <reporter-output>
          </reporter-output>
        </test-method> <!-- TC_10_MC_ME_C -->
        <test-method status="PASS" signature="SetUpPreDataMethod()[pri:0, instance:MC.TestSetF@6a41eaa2]" name="SetUpPreDataMethod" is-config="true" duration-ms="508" started-at="2017-11-25T14:18:48Z" finished-at="2017-11-25T14:18:48Z">
          <reporter-output>
          </reporter-output>
        </test-method> <!-- SetUpPreDataMethod -->
        <test-method status="PASS" signature="TC_402_MC_GC_A()[pri:0, instance:MC.TestSetF@6a41eaa2]" name="TC_402_MC_GC_A" duration-ms="47103" started-at="2017-11-25T14:18:48Z" finished-at="2017-11-25T14:19:35Z">
          <reporter-output>
          </reporter-output>
        </test-method> <!-- TC_402_MC_GC_A -->
        <test-method status="PASS" signature="SetUpPreDataMethod()[pri:0, instance:MC.TestSetF@6a41eaa2]" name="SetUpPreDataMethod" is-config="true" duration-ms="557" started-at="2017-11-25T14:19:35Z" finished-at="2017-11-25T14:19:36Z">
          <reporter-output>
          </reporter-output>
        </test-method> <!-- SetUpPreDataMethod -->
        <test-method status="PASS" signature="TC_403_MC_GC_B()[pri:0, instance:MC.TestSetF@6a41eaa2]" name="TC_403_MC_GC_B" duration-ms="48011" started-at="2017-11-25T14:19:36Z" finished-at="2017-11-25T14:20:24Z">
          <reporter-output>
          </reporter-output>
        </test-method> <!-- TC_403_MC_GC_B -->
        <test-method status="PASS" signature="SetUpPreDataMethod()[pri:0, instance:MC.TestSetF@6a41eaa2]" name="SetUpPreDataMethod" is-config="true" duration-ms="553" started-at="2017-11-25T14:20:24Z" finished-at="2017-11-25T14:20:24Z">
          <reporter-output>
          </reporter-output>
        </test-method> <!-- SetUpPreDataMethod -->
        <test-method status="PASS" signature="TC_404_MC_GC_C()[pri:0, instance:MC.TestSetF@6a41eaa2]" name="TC_404_MC_GC_C" duration-ms="47704" started-at="2017-11-25T14:20:24Z" finished-at="2017-11-25T14:21:12Z">
          <reporter-output>
          </reporter-output>
        </test-method> <!-- TC_404_MC_GC_C -->
        <test-method status="PASS" signature="SetUpPreDataMethod()[pri:0, instance:MC.TestSetF@6a41eaa2]" name="SetUpPreDataMethod" is-config="true" duration-ms="658" started-at="2017-11-25T14:21:12Z" finished-at="2017-11-25T14:21:13Z">
          <reporter-output>
          </reporter-output>
        </test-method> <!-- SetUpPreDataMethod -->
        <test-method status="PASS" signature="TC_405_MC_FF_A()[pri:0, instance:MC.TestSetF@6a41eaa2]" name="TC_405_MC_FF_A" duration-ms="53634" started-at="2017-11-25T14:21:13Z" finished-at="2017-11-25T14:22:06Z">
          <reporter-output>
          </reporter-output>
        </test-method> <!-- TC_405_MC_FF_A -->
        <test-method status="PASS" signature="SetUpPreDataMethod()[pri:0, instance:MC.TestSetF@6a41eaa2]" name="SetUpPreDataMethod" is-config="true" duration-ms="504" started-at="2017-11-25T14:22:06Z" finished-at="2017-11-25T14:22:07Z">
          <reporter-output>
          </reporter-output>
        </test-method> <!-- SetUpPreDataMethod -->
        <test-method status="PASS" signature="TC_406_MC_FF_B()[pri:0, instance:MC.TestSetF@6a41eaa2]" name="TC_406_MC_FF_B" duration-ms="49879" started-at="2017-11-25T14:22:07Z" finished-at="2017-11-25T14:22:57Z">
          <reporter-output>
          </reporter-output>
        </test-method> <!-- TC_406_MC_FF_B -->
        <test-method status="PASS" signature="SetUpPreDataMethod()[pri:0, instance:MC.TestSetF@6a41eaa2]" name="SetUpPreDataMethod" is-config="true" duration-ms="717" started-at="2017-11-25T14:22:57Z" finished-at="2017-11-25T14:22:58Z">
          <reporter-output>
          </reporter-output>
        </test-method> <!-- SetUpPreDataMethod -->
        <test-method status="PASS" signature="TC_407_MC_FF_C()[pri:0, instance:MC.TestSetF@6a41eaa2]" name="TC_407_MC_FF_C" duration-ms="51662" started-at="2017-11-25T14:22:58Z" finished-at="2017-11-25T14:23:49Z">
          <reporter-output>
          </reporter-output>
        </test-method> <!-- TC_407_MC_FF_C -->
        <test-method status="PASS" signature="SetUpPreDataMethod()[pri:0, instance:MC.TestSetF@6a41eaa2]" name="SetUpPreDataMethod" is-config="true" duration-ms="505" started-at="2017-11-25T14:23:49Z" finished-at="2017-11-25T14:23:50Z">
          <reporter-output>
          </reporter-output>
        </test-method> <!-- SetUpPreDataMethod -->
        <test-method status="PASS" signature="TC_408_MC_ME_A()[pri:0, instance:MC.TestSetF@6a41eaa2]" name="TC_408_MC_ME_A" duration-ms="39891" started-at="2017-11-25T14:23:50Z" finished-at="2017-11-25T14:24:30Z">
          <reporter-output>
          </reporter-output>
        </test-method> <!-- TC_408_MC_ME_A -->
        <test-method status="PASS" signature="SetUpPreDataMethod()[pri:0, instance:MC.TestSetF@6a41eaa2]" name="SetUpPreDataMethod" is-config="true" duration-ms="506" started-at="2017-11-25T14:24:30Z" finished-at="2017-11-25T14:24:30Z">
          <reporter-output>
          </reporter-output>
        </test-method> <!-- SetUpPreDataMethod -->
        <test-method status="PASS" signature="TC_409_MC_ME_B()[pri:0, instance:MC.TestSetF@6a41eaa2]" name="TC_409_MC_ME_B" duration-ms="40121" started-at="2017-11-25T14:24:30Z" finished-at="2017-11-25T14:25:10Z">
          <reporter-output>
          </reporter-output>
        </test-method> <!-- TC_409_MC_ME_B -->
      </class> <!-- MC.TestSetF -->
      <class name="hsbc.TestSetC">
        <test-method status="PASS" signature="SetUpPreDataMethod()[pri:0, instance:hsbc.TestSetC@5e3a8624]" name="SetUpPreDataMethod" is-config="true" duration-ms="102" started-at="2017-11-25T13:46:01Z" finished-at="2017-11-25T13:46:01Z">
          <reporter-output>
          </reporter-output>
        </test-method> <!-- SetUpPreDataMethod -->
        <test-method status="FAIL" signature="CountryListOnOnlineBanking()[pri:0, instance:hsbc.TestSetC@5e3a8624]" name="CountryListOnOnlineBanking" duration-ms="12266" started-at="2017-11-25T13:46:01Z" finished-at="2017-11-25T13:46:13Z">
          <exception class="org.openqa.selenium.WebDriverException">
            <message>
              <![CDATA[unknown error: Element <a href="/online-banking" id="GoToInternetBanking" title="Go to internet banking" class="go-to-ib dark-background" role="button">...</a> is not clickable at point (935, 147). Other element would receive the click: <div class="menu-overlay" style="width: 1236px; height: 2296px;"></div>
  (Session info: chrome=62.0.3202.94)
  (Driver info: chromedriver=2.32.498550 (9dec58e66c31bcc53a9ce3c7226f0c1c5810906a),platform=Windows NT 10.0.16299 x86_64) (WARNING: The server did not provide any stacktrace information)
Command duration or timeout: 0 milliseconds
Build info: version: '3.6.0', revision: '6fbf3ec767', time: '2017-09-27T16:15:40.131Z'
System info: host: 'DESKTOP-75OLIUH', ip: '192.168.112.1', os.name: 'Windows 10', os.arch: 'amd64', os.version: '10.0', java.version: '1.8.0_144'
Driver info: org.openqa.selenium.chrome.ChromeDriver
Capabilities [{mobileEmulationEnabled=false, hasTouchScreen=false, platform=XP, acceptSslCerts=true, webStorageEnabled=true, browserName=chrome, takesScreenshot=true, javascriptEnabled=true, platformName=XP, setWindowRect=true, unexpectedAlertBehaviour=, applicationCacheEnabled=false, rotatable=false, networkConnectionEnabled=false, chrome={chromedriverVersion=2.32.498550 (9dec58e66c31bcc53a9ce3c7226f0c1c5810906a), userDataDir=C:\Users\imran\AppData\Local\Temp\scoped_dir620_13954}, takesHeapSnapshot=true, pageLoadStrategy=normal, unhandledPromptBehavior=, databaseEnabled=false, handlesAlerts=true, version=62.0.3202.94, browserConnectionEnabled=false, nativeEvents=true, locationContextEnabled=true, cssSelectorsEnabled=true}]
Session ID: f10f45f0b2e349277182bd818ada8fed]]>
            </message>
            <full-stacktrace>
              <![CDATA[org.openqa.selenium.WebDriverException: unknown error: Element <a href="/online-banking" id="GoToInternetBanking" title="Go to internet banking" class="go-to-ib dark-background" role="button">...</a> is not clickable at point (935, 147). Other element would receive the click: <div class="menu-overlay" style="width: 1236px; height: 2296px;"></div>
  (Session info: chrome=62.0.3202.94)
  (Driver info: chromedriver=2.32.498550 (9dec58e66c31bcc53a9ce3c7226f0c1c5810906a),platform=Windows NT 10.0.16299 x86_64) (WARNING: The server did not provide any stacktrace information)
Command duration or timeout: 0 milliseconds
Build info: version: '3.6.0', revision: '6fbf3ec767', time: '2017-09-27T16:15:40.131Z'
System info: host: 'DESKTOP-75OLIUH', ip: '192.168.112.1', os.name: 'Windows 10', os.arch: 'amd64', os.version: '10.0', java.version: '1.8.0_144'
Driver info: org.openqa.selenium.chrome.ChromeDriver
Capabilities [{mobileEmulationEnabled=false, hasTouchScreen=false, platform=XP, acceptSslCerts=true, webStorageEnabled=true, browserName=chrome, takesScreenshot=true, javascriptEnabled=true, platformName=XP, setWindowRect=true, unexpectedAlertBehaviour=, applicationCacheEnabled=false, rotatable=false, networkConnectionEnabled=false, chrome={chromedriverVersion=2.32.498550 (9dec58e66c31bcc53a9ce3c7226f0c1c5810906a), userDataDir=C:\Users\imran\AppData\Local\Temp\scoped_dir620_13954}, takesHeapSnapshot=true, pageLoadStrategy=normal, unhandledPromptBehavior=, databaseEnabled=false, handlesAlerts=true, version=62.0.3202.94, browserConnectionEnabled=false, nativeEvents=true, locationContextEnabled=true, cssSelectorsEnabled=true}]
Session ID: f10f45f0b2e349277182bd818ada8fed
	at sun.reflect.NativeConstructorAccessorImpl.newInstance0(Native Method)
	at sun.reflect.NativeConstructorAccessorImpl.newInstance(Unknown Source)
	at sun.reflect.DelegatingConstructorAccessorImpl.newInstance(Unknown Source)
	at java.lang.reflect.Constructor.newInstance(Unknown Source)
	at org.openqa.selenium.remote.ErrorHandler.createThrowable(ErrorHandler.java:214)
	at org.openqa.selenium.remote.ErrorHandler.throwIfResponseFailed(ErrorHandler.java:166)
	at org.openqa.selenium.remote.http.JsonHttpResponseCodec.reconstructValue(JsonHttpResponseCodec.java:40)
	at org.openqa.selenium.remote.http.AbstractHttpResponseCodec.decode(AbstractHttpResponseCodec.java:82)
	at org.openqa.selenium.remote.http.AbstractHttpResponseCodec.decode(AbstractHttpResponseCodec.java:45)
	at org.openqa.selenium.remote.HttpCommandExecutor.execute(HttpCommandExecutor.java:164)
	at org.openqa.selenium.remote.service.DriverCommandExecutor.execute(DriverCommandExecutor.java:83)
	at org.openqa.selenium.remote.RemoteWebDriver.execute(RemoteWebDriver.java:586)
	at org.openqa.selenium.remote.RemoteWebElement.execute(RemoteWebElement.java:279)
	at org.openqa.selenium.remote.RemoteWebElement.click(RemoteWebElement.java:83)
	at hsbc.TestSetC.CountryListOnOnlineBanking(TestSetC.java:68)
	at sun.reflect.NativeMethodAccessorImpl.invoke0(Native Method)
	at sun.reflect.NativeMethodAccessorImpl.invoke(Unknown Source)
	at sun.reflect.DelegatingMethodAccessorImpl.invoke(Unknown Source)
	at java.lang.reflect.Method.invoke(Unknown Source)
	at org.testng.internal.MethodInvocationHelper.invokeMethod(MethodInvocationHelper.java:108)
	at org.testng.internal.Invoker.invokeMethod(Invoker.java:661)
	at org.testng.internal.Invoker.invokeTestMethod(Invoker.java:869)
	at org.testng.internal.Invoker.invokeTestMethods(Invoker.java:1193)
	at org.testng.internal.TestMethodWorker.invokeTestMethods(TestMethodWorker.java:126)
	at org.testng.internal.TestMethodWorker.run(TestMethodWorker.java:109)
	at org.testng.TestRunner.privateRun(TestRunner.java:744)
	at org.testng.TestRunner.run(TestRunner.java:602)
	at org.testng.SuiteRunner.runTest(SuiteRunner.java:380)
	at org.testng.SuiteRunner.runSequentially(SuiteRunner.java:375)
	at org.testng.SuiteRunner.privateRun(SuiteRunner.java:340)
	at org.testng.SuiteRunner.run(SuiteRunner.java:289)
	at org.testng.SuiteRunnerWorker.runSuite(SuiteRunnerWorker.java:52)
	at org.testng.SuiteRunnerWorker.run(SuiteRunnerWorker.java:86)
	at org.testng.TestNG.runSuitesSequentially(TestNG.java:1301)
	at org.testng.TestNG.runSuitesLocally(TestNG.java:1226)
	at org.testng.TestNG.runSuites(TestNG.java:1144)
	at org.testng.TestNG.run(TestNG.java:1115)
	at org.testng.remote.AbstractRemoteTestNG.run(AbstractRemoteTestNG.java:126)
	at org.testng.remote.RemoteTestNG.initAndRun(RemoteTestNG.java:137)
	at org.testng.remote.RemoteTestNG.main(RemoteTestNG.java:58)
]]>
            </full-stacktrace>
          </exception> <!-- org.openqa.selenium.WebDriverException -->
          <reporter-output>
          </reporter-output>
        </test-method> <!-- CountryListOnOnlineBanking -->
        <test-method status="PASS" signature="SetUpPreDataMethod()[pri:0, instance:hsbc.TestSetC@5e3a8624]" name="SetUpPreDataMethod" is-config="true" duration-ms="152" started-at="2017-11-25T13:46:13Z" finished-at="2017-11-25T13:46:14Z">
          <reporter-output>
          </reporter-output>
        </test-method> <!-- SetUpPreDataMethod -->
        <test-method status="PASS" signature="displayMousOverDropdownList()[pri:0, instance:hsbc.TestSetC@5e3a8624]" name="displayMousOverDropdownList" duration-ms="22776" started-at="2017-11-25T13:46:14Z" finished-at="2017-11-25T13:46:36Z">
          <reporter-output>
          </reporter-output>
        </test-method> <!-- displayMousOverDropdownList -->
        <test-method status="PASS" signature="SetUpPreDataMethod()[pri:0, instance:hsbc.TestSetC@5e3a8624]" name="SetUpPreDataMethod" is-config="true" duration-ms="153" started-at="2017-11-25T13:46:36Z" finished-at="2017-11-25T13:46:36Z">
          <reporter-output>
          </reporter-output>
        </test-method> <!-- SetUpPreDataMethod -->
        <test-method status="PASS" signature="scrollUpAndDown()[pri:0, instance:hsbc.TestSetC@5e3a8624]" name="scrollUpAndDown" duration-ms="24836" started-at="2017-11-25T13:46:36Z" finished-at="2017-11-25T13:47:01Z">
          <reporter-output>
          </reporter-output>
        </test-method> <!-- scrollUpAndDown -->
      </class> <!-- hsbc.TestSetC -->
      <class name="afterLoginIn.TestSetA">
        <test-method status="PASS" signature="SetUpPreDataMethod()[pri:0, instance:afterLoginIn.TestSetA@3bfdc050]" name="SetUpPreDataMethod" is-config="true" duration-ms="106" started-at="2017-11-25T13:33:25Z" finished-at="2017-11-25T13:33:25Z">
          <reporter-output>
          </reporter-output>
        </test-method> <!-- SetUpPreDataMethod -->
        <test-method status="FAIL" signature="TC_401_Login_And_LogOut()[pri:0, instance:afterLoginIn.TestSetA@3bfdc050]" name="TC_401_Login_And_LogOut" duration-ms="25941" started-at="2017-11-25T13:33:25Z" finished-at="2017-11-25T13:33:51Z">
          <exception class="org.openqa.selenium.NoSuchElementException">
            <message>
              <![CDATA[no such element: Unable to locate element: {"method":"id","selector":"nav-link-accountList"}
  (Session info: chrome=62.0.3202.94)
  (Driver info: chromedriver=2.32.498550 (9dec58e66c31bcc53a9ce3c7226f0c1c5810906a),platform=Windows NT 10.0.16299 x86_64) (WARNING: The server did not provide any stacktrace information)
Command duration or timeout: 0 milliseconds
For documentation on this error, please visit: http://seleniumhq.org/exceptions/no_such_element.html
Build info: version: '3.6.0', revision: '6fbf3ec767', time: '2017-09-27T16:15:40.131Z'
System info: host: 'DESKTOP-75OLIUH', ip: '192.168.112.1', os.name: 'Windows 10', os.arch: 'amd64', os.version: '10.0', java.version: '1.8.0_144'
Driver info: org.openqa.selenium.chrome.ChromeDriver
Capabilities [{mobileEmulationEnabled=false, hasTouchScreen=false, platform=XP, acceptSslCerts=true, webStorageEnabled=true, browserName=chrome, takesScreenshot=true, javascriptEnabled=true, platformName=XP, setWindowRect=true, unexpectedAlertBehaviour=, applicationCacheEnabled=false, rotatable=false, networkConnectionEnabled=false, chrome={chromedriverVersion=2.32.498550 (9dec58e66c31bcc53a9ce3c7226f0c1c5810906a), userDataDir=C:\Users\imran\AppData\Local\Temp\scoped_dir2728_24193}, takesHeapSnapshot=true, pageLoadStrategy=normal, unhandledPromptBehavior=, databaseEnabled=false, handlesAlerts=true, version=62.0.3202.94, browserConnectionEnabled=false, nativeEvents=true, locationContextEnabled=true, cssSelectorsEnabled=true}]
Session ID: 7c37fcfc6be58d64d3b52f1f5ad74c02
*** Element info: {Using=id, value=nav-link-accountList}]]>
            </message>
            <full-stacktrace>
              <![CDATA[org.openqa.selenium.NoSuchElementException: no such element: Unable to locate element: {"method":"id","selector":"nav-link-accountList"}
  (Session info: chrome=62.0.3202.94)
  (Driver info: chromedriver=2.32.498550 (9dec58e66c31bcc53a9ce3c7226f0c1c5810906a),platform=Windows NT 10.0.16299 x86_64) (WARNING: The server did not provide any stacktrace information)
Command duration or timeout: 0 milliseconds
For documentation on this error, please visit: http://seleniumhq.org/exceptions/no_such_element.html
Build info: version: '3.6.0', revision: '6fbf3ec767', time: '2017-09-27T16:15:40.131Z'
System info: host: 'DESKTOP-75OLIUH', ip: '192.168.112.1', os.name: 'Windows 10', os.arch: 'amd64', os.version: '10.0', java.version: '1.8.0_144'
Driver info: org.openqa.selenium.chrome.ChromeDriver
Capabilities [{mobileEmulationEnabled=false, hasTouchScreen=false, platform=XP, acceptSslCerts=true, webStorageEnabled=true, browserName=chrome, takesScreenshot=true, javascriptEnabled=true, platformName=XP, setWindowRect=true, unexpectedAlertBehaviour=, applicationCacheEnabled=false, rotatable=false, networkConnectionEnabled=false, chrome={chromedriverVersion=2.32.498550 (9dec58e66c31bcc53a9ce3c7226f0c1c5810906a), userDataDir=C:\Users\imran\AppData\Local\Temp\scoped_dir2728_24193}, takesHeapSnapshot=true, pageLoadStrategy=normal, unhandledPromptBehavior=, databaseEnabled=false, handlesAlerts=true, version=62.0.3202.94, browserConnectionEnabled=false, nativeEvents=true, locationContextEnabled=true, cssSelectorsEnabled=true}]
Session ID: 7c37fcfc6be58d64d3b52f1f5ad74c02
*** Element info: {Using=id, value=nav-link-accountList}
	at sun.reflect.NativeConstructorAccessorImpl.newInstance0(Native Method)
	at sun.reflect.NativeConstructorAccessorImpl.newInstance(Unknown Source)
	at sun.reflect.DelegatingConstructorAccessorImpl.newInstance(Unknown Source)
	at java.lang.reflect.Constructor.newInstance(Unknown Source)
	at org.openqa.selenium.remote.ErrorHandler.createThrowable(ErrorHandler.java:214)
	at org.openqa.selenium.remote.ErrorHandler.throwIfResponseFailed(ErrorHandler.java:166)
	at org.openqa.selenium.remote.http.JsonHttpResponseCodec.reconstructValue(JsonHttpResponseCodec.java:40)
	at org.openqa.selenium.remote.http.AbstractHttpResponseCodec.decode(AbstractHttpResponseCodec.java:82)
	at org.openqa.selenium.remote.http.AbstractHttpResponseCodec.decode(AbstractHttpResponseCodec.java:45)
	at org.openqa.selenium.remote.HttpCommandExecutor.execute(HttpCommandExecutor.java:164)
	at org.openqa.selenium.remote.service.DriverCommandExecutor.execute(DriverCommandExecutor.java:83)
	at org.openqa.selenium.remote.RemoteWebDriver.execute(RemoteWebDriver.java:586)
	at org.openqa.selenium.remote.RemoteWebDriver.findElement(RemoteWebDriver.java:356)
	at org.openqa.selenium.remote.RemoteWebDriver.findElementById(RemoteWebDriver.java:402)
	at org.openqa.selenium.By$ById.findElement(By.java:218)
	at org.openqa.selenium.remote.RemoteWebDriver.findElement(RemoteWebDriver.java:348)
	at afterLoginIn.TestSetA.TC_401_Login_And_LogOut(TestSetA.java:49)
	at sun.reflect.NativeMethodAccessorImpl.invoke0(Native Method)
	at sun.reflect.NativeMethodAccessorImpl.invoke(Unknown Source)
	at sun.reflect.DelegatingMethodAccessorImpl.invoke(Unknown Source)
	at java.lang.reflect.Method.invoke(Unknown Source)
	at org.testng.internal.MethodInvocationHelper.invokeMethod(MethodInvocationHelper.java:108)
	at org.testng.internal.Invoker.invokeMethod(Invoker.java:661)
	at org.testng.internal.Invoker.invokeTestMethod(Invoker.java:869)
	at org.testng.internal.Invoker.invokeTestMethods(Invoker.java:1193)
	at org.testng.internal.TestMethodWorker.invokeTestMethods(TestMethodWorker.java:126)
	at org.testng.internal.TestMethodWorker.run(TestMethodWorker.java:109)
	at org.testng.TestRunner.privateRun(TestRunner.java:744)
	at org.testng.TestRunner.run(TestRunner.java:602)
	at org.testng.SuiteRunner.runTest(SuiteRunner.java:380)
	at org.testng.SuiteRunner.runSequentially(SuiteRunner.java:375)
	at org.testng.SuiteRunner.privateRun(SuiteRunner.java:340)
	at org.testng.SuiteRunner.run(SuiteRunner.java:289)
	at org.testng.SuiteRunnerWorker.runSuite(SuiteRunnerWorker.java:52)
	at org.testng.SuiteRunnerWorker.run(SuiteRunnerWorker.java:86)
	at org.testng.TestNG.runSuitesSequentially(TestNG.java:1301)
	at org.testng.TestNG.runSuitesLocally(TestNG.java:1226)
	at org.testng.TestNG.runSuites(TestNG.java:1144)
	at org.testng.TestNG.run(TestNG.java:1115)
	at org.testng.remote.AbstractRemoteTestNG.run(AbstractRemoteTestNG.java:126)
	at org.testng.remote.RemoteTestNG.initAndRun(RemoteTestNG.java:137)
	at org.testng.remote.RemoteTestNG.main(RemoteTestNG.java:58)
]]>
            </full-stacktrace>
          </exception> <!-- org.openqa.selenium.NoSuchElementException -->
          <reporter-output>
          </reporter-output>
        </test-method> <!-- TC_401_Login_And_LogOut -->
        <test-method status="PASS" signature="SetUpPreDataMethod()[pri:0, instance:afterLoginIn.TestSetA@3bfdc050]" name="SetUpPreDataMethod" is-config="true" duration-ms="101" started-at="2017-11-25T13:33:51Z" finished-at="2017-11-25T13:33:51Z">
          <reporter-output>
          </reporter-output>
        </test-method> <!-- SetUpPreDataMethod -->
        <test-method status="FAIL" signature="TC_402_Login_NegativeTest()[pri:0, instance:afterLoginIn.TestSetA@3bfdc050]" name="TC_402_Login_NegativeTest" duration-ms="16622" started-at="2017-11-25T13:33:51Z" finished-at="2017-11-25T13:34:08Z">
          <exception class="org.openqa.selenium.NoSuchElementException">
            <message>
              <![CDATA[no such element: Unable to locate element: {"method":"xpath","selector":"//*[@id="auth-error-message-box"]/div/div/ul/li/span"}
  (Session info: chrome=62.0.3202.94)
  (Driver info: chromedriver=2.32.498550 (9dec58e66c31bcc53a9ce3c7226f0c1c5810906a),platform=Windows NT 10.0.16299 x86_64) (WARNING: The server did not provide any stacktrace information)
Command duration or timeout: 0 milliseconds
For documentation on this error, please visit: http://seleniumhq.org/exceptions/no_such_element.html
Build info: version: '3.6.0', revision: '6fbf3ec767', time: '2017-09-27T16:15:40.131Z'
System info: host: 'DESKTOP-75OLIUH', ip: '192.168.112.1', os.name: 'Windows 10', os.arch: 'amd64', os.version: '10.0', java.version: '1.8.0_144'
Driver info: org.openqa.selenium.chrome.ChromeDriver
Capabilities [{mobileEmulationEnabled=false, hasTouchScreen=false, platform=XP, acceptSslCerts=true, webStorageEnabled=true, browserName=chrome, takesScreenshot=true, javascriptEnabled=true, platformName=XP, setWindowRect=true, unexpectedAlertBehaviour=, applicationCacheEnabled=false, rotatable=false, networkConnectionEnabled=false, chrome={chromedriverVersion=2.32.498550 (9dec58e66c31bcc53a9ce3c7226f0c1c5810906a), userDataDir=C:\Users\imran\AppData\Local\Temp\scoped_dir8340_7382}, takesHeapSnapshot=true, pageLoadStrategy=normal, unhandledPromptBehavior=, databaseEnabled=false, handlesAlerts=true, version=62.0.3202.94, browserConnectionEnabled=false, nativeEvents=true, locationContextEnabled=true, cssSelectorsEnabled=true}]
Session ID: 629364a6e730a7164547614bf711edc7
*** Element info: {Using=xpath, value=//*[@id="auth-error-message-box"]/div/div/ul/li/span}]]>
            </message>
            <full-stacktrace>
              <![CDATA[org.openqa.selenium.NoSuchElementException: no such element: Unable to locate element: {"method":"xpath","selector":"//*[@id="auth-error-message-box"]/div/div/ul/li/span"}
  (Session info: chrome=62.0.3202.94)
  (Driver info: chromedriver=2.32.498550 (9dec58e66c31bcc53a9ce3c7226f0c1c5810906a),platform=Windows NT 10.0.16299 x86_64) (WARNING: The server did not provide any stacktrace information)
Command duration or timeout: 0 milliseconds
For documentation on this error, please visit: http://seleniumhq.org/exceptions/no_such_element.html
Build info: version: '3.6.0', revision: '6fbf3ec767', time: '2017-09-27T16:15:40.131Z'
System info: host: 'DESKTOP-75OLIUH', ip: '192.168.112.1', os.name: 'Windows 10', os.arch: 'amd64', os.version: '10.0', java.version: '1.8.0_144'
Driver info: org.openqa.selenium.chrome.ChromeDriver
Capabilities [{mobileEmulationEnabled=false, hasTouchScreen=false, platform=XP, acceptSslCerts=true, webStorageEnabled=true, browserName=chrome, takesScreenshot=true, javascriptEnabled=true, platformName=XP, setWindowRect=true, unexpectedAlertBehaviour=, applicationCacheEnabled=false, rotatable=false, networkConnectionEnabled=false, chrome={chromedriverVersion=2.32.498550 (9dec58e66c31bcc53a9ce3c7226f0c1c5810906a), userDataDir=C:\Users\imran\AppData\Local\Temp\scoped_dir8340_7382}, takesHeapSnapshot=true, pageLoadStrategy=normal, unhandledPromptBehavior=, databaseEnabled=false, handlesAlerts=true, version=62.0.3202.94, browserConnectionEnabled=false, nativeEvents=true, locationContextEnabled=true, cssSelectorsEnabled=true}]
Session ID: 629364a6e730a7164547614bf711edc7
*** Element info: {Using=xpath, value=//*[@id="auth-error-message-box"]/div/div/ul/li/span}
	at sun.reflect.NativeConstructorAccessorImpl.newInstance0(Native Method)
	at sun.reflect.NativeConstructorAccessorImpl.newInstance(Unknown Source)
	at sun.reflect.DelegatingConstructorAccessorImpl.newInstance(Unknown Source)
	at java.lang.reflect.Constructor.newInstance(Unknown Source)
	at org.openqa.selenium.remote.ErrorHandler.createThrowable(ErrorHandler.java:214)
	at org.openqa.selenium.remote.ErrorHandler.throwIfResponseFailed(ErrorHandler.java:166)
	at org.openqa.selenium.remote.http.JsonHttpResponseCodec.reconstructValue(JsonHttpResponseCodec.java:40)
	at org.openqa.selenium.remote.http.AbstractHttpResponseCodec.decode(AbstractHttpResponseCodec.java:82)
	at org.openqa.selenium.remote.http.AbstractHttpResponseCodec.decode(AbstractHttpResponseCodec.java:45)
	at org.openqa.selenium.remote.HttpCommandExecutor.execute(HttpCommandExecutor.java:164)
	at org.openqa.selenium.remote.service.DriverCommandExecutor.execute(DriverCommandExecutor.java:83)
	at org.openqa.selenium.remote.RemoteWebDriver.execute(RemoteWebDriver.java:586)
	at org.openqa.selenium.remote.RemoteWebDriver.findElement(RemoteWebDriver.java:356)
	at org.openqa.selenium.remote.RemoteWebDriver.findElementByXPath(RemoteWebDriver.java:458)
	at org.openqa.selenium.By$ByXPath.findElement(By.java:361)
	at org.openqa.selenium.remote.RemoteWebDriver.findElement(RemoteWebDriver.java:348)
	at afterLoginIn.TestSetA.TC_402_Login_NegativeTest(TestSetA.java:78)
	at sun.reflect.NativeMethodAccessorImpl.invoke0(Native Method)
	at sun.reflect.NativeMethodAccessorImpl.invoke(Unknown Source)
	at sun.reflect.DelegatingMethodAccessorImpl.invoke(Unknown Source)
	at java.lang.reflect.Method.invoke(Unknown Source)
	at org.testng.internal.MethodInvocationHelper.invokeMethod(MethodInvocationHelper.java:108)
	at org.testng.internal.Invoker.invokeMethod(Invoker.java:661)
	at org.testng.internal.Invoker.invokeTestMethod(Invoker.java:869)
	at org.testng.internal.Invoker.invokeTestMethods(Invoker.java:1193)
	at org.testng.internal.TestMethodWorker.invokeTestMethods(TestMethodWorker.java:126)
	at org.testng.internal.TestMethodWorker.run(TestMethodWorker.java:109)
	at org.testng.TestRunner.privateRun(TestRunner.java:744)
	at org.testng.TestRunner.run(TestRunner.java:602)
	at org.testng.SuiteRunner.runTest(SuiteRunner.java:380)
	at org.testng.SuiteRunner.runSequentially(SuiteRunner.java:375)
	at org.testng.SuiteRunner.privateRun(SuiteRunner.java:340)
	at org.testng.SuiteRunner.run(SuiteRunner.java:289)
	at org.testng.SuiteRunnerWorker.runSuite(SuiteRunnerWorker.java:52)
	at org.testng.SuiteRunnerWorker.run(SuiteRunnerWorker.java:86)
	at org.testng.TestNG.runSuitesSequentially(TestNG.java:1301)
	at org.testng.TestNG.runSuitesLocally(TestNG.java:1226)
	at org.testng.TestNG.runSuites(TestNG.java:1144)
	at org.testng.TestNG.run(TestNG.java:1115)
	at org.testng.remote.AbstractRemoteTestNG.run(AbstractRemoteTestNG.java:126)
	at org.testng.remote.RemoteTestNG.initAndRun(RemoteTestNG.java:137)
	at org.testng.remote.RemoteTestNG.main(RemoteTestNG.java:58)
]]>
            </full-stacktrace>
          </exception> <!-- org.openqa.selenium.NoSuchElementException -->
          <reporter-output>
          </reporter-output>
        </test-method> <!-- TC_402_Login_NegativeTest -->
        <test-method status="PASS" signature="SetUpPreDataMethod()[pri:0, instance:afterLoginIn.TestSetA@3bfdc050]" name="SetUpPreDataMethod" is-config="true" duration-ms="153" started-at="2017-11-25T13:34:08Z" finished-at="2017-11-25T13:34:08Z">
          <reporter-output>
          </reporter-output>
        </test-method> <!-- SetUpPreDataMethod -->
        <test-method status="PASS" signature="TC_403_VerifyFieldsInLoginPage()[pri:0, instance:afterLoginIn.TestSetA@3bfdc050]" name="TC_403_VerifyFieldsInLoginPage" duration-ms="12105" started-at="2017-11-25T13:34:08Z" finished-at="2017-11-25T13:34:20Z">
          <reporter-output>
          </reporter-output>
        </test-method> <!-- TC_403_VerifyFieldsInLoginPage -->
        <test-method status="PASS" signature="SetUpPreDataMethod()[pri:0, instance:afterLoginIn.TestSetA@3bfdc050]" name="SetUpPreDataMethod" is-config="true" duration-ms="101" started-at="2017-11-25T13:34:20Z" finished-at="2017-11-25T13:34:20Z">
          <reporter-output>
          </reporter-output>
        </test-method> <!-- SetUpPreDataMethod -->
        <test-method status="PASS" signature="TC_404_ToolTip()[pri:0, instance:afterLoginIn.TestSetA@3bfdc050]" name="TC_404_ToolTip" duration-ms="16127" started-at="2017-11-25T13:34:20Z" finished-at="2017-11-25T13:34:36Z">
          <reporter-output>
          </reporter-output>
        </test-method> <!-- TC_404_ToolTip -->
      </class> <!-- afterLoginIn.TestSetA -->
      <class name="facebook.testSetD">
        <test-method status="PASS" signature="SetUpPreDataMethod()[pri:0, instance:facebook.testSetD@5c3bd550]" name="SetUpPreDataMethod" is-config="true" duration-ms="455" started-at="2017-11-25T13:47:01Z" finished-at="2017-11-25T13:47:02Z">
          <reporter-output>
          </reporter-output>
        </test-method> <!-- SetUpPreDataMethod -->
        <test-method status="FAIL" signature="LoginAndLogout_4Browses()[pri:0, instance:facebook.testSetD@5c3bd550]" name="LoginAndLogout_4Browses" duration-ms="27074" started-at="2017-11-25T13:47:02Z" finished-at="2017-11-25T13:47:29Z">
          <exception class="org.openqa.selenium.NoSuchElementException">
            <message>
              <![CDATA[no such element: Unable to locate element: {"method":"xpath","selector":"/html/body/div[20]/div/div/div/div/div[1]/div/div/ul/li[14]/a/span/span"}
  (Session info: chrome=62.0.3202.94)
  (Driver info: chromedriver=2.32.498550 (9dec58e66c31bcc53a9ce3c7226f0c1c5810906a),platform=Windows NT 10.0.16299 x86_64) (WARNING: The server did not provide any stacktrace information)
Command duration or timeout: 0 milliseconds
For documentation on this error, please visit: http://seleniumhq.org/exceptions/no_such_element.html
Build info: version: '3.6.0', revision: '6fbf3ec767', time: '2017-09-27T16:15:40.131Z'
System info: host: 'DESKTOP-75OLIUH', ip: '192.168.112.1', os.name: 'Windows 10', os.arch: 'amd64', os.version: '10.0', java.version: '1.8.0_144'
Driver info: org.openqa.selenium.chrome.ChromeDriver
Capabilities [{mobileEmulationEnabled=false, hasTouchScreen=false, platform=XP, acceptSslCerts=true, webStorageEnabled=true, browserName=chrome, takesScreenshot=true, javascriptEnabled=true, platformName=XP, setWindowRect=true, unexpectedAlertBehaviour=, applicationCacheEnabled=false, rotatable=false, networkConnectionEnabled=false, chrome={chromedriverVersion=2.32.498550 (9dec58e66c31bcc53a9ce3c7226f0c1c5810906a), userDataDir=C:\Users\imran\AppData\Local\Temp\scoped_dir11836_31895}, takesHeapSnapshot=true, pageLoadStrategy=normal, unhandledPromptBehavior=, databaseEnabled=false, handlesAlerts=true, version=62.0.3202.94, browserConnectionEnabled=false, nativeEvents=true, locationContextEnabled=true, cssSelectorsEnabled=true}]
Session ID: dfa37fd21793192201f9863a42d855b0
*** Element info: {Using=xpath, value=/html/body/div[20]/div/div/div/div/div[1]/div/div/ul/li[14]/a/span/span}]]>
            </message>
            <full-stacktrace>
              <![CDATA[org.openqa.selenium.NoSuchElementException: no such element: Unable to locate element: {"method":"xpath","selector":"/html/body/div[20]/div/div/div/div/div[1]/div/div/ul/li[14]/a/span/span"}
  (Session info: chrome=62.0.3202.94)
  (Driver info: chromedriver=2.32.498550 (9dec58e66c31bcc53a9ce3c7226f0c1c5810906a),platform=Windows NT 10.0.16299 x86_64) (WARNING: The server did not provide any stacktrace information)
Command duration or timeout: 0 milliseconds
For documentation on this error, please visit: http://seleniumhq.org/exceptions/no_such_element.html
Build info: version: '3.6.0', revision: '6fbf3ec767', time: '2017-09-27T16:15:40.131Z'
System info: host: 'DESKTOP-75OLIUH', ip: '192.168.112.1', os.name: 'Windows 10', os.arch: 'amd64', os.version: '10.0', java.version: '1.8.0_144'
Driver info: org.openqa.selenium.chrome.ChromeDriver
Capabilities [{mobileEmulationEnabled=false, hasTouchScreen=false, platform=XP, acceptSslCerts=true, webStorageEnabled=true, browserName=chrome, takesScreenshot=true, javascriptEnabled=true, platformName=XP, setWindowRect=true, unexpectedAlertBehaviour=, applicationCacheEnabled=false, rotatable=false, networkConnectionEnabled=false, chrome={chromedriverVersion=2.32.498550 (9dec58e66c31bcc53a9ce3c7226f0c1c5810906a), userDataDir=C:\Users\imran\AppData\Local\Temp\scoped_dir11836_31895}, takesHeapSnapshot=true, pageLoadStrategy=normal, unhandledPromptBehavior=, databaseEnabled=false, handlesAlerts=true, version=62.0.3202.94, browserConnectionEnabled=false, nativeEvents=true, locationContextEnabled=true, cssSelectorsEnabled=true}]
Session ID: dfa37fd21793192201f9863a42d855b0
*** Element info: {Using=xpath, value=/html/body/div[20]/div/div/div/div/div[1]/div/div/ul/li[14]/a/span/span}
	at sun.reflect.NativeConstructorAccessorImpl.newInstance0(Native Method)
	at sun.reflect.NativeConstructorAccessorImpl.newInstance(Unknown Source)
	at sun.reflect.DelegatingConstructorAccessorImpl.newInstance(Unknown Source)
	at java.lang.reflect.Constructor.newInstance(Unknown Source)
	at org.openqa.selenium.remote.ErrorHandler.createThrowable(ErrorHandler.java:214)
	at org.openqa.selenium.remote.ErrorHandler.throwIfResponseFailed(ErrorHandler.java:166)
	at org.openqa.selenium.remote.http.JsonHttpResponseCodec.reconstructValue(JsonHttpResponseCodec.java:40)
	at org.openqa.selenium.remote.http.AbstractHttpResponseCodec.decode(AbstractHttpResponseCodec.java:82)
	at org.openqa.selenium.remote.http.AbstractHttpResponseCodec.decode(AbstractHttpResponseCodec.java:45)
	at org.openqa.selenium.remote.HttpCommandExecutor.execute(HttpCommandExecutor.java:164)
	at org.openqa.selenium.remote.service.DriverCommandExecutor.execute(DriverCommandExecutor.java:83)
	at org.openqa.selenium.remote.RemoteWebDriver.execute(RemoteWebDriver.java:586)
	at org.openqa.selenium.remote.RemoteWebDriver.findElement(RemoteWebDriver.java:356)
	at org.openqa.selenium.remote.RemoteWebDriver.findElementByXPath(RemoteWebDriver.java:458)
	at org.openqa.selenium.By$ByXPath.findElement(By.java:361)
	at org.openqa.selenium.remote.RemoteWebDriver.findElement(RemoteWebDriver.java:348)
	at facebook.testSetD.LoginAndLogout_4Browses(testSetD.java:77)
	at sun.reflect.NativeMethodAccessorImpl.invoke0(Native Method)
	at sun.reflect.NativeMethodAccessorImpl.invoke(Unknown Source)
	at sun.reflect.DelegatingMethodAccessorImpl.invoke(Unknown Source)
	at java.lang.reflect.Method.invoke(Unknown Source)
	at org.testng.internal.MethodInvocationHelper.invokeMethod(MethodInvocationHelper.java:108)
	at org.testng.internal.Invoker.invokeMethod(Invoker.java:661)
	at org.testng.internal.Invoker.invokeTestMethod(Invoker.java:869)
	at org.testng.internal.Invoker.invokeTestMethods(Invoker.java:1193)
	at org.testng.internal.TestMethodWorker.invokeTestMethods(TestMethodWorker.java:126)
	at org.testng.internal.TestMethodWorker.run(TestMethodWorker.java:109)
	at org.testng.TestRunner.privateRun(TestRunner.java:744)
	at org.testng.TestRunner.run(TestRunner.java:602)
	at org.testng.SuiteRunner.runTest(SuiteRunner.java:380)
	at org.testng.SuiteRunner.runSequentially(SuiteRunner.java:375)
	at org.testng.SuiteRunner.privateRun(SuiteRunner.java:340)
	at org.testng.SuiteRunner.run(SuiteRunner.java:289)
	at org.testng.SuiteRunnerWorker.runSuite(SuiteRunnerWorker.java:52)
	at org.testng.SuiteRunnerWorker.run(SuiteRunnerWorker.java:86)
	at org.testng.TestNG.runSuitesSequentially(TestNG.java:1301)
	at org.testng.TestNG.runSuitesLocally(TestNG.java:1226)
	at org.testng.TestNG.runSuites(TestNG.java:1144)
	at org.testng.TestNG.run(TestNG.java:1115)
	at org.testng.remote.AbstractRemoteTestNG.run(AbstractRemoteTestNG.java:126)
	at org.testng.remote.RemoteTestNG.initAndRun(RemoteTestNG.java:137)
	at org.testng.remote.RemoteTestNG.main(RemoteTestNG.java:58)
]]>
            </full-stacktrace>
          </exception> <!-- org.openqa.selenium.NoSuchElementException -->
          <reporter-output>
          </reporter-output>
        </test-method> <!-- LoginAndLogout_4Browses -->
        <test-method status="PASS" signature="aftermethod()[pri:0, instance:facebook.testSetD@5c3bd550]" name="aftermethod" is-config="true" duration-ms="456" started-at="2017-11-25T13:47:29Z" finished-at="2017-11-25T13:47:29Z">
          <reporter-output>
          </reporter-output>
        </test-method> <!-- aftermethod -->
        <test-method status="PASS" signature="SetUpPreDataMethod()[pri:0, instance:facebook.testSetD@5c3bd550]" name="SetUpPreDataMethod" is-config="true" duration-ms="453" started-at="2017-11-25T13:47:29Z" finished-at="2017-11-25T13:47:30Z">
          <reporter-output>
          </reporter-output>
        </test-method> <!-- SetUpPreDataMethod -->
        <test-method status="FAIL" signature="LoginAndLogout_Chrome()[pri:0, instance:facebook.testSetD@5c3bd550]" name="LoginAndLogout_Chrome" duration-ms="24722" started-at="2017-11-25T13:47:30Z" finished-at="2017-11-25T13:47:54Z">
          <exception class="org.openqa.selenium.NoSuchElementException">
            <message>
              <![CDATA[no such element: Unable to locate element: {"method":"xpath","selector":"/html/body/div[20]/div/div/div/div/div[1]/div/div/ul/li[14]/a/span/span"}
  (Session info: chrome=62.0.3202.94)
  (Driver info: chromedriver=2.32.498550 (9dec58e66c31bcc53a9ce3c7226f0c1c5810906a),platform=Windows NT 10.0.16299 x86_64) (WARNING: The server did not provide any stacktrace information)
Command duration or timeout: 0 milliseconds
For documentation on this error, please visit: http://seleniumhq.org/exceptions/no_such_element.html
Build info: version: '3.6.0', revision: '6fbf3ec767', time: '2017-09-27T16:15:40.131Z'
System info: host: 'DESKTOP-75OLIUH', ip: '192.168.112.1', os.name: 'Windows 10', os.arch: 'amd64', os.version: '10.0', java.version: '1.8.0_144'
Driver info: org.openqa.selenium.chrome.ChromeDriver
Capabilities [{mobileEmulationEnabled=false, hasTouchScreen=false, platform=XP, acceptSslCerts=true, webStorageEnabled=true, browserName=chrome, takesScreenshot=true, javascriptEnabled=true, platformName=XP, setWindowRect=true, unexpectedAlertBehaviour=, applicationCacheEnabled=false, rotatable=false, networkConnectionEnabled=false, chrome={chromedriverVersion=2.32.498550 (9dec58e66c31bcc53a9ce3c7226f0c1c5810906a), userDataDir=C:\Users\imran\AppData\Local\Temp\scoped_dir8484_31076}, takesHeapSnapshot=true, pageLoadStrategy=normal, unhandledPromptBehavior=, databaseEnabled=false, handlesAlerts=true, version=62.0.3202.94, browserConnectionEnabled=false, nativeEvents=true, locationContextEnabled=true, cssSelectorsEnabled=true}]
Session ID: e30c094c68f31aadf8f3d115c6cb11c2
*** Element info: {Using=xpath, value=/html/body/div[20]/div/div/div/div/div[1]/div/div/ul/li[14]/a/span/span}]]>
            </message>
            <full-stacktrace>
              <![CDATA[org.openqa.selenium.NoSuchElementException: no such element: Unable to locate element: {"method":"xpath","selector":"/html/body/div[20]/div/div/div/div/div[1]/div/div/ul/li[14]/a/span/span"}
  (Session info: chrome=62.0.3202.94)
  (Driver info: chromedriver=2.32.498550 (9dec58e66c31bcc53a9ce3c7226f0c1c5810906a),platform=Windows NT 10.0.16299 x86_64) (WARNING: The server did not provide any stacktrace information)
Command duration or timeout: 0 milliseconds
For documentation on this error, please visit: http://seleniumhq.org/exceptions/no_such_element.html
Build info: version: '3.6.0', revision: '6fbf3ec767', time: '2017-09-27T16:15:40.131Z'
System info: host: 'DESKTOP-75OLIUH', ip: '192.168.112.1', os.name: 'Windows 10', os.arch: 'amd64', os.version: '10.0', java.version: '1.8.0_144'
Driver info: org.openqa.selenium.chrome.ChromeDriver
Capabilities [{mobileEmulationEnabled=false, hasTouchScreen=false, platform=XP, acceptSslCerts=true, webStorageEnabled=true, browserName=chrome, takesScreenshot=true, javascriptEnabled=true, platformName=XP, setWindowRect=true, unexpectedAlertBehaviour=, applicationCacheEnabled=false, rotatable=false, networkConnectionEnabled=false, chrome={chromedriverVersion=2.32.498550 (9dec58e66c31bcc53a9ce3c7226f0c1c5810906a), userDataDir=C:\Users\imran\AppData\Local\Temp\scoped_dir8484_31076}, takesHeapSnapshot=true, pageLoadStrategy=normal, unhandledPromptBehavior=, databaseEnabled=false, handlesAlerts=true, version=62.0.3202.94, browserConnectionEnabled=false, nativeEvents=true, locationContextEnabled=true, cssSelectorsEnabled=true}]
Session ID: e30c094c68f31aadf8f3d115c6cb11c2
*** Element info: {Using=xpath, value=/html/body/div[20]/div/div/div/div/div[1]/div/div/ul/li[14]/a/span/span}
	at sun.reflect.NativeConstructorAccessorImpl.newInstance0(Native Method)
	at sun.reflect.NativeConstructorAccessorImpl.newInstance(Unknown Source)
	at sun.reflect.DelegatingConstructorAccessorImpl.newInstance(Unknown Source)
	at java.lang.reflect.Constructor.newInstance(Unknown Source)
	at org.openqa.selenium.remote.ErrorHandler.createThrowable(ErrorHandler.java:214)
	at org.openqa.selenium.remote.ErrorHandler.throwIfResponseFailed(ErrorHandler.java:166)
	at org.openqa.selenium.remote.http.JsonHttpResponseCodec.reconstructValue(JsonHttpResponseCodec.java:40)
	at org.openqa.selenium.remote.http.AbstractHttpResponseCodec.decode(AbstractHttpResponseCodec.java:82)
	at org.openqa.selenium.remote.http.AbstractHttpResponseCodec.decode(AbstractHttpResponseCodec.java:45)
	at org.openqa.selenium.remote.HttpCommandExecutor.execute(HttpCommandExecutor.java:164)
	at org.openqa.selenium.remote.service.DriverCommandExecutor.execute(DriverCommandExecutor.java:83)
	at org.openqa.selenium.remote.RemoteWebDriver.execute(RemoteWebDriver.java:586)
	at org.openqa.selenium.remote.RemoteWebDriver.findElement(RemoteWebDriver.java:356)
	at org.openqa.selenium.remote.RemoteWebDriver.findElementByXPath(RemoteWebDriver.java:458)
	at org.openqa.selenium.By$ByXPath.findElement(By.java:361)
	at org.openqa.selenium.remote.RemoteWebDriver.findElement(RemoteWebDriver.java:348)
	at facebook.testSetD.LoginAndLogout_Chrome(testSetD.java:110)
	at sun.reflect.NativeMethodAccessorImpl.invoke0(Native Method)
	at sun.reflect.NativeMethodAccessorImpl.invoke(Unknown Source)
	at sun.reflect.DelegatingMethodAccessorImpl.invoke(Unknown Source)
	at java.lang.reflect.Method.invoke(Unknown Source)
	at org.testng.internal.MethodInvocationHelper.invokeMethod(MethodInvocationHelper.java:108)
	at org.testng.internal.Invoker.invokeMethod(Invoker.java:661)
	at org.testng.internal.Invoker.invokeTestMethod(Invoker.java:869)
	at org.testng.internal.Invoker.invokeTestMethods(Invoker.java:1193)
	at org.testng.internal.TestMethodWorker.invokeTestMethods(TestMethodWorker.java:126)
	at org.testng.internal.TestMethodWorker.run(TestMethodWorker.java:109)
	at org.testng.TestRunner.privateRun(TestRunner.java:744)
	at org.testng.TestRunner.run(TestRunner.java:602)
	at org.testng.SuiteRunner.runTest(SuiteRunner.java:380)
	at org.testng.SuiteRunner.runSequentially(SuiteRunner.java:375)
	at org.testng.SuiteRunner.privateRun(SuiteRunner.java:340)
	at org.testng.SuiteRunner.run(SuiteRunner.java:289)
	at org.testng.SuiteRunnerWorker.runSuite(SuiteRunnerWorker.java:52)
	at org.testng.SuiteRunnerWorker.run(SuiteRunnerWorker.java:86)
	at org.testng.TestNG.runSuitesSequentially(TestNG.java:1301)
	at org.testng.TestNG.runSuitesLocally(TestNG.java:1226)
	at org.testng.TestNG.runSuites(TestNG.java:1144)
	at org.testng.TestNG.run(TestNG.java:1115)
	at org.testng.remote.AbstractRemoteTestNG.run(AbstractRemoteTestNG.java:126)
	at org.testng.remote.RemoteTestNG.initAndRun(RemoteTestNG.java:137)
	at org.testng.remote.RemoteTestNG.main(RemoteTestNG.java:58)
]]>
            </full-stacktrace>
          </exception> <!-- org.openqa.selenium.NoSuchElementException -->
          <reporter-output>
          </reporter-output>
        </test-method> <!-- LoginAndLogout_Chrome -->
        <test-method status="PASS" signature="aftermethod()[pri:0, instance:facebook.testSetD@5c3bd550]" name="aftermethod" is-config="true" duration-ms="453" started-at="2017-11-25T13:47:54Z" finished-at="2017-11-25T13:47:55Z">
          <reporter-output>
          </reporter-output>
        </test-method> <!-- aftermethod -->
        <test-method status="PASS" signature="SetUpPreDataMethod()[pri:0, instance:facebook.testSetD@5c3bd550]" name="SetUpPreDataMethod" is-config="true" duration-ms="404" started-at="2017-11-25T13:47:55Z" finished-at="2017-11-25T13:47:55Z">
          <reporter-output>
          </reporter-output>
        </test-method> <!-- SetUpPreDataMethod -->
        <test-method status="PASS" signature="LoginAndLogout_Firefox()[pri:0, instance:facebook.testSetD@5c3bd550]" name="LoginAndLogout_Firefox" duration-ms="53864" started-at="2017-11-25T13:47:55Z" finished-at="2017-11-25T13:48:49Z">
          <reporter-output>
          </reporter-output>
        </test-method> <!-- LoginAndLogout_Firefox -->
        <test-method status="PASS" signature="aftermethod()[pri:0, instance:facebook.testSetD@5c3bd550]" name="aftermethod" is-config="true" duration-ms="452" started-at="2017-11-25T13:48:49Z" finished-at="2017-11-25T13:48:50Z">
          <reporter-output>
          </reporter-output>
        </test-method> <!-- aftermethod -->
        <test-method status="PASS" signature="SetUpPreDataMethod()[pri:0, instance:facebook.testSetD@5c3bd550]" name="SetUpPreDataMethod" is-config="true" duration-ms="402" started-at="2017-11-25T13:48:50Z" finished-at="2017-11-25T13:48:50Z">
          <reporter-output>
          </reporter-output>
        </test-method> <!-- SetUpPreDataMethod -->
        <test-method status="FAIL" signature="LoginAndLogout_IE()[pri:0, instance:facebook.testSetD@5c3bd550]" name="LoginAndLogout_IE" duration-ms="1069" started-at="2017-11-25T13:48:50Z" finished-at="2017-11-25T13:48:51Z">
          <exception class="org.openqa.selenium.WebDriverException">
            <message>
              <![CDATA[Failed to navigate to https://www.facebook.com. This usually means that a call to the COM method IWebBrowser2::Navigate2() failed.
Build info: version: '3.6.0', revision: '6fbf3ec767', time: '2017-09-27T16:15:40.131Z'
System info: host: 'DESKTOP-75OLIUH', ip: '192.168.112.1', os.name: 'Windows 10', os.arch: 'amd64', os.version: '10.0', java.version: '1.8.0_144'
Driver info: org.openqa.selenium.ie.InternetExplorerDriver
Capabilities [{acceptInsecureCerts=false, browserVersion=11, se:ieOptions={nativeEvents=true, browserAttachTimeout=0, ie.ensureCleanSession=false, elementScrollBehavior=0, enablePersistentHover=true, ie.browserCommandLineSwitches=, ie.forceCreateProcessApi=false, requireWindowFocus=false, initialBrowserUrl=http://localhost:16680/, ignoreZoomSetting=false, ie.fileUploadDialogTimeout=3000, ignoreProtectedModeSettings=false}, browserName=internet explorer, pageLoadStrategy=normal, javascriptEnabled=true, platformName=WINDOWS, setWindowRect=true, platform=WINDOWS}]
Session ID: 3250d492-381b-4b2f-9542-b88837c69f63]]>
            </message>
            <full-stacktrace>
              <![CDATA[org.openqa.selenium.WebDriverException: Failed to navigate to https://www.facebook.com. This usually means that a call to the COM method IWebBrowser2::Navigate2() failed.
Build info: version: '3.6.0', revision: '6fbf3ec767', time: '2017-09-27T16:15:40.131Z'
System info: host: 'DESKTOP-75OLIUH', ip: '192.168.112.1', os.name: 'Windows 10', os.arch: 'amd64', os.version: '10.0', java.version: '1.8.0_144'
Driver info: org.openqa.selenium.ie.InternetExplorerDriver
Capabilities [{acceptInsecureCerts=false, browserVersion=11, se:ieOptions={nativeEvents=true, browserAttachTimeout=0, ie.ensureCleanSession=false, elementScrollBehavior=0, enablePersistentHover=true, ie.browserCommandLineSwitches=, ie.forceCreateProcessApi=false, requireWindowFocus=false, initialBrowserUrl=http://localhost:16680/, ignoreZoomSetting=false, ie.fileUploadDialogTimeout=3000, ignoreProtectedModeSettings=false}, browserName=internet explorer, pageLoadStrategy=normal, javascriptEnabled=true, platformName=WINDOWS, setWindowRect=true, platform=WINDOWS}]
Session ID: 3250d492-381b-4b2f-9542-b88837c69f63
	at sun.reflect.NativeConstructorAccessorImpl.newInstance0(Native Method)
	at sun.reflect.NativeConstructorAccessorImpl.newInstance(Unknown Source)
	at sun.reflect.DelegatingConstructorAccessorImpl.newInstance(Unknown Source)
	at java.lang.reflect.Constructor.newInstance(Unknown Source)
	at org.openqa.selenium.remote.http.W3CHttpResponseCodec.createException(W3CHttpResponseCodec.java:185)
	at org.openqa.selenium.remote.http.W3CHttpResponseCodec.decode(W3CHttpResponseCodec.java:120)
	at org.openqa.selenium.remote.http.W3CHttpResponseCodec.decode(W3CHttpResponseCodec.java:49)
	at org.openqa.selenium.remote.HttpCommandExecutor.execute(HttpCommandExecutor.java:164)
	at org.openqa.selenium.remote.service.DriverCommandExecutor.execute(DriverCommandExecutor.java:83)
	at org.openqa.selenium.remote.RemoteWebDriver.execute(RemoteWebDriver.java:586)
	at org.openqa.selenium.remote.RemoteWebDriver.get(RemoteWebDriver.java:310)
	at afterLoginIn.CommonAPI.getDriver(CommonAPI.java:115)
	at facebook.testSetD.LoginAndLogout_IE(testSetD.java:200)
	at sun.reflect.NativeMethodAccessorImpl.invoke0(Native Method)
	at sun.reflect.NativeMethodAccessorImpl.invoke(Unknown Source)
	at sun.reflect.DelegatingMethodAccessorImpl.invoke(Unknown Source)
	at java.lang.reflect.Method.invoke(Unknown Source)
	at org.testng.internal.MethodInvocationHelper.invokeMethod(MethodInvocationHelper.java:108)
	at org.testng.internal.Invoker.invokeMethod(Invoker.java:661)
	at org.testng.internal.Invoker.invokeTestMethod(Invoker.java:869)
	at org.testng.internal.Invoker.invokeTestMethods(Invoker.java:1193)
	at org.testng.internal.TestMethodWorker.invokeTestMethods(TestMethodWorker.java:126)
	at org.testng.internal.TestMethodWorker.run(TestMethodWorker.java:109)
	at org.testng.TestRunner.privateRun(TestRunner.java:744)
	at org.testng.TestRunner.run(TestRunner.java:602)
	at org.testng.SuiteRunner.runTest(SuiteRunner.java:380)
	at org.testng.SuiteRunner.runSequentially(SuiteRunner.java:375)
	at org.testng.SuiteRunner.privateRun(SuiteRunner.java:340)
	at org.testng.SuiteRunner.run(SuiteRunner.java:289)
	at org.testng.SuiteRunnerWorker.runSuite(SuiteRunnerWorker.java:52)
	at org.testng.SuiteRunnerWorker.run(SuiteRunnerWorker.java:86)
	at org.testng.TestNG.runSuitesSequentially(TestNG.java:1301)
	at org.testng.TestNG.runSuitesLocally(TestNG.java:1226)
	at org.testng.TestNG.runSuites(TestNG.java:1144)
	at org.testng.TestNG.run(TestNG.java:1115)
	at org.testng.remote.AbstractRemoteTestNG.run(AbstractRemoteTestNG.java:126)
	at org.testng.remote.RemoteTestNG.initAndRun(RemoteTestNG.java:137)
	at org.testng.remote.RemoteTestNG.main(RemoteTestNG.java:58)
]]>
            </full-stacktrace>
          </exception> <!-- org.openqa.selenium.WebDriverException -->
          <reporter-output>
          </reporter-output>
        </test-method> <!-- LoginAndLogout_IE -->
        <test-method status="PASS" signature="aftermethod()[pri:0, instance:facebook.testSetD@5c3bd550]" name="aftermethod" is-config="true" duration-ms="402" started-at="2017-11-25T13:48:51Z" finished-at="2017-11-25T13:48:52Z">
          <reporter-output>
          </reporter-output>
        </test-method> <!-- aftermethod -->
        <test-method status="PASS" signature="SetUpPreDataMethod()[pri:0, instance:facebook.testSetD@5c3bd550]" name="SetUpPreDataMethod" is-config="true" duration-ms="404" started-at="2017-11-25T13:48:52Z" finished-at="2017-11-25T13:48:52Z">
          <reporter-output>
          </reporter-output>
        </test-method> <!-- SetUpPreDataMethod -->
        <test-method status="FAIL" signature="LoginAndLogout_MicrosoftEdge()[pri:0, instance:facebook.testSetD@5c3bd550]" name="LoginAndLogout_MicrosoftEdge" duration-ms="18559" started-at="2017-11-25T13:48:52Z" finished-at="2017-11-25T13:49:10Z">
          <exception class="org.openqa.selenium.NoSuchElementException">
            <message>
              <![CDATA[No such element (WARNING: The server did not provide any stacktrace information)
Command duration or timeout: 0 milliseconds
For documentation on this error, please visit: http://seleniumhq.org/exceptions/no_such_element.html
Build info: version: '3.6.0', revision: '6fbf3ec767', time: '2017-09-27T16:15:40.131Z'
System info: host: 'DESKTOP-75OLIUH', ip: '192.168.112.1', os.name: 'Windows 10', os.arch: 'amd64', os.version: '10.0', java.version: '1.8.0_144'
Driver info: org.openqa.selenium.edge.EdgeDriver
Capabilities [{applicationCacheEnabled=true, InPrivate=false, pageLoadStrategy=normal, platform=WINDOWS, acceptSslCerts=true, browserVersion=41.16299.15.0, platformVersion=10, locationContextEnabled=true, webStorageEnabled=true, browserName=MicrosoftEdge, takesScreenshot=true, takesElementScreenshot=true, javascriptEnabled=true, platformName=WINDOWS}]
Session ID: 44E33CF2-B05A-4035-A6EF-0048892F34E3
*** Element info: {Using=xpath, value=/html/body/div[20]/div/div/div/div/div[1]/div/div/ul/li[14]/a/span/span}]]>
            </message>
            <full-stacktrace>
              <![CDATA[org.openqa.selenium.NoSuchElementException: No such element (WARNING: The server did not provide any stacktrace information)
Command duration or timeout: 0 milliseconds
For documentation on this error, please visit: http://seleniumhq.org/exceptions/no_such_element.html
Build info: version: '3.6.0', revision: '6fbf3ec767', time: '2017-09-27T16:15:40.131Z'
System info: host: 'DESKTOP-75OLIUH', ip: '192.168.112.1', os.name: 'Windows 10', os.arch: 'amd64', os.version: '10.0', java.version: '1.8.0_144'
Driver info: org.openqa.selenium.edge.EdgeDriver
Capabilities [{applicationCacheEnabled=true, InPrivate=false, pageLoadStrategy=normal, platform=WINDOWS, acceptSslCerts=true, browserVersion=41.16299.15.0, platformVersion=10, locationContextEnabled=true, webStorageEnabled=true, browserName=MicrosoftEdge, takesScreenshot=true, takesElementScreenshot=true, javascriptEnabled=true, platformName=WINDOWS}]
Session ID: 44E33CF2-B05A-4035-A6EF-0048892F34E3
*** Element info: {Using=xpath, value=/html/body/div[20]/div/div/div/div/div[1]/div/div/ul/li[14]/a/span/span}
	at sun.reflect.NativeConstructorAccessorImpl.newInstance0(Native Method)
	at sun.reflect.NativeConstructorAccessorImpl.newInstance(Unknown Source)
	at sun.reflect.DelegatingConstructorAccessorImpl.newInstance(Unknown Source)
	at java.lang.reflect.Constructor.newInstance(Unknown Source)
	at org.openqa.selenium.remote.ErrorHandler.createThrowable(ErrorHandler.java:214)
	at org.openqa.selenium.remote.ErrorHandler.throwIfResponseFailed(ErrorHandler.java:166)
	at org.openqa.selenium.remote.http.JsonHttpResponseCodec.reconstructValue(JsonHttpResponseCodec.java:40)
	at org.openqa.selenium.remote.http.AbstractHttpResponseCodec.decode(AbstractHttpResponseCodec.java:82)
	at org.openqa.selenium.remote.http.AbstractHttpResponseCodec.decode(AbstractHttpResponseCodec.java:45)
	at org.openqa.selenium.remote.HttpCommandExecutor.execute(HttpCommandExecutor.java:164)
	at org.openqa.selenium.remote.service.DriverCommandExecutor.execute(DriverCommandExecutor.java:83)
	at org.openqa.selenium.remote.RemoteWebDriver.execute(RemoteWebDriver.java:586)
	at org.openqa.selenium.remote.RemoteWebDriver.findElement(RemoteWebDriver.java:356)
	at org.openqa.selenium.remote.RemoteWebDriver.findElementByXPath(RemoteWebDriver.java:458)
	at org.openqa.selenium.By$ByXPath.findElement(By.java:361)
	at org.openqa.selenium.remote.RemoteWebDriver.findElement(RemoteWebDriver.java:348)
	at facebook.testSetD.LoginAndLogout_MicrosoftEdge(testSetD.java:142)
	at sun.reflect.NativeMethodAccessorImpl.invoke0(Native Method)
	at sun.reflect.NativeMethodAccessorImpl.invoke(Unknown Source)
	at sun.reflect.DelegatingMethodAccessorImpl.invoke(Unknown Source)
	at java.lang.reflect.Method.invoke(Unknown Source)
	at org.testng.internal.MethodInvocationHelper.invokeMethod(MethodInvocationHelper.java:108)
	at org.testng.internal.Invoker.invokeMethod(Invoker.java:661)
	at org.testng.internal.Invoker.invokeTestMethod(Invoker.java:869)
	at org.testng.internal.Invoker.invokeTestMethods(Invoker.java:1193)
	at org.testng.internal.TestMethodWorker.invokeTestMethods(TestMethodWorker.java:126)
	at org.testng.internal.TestMethodWorker.run(TestMethodWorker.java:109)
	at org.testng.TestRunner.privateRun(TestRunner.java:744)
	at org.testng.TestRunner.run(TestRunner.java:602)
	at org.testng.SuiteRunner.runTest(SuiteRunner.java:380)
	at org.testng.SuiteRunner.runSequentially(SuiteRunner.java:375)
	at org.testng.SuiteRunner.privateRun(SuiteRunner.java:340)
	at org.testng.SuiteRunner.run(SuiteRunner.java:289)
	at org.testng.SuiteRunnerWorker.runSuite(SuiteRunnerWorker.java:52)
	at org.testng.SuiteRunnerWorker.run(SuiteRunnerWorker.java:86)
	at org.testng.TestNG.runSuitesSequentially(TestNG.java:1301)
	at org.testng.TestNG.runSuitesLocally(TestNG.java:1226)
	at org.testng.TestNG.runSuites(TestNG.java:1144)
	at org.testng.TestNG.run(TestNG.java:1115)
	at org.testng.remote.AbstractRemoteTestNG.run(AbstractRemoteTestNG.java:126)
	at org.testng.remote.RemoteTestNG.initAndRun(RemoteTestNG.java:137)
	at org.testng.remote.RemoteTestNG.main(RemoteTestNG.java:58)
]]>
            </full-stacktrace>
          </exception> <!-- org.openqa.selenium.NoSuchElementException -->
          <reporter-output>
          </reporter-output>
        </test-method> <!-- LoginAndLogout_MicrosoftEdge -->
        <test-method status="PASS" signature="aftermethod()[pri:0, instance:facebook.testSetD@5c3bd550]" name="aftermethod" is-config="true" duration-ms="533" started-at="2017-11-25T13:49:10Z" finished-at="2017-11-25T13:49:11Z">
          <reporter-output>
          </reporter-output>
        </test-method> <!-- aftermethod -->
      </class> <!-- facebook.testSetD -->
      <class name="amazon.TestSetAmazon">
        <test-method status="PASS" signature="SetUpPreDataMethod()[pri:0, instance:amazon.TestSetAmazon@685cb137]" name="SetUpPreDataMethod" is-config="true" duration-ms="102" started-at="2017-11-25T14:01:46Z" finished-at="2017-11-25T14:01:46Z">
          <reporter-output>
          </reporter-output>
        </test-method> <!-- SetUpPreDataMethod -->
        <test-method status="PASS" signature="SearchOnLandingPage()[pri:0, instance:amazon.TestSetAmazon@685cb137]" name="SearchOnLandingPage" duration-ms="99625" started-at="2017-11-25T14:01:46Z" finished-at="2017-11-25T14:03:25Z">
          <reporter-output>
          </reporter-output>
        </test-method> <!-- SearchOnLandingPage -->
        <test-method status="PASS" signature="SetUpPreDataMethod()[pri:0, instance:amazon.TestSetAmazon@685cb137]" name="SetUpPreDataMethod" is-config="true" duration-ms="152" started-at="2017-11-25T14:03:25Z" finished-at="2017-11-25T14:03:25Z">
          <reporter-output>
          </reporter-output>
        </test-method> <!-- SetUpPreDataMethod -->
        <test-method status="PASS" signature="TC_102()[pri:0, instance:amazon.TestSetAmazon@685cb137]" name="TC_102" duration-ms="669375" started-at="2017-11-25T14:03:25Z" finished-at="2017-11-25T14:14:35Z">
          <reporter-output>
          </reporter-output>
        </test-method> <!-- TC_102 -->
        <test-method status="PASS" signature="SetUpPreDataMethod()[pri:0, instance:amazon.TestSetAmazon@685cb137]" name="SetUpPreDataMethod" is-config="true" duration-ms="303" started-at="2017-11-25T14:14:35Z" finished-at="2017-11-25T14:14:35Z">
          <reporter-output>
          </reporter-output>
        </test-method> <!-- SetUpPreDataMethod -->
        <test-method status="FAIL" signature="TestCase_103()[pri:0, instance:amazon.TestSetAmazon@685cb137]" name="TestCase_103" duration-ms="24618" started-at="2017-11-25T14:14:35Z" finished-at="2017-11-25T14:15:00Z">
          <exception class="junit.framework.ComparisonFailure">
            <message>
              <![CDATA[expected:<[Pass]> but was:<[Fail]>]]>
            </message>
            <full-stacktrace>
              <![CDATA[junit.framework.ComparisonFailure: expected:<[Pass]> but was:<[Fail]>
	at junit.framework.Assert.assertEquals(Assert.java:100)
	at junit.framework.Assert.assertEquals(Assert.java:107)
	at amazon.TestSetAmazon.TestCase_103(TestSetAmazon.java:132)
	at sun.reflect.NativeMethodAccessorImpl.invoke0(Native Method)
	at sun.reflect.NativeMethodAccessorImpl.invoke(Unknown Source)
	at sun.reflect.DelegatingMethodAccessorImpl.invoke(Unknown Source)
	at java.lang.reflect.Method.invoke(Unknown Source)
	at org.testng.internal.MethodInvocationHelper.invokeMethod(MethodInvocationHelper.java:108)
	at org.testng.internal.Invoker.invokeMethod(Invoker.java:661)
	at org.testng.internal.Invoker.invokeTestMethod(Invoker.java:869)
	at org.testng.internal.Invoker.invokeTestMethods(Invoker.java:1193)
	at org.testng.internal.TestMethodWorker.invokeTestMethods(TestMethodWorker.java:126)
	at org.testng.internal.TestMethodWorker.run(TestMethodWorker.java:109)
	at org.testng.TestRunner.privateRun(TestRunner.java:744)
	at org.testng.TestRunner.run(TestRunner.java:602)
	at org.testng.SuiteRunner.runTest(SuiteRunner.java:380)
	at org.testng.SuiteRunner.runSequentially(SuiteRunner.java:375)
	at org.testng.SuiteRunner.privateRun(SuiteRunner.java:340)
	at org.testng.SuiteRunner.run(SuiteRunner.java:289)
	at org.testng.SuiteRunnerWorker.runSuite(SuiteRunnerWorker.java:52)
	at org.testng.SuiteRunnerWorker.run(SuiteRunnerWorker.java:86)
	at org.testng.TestNG.runSuitesSequentially(TestNG.java:1301)
	at org.testng.TestNG.runSuitesLocally(TestNG.java:1226)
	at org.testng.TestNG.runSuites(TestNG.java:1144)
	at org.testng.TestNG.run(TestNG.java:1115)
	at org.testng.remote.AbstractRemoteTestNG.run(AbstractRemoteTestNG.java:126)
	at org.testng.remote.RemoteTestNG.initAndRun(RemoteTestNG.java:137)
	at org.testng.remote.RemoteTestNG.main(RemoteTestNG.java:58)
]]>
            </full-stacktrace>
          </exception> <!-- junit.framework.ComparisonFailure -->
          <reporter-output>
          </reporter-output>
        </test-method> <!-- TestCase_103 -->
        <test-method status="PASS" signature="SetUpPreDataMethod()[pri:0, instance:amazon.TestSetAmazon@685cb137]" name="SetUpPreDataMethod" is-config="true" duration-ms="153" started-at="2017-11-25T14:15:00Z" finished-at="2017-11-25T14:15:00Z">
          <reporter-output>
          </reporter-output>
        </test-method> <!-- SetUpPreDataMethod -->
        <test-method status="PASS" signature="TestCase_104()[pri:0, instance:amazon.TestSetAmazon@685cb137]" name="TestCase_104" duration-ms="56203" started-at="2017-11-25T14:15:00Z" finished-at="2017-11-25T14:15:56Z">
          <reporter-output>
          </reporter-output>
        </test-method> <!-- TestCase_104 -->
        <test-method status="PASS" signature="SetUpPreDataMethod()[pri:0, instance:amazon.TestSetAmazon@685cb137]" name="SetUpPreDataMethod" is-config="true" duration-ms="160" started-at="2017-11-25T14:15:56Z" finished-at="2017-11-25T14:15:56Z">
          <reporter-output>
          </reporter-output>
        </test-method> <!-- SetUpPreDataMethod -->
        <test-method status="PASS" signature="TestCase_105()[pri:0, instance:amazon.TestSetAmazon@685cb137]" name="TestCase_105" duration-ms="83053" started-at="2017-11-25T14:15:56Z" finished-at="2017-11-25T14:17:19Z">
          <reporter-output>
          </reporter-output>
        </test-method> <!-- TestCase_105 -->
      </class> <!-- amazon.TestSetAmazon -->
      <class name="FirstClassWith2methods">
        <test-method status="PASS" signature="doFirst()[pri:0, instance:FirstClassWith2methods@1e88b3c]" name="doFirst" is-config="true" duration-ms="268" started-at="2017-11-25T13:31:27Z" finished-at="2017-11-25T13:31:27Z">
          <reporter-output>
          </reporter-output>
        </test-method> <!-- doFirst -->
        <test-method status="PASS" signature="doFirst()[pri:0, instance:SecondClasssWith2Methods@42d80b78]" name="doFirst" is-config="true" duration-ms="200" started-at="2017-11-25T13:31:27Z" finished-at="2017-11-25T13:31:27Z">
          <reporter-output>
          </reporter-output>
        </test-method> <!-- doFirst -->
        <test-method status="PASS" signature="SetUpPreData()[pri:0, instance:afterLoginIn.TestSetA@3bfdc050]" name="SetUpPreData" is-config="true" duration-ms="101" started-at="2017-11-25T13:31:27Z" finished-at="2017-11-25T13:31:27Z">
          <reporter-output>
          </reporter-output>
        </test-method> <!-- SetUpPreData -->
        <test-method status="PASS" signature="SetUpPreData()[pri:0, instance:walmart.TestSetB@1bce4f0a]" name="SetUpPreData" is-config="true" duration-ms="102" started-at="2017-11-25T13:31:27Z" finished-at="2017-11-25T13:31:27Z">
          <reporter-output>
          </reporter-output>
        </test-method> <!-- SetUpPreData -->
        <test-method status="PASS" signature="SetUpPreData()[pri:0, instance:hsbc.TestSetC@5e3a8624]" name="SetUpPreData" is-config="true" duration-ms="100" started-at="2017-11-25T13:31:27Z" finished-at="2017-11-25T13:31:27Z">
          <reporter-output>
          </reporter-output>
        </test-method> <!-- SetUpPreData -->
        <test-method status="PASS" signature="SetUpPreData()[pri:0, instance:groupon.TestSet_E@91161c7]" name="SetUpPreData" is-config="true" duration-ms="102" started-at="2017-11-25T13:31:27Z" finished-at="2017-11-25T13:31:28Z">
          <reporter-output>
          </reporter-output>
        </test-method> <!-- SetUpPreData -->
        <test-method status="PASS" signature="SetUpPreData()[pri:0, instance:facebook.testSetD@5c3bd550]" name="SetUpPreData" is-config="true" duration-ms="100" started-at="2017-11-25T13:31:28Z" finished-at="2017-11-25T13:31:28Z">
          <reporter-output>
          </reporter-output>
        </test-method> <!-- SetUpPreData -->
        <test-method status="PASS" signature="doBeforeEveryMethod()[pri:0, instance:FirstClassWith2methods@1e88b3c]" name="doBeforeEveryMethod" is-config="true" duration-ms="202" started-at="2017-11-25T13:31:28Z" finished-at="2017-11-25T13:31:28Z">
          <reporter-output>
          </reporter-output>
        </test-method> <!-- doBeforeEveryMethod -->
        <test-method status="PASS" signature="UsersAreAbleToSearch()[pri:0, instance:FirstClassWith2methods@1e88b3c]" name="UsersAreAbleToSearch" duration-ms="59317" started-at="2017-11-25T13:31:28Z" finished-at="2017-11-25T13:32:27Z">
          <reporter-output>
          </reporter-output>
        </test-method> <!-- UsersAreAbleToSearch -->
        <test-method status="PASS" signature="doBeforeEveryMethod()[pri:0, instance:FirstClassWith2methods@1e88b3c]" name="doBeforeEveryMethod" is-config="true" duration-ms="251" started-at="2017-11-25T13:32:27Z" finished-at="2017-11-25T13:32:27Z">
          <reporter-output>
          </reporter-output>
        </test-method> <!-- doBeforeEveryMethod -->
        <test-method status="PASS" signature="test2()[pri:0, instance:FirstClassWith2methods@1e88b3c]" name="test2" duration-ms="1" started-at="2017-11-25T13:32:27Z" finished-at="2017-11-25T13:32:27Z">
          <reporter-output>
          </reporter-output>
        </test-method> <!-- test2 -->
        <test-method status="PASS" signature="doLast()[pri:0, instance:FirstClassWith2methods@1e88b3c]" name="doLast" is-config="true" duration-ms="0" started-at="2017-11-25T14:25:10Z" finished-at="2017-11-25T14:25:10Z">
          <reporter-output>
          </reporter-output>
        </test-method> <!-- doLast -->
        <test-method status="PASS" signature="doLast()[pri:0, instance:SecondClasssWith2Methods@42d80b78]" name="doLast" is-config="true" duration-ms="0" started-at="2017-11-25T14:25:10Z" finished-at="2017-11-25T14:25:10Z">
          <reporter-output>
          </reporter-output>
        </test-method> <!-- doLast -->
      </class> <!-- FirstClassWith2methods -->
      <class name="SecondClasssWith2Methods">
        <test-method status="PASS" signature="doBeforeEveryMethod()[pri:0, instance:SecondClasssWith2Methods@42d80b78]" name="doBeforeEveryMethod" is-config="true" duration-ms="203" started-at="2017-11-25T13:32:27Z" finished-at="2017-11-25T13:32:28Z">
          <reporter-output>
          </reporter-output>
        </test-method> <!-- doBeforeEveryMethod -->
        <test-method status="PASS" signature="UsersAreAbleToSearch()[pri:0, instance:SecondClasssWith2Methods@42d80b78]" name="UsersAreAbleToSearch" duration-ms="57261" started-at="2017-11-25T13:32:28Z" finished-at="2017-11-25T13:33:25Z">
          <reporter-output>
          </reporter-output>
        </test-method> <!-- UsersAreAbleToSearch -->
        <test-method status="PASS" signature="doBeforeEveryMethod()[pri:0, instance:SecondClasssWith2Methods@42d80b78]" name="doBeforeEveryMethod" is-config="true" duration-ms="255" started-at="2017-11-25T13:33:25Z" finished-at="2017-11-25T13:33:25Z">
          <reporter-output>
          </reporter-output>
        </test-method> <!-- doBeforeEveryMethod -->
        <test-method status="PASS" signature="test2()[pri:0, instance:SecondClasssWith2Methods@42d80b78]" name="test2" duration-ms="1" started-at="2017-11-25T13:33:25Z" finished-at="2017-11-25T13:33:25Z">
          <reporter-output>
          </reporter-output>
        </test-method> <!-- test2 -->
      </class> <!-- SecondClasssWith2Methods -->
      <class name="walmart.TestSetB">
        <test-method status="PASS" signature="SetUpPreDataMethod()[pri:0, instance:walmart.TestSetB@1bce4f0a]" name="SetUpPreDataMethod" is-config="true" duration-ms="559" started-at="2017-11-25T13:34:36Z" finished-at="2017-11-25T13:34:37Z">
          <reporter-output>
          </reporter-output>
        </test-method> <!-- SetUpPreDataMethod -->
        <test-method status="PASS" signature="TC_501_UsersAreAbleToSearch()[pri:0, instance:walmart.TestSetB@1bce4f0a]" name="TC_501_UsersAreAbleToSearch" duration-ms="142329" started-at="2017-11-25T13:34:37Z" finished-at="2017-11-25T13:36:59Z">
          <reporter-output>
          </reporter-output>
        </test-method> <!-- TC_501_UsersAreAbleToSearch -->
        <test-method status="PASS" signature="SetUpPreDataMethod()[pri:0, instance:walmart.TestSetB@1bce4f0a]" name="SetUpPreDataMethod" is-config="true" duration-ms="559" started-at="2017-11-25T13:36:59Z" finished-at="2017-11-25T13:37:00Z">
          <reporter-output>
          </reporter-output>
        </test-method> <!-- SetUpPreDataMethod -->
        <test-method status="PASS" signature="TC_502_SelectDropdownValue()[pri:0, instance:walmart.TestSetB@1bce4f0a]" name="TC_502_SelectDropdownValue" duration-ms="71973" started-at="2017-11-25T13:37:00Z" finished-at="2017-11-25T13:38:12Z">
          <reporter-output>
          </reporter-output>
        </test-method> <!-- TC_502_SelectDropdownValue -->
        <test-method status="PASS" signature="SetUpPreDataMethod()[pri:0, instance:walmart.TestSetB@1bce4f0a]" name="SetUpPreDataMethod" is-config="true" duration-ms="558" started-at="2017-11-25T13:38:12Z" finished-at="2017-11-25T13:38:12Z">
          <reporter-output>
          </reporter-output>
        </test-method> <!-- SetUpPreDataMethod -->
        <test-method status="FAIL" signature="TC_503_mouseOver()[pri:0, instance:walmart.TestSetB@1bce4f0a]" name="TC_503_mouseOver" duration-ms="15343" started-at="2017-11-25T13:38:12Z" finished-at="2017-11-25T13:38:28Z">
          <exception class="org.openqa.selenium.NoSuchElementException">
            <message>
              <![CDATA[no such element: Unable to locate element: {"method":"id","selector":"header-GlobalEyebrowNav-button-0"}
  (Session info: chrome=62.0.3202.94)
  (Driver info: chromedriver=2.32.498550 (9dec58e66c31bcc53a9ce3c7226f0c1c5810906a),platform=Windows NT 10.0.16299 x86_64) (WARNING: The server did not provide any stacktrace information)
Command duration or timeout: 0 milliseconds
For documentation on this error, please visit: http://seleniumhq.org/exceptions/no_such_element.html
Build info: version: '3.6.0', revision: '6fbf3ec767', time: '2017-09-27T16:15:40.131Z'
System info: host: 'DESKTOP-75OLIUH', ip: '192.168.112.1', os.name: 'Windows 10', os.arch: 'amd64', os.version: '10.0', java.version: '1.8.0_144'
Driver info: org.openqa.selenium.chrome.ChromeDriver
[...]
            <message>
              <![CDATA[Element is not enabled
Build info: version: '3.6.0', revision: '6fbf3ec767', time: '2017-09-27T16:15:40.131Z'
System info: host: 'DESKTOP-75OLIUH', ip: '192.168.112.1', os.name: 'Windows 10', os.arch: 'amd64', os.version: '10.0', java.version: '1.8.0_144'
Driver info: org.openqa.selenium.firefox.FirefoxDriver
Capabilities [{moz:profile=C:\Users\imran\AppData\Local\Temp\rust_mozprofile.6cXt7dSmfucR, rotatable=false, timeouts={implicit=0, pageLoad=300000, script=30000}, pageLoadStrategy=normal, moz:headless=false, platform=XP, moz:accessibilityChecks=false, acceptInsecureCerts=true, browserVersion=57.0, platformVersion=10.0, moz:processID=3332, browserName=firefox, javascriptEnabled=true, platformName=XP, moz:webdriverClick=false}]
Session ID: 55c42907-83e8-4b47-a51a-5998e99c4040]]>
            </message>
            <full-stacktrace>
              <![CDATA[org.openqa.selenium.InvalidElementStateException: Element is not enabled
Build info: version: '3.6.0', revision: '6fbf3ec767', time: '2017-09-27T16:15:40.131Z'
System info: host: 'DESKTOP-75OLIUH', ip: '192.168.112.1', os.name: 'Windows 10', os.arch: 'amd64', os.version: '10.0', java.version: '1.8.0_144'
Driver info: org.openqa.selenium.firefox.FirefoxDriver
Capabilities [{moz:profile=C:\Users\imran\AppData\Local\Temp\rust_mozprofile.6cXt7dSmfucR, rotatable=false, timeouts={implicit=0, pageLoad=300000, script=30000}, pageLoadStrategy=normal, moz:headless=false, platform=XP, moz:accessibilityChecks=false, acceptInsecureCerts=true, browserVersion=57.0, platformVersion=10.0, moz:processID=3332, browserName=firefox, javascriptEnabled=true, platformName=XP, moz:webdriverClick=false}]
Session ID: 55c42907-83e8-4b47-a51a-5998e99c4040
	at sun.reflect.NativeConstructorAccessorImpl.newInstance0(Native Method)
	at sun.reflect.NativeConstructorAccessorImpl.newInstance(Unknown Source)
	at sun.reflect.DelegatingConstructorAccessorImpl.newInstance(Unknown Source)
	at java.lang.reflect.Constructor.newInstance(Unknown Source)
	at org.openqa.selenium.remote.http.W3CHttpResponseCodec.createException(W3CHttpResponseCodec.java:185)
	at org.openqa.selenium.remote.http.W3CHttpResponseCodec.decode(W3CHttpResponseCodec.java:120)
	at org.openqa.selenium.remote.http.W3CHttpResponseCodec.decode(W3CHttpResponseCodec.java:49)
	at org.openqa.selenium.remote.HttpCommandExecutor.execute(HttpCommandExecutor.java:164)
	at org.openqa.selenium.remote.service.DriverCommandExecutor.execute(DriverCommandExecutor.java:83)
	at org.openqa.selenium.remote.RemoteWebDriver.execute(RemoteWebDriver.java:586)
	at org.openqa.selenium.remote.RemoteWebElement.execute(RemoteWebElement.java:279)
	at org.openqa.selenium.remote.RemoteWebElement.click(RemoteWebElement.java:83)
	at groupon.TestSet_E.CommonSearcOnLandingPAGE(TestSet_E.java:206)
	at groupon.TestSet_E.TC_406_Searchability_restaurants(TestSet_E.java:237)
	at sun.reflect.NativeMethodAccessorImpl.invoke0(Native Method)
	at sun.reflect.NativeMethodAccessorImpl.invoke(Unknown Source)
	at sun.reflect.DelegatingMethodAccessorImpl.invoke(Unknown Source)
	at java.lang.reflect.Method.invoke(Unknown Source)
	at org.testng.internal.MethodInvocationHelper.invokeMethod(MethodInvocationHelper.java:108)
	at org.testng.internal.Invoker.invokeMethod(Invoker.java:661)
	at org.testng.internal.Invoker.invokeTestMethod(Invoker.java:869)
	at org.testng.internal.Invoker.invokeTestMethods(Invoker.java:1193)
	at org.testng.internal.TestMethodWorker.invokeTestMethods(TestMethodWorker.java:126)
	at org.testng.internal.TestMethodWorker.run(TestMethodWorker.java:109)
	at org.testng.TestRunner.privateRun(TestRunner.java:744)
	at org.testng.TestRunner.run(TestRunner.java:602)
	at org.testng.SuiteRunner.runTest(SuiteRunner.java:380)
	at org.testng.SuiteRunner.runSequentially(SuiteRunner.java:375)
	at org.testng.SuiteRunner.privateRun(SuiteRunner.java:340)
	at org.testng.SuiteRunner.run(SuiteRunner.java:289)
	at org.testng.SuiteRunnerWorker.runSuite(SuiteRunnerWorker.java:52)
	at org.testng.SuiteRunnerWorker.run(SuiteRunnerWorker.java:86)
	at org.testng.TestNG.runSuitesSequentially(TestNG.java:1301)
	at org.testng.TestNG.runSuitesLocally(TestNG.java:1226)
	at org.testng.TestNG.runSuites(TestNG.java:1144)
	at org.testng.TestNG.run(TestNG.java:1115)
	at org.testng.remote.AbstractRemoteTestNG.run(AbstractRemoteTestNG.java:126)
	at org.testng.remote.RemoteTestNG.initAndRun(RemoteTestNG.java:137)
	at org.testng.remote.RemoteTestNG.main(RemoteTestNG.java:58)
]]>
            </full-stacktrace>
          </exception> <!-- org.openqa.selenium.InvalidElementStateException -->
          <reporter-output>
          </reporter-output>
        </test-method> <!-- TC_406_Searchability_restaurants -->
        <test-method status="PASS" signature="SetUpPreDataMethod()[pri:0, instance:groupon.TestSet_E@91161c7]" name="SetUpPreDataMethod" is-config="true" duration-ms="453" started-at="2017-11-25T13:52:44Z" finished-at="2017-11-25T13:52:45Z">
          <reporter-output>
          </reporter-output>
        </test-method> <!-- SetUpPreDataMethod -->
        <test-method status="PASS" signature="TC_407_Searchability_Public_Library()[pri:0, instance:groupon.TestSet_E@91161c7]" name="TC_407_Searchability_Public_Library" duration-ms="79900" started-at="2017-11-25T13:52:45Z" finished-at="2017-11-25T13:54:05Z">
          <reporter-output>
          </reporter-output>
        </test-method> <!-- TC_407_Searchability_Public_Library -->
        <test-method status="PASS" signature="SetUpPreDataMethod()[pri:0, instance:groupon.TestSet_E@91161c7]" name="SetUpPreDataMethod" is-config="true" duration-ms="455" started-at="2017-11-25T13:54:05Z" finished-at="2017-11-25T13:54:05Z">
          <reporter-output>
          </reporter-output>
        </test-method> <!-- SetUpPreDataMethod -->
        <test-method status="PASS" signature="TC_408_Searchability_Grocery()[pri:0, instance:groupon.TestSet_E@91161c7]" name="TC_408_Searchability_Grocery" duration-ms="79637" started-at="2017-11-25T13:54:05Z" finished-at="2017-11-25T13:55:25Z">
          <reporter-output>
          </reporter-output>
        </test-method> <!-- TC_408_Searchability_Grocery -->
        <test-method status="PASS" signature="SetUpPreDataMethod()[pri:0, instance:groupon.TestSet_E@91161c7]" name="SetUpPreDataMethod" is-config="true" duration-ms="455" started-at="2017-11-25T13:55:25Z" finished-at="2017-11-25T13:55:25Z">
          <reporter-output>
          </reporter-output>
        </test-method> <!-- SetUpPreDataMethod -->
        <test-method status="FAIL" signature="TC_409_Searchability_Fitness()[pri:0, instance:groupon.TestSet_E@91161c7]" name="TC_409_Searchability_Fitness" duration-ms="34914" started-at="2017-11-25T13:55:25Z" finished-at="2017-11-25T13:56:00Z">
          <exception class="org.openqa.selenium.InvalidElementStateException">
            <message>
              <![CDATA[Element is not enabled
Build info: version: '3.6.0', revision: '6fbf3ec767', time: '2017-09-27T16:15:40.131Z'
System info: host: 'DESKTOP-75OLIUH', ip: '192.168.112.1', os.name: 'Windows 10', os.arch: 'amd64', os.version: '10.0', java.version: '1.8.0_144'
Driver info: org.openqa.selenium.firefox.FirefoxDriver
Capabilities [{moz:profile=C:\Users\imran\AppData\Local\Temp\rust_mozprofile.PtiIguhEoliT, rotatable=false, timeouts={implicit=0, pageLoad=300000, script=30000}, pageLoadStrategy=normal, moz:headless=false, platform=XP, moz:accessibilityChecks=false, acceptInsecureCerts=true, browserVersion=57.0, platformVersion=10.0, moz:processID=12768, browserName=firefox, javascriptEnabled=true, platformName=XP, moz:webdriverClick=false}]
Session ID: 12fd1c63-ddee-40dd-b0fb-28d75f41802f]]>
            </message>
            <full-stacktrace>
              <![CDATA[org.openqa.selenium.InvalidElementStateException: Element is not enabled
Build info: version: '3.6.0', revision: '6fbf3ec767', time: '2017-09-27T16:15:40.131Z'
System info: host: 'DESKTOP-75OLIUH', ip: '192.168.112.1', os.name: 'Windows 10', os.arch: 'amd64', os.version: '10.0', java.version: '1.8.0_144'
Driver info: org.openqa.selenium.firefox.FirefoxDriver
Capabilities [{moz:profile=C:\Users\imran\AppData\Local\Temp\rust_mozprofile.PtiIguhEoliT, rotatable=false, timeouts={implicit=0, pageLoad=300000, script=30000}, pageLoadStrategy=normal, moz:headless=false, platform=XP, moz:accessibilityChecks=false, acceptInsecureCerts=true, browserVersion=57.0, platformVersion=10.0, moz:processID=12768, browserName=firefox, javascriptEnabled=true, platformName=XP, moz:webdriverClick=false}]
Session ID: 12fd1c63-ddee-40dd-b0fb-28d75f41802f
	at sun.reflect.NativeConstructorAccessorImpl.newInstance0(Native Method)
	at sun.reflect.NativeConstructorAccessorImpl.newInstance(Unknown Source)
	at sun.reflect.DelegatingConstructorAccessorImpl.newInstance(Unknown Source)
	at java.lang.reflect.Constructor.newInstance(Unknown Source)
	at org.openqa.selenium.remote.http.W3CHttpResponseCodec.createException(W3CHttpResponseCodec.java:185)
	at org.openqa.selenium.remote.http.W3CHttpResponseCodec.decode(W3CHttpResponseCodec.java:120)
	at org.openqa.selenium.remote.http.W3CHttpResponseCodec.decode(W3CHttpResponseCodec.java:49)
	at org.openqa.selenium.remote.HttpCommandExecutor.execute(HttpCommandExecutor.java:164)
	at org.openqa.selenium.remote.service.DriverCommandExecutor.execute(DriverCommandExecutor.java:83)
	at org.openqa.selenium.remote.RemoteWebDriver.execute(RemoteWebDriver.java:586)
	at org.openqa.selenium.remote.RemoteWebElement.execute(RemoteWebElement.java:279)
	at org.openqa.selenium.remote.RemoteWebElement.click(RemoteWebElement.java:83)
	at groupon.TestSet_E.CommonSearcOnLandingPAGE(TestSet_E.java:206)
	at groupon.TestSet_E.TC_409_Searchability_Fitness(TestSet_E.java:252)
	at sun.reflect.NativeMethodAccessorImpl.invoke0(Native Method)
	at sun.reflect.NativeMethodAccessorImpl.invoke(Unknown Source)
	at sun.reflect.DelegatingMethodAccessorImpl.invoke(Unknown Source)
	at java.lang.reflect.Method.invoke(Unknown Source)
	at org.testng.internal.MethodInvocationHelper.invokeMethod(MethodInvocationHelper.java:108)
	at org.testng.internal.Invoker.invokeMethod(Invoker.java:661)
	at org.testng.internal.Invoker.invokeTestMethod(Invoker.java:869)
	at org.testng.internal.Invoker.invokeTestMethods(Invoker.java:1193)
	at org.testng.internal.TestMethodWorker.invokeTestMethods(TestMethodWorker.java:126)
	at org.testng.internal.TestMethodWorker.run(TestMethodWorker.java:109)
	at org.testng.TestRunner.privateRun(TestRunner.java:744)
	at org.testng.TestRunner.run(TestRunner.java:602)
	at org.testng.SuiteRunner.runTest(SuiteRunner.java:380)
	at org.testng.SuiteRunner.runSequentially(SuiteRunner.java:375)
	at org.testng.SuiteRunner.privateRun(SuiteRunner.java:340)
	at org.testng.SuiteRunner.run(SuiteRunner.java:289)
	at org.testng.SuiteRunnerWorker.runSuite(SuiteRunnerWorker.java:52)
	at org.testng.SuiteRunnerWorker.run(SuiteRunnerWorker.java:86)
	at org.testng.TestNG.runSuitesSequentially(TestNG.java:1301)
	at org.testng.TestNG.runSuitesLocally(TestNG.java:1226)
	at org.testng.TestNG.runSuites(TestNG.java:1144)
	at org.testng.TestNG.run(TestNG.java:1115)
	at org.testng.remote.AbstractRemoteTestNG.run(AbstractRemoteTestNG.java:126)
	at org.testng.remote.RemoteTestNG.initAndRun(RemoteTestNG.java:137)
	at org.testng.remote.RemoteTestNG.main(RemoteTestNG.java:58)
]]>
            </full-stacktrace>
          </exception> <!-- org.openqa.selenium.InvalidElementStateException -->
          <reporter-output>
          </reporter-output>
        </test-method> <!-- TC_409_Searchability_Fitness -->
        <test-method status="PASS" signature="SetUpPreDataMethod()[pri:0, instance:groupon.TestSet_E@91161c7]" name="SetUpPreDataMethod" is-config="true" duration-ms="455" started-at="2017-11-25T13:56:00Z" finished-at="2017-11-25T13:56:01Z">
          <reporter-output>
          </reporter-output>
        </test-method> <!-- SetUpPreDataMethod -->
        <test-method status="PASS" signature="TC_410_Searchability_yoga()[pri:0, instance:groupon.TestSet_E@91161c7]" name="TC_410_Searchability_yoga" duration-ms="79608" started-at="2017-11-25T13:56:01Z" finished-at="2017-11-25T13:57:20Z">
          <reporter-output>
          </reporter-output>
        </test-method> <!-- TC_410_Searchability_yoga -->
        <test-method status="PASS" signature="SetUpPreDataMethod()[pri:0, instance:groupon.TestSet_E@91161c7]" name="SetUpPreDataMethod" is-config="true" duration-ms="452" started-at="2017-11-25T13:57:20Z" finished-at="2017-11-25T13:57:21Z">
          <reporter-output>
          </reporter-output>
        </test-method> <!-- SetUpPreDataMethod -->
        <test-method status="PASS" signature="TC_411_Searchability_spaMessage()[pri:0, instance:groupon.TestSet_E@91161c7]" name="TC_411_Searchability_spaMessage" duration-ms="78190" started-at="2017-11-25T13:57:21Z" finished-at="2017-11-25T13:58:39Z">
          <reporter-output>
          </reporter-output>
        </test-method> <!-- TC_411_Searchability_spaMessage -->
        <test-method status="PASS" signature="SetUpPreDataMethod()[pri:0, instance:groupon.TestSet_E@91161c7]" name="SetUpPreDataMethod" is-config="true" duration-ms="503" started-at="2017-11-25T13:58:39Z" finished-at="2017-11-25T13:58:39Z">
          <reporter-output>
          </reporter-output>
        </test-method> <!-- SetUpPreDataMethod -->
        <test-method status="FAIL" signature="TC_412_Searchability_DunkinDonuts()[pri:0, instance:groupon.TestSet_E@91161c7]" name="TC_412_Searchability_DunkinDonuts" duration-ms="35821" started-at="2017-11-25T13:58:39Z" finished-at="2017-11-25T13:59:15Z">
          <exception class="org.openqa.selenium.InvalidElementStateException">
            <message>
              <![CDATA[Element is not enabled
Build info: version: '3.6.0', revision: '6fbf3ec767', time: '2017-09-27T16:15:40.131Z'
System info: host: 'DESKTOP-75OLIUH', ip: '192.168.112.1', os.name: 'Windows 10', os.arch: 'amd64', os.version: '10.0', java.version: '1.8.0_144'
Driver info: org.openqa.selenium.firefox.FirefoxDriver
Capabilities [{moz:profile=C:\Users\imran\AppData\Local\Temp\rust_mozprofile.YR0uVuR4wNli, rotatable=false, timeouts={implicit=0, pageLoad=300000, script=30000}, pageLoadStrategy=normal, moz:headless=false, platform=XP, moz:accessibilityChecks=false, acceptInsecureCerts=true, browserVersion=57.0, platformVersion=10.0, moz:processID=11456, browserName=firefox, javascriptEnabled=true, platformName=XP, moz:webdriverClick=false}]
Session ID: 8a49153b-2fcd-4622-9148-68813eaa270a]]>
            </message>
            <full-stacktrace>
              <![CDATA[org.openqa.selenium.InvalidElementStateException: Element is not enabled
Build info: version: '3.6.0', revision: '6fbf3ec767', time: '2017-09-27T16:15:40.131Z'
System info: host: 'DESKTOP-75OLIUH', ip: '192.168.112.1', os.name: 'Windows 10', os.arch: 'amd64', os.version: '10.0', java.version: '1.8.0_144'
Driver info: org.openqa.selenium.firefox.FirefoxDriver
Capabilities [{moz:profile=C:\Users\imran\AppData\Local\Temp\rust_mozprofile.YR0uVuR4wNli, rotatable=false, timeouts={implicit=0, pageLoad=300000, script=30000}, pageLoadStrategy=normal, moz:headless=false, platform=XP, moz:accessibilityChecks=false, acceptInsecureCerts=true, browserVersion=57.0, platformVersion=10.0, moz:processID=11456, browserName=firefox, javascriptEnabled=true, platformName=XP, moz:webdriverClick=false}]
Session ID: 8a49153b-2fcd-4622-9148-68813eaa270a
	at sun.reflect.NativeConstructorAccessorImpl.newInstance0(Native Method)
	at sun.reflect.NativeConstructorAccessorImpl.newInstance(Unknown Source)
	at sun.reflect.DelegatingConstructorAccessorImpl.newInstance(Unknown Source)
	at java.lang.reflect.Constructor.newInstance(Unknown Source)
	at org.openqa.selenium.remote.http.W3CHttpResponseCodec.createException(W3CHttpResponseCodec.java:185)
	at org.openqa.selenium.remote.http.W3CHttpResponseCodec.decode(W3CHttpResponseCodec.java:120)
	at org.openqa.selenium.remote.http.W3CHttpResponseCodec.decode(W3CHttpResponseCodec.java:49)
	at org.openqa.selenium.remote.HttpCommandExecutor.execute(HttpCommandExecutor.java:164)
	at org.openqa.selenium.remote.service.DriverCommandExecutor.execute(DriverCommandExecutor.java:83)
	at org.openqa.selenium.remote.RemoteWebDriver.execute(RemoteWebDriver.java:586)
	at org.openqa.selenium.remote.RemoteWebElement.execute(RemoteWebElement.java:279)
	at org.openqa.selenium.remote.RemoteWebElement.click(RemoteWebElement.java:83)
	at groupon.TestSet_E.CommonSearcOnLandingPAGE(TestSet_E.java:206)
	at groupon.TestSet_E.TC_412_Searchability_DunkinDonuts(TestSet_E.java:268)
	at sun.reflect.NativeMethodAccessorImpl.invoke0(Native Method)
	at sun.reflect.NativeMethodAccessorImpl.invoke(Unknown Source)
	at sun.reflect.DelegatingMethodAccessorImpl.invoke(Unknown Source)
	at java.lang.reflect.Method.invoke(Unknown Source)
	at org.testng.internal.MethodInvocationHelper.invokeMethod(MethodInvocationHelper.java:108)
	at org.testng.internal.Invoker.invokeMethod(Invoker.java:661)
	at org.testng.internal.Invoker.invokeTestMethod(Invoker.java:869)
	at org.testng.internal.Invoker.invokeTestMethods(Invoker.java:1193)
	at org.testng.internal.TestMethodWorker.invokeTestMethods(TestMethodWorker.java:126)
	at org.testng.internal.TestMethodWorker.run(TestMethodWorker.java:109)
	at org.testng.TestRunner.privateRun(TestRunner.java:744)
	at org.testng.TestRunner.run(TestRunner.java:602)
	at org.testng.SuiteRunner.runTest(SuiteRunner.java:380)
	at org.testng.SuiteRunner.runSequentially(SuiteRunner.java:375)
	at org.testng.SuiteRunner.privateRun(SuiteRunner.java:340)
	at org.testng.SuiteRunner.run(SuiteRunner.java:289)
	at org.testng.SuiteRunnerWorker.runSuite(SuiteRunnerWorker.java:52)
	at org.testng.SuiteRunnerWorker.run(SuiteRunnerWorker.java:86)
	at org.testng.TestNG.runSuitesSequentially(TestNG.java:1301)
	at org.testng.TestNG.runSuitesLocally(TestNG.java:1226)
	at org.testng.TestNG.runSuites(TestNG.java:1144)
	at org.testng.TestNG.run(TestNG.java:1115)
	at org.testng.remote.AbstractRemoteTestNG.run(AbstractRemoteTestNG.java:126)
	at org.testng.remote.RemoteTestNG.initAndRun(RemoteTestNG.java:137)
	at org.testng.remote.RemoteTestNG.main(RemoteTestNG.java:58)
]]>
            </full-stacktrace>
          </exception> <!-- org.openqa.selenium.InvalidElementStateException -->
          <reporter-output>
          </reporter-output>
        </test-method> <!-- TC_412_Searchability_DunkinDonuts -->
        <test-method status="PASS" signature="SetUpPreDataMethod()[pri:0, instance:groupon.TestSet_E@91161c7]" name="SetUpPreDataMethod" is-config="true" duration-ms="460" started-at="2017-11-25T13:59:15Z" finished-at="2017-11-25T13:59:16Z">
          <reporter-output>
          </reporter-output>
        </test-method> <!-- SetUpPreDataMethod -->
        <test-method status="PASS" signature="TC_413_Searchability_SeaFoodStores()[pri:0, instance:groupon.TestSet_E@91161c7]" name="TC_413_Searchability_SeaFoodStores" duration-ms="79771" started-at="2017-11-25T13:59:16Z" finished-at="2017-11-25T14:00:35Z">
          <reporter-output>
          </reporter-output>
        </test-method> <!-- TC_413_Searchability_SeaFoodStores -->
        <test-method status="PASS" signature="SetUpPreDataMethod()[pri:0, instance:groupon.TestSet_E@91161c7]" name="SetUpPreDataMethod" is-config="true" duration-ms="458" started-at="2017-11-25T14:00:35Z" finished-at="2017-11-25T14:00:36Z">
          <reporter-output>
          </reporter-output>
        </test-method> <!-- SetUpPreDataMethod -->
        <test-method status="PASS" signature="TC_801_testOne()[pri:0, instance:groupon.TestSet_E@91161c7]" name="TC_801_testOne" duration-ms="69674" started-at="2017-11-25T14:00:36Z" finished-at="2017-11-25T14:01:46Z">
          <reporter-output>
          </reporter-output>
        </test-method> <!-- TC_801_testOne -->
      </class> <!-- groupon.TestSet_E -->
    </test> <!-- all -->
  </suite> <!-- all -->
</testng-results>
