<?xml version="1.0" encoding="UTF-8"?>
<testng-results skipped="0" failed="0" ignored="2" total="3" passed="1">
  <reporter-output>
  </reporter-output>
  <suite name="Default suite" duration-ms="84353" started-at="2018-01-25T02:42:07Z" finished-at="2018-01-25T02:43:31Z">
    <groups>
    </groups>
    <test name="Default test" duration-ms="84353" started-at="2018-01-25T02:42:07Z" finished-at="2018-01-25T02:43:31Z">
      <class name="usps.TestSetJ">
        <test-method status="PASS" signature="SetUpPreDataMethod()[pri:0, instance:usps.TestSetJ@4501b7af]" name="SetUpPreDataMethod" is-config="true" duration-ms="989" started-at="2018-01-24T21:42:07Z" finished-at="2018-01-24T21:42:08Z">
          <reporter-output>
          </reporter-output>
        </test-method> <!-- SetUpPreDataMethod -->
        <test-method status="PASS" signature="TC_03_ExperimentAll8Selectors()[pri:0, instance:usps.TestSetJ@4501b7af]" name="TC_03_ExperimentAll8Selectors" duration-ms="83331" started-at="2018-01-24T21:42:08Z" finished-at="2018-01-24T21:43:31Z">
          <reporter-output>
          </reporter-output>
        </test-method> <!-- TC_03_ExperimentAll8Selectors -->
      </class> <!-- usps.TestSetJ -->
    </test> <!-- Default test -->
  </suite> <!-- Default suite -->
</testng-results>
