<?xml version="1.0" encoding="UTF-8"?>
<testng-results skipped="0" failed="0" ignored="0" total="1" passed="1">
  <reporter-output>
  </reporter-output>
  <suite name="Default suite" duration-ms="63806" started-at="2017-10-18T19:53:54Z" finished-at="2017-10-18T19:54:58Z">
    <groups>
    </groups>
    <test name="Default test" duration-ms="63806" started-at="2017-10-18T19:53:54Z" finished-at="2017-10-18T19:54:58Z">
      <class name="groupon.TestSet_E">
        <test-method status="PASS" signature="SetUpPreData()[pri:0, instance:groupon.TestSet_E@5b275dab]" name="SetUpPreData" is-config="true" duration-ms="331" started-at="2017-10-18T15:53:54Z" finished-at="2017-10-18T15:53:54Z">
          <reporter-output>
          </reporter-output>
        </test-method> <!-- SetUpPreData -->
        <test-method status="PASS" signature="SetUpPreDataMethod()[pri:0, instance:groupon.TestSet_E@5b275dab]" name="SetUpPreDataMethod" is-config="true" duration-ms="1112" started-at="2017-10-18T15:53:54Z" finished-at="2017-10-18T15:53:55Z">
          <reporter-output>
          </reporter-output>
        </test-method> <!-- SetUpPreDataMethod -->
        <test-method status="PASS" signature="TC_801_testOne()[pri:0, instance:groupon.TestSet_E@5b275dab]" name="TC_801_testOne" duration-ms="62340" started-at="2017-10-18T15:53:55Z" finished-at="2017-10-18T15:54:58Z">
          <reporter-output>
          </reporter-output>
        </test-method> <!-- TC_801_testOne -->
      </class> <!-- groupon.TestSet_E -->
    </test> <!-- Default test -->
  </suite> <!-- Default suite -->
</testng-results>
