<?xml version="1.0" encoding="UTF-8"?>
<testng-results skipped="0" failed="0" ignored="2" total="6" passed="4">
  <reporter-output>
  </reporter-output>
  <suite name="grouping" duration-ms="72" started-at="2017-09-28T20:09:32Z" finished-at="2017-09-28T20:09:33Z">
    <groups>
      <group name="A">
        <method signature="Group.F1()[pri:0, instance:Group@26be92ad]" name="F1" class="Group"/>
        <method signature="Group.F3()[pri:0, instance:Group@26be92ad]" name="F3" class="Group"/>
        <method signature="Group.F6()[pri:0, instance:Group@26be92ad]" name="F6" class="Group"/>
      </group> <!-- A -->
      <group name="C">
        <method signature="Group.F4()[pri:0, instance:Group@26be92ad]" name="F4" class="Group"/>
      </group> <!-- C -->
    </groups>
    <test name="grouping test" duration-ms="72" started-at="2017-09-28T20:09:32Z" finished-at="2017-09-28T20:09:33Z">
      <class name="Group">
        <test-method status="PASS" signature="F1()[pri:0, instance:Group@26be92ad]" name="F1" duration-ms="19" started-at="2017-09-28T16:09:32Z" finished-at="2017-09-28T16:09:32Z">
          <reporter-output>
          </reporter-output>
        </test-method> <!-- F1 -->
        <test-method status="PASS" signature="F3()[pri:0, instance:Group@26be92ad]" name="F3" duration-ms="2" started-at="2017-09-28T16:09:32Z" finished-at="2017-09-28T16:09:32Z">
          <reporter-output>
          </reporter-output>
        </test-method> <!-- F3 -->
        <test-method status="PASS" signature="F4()[pri:0, instance:Group@26be92ad]" name="F4" duration-ms="9" started-at="2017-09-28T16:09:32Z" finished-at="2017-09-28T16:09:32Z">
          <reporter-output>
          </reporter-output>
        </test-method> <!-- F4 -->
        <test-method status="PASS" signature="F6()[pri:0, instance:Group@26be92ad]" name="F6" duration-ms="4" started-at="2017-09-28T16:09:32Z" finished-at="2017-09-28T16:09:32Z">
          <reporter-output>
          </reporter-output>
        </test-method> <!-- F6 -->
      </class> <!-- Group -->
    </test> <!-- grouping test -->
  </suite> <!-- grouping -->
</testng-results>
