<?xml version="1.0" encoding="UTF-8"?>
<testng-results skipped="0" failed="27" ignored="2" total="102" passed="73">
  <reporter-output>
  </reporter-output>
  <suite name="all" duration-ms="5091897" started-at="2018-02-06T01:36:40Z" finished-at="2018-02-06T03:01:32Z">
    <groups>
      <group name="A">
        <method signature="Group.F1()[pri:0, instance:Group@5622fdf]" name="F1" class="Group"/>
        <method signature="Group.F3()[pri:0, instance:Group@5622fdf]" name="F3" class="Group"/>
        <method signature="Group.F6()[pri:0, instance:Group@5622fdf]" name="F6" class="Group"/>
      </group> <!-- A -->
      <group name="B">
        <method signature="Group.F2()[pri:0, instance:Group@5622fdf]" name="F2" class="Group"/>
        <method signature="Group.F5()[pri:0, instance:Group@5622fdf]" name="F5" class="Group"/>
      </group> <!-- B -->
      <group name="C">
        <method signature="Group.F4()[pri:0, instance:Group@5622fdf]" name="F4" class="Group"/>
      </group> <!-- C -->
    </groups>
    <test name="all" duration-ms="5091897" started-at="2018-02-06T01:36:40Z" finished-at="2018-02-06T03:01:32Z">
      <class name="Group">
        <test-method status="PASS" signature="F1()[pri:0, instance:Group@5622fdf]" name="F1" duration-ms="2" started-at="2018-02-05T20:36:43Z" finished-at="2018-02-05T20:36:43Z">
          <reporter-output>
          </reporter-output>
        </test-method> <!-- F1 -->
        <test-method status="PASS" signature="F2()[pri:0, instance:Group@5622fdf]" name="F2" duration-ms="2" started-at="2018-02-05T20:36:43Z" finished-at="2018-02-05T20:36:43Z">
          <reporter-output>
          </reporter-output>
        </test-method> <!-- F2 -->
        <test-method status="PASS" signature="F3()[pri:0, instance:Group@5622fdf]" name="F3" duration-ms="1" started-at="2018-02-05T20:36:43Z" finished-at="2018-02-05T20:36:43Z">
          <reporter-output>
          </reporter-output>
        </test-method> <!-- F3 -->
        <test-method status="PASS" signature="F4()[pri:0, instance:Group@5622fdf]" name="F4" duration-ms="1" started-at="2018-02-05T20:36:43Z" finished-at="2018-02-05T20:36:43Z">
          <reporter-output>
          </reporter-output>
        </test-method> <!-- F4 -->
        <test-method status="PASS" signature="F5()[pri:0, instance:Group@5622fdf]" name="F5" duration-ms="0" started-at="2018-02-05T20:36:43Z" finished-at="2018-02-05T20:36:43Z">
          <reporter-output>
          </reporter-output>
        </test-method> <!-- F5 -->
        <test-method status="PASS" signature="F6()[pri:0, instance:Group@5622fdf]" name="F6" duration-ms="1" started-at="2018-02-05T20:36:43Z" finished-at="2018-02-05T20:36:43Z">
          <reporter-output>
          </reporter-output>
        </test-method> <!-- F6 -->
      </class> <!-- Group -->
      <class name="usps.TestSetJ">
        <test-method status="PASS" signature="SetUpPreDataMethod()[pri:0, instance:usps.TestSetJ@343f4d3d]" name="SetUpPreDataMethod" is-config="true" duration-ms="864" started-at="2018-02-05T21:54:24Z" finished-at="2018-02-05T21:54:25Z">
          <reporter-output>
          </reporter-output>
        </test-method> <!-- SetUpPreDataMethod -->
        <test-method status="PASS" signature="TC_01_FindZipCode()[pri:0, instance:usps.TestSetJ@343f4d3d]" name="TC_01_FindZipCode" duration-ms="48931" started-at="2018-02-05T21:54:25Z" finished-at="2018-02-05T21:55:14Z">
          <reporter-output>
          </reporter-output>
        </test-method> <!-- TC_01_FindZipCode -->
        <test-method status="PASS" signature="SetUpPreDataMethod()[pri:0, instance:usps.TestSetJ@343f4d3d]" name="SetUpPreDataMethod" is-config="true" duration-ms="862" started-at="2018-02-05T21:55:14Z" finished-at="2018-02-05T21:55:15Z">
          <reporter-output>
          </reporter-output>
        </test-method> <!-- SetUpPreDataMethod -->
        <test-method status="PASS" signature="TC_02_CalculateAprice()[pri:0, instance:usps.TestSetJ@343f4d3d]" name="TC_02_CalculateAprice" duration-ms="33823" started-at="2018-02-05T21:55:15Z" finished-at="2018-02-05T21:55:49Z">
          <reporter-output>
          </reporter-output>
        </test-method> <!-- TC_02_CalculateAprice -->
        <test-method status="PASS" signature="SetUpPreDataMethod()[pri:0, instance:usps.TestSetJ@343f4d3d]" name="SetUpPreDataMethod" is-config="true" duration-ms="912" started-at="2018-02-05T21:55:49Z" finished-at="2018-02-05T21:55:50Z">
          <reporter-output>
          </reporter-output>
        </test-method> <!-- SetUpPreDataMethod -->
        <test-method status="FAIL" signature="TC_03_ExperimentAll8Selectors()[pri:0, instance:usps.TestSetJ@343f4d3d]" name="TC_03_ExperimentAll8Selectors" duration-ms="30840" started-at="2018-02-05T21:55:50Z" finished-at="2018-02-05T21:56:20Z">
          <exception class="org.openqa.selenium.NoSuchElementException">
            <message>
              <![CDATA[no such element: Unable to locate element: {"method":"link text","selector":"File a Claim"}
  (Session info: chrome=63.0.3239.132)
  (Driver info: chromedriver=2.32.498550 (9dec58e66c31bcc53a9ce3c7226f0c1c5810906a),platform=Windows NT 10.0.16299 x86_64) (WARNING: The server did not provide any stacktrace information)
Command duration or timeout: 0 milliseconds
For documentation on this error, please visit: http://seleniumhq.org/exceptions/no_such_element.html
Build info: version: '3.6.0', revision: '6fbf3ec767', time: '2017-09-27T16:15:40.131Z'
System info: host: 'DESKTOP-75OLIUH', ip: '192.168.112.1', os.name: 'Windows 10', os.arch: 'amd64', os.version: '10.0', java.version: '1.8.0_144'
Driver info: org.openqa.selenium.chrome.ChromeDriver
Capabilities [{mobileEmulationEnabled=false, hasTouchScreen=false, platform=XP, acceptSslCerts=true, webStorageEnabled=true, browserName=chrome, takesScreenshot=true, javascriptEnabled=true, platformName=XP, setWindowRect=true, unexpectedAlertBehaviour=, applicationCacheEnabled=false, rotatable=false, networkConnectionEnabled=false, chrome={chromedriverVersion=2.32.498550 (9dec58e66c31bcc53a9ce3c7226f0c1c5810906a), userDataDir=C:\Users\imran\AppData\Local\Temp\scoped_dir19796_18433}, takesHeapSnapshot=true, pageLoadStrategy=normal, unhandledPromptBehavior=, databaseEnabled=false, handlesAlerts=true, version=63.0.3239.132, browserConnectionEnabled=false, nativeEvents=true, locationContextEnabled=true, cssSelectorsEnabled=true}]
Session ID: 0b5d9d5d9f01cd22ef440a041c8bccce
*** Element info: {Using=link text, value=File a Claim}]]>
            </message>
            <full-stacktrace>
              <![CDATA[org.openqa.selenium.NoSuchElementException: no such element: Unable to locate element: {"method":"link text","selector":"File a Claim"}
  (Session info: chrome=63.0.3239.132)
  (Driver info: chromedriver=2.32.498550 (9dec58e66c31bcc53a9ce3c7226f0c1c5810906a),platform=Windows NT 10.0.16299 x86_64) (WARNING: The server did not provide any stacktrace information)
Command duration or timeout: 0 milliseconds
For documentation on this error, please visit: http://seleniumhq.org/exceptions/no_such_element.html
Build info: version: '3.6.0', revision: '6fbf3ec767', time: '2017-09-27T16:15:40.131Z'
System info: host: 'DESKTOP-75OLIUH', ip: '192.168.112.1', os.name: 'Windows 10', os.arch: 'amd64', os.version: '10.0', java.version: '1.8.0_144'
Driver info: org.openqa.selenium.chrome.ChromeDriver
Capabilities [{mobileEmulationEnabled=false, hasTouchScreen=false, platform=XP, acceptSslCerts=true, webStorageEnabled=true, browserName=chrome, takesScreenshot=true, javascriptEnabled=true, platformName=XP, setWindowRect=true, unexpectedAlertBehaviour=, applicationCacheEnabled=false, rotatable=false, networkConnectionEnabled=false, chrome={chromedriverVersion=2.32.498550 (9dec58e66c31bcc53a9ce3c7226f0c1c5810906a), userDataDir=C:\Users\imran\AppData\Local\Temp\scoped_dir19796_18433}, takesHeapSnapshot=true, pageLoadStrategy=normal, unhandledPromptBehavior=, databaseEnabled=false, handlesAlerts=true, version=63.0.3239.132, browserConnectionEnabled=false, nativeEvents=true, locationContextEnabled=true, cssSelectorsEnabled=true}]
Session ID: 0b5d9d5d9f01cd22ef440a041c8bccce
*** Element info: {Using=link text, value=File a Claim}
	at sun.reflect.NativeConstructorAccessorImpl.newInstance0(Native Method)
	at sun.reflect.NativeConstructorAccessorImpl.newInstance(Unknown Source)
	at sun.reflect.DelegatingConstructorAccessorImpl.newInstance(Unknown Source)
	at java.lang.reflect.Constructor.newInstance(Unknown Source)
	at org.openqa.selenium.remote.ErrorHandler.createThrowable(ErrorHandler.java:214)
	at org.openqa.selenium.remote.ErrorHandler.throwIfResponseFailed(ErrorHandler.java:166)
	at org.openqa.selenium.remote.http.JsonHttpResponseCodec.reconstructValue(JsonHttpResponseCodec.java:40)
	at org.openqa.selenium.remote.http.AbstractHttpResponseCodec.decode(AbstractHttpResponseCodec.java:82)
	at org.openqa.selenium.remote.http.AbstractHttpResponseCodec.decode(AbstractHttpResponseCodec.java:45)
	at org.openqa.selenium.remote.HttpCommandExecutor.execute(HttpCommandExecutor.java:164)
	at org.openqa.selenium.remote.service.DriverCommandExecutor.execute(DriverCommandExecutor.java:83)
	at org.openqa.selenium.remote.RemoteWebDriver.execute(RemoteWebDriver.java:586)
	at org.openqa.selenium.remote.RemoteWebDriver.findElement(RemoteWebDriver.java:356)
	at org.openqa.selenium.remote.RemoteWebDriver.findElementByLinkText(RemoteWebDriver.java:410)
	at org.openqa.selenium.By$ByLinkText.findElement(By.java:246)
	at org.openqa.selenium.remote.RemoteWebDriver.findElement(RemoteWebDriver.java:348)
	at usps.TestSetJ.TC_03_ExperimentAll8Selectors(TestSetJ.java:160)
	at sun.reflect.NativeMethodAccessorImpl.invoke0(Native Method)
	at sun.reflect.NativeMethodAccessorImpl.invoke(Unknown Source)
	at sun.reflect.DelegatingMethodAccessorImpl.invoke(Unknown Source)
	at java.lang.reflect.Method.invoke(Unknown Source)
	at org.testng.internal.MethodInvocationHelper.invokeMethod(MethodInvocationHelper.java:108)
	at org.testng.internal.Invoker.invokeMethod(Invoker.java:661)
	at org.testng.internal.Invoker.invokeTestMethod(Invoker.java:869)
	at org.testng.internal.Invoker.invokeTestMethods(Invoker.java:1193)
	at org.testng.internal.TestMethodWorker.invokeTestMethods(TestMethodWorker.java:126)
	at org.testng.internal.TestMethodWorker.run(TestMethodWorker.java:109)
	at org.testng.TestRunner.privateRun(TestRunner.java:744)
	at org.testng.TestRunner.run(TestRunner.java:602)
	at org.testng.SuiteRunner.runTest(SuiteRunner.java:380)
	at org.testng.SuiteRunner.runSequentially(SuiteRunner.java:375)
	at org.testng.SuiteRunner.privateRun(SuiteRunner.java:340)
	at org.testng.SuiteRunner.run(SuiteRunner.java:289)
	at org.testng.SuiteRunnerWorker.runSuite(SuiteRunnerWorker.java:52)
	at org.testng.SuiteRunnerWorker.run(SuiteRunnerWorker.java:86)
	at org.testng.TestNG.runSuitesSequentially(TestNG.java:1301)
	at org.testng.TestNG.runSuitesLocally(TestNG.java:1226)
	at org.testng.TestNG.runSuites(TestNG.java:1144)
	at org.testng.TestNG.run(TestNG.java:1115)
	at org.testng.remote.AbstractRemoteTestNG.run(AbstractRemoteTestNG.java:126)
	at org.testng.remote.RemoteTestNG.initAndRun(RemoteTestNG.java:137)
	at org.testng.remote.RemoteTestNG.main(RemoteTestNG.java:58)
]]>
            </full-stacktrace>
          </exception> <!-- org.openqa.selenium.NoSuchElementException -->
          <reporter-output>
          </reporter-output>
        </test-method> <!-- TC_03_ExperimentAll8Selectors -->
        <test-method status="PASS" signature="SetUpPreDataMethod()[pri:0, instance:usps.TestSetJ@343f4d3d]" name="SetUpPreDataMethod" is-config="true" duration-ms="855" started-at="2018-02-05T21:56:20Z" finished-at="2018-02-05T21:56:21Z">
          <reporter-output>
          </reporter-output>
        </test-method> <!-- SetUpPreDataMethod -->
        <test-method status="PASS" signature="TC_05_FindOutUSPS_Locations()[pri:0, instance:usps.TestSetJ@343f4d3d]" name="TC_05_FindOutUSPS_Locations" duration-ms="24765" started-at="2018-02-05T21:56:21Z" finished-at="2018-02-05T21:56:46Z">
          <reporter-output>
          </reporter-output>
        </test-method> <!-- TC_05_FindOutUSPS_Locations -->
        <test-method status="PASS" signature="SetUpPreDataMethod()[pri:0, instance:usps.TestSetJ@343f4d3d]" name="SetUpPreDataMethod" is-config="true" duration-ms="1013" started-at="2018-02-05T21:56:46Z" finished-at="2018-02-05T21:56:47Z">
          <reporter-output>
          </reporter-output>
        </test-method> <!-- SetUpPreDataMethod -->
        <test-method status="FAIL" signature="TC_07_RandomClicks()[pri:0, instance:usps.TestSetJ@343f4d3d]" name="TC_07_RandomClicks" duration-ms="14246" started-at="2018-02-05T21:56:47Z" finished-at="2018-02-05T21:57:01Z">
          <exception class="org.openqa.selenium.NoSuchElementException">
            <message>
              <![CDATA[no such element: Unable to locate element: {"method":"id","selector":"dijit__TreeNode_7_label"}
  (Session info: chrome=63.0.3239.132)
  (Driver info: chromedriver=2.32.498550 (9dec58e66c31bcc53a9ce3c7226f0c1c5810906a),platform=Windows NT 10.0.16299 x86_64) (WARNING: The server did not provide any stacktrace information)
Command duration or timeout: 0 milliseconds
For documentation on this error, please visit: http://seleniumhq.org/exceptions/no_such_element.html
Build info: version: '3.6.0', revision: '6fbf3ec767', time: '2017-09-27T16:15:40.131Z'
System info: host: 'DESKTOP-75OLIUH', ip: '192.168.112.1', os.name: 'Windows 10', os.arch: 'amd64', os.version: '10.0', java.version: '1.8.0_144'
Driver info: org.openqa.selenium.chrome.ChromeDriver
Capabilities [{mobileEmulationEnabled=false, hasTouchScreen=false, platform=XP, acceptSslCerts=true, webStorageEnabled=true, browserName=chrome, takesScreenshot=true, javascriptEnabled=true, platformName=XP, setWindowRect=true, unexpectedAlertBehaviour=, applicationCacheEnabled=false, rotatable=false, networkConnectionEnabled=false, chrome={chromedriverVersion=2.32.498550 (9dec58e66c31bcc53a9ce3c7226f0c1c5810906a), userDataDir=C:\Users\imran\AppData\Local\Temp\scoped_dir544_22641}, takesHeapSnapshot=true, pageLoadStrategy=normal, unhandledPromptBehavior=, databaseEnabled=false, handlesAlerts=true, version=63.0.3239.132, browserConnectionEnabled=false, nativeEvents=true, locationContextEnabled=true, cssSelectorsEnabled=true}]
Session ID: 1e42b845463526ddc8b3b2ec6cd445f4
*** Element info: {Using=id, value=dijit__TreeNode_7_label}]]>
            </message>
            <full-stacktrace>
              <![CDATA[org.openqa.selenium.NoSuchElementException: no such element: Unable to locate element: {"method":"id","selector":"dijit__TreeNode_7_label"}
  (Session info: chrome=63.0.3239.132)
  (Driver info: chromedriver=2.32.498550 (9dec58e66c31bcc53a9ce3c7226f0c1c5810906a),platform=Windows NT 10.0.16299 x86_64) (WARNING: The server did not provide any stacktrace information)
Command duration or timeout: 0 milliseconds
For documentation on this error, please visit: http://seleniumhq.org/exceptions/no_such_element.html
Build info: version: '3.6.0', revision: '6fbf3ec767', time: '2017-09-27T16:15:40.131Z'
System info: host: 'DESKTOP-75OLIUH', ip: '192.168.112.1', os.name: 'Windows 10', os.arch: 'amd64', os.version: '10.0', java.version: '1.8.0_144'
Driver info: org.openqa.selenium.chrome.ChromeDriver
Capabilities [{mobileEmulationEnabled=false, hasTouchScreen=false, platform=XP, acceptSslCerts=true, webStorageEnabled=true, browserName=chrome, takesScreenshot=true, javascriptEnabled=true, platformName=XP, setWindowRect=true, unexpectedAlertBehaviour=, applicationCacheEnabled=false, rotatable=false, networkConnectionEnabled=false, chrome={chromedriverVersion=2.32.498550 (9dec58e66c31bcc53a9ce3c7226f0c1c5810906a), userDataDir=C:\Users\imran\AppData\Local\Temp\scoped_dir544_22641}, takesHeapSnapshot=true, pageLoadStrategy=normal, unhandledPromptBehavior=, databaseEnabled=false, handlesAlerts=true, version=63.0.3239.132, browserConnectionEnabled=false, nativeEvents=true, locationContextEnabled=true, cssSelectorsEnabled=true}]
Session ID: 1e42b845463526ddc8b3b2ec6cd445f4
*** Element info: {Using=id, value=dijit__TreeNode_7_label}
	at sun.reflect.NativeConstructorAccessorImpl.newInstance0(Native Method)
	at sun.reflect.NativeConstructorAccessorImpl.newInstance(Unknown Source)
	at sun.reflect.DelegatingConstructorAccessorImpl.newInstance(Unknown Source)
	at java.lang.reflect.Constructor.newInstance(Unknown Source)
	at org.openqa.selenium.remote.ErrorHandler.createThrowable(ErrorHandler.java:214)
	at org.openqa.selenium.remote.ErrorHandler.throwIfResponseFailed(ErrorHandler.java:166)
	at org.openqa.selenium.remote.http.JsonHttpResponseCodec.reconstructValue(JsonHttpResponseCodec.java:40)
	at org.openqa.selenium.remote.http.AbstractHttpResponseCodec.decode(AbstractHttpResponseCodec.java:82)
	at org.openqa.selenium.remote.http.AbstractHttpResponseCodec.decode(AbstractHttpResponseCodec.java:45)
	at org.openqa.selenium.remote.HttpCommandExecutor.execute(HttpCommandExecutor.java:164)
	at org.openqa.selenium.remote.service.DriverCommandExecutor.execute(DriverCommandExecutor.java:83)
	at org.openqa.selenium.remote.RemoteWebDriver.execute(RemoteWebDriver.java:586)
	at org.openqa.selenium.remote.RemoteWebDriver.findElement(RemoteWebDriver.java:356)
	at org.openqa.selenium.remote.RemoteWebDriver.findElementById(RemoteWebDriver.java:402)
	at org.openqa.selenium.By$ById.findElement(By.java:218)
	at org.openqa.selenium.remote.RemoteWebDriver.findElement(RemoteWebDriver.java:348)
	at usps.TestSetJ.TC_07_RandomClicks(TestSetJ.java:316)
	at sun.reflect.NativeMethodAccessorImpl.invoke0(Native Method)
	at sun.reflect.NativeMethodAccessorImpl.invoke(Unknown Source)
	at sun.reflect.DelegatingMethodAccessorImpl.invoke(Unknown Source)
	at java.lang.reflect.Method.invoke(Unknown Source)
	at org.testng.internal.MethodInvocationHelper.invokeMethod(MethodInvocationHelper.java:108)
	at org.testng.internal.Invoker.invokeMethod(Invoker.java:661)
	at org.testng.internal.Invoker.invokeTestMethod(Invoker.java:869)
	at org.testng.internal.Invoker.invokeTestMethods(Invoker.java:1193)
	at org.testng.internal.TestMethodWorker.invokeTestMethods(TestMethodWorker.java:126)
	at org.testng.internal.TestMethodWorker.run(TestMethodWorker.java:109)
	at org.testng.TestRunner.privateRun(TestRunner.java:744)
	at org.testng.TestRunner.run(TestRunner.java:602)
	at org.testng.SuiteRunner.runTest(SuiteRunner.java:380)
	at org.testng.SuiteRunner.runSequentially(SuiteRunner.java:375)
	at org.testng.SuiteRunner.privateRun(SuiteRunner.java:340)
	at org.testng.SuiteRunner.run(SuiteRunner.java:289)
	at org.testng.SuiteRunnerWorker.runSuite(SuiteRunnerWorker.java:52)
	at org.testng.SuiteRunnerWorker.run(SuiteRunnerWorker.java:86)
	at org.testng.TestNG.runSuitesSequentially(TestNG.java:1301)
	at org.testng.TestNG.runSuitesLocally(TestNG.java:1226)
	at org.testng.TestNG.runSuites(TestNG.java:1144)
	at org.testng.TestNG.run(TestNG.java:1115)
	at org.testng.remote.AbstractRemoteTestNG.run(AbstractRemoteTestNG.java:126)
	at org.testng.remote.RemoteTestNG.initAndRun(RemoteTestNG.java:137)
	at org.testng.remote.RemoteTestNG.main(RemoteTestNG.java:58)
]]>
            </full-stacktrace>
          </exception> <!-- org.openqa.selenium.NoSuchElementException -->
          <reporter-output>
          </reporter-output>
        </test-method> <!-- TC_07_RandomClicks -->
        <test-method status="PASS" signature="SetUpPreDataMethod()[pri:0, instance:usps.TestSetJ@343f4d3d]" name="SetUpPreDataMethod" is-config="true" duration-ms="1108" started-at="2018-02-05T21:57:01Z" finished-at="2018-02-05T21:57:02Z">
          <reporter-output>
          </reporter-output>
        </test-method> <!-- SetUpPreDataMethod -->
        <test-method status="PASS" signature="TC_08_ErrorMessageVerificationOnWrongTrackingNumber()[pri:0, instance:usps.TestSetJ@343f4d3d]" name="TC_08_ErrorMessageVerificationOnWrongTrackingNumber" duration-ms="25686" started-at="2018-02-05T21:57:02Z" finished-at="2018-02-05T21:57:28Z">
          <reporter-output>
          </reporter-output>
        </test-method> <!-- TC_08_ErrorMessageVerificationOnWrongTrackingNumber -->
        <test-method status="PASS" signature="SetUpPreDataMethod()[pri:0, instance:usps.TestSetJ@343f4d3d]" name="SetUpPreDataMethod" is-config="true" duration-ms="1060" started-at="2018-02-05T21:57:28Z" finished-at="2018-02-05T21:57:29Z">
          <reporter-output>
          </reporter-output>
        </test-method> <!-- SetUpPreDataMethod -->
        <test-method status="FAIL" signature="TC_09_SignUpEligibility()[pri:0, instance:usps.TestSetJ@343f4d3d]" name="TC_09_SignUpEligibility" duration-ms="21535" started-at="2018-02-05T21:57:29Z" finished-at="2018-02-05T21:57:51Z">
          <exception class="org.openqa.selenium.NoSuchElementException">
            <message>
              <![CDATA[Unable to locate element: Sign Up for Free
For documentation on this error, please visit: http://seleniumhq.org/exceptions/no_such_element.html
Build info: version: '3.6.0', revision: '6fbf3ec767', time: '2017-09-27T16:15:40.131Z'
System info: host: 'DESKTOP-75OLIUH', ip: '192.168.112.1', os.name: 'Windows 10', os.arch: 'amd64', os.version: '10.0', java.version: '1.8.0_144'
Driver info: org.openqa.selenium.firefox.FirefoxDriver
Capabilities [{moz:profile=C:\Users\imran\AppData\Local\Temp\rust_mozprofile.P3d4ABY8MZMl, rotatable=false, timeouts={implicit=0, pageLoad=300000, script=30000}, pageLoadStrategy=normal, moz:headless=false, platform=XP, moz:accessibilityChecks=false, acceptInsecureCerts=true, browserVersion=58.0.1, platformVersion=10.0, moz:processID=20064, browserName=firefox, javascriptEnabled=true, platformName=XP, moz:webdriverClick=true}]
Session ID: 0a2f0e11-ea41-4ec7-b7d9-8eff4de6b345
*** Element info: {Using=partial link text, value=Sign Up for Free}]]>
            </message>
            <full-stacktrace>
              <![CDATA[org.openqa.selenium.NoSuchElementException: Unable to locate element: Sign Up for Free
For documentation on this error, please visit: http://seleniumhq.org/exceptions/no_such_element.html
Build info: version: '3.6.0', revision: '6fbf3ec767', time: '2017-09-27T16:15:40.131Z'
System info: host: 'DESKTOP-75OLIUH', ip: '192.168.112.1', os.name: 'Windows 10', os.arch: 'amd64', os.version: '10.0', java.version: '1.8.0_144'
Driver info: org.openqa.selenium.firefox.FirefoxDriver
Capabilities [{moz:profile=C:\Users\imran\AppData\Local\Temp\rust_mozprofile.P3d4ABY8MZMl, rotatable=false, timeouts={implicit=0, pageLoad=300000, script=30000}, pageLoadStrategy=normal, moz:headless=false, platform=XP, moz:accessibilityChecks=false, acceptInsecureCerts=true, browserVersion=58.0.1, platformVersion=10.0, moz:processID=20064, browserName=firefox, javascriptEnabled=true, platformName=XP, moz:webdriverClick=true}]
Session ID: 0a2f0e11-ea41-4ec7-b7d9-8eff4de6b345
*** Element info: {Using=partial link text, value=Sign Up for Free}
	at sun.reflect.GeneratedConstructorAccessor13.newInstance(Unknown Source)
	at sun.reflect.DelegatingConstructorAccessorImpl.newInstance(Unknown Source)
	at java.lang.reflect.Constructor.newInstance(Unknown Source)
	at org.openqa.selenium.remote.http.W3CHttpResponseCodec.createException(W3CHttpResponseCodec.java:185)
	at org.openqa.selenium.remote.http.W3CHttpResponseCodec.decode(W3CHttpResponseCodec.java:120)
	at org.openqa.selenium.remote.http.W3CHttpResponseCodec.decode(W3CHttpResponseCodec.java:49)
	at org.openqa.selenium.remote.HttpCommandExecutor.execute(HttpCommandExecutor.java:164)
	at org.openqa.selenium.remote.service.DriverCommandExecutor.execute(DriverCommandExecutor.java:83)
	at org.openqa.selenium.remote.RemoteWebDriver.execute(RemoteWebDriver.java:586)
	at org.openqa.selenium.remote.RemoteWebDriver.findElement(RemoteWebDriver.java:356)
	at org.openqa.selenium.remote.RemoteWebDriver.findElementByPartialLinkText(RemoteWebDriver.java:418)
	at org.openqa.selenium.By$ByPartialLinkText.findElement(By.java:273)
	at org.openqa.selenium.remote.RemoteWebDriver.findElement(RemoteWebDriver.java:348)
	at usps.TestSetJ.TC_09_SignUpEligibility(TestSetJ.java:353)
	at sun.reflect.NativeMethodAccessorImpl.invoke0(Native Method)
	at sun.reflect.NativeMethodAccessorImpl.invoke(Unknown Source)
	at sun.reflect.DelegatingMethodAccessorImpl.invoke(Unknown Source)
	at java.lang.reflect.Method.invoke(Unknown Source)
	at org.testng.internal.MethodInvocationHelper.invokeMethod(MethodInvocationHelper.java:108)
	at org.testng.internal.Invoker.invokeMethod(Invoker.java:661)
	at org.testng.internal.Invoker.invokeTestMethod(Invoker.java:869)
	at org.testng.internal.Invoker.invokeTestMethods(Invoker.java:1193)
	at org.testng.internal.TestMethodWorker.invokeTestMethods(TestMethodWorker.java:126)
	at org.testng.internal.TestMethodWorker.run(TestMethodWorker.java:109)
	at org.testng.TestRunner.privateRun(TestRunner.java:744)
	at org.testng.TestRunner.run(TestRunner.java:602)
	at org.testng.SuiteRunner.runTest(SuiteRunner.java:380)
	at org.testng.SuiteRunner.runSequentially(SuiteRunner.java:375)
	at org.testng.SuiteRunner.privateRun(SuiteRunner.java:340)
	at org.testng.SuiteRunner.run(SuiteRunner.java:289)
	at org.testng.SuiteRunnerWorker.runSuite(SuiteRunnerWorker.java:52)
	at org.testng.SuiteRunnerWorker.run(SuiteRunnerWorker.java:86)
	at org.testng.TestNG.runSuitesSequentially(TestNG.java:1301)
	at org.testng.TestNG.runSuitesLocally(TestNG.java:1226)
	at org.testng.TestNG.runSuites(TestNG.java:1144)
	at org.testng.TestNG.run(TestNG.java:1115)
	at org.testng.remote.AbstractRemoteTestNG.run(AbstractRemoteTestNG.java:126)
	at org.testng.remote.RemoteTestNG.initAndRun(RemoteTestNG.java:137)
	at org.testng.remote.RemoteTestNG.main(RemoteTestNG.java:58)
]]>
            </full-stacktrace>
          </exception> <!-- org.openqa.selenium.NoSuchElementException -->
          <reporter-output>
          </reporter-output>
        </test-method> <!-- TC_09_SignUpEligibility -->
        <test-method status="PASS" signature="SetUpPreDataMethod()[pri:0, instance:usps.TestSetJ@343f4d3d]" name="SetUpPreDataMethod" is-config="true" duration-ms="810" started-at="2018-02-05T21:57:51Z" finished-at="2018-02-05T21:57:52Z">
          <reporter-output>
          </reporter-output>
        </test-method> <!-- SetUpPreDataMethod -->
        <test-method status="PASS" signature="TC_10_VerifySignUpLinkInFirefoxBrowser()[pri:0, instance:usps.TestSetJ@343f4d3d]" name="TC_10_VerifySignUpLinkInFirefoxBrowser" duration-ms="35130" started-at="2018-02-05T21:57:52Z" finished-at="2018-02-05T21:58:27Z">
          <reporter-output>
          </reporter-output>
        </test-method> <!-- TC_10_VerifySignUpLinkInFirefoxBrowser -->
        <test-method status="PASS" signature="SetUpPreDataMethod()[pri:0, instance:usps.TestSetJ@343f4d3d]" name="SetUpPreDataMethod" is-config="true" duration-ms="956" started-at="2018-02-05T21:58:27Z" finished-at="2018-02-05T21:58:28Z">
          <reporter-output>
          </reporter-output>
        </test-method> <!-- SetUpPreDataMethod -->
        <test-method status="PASS" signature="TC_11_VerifySignUpLinkInMicrosoftEdgeBrowser()[pri:0, instance:usps.TestSetJ@343f4d3d]" name="TC_11_VerifySignUpLinkInMicrosoftEdgeBrowser" duration-ms="30182" started-at="2018-02-05T21:58:28Z" finished-at="2018-02-05T21:58:58Z">
          <reporter-output>
          </reporter-output>
        </test-method> <!-- TC_11_VerifySignUpLinkInMicrosoftEdgeBrowser -->
        <test-method status="PASS" signature="SetUpPreDataMethod()[pri:0, instance:usps.TestSetJ@343f4d3d]" name="SetUpPreDataMethod" is-config="true" duration-ms="910" started-at="2018-02-05T21:58:58Z" finished-at="2018-02-05T21:58:59Z">
          <reporter-output>
          </reporter-output>
        </test-method> <!-- SetUpPreDataMethod -->
        <test-method status="PASS" signature="TC_12_VerifySignUpLinkInGoogleChromeBrowser()[pri:0, instance:usps.TestSetJ@343f4d3d]" name="TC_12_VerifySignUpLinkInGoogleChromeBrowser" duration-ms="37183" started-at="2018-02-05T21:58:59Z" finished-at="2018-02-05T21:59:36Z">
          <reporter-output>
          </reporter-output>
        </test-method> <!-- TC_12_VerifySignUpLinkInGoogleChromeBrowser -->
        <test-method status="PASS" signature="SetUpPreDataMethod()[pri:0, instance:usps.TestSetJ@343f4d3d]" name="SetUpPreDataMethod" is-config="true" duration-ms="908" started-at="2018-02-05T21:59:36Z" finished-at="2018-02-05T21:59:37Z">
          <reporter-output>
          </reporter-output>
        </test-method> <!-- SetUpPreDataMethod -->
        <test-method status="FAIL" signature="TC_13_VerifySignUpLinkInInternetExplorerBrowser()[pri:0, instance:usps.TestSetJ@343f4d3d]" name="TC_13_VerifySignUpLinkInInternetExplorerBrowser" duration-ms="13712" started-at="2018-02-05T21:59:37Z" finished-at="2018-02-05T21:59:51Z">
          <exception class="org.openqa.selenium.JavascriptException">
            <message>
              <![CDATA[JavaScript error
Build info: version: '3.6.0', revision: '6fbf3ec767', time: '2017-09-27T16:15:40.131Z'
System info: host: 'DESKTOP-75OLIUH', ip: '192.168.112.1', os.name: 'Windows 10', os.arch: 'amd64', os.version: '10.0', java.version: '1.8.0_144'
Driver info: org.openqa.selenium.ie.InternetExplorerDriver
Capabilities [{acceptInsecureCerts=false, browserVersion=11, se:ieOptions={nativeEvents=true, browserAttachTimeout=0, ie.ensureCleanSession=false, elementScrollBehavior=0, enablePersistentHover=true, ie.browserCommandLineSwitches=, ie.forceCreateProcessApi=false, requireWindowFocus=false, initialBrowserUrl=http://localhost:44636/, ignoreZoomSetting=false, ie.fileUploadDialogTimeout=3000, ignoreProtectedModeSettings=false}, browserName=internet explorer, pageLoadStrategy=normal, javascriptEnabled=true, platformName=WINDOWS, setWindowRect=true, platform=WINDOWS}]
Session ID: 1aea3931-814c-4f25-b3cf-7cece47e8b0d]]>
            </message>
            <full-stacktrace>
              <![CDATA[org.openqa.selenium.JavascriptException: JavaScript error
Build info: version: '3.6.0', revision: '6fbf3ec767', time: '2017-09-27T16:15:40.131Z'
System info: host: 'DESKTOP-75OLIUH', ip: '192.168.112.1', os.name: 'Windows 10', os.arch: 'amd64', os.version: '10.0', java.version: '1.8.0_144'
Driver info: org.openqa.selenium.ie.InternetExplorerDriver
Capabilities [{acceptInsecureCerts=false, browserVersion=11, se:ieOptions={nativeEvents=true, browserAttachTimeout=0, ie.ensureCleanSession=false, elementScrollBehavior=0, enablePersistentHover=true, ie.browserCommandLineSwitches=, ie.forceCreateProcessApi=false, requireWindowFocus=false, initialBrowserUrl=http://localhost:44636/, ignoreZoomSetting=false, ie.fileUploadDialogTimeout=3000, ignoreProtectedModeSettings=false}, browserName=internet explorer, pageLoadStrategy=normal, javascriptEnabled=true, platformName=WINDOWS, setWindowRect=true, platform=WINDOWS}]
Session ID: 1aea3931-814c-4f25-b3cf-7cece47e8b0d
	at sun.reflect.NativeConstructorAccessorImpl.newInstance0(Native Method)
	at sun.reflect.NativeConstructorAccessorImpl.newInstance(Unknown Source)
	at sun.reflect.DelegatingConstructorAccessorImpl.newInstance(Unknown Source)
	at java.lang.reflect.Constructor.newInstance(Unknown Source)
	at org.openqa.selenium.remote.http.W3CHttpResponseCodec.createException(W3CHttpResponseCodec.java:185)
	at org.openqa.selenium.remote.http.W3CHttpResponseCodec.decode(W3CHttpResponseCodec.java:120)
	at org.openqa.selenium.remote.http.W3CHttpResponseCodec.decode(W3CHttpResponseCodec.java:49)
	at org.openqa.selenium.remote.HttpCommandExecutor.execute(HttpCommandExecutor.java:164)
	at org.openqa.selenium.remote.service.DriverCommandExecutor.execute(DriverCommandExecutor.java:83)
	at org.openqa.selenium.remote.RemoteWebDriver.execute(RemoteWebDriver.java:586)
	at org.openqa.selenium.remote.RemoteWebDriver.executeScript(RemoteWebDriver.java:522)
	at afterLoginIn.CommonAPI.scrolldown(CommonAPI.java:183)
	at usps.TestSetJ.VerifyAboutUSPSHomeLink_Presence(TestSetJ.java:424)
	at usps.TestSetJ.TC_13_VerifySignUpLinkInInternetExplorerBrowser(TestSetJ.java:413)
	at sun.reflect.NativeMethodAccessorImpl.invoke0(Native Method)
	at sun.reflect.NativeMethodAccessorImpl.invoke(Unknown Source)
	at sun.reflect.DelegatingMethodAccessorImpl.invoke(Unknown Source)
	at java.lang.reflect.Method.invoke(Unknown Source)
	at org.testng.internal.MethodInvocationHelper.invokeMethod(MethodInvocationHelper.java:108)
	at org.testng.internal.Invoker.invokeMethod(Invoker.java:661)
	at org.testng.internal.Invoker.invokeTestMethod(Invoker.java:869)
	at org.testng.internal.Invoker.invokeTestMethods(Invoker.java:1193)
	at org.testng.internal.TestMethodWorker.invokeTestMethods(TestMethodWorker.java:126)
	at org.testng.internal.TestMethodWorker.run(TestMethodWorker.java:109)
	at org.testng.TestRunner.privateRun(TestRunner.java:744)
	at org.testng.TestRunner.run(TestRunner.java:602)
	at org.testng.SuiteRunner.runTest(SuiteRunner.java:380)
	at org.testng.SuiteRunner.runSequentially(SuiteRunner.java:375)
	at org.testng.SuiteRunner.privateRun(SuiteRunner.java:340)
	at org.testng.SuiteRunner.run(SuiteRunner.java:289)
	at org.testng.SuiteRunnerWorker.runSuite(SuiteRunnerWorker.java:52)
	at org.testng.SuiteRunnerWorker.run(SuiteRunnerWorker.java:86)
	at org.testng.TestNG.runSuitesSequentially(TestNG.java:1301)
	at org.testng.TestNG.runSuitesLocally(TestNG.java:1226)
	at org.testng.TestNG.runSuites(TestNG.java:1144)
	at org.testng.TestNG.run(TestNG.java:1115)
	at org.testng.remote.AbstractRemoteTestNG.run(AbstractRemoteTestNG.java:126)
	at org.testng.remote.RemoteTestNG.initAndRun(RemoteTestNG.java:137)
	at org.testng.remote.RemoteTestNG.main(RemoteTestNG.java:58)
]]>
            </full-stacktrace>
          </exception> <!-- org.openqa.selenium.JavascriptException -->
          <reporter-output>
          </reporter-output>
        </test-method> <!-- TC_13_VerifySignUpLinkInInternetExplorerBrowser -->
        <test-method status="PASS" signature="SetUpPreDataMethod()[pri:0, instance:usps.TestSetJ@343f4d3d]" name="SetUpPreDataMethod" is-config="true" duration-ms="1120" started-at="2018-02-05T21:59:51Z" finished-at="2018-02-05T21:59:52Z">
          <reporter-output>
          </reporter-output>
        </test-method> <!-- SetUpPreDataMethod -->
        <test-method status="PASS" signature="TC_O4_CaptureTheStampsCount()[pri:0, instance:usps.TestSetJ@343f4d3d]" name="TC_O4_CaptureTheStampsCount" duration-ms="16006" started-at="2018-02-05T21:59:52Z" finished-at="2018-02-05T22:00:08Z">
          <reporter-output>
          </reporter-output>
        </test-method> <!-- TC_O4_CaptureTheStampsCount -->
        <test-method status="PASS" signature="SetUpPreDataMethod()[pri:0, instance:usps.TestSetJ@343f4d3d]" name="SetUpPreDataMethod" is-config="true" duration-ms="909" started-at="2018-02-05T22:00:08Z" finished-at="2018-02-05T22:00:09Z">
          <reporter-output>
          </reporter-output>
        </test-method> <!-- SetUpPreDataMethod -->
        <test-method status="PASS" signature="TC_O6_USPS_Locations_AllRadios()[pri:0, instance:usps.TestSetJ@343f4d3d]" name="TC_O6_USPS_Locations_AllRadios" duration-ms="83777" started-at="2018-02-05T22:00:09Z" finished-at="2018-02-05T22:01:32Z">
          <reporter-output>
          </reporter-output>
        </test-method> <!-- TC_O6_USPS_Locations_AllRadios -->
      </class> <!-- usps.TestSetJ -->
      <class name="Priotization">
        <test-method status="PASS" signature="A()[pri:0, instance:Priotization@4883b407]" name="A" duration-ms="2" started-at="2018-02-05T20:36:43Z" finished-at="2018-02-05T20:36:43Z">
          <reporter-output>
          </reporter-output>
        </test-method> <!-- A -->
        <test-method status="PASS" signature="F()[pri:1, instance:Priotization@4883b407]" name="F" duration-ms="1" started-at="2018-02-05T22:01:32Z" finished-at="2018-02-05T22:01:32Z">
          <reporter-output>
          </reporter-output>
        </test-method> <!-- F -->
        <test-method status="PASS" signature="D()[pri:2, instance:Priotization@4883b407]" name="D" duration-ms="1" started-at="2018-02-05T22:01:32Z" finished-at="2018-02-05T22:01:32Z">
          <reporter-output>
          </reporter-output>
        </test-method> <!-- D -->
        <test-method status="PASS" signature="E()[pri:3, instance:Priotization@4883b407]" name="E" duration-ms="1" started-at="2018-02-05T22:01:32Z" finished-at="2018-02-05T22:01:32Z">
          <reporter-output>
          </reporter-output>
        </test-method> <!-- E -->
        <test-method status="PASS" signature="C()[pri:5, instance:Priotization@4883b407]" name="C" duration-ms="0" started-at="2018-02-05T22:01:32Z" finished-at="2018-02-05T22:01:32Z">
          <reporter-output>
          </reporter-output>
        </test-method> <!-- C -->
        <test-method status="PASS" signature="G()[pri:6, instance:Priotization@4883b407]" name="G" duration-ms="0" started-at="2018-02-05T22:01:32Z" finished-at="2018-02-05T22:01:32Z">
          <reporter-output>
          </reporter-output>
        </test-method> <!-- G -->
      </class> <!-- Priotization -->
      <class name="ApplyFirst">
        <test-method status="PASS" signature="doThisBeforeAllTestsExecution()[pri:0, instance:ApplyFirst@6093dd95]" name="doThisBeforeAllTestsExecution" duration-ms="107" started-at="2018-02-05T20:36:43Z" finished-at="2018-02-05T20:36:43Z">
          <reporter-output>
          </reporter-output>
        </test-method> <!-- doThisBeforeAllTestsExecution -->
      </class> <!-- ApplyFirst -->
      <class name="MC.TestSetF">
        <test-method status="PASS" signature="SetUpPreDataMethod()[pri:0, instance:MC.TestSetF@39c0f4a]" name="SetUpPreDataMethod" is-config="true" duration-ms="1136" started-at="2018-02-05T21:31:23Z" finished-at="2018-02-05T21:31:25Z">
          <reporter-output>
          </reporter-output>
        </test-method> <!-- SetUpPreDataMethod -->
        <test-method status="PASS" signature="CalculateMortgatePayment_HardCodedValues()[pri:0, instance:MC.TestSetF@39c0f4a]" name="CalculateMortgatePayment_HardCodedValues" duration-ms="53529" started-at="2018-02-05T21:31:25Z" finished-at="2018-02-05T21:32:18Z">
          <reporter-output>
          </reporter-output>
        </test-method> <!-- CalculateMortgatePayment_HardCodedValues -->
        <test-method status="PASS" signature="SetUpPreDataMethod()[pri:0, instance:MC.TestSetF@39c0f4a]" name="SetUpPreDataMethod" is-config="true" duration-ms="858" started-at="2018-02-05T21:32:18Z" finished-at="2018-02-05T21:32:19Z">
          <reporter-output>
          </reporter-output>
        </test-method> <!-- SetUpPreDataMethod -->
        <test-method status="PASS" signature="TC_10_MC_ME_C()[pri:0, instance:MC.TestSetF@39c0f4a]" name="TC_10_MC_ME_C" duration-ms="41141" started-at="2018-02-05T21:32:19Z" finished-at="2018-02-05T21:33:00Z">
          <reporter-output>
          </reporter-output>
        </test-method> <!-- TC_10_MC_ME_C -->
        <test-method status="PASS" signature="SetUpPreDataMethod()[pri:0, instance:MC.TestSetF@39c0f4a]" name="SetUpPreDataMethod" is-config="true" duration-ms="908" started-at="2018-02-05T21:33:00Z" finished-at="2018-02-05T21:33:01Z">
          <reporter-output>
          </reporter-output>
        </test-method> <!-- SetUpPreDataMethod -->
        <test-method status="PASS" signature="TC_402_MC_GC_A()[pri:0, instance:MC.TestSetF@39c0f4a]" name="TC_402_MC_GC_A" duration-ms="48652" started-at="2018-02-05T21:33:01Z" finished-at="2018-02-05T21:33:50Z">
          <reporter-output>
          </reporter-output>
        </test-method> <!-- TC_402_MC_GC_A -->
        <test-method status="PASS" signature="SetUpPreDataMethod()[pri:0, instance:MC.TestSetF@39c0f4a]" name="SetUpPreDataMethod" is-config="true" duration-ms="962" started-at="2018-02-05T21:33:50Z" finished-at="2018-02-05T21:33:51Z">
          <reporter-output>
          </reporter-output>
        </test-method> <!-- SetUpPreDataMethod -->
        <test-method status="PASS" signature="TC_403_MC_GC_B()[pri:0, instance:MC.TestSetF@39c0f4a]" name="TC_403_MC_GC_B" duration-ms="52668" started-at="2018-02-05T21:33:51Z" finished-at="2018-02-05T21:34:43Z">
          <reporter-output>
          </reporter-output>
        </test-method> <!-- TC_403_MC_GC_B -->
        <test-method status="PASS" signature="SetUpPreDataMethod()[pri:0, instance:MC.TestSetF@39c0f4a]" name="SetUpPreDataMethod" is-config="true" duration-ms="972" started-at="2018-02-05T21:34:43Z" finished-at="2018-02-05T21:34:44Z">
          <reporter-output>
          </reporter-output>
        </test-method> <!-- SetUpPreDataMethod -->
        <test-method status="PASS" signature="TC_404_MC_GC_C()[pri:0, instance:MC.TestSetF@39c0f4a]" name="TC_404_MC_GC_C" duration-ms="74120" started-at="2018-02-05T21:34:44Z" finished-at="2018-02-05T21:35:58Z">
          <reporter-output>
          </reporter-output>
        </test-method> <!-- TC_404_MC_GC_C -->
        <test-method status="PASS" signature="SetUpPreDataMethod()[pri:0, instance:MC.TestSetF@39c0f4a]" name="SetUpPreDataMethod" is-config="true" duration-ms="1265" started-at="2018-02-05T21:35:58Z" finished-at="2018-02-05T21:36:00Z">
          <reporter-output>
          </reporter-output>
        </test-method> <!-- SetUpPreDataMethod -->
        <test-method status="PASS" signature="TC_405_MC_FF_A()[pri:0, instance:MC.TestSetF@39c0f4a]" name="TC_405_MC_FF_A" duration-ms="59636" started-at="2018-02-05T21:36:00Z" finished-at="2018-02-05T21:36:59Z">
          <reporter-output>
          </reporter-output>
        </test-method> <!-- TC_405_MC_FF_A -->
        <test-method status="PASS" signature="SetUpPreDataMethod()[pri:0, instance:MC.TestSetF@39c0f4a]" name="SetUpPreDataMethod" is-config="true" duration-ms="813" started-at="2018-02-05T21:36:59Z" finished-at="2018-02-05T21:37:00Z">
          <reporter-output>
          </reporter-output>
        </test-method> <!-- SetUpPreDataMethod -->
        <test-method status="PASS" signature="TC_406_MC_FF_B()[pri:0, instance:MC.TestSetF@39c0f4a]" name="TC_406_MC_FF_B" duration-ms="52270" started-at="2018-02-05T21:37:00Z" finished-at="2018-02-05T21:37:52Z">
          <reporter-output>
          </reporter-output>
        </test-method> <!-- TC_406_MC_FF_B -->
        <test-method status="PASS" signature="SetUpPreDataMethod()[pri:0, instance:MC.TestSetF@39c0f4a]" name="SetUpPreDataMethod" is-config="true" duration-ms="810" started-at="2018-02-05T21:37:52Z" finished-at="2018-02-05T21:37:53Z">
          <reporter-output>
          </reporter-output>
        </test-method> <!-- SetUpPreDataMethod -->
        <test-method status="PASS" signature="TC_407_MC_FF_C()[pri:0, instance:MC.TestSetF@39c0f4a]" name="TC_407_MC_FF_C" duration-ms="55099" started-at="2018-02-05T21:37:53Z" finished-at="2018-02-05T21:38:48Z">
          <reporter-output>
          </reporter-output>
        </test-method> <!-- TC_407_MC_FF_C -->
        <test-method status="PASS" signature="SetUpPreDataMethod()[pri:0, instance:MC.TestSetF@39c0f4a]" name="SetUpPreDataMethod" is-config="true" duration-ms="812" started-at="2018-02-05T21:38:48Z" finished-at="2018-02-05T21:38:49Z">
          <reporter-output>
          </reporter-output>
        </test-method> <!-- SetUpPreDataMethod -->
        <test-method status="PASS" signature="TC_408_MC_ME_A()[pri:0, instance:MC.TestSetF@39c0f4a]" name="TC_408_MC_ME_A" duration-ms="39601" started-at="2018-02-05T21:38:49Z" finished-at="2018-02-05T21:39:29Z">
          <reporter-output>
          </reporter-output>
        </test-method> <!-- TC_408_MC_ME_A -->
        <test-method status="PASS" signature="SetUpPreDataMethod()[pri:0, instance:MC.TestSetF@39c0f4a]" name="SetUpPreDataMethod" is-config="true" duration-ms="859" started-at="2018-02-05T21:39:29Z" finished-at="2018-02-05T21:39:30Z">
          <reporter-output>
          </reporter-output>
        </test-method> <!-- SetUpPreDataMethod -->
        <test-method status="PASS" signature="TC_409_MC_ME_B()[pri:0, instance:MC.TestSetF@39c0f4a]" name="TC_409_MC_ME_B" duration-ms="41364" started-at="2018-02-05T21:39:30Z" finished-at="2018-02-05T21:40:11Z">
          <reporter-output>
          </reporter-output>
        </test-method> <!-- TC_409_MC_ME_B -->
        <test-method status="PASS" signature="SetUpPreDataMethod()[pri:0, instance:MC.TestSetF@39c0f4a]" name="SetUpPreDataMethod" is-config="true" duration-ms="910" started-at="2018-02-05T21:40:11Z" finished-at="2018-02-05T21:40:12Z">
          <reporter-output>
          </reporter-output>
        </test-method> <!-- SetUpPreDataMethod -->
        <test-method status="PASS" signature="TC_411_DownAndUPonly_CHROME()[pri:0, instance:MC.TestSetF@39c0f4a]" name="TC_411_DownAndUPonly_CHROME" duration-ms="65312" started-at="2018-02-05T21:40:12Z" finished-at="2018-02-05T21:41:17Z">
          <reporter-output>
          </reporter-output>
        </test-method> <!-- TC_411_DownAndUPonly_CHROME -->
        <test-method status="PASS" signature="SetUpPreDataMethod()[pri:0, instance:MC.TestSetF@39c0f4a]" name="SetUpPreDataMethod" is-config="true" duration-ms="1109" started-at="2018-02-05T21:41:17Z" finished-at="2018-02-05T21:41:18Z">
          <reporter-output>
          </reporter-output>
        </test-method> <!-- SetUpPreDataMethod -->
        <test-method status="PASS" signature="TC_412_DownAndUPonly_FF()[pri:0, instance:MC.TestSetF@39c0f4a]" name="TC_412_DownAndUPonly_FF" duration-ms="68285" started-at="2018-02-05T21:41:18Z" finished-at="2018-02-05T21:42:27Z">
          <reporter-output>
          </reporter-output>
        </test-method> <!-- TC_412_DownAndUPonly_FF -->
        <test-method status="PASS" signature="SetUpPreDataMethod()[pri:0, instance:MC.TestSetF@39c0f4a]" name="SetUpPreDataMethod" is-config="true" duration-ms="813" started-at="2018-02-05T21:42:27Z" finished-at="2018-02-05T21:42:27Z">
          <reporter-output>
          </reporter-output>
        </test-method> <!-- SetUpPreDataMethod -->
        <test-method status="PASS" signature="TC_413_DownAndUPonly_ME()[pri:0, instance:MC.TestSetF@39c0f4a]" name="TC_413_DownAndUPonly_ME" duration-ms="59636" started-at="2018-02-05T21:42:27Z" finished-at="2018-02-05T21:43:27Z">
          <reporter-output>
          </reporter-output>
        </test-method> <!-- TC_413_DownAndUPonly_ME -->
      </class> <!-- MC.TestSetF -->
      <class name="levis.TestSetH">
        <test-method status="PASS" signature="SetUpPreDataMethod()[pri:0, instance:levis.TestSetH@42e26948]" name="SetUpPreDataMethod" is-config="true" duration-ms="1310" started-at="2018-02-05T21:43:58Z" finished-at="2018-02-05T21:44:00Z">
          <reporter-output>
          </reporter-output>
        </test-method> <!-- SetUpPreDataMethod -->
        <test-method status="PASS" signature="TC101_MouseOver_OnMajorElements()[pri:0, instance:levis.TestSetH@42e26948]" name="TC101_MouseOver_OnMajorElements" duration-ms="60011" started-at="2018-02-05T21:44:00Z" finished-at="2018-02-05T21:45:00Z">
          <reporter-output>
          </reporter-output>
        </test-method> <!-- TC101_MouseOver_OnMajorElements -->
        <test-method status="PASS" signature="SetUpPreDataMethod()[pri:0, instance:levis.TestSetH@42e26948]" name="SetUpPreDataMethod" is-config="true" duration-ms="817" started-at="2018-02-05T21:45:00Z" finished-at="2018-02-05T21:45:00Z">
          <reporter-output>
          </reporter-output>
        </test-method> <!-- SetUpPreDataMethod -->
        <test-method status="PASS" signature="TC_102_scrollUpAndDown()[pri:0, instance:levis.TestSetH@42e26948]" name="TC_102_scrollUpAndDown" duration-ms="79565" started-at="2018-02-05T21:45:00Z" finished-at="2018-02-05T21:46:20Z">
          <reporter-output>
          </reporter-output>
        </test-method> <!-- TC_102_scrollUpAndDown -->
        <test-method status="PASS" signature="SetUpPreDataMethod()[pri:0, instance:levis.TestSetH@42e26948]" name="SetUpPreDataMethod" is-config="true" duration-ms="710" started-at="2018-02-05T21:46:20Z" finished-at="2018-02-05T21:46:21Z">
          <reporter-output>
          </reporter-output>
        </test-method> <!-- SetUpPreDataMethod -->
        <test-method status="FAIL" signature="TC_103_womens_dress()[pri:0, instance:levis.TestSetH@42e26948]" name="TC_103_womens_dress" duration-ms="43576" started-at="2018-02-05T21:46:21Z" finished-at="2018-02-05T21:47:04Z">
          <exception class="org.openqa.selenium.ElementNotInteractableException">
            <message>
              <![CDATA[Element <a id="Levi_Women_Dresses" class="" href="/US/en_US/category/women/clothing/dresses-skirts/all"> could not be scrolled into view
Build info: version: '3.6.0', revision: '6fbf3ec767', time: '2017-09-27T16:15:40.131Z'
System info: host: 'DESKTOP-75OLIUH', ip: '192.168.112.1', os.name: 'Windows 10', os.arch: 'amd64', os.version: '10.0', java.version: '1.8.0_144'
Driver info: org.openqa.selenium.firefox.FirefoxDriver
Capabilities [{moz:profile=C:\Users\imran\AppData\Local\Temp\rust_mozprofile.SM4vOepQYvUi, rotatable=false, timeouts={implicit=0, pageLoad=300000, script=30000}, pageLoadStrategy=normal, moz:headless=false, platform=XP, moz:accessibilityChecks=false, acceptInsecureCerts=true, browserVersion=58.0.1, platformVersion=10.0, moz:processID=10664, browserName=firefox, javascriptEnabled=true, platformName=XP, moz:webdriverClick=true}]
Session ID: 7b44e3a7-700e-45fe-980b-ca1fb1e03741]]>
            </message>
            <full-stacktrace>
              <![CDATA[org.openqa.selenium.ElementNotInteractableException: Element <a id="Levi_Women_Dresses" class="" href="/US/en_US/category/women/clothing/dresses-skirts/all"> could not be scrolled into view
Build info: version: '3.6.0', revision: '6fbf3ec767', time: '2017-09-27T16:15:40.131Z'
System info: host: 'DESKTOP-75OLIUH', ip: '192.168.112.1', os.name: 'Windows 10', os.arch: 'amd64', os.version: '10.0', java.version: '1.8.0_144'
Driver info: org.openqa.selenium.firefox.FirefoxDriver
Capabilities [{moz:profile=C:\Users\imran\AppData\Local\Temp\rust_mozprofile.SM4vOepQYvUi, rotatable=false, timeouts={implicit=0, pageLoad=300000, script=30000}, pageLoadStrategy=normal, moz:headless=false, platform=XP, moz:accessibilityChecks=false, acceptInsecureCerts=true, browserVersion=58.0.1, platformVersion=10.0, moz:processID=10664, browserName=firefox, javascriptEnabled=true, platformName=XP, moz:webdriverClick=true}]
Session ID: 7b44e3a7-700e-45fe-980b-ca1fb1e03741
	at sun.reflect.NativeConstructorAccessorImpl.newInstance0(Native Method)
	at sun.reflect.NativeConstructorAccessorImpl.newInstance(Unknown Source)
	at sun.reflect.DelegatingConstructorAccessorImpl.newInstance(Unknown Source)
	at java.lang.reflect.Constructor.newInstance(Unknown Source)
	at org.openqa.selenium.remote.http.W3CHttpResponseCodec.createException(W3CHttpResponseCodec.java:185)
	at org.openqa.selenium.remote.http.W3CHttpResponseCodec.decode(W3CHttpResponseCodec.java:120)
	at org.openqa.selenium.remote.http.W3CHttpResponseCodec.decode(W3CHttpResponseCodec.java:49)
	at org.openqa.selenium.remote.HttpCommandExecutor.execute(HttpCommandExecutor.java:164)
	at org.openqa.selenium.remote.service.DriverCommandExecutor.execute(DriverCommandExecutor.java:83)
	at org.openqa.selenium.remote.RemoteWebDriver.execute(RemoteWebDriver.java:586)
	at org.openqa.selenium.remote.RemoteWebElement.execute(RemoteWebElement.java:279)
	at org.openqa.selenium.remote.RemoteWebElement.click(RemoteWebElement.java:83)
	at levis.TestSetH.TC_103_womens_dress(TestSetH.java:123)
	at sun.reflect.NativeMethodAccessorImpl.invoke0(Native Method)
	at sun.reflect.NativeMethodAccessorImpl.invoke(Unknown Source)
	at sun.reflect.DelegatingMethodAccessorImpl.invoke(Unknown Source)
	at java.lang.reflect.Method.invoke(Unknown Source)
	at org.testng.internal.MethodInvocationHelper.invokeMethod(MethodInvocationHelper.java:108)
	at org.testng.internal.Invoker.invokeMethod(Invoker.java:661)
	at org.testng.internal.Invoker.invokeTestMethod(Invoker.java:869)
	at org.testng.internal.Invoker.invokeTestMethods(Invoker.java:1193)
	at org.testng.internal.TestMethodWorker.invokeTestMethods(TestMethodWorker.java:126)
	at org.testng.internal.TestMethodWorker.run(TestMethodWorker.java:109)
	at org.testng.TestRunner.privateRun(TestRunner.java:744)
	at org.testng.TestRunner.run(TestRunner.java:602)
	at org.testng.SuiteRunner.runTest(SuiteRunner.java:380)
	at org.testng.SuiteRunner.runSequentially(SuiteRunner.java:375)
	at org.testng.SuiteRunner.privateRun(SuiteRunner.java:340)
	at org.testng.SuiteRunner.run(SuiteRunner.java:289)
	at org.testng.SuiteRunnerWorker.runSuite(SuiteRunnerWorker.java:52)
	at org.testng.SuiteRunnerWorker.run(SuiteRunnerWorker.java:86)
	at org.testng.TestNG.runSuitesSequentially(TestNG.java:1301)
	at org.testng.TestNG.runSuitesLocally(TestNG.java:1226)
	at org.testng.TestNG.runSuites(TestNG.java:1144)
	at org.testng.TestNG.run(TestNG.java:1115)
	at org.testng.remote.AbstractRemoteTestNG.run(AbstractRemoteTestNG.java:126)
	at org.testng.remote.RemoteTestNG.initAndRun(RemoteTestNG.java:137)
	at org.testng.remote.RemoteTestNG.main(RemoteTestNG.java:58)
]]>
            </full-stacktrace>
          </exception> <!-- org.openqa.selenium.ElementNotInteractableException -->
          <reporter-output>
          </reporter-output>
        </test-method> <!-- TC_103_womens_dress -->
        <test-method status="PASS" signature="SetUpPreDataMethod()[pri:0, instance:levis.TestSetH@42e26948]" name="SetUpPreDataMethod" is-config="true" duration-ms="662" started-at="2018-02-05T21:47:04Z" finished-at="2018-02-05T21:47:05Z">
          <reporter-output>
          </reporter-output>
        </test-method> <!-- SetUpPreDataMethod -->
        <test-method status="FAIL" signature="TC_104_FindStoresMap()[pri:0, instance:levis.TestSetH@42e26948]" name="TC_104_FindStoresMap" duration-ms="40461" started-at="2018-02-05T21:47:05Z" finished-at="2018-02-05T21:47:45Z">
          <exception class="org.openqa.selenium.ElementClickInterceptedException">
            <message>
              <![CDATA[Element <a id="storeTopNav" href="http://locations.levi.com"> is not clickable at point (868.6416549682617,19) because another element <div class="backdrop"> obscures it
Build info: version: '3.6.0', revision: '6fbf3ec767', time: '2017-09-27T16:15:40.131Z'
System info: host: 'DESKTOP-75OLIUH', ip: '192.168.112.1', os.name: 'Windows 10', os.arch: 'amd64', os.version: '10.0', java.version: '1.8.0_144'
Driver info: org.openqa.selenium.firefox.FirefoxDriver
Capabilities [{moz:profile=C:\Users\imran\AppData\Local\Temp\rust_mozprofile.Tp4pVS4oyRjE, rotatable=false, timeouts={implicit=0, pageLoad=300000, script=30000}, pageLoadStrategy=normal, moz:headless=false, platform=XP, moz:accessibilityChecks=false, acceptInsecureCerts=true, browserVersion=58.0.1, platformVersion=10.0, moz:processID=2844, browserName=firefox, javascriptEnabled=true, platformName=XP, moz:webdriverClick=true}]
Session ID: 4602157d-679c-40f6-8770-65332833fb4c]]>
            </message>
            <full-stacktrace>
              <![CDATA[org.openqa.selenium.ElementClickInterceptedException: Element <a id="storeTopNav" href="http://locations.levi.com"> is not clickable at point (868.6416549682617,19) because another element <div class="backdrop"> obscures it
Build info: version: '3.6.0', revision: '6fbf3ec767', time: '2017-09-27T16:15:40.131Z'
System info: host: 'DESKTOP-75OLIUH', ip: '192.168.112.1', os.name: 'Windows 10', os.arch: 'amd64', os.version: '10.0', java.version: '1.8.0_144'
Driver info: org.openqa.selenium.firefox.FirefoxDriver
Capabilities [{moz:profile=C:\Users\imran\AppData\Local\Temp\rust_mozprofile.Tp4pVS4oyRjE, rotatable=false, timeouts={implicit=0, pageLoad=300000, script=30000}, pageLoadStrategy=normal, moz:headless=false, platform=XP, moz:accessibilityChecks=false, acceptInsecureCerts=true, browserVersion=58.0.1, platformVersion=10.0, moz:processID=2844, browserName=firefox, javascriptEnabled=true, platformName=XP, moz:webdriverClick=true}]
Session ID: 4602157d-679c-40f6-8770-65332833fb4c
	at sun.reflect.NativeConstructorAccessorImpl.newInstance0(Native Method)
	at sun.reflect.NativeConstructorAccessorImpl.newInstance(Unknown Source)
	at sun.reflect.DelegatingConstructorAccessorImpl.newInstance(Unknown Source)
	at java.lang.reflect.Constructor.newInstance(Unknown Source)
	at org.openqa.selenium.remote.http.W3CHttpResponseCodec.createException(W3CHttpResponseCodec.java:185)
	at org.openqa.selenium.remote.http.W3CHttpResponseCodec.decode(W3CHttpResponseCodec.java:120)
	at org.openqa.selenium.remote.http.W3CHttpResponseCodec.decode(W3CHttpResponseCodec.java:49)
	at org.openqa.selenium.remote.HttpCommandExecutor.execute(HttpCommandExecutor.java:164)
	at org.openqa.selenium.remote.service.DriverCommandExecutor.execute(DriverCommandExecutor.java:83)
	at org.openqa.selenium.remote.RemoteWebDriver.execute(RemoteWebDriver.java:586)
	at org.openqa.selenium.remote.RemoteWebElement.execute(RemoteWebElement.java:279)
	at org.openqa.selenium.remote.RemoteWebElement.click(RemoteWebElement.java:83)
	at levis.TestSetH.TC_104_FindStoresMap(TestSetH.java:152)
	at sun.reflect.NativeMethodAccessorImpl.invoke0(Native Method)
	at sun.reflect.NativeMethodAccessorImpl.invoke(Unknown Source)
	at sun.reflect.DelegatingMethodAccessorImpl.invoke(Unknown Source)
	at java.lang.reflect.Method.invoke(Unknown Source)
	at org.testng.internal.MethodInvocationHelper.invokeMethod(MethodInvocationHelper.java:108)
	at org.testng.internal.Invoker.invokeMethod(Invoker.java:661)
	at org.testng.internal.Invoker.invokeTestMethod(Invoker.java:869)
	at org.testng.internal.Invoker.invokeTestMethods(Invoker.java:1193)
	at org.testng.internal.TestMethodWorker.invokeTestMethods(TestMethodWorker.java:126)
	at org.testng.internal.TestMethodWorker.run(TestMethodWorker.java:109)
	at org.testng.TestRunner.privateRun(TestRunner.java:744)
	at org.testng.TestRunner.run(TestRunner.java:602)
	at org.testng.SuiteRunner.runTest(SuiteRunner.java:380)
	at org.testng.SuiteRunner.runSequentially(SuiteRunner.java:375)
	at org.testng.SuiteRunner.privateRun(SuiteRunner.java:340)
	at org.testng.SuiteRunner.run(SuiteRunner.java:289)
	at org.testng.SuiteRunnerWorker.runSuite(SuiteRunnerWorker.java:52)
	at org.testng.SuiteRunnerWorker.run(SuiteRunnerWorker.java:86)
	at org.testng.TestNG.runSuitesSequentially(TestNG.java:1301)
	at org.testng.TestNG.runSuitesLocally(TestNG.java:1226)
	at org.testng.TestNG.runSuites(TestNG.java:1144)
	at org.testng.TestNG.run(TestNG.java:1115)
	at org.testng.remote.AbstractRemoteTestNG.run(AbstractRemoteTestNG.java:126)
	at org.testng.remote.RemoteTestNG.initAndRun(RemoteTestNG.java:137)
	at org.testng.remote.RemoteTestNG.main(RemoteTestNG.java:58)
]]>
            </full-stacktrace>
          </exception> <!-- org.openqa.selenium.ElementClickInterceptedException -->
          <reporter-output>
          </reporter-output>
        </test-method> <!-- TC_104_FindStoresMap -->
        <test-method status="PASS" signature="SetUpPreDataMethod()[pri:0, instance:levis.TestSetH@42e26948]" name="SetUpPreDataMethod" is-config="true" duration-ms="614" started-at="2018-02-05T21:47:45Z" finished-at="2018-02-05T21:47:46Z">
          <reporter-output>
          </reporter-output>
        </test-method> <!-- SetUpPreDataMethod -->
        <test-method status="PASS" signature="TC_105_HighlightAllLinks()[pri:0, instance:levis.TestSetH@42e26948]" name="TC_105_HighlightAllLinks" duration-ms="60024" started-at="2018-02-05T21:47:46Z" finished-at="2018-02-05T21:48:46Z">
          <reporter-output>
          </reporter-output>
        </test-method> <!-- TC_105_HighlightAllLinks -->
      </class> <!-- levis.TestSetH -->
      <class name="afterLoginIn.TestSetA">
        <test-method status="PASS" signature="SetUpPreDataMethod()[pri:0, instance:afterLoginIn.TestSetA@6a4f787b]" name="SetUpPreDataMethod" is-config="true" duration-ms="154" started-at="2018-02-05T20:39:07Z" finished-at="2018-02-05T20:39:07Z">
          <reporter-output>
          </reporter-output>
        </test-method> <!-- SetUpPreDataMethod -->
        <test-method status="FAIL" signature="TC_401_Login_And_LogOut()[pri:0, instance:afterLoginIn.TestSetA@6a4f787b]" name="TC_401_Login_And_LogOut" duration-ms="30591" started-at="2018-02-05T20:39:07Z" finished-at="2018-02-05T20:39:38Z">
          <exception class="org.openqa.selenium.NoSuchElementException">
            <message>
              <![CDATA[no such element: Unable to locate element: {"method":"id","selector":"nav-link-accountList"}
  (Session info: chrome=63.0.3239.132)
  (Driver info: chromedriver=2.32.498550 (9dec58e66c31bcc53a9ce3c7226f0c1c5810906a),platform=Windows NT 10.0.16299 x86_64) (WARNING: The server did not provide any stacktrace information)
Command duration or timeout: 0 milliseconds
For documentation on this error, please visit: http://seleniumhq.org/exceptions/no_such_element.html
Build info: version: '3.6.0', revision: '6fbf3ec767', time: '2017-09-27T16:15:40.131Z'
System info: host: 'DESKTOP-75OLIUH', ip: '192.168.112.1', os.name: 'Windows 10', os.arch: 'amd64', os.version: '10.0', java.version: '1.8.0_144'
Driver info: org.openqa.selenium.chrome.ChromeDriver
Capabilities [{mobileEmulationEnabled=false, hasTouchScreen=false, platform=XP, acceptSslCerts=true, webStorageEnabled=true, browserName=chrome, takesScreenshot=true, javascriptEnabled=true, platformName=XP, setWindowRect=true, unexpectedAlertBehaviour=, applicationCacheEnabled=false, rotatable=false, networkConnectionEnabled=false, chrome={chromedriverVersion=2.32.498550 (9dec58e66c31bcc53a9ce3c7226f0c1c5810906a), userDataDir=C:\Users\imran\AppData\Local\Temp\scoped_dir11852_10185}, takesHeapSnapshot=true, pageLoadStrategy=normal, unhandledPromptBehavior=, databaseEnabled=false, handlesAlerts=true, version=63.0.3239.132, browserConnectionEnabled=false, nativeEvents=true, locationContextEnabled=true, cssSelectorsEnabled=true}]
Session ID: 6ee6ad756fa95760d2ad308261465449
*** Element info: {Using=id, value=nav-link-accountList}]]>
            </message>
            <full-stacktrace>
              <![CDATA[org.openqa.selenium.NoSuchElementException: no such element: Unable to locate element: {"method":"id","selector":"nav-link-accountList"}
  (Session info: chrome=63.0.3239.132)
  (Driver info: chromedriver=2.32.498550 (9dec58e66c31bcc53a9ce3c7226f0c1c5810906a),platform=Windows NT 10.0.16299 x86_64) (WARNING: The server did not provide any stacktrace information)
Command duration or timeout: 0 milliseconds
For documentation on this error, please visit: http://seleniumhq.org/exceptions/no_such_element.html
Build info: version: '3.6.0', revision: '6fbf3ec767', time: '2017-09-27T16:15:40.131Z'
System info: host: 'DESKTOP-75OLIUH', ip: '192.168.112.1', os.name: 'Windows 10', os.arch: 'amd64', os.version: '10.0', java.version: '1.8.0_144'
Driver info: org.openqa.selenium.chrome.ChromeDriver
Capabilities [{mobileEmulationEnabled=false, hasTouchScreen=false, platform=XP, acceptSslCerts=true, webStorageEnabled=true, browserName=chrome, takesScreenshot=true, javascriptEnabled=true, platformName=XP, setWindowRect=true, unexpectedAlertBehaviour=, applicationCacheEnabled=false, rotatable=false, networkConnectionEnabled=false, chrome={chromedriverVersion=2.32.498550 (9dec58e66c31bcc53a9ce3c7226f0c1c5810906a), userDataDir=C:\Users\imran\AppData\Local\Temp\scoped_dir11852_10185}, takesHeapSnapshot=true, pageLoadStrategy=normal, unhandledPromptBehavior=, databaseEnabled=false, handlesAlerts=true, version=63.0.3239.132, browserConnectionEnabled=false, nativeEvents=true, locationContextEnabled=true, cssSelectorsEnabled=true}]
Session ID: 6ee6ad756fa95760d2ad308261465449
*** Element info: {Using=id, value=nav-link-accountList}
	at sun.reflect.NativeConstructorAccessorImpl.newInstance0(Native Method)
	at sun.reflect.NativeConstructorAccessorImpl.newInstance(Unknown Source)
	at sun.reflect.DelegatingConstructorAccessorImpl.newInstance(Unknown Source)
	at java.lang.reflect.Constructor.newInstance(Unknown Source)
	at org.openqa.selenium.remote.ErrorHandler.createThrowable(ErrorHandler.java:214)
	at org.openqa.selenium.remote.ErrorHandler.throwIfResponseFailed(ErrorHandler.java:166)
	at org.openqa.selenium.remote.http.JsonHttpResponseCodec.reconstructValue(JsonHttpResponseCodec.java:40)
	at org.openqa.selenium.remote.http.AbstractHttpResponseCodec.decode(AbstractHttpResponseCodec.java:82)
	at org.openqa.selenium.remote.http.AbstractHttpResponseCodec.decode(AbstractHttpResponseCodec.java:45)
	at org.openqa.selenium.remote.HttpCommandExecutor.execute(HttpCommandExecutor.java:164)
	at org.openqa.selenium.remote.service.DriverCommandExecutor.execute(DriverCommandExecutor.java:83)
	at org.openqa.selenium.remote.RemoteWebDriver.execute(RemoteWebDriver.java:586)
	at org.openqa.selenium.remote.RemoteWebDriver.findElement(RemoteWebDriver.java:356)
	at org.openqa.selenium.remote.RemoteWebDriver.findElementById(RemoteWebDriver.java:402)
	at org.openqa.selenium.By$ById.findElement(By.java:218)
	at org.openqa.selenium.remote.RemoteWebDriver.findElement(RemoteWebDriver.java:348)
	at afterLoginIn.TestSetA.TC_401_Login_And_LogOut(TestSetA.java:49)
	at sun.reflect.NativeMethodAccessorImpl.invoke0(Native Method)
	at sun.reflect.NativeMethodAccessorImpl.invoke(Unknown Source)
	at sun.reflect.DelegatingMethodAccessorImpl.invoke(Unknown Source)
	at java.lang.reflect.Method.invoke(Unknown Source)
	at org.testng.internal.MethodInvocationHelper.invokeMethod(MethodInvocationHelper.java:108)
	at org.testng.internal.Invoker.invokeMethod(Invoker.java:661)
	at org.testng.internal.Invoker.invokeTestMethod(Invoker.java:869)
	at org.testng.internal.Invoker.invokeTestMethods(Invoker.java:1193)
	at org.testng.internal.TestMethodWorker.invokeTestMethods(TestMethodWorker.java:126)
	at org.testng.internal.TestMethodWorker.run(TestMethodWorker.java:109)
	at org.testng.TestRunner.privateRun(TestRunner.java:744)
	at org.testng.TestRunner.run(TestRunner.java:602)
	at org.testng.SuiteRunner.runTest(SuiteRunner.java:380)
	at org.testng.SuiteRunner.runSequentially(SuiteRunner.java:375)
	at org.testng.SuiteRunner.privateRun(SuiteRunner.java:340)
	at org.testng.SuiteRunner.run(SuiteRunner.java:289)
	at org.testng.SuiteRunnerWorker.runSuite(SuiteRunnerWorker.java:52)
	at org.testng.SuiteRunnerWorker.run(SuiteRunnerWorker.java:86)
	at org.testng.TestNG.runSuitesSequentially(TestNG.java:1301)
	at org.testng.TestNG.runSuitesLocally(TestNG.java:1226)
	at org.testng.TestNG.runSuites(TestNG.java:1144)
	at org.testng.TestNG.run(TestNG.java:1115)
	at org.testng.remote.AbstractRemoteTestNG.run(AbstractRemoteTestNG.java:126)
	at org.testng.remote.RemoteTestNG.initAndRun(RemoteTestNG.java:137)
	at org.testng.remote.RemoteTestNG.main(RemoteTestNG.java:58)
]]>
            </full-stacktrace>
          </exception> <!-- org.openqa.selenium.NoSuchElementException -->
          <reporter-output>
          </reporter-output>
        </test-method> <!-- TC_401_Login_And_LogOut -->
        <test-method status="PASS" signature="SetUpPreDataMethod()[pri:0, instance:afterLoginIn.TestSetA@6a4f787b]" name="SetUpPreDataMethod" is-config="true" duration-ms="203" started-at="2018-02-05T20:39:38Z" finished-at="2018-02-05T20:39:38Z">
          <reporter-output>
          </reporter-output>
        </test-method> <!-- SetUpPreDataMethod -->
        <test-method status="FAIL" signature="TC_402_Login_NegativeTest()[pri:0, instance:afterLoginIn.TestSetA@6a4f787b]" name="TC_402_Login_NegativeTest" duration-ms="16559" started-at="2018-02-05T20:39:38Z" finished-at="2018-02-05T20:39:55Z">
          <exception class="org.openqa.selenium.NoSuchElementException">
            <message>
              <![CDATA[no such element: Unable to locate element: {"method":"xpath","selector":"//*[@id="auth-error-message-box"]/div/div/ul/li/span"}
  (Session info: chrome=63.0.3239.132)
  (Driver info: chromedriver=2.32.498550 (9dec58e66c31bcc53a9ce3c7226f0c1c5810906a),platform=Windows NT 10.0.16299 x86_64) (WARNING: The server did not provide any stacktrace information)
Command duration or timeout: 0 milliseconds
For documentation on this error, please visit: http://seleniumhq.org/exceptions/no_such_element.html
Build info: version: '3.6.0', revision: '6fbf3ec767', time: '2017-09-27T16:15:40.131Z'
System info: host: 'DESKTOP-75OLIUH', ip: '192.168.112.1', os.name: 'Windows 10', os.arch: 'amd64', os.version: '10.0', java.version: '1.8.0_144'
Driver info: org.openqa.selenium.chrome.ChromeDriver
Capabilities [{mobileEmulationEnabled=false, hasTouchScreen=false, platform=XP, acceptSslCerts=true, webStorageEnabled=true, browserName=chrome, takesScreenshot=true, javascriptEnabled=true, platformName=XP, setWindowRect=true, unexpectedAlertBehaviour=, applicationCacheEnabled=false, rotatable=false, networkConnectionEnabled=false, chrome={chromedriverVersion=2.32.498550 (9dec58e66c31bcc53a9ce3c7226f0c1c5810906a), userDataDir=C:\Users\imran\AppData\Local\Temp\scoped_dir6256_7063}, takesHeapSnapshot=true, pageLoadStrategy=normal, unhandledPromptBehavior=, databaseEnabled=false, handlesAlerts=true, version=63.0.3239.132, browserConnectionEnabled=false, nativeEvents=true, locationContextEnabled=true, cssSelectorsEnabled=true}]
Session ID: d1f65f619fc9cb8f28c97c487762d004
*** Element info: {Using=xpath, value=//*[@id="auth-error-message-box"]/div/div/ul/li/span}]]>
            </message>
            <full-stacktrace>
              <![CDATA[org.openqa.selenium.NoSuchElementException: no such element: Unable to locate element: {"method":"xpath","selector":"//*[@id="auth-error-message-box"]/div/div/ul/li/span"}
  (Session info: chrome=63.0.3239.132)
  (Driver info: chromedriver=2.32.498550 (9dec58e66c31bcc53a9ce3c7226f0c1c5810906a),platform=Windows NT 10.0.16299 x86_64) (WARNING: The server did not provide any stacktrace information)
Command duration or timeout: 0 milliseconds
For documentation on this error, please visit: http://seleniumhq.org/exceptions/no_such_element.html
Build info: version: '3.6.0', revision: '6fbf3ec767', time: '2017-09-27T16:15:40.131Z'
System info: host: 'DESKTOP-75OLIUH', ip: '192.168.112.1', os.name: 'Windows 10', os.arch: 'amd64', os.version: '10.0', java.version: '1.8.0_144'
Driver info: org.openqa.selenium.chrome.ChromeDriver
Capabilities [{mobileEmulationEnabled=false, hasTouchScreen=false, platform=XP, acceptSslCerts=true, webStorageEnabled=true, browserName=chrome, takesScreenshot=true, javascriptEnabled=true, platformName=XP, setWindowRect=true, unexpectedAlertBehaviour=, applicationCacheEnabled=false, rotatable=false, networkConnectionEnabled=false, chrome={chromedriverVersion=2.32.498550 (9dec58e66c31bcc53a9ce3c7226f0c1c5810906a), userDataDir=C:\Users\imran\AppData\Local\Temp\scoped_dir6256_7063}, takesHeapSnapshot=true, pageLoadStrategy=normal, unhandledPromptBehavior=, databaseEnabled=false, handlesAlerts=true, version=63.0.3239.132, browserConnectionEnabled=false, nativeEvents=true, locationContextEnabled=true, cssSelectorsEnabled=true}]
Session ID: d1f65f619fc9cb8f28c97c487762d004
*** Element info: {Using=xpath, value=//*[@id="auth-error-message-box"]/div/div/ul/li/span}
	at sun.reflect.NativeConstructorAccessorImpl.newInstance0(Native Method)
	at sun.reflect.NativeConstructorAccessorImpl.newInstance(Unknown Source)
	at sun.reflect.DelegatingConstructorAccessorImpl.newInstance(Unknown Source)
	at java.lang.reflect.Constructor.newInstance(Unknown Source)
	at org.openqa.selenium.remote.ErrorHandler.createThrowable(ErrorHandler.java:214)
	at org.openqa.selenium.remote.ErrorHandler.throwIfResponseFailed(ErrorHandler.java:166)
	at org.openqa.selenium.remote.http.JsonHttpResponseCodec.reconstructValue(JsonHttpResponseCodec.java:40)
	at org.openqa.selenium.remote.http.AbstractHttpResponseCodec.decode(AbstractHttpResponseCodec.java:82)
	at org.openqa.selenium.remote.http.AbstractHttpResponseCodec.decode(AbstractHttpResponseCodec.java:45)
	at org.openqa.selenium.remote.HttpCommandExecutor.execute(HttpCommandExecutor.java:164)
	at org.openqa.selenium.remote.service.DriverCommandExecutor.execute(DriverCommandExecutor.java:83)
	at org.openqa.selenium.remote.RemoteWebDriver.execute(RemoteWebDriver.java:586)
	at org.openqa.selenium.remote.RemoteWebDriver.findElement(RemoteWebDriver.java:356)
	at org.openqa.selenium.remote.RemoteWebDriver.findElementByXPath(RemoteWebDriver.java:458)
	at org.openqa.selenium.By$ByXPath.findElement(By.java:361)
	at org.openqa.selenium.remote.RemoteWebDriver.findElement(RemoteWebDriver.java:348)
	at afterLoginIn.TestSetA.TC_402_Login_NegativeTest(TestSetA.java:78)
	at sun.reflect.NativeMethodAccessorImpl.invoke0(Native Method)
	at sun.reflect.NativeMethodAccessorImpl.invoke(Unknown Source)
	at sun.reflect.DelegatingMethodAccessorImpl.invoke(Unknown Source)
	at java.lang.reflect.Method.invoke(Unknown Source)
	at org.testng.internal.MethodInvocationHelper.invokeMethod(MethodInvocationHelper.java:108)
	at org.testng.internal.Invoker.invokeMethod(Invoker.java:661)
	at org.testng.internal.Invoker.invokeTestMethod(Invoker.java:869)
	at org.testng.internal.Invoker.invokeTestMethods(Invoker.java:1193)
	at org.testng.internal.TestMethodWorker.invokeTestMethods(TestMethodWorker.java:126)
	at org.testng.internal.TestMethodWorker.run(TestMethodWorker.java:109)
	at org.testng.TestRunner.privateRun(TestRunner.java:744)
	at org.testng.TestRunner.run(TestRunner.java:602)
	at org.testng.SuiteRunner.runTest(SuiteRunner.java:380)
	at org.testng.SuiteRunner.runSequentially(SuiteRunner.java:375)
	at org.testng.SuiteRunner.privateRun(SuiteRunner.java:340)
	at org.testng.SuiteRunner.run(SuiteRunner.java:289)
	at org.testng.SuiteRunnerWorker.runSuite(SuiteRunnerWorker.java:52)
	at org.testng.SuiteRunnerWorker.run(SuiteRunnerWorker.java:86)
	at org.testng.TestNG.runSuitesSequentially(TestNG.java:1301)
	at org.testng.TestNG.runSuitesLocally(TestNG.java:1226)
	at org.testng.TestNG.runSuites(TestNG.java:1144)
	at org.testng.TestNG.run(TestNG.java:1115)
	at org.testng.remote.AbstractRemoteTestNG.run(AbstractRemoteTestNG.java:126)
	at org.testng.remote.RemoteTestNG.initAndRun(RemoteTestNG.java:137)
	at org.testng.remote.RemoteTestNG.main(RemoteTestNG.java:58)
]]>
            </full-stacktrace>
          </exception> <!-- org.openqa.selenium.NoSuchElementException -->
          <reporter-output>
          </reporter-output>
        </test-method> <!-- TC_402_Login_NegativeTest -->
        <test-method status="PASS" signature="SetUpPreDataMethod()[pri:0, instance:afterLoginIn.TestSetA@6a4f787b]" name="SetUpPreDataMethod" is-config="true" duration-ms="203" started-at="2018-02-05T20:39:55Z" finished-at="2018-02-05T20:39:55Z">
          <reporter-output>
          </reporter-output>
        </test-method> <!-- SetUpPreDataMethod -->
        <test-method status="PASS" signature="TC_403_VerifyFieldsInLoginPage()[pri:0, instance:afterLoginIn.TestSetA@6a4f787b]" name="TC_403_VerifyFieldsInLoginPage" duration-ms="13580" started-at="2018-02-05T20:39:55Z" finished-at="2018-02-05T20:40:09Z">
          <reporter-output>
          </reporter-output>
        </test-method> <!-- TC_403_VerifyFieldsInLoginPage -->
        <test-method status="PASS" signature="SetUpPreDataMethod()[pri:0, instance:afterLoginIn.TestSetA@6a4f787b]" name="SetUpPreDataMethod" is-config="true" duration-ms="362" started-at="2018-02-05T20:40:09Z" finished-at="2018-02-05T20:40:09Z">
          <reporter-output>
          </reporter-output>
        </test-method> <!-- SetUpPreDataMethod -->
        <test-method status="PASS" signature="TC_404_ToolTip()[pri:0, instance:afterLoginIn.TestSetA@6a4f787b]" name="TC_404_ToolTip" duration-ms="13523" started-at="2018-02-05T20:40:09Z" finished-at="2018-02-05T20:40:23Z">
          <reporter-output>
          </reporter-output>
        </test-method> <!-- TC_404_ToolTip -->
      </class> <!-- afterLoginIn.TestSetA -->
      <class name="automationPractive.TestSetG">
        <test-method status="PASS" signature="SetUpPreDataMethod()[pri:0, instance:automationPractive.TestSetG@1794d431]" name="SetUpPreDataMethod" is-config="true" duration-ms="1015" started-at="2018-02-05T21:43:27Z" finished-at="2018-02-05T21:43:28Z">
          <reporter-output>
          </reporter-output>
        </test-method> <!-- SetUpPreDataMethod -->
        <test-method status="PASS" signature="test_701_display_WebTableCellValues()[pri:0, instance:automationPractive.TestSetG@1794d431]" name="test_701_display_WebTableCellValues" duration-ms="30287" started-at="2018-02-05T21:43:28Z" finished-at="2018-02-05T21:43:58Z">
          <reporter-output>
          </reporter-output>
        </test-method> <!-- test_701_display_WebTableCellValues -->
      </class> <!-- automationPractive.TestSetG -->
      <class name="amazon.TestSetAmazon">
        <test-method status="PASS" signature="SetUpPreDataMethod()[pri:0, instance:amazon.TestSetAmazon@7d9d1a19]" name="SetUpPreDataMethod" is-config="true" duration-ms="203" started-at="2018-02-05T21:15:25Z" finished-at="2018-02-05T21:15:26Z">
          <reporter-output>
          </reporter-output>
        </test-method> <!-- SetUpPreDataMethod -->
        <test-method status="PASS" signature="SearchOnLandingPage()[pri:0, instance:amazon.TestSetAmazon@7d9d1a19]" name="SearchOnLandingPage" duration-ms="113075" started-at="2018-02-05T21:15:26Z" finished-at="2018-02-05T21:17:19Z">
          <reporter-output>
          </reporter-output>
        </test-method> <!-- SearchOnLandingPage -->
        <test-method status="PASS" signature="SetUpPreDataMethod()[pri:0, instance:amazon.TestSetAmazon@7d9d1a19]" name="SetUpPreDataMethod" is-config="true" duration-ms="203" started-at="2018-02-05T21:17:19Z" finished-at="2018-02-05T21:17:19Z">
          <reporter-output>
          </reporter-output>
        </test-method> <!-- SetUpPreDataMethod -->
        <test-method status="FAIL" signature="TC_102()[pri:0, instance:amazon.TestSetAmazon@7d9d1a19]" name="TC_102" duration-ms="635071" started-at="2018-02-05T21:17:19Z" finished-at="2018-02-05T21:27:54Z">
          <exception class="org.openqa.selenium.NoSuchElementException">
            <message>
              <![CDATA[Cannot locate option with index: 50
For documentation on this error, please visit: http://seleniumhq.org/exceptions/no_such_element.html
Build info: version: '3.6.0', revision: '6fbf3ec767', time: '2017-09-27T16:15:40.131Z'
System info: host: 'DESKTOP-75OLIUH', ip: '192.168.112.1', os.name: 'Windows 10', os.arch: 'amd64', os.version: '10.0', java.version: '1.8.0_144'
Driver info: driver.version: unknown]]>
            </message>
            <full-stacktrace>
              <![CDATA[org.openqa.selenium.NoSuchElementException: Cannot locate option with index: 50
For documentation on this error, please visit: http://seleniumhq.org/exceptions/no_such_element.html
Build info: version: '3.6.0', revision: '6fbf3ec767', time: '2017-09-27T16:15:40.131Z'
System info: host: 'DESKTOP-75OLIUH', ip: '192.168.112.1', os.name: 'Windows 10', os.arch: 'amd64', os.version: '10.0', java.version: '1.8.0_144'
Driver info: driver.version: unknown
	at org.openqa.selenium.support.ui.Select.selectByIndex(Select.java:183)
	at amazon.TestSetAmazon.TC_102(TestSetAmazon.java:94)
	at sun.reflect.NativeMethodAccessorImpl.invoke0(Native Method)
	at sun.reflect.NativeMethodAccessorImpl.invoke(Unknown Source)
	at sun.reflect.DelegatingMethodAccessorImpl.invoke(Unknown Source)
	at java.lang.reflect.Method.invoke(Unknown Source)
	at org.testng.internal.MethodInvocationHelper.invokeMethod(MethodInvocationHelper.java:108)
	at org.testng.internal.Invoker.invokeMethod(Invoker.java:661)
	at org.testng.internal.Invoker.invokeTestMethod(Invoker.java:869)
	at org.testng.internal.Invoker.invokeTestMethods(Invoker.java:1193)
	at org.testng.internal.TestMethodWorker.invokeTestMethods(TestMethodWorker.java:126)
	at org.testng.internal.TestMethodWorker.run(TestMethodWorker.java:109)
[...]
          <reporter-output>
          </reporter-output>
        </test-method> <!-- aftermethod -->
        <test-method status="PASS" signature="SetUpPreDataMethod()[pri:0, instance:facebook.testSetD@7cd62f43]" name="SetUpPreDataMethod" is-config="true" duration-ms="705" started-at="2018-02-05T20:57:39Z" finished-at="2018-02-05T20:57:40Z">
          <reporter-output>
          </reporter-output>
        </test-method> <!-- SetUpPreDataMethod -->
        <test-method status="PASS" signature="LoginAndLogout_Firefox()[pri:0, instance:facebook.testSetD@7cd62f43]" name="LoginAndLogout_Firefox" duration-ms="62930" started-at="2018-02-05T20:57:40Z" finished-at="2018-02-05T20:58:43Z">
          <reporter-output>
          </reporter-output>
        </test-method> <!-- LoginAndLogout_Firefox -->
        <test-method status="PASS" signature="aftermethod()[pri:0, instance:facebook.testSetD@7cd62f43]" name="aftermethod" is-config="true" duration-ms="725" started-at="2018-02-05T20:58:43Z" finished-at="2018-02-05T20:58:43Z">
          <reporter-output>
          </reporter-output>
        </test-method> <!-- aftermethod -->
        <test-method status="PASS" signature="SetUpPreDataMethod()[pri:0, instance:facebook.testSetD@7cd62f43]" name="SetUpPreDataMethod" is-config="true" duration-ms="710" started-at="2018-02-05T20:58:43Z" finished-at="2018-02-05T20:58:44Z">
          <reporter-output>
          </reporter-output>
        </test-method> <!-- SetUpPreDataMethod -->
        <test-method status="FAIL" signature="LoginAndLogout_IE()[pri:0, instance:facebook.testSetD@7cd62f43]" name="LoginAndLogout_IE" duration-ms="29020" started-at="2018-02-05T20:58:44Z" finished-at="2018-02-05T20:59:13Z">
          <exception class="org.openqa.selenium.NoSuchElementException">
            <message>
              <![CDATA[Unable to find element with css selector == #email
For documentation on this error, please visit: http://seleniumhq.org/exceptions/no_such_element.html
Build info: version: '3.6.0', revision: '6fbf3ec767', time: '2017-09-27T16:15:40.131Z'
System info: host: 'DESKTOP-75OLIUH', ip: '192.168.112.1', os.name: 'Windows 10', os.arch: 'amd64', os.version: '10.0', java.version: '1.8.0_144'
Driver info: org.openqa.selenium.ie.InternetExplorerDriver
Capabilities [{acceptInsecureCerts=false, browserVersion=11, se:ieOptions={nativeEvents=true, browserAttachTimeout=0, ie.ensureCleanSession=false, elementScrollBehavior=0, enablePersistentHover=true, ie.browserCommandLineSwitches=, ie.forceCreateProcessApi=false, requireWindowFocus=false, initialBrowserUrl=http://localhost:22793/, ignoreZoomSetting=false, ie.fileUploadDialogTimeout=3000, ignoreProtectedModeSettings=false}, browserName=internet explorer, pageLoadStrategy=normal, javascriptEnabled=true, platformName=WINDOWS, setWindowRect=true, platform=WINDOWS}]
Session ID: 570df4df-0c68-46e6-892c-12df72f15bed
*** Element info: {Using=id, value=email}]]>
            </message>
            <full-stacktrace>
              <![CDATA[org.openqa.selenium.NoSuchElementException: Unable to find element with css selector == #email
For documentation on this error, please visit: http://seleniumhq.org/exceptions/no_such_element.html
Build info: version: '3.6.0', revision: '6fbf3ec767', time: '2017-09-27T16:15:40.131Z'
System info: host: 'DESKTOP-75OLIUH', ip: '192.168.112.1', os.name: 'Windows 10', os.arch: 'amd64', os.version: '10.0', java.version: '1.8.0_144'
Driver info: org.openqa.selenium.ie.InternetExplorerDriver
Capabilities [{acceptInsecureCerts=false, browserVersion=11, se:ieOptions={nativeEvents=true, browserAttachTimeout=0, ie.ensureCleanSession=false, elementScrollBehavior=0, enablePersistentHover=true, ie.browserCommandLineSwitches=, ie.forceCreateProcessApi=false, requireWindowFocus=false, initialBrowserUrl=http://localhost:22793/, ignoreZoomSetting=false, ie.fileUploadDialogTimeout=3000, ignoreProtectedModeSettings=false}, browserName=internet explorer, pageLoadStrategy=normal, javascriptEnabled=true, platformName=WINDOWS, setWindowRect=true, platform=WINDOWS}]
Session ID: 570df4df-0c68-46e6-892c-12df72f15bed
*** Element info: {Using=id, value=email}
	at sun.reflect.NativeConstructorAccessorImpl.newInstance0(Native Method)
	at sun.reflect.NativeConstructorAccessorImpl.newInstance(Unknown Source)
	at sun.reflect.DelegatingConstructorAccessorImpl.newInstance(Unknown Source)
	at java.lang.reflect.Constructor.newInstance(Unknown Source)
	at org.openqa.selenium.remote.http.W3CHttpResponseCodec.createException(W3CHttpResponseCodec.java:185)
	at org.openqa.selenium.remote.http.W3CHttpResponseCodec.decode(W3CHttpResponseCodec.java:120)
	at org.openqa.selenium.remote.http.W3CHttpResponseCodec.decode(W3CHttpResponseCodec.java:49)
	at org.openqa.selenium.remote.HttpCommandExecutor.execute(HttpCommandExecutor.java:164)
	at org.openqa.selenium.remote.service.DriverCommandExecutor.execute(DriverCommandExecutor.java:83)
	at org.openqa.selenium.remote.RemoteWebDriver.execute(RemoteWebDriver.java:586)
	at org.openqa.selenium.remote.RemoteWebDriver.findElement(RemoteWebDriver.java:356)
	at org.openqa.selenium.remote.RemoteWebDriver.findElementById(RemoteWebDriver.java:402)
	at org.openqa.selenium.By$ById.findElement(By.java:218)
	at org.openqa.selenium.remote.RemoteWebDriver.findElement(RemoteWebDriver.java:348)
	at facebook.testSetD.LoginAndLogout_IE(testSetD.java:203)
	at sun.reflect.NativeMethodAccessorImpl.invoke0(Native Method)
	at sun.reflect.NativeMethodAccessorImpl.invoke(Unknown Source)
	at sun.reflect.DelegatingMethodAccessorImpl.invoke(Unknown Source)
	at java.lang.reflect.Method.invoke(Unknown Source)
	at org.testng.internal.MethodInvocationHelper.invokeMethod(MethodInvocationHelper.java:108)
	at org.testng.internal.Invoker.invokeMethod(Invoker.java:661)
	at org.testng.internal.Invoker.invokeTestMethod(Invoker.java:869)
	at org.testng.internal.Invoker.invokeTestMethods(Invoker.java:1193)
	at org.testng.internal.TestMethodWorker.invokeTestMethods(TestMethodWorker.java:126)
	at org.testng.internal.TestMethodWorker.run(TestMethodWorker.java:109)
	at org.testng.TestRunner.privateRun(TestRunner.java:744)
	at org.testng.TestRunner.run(TestRunner.java:602)
	at org.testng.SuiteRunner.runTest(SuiteRunner.java:380)
	at org.testng.SuiteRunner.runSequentially(SuiteRunner.java:375)
	at org.testng.SuiteRunner.privateRun(SuiteRunner.java:340)
	at org.testng.SuiteRunner.run(SuiteRunner.java:289)
	at org.testng.SuiteRunnerWorker.runSuite(SuiteRunnerWorker.java:52)
	at org.testng.SuiteRunnerWorker.run(SuiteRunnerWorker.java:86)
	at org.testng.TestNG.runSuitesSequentially(TestNG.java:1301)
	at org.testng.TestNG.runSuitesLocally(TestNG.java:1226)
	at org.testng.TestNG.runSuites(TestNG.java:1144)
	at org.testng.TestNG.run(TestNG.java:1115)
	at org.testng.remote.AbstractRemoteTestNG.run(AbstractRemoteTestNG.java:126)
	at org.testng.remote.RemoteTestNG.initAndRun(RemoteTestNG.java:137)
	at org.testng.remote.RemoteTestNG.main(RemoteTestNG.java:58)
]]>
            </full-stacktrace>
          </exception> <!-- org.openqa.selenium.NoSuchElementException -->
          <reporter-output>
          </reporter-output>
        </test-method> <!-- LoginAndLogout_IE -->
        <test-method status="PASS" signature="aftermethod()[pri:0, instance:facebook.testSetD@7cd62f43]" name="aftermethod" is-config="true" duration-ms="670" started-at="2018-02-05T20:59:13Z" finished-at="2018-02-05T20:59:14Z">
          <reporter-output>
          </reporter-output>
        </test-method> <!-- aftermethod -->
        <test-method status="PASS" signature="SetUpPreDataMethod()[pri:0, instance:facebook.testSetD@7cd62f43]" name="SetUpPreDataMethod" is-config="true" duration-ms="606" started-at="2018-02-05T20:59:14Z" finished-at="2018-02-05T20:59:14Z">
          <reporter-output>
          </reporter-output>
        </test-method> <!-- SetUpPreDataMethod -->
        <test-method status="FAIL" signature="LoginAndLogout_MicrosoftEdge()[pri:0, instance:facebook.testSetD@7cd62f43]" name="LoginAndLogout_MicrosoftEdge" duration-ms="16085" started-at="2018-02-05T20:59:14Z" finished-at="2018-02-05T20:59:30Z">
          <exception class="org.openqa.selenium.NoSuchElementException">
            <message>
              <![CDATA[No such element (WARNING: The server did not provide any stacktrace information)
Command duration or timeout: 0 milliseconds
For documentation on this error, please visit: http://seleniumhq.org/exceptions/no_such_element.html
Build info: version: '3.6.0', revision: '6fbf3ec767', time: '2017-09-27T16:15:40.131Z'
System info: host: 'DESKTOP-75OLIUH', ip: '192.168.112.1', os.name: 'Windows 10', os.arch: 'amd64', os.version: '10.0', java.version: '1.8.0_144'
Driver info: org.openqa.selenium.edge.EdgeDriver
Capabilities [{applicationCacheEnabled=true, InPrivate=false, pageLoadStrategy=normal, platform=WINDOWS, acceptSslCerts=true, browserVersion=41.16299.15.0, platformVersion=10, locationContextEnabled=true, webStorageEnabled=true, browserName=MicrosoftEdge, takesScreenshot=true, takesElementScreenshot=true, javascriptEnabled=true, platformName=WINDOWS}]
Session ID: DC4F601C-9894-4287-B3C2-E13057F97084
*** Element info: {Using=id, value=pageLoginAnchor}]]>
            </message>
            <full-stacktrace>
              <![CDATA[org.openqa.selenium.NoSuchElementException: No such element (WARNING: The server did not provide any stacktrace information)
Command duration or timeout: 0 milliseconds
For documentation on this error, please visit: http://seleniumhq.org/exceptions/no_such_element.html
Build info: version: '3.6.0', revision: '6fbf3ec767', time: '2017-09-27T16:15:40.131Z'
System info: host: 'DESKTOP-75OLIUH', ip: '192.168.112.1', os.name: 'Windows 10', os.arch: 'amd64', os.version: '10.0', java.version: '1.8.0_144'
Driver info: org.openqa.selenium.edge.EdgeDriver
Capabilities [{applicationCacheEnabled=true, InPrivate=false, pageLoadStrategy=normal, platform=WINDOWS, acceptSslCerts=true, browserVersion=41.16299.15.0, platformVersion=10, locationContextEnabled=true, webStorageEnabled=true, browserName=MicrosoftEdge, takesScreenshot=true, takesElementScreenshot=true, javascriptEnabled=true, platformName=WINDOWS}]
Session ID: DC4F601C-9894-4287-B3C2-E13057F97084
*** Element info: {Using=id, value=pageLoginAnchor}
	at sun.reflect.NativeConstructorAccessorImpl.newInstance0(Native Method)
	at sun.reflect.NativeConstructorAccessorImpl.newInstance(Unknown Source)
	at sun.reflect.DelegatingConstructorAccessorImpl.newInstance(Unknown Source)
	at java.lang.reflect.Constructor.newInstance(Unknown Source)
	at org.openqa.selenium.remote.ErrorHandler.createThrowable(ErrorHandler.java:214)
	at org.openqa.selenium.remote.ErrorHandler.throwIfResponseFailed(ErrorHandler.java:166)
	at org.openqa.selenium.remote.http.JsonHttpResponseCodec.reconstructValue(JsonHttpResponseCodec.java:40)
	at org.openqa.selenium.remote.http.AbstractHttpResponseCodec.decode(AbstractHttpResponseCodec.java:82)
	at org.openqa.selenium.remote.http.AbstractHttpResponseCodec.decode(AbstractHttpResponseCodec.java:45)
	at org.openqa.selenium.remote.HttpCommandExecutor.execute(HttpCommandExecutor.java:164)
	at org.openqa.selenium.remote.service.DriverCommandExecutor.execute(DriverCommandExecutor.java:83)
	at org.openqa.selenium.remote.RemoteWebDriver.execute(RemoteWebDriver.java:586)
	at org.openqa.selenium.remote.RemoteWebDriver.findElement(RemoteWebDriver.java:356)
	at org.openqa.selenium.remote.RemoteWebDriver.findElementById(RemoteWebDriver.java:402)
	at org.openqa.selenium.By$ById.findElement(By.java:218)
	at org.openqa.selenium.remote.RemoteWebDriver.findElement(RemoteWebDriver.java:348)
	at facebook.testSetD.LoginAndLogout_MicrosoftEdge(testSetD.java:140)
	at sun.reflect.NativeMethodAccessorImpl.invoke0(Native Method)
	at sun.reflect.NativeMethodAccessorImpl.invoke(Unknown Source)
	at sun.reflect.DelegatingMethodAccessorImpl.invoke(Unknown Source)
	at java.lang.reflect.Method.invoke(Unknown Source)
	at org.testng.internal.MethodInvocationHelper.invokeMethod(MethodInvocationHelper.java:108)
	at org.testng.internal.Invoker.invokeMethod(Invoker.java:661)
	at org.testng.internal.Invoker.invokeTestMethod(Invoker.java:869)
	at org.testng.internal.Invoker.invokeTestMethods(Invoker.java:1193)
	at org.testng.internal.TestMethodWorker.invokeTestMethods(TestMethodWorker.java:126)
	at org.testng.internal.TestMethodWorker.run(TestMethodWorker.java:109)
	at org.testng.TestRunner.privateRun(TestRunner.java:744)
	at org.testng.TestRunner.run(TestRunner.java:602)
	at org.testng.SuiteRunner.runTest(SuiteRunner.java:380)
	at org.testng.SuiteRunner.runSequentially(SuiteRunner.java:375)
	at org.testng.SuiteRunner.privateRun(SuiteRunner.java:340)
	at org.testng.SuiteRunner.run(SuiteRunner.java:289)
	at org.testng.SuiteRunnerWorker.runSuite(SuiteRunnerWorker.java:52)
	at org.testng.SuiteRunnerWorker.run(SuiteRunnerWorker.java:86)
	at org.testng.TestNG.runSuitesSequentially(TestNG.java:1301)
	at org.testng.TestNG.runSuitesLocally(TestNG.java:1226)
	at org.testng.TestNG.runSuites(TestNG.java:1144)
	at org.testng.TestNG.run(TestNG.java:1115)
	at org.testng.remote.AbstractRemoteTestNG.run(AbstractRemoteTestNG.java:126)
	at org.testng.remote.RemoteTestNG.initAndRun(RemoteTestNG.java:137)
	at org.testng.remote.RemoteTestNG.main(RemoteTestNG.java:58)
]]>
            </full-stacktrace>
          </exception> <!-- org.openqa.selenium.NoSuchElementException -->
          <reporter-output>
          </reporter-output>
        </test-method> <!-- LoginAndLogout_MicrosoftEdge -->
        <test-method status="PASS" signature="aftermethod()[pri:0, instance:facebook.testSetD@7cd62f43]" name="aftermethod" is-config="true" duration-ms="740" started-at="2018-02-05T20:59:30Z" finished-at="2018-02-05T20:59:31Z">
          <reporter-output>
          </reporter-output>
        </test-method> <!-- aftermethod -->
      </class> <!-- facebook.testSetD -->
      <class name="FirstClassWith2methods">
        <test-method status="PASS" signature="doFirst()[pri:0, instance:FirstClassWith2methods@91161c7]" name="doFirst" is-config="true" duration-ms="754" started-at="2018-02-05T20:36:40Z" finished-at="2018-02-05T20:36:41Z">
          <reporter-output>
          </reporter-output>
        </test-method> <!-- doFirst -->
        <test-method status="PASS" signature="doFirst()[pri:0, instance:SecondClasssWith2Methods@604ed9f0]" name="doFirst" is-config="true" duration-ms="505" started-at="2018-02-05T20:36:41Z" finished-at="2018-02-05T20:36:42Z">
          <reporter-output>
          </reporter-output>
        </test-method> <!-- doFirst -->
        <test-method status="PASS" signature="SetUpPreData()[pri:0, instance:afterLoginIn.TestSetA@6a4f787b]" name="SetUpPreData" is-config="true" duration-ms="304" started-at="2018-02-05T20:36:42Z" finished-at="2018-02-05T20:36:42Z">
          <reporter-output>
          </reporter-output>
        </test-method> <!-- SetUpPreData -->
        <test-method status="PASS" signature="SetUpPreData()[pri:0, instance:walmart.TestSetB@685cb137]" name="SetUpPreData" is-config="true" duration-ms="252" started-at="2018-02-05T20:36:42Z" finished-at="2018-02-05T20:36:42Z">
          <reporter-output>
          </reporter-output>
        </test-method> <!-- SetUpPreData -->
        <test-method status="PASS" signature="SetUpPreData()[pri:0, instance:hsbc.TestSetC@6a41eaa2]" name="SetUpPreData" is-config="true" duration-ms="256" started-at="2018-02-05T20:36:42Z" finished-at="2018-02-05T20:36:43Z">
          <reporter-output>
          </reporter-output>
        </test-method> <!-- SetUpPreData -->
        <test-method status="PASS" signature="SetUpPreData()[pri:0, instance:groupon.TestSet_E@6d4b1c02]" name="SetUpPreData" is-config="true" duration-ms="200" started-at="2018-02-05T20:36:43Z" finished-at="2018-02-05T20:36:43Z">
          <reporter-output>
          </reporter-output>
        </test-method> <!-- SetUpPreData -->
        <test-method status="PASS" signature="SetUpPreData()[pri:0, instance:facebook.testSetD@7cd62f43]" name="SetUpPreData" is-config="true" duration-ms="202" started-at="2018-02-05T20:36:43Z" finished-at="2018-02-05T20:36:43Z">
          <reporter-output>
          </reporter-output>
        </test-method> <!-- SetUpPreData -->
        <test-method status="PASS" signature="doBeforeEveryMethod()[pri:0, instance:FirstClassWith2methods@91161c7]" name="doBeforeEveryMethod" is-config="true" duration-ms="404" started-at="2018-02-05T20:36:43Z" finished-at="2018-02-05T20:36:44Z">
          <reporter-output>
          </reporter-output>
        </test-method> <!-- doBeforeEveryMethod -->
        <test-method status="PASS" signature="UsersAreAbleToSearch()[pri:0, instance:FirstClassWith2methods@91161c7]" name="UsersAreAbleToSearch" duration-ms="78165" started-at="2018-02-05T20:36:44Z" finished-at="2018-02-05T20:38:02Z">
          <reporter-output>
          </reporter-output>
        </test-method> <!-- UsersAreAbleToSearch -->
        <test-method status="PASS" signature="doBeforeEveryMethod()[pri:0, instance:FirstClassWith2methods@91161c7]" name="doBeforeEveryMethod" is-config="true" duration-ms="526" started-at="2018-02-05T20:38:02Z" finished-at="2018-02-05T20:38:02Z">
          <reporter-output>
          </reporter-output>
        </test-method> <!-- doBeforeEveryMethod -->
        <test-method status="PASS" signature="test2()[pri:0, instance:FirstClassWith2methods@91161c7]" name="test2" duration-ms="1" started-at="2018-02-05T20:38:02Z" finished-at="2018-02-05T20:38:02Z">
          <reporter-output>
          </reporter-output>
        </test-method> <!-- test2 -->
        <test-method status="PASS" signature="doLast()[pri:0, instance:FirstClassWith2methods@91161c7]" name="doLast" is-config="true" duration-ms="1" started-at="2018-02-05T22:01:32Z" finished-at="2018-02-05T22:01:32Z">
          <reporter-output>
          </reporter-output>
        </test-method> <!-- doLast -->
        <test-method status="PASS" signature="doLast()[pri:0, instance:SecondClasssWith2Methods@604ed9f0]" name="doLast" is-config="true" duration-ms="0" started-at="2018-02-05T22:01:32Z" finished-at="2018-02-05T22:01:32Z">
          <reporter-output>
          </reporter-output>
        </test-method> <!-- doLast -->
      </class> <!-- FirstClassWith2methods -->
      <class name="SecondClasssWith2Methods">
        <test-method status="PASS" signature="doBeforeEveryMethod()[pri:0, instance:SecondClasssWith2Methods@604ed9f0]" name="doBeforeEveryMethod" is-config="true" duration-ms="407" started-at="2018-02-05T20:38:02Z" finished-at="2018-02-05T20:38:03Z">
          <reporter-output>
          </reporter-output>
        </test-method> <!-- doBeforeEveryMethod -->
        <test-method status="PASS" signature="UsersAreAbleToSearch()[pri:0, instance:SecondClasssWith2Methods@604ed9f0]" name="UsersAreAbleToSearch" duration-ms="64296" started-at="2018-02-05T20:38:03Z" finished-at="2018-02-05T20:39:07Z">
          <reporter-output>
          </reporter-output>
        </test-method> <!-- UsersAreAbleToSearch -->
        <test-method status="PASS" signature="doBeforeEveryMethod()[pri:0, instance:SecondClasssWith2Methods@604ed9f0]" name="doBeforeEveryMethod" is-config="true" duration-ms="403" started-at="2018-02-05T20:39:07Z" finished-at="2018-02-05T20:39:07Z">
          <reporter-output>
          </reporter-output>
        </test-method> <!-- doBeforeEveryMethod -->
        <test-method status="PASS" signature="test2()[pri:0, instance:SecondClasssWith2Methods@604ed9f0]" name="test2" duration-ms="1" started-at="2018-02-05T20:39:07Z" finished-at="2018-02-05T20:39:07Z">
          <reporter-output>
          </reporter-output>
        </test-method> <!-- test2 -->
      </class> <!-- SecondClasssWith2Methods -->
    </test> <!-- all -->
  </suite> <!-- all -->
</testng-results>
