<?xml version="1.0" encoding="UTF-8"?>
<testng-results skipped="0" failed="0" ignored="0" total="9" passed="9">
  <reporter-output>
  </reporter-output>
  <suite name="Default suite" duration-ms="700361" started-at="2018-04-14T17:34:46Z" finished-at="2018-04-14T17:46:26Z">
    <groups>
    </groups>
    <test name="Default test" duration-ms="700361" started-at="2018-04-14T17:34:46Z" finished-at="2018-04-14T17:46:26Z">
      <class name="AOL_AutomationScripts.Automation_Test_SuiteOne">
        <test-method status="PASS" signature="SetUpPreDataMethod()[pri:0, instance:AOL_AutomationScripts.Automation_Test_SuiteOne@68c4039c]" name="SetUpPreDataMethod" is-config="true" duration-ms="1754" started-at="2018-04-14T13:34:46Z" finished-at="2018-04-14T13:34:48Z">
          <reporter-output>
          </reporter-output>
        </test-method> <!-- SetUpPreDataMethod -->
        <test-method status="PASS" signature="TC_101_LoginCheck_AutomationObjectModel()[pri:0, instance:AOL_AutomationScripts.Automation_Test_SuiteOne@68c4039c]" name="TC_101_LoginCheck_AutomationObjectModel" duration-ms="60168" started-at="2018-04-14T13:34:48Z" finished-at="2018-04-14T13:35:48Z">
          <reporter-output>
          </reporter-output>
        </test-method> <!-- TC_101_LoginCheck_AutomationObjectModel -->
        <test-method status="PASS" signature="SetUpPreDataMethod()[pri:0, instance:AOL_AutomationScripts.Automation_Test_SuiteOne@68c4039c]" name="SetUpPreDataMethod" is-config="true" duration-ms="604" started-at="2018-04-14T13:35:48Z" finished-at="2018-04-14T13:35:49Z">
          <reporter-output>
          </reporter-output>
        </test-method> <!-- SetUpPreDataMethod -->
        <test-method status="PASS" signature="TC_102_POM_ScrollDownOnPersonalFinancePage()[pri:0, instance:AOL_AutomationScripts.Automation_Test_SuiteOne@68c4039c]" name="TC_102_POM_ScrollDownOnPersonalFinancePage" duration-ms="79238" started-at="2018-04-14T13:35:49Z" finished-at="2018-04-14T13:37:08Z">
          <reporter-output>
          </reporter-output>
        </test-method> <!-- TC_102_POM_ScrollDownOnPersonalFinancePage -->
        <test-method status="PASS" signature="SetUpPreDataMethod()[pri:0, instance:AOL_AutomationScripts.Automation_Test_SuiteOne@68c4039c]" name="SetUpPreDataMethod" is-config="true" duration-ms="658" started-at="2018-04-14T13:37:08Z" finished-at="2018-04-14T13:37:08Z">
          <reporter-output>
          </reporter-output>
        </test-method> <!-- SetUpPreDataMethod -->
        <test-method status="PASS" signature="TC_103_POM_EmailCountInTheInbox()[pri:0, instance:AOL_AutomationScripts.Automation_Test_SuiteOne@68c4039c]" name="TC_103_POM_EmailCountInTheInbox" duration-ms="58371" started-at="2018-04-14T13:37:08Z" finished-at="2018-04-14T13:38:07Z">
          <reporter-output>
          </reporter-output>
        </test-method> <!-- TC_103_POM_EmailCountInTheInbox -->
        <test-method status="PASS" signature="SetUpPreDataMethod()[pri:0, instance:AOL_AutomationScripts.Automation_Test_SuiteOne@68c4039c]" name="SetUpPreDataMethod" is-config="true" duration-ms="979" started-at="2018-04-14T13:38:07Z" finished-at="2018-04-14T13:38:08Z">
          <reporter-output>
          </reporter-output>
        </test-method> <!-- SetUpPreDataMethod -->
        <test-method status="PASS" signature="TC_104_POM_SendEmailAutomatically()[pri:0, instance:AOL_AutomationScripts.Automation_Test_SuiteOne@68c4039c]" name="TC_104_POM_SendEmailAutomatically" duration-ms="73043" started-at="2018-04-14T13:38:08Z" finished-at="2018-04-14T13:39:21Z">
          <reporter-output>
          </reporter-output>
        </test-method> <!-- TC_104_POM_SendEmailAutomatically -->
        <test-method status="PASS" signature="SetUpPreDataMethod()[pri:0, instance:AOL_AutomationScripts.Automation_Test_SuiteOne@68c4039c]" name="SetUpPreDataMethod" is-config="true" duration-ms="755" started-at="2018-04-14T13:39:21Z" finished-at="2018-04-14T13:39:22Z">
          <reporter-output>
          </reporter-output>
        </test-method> <!-- SetUpPreDataMethod -->
        <test-method status="PASS" signature="TC_105_SearchCheckAfterLogin()[pri:0, instance:AOL_AutomationScripts.Automation_Test_SuiteOne@68c4039c]" name="TC_105_SearchCheckAfterLogin" duration-ms="112380" started-at="2018-04-14T13:39:22Z" finished-at="2018-04-14T13:41:14Z">
          <reporter-output>
          </reporter-output>
        </test-method> <!-- TC_105_SearchCheckAfterLogin -->
        <test-method status="PASS" signature="SetUpPreDataMethod()[pri:0, instance:AOL_AutomationScripts.Automation_Test_SuiteOne@68c4039c]" name="SetUpPreDataMethod" is-config="true" duration-ms="654" started-at="2018-04-14T13:41:14Z" finished-at="2018-04-14T13:41:15Z">
          <reporter-output>
          </reporter-output>
        </test-method> <!-- SetUpPreDataMethod -->
        <test-method status="PASS" signature="TC_106_SearchResultInImageFormate()[pri:0, instance:AOL_AutomationScripts.Automation_Test_SuiteOne@68c4039c]" name="TC_106_SearchResultInImageFormate" duration-ms="194773" started-at="2018-04-14T13:41:15Z" finished-at="2018-04-14T13:44:29Z">
          <reporter-output>
          </reporter-output>
        </test-method> <!-- TC_106_SearchResultInImageFormate -->
        <test-method status="PASS" signature="SetUpPreDataMethod()[pri:0, instance:AOL_AutomationScripts.Automation_Test_SuiteOne@68c4039c]" name="SetUpPreDataMethod" is-config="true" duration-ms="653" started-at="2018-04-14T13:44:29Z" finished-at="2018-04-14T13:44:30Z">
          <reporter-output>
          </reporter-output>
        </test-method> <!-- SetUpPreDataMethod -->
        <test-method status="PASS" signature="TC_107_HighlightAllLinks()[pri:0, instance:AOL_AutomationScripts.Automation_Test_SuiteOne@68c4039c]" name="TC_107_HighlightAllLinks" duration-ms="35446" started-at="2018-04-14T13:44:30Z" finished-at="2018-04-14T13:45:06Z">
          <reporter-output>
          </reporter-output>
        </test-method> <!-- TC_107_HighlightAllLinks -->
        <test-method status="PASS" signature="SetUpPreDataMethod()[pri:0, instance:AOL_AutomationScripts.Automation_Test_SuiteOne@68c4039c]" name="SetUpPreDataMethod" is-config="true" duration-ms="654" started-at="2018-04-14T13:45:06Z" finished-at="2018-04-14T13:45:06Z">
          <reporter-output>
          </reporter-output>
        </test-method> <!-- SetUpPreDataMethod -->
        <test-method status="PASS" signature="TC_108_WeatherInfo()[pri:0, instance:AOL_AutomationScripts.Automation_Test_SuiteOne@68c4039c]" name="TC_108_WeatherInfo" duration-ms="50489" started-at="2018-04-14T13:45:06Z" finished-at="2018-04-14T13:45:57Z">
          <reporter-output>
          </reporter-output>
        </test-method> <!-- TC_108_WeatherInfo -->
        <test-method status="PASS" signature="SetUpPreDataMethod()[pri:0, instance:AOL_AutomationScripts.Automation_Test_SuiteOne@68c4039c]" name="SetUpPreDataMethod" is-config="true" duration-ms="709" started-at="2018-04-14T13:45:57Z" finished-at="2018-04-14T13:45:57Z">
          <reporter-output>
          </reporter-output>
        </test-method> <!-- SetUpPreDataMethod -->
        <test-method status="PASS" signature="TC_109_NavigateToWeatherPage()[pri:0, instance:AOL_AutomationScripts.Automation_Test_SuiteOne@68c4039c]" name="TC_109_NavigateToWeatherPage" duration-ms="28970" started-at="2018-04-14T13:45:57Z" finished-at="2018-04-14T13:46:26Z">
          <reporter-output>
          </reporter-output>
        </test-method> <!-- TC_109_NavigateToWeatherPage -->
      </class> <!-- AOL_AutomationScripts.Automation_Test_SuiteOne -->
    </test> <!-- Default test -->
  </suite> <!-- Default suite -->
</testng-results>
