<?xml version="1.0" encoding="UTF-8"?>
<testng-results skipped="0" failed="19" ignored="2" total="82" passed="61">
  <reporter-output>
  </reporter-output>
  <suite name="all" duration-ms="3802672" started-at="2017-12-11T02:23:34Z" finished-at="2017-12-11T03:26:57Z">
    <groups>
      <group name="A">
        <method signature="Group.F1()[pri:0, instance:Group@685cb137]" name="F1" class="Group"/>
        <method signature="Group.F3()[pri:0, instance:Group@685cb137]" name="F3" class="Group"/>
        <method signature="Group.F6()[pri:0, instance:Group@685cb137]" name="F6" class="Group"/>
      </group> <!-- A -->
      <group name="B">
        <method signature="Group.F2()[pri:0, instance:Group@685cb137]" name="F2" class="Group"/>
        <method signature="Group.F5()[pri:0, instance:Group@685cb137]" name="F5" class="Group"/>
      </group> <!-- B -->
      <group name="C">
        <method signature="Group.F4()[pri:0, instance:Group@685cb137]" name="F4" class="Group"/>
      </group> <!-- C -->
    </groups>
    <test name="all" duration-ms="3802672" started-at="2017-12-11T02:23:34Z" finished-at="2017-12-11T03:26:57Z">
      <class name="Priotization">
        <test-method status="PASS" signature="A()[pri:0, instance:Priotization@6a41eaa2]" name="A" duration-ms="5" started-at="2017-12-10T21:23:36Z" finished-at="2017-12-10T21:23:36Z">
          <reporter-output>
          </reporter-output>
        </test-method> <!-- A -->
        <test-method status="PASS" signature="F()[pri:1, instance:Priotization@6a41eaa2]" name="F" duration-ms="0" started-at="2017-12-10T22:26:57Z" finished-at="2017-12-10T22:26:57Z">
          <reporter-output>
          </reporter-output>
        </test-method> <!-- F -->
        <test-method status="PASS" signature="D()[pri:2, instance:Priotization@6a41eaa2]" name="D" duration-ms="0" started-at="2017-12-10T22:26:57Z" finished-at="2017-12-10T22:26:57Z">
          <reporter-output>
          </reporter-output>
        </test-method> <!-- D -->
        <test-method status="PASS" signature="E()[pri:3, instance:Priotization@6a41eaa2]" name="E" duration-ms="0" started-at="2017-12-10T22:26:57Z" finished-at="2017-12-10T22:26:57Z">
          <reporter-output>
          </reporter-output>
        </test-method> <!-- E -->
        <test-method status="PASS" signature="C()[pri:5, instance:Priotization@6a41eaa2]" name="C" duration-ms="1" started-at="2017-12-10T22:26:57Z" finished-at="2017-12-10T22:26:57Z">
          <reporter-output>
          </reporter-output>
        </test-method> <!-- C -->
        <test-method status="PASS" signature="G()[pri:6, instance:Priotization@6a41eaa2]" name="G" duration-ms="1" started-at="2017-12-10T22:26:57Z" finished-at="2017-12-10T22:26:57Z">
          <reporter-output>
          </reporter-output>
        </test-method> <!-- G -->
      </class> <!-- Priotization -->
      <class name="Group">
        <test-method status="PASS" signature="F1()[pri:0, instance:Group@685cb137]" name="F1" duration-ms="7" started-at="2017-12-10T21:23:36Z" finished-at="2017-12-10T21:23:36Z">
          <reporter-output>
          </reporter-output>
        </test-method> <!-- F1 -->
        <test-method status="PASS" signature="F2()[pri:0, instance:Group@685cb137]" name="F2" duration-ms="2" started-at="2017-12-10T21:23:36Z" finished-at="2017-12-10T21:23:36Z">
          <reporter-output>
          </reporter-output>
        </test-method> <!-- F2 -->
        <test-method status="PASS" signature="F3()[pri:0, instance:Group@685cb137]" name="F3" duration-ms="4" started-at="2017-12-10T21:23:36Z" finished-at="2017-12-10T21:23:36Z">
          <reporter-output>
          </reporter-output>
        </test-method> <!-- F3 -->
        <test-method status="PASS" signature="F4()[pri:0, instance:Group@685cb137]" name="F4" duration-ms="4" started-at="2017-12-10T21:23:36Z" finished-at="2017-12-10T21:23:36Z">
          <reporter-output>
          </reporter-output>
        </test-method> <!-- F4 -->
        <test-method status="PASS" signature="F5()[pri:0, instance:Group@685cb137]" name="F5" duration-ms="1" started-at="2017-12-10T21:23:36Z" finished-at="2017-12-10T21:23:36Z">
          <reporter-output>
          </reporter-output>
        </test-method> <!-- F5 -->
        <test-method status="PASS" signature="F6()[pri:0, instance:Group@685cb137]" name="F6" duration-ms="2" started-at="2017-12-10T21:23:36Z" finished-at="2017-12-10T21:23:36Z">
          <reporter-output>
          </reporter-output>
        </test-method> <!-- F6 -->
      </class> <!-- Group -->
      <class name="MC.TestSetF">
        <test-method status="PASS" signature="SetUpPreDataMethod()[pri:0, instance:MC.TestSetF@6d4b1c02]" name="SetUpPreDataMethod" is-config="true" duration-ms="1886" started-at="2017-12-10T22:09:19Z" finished-at="2017-12-10T22:09:21Z">
          <reporter-output>
          </reporter-output>
        </test-method> <!-- SetUpPreDataMethod -->
        <test-method status="PASS" signature="CalculateMortgatePayment_HardCodedValues()[pri:0, instance:MC.TestSetF@6d4b1c02]" name="CalculateMortgatePayment_HardCodedValues" duration-ms="53249" started-at="2017-12-10T22:09:21Z" finished-at="2017-12-10T22:10:14Z">
          <reporter-output>
          </reporter-output>
        </test-method> <!-- CalculateMortgatePayment_HardCodedValues -->
        <test-method status="PASS" signature="SetUpPreDataMethod()[pri:0, instance:MC.TestSetF@6d4b1c02]" name="SetUpPreDataMethod" is-config="true" duration-ms="1512" started-at="2017-12-10T22:10:14Z" finished-at="2017-12-10T22:10:15Z">
          <reporter-output>
          </reporter-output>
        </test-method> <!-- SetUpPreDataMethod -->
        <test-method status="PASS" signature="TC_10_MC_ME_C()[pri:0, instance:MC.TestSetF@6d4b1c02]" name="TC_10_MC_ME_C" duration-ms="47186" started-at="2017-12-10T22:10:15Z" finished-at="2017-12-10T22:11:03Z">
          <reporter-output>
          </reporter-output>
        </test-method> <!-- TC_10_MC_ME_C -->
        <test-method status="PASS" signature="SetUpPreDataMethod()[pri:0, instance:MC.TestSetF@6d4b1c02]" name="SetUpPreDataMethod" is-config="true" duration-ms="1469" started-at="2017-12-10T22:11:03Z" finished-at="2017-12-10T22:11:04Z">
          <reporter-output>
          </reporter-output>
        </test-method> <!-- SetUpPreDataMethod -->
        <test-method status="PASS" signature="TC_402_MC_GC_A()[pri:0, instance:MC.TestSetF@6d4b1c02]" name="TC_402_MC_GC_A" duration-ms="53418" started-at="2017-12-10T22:11:04Z" finished-at="2017-12-10T22:11:57Z">
          <reporter-output>
          </reporter-output>
        </test-method> <!-- TC_402_MC_GC_A -->
        <test-method status="PASS" signature="SetUpPreDataMethod()[pri:0, instance:MC.TestSetF@6d4b1c02]" name="SetUpPreDataMethod" is-config="true" duration-ms="805" started-at="2017-12-10T22:11:57Z" finished-at="2017-12-10T22:11:58Z">
          <reporter-output>
          </reporter-output>
        </test-method> <!-- SetUpPreDataMethod -->
        <test-method status="PASS" signature="TC_403_MC_GC_B()[pri:0, instance:MC.TestSetF@6d4b1c02]" name="TC_403_MC_GC_B" duration-ms="45516" started-at="2017-12-10T22:11:58Z" finished-at="2017-12-10T22:12:44Z">
          <reporter-output>
          </reporter-output>
        </test-method> <!-- TC_403_MC_GC_B -->
        <test-method status="PASS" signature="SetUpPreDataMethod()[pri:0, instance:MC.TestSetF@6d4b1c02]" name="SetUpPreDataMethod" is-config="true" duration-ms="760" started-at="2017-12-10T22:12:44Z" finished-at="2017-12-10T22:12:45Z">
          <reporter-output>
          </reporter-output>
        </test-method> <!-- SetUpPreDataMethod -->
        <test-method status="PASS" signature="TC_404_MC_GC_C()[pri:0, instance:MC.TestSetF@6d4b1c02]" name="TC_404_MC_GC_C" duration-ms="46014" started-at="2017-12-10T22:12:45Z" finished-at="2017-12-10T22:13:31Z">
          <reporter-output>
          </reporter-output>
        </test-method> <!-- TC_404_MC_GC_C -->
        <test-method status="PASS" signature="SetUpPreDataMethod()[pri:0, instance:MC.TestSetF@6d4b1c02]" name="SetUpPreDataMethod" is-config="true" duration-ms="961" started-at="2017-12-10T22:13:31Z" finished-at="2017-12-10T22:13:31Z">
          <reporter-output>
          </reporter-output>
        </test-method> <!-- SetUpPreDataMethod -->
        <test-method status="PASS" signature="TC_405_MC_FF_A()[pri:0, instance:MC.TestSetF@6d4b1c02]" name="TC_405_MC_FF_A" duration-ms="52335" started-at="2017-12-10T22:13:31Z" finished-at="2017-12-10T22:14:24Z">
          <reporter-output>
          </reporter-output>
        </test-method> <!-- TC_405_MC_FF_A -->
        <test-method status="PASS" signature="SetUpPreDataMethod()[pri:0, instance:MC.TestSetF@6d4b1c02]" name="SetUpPreDataMethod" is-config="true" duration-ms="807" started-at="2017-12-10T22:14:24Z" finished-at="2017-12-10T22:14:25Z">
          <reporter-output>
          </reporter-output>
        </test-method> <!-- SetUpPreDataMethod -->
        <test-method status="PASS" signature="TC_406_MC_FF_B()[pri:0, instance:MC.TestSetF@6d4b1c02]" name="TC_406_MC_FF_B" duration-ms="49722" started-at="2017-12-10T22:14:25Z" finished-at="2017-12-10T22:15:14Z">
          <reporter-output>
          </reporter-output>
        </test-method> <!-- TC_406_MC_FF_B -->
        <test-method status="PASS" signature="SetUpPreDataMethod()[pri:0, instance:MC.TestSetF@6d4b1c02]" name="SetUpPreDataMethod" is-config="true" duration-ms="811" started-at="2017-12-10T22:15:14Z" finished-at="2017-12-10T22:15:15Z">
          <reporter-output>
          </reporter-output>
        </test-method> <!-- SetUpPreDataMethod -->
        <test-method status="PASS" signature="TC_407_MC_FF_C()[pri:0, instance:MC.TestSetF@6d4b1c02]" name="TC_407_MC_FF_C" duration-ms="48912" started-at="2017-12-10T22:15:15Z" finished-at="2017-12-10T22:16:04Z">
          <reporter-output>
          </reporter-output>
        </test-method> <!-- TC_407_MC_FF_C -->
        <test-method status="PASS" signature="SetUpPreDataMethod()[pri:0, instance:MC.TestSetF@6d4b1c02]" name="SetUpPreDataMethod" is-config="true" duration-ms="861" started-at="2017-12-10T22:16:04Z" finished-at="2017-12-10T22:16:05Z">
          <reporter-output>
          </reporter-output>
        </test-method> <!-- SetUpPreDataMethod -->
        <test-method status="PASS" signature="TC_408_MC_ME_A()[pri:0, instance:MC.TestSetF@6d4b1c02]" name="TC_408_MC_ME_A" duration-ms="39717" started-at="2017-12-10T22:16:05Z" finished-at="2017-12-10T22:16:45Z">
          <reporter-output>
          </reporter-output>
        </test-method> <!-- TC_408_MC_ME_A -->
        <test-method status="PASS" signature="SetUpPreDataMethod()[pri:0, instance:MC.TestSetF@6d4b1c02]" name="SetUpPreDataMethod" is-config="true" duration-ms="964" started-at="2017-12-10T22:16:45Z" finished-at="2017-12-10T22:16:46Z">
          <reporter-output>
          </reporter-output>
        </test-method> <!-- SetUpPreDataMethod -->
        <test-method status="PASS" signature="TC_409_MC_ME_B()[pri:0, instance:MC.TestSetF@6d4b1c02]" name="TC_409_MC_ME_B" duration-ms="40265" started-at="2017-12-10T22:16:46Z" finished-at="2017-12-10T22:17:26Z">
          <reporter-output>
          </reporter-output>
        </test-method> <!-- TC_409_MC_ME_B -->
        <test-method status="PASS" signature="SetUpPreDataMethod()[pri:0, instance:MC.TestSetF@6d4b1c02]" name="SetUpPreDataMethod" is-config="true" duration-ms="812" started-at="2017-12-10T22:17:26Z" finished-at="2017-12-10T22:17:27Z">
          <reporter-output>
          </reporter-output>
        </test-method> <!-- SetUpPreDataMethod -->
        <test-method status="PASS" signature="TC_411_DownAndUPonly_CHROME()[pri:0, instance:MC.TestSetF@6d4b1c02]" name="TC_411_DownAndUPonly_CHROME" duration-ms="60323" started-at="2017-12-10T22:17:27Z" finished-at="2017-12-10T22:18:27Z">
          <reporter-output>
          </reporter-output>
        </test-method> <!-- TC_411_DownAndUPonly_CHROME -->
        <test-method status="PASS" signature="SetUpPreDataMethod()[pri:0, instance:MC.TestSetF@6d4b1c02]" name="SetUpPreDataMethod" is-config="true" duration-ms="855" started-at="2017-12-10T22:18:27Z" finished-at="2017-12-10T22:18:28Z">
          <reporter-output>
          </reporter-output>
        </test-method> <!-- SetUpPreDataMethod -->
        <test-method status="PASS" signature="TC_412_DownAndUPonly_FF()[pri:0, instance:MC.TestSetF@6d4b1c02]" name="TC_412_DownAndUPonly_FF" duration-ms="62873" started-at="2017-12-10T22:18:28Z" finished-at="2017-12-10T22:19:31Z">
          <reporter-output>
          </reporter-output>
        </test-method> <!-- TC_412_DownAndUPonly_FF -->
        <test-method status="PASS" signature="SetUpPreDataMethod()[pri:0, instance:MC.TestSetF@6d4b1c02]" name="SetUpPreDataMethod" is-config="true" duration-ms="810" started-at="2017-12-10T22:19:31Z" finished-at="2017-12-10T22:19:32Z">
          <reporter-output>
          </reporter-output>
        </test-method> <!-- SetUpPreDataMethod -->
        <test-method status="PASS" signature="TC_413_DownAndUPonly_ME()[pri:0, instance:MC.TestSetF@6d4b1c02]" name="TC_413_DownAndUPonly_ME" duration-ms="56631" started-at="2017-12-10T22:19:32Z" finished-at="2017-12-10T22:20:28Z">
          <reporter-output>
          </reporter-output>
        </test-method> <!-- TC_413_DownAndUPonly_ME -->
      </class> <!-- MC.TestSetF -->
      <class name="levis.TestSetH">
        <test-method status="PASS" signature="SetUpPreDataMethod()[pri:0, instance:levis.TestSetH@5622fdf]" name="SetUpPreDataMethod" is-config="true" duration-ms="654" started-at="2017-12-10T22:20:52Z" finished-at="2017-12-10T22:20:52Z">
          <reporter-output>
          </reporter-output>
        </test-method> <!-- SetUpPreDataMethod -->
        <test-method status="PASS" signature="TC101_MouseOver_OnMajorElements()[pri:0, instance:levis.TestSetH@5622fdf]" name="TC101_MouseOver_OnMajorElements" duration-ms="55020" started-at="2017-12-10T22:20:52Z" finished-at="2017-12-10T22:21:47Z">
          <reporter-output>
          </reporter-output>
        </test-method> <!-- TC101_MouseOver_OnMajorElements -->
        <test-method status="PASS" signature="SetUpPreDataMethod()[pri:0, instance:levis.TestSetH@5622fdf]" name="SetUpPreDataMethod" is-config="true" duration-ms="604" started-at="2017-12-10T22:21:47Z" finished-at="2017-12-10T22:21:48Z">
          <reporter-output>
          </reporter-output>
        </test-method> <!-- SetUpPreDataMethod -->
        <test-method status="PASS" signature="TC_102_scrollUpAndDown()[pri:0, instance:levis.TestSetH@5622fdf]" name="TC_102_scrollUpAndDown" duration-ms="78199" started-at="2017-12-10T22:21:48Z" finished-at="2017-12-10T22:23:06Z">
          <reporter-output>
          </reporter-output>
        </test-method> <!-- TC_102_scrollUpAndDown -->
        <test-method status="PASS" signature="SetUpPreDataMethod()[pri:0, instance:levis.TestSetH@5622fdf]" name="SetUpPreDataMethod" is-config="true" duration-ms="656" started-at="2017-12-10T22:23:06Z" finished-at="2017-12-10T22:23:07Z">
          <reporter-output>
          </reporter-output>
        </test-method> <!-- SetUpPreDataMethod -->
        <test-method status="PASS" signature="TC_103_womens_dress()[pri:0, instance:levis.TestSetH@5622fdf]" name="TC_103_womens_dress" duration-ms="83686" started-at="2017-12-10T22:23:07Z" finished-at="2017-12-10T22:24:30Z">
          <reporter-output>
          </reporter-output>
        </test-method> <!-- TC_103_womens_dress -->
        <test-method status="PASS" signature="SetUpPreDataMethod()[pri:0, instance:levis.TestSetH@5622fdf]" name="SetUpPreDataMethod" is-config="true" duration-ms="706" started-at="2017-12-10T22:24:30Z" finished-at="2017-12-10T22:24:31Z">
          <reporter-output>
          </reporter-output>
        </test-method> <!-- SetUpPreDataMethod -->
        <test-method status="PASS" signature="TC_104_FindStoresMap()[pri:0, instance:levis.TestSetH@5622fdf]" name="TC_104_FindStoresMap" duration-ms="81390" started-at="2017-12-10T22:24:31Z" finished-at="2017-12-10T22:25:53Z">
          <reporter-output>
          </reporter-output>
        </test-method> <!-- TC_104_FindStoresMap -->
        <test-method status="PASS" signature="SetUpPreDataMethod()[pri:0, instance:levis.TestSetH@5622fdf]" name="SetUpPreDataMethod" is-config="true" duration-ms="768" started-at="2017-12-10T22:25:53Z" finished-at="2017-12-10T22:25:53Z">
          <reporter-output>
          </reporter-output>
        </test-method> <!-- SetUpPreDataMethod -->
        <test-method status="PASS" signature="TC_105_HighlightAllLinks()[pri:0, instance:levis.TestSetH@5622fdf]" name="TC_105_HighlightAllLinks" duration-ms="63285" started-at="2017-12-10T22:25:53Z" finished-at="2017-12-10T22:26:57Z">
          <reporter-output>
          </reporter-output>
        </test-method> <!-- TC_105_HighlightAllLinks -->
      </class> <!-- levis.TestSetH -->
      <class name="afterLoginIn.TestSetA">
        <test-method status="PASS" signature="SetUpPreDataMethod()[pri:0, instance:afterLoginIn.TestSetA@5e3a8624]" name="SetUpPreDataMethod" is-config="true" duration-ms="201" started-at="2017-12-10T21:25:37Z" finished-at="2017-12-10T21:25:37Z">
          <reporter-output>
          </reporter-output>
        </test-method> <!-- SetUpPreDataMethod -->
        <test-method status="FAIL" signature="TC_401_Login_And_LogOut()[pri:0, instance:afterLoginIn.TestSetA@5e3a8624]" name="TC_401_Login_And_LogOut" duration-ms="27596" started-at="2017-12-10T21:25:37Z" finished-at="2017-12-10T21:26:05Z">
          <exception class="org.openqa.selenium.NoSuchElementException">
            <message>
              <![CDATA[no such element: Unable to locate element: {"method":"id","selector":"nav-link-accountList"}
  (Session info: chrome=62.0.3202.94)
  (Driver info: chromedriver=2.32.498550 (9dec58e66c31bcc53a9ce3c7226f0c1c5810906a),platform=Windows NT 10.0.16299 x86_64) (WARNING: The server did not provide any stacktrace information)
Command duration or timeout: 0 milliseconds
For documentation on this error, please visit: http://seleniumhq.org/exceptions/no_such_element.html
Build info: version: '3.6.0', revision: '6fbf3ec767', time: '2017-09-27T16:15:40.131Z'
System info: host: 'DESKTOP-75OLIUH', ip: '192.168.112.1', os.name: 'Windows 10', os.arch: 'amd64', os.version: '10.0', java.version: '1.8.0_144'
Driver info: org.openqa.selenium.chrome.ChromeDriver
Capabilities [{mobileEmulationEnabled=false, hasTouchScreen=false, platform=XP, acceptSslCerts=true, webStorageEnabled=true, browserName=chrome, takesScreenshot=true, javascriptEnabled=true, platformName=XP, setWindowRect=true, unexpectedAlertBehaviour=, applicationCacheEnabled=false, rotatable=false, networkConnectionEnabled=false, chrome={chromedriverVersion=2.32.498550 (9dec58e66c31bcc53a9ce3c7226f0c1c5810906a), userDataDir=C:\Users\imran\AppData\Local\Temp\scoped_dir13964_32041}, takesHeapSnapshot=true, pageLoadStrategy=normal, unhandledPromptBehavior=, databaseEnabled=false, handlesAlerts=true, version=62.0.3202.94, browserConnectionEnabled=false, nativeEvents=true, locationContextEnabled=true, cssSelectorsEnabled=true}]
Session ID: bd3a7ebb3895ee6108a438cc6094d864
*** Element info: {Using=id, value=nav-link-accountList}]]>
            </message>
            <full-stacktrace>
              <![CDATA[org.openqa.selenium.NoSuchElementException: no such element: Unable to locate element: {"method":"id","selector":"nav-link-accountList"}
  (Session info: chrome=62.0.3202.94)
  (Driver info: chromedriver=2.32.498550 (9dec58e66c31bcc53a9ce3c7226f0c1c5810906a),platform=Windows NT 10.0.16299 x86_64) (WARNING: The server did not provide any stacktrace information)
Command duration or timeout: 0 milliseconds
For documentation on this error, please visit: http://seleniumhq.org/exceptions/no_such_element.html
Build info: version: '3.6.0', revision: '6fbf3ec767', time: '2017-09-27T16:15:40.131Z'
System info: host: 'DESKTOP-75OLIUH', ip: '192.168.112.1', os.name: 'Windows 10', os.arch: 'amd64', os.version: '10.0', java.version: '1.8.0_144'
Driver info: org.openqa.selenium.chrome.ChromeDriver
Capabilities [{mobileEmulationEnabled=false, hasTouchScreen=false, platform=XP, acceptSslCerts=true, webStorageEnabled=true, browserName=chrome, takesScreenshot=true, javascriptEnabled=true, platformName=XP, setWindowRect=true, unexpectedAlertBehaviour=, applicationCacheEnabled=false, rotatable=false, networkConnectionEnabled=false, chrome={chromedriverVersion=2.32.498550 (9dec58e66c31bcc53a9ce3c7226f0c1c5810906a), userDataDir=C:\Users\imran\AppData\Local\Temp\scoped_dir13964_32041}, takesHeapSnapshot=true, pageLoadStrategy=normal, unhandledPromptBehavior=, databaseEnabled=false, handlesAlerts=true, version=62.0.3202.94, browserConnectionEnabled=false, nativeEvents=true, locationContextEnabled=true, cssSelectorsEnabled=true}]
Session ID: bd3a7ebb3895ee6108a438cc6094d864
*** Element info: {Using=id, value=nav-link-accountList}
	at sun.reflect.NativeConstructorAccessorImpl.newInstance0(Native Method)
	at sun.reflect.NativeConstructorAccessorImpl.newInstance(Unknown Source)
	at sun.reflect.DelegatingConstructorAccessorImpl.newInstance(Unknown Source)
	at java.lang.reflect.Constructor.newInstance(Unknown Source)
	at org.openqa.selenium.remote.ErrorHandler.createThrowable(ErrorHandler.java:214)
	at org.openqa.selenium.remote.ErrorHandler.throwIfResponseFailed(ErrorHandler.java:166)
	at org.openqa.selenium.remote.http.JsonHttpResponseCodec.reconstructValue(JsonHttpResponseCodec.java:40)
	at org.openqa.selenium.remote.http.AbstractHttpResponseCodec.decode(AbstractHttpResponseCodec.java:82)
	at org.openqa.selenium.remote.http.AbstractHttpResponseCodec.decode(AbstractHttpResponseCodec.java:45)
	at org.openqa.selenium.remote.HttpCommandExecutor.execute(HttpCommandExecutor.java:164)
	at org.openqa.selenium.remote.service.DriverCommandExecutor.execute(DriverCommandExecutor.java:83)
	at org.openqa.selenium.remote.RemoteWebDriver.execute(RemoteWebDriver.java:586)
	at org.openqa.selenium.remote.RemoteWebDriver.findElement(RemoteWebDriver.java:356)
	at org.openqa.selenium.remote.RemoteWebDriver.findElementById(RemoteWebDriver.java:402)
	at org.openqa.selenium.By$ById.findElement(By.java:218)
	at org.openqa.selenium.remote.RemoteWebDriver.findElement(RemoteWebDriver.java:348)
	at afterLoginIn.TestSetA.TC_401_Login_And_LogOut(TestSetA.java:49)
	at sun.reflect.NativeMethodAccessorImpl.invoke0(Native Method)
	at sun.reflect.NativeMethodAccessorImpl.invoke(Unknown Source)
	at sun.reflect.DelegatingMethodAccessorImpl.invoke(Unknown Source)
	at java.lang.reflect.Method.invoke(Unknown Source)
	at org.testng.internal.MethodInvocationHelper.invokeMethod(MethodInvocationHelper.java:108)
	at org.testng.internal.Invoker.invokeMethod(Invoker.java:661)
	at org.testng.internal.Invoker.invokeTestMethod(Invoker.java:869)
	at org.testng.internal.Invoker.invokeTestMethods(Invoker.java:1193)
	at org.testng.internal.TestMethodWorker.invokeTestMethods(TestMethodWorker.java:126)
	at org.testng.internal.TestMethodWorker.run(TestMethodWorker.java:109)
	at org.testng.TestRunner.privateRun(TestRunner.java:744)
	at org.testng.TestRunner.run(TestRunner.java:602)
	at org.testng.SuiteRunner.runTest(SuiteRunner.java:380)
	at org.testng.SuiteRunner.runSequentially(SuiteRunner.java:375)
	at org.testng.SuiteRunner.privateRun(SuiteRunner.java:340)
	at org.testng.SuiteRunner.run(SuiteRunner.java:289)
	at org.testng.SuiteRunnerWorker.runSuite(SuiteRunnerWorker.java:52)
	at org.testng.SuiteRunnerWorker.run(SuiteRunnerWorker.java:86)
	at org.testng.TestNG.runSuitesSequentially(TestNG.java:1301)
	at org.testng.TestNG.runSuitesLocally(TestNG.java:1226)
	at org.testng.TestNG.runSuites(TestNG.java:1144)
	at org.testng.TestNG.run(TestNG.java:1115)
	at org.testng.remote.AbstractRemoteTestNG.run(AbstractRemoteTestNG.java:126)
	at org.testng.remote.RemoteTestNG.initAndRun(RemoteTestNG.java:137)
	at org.testng.remote.RemoteTestNG.main(RemoteTestNG.java:58)
]]>
            </full-stacktrace>
          </exception> <!-- org.openqa.selenium.NoSuchElementException -->
          <reporter-output>
          </reporter-output>
        </test-method> <!-- TC_401_Login_And_LogOut -->
        <test-method status="PASS" signature="SetUpPreDataMethod()[pri:0, instance:afterLoginIn.TestSetA@5e3a8624]" name="SetUpPreDataMethod" is-config="true" duration-ms="251" started-at="2017-12-10T21:26:05Z" finished-at="2017-12-10T21:26:05Z">
          <reporter-output>
          </reporter-output>
        </test-method> <!-- SetUpPreDataMethod -->
        <test-method status="FAIL" signature="TC_402_Login_NegativeTest()[pri:0, instance:afterLoginIn.TestSetA@5e3a8624]" name="TC_402_Login_NegativeTest" duration-ms="15794" started-at="2017-12-10T21:26:05Z" finished-at="2017-12-10T21:26:21Z">
          <exception class="org.openqa.selenium.NoSuchElementException">
            <message>
              <![CDATA[no such element: Unable to locate element: {"method":"xpath","selector":"//*[@id="auth-error-message-box"]/div/div/ul/li/span"}
  (Session info: chrome=62.0.3202.94)
  (Driver info: chromedriver=2.32.498550 (9dec58e66c31bcc53a9ce3c7226f0c1c5810906a),platform=Windows NT 10.0.16299 x86_64) (WARNING: The server did not provide any stacktrace information)
Command duration or timeout: 0 milliseconds
For documentation on this error, please visit: http://seleniumhq.org/exceptions/no_such_element.html
Build info: version: '3.6.0', revision: '6fbf3ec767', time: '2017-09-27T16:15:40.131Z'
System info: host: 'DESKTOP-75OLIUH', ip: '192.168.112.1', os.name: 'Windows 10', os.arch: 'amd64', os.version: '10.0', java.version: '1.8.0_144'
Driver info: org.openqa.selenium.chrome.ChromeDriver
Capabilities [{mobileEmulationEnabled=false, hasTouchScreen=false, platform=XP, acceptSslCerts=true, webStorageEnabled=true, browserName=chrome, takesScreenshot=true, javascriptEnabled=true, platformName=XP, setWindowRect=true, unexpectedAlertBehaviour=, applicationCacheEnabled=false, rotatable=false, networkConnectionEnabled=false, chrome={chromedriverVersion=2.32.498550 (9dec58e66c31bcc53a9ce3c7226f0c1c5810906a), userDataDir=C:\Users\imran\AppData\Local\Temp\scoped_dir11980_25926}, takesHeapSnapshot=true, pageLoadStrategy=normal, unhandledPromptBehavior=, databaseEnabled=false, handlesAlerts=true, version=62.0.3202.94, browserConnectionEnabled=false, nativeEvents=true, locationContextEnabled=true, cssSelectorsEnabled=true}]
Session ID: 39b635aafb871429e80184817ffe2656
*** Element info: {Using=xpath, value=//*[@id="auth-error-message-box"]/div/div/ul/li/span}]]>
            </message>
            <full-stacktrace>
              <![CDATA[org.openqa.selenium.NoSuchElementException: no such element: Unable to locate element: {"method":"xpath","selector":"//*[@id="auth-error-message-box"]/div/div/ul/li/span"}
  (Session info: chrome=62.0.3202.94)
  (Driver info: chromedriver=2.32.498550 (9dec58e66c31bcc53a9ce3c7226f0c1c5810906a),platform=Windows NT 10.0.16299 x86_64) (WARNING: The server did not provide any stacktrace information)
Command duration or timeout: 0 milliseconds
For documentation on this error, please visit: http://seleniumhq.org/exceptions/no_such_element.html
Build info: version: '3.6.0', revision: '6fbf3ec767', time: '2017-09-27T16:15:40.131Z'
System info: host: 'DESKTOP-75OLIUH', ip: '192.168.112.1', os.name: 'Windows 10', os.arch: 'amd64', os.version: '10.0', java.version: '1.8.0_144'
Driver info: org.openqa.selenium.chrome.ChromeDriver
Capabilities [{mobileEmulationEnabled=false, hasTouchScreen=false, platform=XP, acceptSslCerts=true, webStorageEnabled=true, browserName=chrome, takesScreenshot=true, javascriptEnabled=true, platformName=XP, setWindowRect=true, unexpectedAlertBehaviour=, applicationCacheEnabled=false, rotatable=false, networkConnectionEnabled=false, chrome={chromedriverVersion=2.32.498550 (9dec58e66c31bcc53a9ce3c7226f0c1c5810906a), userDataDir=C:\Users\imran\AppData\Local\Temp\scoped_dir11980_25926}, takesHeapSnapshot=true, pageLoadStrategy=normal, unhandledPromptBehavior=, databaseEnabled=false, handlesAlerts=true, version=62.0.3202.94, browserConnectionEnabled=false, nativeEvents=true, locationContextEnabled=true, cssSelectorsEnabled=true}]
Session ID: 39b635aafb871429e80184817ffe2656
*** Element info: {Using=xpath, value=//*[@id="auth-error-message-box"]/div/div/ul/li/span}
	at sun.reflect.NativeConstructorAccessorImpl.newInstance0(Native Method)
	at sun.reflect.NativeConstructorAccessorImpl.newInstance(Unknown Source)
	at sun.reflect.DelegatingConstructorAccessorImpl.newInstance(Unknown Source)
	at java.lang.reflect.Constructor.newInstance(Unknown Source)
	at org.openqa.selenium.remote.ErrorHandler.createThrowable(ErrorHandler.java:214)
	at org.openqa.selenium.remote.ErrorHandler.throwIfResponseFailed(ErrorHandler.java:166)
	at org.openqa.selenium.remote.http.JsonHttpResponseCodec.reconstructValue(JsonHttpResponseCodec.java:40)
	at org.openqa.selenium.remote.http.AbstractHttpResponseCodec.decode(AbstractHttpResponseCodec.java:82)
	at org.openqa.selenium.remote.http.AbstractHttpResponseCodec.decode(AbstractHttpResponseCodec.java:45)
	at org.openqa.selenium.remote.HttpCommandExecutor.execute(HttpCommandExecutor.java:164)
	at org.openqa.selenium.remote.service.DriverCommandExecutor.execute(DriverCommandExecutor.java:83)
	at org.openqa.selenium.remote.RemoteWebDriver.execute(RemoteWebDriver.java:586)
	at org.openqa.selenium.remote.RemoteWebDriver.findElement(RemoteWebDriver.java:356)
	at org.openqa.selenium.remote.RemoteWebDriver.findElementByXPath(RemoteWebDriver.java:458)
	at org.openqa.selenium.By$ByXPath.findElement(By.java:361)
	at org.openqa.selenium.remote.RemoteWebDriver.findElement(RemoteWebDriver.java:348)
	at afterLoginIn.TestSetA.TC_402_Login_NegativeTest(TestSetA.java:78)
	at sun.reflect.NativeMethodAccessorImpl.invoke0(Native Method)
	at sun.reflect.NativeMethodAccessorImpl.invoke(Unknown Source)
	at sun.reflect.DelegatingMethodAccessorImpl.invoke(Unknown Source)
	at java.lang.reflect.Method.invoke(Unknown Source)
	at org.testng.internal.MethodInvocationHelper.invokeMethod(MethodInvocationHelper.java:108)
	at org.testng.internal.Invoker.invokeMethod(Invoker.java:661)
	at org.testng.internal.Invoker.invokeTestMethod(Invoker.java:869)
	at org.testng.internal.Invoker.invokeTestMethods(Invoker.java:1193)
	at org.testng.internal.TestMethodWorker.invokeTestMethods(TestMethodWorker.java:126)
	at org.testng.internal.TestMethodWorker.run(TestMethodWorker.java:109)
	at org.testng.TestRunner.privateRun(TestRunner.java:744)
	at org.testng.TestRunner.run(TestRunner.java:602)
	at org.testng.SuiteRunner.runTest(SuiteRunner.java:380)
	at org.testng.SuiteRunner.runSequentially(SuiteRunner.java:375)
	at org.testng.SuiteRunner.privateRun(SuiteRunner.java:340)
	at org.testng.SuiteRunner.run(SuiteRunner.java:289)
	at org.testng.SuiteRunnerWorker.runSuite(SuiteRunnerWorker.java:52)
	at org.testng.SuiteRunnerWorker.run(SuiteRunnerWorker.java:86)
	at org.testng.TestNG.runSuitesSequentially(TestNG.java:1301)
	at org.testng.TestNG.runSuitesLocally(TestNG.java:1226)
	at org.testng.TestNG.runSuites(TestNG.java:1144)
	at org.testng.TestNG.run(TestNG.java:1115)
	at org.testng.remote.AbstractRemoteTestNG.run(AbstractRemoteTestNG.java:126)
	at org.testng.remote.RemoteTestNG.initAndRun(RemoteTestNG.java:137)
	at org.testng.remote.RemoteTestNG.main(RemoteTestNG.java:58)
]]>
            </full-stacktrace>
          </exception> <!-- org.openqa.selenium.NoSuchElementException -->
          <reporter-output>
          </reporter-output>
        </test-method> <!-- TC_402_Login_NegativeTest -->
        <test-method status="PASS" signature="SetUpPreDataMethod()[pri:0, instance:afterLoginIn.TestSetA@5e3a8624]" name="SetUpPreDataMethod" is-config="true" duration-ms="253" started-at="2017-12-10T21:26:21Z" finished-at="2017-12-10T21:26:21Z">
          <reporter-output>
          </reporter-output>
        </test-method> <!-- SetUpPreDataMethod -->
        <test-method status="PASS" signature="TC_403_VerifyFieldsInLoginPage()[pri:0, instance:afterLoginIn.TestSetA@5e3a8624]" name="TC_403_VerifyFieldsInLoginPage" duration-ms="11707" started-at="2017-12-10T21:26:21Z" finished-at="2017-12-10T21:26:33Z">
          <reporter-output>
          </reporter-output>
        </test-method> <!-- TC_403_VerifyFieldsInLoginPage -->
        <test-method status="PASS" signature="SetUpPreDataMethod()[pri:0, instance:afterLoginIn.TestSetA@5e3a8624]" name="SetUpPreDataMethod" is-config="true" duration-ms="202" started-at="2017-12-10T21:26:33Z" finished-at="2017-12-10T21:26:33Z">
          <reporter-output>
          </reporter-output>
        </test-method> <!-- SetUpPreDataMethod -->
        <test-method status="PASS" signature="TC_404_ToolTip()[pri:0, instance:afterLoginIn.TestSetA@5e3a8624]" name="TC_404_ToolTip" duration-ms="13667" started-at="2017-12-10T21:26:33Z" finished-at="2017-12-10T21:26:47Z">
          <reporter-output>
          </reporter-output>
        </test-method> <!-- TC_404_ToolTip -->
      </class> <!-- afterLoginIn.TestSetA -->
      <class name="automationPractive.TestSetG">
        <test-method status="PASS" signature="SetUpPreDataMethod()[pri:0, instance:automationPractive.TestSetG@6093dd95]" name="SetUpPreDataMethod" is-config="true" duration-ms="810" started-at="2017-12-10T22:20:28Z" finished-at="2017-12-10T22:20:29Z">
          <reporter-output>
          </reporter-output>
        </test-method> <!-- SetUpPreDataMethod -->
        <test-method status="PASS" signature="test_701_display_WebTableCellValues()[pri:0, instance:automationPractive.TestSetG@6093dd95]" name="test_701_display_WebTableCellValues" duration-ms="22655" started-at="2017-12-10T22:20:29Z" finished-at="2017-12-10T22:20:52Z">
          <reporter-output>
          </reporter-output>
        </test-method> <!-- test_701_display_WebTableCellValues -->
      </class> <!-- automationPractive.TestSetG -->
      <class name="amazon.TestSetAmazon">
        <test-method status="PASS" signature="SetUpPreDataMethod()[pri:0, instance:amazon.TestSetAmazon@7cd62f43]" name="SetUpPreDataMethod" is-config="true" duration-ms="153" started-at="2017-12-10T21:53:40Z" finished-at="2017-12-10T21:53:40Z">
          <reporter-output>
          </reporter-output>
        </test-method> <!-- SetUpPreDataMethod -->
        <test-method status="PASS" signature="SearchOnLandingPage()[pri:0, instance:amazon.TestSetAmazon@7cd62f43]" name="SearchOnLandingPage" duration-ms="100627" started-at="2017-12-10T21:53:40Z" finished-at="2017-12-10T21:55:21Z">
          <reporter-output>
          </reporter-output>
        </test-method> <!-- SearchOnLandingPage -->
        <test-method status="PASS" signature="SetUpPreDataMethod()[pri:0, instance:amazon.TestSetAmazon@7cd62f43]" name="SetUpPreDataMethod" is-config="true" duration-ms="253" started-at="2017-12-10T21:55:21Z" finished-at="2017-12-10T21:55:21Z">
          <reporter-output>
          </reporter-output>
        </test-method> <!-- SetUpPreDataMethod -->
        <test-method status="FAIL" signature="TC_102()[pri:0, instance:amazon.TestSetAmazon@7cd62f43]" name="TC_102" duration-ms="431266" started-at="2017-12-10T21:55:21Z" finished-at="2017-12-10T22:02:32Z">
          <exception class="org.openqa.selenium.TimeoutException">
            <message>
              <![CDATA[timeout
  (Session info: chrome=62.0.3202.94)
  (Driver info: chromedriver=2.32.498550 (9dec58e66c31bcc53a9ce3c7226f0c1c5810906a),platform=Windows NT 10.0.16299 x86_64) (WARNING: The server did not provide any stacktrace information)
Command duration or timeout: 0 milliseconds
Build info: version: '3.6.0', revision: '6fbf3ec767', time: '2017-09-27T16:15:40.131Z'
System info: host: 'DESKTOP-75OLIUH', ip: '192.168.112.1', os.name: 'Windows 10', os.arch: 'amd64', os.version: '10.0', java.version: '1.8.0_144'
Driver info: org.openqa.selenium.chrome.ChromeDriver
Capabilities [{mobileEmulationEnabled=false, hasTouchScreen=false, platform=XP, acceptSslCerts=true, webStorageEnabled=true, browserName=chrome, takesScreenshot=true, javascriptEnabled=true, platformName=XP, setWindowRect=true, unexpectedAlertBehaviour=, applicationCacheEnabled=false, rotatable=false, networkConnectionEnabled=false, chrome={chromedriverVersion=2.32.498550 (9dec58e66c31bcc53a9ce3c7226f0c1c5810906a), userDataDir=C:\Users\imran\AppData\Local\Temp\scoped_dir508_28020}, takesHeapSnapshot=true, pageLoadStrategy=normal, unhandledPromptBehavior=, databaseEnabled=false, handlesAlerts=true, version=62.0.3202.94, browserConnectionEnabled=false, nativeEvents=true, locationContextEnabled=true, cssSelectorsEnabled=true}]
Session ID: 0d108c824617aff1c2b7babe98167982
*** Element info: {Using=id, value=searchDropdownBox}]]>
            </message>
            <full-stacktrace>
              <![CDATA[org.openqa.selenium.TimeoutException: timeout
  (Session info: chrome=62.0.3202.94)
  (Driver info: chromedriver=2.32.498550 (9dec58e66c31bcc53a9ce3c7226f0c1c5810906a),platform=Windows NT 10.0.16299 x86_64) (WARNING: The server did not provide any stacktrace information)
Command duration or timeout: 0 milliseconds
Build info: version: '3.6.0', revision: '6fbf3ec767', time: '2017-09-27T16:15:40.131Z'
System info: host: 'DESKTOP-75OLIUH', ip: '192.168.112.1', os.name: 'Windows 10', os.arch: 'amd64', os.version: '10.0', java.version: '1.8.0_144'
Driver info: org.openqa.selenium.chrome.ChromeDriver
Capabilities [{mobileEmulationEnabled=false, hasTouchScreen=false, platform=XP, acceptSslCerts=true, webStorageEnabled=true, browserName=chrome, takesScreenshot=true, javascriptEnabled=true, platformName=XP, setWindowRect=true, unexpectedAlertBehaviour=, applicationCacheEnabled=false, rotatable=false, networkConnectionEnabled=false, chrome={chromedriverVersion=2.32.498550 (9dec58e66c31bcc53a9ce3c7226f0c1c5810906a), userDataDir=C:\Users\imran\AppData\Local\Temp\scoped_dir508_28020}, takesHeapSnapshot=true, pageLoadStrategy=normal, unhandledPromptBehavior=, databaseEnabled=false, handlesAlerts=true, version=62.0.3202.94, browserConnectionEnabled=false, nativeEvents=true, locationContextEnabled=true, cssSelectorsEnabled=true}]
Session ID: 0d108c824617aff1c2b7babe98167982
*** Element info: {Using=id, value=searchDropdownBox}
	at sun.reflect.NativeConstructorAccessorImpl.newInstance0(Native Method)
	at sun.reflect.NativeConstructorAccessorImpl.newInstance(Unknown Source)
	at sun.reflect.DelegatingConstructorAccessorImpl.newInstance(Unknown Source)
	at java.lang.reflect.Constructor.newInstance(Unknown Source)
	at org.openqa.selenium.remote.ErrorHandler.createThrowable(ErrorHandler.java:214)
	at org.openqa.selenium.remote.ErrorHandler.throwIfResponseFailed(ErrorHandler.java:166)
	at org.openqa.selenium.remote.http.JsonHttpResponseCodec.reconstructValue(JsonHttpResponseCodec.java:40)
	at org.openqa.selenium.remote.http.AbstractHttpResponseCodec.decode(AbstractHttpResponseCodec.java:82)
	at org.openqa.selenium.remote.http.AbstractHttpResponseCodec.decode(AbstractHttpResponseCodec.java:45)
	at org.openqa.selenium.remote.HttpCommandExecutor.execute(HttpCommandExecutor.java:164)
	at org.openqa.selenium.remote.service.DriverCommandExecutor.execute(DriverCommandExecutor.java:83)
	at org.openqa.selenium.remote.RemoteWebDriver.execute(RemoteWebDriver.java:586)
	at org.openqa.selenium.remote.RemoteWebDriver.findElement(RemoteWebDriver.java:356)
	at org.openqa.selenium.remote.RemoteWebDriver.findElementById(RemoteWebDriver.java:402)
	at org.openqa.selenium.By$ById.findElement(By.java:218)
	at org.openqa.selenium.remote.RemoteWebDriver.findElement(RemoteWebDriver.java:348)
	at amazon.TestSetAmazon.TC_102(TestSetAmazon.java:93)
	at sun.reflect.NativeMethodAccessorImpl.invoke0(Native Method)
	at sun.reflect.NativeMethodAccessorImpl.invoke(Unknown Source)
	at sun.reflect.DelegatingMethodAccessorImpl.invoke(Unknown Source)
	at java.lang.reflect.Method.invoke(Unknown Source)
	at org.testng.internal.MethodInvocationHelper.invokeMethod(MethodInvocationHelper.java:108)
	at org.testng.internal.Invoker.invokeMethod(Invoker.java:661)
	at org.testng.internal.Invoker.invokeTestMethod(Invoker.java:869)
	at org.testng.internal.Invoker.invokeTestMethods(Invoker.java:1193)
	at org.testng.internal.TestMethodWorker.invokeTestMethods(TestMethodWorker.java:126)
	at org.testng.internal.TestMethodWorker.run(TestMethodWorker.java:109)
	at org.testng.TestRunner.privateRun(TestRunner.java:744)
	at org.testng.TestRunner.run(TestRunner.java:602)
	at org.testng.SuiteRunner.runTest(SuiteRunner.java:380)
	at org.testng.SuiteRunner.runSequentially(SuiteRunner.java:375)
	at org.testng.SuiteRunner.privateRun(SuiteRunner.java:340)
	at org.testng.SuiteRunner.run(SuiteRunner.java:289)
	at org.testng.SuiteRunnerWorker.runSuite(SuiteRunnerWorker.java:52)
	at org.testng.SuiteRunnerWorker.run(SuiteRunnerWorker.java:86)
	at org.testng.TestNG.runSuitesSequentially(TestNG.java:1301)
	at org.testng.TestNG.runSuitesLocally(TestNG.java:1226)
	at org.testng.TestNG.runSuites(TestNG.java:1144)
	at org.testng.TestNG.run(TestNG.java:1115)
	at org.testng.remote.AbstractRemoteTestNG.run(AbstractRemoteTestNG.java:126)
	at org.testng.remote.RemoteTestNG.initAndRun(RemoteTestNG.java:137)
	at org.testng.remote.RemoteTestNG.main(RemoteTestNG.java:58)
]]>
            </full-stacktrace>
          </exception> <!-- org.openqa.selenium.TimeoutException -->
          <reporter-output>
          </reporter-output>
        </test-method> <!-- TC_102 -->
        <test-method status="PASS" signature="SetUpPreDataMethod()[pri:0, instance:amazon.TestSetAmazon@7cd62f43]" name="SetUpPreDataMethod" is-config="true" duration-ms="403" started-at="2017-12-10T22:02:32Z" finished-at="2017-12-10T22:02:33Z">
          <reporter-output>
          </reporter-output>
        </test-method> <!-- SetUpPreDataMethod -->
        <test-method status="FAIL" signature="TestCase_103()[pri:0, instance:amazon.TestSetAmazon@7cd62f43]" name="TestCase_103" duration-ms="56909" started-at="2017-12-10T22:02:33Z" finished-at="2017-12-10T22:03:30Z">
          <exception class="junit.framework.ComparisonFailure">
            <message>
              <![CDATA[expected:<[Pass]> but was:<[Fail]>]]>
            </message>
            <full-stacktrace>
              <![CDATA[junit.framework.ComparisonFailure: expected:<[Pass]> but was:<[Fail]>
	at junit.framework.Assert.assertEquals(Assert.java:100)
	at junit.framework.Assert.assertEquals(Assert.java:107)
	at amazon.TestSetAmazon.TestCase_103(TestSetAmazon.java:133)
	at sun.reflect.NativeMethodAccessorImpl.invoke0(Native Method)
	at sun.reflect.NativeMethodAccessorImpl.invoke(Unknown Source)
	at sun.reflect.DelegatingMethodAccessorImpl.invoke(Unknown Source)
	at java.lang.reflect.Method.invoke(Unknown Source)
	at org.testng.internal.MethodInvocationHelper.invokeMethod(MethodInvocationHelper.java:108)
	at org.testng.internal.Invoker.invokeMethod(Invoker.java:661)
	at org.testng.internal.Invoker.invokeTestMethod(Invoker.java:869)
	at org.testng.internal.Invoker.invokeTestMethods(Invoker.java:1193)
	at org.testng.internal.TestMethodWorker.invokeTestMethods(TestMethodWorker.java:126)
	at org.testng.internal.TestMethodWorker.run(TestMethodWorker.java:109)
	at org.testng.TestRunner.privateRun(TestRunner.java:744)
	at org.testng.TestRunner.run(TestRunner.java:602)
	at org.testng.SuiteRunner.runTest(SuiteRunner.java:380)
	at org.testng.SuiteRunner.runSequentially(SuiteRunner.java:375)
	at org.testng.SuiteRunner.privateRun(SuiteRunner.java:340)
	at org.testng.SuiteRunner.run(SuiteRunner.java:289)
	at org.testng.SuiteRunnerWorker.runSuite(SuiteRunnerWorker.java:52)
	at org.testng.SuiteRunnerWorker.run(SuiteRunnerWorker.java:86)
	at org.testng.TestNG.runSuitesSequentially(TestNG.java:1301)
	at org.testng.TestNG.runSuitesLocally(TestNG.java:1226)
	at org.testng.TestNG.runSuites(TestNG.java:1144)
	at org.testng.TestNG.run(TestNG.java:1115)
	at org.testng.remote.AbstractRemoteTestNG.run(AbstractRemoteTestNG.java:126)
	at org.testng.remote.RemoteTestNG.initAndRun(RemoteTestNG.java:137)
	at org.testng.remote.RemoteTestNG.main(RemoteTestNG.java:58)
]]>
            </full-stacktrace>
          </exception> <!-- junit.framework.ComparisonFailure -->
          <reporter-output>
          </reporter-output>
        </test-method> <!-- TestCase_103 -->
        <test-method status="PASS" signature="SetUpPreDataMethod()[pri:0, instance:amazon.TestSetAmazon@7cd62f43]" name="SetUpPreDataMethod" is-config="true" duration-ms="403" started-at="2017-12-10T22:03:30Z" finished-at="2017-12-10T22:03:30Z">
          <reporter-output>
          </reporter-output>
        </test-method> <!-- SetUpPreDataMethod -->
        <test-method status="PASS" signature="TestCase_104()[pri:0, instance:amazon.TestSetAmazon@7cd62f43]" name="TestCase_104" duration-ms="67043" started-at="2017-12-10T22:03:30Z" finished-at="2017-12-10T22:04:37Z">
          <reporter-output>
          </reporter-output>
        </test-method> <!-- TestCase_104 -->
        <test-method status="PASS" signature="SetUpPreDataMethod()[pri:0, instance:amazon.TestSetAmazon@7cd62f43]" name="SetUpPreDataMethod" is-config="true" duration-ms="8349" started-at="2017-12-10T22:04:37Z" finished-at="2017-12-10T22:04:46Z">
          <reporter-output>
          </reporter-output>
        </test-method> <!-- SetUpPreDataMethod -->
        <test-method status="PASS" signature="TestCase_105()[pri:0, instance:amazon.TestSetAmazon@7cd62f43]" name="TestCase_105" duration-ms="212949" started-at="2017-12-10T22:04:46Z" finished-at="2017-12-10T22:08:18Z">
          <reporter-output>
          </reporter-output>
        </test-method> <!-- TestCase_105 -->
        <test-method status="PASS" signature="SetUpPreDataMethod()[pri:0, instance:amazon.TestSetAmazon@7cd62f43]" name="SetUpPreDataMethod" is-config="true" duration-ms="409" started-at="2017-12-10T22:08:18Z" finished-at="2017-12-10T22:08:19Z">
          <reporter-output>
          </reporter-output>
        </test-method> <!-- SetUpPreDataMethod -->
        <test-method status="PASS" signature="TestCase_106_UpAndDown()[pri:0, instance:amazon.TestSetAmazon@7cd62f43]" name="TestCase_106_UpAndDown" duration-ms="59804" started-at="2017-12-10T22:08:19Z" finished-at="2017-12-10T22:09:19Z">
          <reporter-output>
          </reporter-output>
        </test-method> <!-- TestCase_106_UpAndDown -->
      </class> <!-- amazon.TestSetAmazon -->
      <class name="walmart.TestSetB">
        <test-method status="PASS" signature="SetUpPreDataMethod()[pri:0, instance:walmart.TestSetB@5c3bd550]" name="SetUpPreDataMethod" is-config="true" duration-ms="1181" started-at="2017-12-10T21:26:47Z" finished-at="2017-12-10T21:26:48Z">
          <reporter-output>
          </reporter-output>
        </test-method> <!-- SetUpPreDataMethod -->
        <test-method status="PASS" signature="TC_501_UsersAreAbleToSearch()[pri:0, instance:walmart.TestSetB@5c3bd550]" name="TC_501_UsersAreAbleToSearch" duration-ms="148558" started-at="2017-12-10T21:26:48Z" finished-at="2017-12-10T21:29:17Z">
          <reporter-output>
          </reporter-output>
        </test-method> <!-- TC_501_UsersAreAbleToSearch -->
        <test-method status="PASS" signature="SetUpPreDataMethod()[pri:0, instance:walmart.TestSetB@5c3bd550]" name="SetUpPreDataMethod" is-config="true" duration-ms="806" started-at="2017-12-10T21:29:17Z" finished-at="2017-12-10T21:29:17Z">
          <reporter-output>
          </reporter-output>
        </test-method> <!-- SetUpPreDataMethod -->
        <test-method status="PASS" signature="TC_502_SelectDropdownValue()[pri:0, instance:walmart.TestSetB@5c3bd550]" name="TC_502_SelectDropdownValue" duration-ms="74880" started-at="2017-12-10T21:29:17Z" finished-at="2017-12-10T21:30:32Z">
          <reporter-output>
          </reporter-output>
        </test-method> <!-- TC_502_SelectDropdownValue -->
        <test-method status="PASS" signature="SetUpPreDataMethod()[pri:0, instance:walmart.TestSetB@5c3bd550]" name="SetUpPreDataMethod" is-config="true" duration-ms="914" started-at="2017-12-10T21:30:32Z" finished-at="2017-12-10T21:30:33Z">
          <reporter-output>
          </reporter-output>
        </test-method> <!-- SetUpPreDataMethod -->
        <test-method status="FAIL" signature="TC_503_mouseOver()[pri:0, instance:walmart.TestSetB@5c3bd550]" name="TC_503_mouseOver" duration-ms="14656" started-at="2017-12-10T21:30:33Z" finished-at="2017-12-10T21:30:48Z">
          <exception class="org.openqa.selenium.NoSuchElementException">
            <message>
              <![CDATA[no such element: Unable to locate element: {"method":"id","selector":"header-GlobalEyebrowNav-button-0"}
  (Session info: chrome=62.0.3202.94)
  (Driver info: chromedriver=2.32.498550 (9dec58e66c31bcc53a9ce3c7226f0c1c5810906a),platform=Windows NT 10.0.16299 x86_64) (WARNING: The server did not provide any stacktrace information)
Command duration or timeout: 0 milliseconds
For documentation on this error, please visit: http://seleniumhq.org/exceptions/no_such_element.html
Build info: version: '3.6.0', revision: '6fbf3ec767', time: '2017-09-27T16:15:40.131Z'
System info: host: 'DESKTOP-75OLIUH', ip: '192.168.112.1', os.name: 'Windows 10', os.arch: 'amd64', os.version: '10.0', java.version: '1.8.0_144'
Driver info: org.openqa.selenium.chrome.ChromeDriver
Capabilities [{mobileEmulationEnabled=false, hasTouchScreen=false, platform=XP, acceptSslCerts=true, webStorageEnabled=true, browserName=chrome, takesScreenshot=true, javascriptEnabled=true, platformName=XP, setWindowRect=true, unexpectedAlertBehaviour=, applicationCacheEnabled=false, rotatable=false, networkConnectionEnabled=false, chrome={chromedriverVersion=2.32.498550 (9dec58e66c31bcc53a9ce3c7226f0c1c5810906a), userDataDir=C:\Users\imran\AppData\Local\Temp\scoped_dir2528_31331}, takesHeapSnapshot=true, pageLoadStrategy=normal, unhandledPromptBehavior=, databaseEnabled=false, handlesAlerts=true, version=62.0.3202.94, browserConnectionEnabled=false, nativeEvents=true, locationContextEnabled=true, cssSelectorsEnabled=true}]
Session ID: 0dfae8f703a5f82734e6fd8a04f16fbf
*** Element info: {Using=id, value=header-GlobalEyebrowNav-button-0}]]>
            </message>
            <full-stacktrace>
              <![CDATA[org.openqa.selenium.NoSuchElementException: no such element: Unable to locate element: {"method":"id","selector":"header-GlobalEyebrowNav-button-0"}
  (Session info: chrome=62.0.3202.94)
  (Driver info: chromedriver=2.32.498550 (9dec58e66c31bcc53a9ce3c7226f0c1c5810906a),platform=Windows NT 10.0.16299 x86_64) (WARNING: The server did not provide any stacktrace information)
Command duration or timeout: 0 milliseconds
For documentation on this error, please visit: http://seleniumhq.org/exceptions/no_such_element.html
Build info: version: '3.6.0', revision: '6fbf3ec767', time: '2017-09-27T16:15:40.131Z'
System info: host: 'DESKTOP-75OLIUH', ip: '192.168.112.1', os.name: 'Windows 10', os.arch: 'amd64', os.version: '10.0', java.version: '1.8.0_144'
Driver info: org.openqa.selenium.chrome.ChromeDriver
Capabilities [{mobileEmulationEnabled=false, hasTouchScreen=false, platform=XP, acceptSslCerts=true, webStorageEnabled=true, browserName=chrome, takesScreenshot=true, javascriptEnabled=true, platformName=XP, setWindowRect=true, unexpectedAlertBehaviour=, applicationCacheEnabled=false, rotatable=false, networkConnectionEnabled=false, chrome={chromedriverVersion=2.32.498550 (9dec58e66c31bcc53a9ce3c7226f0c1c5810906a), userDataDir=C:\Users\imran\AppData\Local\Temp\scoped_dir2528_31331}, takesHeapSnapshot=true, pageLoadStrategy=normal, unhandledPromptBehavior=, databaseEnabled=false, handlesAlerts=true, version=62.0.3202.94, browserConnectionEnabled=false, nativeEvents=true, locationContextEnabled=true, cssSelectorsEnabled=true}]
Session ID: 0dfae8f703a5f82734e6fd8a04f16fbf
*** Element info: {Using=id, value=header-GlobalEyebrowNav-button-0}
	at sun.reflect.NativeConstructorAccessorImpl.newInstance0(Native Method)
	at sun.reflect.NativeConstructorAccessorImpl.newInstance(Unknown Source)
	at sun.reflect.DelegatingConstructorAccessorImpl.newInstance(Unknown Source)
	at java.lang.reflect.Constructor.newInstance(Unknown Source)
	at org.openqa.selenium.remote.ErrorHandler.createThrowable(ErrorHandler.java:214)
	at org.openqa.selenium.remote.ErrorHandler.throwIfResponseFailed(ErrorHandler.java:166)
	at org.openqa.selenium.remote.http.JsonHttpResponseCodec.reconstructValue(JsonHttpResponseCodec.java:40)
	at org.openqa.selenium.remote.http.AbstractHttpResponseCodec.decode(AbstractHttpResponseCodec.java:82)
	at org.openqa.selenium.remote.http.AbstractHttpResponseCodec.decode(AbstractHttpResponseCodec.java:45)
	at org.openqa.selenium.remote.HttpCommandExecutor.execute(HttpCommandExecutor.java:164)
	at org.openqa.selenium.remote.service.DriverCommandExecutor.execute(DriverCommandExecutor.java:83)
	at org.openqa.selenium.remote.RemoteWebDriver.execute(RemoteWebDriver.java:586)
	at org.openqa.selenium.remote.RemoteWebDriver.findElement(RemoteWebDriver.java:356)
	at org.openqa.selenium.remote.RemoteWebDriver.findElementById(RemoteWebDriver.java:402)
	at org.openqa.selenium.By$ById.findElement(By.java:218)
	at org.openqa.selenium.remote.RemoteWebDriver.findElement(RemoteWebDriver.java:348)
	at walmart.TestSetB.TC_503_mouseOver(TestSetB.java:117)
	at sun.reflect.NativeMethodAccessorImpl.invoke0(Native Method)
	at sun.reflect.NativeMethodAccessorImpl.invoke(Unknown Source)
	at sun.reflect.DelegatingMethodAccessorImpl.invoke(Unknown Source)
	at java.lang.reflect.Method.invoke(Unknown Source)
	at org.testng.internal.MethodInvocationHelper.invokeMethod(MethodInvocationHelper.java:108)
	at org.testng.internal.Invoker.invokeMethod(Invoker.java:661)
	at org.testng.internal.Invoker.invokeTestMethod(Invoker.java:869)
	at org.testng.internal.Invoker.invokeTestMethods(Invoker.java:1193)
	at org.testng.internal.TestMethodWorker.invokeTestMethods(TestMethodWorker.java:126)
	at org.testng.internal.TestMethodWorker.run(TestMethodWorker.java:109)
	at org.testng.TestRunner.privateRun(TestRunner.java:744)
	at org.testng.TestRunner.run(TestRunner.java:602)
	at org.testng.SuiteRunner.runTest(SuiteRunner.java:380)
	at org.testng.SuiteRunner.runSequentially(SuiteRunner.java:375)
	at org.testng.SuiteRunner.privateRun(SuiteRunner.java:340)
	at org.testng.SuiteRunner.run(SuiteRunner.java:289)
	at org.testng.SuiteRunnerWorker.runSuite(SuiteRunnerWorker.java:52)
	at org.testng.SuiteRunnerWorker.run(SuiteRunnerWorker.java:86)
	at org.testng.TestNG.runSuitesSequentially(TestNG.java:1301)
	at org.testng.TestNG.runSuitesLocally(TestNG.java:1226)
	at org.testng.TestNG.runSuites(TestNG.java:1144)
	at org.testng.TestNG.run(TestNG.java:1115)
	at org.testng.remote.AbstractRemoteTestNG.run(AbstractRemoteTestNG.java:126)
	at org.testng.remote.RemoteTestNG.initAndRun(RemoteTestNG.java:137)
	at org.testng.remote.RemoteTestNG.main(RemoteTestNG.java:58)
]]>
            </full-stacktrace>
          </exception> <!-- org.openqa.selenium.NoSuchElementException -->
          <reporter-output>
          </reporter-output>
        </test-method> <!-- TC_503_mouseOver -->
        <test-method status="PASS" signature="SetUpPreDataMethod()[pri:0, instance:walmart.TestSetB@5c3bd550]" name="SetUpPreDataMethod" is-config="true" duration-ms="859" started-at="2017-12-10T21:30:48Z" finished-at="2017-12-10T21:30:49Z">
          <reporter-output>
          </reporter-output>
        </test-method> <!-- SetUpPreDataMethod -->
        <test-method status="PASS" signature="TC_504_Credit_Cards()[pri:0, instance:walmart.TestSetB@5c3bd550]" name="TC_504_Credit_Cards" duration-ms="106326" started-at="2017-12-10T21:30:49Z" finished-at="2017-12-10T21:32:35Z">
          <reporter-output>
          </reporter-output>
        </test-method> <!-- TC_504_Credit_Cards -->
        <test-method status="PASS" signature="SetUpPreDataMethod()[pri:0, instance:walmart.TestSetB@5c3bd550]" name="SetUpPreDataMethod" is-config="true" duration-ms="909" started-at="2017-12-10T21:32:35Z" finished-at="2017-12-10T21:32:36Z">
          <reporter-output>
          </reporter-output>
        </test-method> <!-- SetUpPreDataMethod -->
        <test-method status="PASS" signature="TC_506_StoreFinder_FireFoxBrowser()[pri:0, instance:walmart.TestSetB@5c3bd550]" name="TC_506_StoreFinder_FireFoxBrowser" duration-ms="47251" started-at="2017-12-10T21:32:36Z" finished-at="2017-12-10T21:33:23Z">
          <reporter-output>
          </reporter-output>
        </test-method> <!-- TC_506_StoreFinder_FireFoxBrowser -->
        <test-method status="PASS" signature="SetUpPreDataMethod()[pri:0, instance:walmart.TestSetB@5c3bd550]" name="SetUpPreDataMethod" is-config="true" duration-ms="911" started-at="2017-12-10T21:33:23Z" finished-at="2017-12-10T21:33:24Z">
          <reporter-output>
          </reporter-output>
        </test-method> <!-- SetUpPreDataMethod -->
        <test-method status="PASS" signature="TC_506_StoreFinder_GoogleChromeBrowser()[pri:0, instance:walmart.TestSetB@5c3bd550]" name="TC_506_StoreFinder_GoogleChromeBrowser" duration-ms="40566" started-at="2017-12-10T21:33:24Z" finished-at="2017-12-10T21:34:05Z">
          <reporter-output>
          </reporter-output>
        </test-method> <!-- TC_506_StoreFinder_GoogleChromeBrowser -->
        <test-method status="PASS" signature="SetUpPreDataMethod()[pri:0, instance:walmart.TestSetB@5c3bd550]" name="SetUpPreDataMethod" is-config="true" duration-ms="854" started-at="2017-12-10T21:34:05Z" finished-at="2017-12-10T21:34:06Z">
          <reporter-output>
          </reporter-output>
        </test-method> <!-- SetUpPreDataMethod -->
        <test-method status="FAIL" signature="TC_506_StoreFinder_InternetExplorerBrowser()[pri:0, instance:walmart.TestSetB@5c3bd550]" name="TC_506_StoreFinder_InternetExplorerBrowser" duration-ms="2920" started-at="2017-12-10T21:34:06Z" finished-at="2017-12-10T21:34:08Z">
          <exception class="org.openqa.selenium.WebDriverException">
            <message>
              <![CDATA[Failed to navigate to http://www.walmart.com. This usually means that a call to the COM method IWebBrowser2::Navigate2() failed.
Build info: version: '3.6.0', revision: '6fbf3ec767', time: '2017-09-27T16:15:40.131Z'
System info: host: 'DESKTOP-75OLIUH', ip: '192.168.112.1', os.name: 'Windows 10', os.arch: 'amd64', os.version: '10.0', java.version: '1.8.0_144'
Driver info: org.openqa.selenium.ie.InternetExplorerDriver
Capabilities [{acceptInsecureCerts=false, browserVersion=11, se:ieOptions={nativeEvents=true, browserAttachTimeout=0, ie.ensureCleanSession=false, elementScrollBehavior=0, enablePersistentHover=true, ie.browserCommandLineSwitches=, ie.forceCreateProcessApi=false, requireWindowFocus=false, initialBrowserUrl=http://localhost:37818/, ignoreZoomSetting=false, ie.fileUploadDialogTimeout=3000, ignoreProtectedModeSettings=false}, browserName=internet explorer, pageLoadStrategy=normal, javascriptEnabled=true, platformName=WINDOWS, setWindowRect=true, platform=WINDOWS}]
Session ID: b6a6699f-e38f-42e6-8350-ce69312f84f8]]>
            </message>
            <full-stacktrace>
              <![CDATA[org.openqa.selenium.WebDriverException: Failed to navigate to http://www.walmart.com. This usually means that a call to the COM method IWebBrowser2::Navigate2() failed.
Build info: version: '3.6.0', revision: '6fbf3ec767', time: '2017-09-27T16:15:40.131Z'
System info: host: 'DESKTOP-75OLIUH', ip: '192.168.112.1', os.name: 'Windows 10', os.arch: 'amd64', os.version: '10.0', java.version: '1.8.0_144'
Driver info: org.openqa.selenium.ie.InternetExplorerDriver
Capabilities [{acceptInsecureCerts=false, browserVersion=11, se:ieOptions={nativeEvents=true, browserAttachTimeout=0, ie.ensureCleanSession=false, elementScrollBehavior=0, enablePersistentHover=true, ie.browserCommandLineSwitches=, ie.forceCreateProcessApi=false, requireWindowFocus=false, initialBrowserUrl=http://localhost:37818/, ignoreZoomSetting=false, ie.fileUploadDialogTimeout=3000, ignoreProtectedModeSettings=false}, browserName=internet explorer, pageLoadStrategy=normal, javascriptEnabled=true, platformName=WINDOWS, setWindowRect=true, platform=WINDOWS}]
Session ID: b6a6699f-e38f-42e6-8350-ce69312f84f8
	at sun.reflect.NativeConstructorAccessorImpl.newInstance0(Native Method)
	at sun.reflect.NativeConstructorAccessorImpl.newInstance(Unknown Source)
	at sun.reflect.DelegatingConstructorAccessorImpl.newInstance(Unknown Source)
	at java.lang.reflect.Constructor.newInstance(Unknown Source)
	at org.openqa.selenium.remote.http.W3CHttpResponseCodec.createException(W3CHttpResponseCodec.java:185)
	at org.openqa.selenium.remote.http.W3CHttpResponseCodec.decode(W3CHttpResponseCodec.java:120)
	at org.openqa.selenium.remote.http.W3CHttpResponseCodec.decode(W3CHttpResponseCodec.java:49)
	at org.openqa.selenium.remote.HttpCommandExecutor.execute(HttpCommandExecutor.java:164)
	at org.openqa.selenium.remote.service.DriverCommandExecutor.execute(DriverCommandExecutor.java:83)
	at org.openqa.selenium.remote.RemoteWebDriver.execute(RemoteWebDriver.java:586)
	at org.openqa.selenium.remote.RemoteWebDriver.get(RemoteWebDriver.java:310)
	at afterLoginIn.CommonAPI.getDriver(CommonAPI.java:115)
	at walmart.TestSetB.StoreFinder(TestSetB.java:218)
	at walmart.TestSetB.TC_506_StoreFinder_InternetExplorerBrowser(TestSetB.java:267)
	at sun.reflect.NativeMethodAccessorImpl.invoke0(Native Method)
	at sun.reflect.NativeMethodAccessorImpl.invoke(Unknown Source)
	at sun.reflect.DelegatingMethodAccessorImpl.invoke(Unknown Source)
	at java.lang.reflect.Method.invoke(Unknown Source)
	at org.testng.internal.MethodInvocationHelper.invokeMethod(MethodInvocationHelper.java:108)
	at org.testng.internal.Invoker.invokeMethod(Invoker.java:661)
	at org.testng.internal.Invoker.invokeTestMethod(Invoker.java:869)
	at org.testng.internal.Invoker.invokeTestMethods(Invoker.java:1193)
	at org.testng.internal.TestMethodWorker.invokeTestMethods(TestMethodWorker.java:126)
	at org.testng.internal.TestMethodWorker.run(TestMethodWorker.java:109)
	at org.testng.TestRunner.privateRun(TestRunner.java:744)
	at org.testng.TestRunner.run(TestRunner.java:602)
	at org.testng.SuiteRunner.runTest(SuiteRunner.java:380)
	at org.testng.SuiteRunner.runSequentially(SuiteRunner.java:375)
	at org.testng.SuiteRunner.privateRun(SuiteRunner.java:340)
	at org.testng.SuiteRunner.run(SuiteRunner.java:289)
	at org.testng.SuiteRunnerWorker.runSuite(SuiteRunnerWorker.java:52)
	at org.testng.SuiteRunnerWorker.run(SuiteRunnerWorker.java:86)
	at org.testng.TestNG.runSuitesSequentially(TestNG.java:1301)
	at org.testng.TestNG.runSuitesLocally(TestNG.java:1226)
	at org.testng.TestNG.runSuites(TestNG.java:1144)
	at org.testng.TestNG.run(TestNG.java:1115)
	at org.testng.remote.AbstractRemoteTestNG.run(AbstractRemoteTestNG.java:126)
	at org.testng.remote.RemoteTestNG.initAndRun(RemoteTestNG.java:137)
	at org.testng.remote.RemoteTestNG.main(RemoteTestNG.java:58)
]]>
            </full-stacktrace>
          </exception> <!-- org.openqa.selenium.WebDriverException -->
          <reporter-output>
          </reporter-output>
        </test-method> <!-- TC_506_StoreFinder_InternetExplorerBrowser -->
        <test-method status="PASS" signature="SetUpPreDataMethod()[pri:0, instance:walmart.TestSetB@5c3bd550]" name="SetUpPreDataMethod" is-config="true" duration-ms="808" started-at="2017-12-10T21:34:08Z" finished-at="2017-12-10T21:34:09Z">
          <reporter-output>
          </reporter-output>
        </test-method> <!-- SetUpPreDataMethod -->
        <test-method status="PASS" signature="TC_506_StoreFinder_MicrosoftEdgeBrowser()[pri:0, instance:walmart.TestSetB@5c3bd550]" name="TC_506_StoreFinder_MicrosoftEdgeBrowser" duration-ms="38106" started-at="2017-12-10T21:34:09Z" finished-at="2017-12-10T21:34:47Z">
          <reporter-output>
          </reporter-output>
        </test-method> <!-- TC_506_StoreFinder_MicrosoftEdgeBrowser -->
        <test-method status="PASS" signature="SetUpPreDataMethod()[pri:0, instance:walmart.TestSetB@5c3bd550]" name="SetUpPreDataMethod" is-config="true" duration-ms="970" started-at="2017-12-10T21:34:47Z" finished-at="2017-12-10T21:34:48Z">
          <reporter-output>
          </reporter-output>
        </test-method> <!-- SetUpPreDataMethod -->
        <test-method status="PASS" signature="TC_510_WeeklyAdd_GoogleChrome()[pri:0, instance:walmart.TestSetB@5c3bd550]" name="TC_510_WeeklyAdd_GoogleChrome" duration-ms="59871" started-at="2017-12-10T21:34:48Z" finished-at="2017-12-10T21:35:48Z">
          <reporter-output>
          </reporter-output>
        </test-method> <!-- TC_510_WeeklyAdd_GoogleChrome -->
        <test-method status="PASS" signature="SetUpPreDataMethod()[pri:0, instance:walmart.TestSetB@5c3bd550]" name="SetUpPreDataMethod" is-config="true" duration-ms="857" started-at="2017-12-10T21:35:48Z" finished-at="2017-12-10T21:35:49Z">
          <reporter-output>
          </reporter-output>
        </test-method> <!-- SetUpPreDataMethod -->
        <test-method status="PASS" signature="TC_511_WeeklyAdd_Firefox()[pri:0, instance:walmart.TestSetB@5c3bd550]" name="TC_511_WeeklyAdd_Firefox" duration-ms="66774" started-at="2017-12-10T21:35:49Z" finished-at="2017-12-10T21:36:56Z">
          <reporter-output>
          </reporter-output>
        </test-method> <!-- TC_511_WeeklyAdd_Firefox -->
        <test-method status="PASS" signature="SetUpPreDataMethod()[pri:0, instance:walmart.TestSetB@5c3bd550]" name="SetUpPreDataMethod" is-config="true" duration-ms="1217" started-at="2017-12-10T21:36:56Z" finished-at="2017-12-10T21:36:57Z">
          <reporter-output>
          </reporter-output>
        </test-method> <!-- SetUpPreDataMethod -->
        <test-method status="PASS" signature="TC_512_WeeklyAdd_MicorsoftEdge()[pri:0, instance:walmart.TestSetB@5c3bd550]" name="TC_512_WeeklyAdd_MicorsoftEdge" duration-ms="57307" started-at="2017-12-10T21:36:57Z" finished-at="2017-12-10T21:37:54Z">
          <reporter-output>
          </reporter-output>
        </test-method> <!-- TC_512_WeeklyAdd_MicorsoftEdge -->
        <test-method status="PASS" signature="SetUpPreDataMethod()[pri:0, instance:walmart.TestSetB@5c3bd550]" name="SetUpPreDataMethod" is-config="true" duration-ms="815" started-at="2017-12-10T21:37:54Z" finished-at="2017-12-10T21:37:55Z">
          <reporter-output>
          </reporter-output>
        </test-method> <!-- SetUpPreDataMethod -->
        <test-method status="FAIL" signature="TC_513_WeeklyAdd_InternetExplorer()[pri:0, instance:walmart.TestSetB@5c3bd550]" name="TC_513_WeeklyAdd_InternetExplorer" duration-ms="1132" started-at="2017-12-10T21:37:55Z" finished-at="2017-12-10T21:37:56Z">
          <exception class="org.openqa.selenium.WebDriverException">
            <message>
              <![CDATA[Failed to navigate to http://www.walmart.com. This usually means that a call to the COM method IWebBrowser2::Navigate2() failed.
Build info: version: '3.6.0', revision: '6fbf3ec767', time: '2017-09-27T16:15:40.131Z'
System info: host: 'DESKTOP-75OLIUH', ip: '192.168.112.1', os.name: 'Windows 10', os.arch: 'amd64', os.version: '10.0', java.version: '1.8.0_144'
Driver info: org.openqa.selenium.ie.InternetExplorerDriver
Capabilities [{acceptInsecureCerts=false, browserVersion=11, se:ieOptions={nativeEvents=true, browserAttachTimeout=0, ie.ensureCleanSession=false, elementScrollBehavior=0, enablePersistentHover=true, ie.browserCommandLineSwitches=, ie.forceCreateProcessApi=false, requireWindowFocus=false, initialBrowserUrl=http://localhost:5119/, ignoreZoomSetting=false, ie.fileUploadDialogTimeout=3000, ignoreProtectedModeSettings=false}, browserName=internet explorer, pageLoadStrategy=normal, javascriptEnabled=true, platformName=WINDOWS, setWindowRect=true, platform=WINDOWS}]
Session ID: c4bc7a4f-f957-45c5-bb6e-25c69a279126]]>
            </message>
            <full-stacktrace>
              <![CDATA[org.openqa.selenium.WebDriverException: Failed to navigate to http://www.walmart.com. This usually means that a call to the COM method IWebBrowser2::Navigate2() failed.
Build info: version: '3.6.0', revision: '6fbf3ec767', time: '2017-09-27T16:15:40.131Z'
System info: host: 'DESKTOP-75OLIUH', ip: '192.168.112.1', os.name: 'Windows 10', os.arch: 'amd64', os.version: '10.0', java.version: '1.8.0_144'
Driver info: org.openqa.selenium.ie.InternetExplorerDriver
Capabilities [{acceptInsecureCerts=false, browserVersion=11, se:ieOptions={nativeEvents=true, browserAttachTimeout=0, ie.ensureCleanSession=false, elementScrollBehavior=0, enablePersistentHover=true, ie.browserCommandLineSwitches=, ie.forceCreateProcessApi=false, requireWindowFocus=false, initialBrowserUrl=http://localhost:5119/, ignoreZoomSetting=false, ie.fileUploadDialogTimeout=3000, ignoreProtectedModeSettings=false}, browserName=internet explorer, pageLoadStrategy=normal, javascriptEnabled=true, platformName=WINDOWS, setWindowRect=true, platform=WINDOWS}]
Session ID: c4bc7a4f-f957-45c5-bb6e-25c69a279126
	at sun.reflect.NativeConstructorAccessorImpl.newInstance0(Native Method)
	at sun.reflect.NativeConstructorAccessorImpl.newInstance(Unknown Source)
	at sun.reflect.DelegatingConstructorAccessorImpl.newInstance(Unknown Source)
	at java.lang.reflect.Constructor.newInstance(Unknown Source)
	at org.openqa.selenium.remote.http.W3CHttpResponseCodec.createException(W3CHttpResponseCodec.java:185)
	at org.openqa.selenium.remote.http.W3CHttpResponseCodec.decode(W3CHttpResponseCodec.java:120)
	at org.openqa.selenium.remote.http.W3CHttpResponseCodec.decode(W3CHttpResponseCodec.java:49)
	at org.openqa.selenium.remote.HttpCommandExecutor.execute(HttpCommandExecutor.java:164)
	at org.openqa.selenium.remote.service.DriverCommandExecutor.execute(DriverCommandExecutor.java:83)
	at org.openqa.selenium.remote.RemoteWebDriver.execute(RemoteWebDriver.java:586)
	at org.openqa.selenium.remote.RemoteWebDriver.get(RemoteWebDriver.java:310)
	at afterLoginIn.CommonAPI.getDriver(CommonAPI.java:115)
	at walmart.TestSetB.WeeklyAdd(TestSetB.java:274)
	at walmart.TestSetB.TC_513_WeeklyAdd_InternetExplorer(TestSetB.java:311)
	at sun.reflect.NativeMethodAccessorImpl.invoke0(Native Method)
	at sun.reflect.NativeMethodAccessorImpl.invoke(Unknown Source)
	at sun.reflect.DelegatingMethodAccessorImpl.invoke(Unknown Source)
	at java.lang.reflect.Method.invoke(Unknown Source)
	at org.testng.internal.MethodInvocationHelper.invokeMethod(MethodInvocationHelper.java:108)
	at org.testng.internal.Invoker.invokeMethod(Invoker.java:661)
	at org.testng.internal.Invoker.invokeTestMethod(Invoker.java:869)
	at org.testng.internal.Invoker.invokeTestMethods(Invoker.java:1193)
	at org.testng.internal.TestMethodWorker.invokeTestMethods(TestMethodWorker.java:126)
	at org.testng.internal.TestMethodWorker.run(TestMethodWorker.java:109)
	at org.testng.TestRunner.privateRun(TestRunner.java:744)
	at org.testng.TestRunner.run(TestRunner.java:602)
	at org.testng.SuiteRunner.runTest(SuiteRunner.java:380)
	at org.testng.SuiteRunner.runSequentially(SuiteRunner.java:375)
	at org.testng.SuiteRunner.privateRun(SuiteRunner.java:340)
	at org.testng.SuiteRunner.run(SuiteRunner.java:289)
	at org.testng.SuiteRunnerWorker.runSuite(SuiteRunnerWorker.java:52)
	at org.testng.SuiteRunnerWorker.run(SuiteRunnerWorker.java:86)
	at org.testng.TestNG.runSuitesSequentially(TestNG.java:1301)
	at org.testng.TestNG.runSuitesLocally(TestNG.java:1226)
	at org.testng.TestNG.runSuites(TestNG.java:1144)
	at org.testng.TestNG.run(TestNG.java:1115)
	at org.testng.remote.AbstractRemoteTestNG.run(AbstractRemoteTestNG.java:126)
	at org.testng.remote.RemoteTestNG.initAndRun(RemoteTestNG.java:137)
	at org.testng.remote.RemoteTestNG.main(RemoteTestNG.java:58)
]]>
            </full-stacktrace>
          </exception> <!-- org.openqa.selenium.WebDriverException -->
          <reporter-output>
          </reporter-output>
        </test-method> <!-- TC_513_WeeklyAdd_InternetExplorer -->
        <test-method status="PASS" signature="SetUpPreDataMethod()[pri:0, instance:walmart.TestSetB@5c3bd550]" name="SetUpPreDataMethod" is-config="true" duration-ms="1358" started-at="2017-12-10T21:37:56Z" finished-at="2017-12-10T21:37:58Z">
          <reporter-output>
          </reporter-output>
        </test-method> <!-- SetUpPreDataMethod -->
        <test-method status="PASS" signature="TC_514()[pri:0, instance:walmart.TestSetB@5c3bd550]" name="TC_514" duration-ms="14372" started-at="2017-12-10T21:37:58Z" finished-at="2017-12-10T21:38:12Z">
          <reporter-output>
          </reporter-output>
        </test-method> <!-- TC_514 -->
        <test-method status="PASS" signature="SetUpPreDataMethod()[pri:0, instance:walmart.TestSetB@5c3bd550]" name="SetUpPreDataMethod" is-config="true" duration-ms="810" started-at="2017-12-10T21:38:12Z" finished-at="2017-12-10T21:38:13Z">
          <reporter-output>
          </reporter-output>
        </test-method> <!-- SetUpPreDataMethod -->
        <test-method status="FAIL" signature="ValidLogin()[pri:0, instance:walmart.TestSetB@5c3bd550]" name="ValidLogin" duration-ms="27687" started-at="2017-12-10T21:38:13Z" finished-at="2017-12-10T21:38:41Z">
          <exception class="org.openqa.selenium.NoSuchElementException">
            <message>
              <![CDATA[no such element: Unable to locate element: {"method":"xpath","selector":"/html/body/div/div/div/div/header/div/div[2]/div/div/div/div/div/div[6]/div/div/div/div[1]/a"}
  (Session info: chrome=62.0.3202.94)
  (Driver info: chromedriver=2.32.498550 (9dec58e66c31bcc53a9ce3c7226f0c1c5810906a),platform=Windows NT 10.0.16299 x86_64) (WARNING: The server did not provide any stacktrace information)
Command duration or timeout: 0 milliseconds
For documentation on this error, please visit: http://seleniumhq.org/exceptions/no_such_element.html
Build info: version: '3.6.0', revision: '6fbf3ec767', time: '2017-09-27T16:15:40.131Z'
System info: host: 'DESKTOP-75OLIUH', ip: '192.168.112.1', os.name: 'Windows 10', os.arch: 'amd64', os.version: '10.0', java.version: '1.8.0_144'
Driver info: org.openqa.selenium.chrome.ChromeDriver
Capabilities [{mobileEmulationEnabled=false, hasTouchScreen=false, platform=XP, acceptSslCerts=true, webStorageEnabled=true, browserName=chrome, takesScreenshot=true, javascriptEnabled=true, platformName=XP, setWindowRect=true, unexpectedAlertBehaviour=, applicationCacheEnabled=false, rotatable=false, networkConnectionEnabled=false, chrome={chromedriverVersion=2.32.498550 (9dec58e66c31bcc53a9ce3c7226f0c1c5810906a), userDataDir=C:\Users\imran\AppData\Local\Temp\scoped_dir5080_25284}, takesHeapSnapshot=true, pageLoadStrategy=normal, unhandledPromptBehavior=, databaseEnabled=false, handlesAlerts=true, version=62.0.3202.94, browserConnectionEnabled=false, nativeEvents=true, locationContextEnabled=true, cssSelectorsEnabled=true}]
Session ID: d47f88219d9d77e5eebcf6e192630e26
*** Element info: {Using=xpath, value=/html/body/div/div/div/div/header/div/div[2]/div/div/div/div/div/div[6]/div/div/div/div[1]/a}]]>
            </message>
            <full-stacktrace>
              <![CDATA[org.openqa.selenium.NoSuchElementException: no such element: Unable to locate element: {"method":"xpath","selector":"/html/body/div/div/div/div/header/div/div[2]/div/div/div/div/div/div[6]/div/div/div/div[1]/a"}
  (Session info: chrome=62.0.3202.94)
  (Driver info: chromedriver=2.32.498550 (9dec58e66c31bcc53a9ce3c7226f0c1c5810906a),platform=Windows NT 10.0.16299 x86_64) (WARNING: The server did not provide any stacktrace information)
Command duration or timeout: 0 milliseconds
For documentation on this error, please visit: http://seleniumhq.org/exceptions/no_such_element.html
Build info: version: '3.6.0', revision: '6fbf3ec767', time: '2017-09-27T16:15:40.131Z'
System info: host: 'DESKTOP-75OLIUH', ip: '192.168.112.1', os.name: 'Windows 10', os.arch: 'amd64', os.version: '10.0', java.version: '1.8.0_144'
Driver info: org.openqa.selenium.chrome.ChromeDriver
Capabilities [{mobileEmulationEnabled=false, hasTouchScreen=false, platform=XP, acceptSslCerts=true, webStorageEnabled=true, browserName=chrome, takesScreenshot=true, javascriptEnabled=true, platformName=XP, setWindowRect=true, unexpectedAlertBehaviour=, applicationCacheEnabled=false, rotatable=false, networkConnectionEnabled=false, chrome={chromedriverVersion=2.32.498550 (9dec58e66c31bcc53a9ce3c7226f0c1c5810906a), userDataDir=C:\Users\imran\AppData\Local\Temp\scoped_dir5080_25284}, takesHeapSnapshot=true, pageLoadStrategy=normal, unhandledPromptBehavior=, databaseEnabled=false, handlesAlerts=true, version=62.0.3202.94, browserConnectionEnabled=false, nativeEvents=true, locationContextEnabled=true, cssSelectorsEnabled=true}]
Session ID: d47f88219d9d77e5eebcf6e192630e26
*** Element info: {Using=xpath, value=/html/body/div/div/div/div/header/div/div[2]/div/div/div/div/div/div[6]/div/div/div/div[1]/a}
	at sun.reflect.NativeConstructorAccessorImpl.newInstance0(Native Method)
	at sun.reflect.NativeConstructorAccessorImpl.newInstance(Unknown Source)
	at sun.reflect.DelegatingConstructorAccessorImpl.newInstance(Unknown Source)
	at java.lang.reflect.Constructor.newInstance(Unknown Source)
	at org.openqa.selenium.remote.ErrorHandler.createThrowable(ErrorHandler.java:214)
	at org.openqa.selenium.remote.ErrorHandler.throwIfResponseFailed(ErrorHandler.java:166)
	at org.openqa.selenium.remote.http.JsonHttpResponseCodec.reconstructValue(JsonHttpResponseCodec.java:40)
	at org.openqa.selenium.remote.http.AbstractHttpResponseCodec.decode(AbstractHttpResponseCodec.java:82)
	at org.openqa.selenium.remote.http.AbstractHttpResponseCodec.decode(AbstractHttpResponseCodec.java:45)
	at org.openqa.selenium.remote.HttpCommandExecutor.execute(HttpCommandExecutor.java:164)
	at org.openqa.selenium.remote.service.DriverCommandExecutor.execute(DriverCommandExecutor.java:83)
	at org.openqa.selenium.remote.RemoteWebDriver.execute(RemoteWebDriver.java:586)
	at org.openqa.selenium.remote.RemoteWebDriver.findElement(RemoteWebDriver.java:356)
	at org.openqa.selenium.remote.RemoteWebDriver.findElementByXPath(RemoteWebDriver.java:458)
	at org.openqa.selenium.By$ByXPath.findElement(By.java:361)
	at org.openqa.selenium.remote.RemoteWebDriver.findElement(RemoteWebDriver.java:348)
	at walmart.TestSetB.ValidLogin(TestSetB.java:200)
	at sun.reflect.NativeMethodAccessorImpl.invoke0(Native Method)
	at sun.reflect.NativeMethodAccessorImpl.invoke(Unknown Source)
	at sun.reflect.DelegatingMethodAccessorImpl.invoke(Unknown Source)
	at java.lang.reflect.Method.invoke(Unknown Source)
	at org.testng.internal.MethodInvocationHelper.invokeMethod(MethodInvocationHelper.java:108)
	at org.testng.internal.Invoker.invokeMethod(Invoker.java:661)
	at org.testng.internal.Invoker.invokeTestMethod(Invoker.java:869)
	at org.testng.internal.Invoker.invokeTestMethods(Invoker.java:1193)
	at org.testng.internal.TestMethodWorker.invokeTestMethods(TestMethodWorker.java:126)
	at org.testng.internal.TestMethodWorker.run(TestMethodWorker.java:109)
	at org.testng.TestRunner.privateRun(TestRunner.java:744)
	at org.testng.TestRunner.run(TestRunner.java:602)
	at org.testng.SuiteRunner.runTest(SuiteRunner.java:380)
	at org.testng.SuiteRunner.runSequentially(SuiteRunner.java:375)
	at org.testng.SuiteRunner.privateRun(SuiteRunner.java:340)
	at org.testng.SuiteRunner.run(SuiteRunner.java:289)
	at org.testng.SuiteRunnerWorker.runSuite(SuiteRunnerWorker.java:52)
	at org.testng.SuiteRunnerWorker.run(SuiteRunnerWorker.java:86)
	at org.testng.TestNG.runSuitesSequentially(TestNG.java:1301)
	at org.testng.TestNG.runSuitesLocally(TestNG.java:1226)
	at org.testng.TestNG.runSuites(TestNG.java:1144)
	at org.testng.TestNG.run(TestNG.java:1115)
	at org.testng.remote.AbstractRemoteTestNG.run(AbstractRemoteTestNG.java:126)
	at org.testng.remote.RemoteTestNG.initAndRun(RemoteTestNG.java:137)
	at org.testng.remote.RemoteTestNG.main(RemoteTestNG.java:58)
]]>
            </full-stacktrace>
[...]
	at org.testng.TestNG.runSuitesSequentially(TestNG.java:1301)
	at org.testng.TestNG.runSuitesLocally(TestNG.java:1226)
	at org.testng.TestNG.runSuites(TestNG.java:1144)
	at org.testng.TestNG.run(TestNG.java:1115)
	at org.testng.remote.AbstractRemoteTestNG.run(AbstractRemoteTestNG.java:126)
	at org.testng.remote.RemoteTestNG.initAndRun(RemoteTestNG.java:137)
	at org.testng.remote.RemoteTestNG.main(RemoteTestNG.java:58)
]]>
            </full-stacktrace>
          </exception> <!-- org.openqa.selenium.NoSuchElementException -->
          <reporter-output>
          </reporter-output>
        </test-method> <!-- LoginAndLogout_Chrome -->
        <test-method status="PASS" signature="aftermethod()[pri:0, instance:facebook.testSetD@604ed9f0]" name="aftermethod" is-config="true" duration-ms="704" started-at="2017-12-10T21:40:50Z" finished-at="2017-12-10T21:40:50Z">
          <reporter-output>
          </reporter-output>
        </test-method> <!-- aftermethod -->
        <test-method status="PASS" signature="SetUpPreDataMethod()[pri:0, instance:facebook.testSetD@604ed9f0]" name="SetUpPreDataMethod" is-config="true" duration-ms="655" started-at="2017-12-10T21:40:50Z" finished-at="2017-12-10T21:40:51Z">
          <reporter-output>
          </reporter-output>
        </test-method> <!-- SetUpPreDataMethod -->
        <test-method status="PASS" signature="LoginAndLogout_Firefox()[pri:0, instance:facebook.testSetD@604ed9f0]" name="LoginAndLogout_Firefox" duration-ms="55429" started-at="2017-12-10T21:40:51Z" finished-at="2017-12-10T21:41:46Z">
          <reporter-output>
          </reporter-output>
        </test-method> <!-- LoginAndLogout_Firefox -->
        <test-method status="PASS" signature="aftermethod()[pri:0, instance:facebook.testSetD@604ed9f0]" name="aftermethod" is-config="true" duration-ms="760" started-at="2017-12-10T21:41:46Z" finished-at="2017-12-10T21:41:47Z">
          <reporter-output>
          </reporter-output>
        </test-method> <!-- aftermethod -->
        <test-method status="PASS" signature="SetUpPreDataMethod()[pri:0, instance:facebook.testSetD@604ed9f0]" name="SetUpPreDataMethod" is-config="true" duration-ms="705" started-at="2017-12-10T21:41:47Z" finished-at="2017-12-10T21:41:48Z">
          <reporter-output>
          </reporter-output>
        </test-method> <!-- SetUpPreDataMethod -->
        <test-method status="FAIL" signature="LoginAndLogout_IE()[pri:0, instance:facebook.testSetD@604ed9f0]" name="LoginAndLogout_IE" duration-ms="1147" started-at="2017-12-10T21:41:48Z" finished-at="2017-12-10T21:41:49Z">
          <exception class="org.openqa.selenium.WebDriverException">
            <message>
              <![CDATA[Failed to navigate to https://www.facebook.com. This usually means that a call to the COM method IWebBrowser2::Navigate2() failed.
Build info: version: '3.6.0', revision: '6fbf3ec767', time: '2017-09-27T16:15:40.131Z'
System info: host: 'DESKTOP-75OLIUH', ip: '192.168.112.1', os.name: 'Windows 10', os.arch: 'amd64', os.version: '10.0', java.version: '1.8.0_144'
Driver info: org.openqa.selenium.ie.InternetExplorerDriver
Capabilities [{acceptInsecureCerts=false, browserVersion=11, se:ieOptions={nativeEvents=true, browserAttachTimeout=0, ie.ensureCleanSession=false, elementScrollBehavior=0, enablePersistentHover=true, ie.browserCommandLineSwitches=, ie.forceCreateProcessApi=false, requireWindowFocus=false, initialBrowserUrl=http://localhost:26018/, ignoreZoomSetting=false, ie.fileUploadDialogTimeout=3000, ignoreProtectedModeSettings=false}, browserName=internet explorer, pageLoadStrategy=normal, javascriptEnabled=true, platformName=WINDOWS, setWindowRect=true, platform=WINDOWS}]
Session ID: d9462e76-74ca-4d63-81c1-0ddbfb022ff1]]>
            </message>
            <full-stacktrace>
              <![CDATA[org.openqa.selenium.WebDriverException: Failed to navigate to https://www.facebook.com. This usually means that a call to the COM method IWebBrowser2::Navigate2() failed.
Build info: version: '3.6.0', revision: '6fbf3ec767', time: '2017-09-27T16:15:40.131Z'
System info: host: 'DESKTOP-75OLIUH', ip: '192.168.112.1', os.name: 'Windows 10', os.arch: 'amd64', os.version: '10.0', java.version: '1.8.0_144'
Driver info: org.openqa.selenium.ie.InternetExplorerDriver
Capabilities [{acceptInsecureCerts=false, browserVersion=11, se:ieOptions={nativeEvents=true, browserAttachTimeout=0, ie.ensureCleanSession=false, elementScrollBehavior=0, enablePersistentHover=true, ie.browserCommandLineSwitches=, ie.forceCreateProcessApi=false, requireWindowFocus=false, initialBrowserUrl=http://localhost:26018/, ignoreZoomSetting=false, ie.fileUploadDialogTimeout=3000, ignoreProtectedModeSettings=false}, browserName=internet explorer, pageLoadStrategy=normal, javascriptEnabled=true, platformName=WINDOWS, setWindowRect=true, platform=WINDOWS}]
Session ID: d9462e76-74ca-4d63-81c1-0ddbfb022ff1
	at sun.reflect.NativeConstructorAccessorImpl.newInstance0(Native Method)
	at sun.reflect.NativeConstructorAccessorImpl.newInstance(Unknown Source)
	at sun.reflect.DelegatingConstructorAccessorImpl.newInstance(Unknown Source)
	at java.lang.reflect.Constructor.newInstance(Unknown Source)
	at org.openqa.selenium.remote.http.W3CHttpResponseCodec.createException(W3CHttpResponseCodec.java:185)
	at org.openqa.selenium.remote.http.W3CHttpResponseCodec.decode(W3CHttpResponseCodec.java:120)
	at org.openqa.selenium.remote.http.W3CHttpResponseCodec.decode(W3CHttpResponseCodec.java:49)
	at org.openqa.selenium.remote.HttpCommandExecutor.execute(HttpCommandExecutor.java:164)
	at org.openqa.selenium.remote.service.DriverCommandExecutor.execute(DriverCommandExecutor.java:83)
	at org.openqa.selenium.remote.RemoteWebDriver.execute(RemoteWebDriver.java:586)
	at org.openqa.selenium.remote.RemoteWebDriver.get(RemoteWebDriver.java:310)
	at afterLoginIn.CommonAPI.getDriver(CommonAPI.java:115)
	at facebook.testSetD.LoginAndLogout_IE(testSetD.java:200)
	at sun.reflect.NativeMethodAccessorImpl.invoke0(Native Method)
	at sun.reflect.NativeMethodAccessorImpl.invoke(Unknown Source)
	at sun.reflect.DelegatingMethodAccessorImpl.invoke(Unknown Source)
	at java.lang.reflect.Method.invoke(Unknown Source)
	at org.testng.internal.MethodInvocationHelper.invokeMethod(MethodInvocationHelper.java:108)
	at org.testng.internal.Invoker.invokeMethod(Invoker.java:661)
	at org.testng.internal.Invoker.invokeTestMethod(Invoker.java:869)
	at org.testng.internal.Invoker.invokeTestMethods(Invoker.java:1193)
	at org.testng.internal.TestMethodWorker.invokeTestMethods(TestMethodWorker.java:126)
	at org.testng.internal.TestMethodWorker.run(TestMethodWorker.java:109)
	at org.testng.TestRunner.privateRun(TestRunner.java:744)
	at org.testng.TestRunner.run(TestRunner.java:602)
	at org.testng.SuiteRunner.runTest(SuiteRunner.java:380)
	at org.testng.SuiteRunner.runSequentially(SuiteRunner.java:375)
	at org.testng.SuiteRunner.privateRun(SuiteRunner.java:340)
	at org.testng.SuiteRunner.run(SuiteRunner.java:289)
	at org.testng.SuiteRunnerWorker.runSuite(SuiteRunnerWorker.java:52)
	at org.testng.SuiteRunnerWorker.run(SuiteRunnerWorker.java:86)
	at org.testng.TestNG.runSuitesSequentially(TestNG.java:1301)
	at org.testng.TestNG.runSuitesLocally(TestNG.java:1226)
	at org.testng.TestNG.runSuites(TestNG.java:1144)
	at org.testng.TestNG.run(TestNG.java:1115)
	at org.testng.remote.AbstractRemoteTestNG.run(AbstractRemoteTestNG.java:126)
	at org.testng.remote.RemoteTestNG.initAndRun(RemoteTestNG.java:137)
	at org.testng.remote.RemoteTestNG.main(RemoteTestNG.java:58)
]]>
            </full-stacktrace>
          </exception> <!-- org.openqa.selenium.WebDriverException -->
          <reporter-output>
          </reporter-output>
        </test-method> <!-- LoginAndLogout_IE -->
        <test-method status="PASS" signature="aftermethod()[pri:0, instance:facebook.testSetD@604ed9f0]" name="aftermethod" is-config="true" duration-ms="862" started-at="2017-12-10T21:41:49Z" finished-at="2017-12-10T21:41:50Z">
          <reporter-output>
          </reporter-output>
        </test-method> <!-- aftermethod -->
        <test-method status="PASS" signature="SetUpPreDataMethod()[pri:0, instance:facebook.testSetD@604ed9f0]" name="SetUpPreDataMethod" is-config="true" duration-ms="810" started-at="2017-12-10T21:41:50Z" finished-at="2017-12-10T21:41:51Z">
          <reporter-output>
          </reporter-output>
        </test-method> <!-- SetUpPreDataMethod -->
        <test-method status="FAIL" signature="LoginAndLogout_MicrosoftEdge()[pri:0, instance:facebook.testSetD@604ed9f0]" name="LoginAndLogout_MicrosoftEdge" duration-ms="14927" started-at="2017-12-10T21:41:51Z" finished-at="2017-12-10T21:42:06Z">
          <exception class="org.openqa.selenium.WebDriverException">
            <message>
              <![CDATA[Element is obscured (WARNING: The server did not provide any stacktrace information)
Command duration or timeout: 0 milliseconds
Build info: version: '3.6.0', revision: '6fbf3ec767', time: '2017-09-27T16:15:40.131Z'
System info: host: 'DESKTOP-75OLIUH', ip: '192.168.112.1', os.name: 'Windows 10', os.arch: 'amd64', os.version: '10.0', java.version: '1.8.0_144'
Driver info: org.openqa.selenium.edge.EdgeDriver
Capabilities [{applicationCacheEnabled=true, InPrivate=false, pageLoadStrategy=normal, platform=WINDOWS, acceptSslCerts=true, browserVersion=41.16299.15.0, platformVersion=10, locationContextEnabled=true, webStorageEnabled=true, browserName=MicrosoftEdge, takesScreenshot=true, takesElementScreenshot=true, javascriptEnabled=true, platformName=WINDOWS}]
Session ID: 75D28000-DD5D-43DF-837B-BEFB54320002]]>
            </message>
            <full-stacktrace>
              <![CDATA[org.openqa.selenium.WebDriverException: Element is obscured (WARNING: The server did not provide any stacktrace information)
Command duration or timeout: 0 milliseconds
Build info: version: '3.6.0', revision: '6fbf3ec767', time: '2017-09-27T16:15:40.131Z'
System info: host: 'DESKTOP-75OLIUH', ip: '192.168.112.1', os.name: 'Windows 10', os.arch: 'amd64', os.version: '10.0', java.version: '1.8.0_144'
Driver info: org.openqa.selenium.edge.EdgeDriver
Capabilities [{applicationCacheEnabled=true, InPrivate=false, pageLoadStrategy=normal, platform=WINDOWS, acceptSslCerts=true, browserVersion=41.16299.15.0, platformVersion=10, locationContextEnabled=true, webStorageEnabled=true, browserName=MicrosoftEdge, takesScreenshot=true, takesElementScreenshot=true, javascriptEnabled=true, platformName=WINDOWS}]
Session ID: 75D28000-DD5D-43DF-837B-BEFB54320002
	at sun.reflect.NativeConstructorAccessorImpl.newInstance0(Native Method)
	at sun.reflect.NativeConstructorAccessorImpl.newInstance(Unknown Source)
	at sun.reflect.DelegatingConstructorAccessorImpl.newInstance(Unknown Source)
	at java.lang.reflect.Constructor.newInstance(Unknown Source)
	at org.openqa.selenium.remote.ErrorHandler.createThrowable(ErrorHandler.java:214)
	at org.openqa.selenium.remote.ErrorHandler.throwIfResponseFailed(ErrorHandler.java:166)
	at org.openqa.selenium.remote.http.JsonHttpResponseCodec.reconstructValue(JsonHttpResponseCodec.java:40)
	at org.openqa.selenium.remote.http.AbstractHttpResponseCodec.decode(AbstractHttpResponseCodec.java:82)
	at org.openqa.selenium.remote.http.AbstractHttpResponseCodec.decode(AbstractHttpResponseCodec.java:45)
	at org.openqa.selenium.remote.HttpCommandExecutor.execute(HttpCommandExecutor.java:164)
	at org.openqa.selenium.remote.service.DriverCommandExecutor.execute(DriverCommandExecutor.java:83)
	at org.openqa.selenium.remote.RemoteWebDriver.execute(RemoteWebDriver.java:586)
	at org.openqa.selenium.remote.RemoteWebElement.execute(RemoteWebElement.java:279)
	at org.openqa.selenium.remote.RemoteWebElement.click(RemoteWebElement.java:83)
	at facebook.testSetD.LoginAndLogout_MicrosoftEdge(testSetD.java:140)
	at sun.reflect.NativeMethodAccessorImpl.invoke0(Native Method)
	at sun.reflect.NativeMethodAccessorImpl.invoke(Unknown Source)
	at sun.reflect.DelegatingMethodAccessorImpl.invoke(Unknown Source)
	at java.lang.reflect.Method.invoke(Unknown Source)
	at org.testng.internal.MethodInvocationHelper.invokeMethod(MethodInvocationHelper.java:108)
	at org.testng.internal.Invoker.invokeMethod(Invoker.java:661)
	at org.testng.internal.Invoker.invokeTestMethod(Invoker.java:869)
	at org.testng.internal.Invoker.invokeTestMethods(Invoker.java:1193)
	at org.testng.internal.TestMethodWorker.invokeTestMethods(TestMethodWorker.java:126)
	at org.testng.internal.TestMethodWorker.run(TestMethodWorker.java:109)
	at org.testng.TestRunner.privateRun(TestRunner.java:744)
	at org.testng.TestRunner.run(TestRunner.java:602)
	at org.testng.SuiteRunner.runTest(SuiteRunner.java:380)
	at org.testng.SuiteRunner.runSequentially(SuiteRunner.java:375)
	at org.testng.SuiteRunner.privateRun(SuiteRunner.java:340)
	at org.testng.SuiteRunner.run(SuiteRunner.java:289)
	at org.testng.SuiteRunnerWorker.runSuite(SuiteRunnerWorker.java:52)
	at org.testng.SuiteRunnerWorker.run(SuiteRunnerWorker.java:86)
	at org.testng.TestNG.runSuitesSequentially(TestNG.java:1301)
	at org.testng.TestNG.runSuitesLocally(TestNG.java:1226)
	at org.testng.TestNG.runSuites(TestNG.java:1144)
	at org.testng.TestNG.run(TestNG.java:1115)
	at org.testng.remote.AbstractRemoteTestNG.run(AbstractRemoteTestNG.java:126)
	at org.testng.remote.RemoteTestNG.initAndRun(RemoteTestNG.java:137)
	at org.testng.remote.RemoteTestNG.main(RemoteTestNG.java:58)
]]>
            </full-stacktrace>
          </exception> <!-- org.openqa.selenium.WebDriverException -->
          <reporter-output>
          </reporter-output>
        </test-method> <!-- LoginAndLogout_MicrosoftEdge -->
        <test-method status="PASS" signature="aftermethod()[pri:0, instance:facebook.testSetD@604ed9f0]" name="aftermethod" is-config="true" duration-ms="718" started-at="2017-12-10T21:42:06Z" finished-at="2017-12-10T21:42:06Z">
          <reporter-output>
          </reporter-output>
        </test-method> <!-- aftermethod -->
      </class> <!-- facebook.testSetD -->
      <class name="FirstClassWith2methods">
        <test-method status="PASS" signature="doFirst()[pri:0, instance:FirstClassWith2methods@3bfdc050]" name="doFirst" is-config="true" duration-ms="425" started-at="2017-12-10T21:23:34Z" finished-at="2017-12-10T21:23:34Z">
          <reporter-output>
          </reporter-output>
        </test-method> <!-- doFirst -->
        <test-method status="PASS" signature="doFirst()[pri:0, instance:SecondClasssWith2Methods@1bce4f0a]" name="doFirst" is-config="true" duration-ms="404" started-at="2017-12-10T21:23:34Z" finished-at="2017-12-10T21:23:35Z">
          <reporter-output>
          </reporter-output>
        </test-method> <!-- doFirst -->
        <test-method status="PASS" signature="SetUpPreData()[pri:0, instance:afterLoginIn.TestSetA@5e3a8624]" name="SetUpPreData" is-config="true" duration-ms="201" started-at="2017-12-10T21:23:35Z" finished-at="2017-12-10T21:23:35Z">
          <reporter-output>
          </reporter-output>
        </test-method> <!-- SetUpPreData -->
        <test-method status="PASS" signature="SetUpPreData()[pri:0, instance:walmart.TestSetB@5c3bd550]" name="SetUpPreData" is-config="true" duration-ms="251" started-at="2017-12-10T21:23:35Z" finished-at="2017-12-10T21:23:35Z">
          <reporter-output>
          </reporter-output>
        </test-method> <!-- SetUpPreData -->
        <test-method status="PASS" signature="SetUpPreData()[pri:0, instance:hsbc.TestSetC@91161c7]" name="SetUpPreData" is-config="true" duration-ms="153" started-at="2017-12-10T21:23:35Z" finished-at="2017-12-10T21:23:35Z">
          <reporter-output>
          </reporter-output>
        </test-method> <!-- SetUpPreData -->
        <test-method status="PASS" signature="SetUpPreData()[pri:0, instance:groupon.TestSet_E@6a4f787b]" name="SetUpPreData" is-config="true" duration-ms="151" started-at="2017-12-10T21:23:35Z" finished-at="2017-12-10T21:23:36Z">
          <reporter-output>
          </reporter-output>
        </test-method> <!-- SetUpPreData -->
        <test-method status="PASS" signature="SetUpPreData()[pri:0, instance:facebook.testSetD@604ed9f0]" name="SetUpPreData" is-config="true" duration-ms="152" started-at="2017-12-10T21:23:36Z" finished-at="2017-12-10T21:23:36Z">
          <reporter-output>
          </reporter-output>
        </test-method> <!-- SetUpPreData -->
        <test-method status="PASS" signature="doBeforeEveryMethod()[pri:0, instance:FirstClassWith2methods@3bfdc050]" name="doBeforeEveryMethod" is-config="true" duration-ms="354" started-at="2017-12-10T21:23:36Z" finished-at="2017-12-10T21:23:36Z">
          <reporter-output>
          </reporter-output>
        </test-method> <!-- doBeforeEveryMethod -->
        <test-method status="PASS" signature="UsersAreAbleToSearch()[pri:0, instance:FirstClassWith2methods@3bfdc050]" name="UsersAreAbleToSearch" duration-ms="64416" started-at="2017-12-10T21:23:36Z" finished-at="2017-12-10T21:24:41Z">
          <reporter-output>
          </reporter-output>
        </test-method> <!-- UsersAreAbleToSearch -->
        <test-method status="PASS" signature="doBeforeEveryMethod()[pri:0, instance:FirstClassWith2methods@3bfdc050]" name="doBeforeEveryMethod" is-config="true" duration-ms="453" started-at="2017-12-10T21:24:41Z" finished-at="2017-12-10T21:24:41Z">
          <reporter-output>
          </reporter-output>
        </test-method> <!-- doBeforeEveryMethod -->
        <test-method status="PASS" signature="test2()[pri:0, instance:FirstClassWith2methods@3bfdc050]" name="test2" duration-ms="0" started-at="2017-12-10T21:24:41Z" finished-at="2017-12-10T21:24:41Z">
          <reporter-output>
          </reporter-output>
        </test-method> <!-- test2 -->
        <test-method status="PASS" signature="doLast()[pri:0, instance:FirstClassWith2methods@3bfdc050]" name="doLast" is-config="true" duration-ms="0" started-at="2017-12-10T22:26:57Z" finished-at="2017-12-10T22:26:57Z">
          <reporter-output>
          </reporter-output>
        </test-method> <!-- doLast -->
        <test-method status="PASS" signature="doLast()[pri:0, instance:SecondClasssWith2Methods@1bce4f0a]" name="doLast" is-config="true" duration-ms="1" started-at="2017-12-10T22:26:57Z" finished-at="2017-12-10T22:26:57Z">
          <reporter-output>
          </reporter-output>
        </test-method> <!-- doLast -->
      </class> <!-- FirstClassWith2methods -->
      <class name="SecondClasssWith2Methods">
        <test-method status="PASS" signature="doBeforeEveryMethod()[pri:0, instance:SecondClasssWith2Methods@1bce4f0a]" name="doBeforeEveryMethod" is-config="true" duration-ms="303" started-at="2017-12-10T21:24:41Z" finished-at="2017-12-10T21:24:41Z">
          <reporter-output>
          </reporter-output>
        </test-method> <!-- doBeforeEveryMethod -->
        <test-method status="PASS" signature="UsersAreAbleToSearch()[pri:0, instance:SecondClasssWith2Methods@1bce4f0a]" name="UsersAreAbleToSearch" duration-ms="55404" started-at="2017-12-10T21:24:41Z" finished-at="2017-12-10T21:25:37Z">
          <reporter-output>
          </reporter-output>
        </test-method> <!-- UsersAreAbleToSearch -->
        <test-method status="PASS" signature="doBeforeEveryMethod()[pri:0, instance:SecondClasssWith2Methods@1bce4f0a]" name="doBeforeEveryMethod" is-config="true" duration-ms="402" started-at="2017-12-10T21:25:37Z" finished-at="2017-12-10T21:25:37Z">
          <reporter-output>
          </reporter-output>
        </test-method> <!-- doBeforeEveryMethod -->
        <test-method status="PASS" signature="test2()[pri:0, instance:SecondClasssWith2Methods@1bce4f0a]" name="test2" duration-ms="1" started-at="2017-12-10T21:25:37Z" finished-at="2017-12-10T21:25:37Z">
          <reporter-output>
          </reporter-output>
        </test-method> <!-- test2 -->
      </class> <!-- SecondClasssWith2Methods -->
    </test> <!-- all -->
  </suite> <!-- all -->
</testng-results>
