<?xml version="1.0" encoding="UTF-8"?>
<testng-results skipped="0" failed="0" ignored="12" total="13" passed="1">
  <reporter-output>
  </reporter-output>
  <suite name="Default suite" duration-ms="88711" started-at="2018-01-18T00:33:17Z" finished-at="2018-01-18T00:34:46Z">
    <groups>
    </groups>
    <test name="Default test" duration-ms="88711" started-at="2018-01-18T00:33:17Z" finished-at="2018-01-18T00:34:46Z">
      <class name="MC.TestSetF">
        <test-method status="PASS" signature="SetUpPreDataMethod()[pri:0, instance:MC.TestSetF@523884b2]" name="SetUpPreDataMethod" is-config="true" duration-ms="4299" started-at="2018-01-17T19:33:17Z" finished-at="2018-01-17T19:33:22Z">
          <reporter-output>
          </reporter-output>
        </test-method> <!-- SetUpPreDataMethod -->
        <test-method status="PASS" signature="CalculateMortgatePayment_HardCodedValues()[pri:0, instance:MC.TestSetF@523884b2]" name="CalculateMortgatePayment_HardCodedValues" duration-ms="84378" started-at="2018-01-17T19:33:22Z" finished-at="2018-01-17T19:34:46Z">
          <reporter-output>
          </reporter-output>
        </test-method> <!-- CalculateMortgatePayment_HardCodedValues -->
      </class> <!-- MC.TestSetF -->
    </test> <!-- Default test -->
  </suite> <!-- Default suite -->
</testng-results>
