<?xml version="1.0" encoding="UTF-8"?>
<testng-results skipped="0" failed="0" ignored="2" total="3" passed="1">
  <reporter-output>
  </reporter-output>
  <suite name="Default suite" duration-ms="35642" started-at="2018-06-10T04:55:43Z" finished-at="2018-06-10T04:56:19Z">
    <groups>
    </groups>
    <test name="Default test" duration-ms="35642" started-at="2018-06-10T04:55:43Z" finished-at="2018-06-10T04:56:19Z">
      <class name="Dividend.TestSedDividend">
        <test-method status="PASS" signature="SetUpPreDataMethod()[pri:0, instance:Dividend.TestSedDividend@685cb137]" name="SetUpPreDataMethod" is-config="true" duration-ms="837" started-at="2018-06-10T00:55:43Z" finished-at="2018-06-10T00:55:44Z">
          <reporter-output>
          </reporter-output>
        </test-method> <!-- SetUpPreDataMethod -->
        <test-method status="PASS" signature="TC_103()[pri:0, instance:Dividend.TestSedDividend@685cb137]" name="TC_103" duration-ms="34773" started-at="2018-06-10T00:55:44Z" finished-at="2018-06-10T00:56:19Z">
          <reporter-output>
          </reporter-output>
        </test-method> <!-- TC_103 -->
      </class> <!-- Dividend.TestSedDividend -->
    </test> <!-- Default test -->
  </suite> <!-- Default suite -->
</testng-results>
