<?xml version="1.0" encoding="UTF-8"?>
<testng-results skipped="0" failed="33" ignored="2" total="92" passed="57">
  <reporter-output>
  </reporter-output>
  <suite name="all" duration-ms="5272745" started-at="2018-01-26T02:16:29Z" finished-at="2018-01-26T03:44:22Z">
    <groups>
      <group name="A">
        <method signature="Group.F1()[pri:0, instance:Group@5622fdf]" name="F1" class="Group"/>
        <method signature="Group.F3()[pri:0, instance:Group@5622fdf]" name="F3" class="Group"/>
        <method signature="Group.F6()[pri:0, instance:Group@5622fdf]" name="F6" class="Group"/>
      </group> <!-- A -->
      <group name="B">
        <method signature="Group.F2()[pri:0, instance:Group@5622fdf]" name="F2" class="Group"/>
        <method signature="Group.F5()[pri:0, instance:Group@5622fdf]" name="F5" class="Group"/>
      </group> <!-- B -->
      <group name="C">
        <method signature="Group.F4()[pri:0, instance:Group@5622fdf]" name="F4" class="Group"/>
      </group> <!-- C -->
    </groups>
    <test name="all" duration-ms="5272745" started-at="2018-01-26T02:16:29Z" finished-at="2018-01-26T03:44:22Z">
      <class name="Group">
        <test-method status="PASS" signature="F1()[pri:0, instance:Group@5622fdf]" name="F1" duration-ms="5" started-at="2018-01-25T21:16:33Z" finished-at="2018-01-25T21:16:33Z">
          <reporter-output>
          </reporter-output>
        </test-method> <!-- F1 -->
        <test-method status="PASS" signature="F2()[pri:0, instance:Group@5622fdf]" name="F2" duration-ms="1" started-at="2018-01-25T21:16:33Z" finished-at="2018-01-25T21:16:34Z">
          <reporter-output>
          </reporter-output>
        </test-method> <!-- F2 -->
        <test-method status="PASS" signature="F3()[pri:0, instance:Group@5622fdf]" name="F3" duration-ms="2" started-at="2018-01-25T21:16:34Z" finished-at="2018-01-25T21:16:34Z">
          <reporter-output>
          </reporter-output>
        </test-method> <!-- F3 -->
        <test-method status="PASS" signature="F4()[pri:0, instance:Group@5622fdf]" name="F4" duration-ms="2" started-at="2018-01-25T21:16:34Z" finished-at="2018-01-25T21:16:34Z">
          <reporter-output>
          </reporter-output>
        </test-method> <!-- F4 -->
        <test-method status="PASS" signature="F5()[pri:0, instance:Group@5622fdf]" name="F5" duration-ms="2" started-at="2018-01-25T21:16:34Z" finished-at="2018-01-25T21:16:34Z">
          <reporter-output>
          </reporter-output>
        </test-method> <!-- F5 -->
        <test-method status="PASS" signature="F6()[pri:0, instance:Group@5622fdf]" name="F6" duration-ms="1" started-at="2018-01-25T21:16:34Z" finished-at="2018-01-25T21:16:34Z">
          <reporter-output>
          </reporter-output>
        </test-method> <!-- F6 -->
      </class> <!-- Group -->
      <class name="Priotization">
        <test-method status="PASS" signature="A()[pri:0, instance:Priotization@4883b407]" name="A" duration-ms="5" started-at="2018-01-25T21:16:34Z" finished-at="2018-01-25T21:16:34Z">
          <reporter-output>
          </reporter-output>
        </test-method> <!-- A -->
        <test-method status="PASS" signature="F()[pri:1, instance:Priotization@4883b407]" name="F" duration-ms="2" started-at="2018-01-25T22:44:22Z" finished-at="2018-01-25T22:44:22Z">
          <reporter-output>
          </reporter-output>
        </test-method> <!-- F -->
        <test-method status="PASS" signature="D()[pri:2, instance:Priotization@4883b407]" name="D" duration-ms="0" started-at="2018-01-25T22:44:22Z" finished-at="2018-01-25T22:44:22Z">
          <reporter-output>
          </reporter-output>
        </test-method> <!-- D -->
        <test-method status="PASS" signature="E()[pri:3, instance:Priotization@4883b407]" name="E" duration-ms="0" started-at="2018-01-25T22:44:22Z" finished-at="2018-01-25T22:44:22Z">
          <reporter-output>
          </reporter-output>
        </test-method> <!-- E -->
        <test-method status="PASS" signature="C()[pri:5, instance:Priotization@4883b407]" name="C" duration-ms="0" started-at="2018-01-25T22:44:22Z" finished-at="2018-01-25T22:44:22Z">
          <reporter-output>
          </reporter-output>
        </test-method> <!-- C -->
        <test-method status="PASS" signature="G()[pri:6, instance:Priotization@4883b407]" name="G" duration-ms="0" started-at="2018-01-25T22:44:22Z" finished-at="2018-01-25T22:44:22Z">
          <reporter-output>
          </reporter-output>
        </test-method> <!-- G -->
      </class> <!-- Priotization -->
      <class name="usps.TestSetJ">
        <test-method status="PASS" signature="SetUpPreDataMethod()[pri:0, instance:usps.TestSetJ@343f4d3d]" name="SetUpPreDataMethod" is-config="true" duration-ms="1834" started-at="2018-01-25T22:38:34Z" finished-at="2018-01-25T22:38:35Z">
          <reporter-output>
          </reporter-output>
        </test-method> <!-- SetUpPreDataMethod -->
        <test-method status="PASS" signature="TC_01_FindZipCode()[pri:0, instance:usps.TestSetJ@343f4d3d]" name="TC_01_FindZipCode" duration-ms="79912" started-at="2018-01-25T22:38:35Z" finished-at="2018-01-25T22:39:55Z">
          <reporter-output>
          </reporter-output>
        </test-method> <!-- TC_01_FindZipCode -->
        <test-method status="PASS" signature="SetUpPreDataMethod()[pri:0, instance:usps.TestSetJ@343f4d3d]" name="SetUpPreDataMethod" is-config="true" duration-ms="59895" started-at="2018-01-25T22:39:55Z" finished-at="2018-01-25T22:40:55Z">
          <reporter-output>
          </reporter-output>
        </test-method> <!-- SetUpPreDataMethod -->
        <test-method status="PASS" signature="TC_02_CalculateAprice()[pri:0, instance:usps.TestSetJ@343f4d3d]" name="TC_02_CalculateAprice" duration-ms="56929" started-at="2018-01-25T22:40:55Z" finished-at="2018-01-25T22:41:52Z">
          <reporter-output>
          </reporter-output>
        </test-method> <!-- TC_02_CalculateAprice -->
        <test-method status="PASS" signature="SetUpPreDataMethod()[pri:0, instance:usps.TestSetJ@343f4d3d]" name="SetUpPreDataMethod" is-config="true" duration-ms="2331" started-at="2018-01-25T22:41:52Z" finished-at="2018-01-25T22:41:54Z">
          <reporter-output>
          </reporter-output>
        </test-method> <!-- SetUpPreDataMethod -->
        <test-method status="PASS" signature="TC_03_ExperimentAll8Selectors()[pri:0, instance:usps.TestSetJ@343f4d3d]" name="TC_03_ExperimentAll8Selectors" duration-ms="147373" started-at="2018-01-25T22:41:54Z" finished-at="2018-01-25T22:44:22Z">
          <reporter-output>
          </reporter-output>
        </test-method> <!-- TC_03_ExperimentAll8Selectors -->
      </class> <!-- usps.TestSetJ -->
      <class name="MC.TestSetF">
        <test-method status="PASS" signature="SetUpPreDataMethod()[pri:0, instance:MC.TestSetF@39c0f4a]" name="SetUpPreDataMethod" is-config="true" duration-ms="985" started-at="2018-01-25T22:01:50Z" finished-at="2018-01-25T22:01:51Z">
          <reporter-output>
          </reporter-output>
        </test-method> <!-- SetUpPreDataMethod -->
        <test-method status="PASS" signature="CalculateMortgatePayment_HardCodedValues()[pri:0, instance:MC.TestSetF@39c0f4a]" name="CalculateMortgatePayment_HardCodedValues" duration-ms="54995" started-at="2018-01-25T22:01:51Z" finished-at="2018-01-25T22:02:46Z">
          <reporter-output>
          </reporter-output>
        </test-method> <!-- CalculateMortgatePayment_HardCodedValues -->
        <test-method status="PASS" signature="SetUpPreDataMethod()[pri:0, instance:MC.TestSetF@39c0f4a]" name="SetUpPreDataMethod" is-config="true" duration-ms="859" started-at="2018-01-25T22:02:46Z" finished-at="2018-01-25T22:02:47Z">
          <reporter-output>
          </reporter-output>
        </test-method> <!-- SetUpPreDataMethod -->
        <test-method status="PASS" signature="TC_10_MC_ME_C()[pri:0, instance:MC.TestSetF@39c0f4a]" name="TC_10_MC_ME_C" duration-ms="40265" started-at="2018-01-25T22:02:47Z" finished-at="2018-01-25T22:03:27Z">
          <reporter-output>
          </reporter-output>
        </test-method> <!-- TC_10_MC_ME_C -->
        <test-method status="PASS" signature="SetUpPreDataMethod()[pri:0, instance:MC.TestSetF@39c0f4a]" name="SetUpPreDataMethod" is-config="true" duration-ms="856" started-at="2018-01-25T22:03:27Z" finished-at="2018-01-25T22:03:28Z">
          <reporter-output>
          </reporter-output>
        </test-method> <!-- SetUpPreDataMethod -->
        <test-method status="PASS" signature="TC_402_MC_GC_A()[pri:0, instance:MC.TestSetF@39c0f4a]" name="TC_402_MC_GC_A" duration-ms="47709" started-at="2018-01-25T22:03:28Z" finished-at="2018-01-25T22:04:16Z">
          <reporter-output>
          </reporter-output>
        </test-method> <!-- TC_402_MC_GC_A -->
        <test-method status="PASS" signature="SetUpPreDataMethod()[pri:0, instance:MC.TestSetF@39c0f4a]" name="SetUpPreDataMethod" is-config="true" duration-ms="807" started-at="2018-01-25T22:04:16Z" finished-at="2018-01-25T22:04:17Z">
          <reporter-output>
          </reporter-output>
        </test-method> <!-- SetUpPreDataMethod -->
        <test-method status="PASS" signature="TC_403_MC_GC_B()[pri:0, instance:MC.TestSetF@39c0f4a]" name="TC_403_MC_GC_B" duration-ms="49187" started-at="2018-01-25T22:04:17Z" finished-at="2018-01-25T22:05:06Z">
          <reporter-output>
          </reporter-output>
        </test-method> <!-- TC_403_MC_GC_B -->
        <test-method status="PASS" signature="SetUpPreDataMethod()[pri:0, instance:MC.TestSetF@39c0f4a]" name="SetUpPreDataMethod" is-config="true" duration-ms="917" started-at="2018-01-25T22:05:06Z" finished-at="2018-01-25T22:05:07Z">
          <reporter-output>
          </reporter-output>
        </test-method> <!-- SetUpPreDataMethod -->
        <test-method status="PASS" signature="TC_404_MC_GC_C()[pri:0, instance:MC.TestSetF@39c0f4a]" name="TC_404_MC_GC_C" duration-ms="48027" started-at="2018-01-25T22:05:07Z" finished-at="2018-01-25T22:05:55Z">
          <reporter-output>
          </reporter-output>
        </test-method> <!-- TC_404_MC_GC_C -->
        <test-method status="PASS" signature="SetUpPreDataMethod()[pri:0, instance:MC.TestSetF@39c0f4a]" name="SetUpPreDataMethod" is-config="true" duration-ms="859" started-at="2018-01-25T22:05:55Z" finished-at="2018-01-25T22:05:56Z">
          <reporter-output>
          </reporter-output>
        </test-method> <!-- SetUpPreDataMethod -->
        <test-method status="PASS" signature="TC_405_MC_FF_A()[pri:0, instance:MC.TestSetF@39c0f4a]" name="TC_405_MC_FF_A" duration-ms="56412" started-at="2018-01-25T22:05:56Z" finished-at="2018-01-25T22:06:52Z">
          <reporter-output>
          </reporter-output>
        </test-method> <!-- TC_405_MC_FF_A -->
        <test-method status="PASS" signature="SetUpPreDataMethod()[pri:0, instance:MC.TestSetF@39c0f4a]" name="SetUpPreDataMethod" is-config="true" duration-ms="816" started-at="2018-01-25T22:06:52Z" finished-at="2018-01-25T22:06:53Z">
          <reporter-output>
          </reporter-output>
        </test-method> <!-- SetUpPreDataMethod -->
        <test-method status="PASS" signature="TC_406_MC_FF_B()[pri:0, instance:MC.TestSetF@39c0f4a]" name="TC_406_MC_FF_B" duration-ms="51566" started-at="2018-01-25T22:06:53Z" finished-at="2018-01-25T22:07:44Z">
          <reporter-output>
          </reporter-output>
        </test-method> <!-- TC_406_MC_FF_B -->
        <test-method status="PASS" signature="SetUpPreDataMethod()[pri:0, instance:MC.TestSetF@39c0f4a]" name="SetUpPreDataMethod" is-config="true" duration-ms="961" started-at="2018-01-25T22:07:44Z" finished-at="2018-01-25T22:07:45Z">
          <reporter-output>
          </reporter-output>
        </test-method> <!-- SetUpPreDataMethod -->
        <test-method status="PASS" signature="TC_407_MC_FF_C()[pri:0, instance:MC.TestSetF@39c0f4a]" name="TC_407_MC_FF_C" duration-ms="52494" started-at="2018-01-25T22:07:45Z" finished-at="2018-01-25T22:08:38Z">
          <reporter-output>
          </reporter-output>
        </test-method> <!-- TC_407_MC_FF_C -->
        <test-method status="PASS" signature="SetUpPreDataMethod()[pri:0, instance:MC.TestSetF@39c0f4a]" name="SetUpPreDataMethod" is-config="true" duration-ms="757" started-at="2018-01-25T22:08:38Z" finished-at="2018-01-25T22:08:39Z">
          <reporter-output>
          </reporter-output>
        </test-method> <!-- SetUpPreDataMethod -->
        <test-method status="PASS" signature="TC_408_MC_ME_A()[pri:0, instance:MC.TestSetF@39c0f4a]" name="TC_408_MC_ME_A" duration-ms="39818" started-at="2018-01-25T22:08:39Z" finished-at="2018-01-25T22:09:18Z">
          <reporter-output>
          </reporter-output>
        </test-method> <!-- TC_408_MC_ME_A -->
        <test-method status="PASS" signature="SetUpPreDataMethod()[pri:0, instance:MC.TestSetF@39c0f4a]" name="SetUpPreDataMethod" is-config="true" duration-ms="1261" started-at="2018-01-25T22:09:18Z" finished-at="2018-01-25T22:09:20Z">
          <reporter-output>
          </reporter-output>
        </test-method> <!-- SetUpPreDataMethod -->
        <test-method status="PASS" signature="TC_409_MC_ME_B()[pri:0, instance:MC.TestSetF@39c0f4a]" name="TC_409_MC_ME_B" duration-ms="39725" started-at="2018-01-25T22:09:20Z" finished-at="2018-01-25T22:09:59Z">
          <reporter-output>
          </reporter-output>
        </test-method> <!-- TC_409_MC_ME_B -->
        <test-method status="PASS" signature="SetUpPreDataMethod()[pri:0, instance:MC.TestSetF@39c0f4a]" name="SetUpPreDataMethod" is-config="true" duration-ms="817" started-at="2018-01-25T22:09:59Z" finished-at="2018-01-25T22:10:00Z">
          <reporter-output>
          </reporter-output>
        </test-method> <!-- SetUpPreDataMethod -->
        <test-method status="PASS" signature="TC_411_DownAndUPonly_CHROME()[pri:0, instance:MC.TestSetF@39c0f4a]" name="TC_411_DownAndUPonly_CHROME" duration-ms="62426" started-at="2018-01-25T22:10:00Z" finished-at="2018-01-25T22:11:03Z">
          <reporter-output>
          </reporter-output>
        </test-method> <!-- TC_411_DownAndUPonly_CHROME -->
        <test-method status="PASS" signature="SetUpPreDataMethod()[pri:0, instance:MC.TestSetF@39c0f4a]" name="SetUpPreDataMethod" is-config="true" duration-ms="860" started-at="2018-01-25T22:11:03Z" finished-at="2018-01-25T22:11:04Z">
          <reporter-output>
          </reporter-output>
        </test-method> <!-- SetUpPreDataMethod -->
        <test-method status="PASS" signature="TC_412_DownAndUPonly_FF()[pri:0, instance:MC.TestSetF@39c0f4a]" name="TC_412_DownAndUPonly_FF" duration-ms="65935" started-at="2018-01-25T22:11:04Z" finished-at="2018-01-25T22:12:09Z">
          <reporter-output>
          </reporter-output>
        </test-method> <!-- TC_412_DownAndUPonly_FF -->
        <test-method status="PASS" signature="SetUpPreDataMethod()[pri:0, instance:MC.TestSetF@39c0f4a]" name="SetUpPreDataMethod" is-config="true" duration-ms="863" started-at="2018-01-25T22:12:09Z" finished-at="2018-01-25T22:12:10Z">
          <reporter-output>
          </reporter-output>
        </test-method> <!-- SetUpPreDataMethod -->
        <test-method status="PASS" signature="TC_413_DownAndUPonly_ME()[pri:0, instance:MC.TestSetF@39c0f4a]" name="TC_413_DownAndUPonly_ME" duration-ms="56860" started-at="2018-01-25T22:12:10Z" finished-at="2018-01-25T22:13:07Z">
          <reporter-output>
          </reporter-output>
        </test-method> <!-- TC_413_DownAndUPonly_ME -->
      </class> <!-- MC.TestSetF -->
      <class name="ApplyFirst">
        <test-method status="PASS" signature="doThisBeforeAllTestsExecution()[pri:0, instance:ApplyFirst@6093dd95]" name="doThisBeforeAllTestsExecution" duration-ms="542" started-at="2018-01-25T21:16:33Z" finished-at="2018-01-25T21:16:33Z">
          <reporter-output>
          </reporter-output>
        </test-method> <!-- doThisBeforeAllTestsExecution -->
      </class> <!-- ApplyFirst -->
      <class name="levis.TestSetH">
        <test-method status="PASS" signature="SetUpPreDataMethod()[pri:0, instance:levis.TestSetH@42e26948]" name="SetUpPreDataMethod" is-config="true" duration-ms="754" started-at="2018-01-25T22:13:32Z" finished-at="2018-01-25T22:13:33Z">
          <reporter-output>
          </reporter-output>
        </test-method> <!-- SetUpPreDataMethod -->
        <test-method status="PASS" signature="TC101_MouseOver_OnMajorElements()[pri:0, instance:levis.TestSetH@42e26948]" name="TC101_MouseOver_OnMajorElements" duration-ms="57103" started-at="2018-01-25T22:13:33Z" finished-at="2018-01-25T22:14:30Z">
          <reporter-output>
          </reporter-output>
        </test-method> <!-- TC101_MouseOver_OnMajorElements -->
        <test-method status="PASS" signature="SetUpPreDataMethod()[pri:0, instance:levis.TestSetH@42e26948]" name="SetUpPreDataMethod" is-config="true" duration-ms="1211" started-at="2018-01-25T22:14:30Z" finished-at="2018-01-25T22:14:32Z">
          <reporter-output>
          </reporter-output>
        </test-method> <!-- SetUpPreDataMethod -->
        <test-method status="FAIL" signature="TC_102_scrollUpAndDown()[pri:0, instance:levis.TestSetH@42e26948]" name="TC_102_scrollUpAndDown" duration-ms="309268" started-at="2018-01-25T22:14:32Z" finished-at="2018-01-25T22:19:41Z">
          <exception class="org.openqa.selenium.TimeoutException">
            <message>
              <![CDATA[Timeout loading page after 300000ms
Build info: version: '3.6.0', revision: '6fbf3ec767', time: '2017-09-27T16:15:40.131Z'
System info: host: 'DESKTOP-75OLIUH', ip: '192.168.112.1', os.name: 'Windows 10', os.arch: 'amd64', os.version: '10.0', java.version: '1.8.0_144'
Driver info: org.openqa.selenium.firefox.FirefoxDriver
Capabilities [{moz:profile=C:\Users\imran\AppData\Local\Temp\rust_mozprofile.IOAoSnkgqQwF, rotatable=false, timeouts={implicit=0, pageLoad=300000, script=30000}, pageLoadStrategy=normal, moz:headless=false, platform=XP, moz:accessibilityChecks=false, acceptInsecureCerts=true, browserVersion=57.0.4, platformVersion=10.0, moz:processID=11832, browserName=firefox, javascriptEnabled=true, platformName=XP, moz:webdriverClick=false}]
Session ID: 38958caa-b181-4828-b282-618df52f4b46]]>
            </message>
            <full-stacktrace>
              <![CDATA[org.openqa.selenium.TimeoutException: Timeout loading page after 300000ms
Build info: version: '3.6.0', revision: '6fbf3ec767', time: '2017-09-27T16:15:40.131Z'
System info: host: 'DESKTOP-75OLIUH', ip: '192.168.112.1', os.name: 'Windows 10', os.arch: 'amd64', os.version: '10.0', java.version: '1.8.0_144'
Driver info: org.openqa.selenium.firefox.FirefoxDriver
Capabilities [{moz:profile=C:\Users\imran\AppData\Local\Temp\rust_mozprofile.IOAoSnkgqQwF, rotatable=false, timeouts={implicit=0, pageLoad=300000, script=30000}, pageLoadStrategy=normal, moz:headless=false, platform=XP, moz:accessibilityChecks=false, acceptInsecureCerts=true, browserVersion=57.0.4, platformVersion=10.0, moz:processID=11832, browserName=firefox, javascriptEnabled=true, platformName=XP, moz:webdriverClick=false}]
Session ID: 38958caa-b181-4828-b282-618df52f4b46
	at sun.reflect.NativeConstructorAccessorImpl.newInstance0(Native Method)
	at sun.reflect.NativeConstructorAccessorImpl.newInstance(Unknown Source)
	at sun.reflect.DelegatingConstructorAccessorImpl.newInstance(Unknown Source)
	at java.lang.reflect.Constructor.newInstance(Unknown Source)
	at org.openqa.selenium.remote.http.W3CHttpResponseCodec.createException(W3CHttpResponseCodec.java:185)
	at org.openqa.selenium.remote.http.W3CHttpResponseCodec.decode(W3CHttpResponseCodec.java:120)
	at org.openqa.selenium.remote.http.W3CHttpResponseCodec.decode(W3CHttpResponseCodec.java:49)
	at org.openqa.selenium.remote.HttpCommandExecutor.execute(HttpCommandExecutor.java:164)
	at org.openqa.selenium.remote.service.DriverCommandExecutor.execute(DriverCommandExecutor.java:83)
	at org.openqa.selenium.remote.RemoteWebDriver.execute(RemoteWebDriver.java:586)
	at org.openqa.selenium.remote.RemoteWebDriver.get(RemoteWebDriver.java:310)
	at afterLoginIn.CommonAPI.getDriver(CommonAPI.java:121)
	at levis.TestSetH.TC_102_scrollUpAndDown(TestSetH.java:75)
	at sun.reflect.NativeMethodAccessorImpl.invoke0(Native Method)
	at sun.reflect.NativeMethodAccessorImpl.invoke(Unknown Source)
	at sun.reflect.DelegatingMethodAccessorImpl.invoke(Unknown Source)
	at java.lang.reflect.Method.invoke(Unknown Source)
	at org.testng.internal.MethodInvocationHelper.invokeMethod(MethodInvocationHelper.java:108)
	at org.testng.internal.Invoker.invokeMethod(Invoker.java:661)
	at org.testng.internal.Invoker.invokeTestMethod(Invoker.java:869)
	at org.testng.internal.Invoker.invokeTestMethods(Invoker.java:1193)
	at org.testng.internal.TestMethodWorker.invokeTestMethods(TestMethodWorker.java:126)
	at org.testng.internal.TestMethodWorker.run(TestMethodWorker.java:109)
	at org.testng.TestRunner.privateRun(TestRunner.java:744)
	at org.testng.TestRunner.run(TestRunner.java:602)
	at org.testng.SuiteRunner.runTest(SuiteRunner.java:380)
	at org.testng.SuiteRunner.runSequentially(SuiteRunner.java:375)
	at org.testng.SuiteRunner.privateRun(SuiteRunner.java:340)
	at org.testng.SuiteRunner.run(SuiteRunner.java:289)
	at org.testng.SuiteRunnerWorker.runSuite(SuiteRunnerWorker.java:52)
	at org.testng.SuiteRunnerWorker.run(SuiteRunnerWorker.java:86)
	at org.testng.TestNG.runSuitesSequentially(TestNG.java:1301)
	at org.testng.TestNG.runSuitesLocally(TestNG.java:1226)
	at org.testng.TestNG.runSuites(TestNG.java:1144)
	at org.testng.TestNG.run(TestNG.java:1115)
	at org.testng.remote.AbstractRemoteTestNG.run(AbstractRemoteTestNG.java:126)
	at org.testng.remote.RemoteTestNG.initAndRun(RemoteTestNG.java:137)
	at org.testng.remote.RemoteTestNG.main(RemoteTestNG.java:58)
]]>
            </full-stacktrace>
          </exception> <!-- org.openqa.selenium.TimeoutException -->
          <reporter-output>
          </reporter-output>
        </test-method> <!-- TC_102_scrollUpAndDown -->
        <test-method status="PASS" signature="SetUpPreDataMethod()[pri:0, instance:levis.TestSetH@42e26948]" name="SetUpPreDataMethod" is-config="true" duration-ms="609" started-at="2018-01-25T22:19:41Z" finished-at="2018-01-25T22:19:41Z">
          <reporter-output>
          </reporter-output>
        </test-method> <!-- SetUpPreDataMethod -->
        <test-method status="FAIL" signature="TC_103_womens_dress()[pri:0, instance:levis.TestSetH@42e26948]" name="TC_103_womens_dress" duration-ms="308145" started-at="2018-01-25T22:19:41Z" finished-at="2018-01-25T22:24:50Z">
          <exception class="org.openqa.selenium.TimeoutException">
            <message>
              <![CDATA[Timeout loading page after 300000ms
Build info: version: '3.6.0', revision: '6fbf3ec767', time: '2017-09-27T16:15:40.131Z'
System info: host: 'DESKTOP-75OLIUH', ip: '192.168.112.1', os.name: 'Windows 10', os.arch: 'amd64', os.version: '10.0', java.version: '1.8.0_144'
Driver info: org.openqa.selenium.firefox.FirefoxDriver
Capabilities [{moz:profile=C:\Users\imran\AppData\Local\Temp\rust_mozprofile.By1Z6Wxm2xwZ, rotatable=false, timeouts={implicit=0, pageLoad=300000, script=30000}, pageLoadStrategy=normal, moz:headless=false, platform=XP, moz:accessibilityChecks=false, acceptInsecureCerts=true, browserVersion=57.0.4, platformVersion=10.0, moz:processID=2372, browserName=firefox, javascriptEnabled=true, platformName=XP, moz:webdriverClick=false}]
Session ID: dbd084b8-9891-45a3-941e-ceab045f5451]]>
            </message>
            <full-stacktrace>
              <![CDATA[org.openqa.selenium.TimeoutException: Timeout loading page after 300000ms
Build info: version: '3.6.0', revision: '6fbf3ec767', time: '2017-09-27T16:15:40.131Z'
System info: host: 'DESKTOP-75OLIUH', ip: '192.168.112.1', os.name: 'Windows 10', os.arch: 'amd64', os.version: '10.0', java.version: '1.8.0_144'
Driver info: org.openqa.selenium.firefox.FirefoxDriver
Capabilities [{moz:profile=C:\Users\imran\AppData\Local\Temp\rust_mozprofile.By1Z6Wxm2xwZ, rotatable=false, timeouts={implicit=0, pageLoad=300000, script=30000}, pageLoadStrategy=normal, moz:headless=false, platform=XP, moz:accessibilityChecks=false, acceptInsecureCerts=true, browserVersion=57.0.4, platformVersion=10.0, moz:processID=2372, browserName=firefox, javascriptEnabled=true, platformName=XP, moz:webdriverClick=false}]
Session ID: dbd084b8-9891-45a3-941e-ceab045f5451
	at sun.reflect.NativeConstructorAccessorImpl.newInstance0(Native Method)
	at sun.reflect.NativeConstructorAccessorImpl.newInstance(Unknown Source)
	at sun.reflect.DelegatingConstructorAccessorImpl.newInstance(Unknown Source)
	at java.lang.reflect.Constructor.newInstance(Unknown Source)
	at org.openqa.selenium.remote.http.W3CHttpResponseCodec.createException(W3CHttpResponseCodec.java:185)
	at org.openqa.selenium.remote.http.W3CHttpResponseCodec.decode(W3CHttpResponseCodec.java:120)
	at org.openqa.selenium.remote.http.W3CHttpResponseCodec.decode(W3CHttpResponseCodec.java:49)
	at org.openqa.selenium.remote.HttpCommandExecutor.execute(HttpCommandExecutor.java:164)
	at org.openqa.selenium.remote.service.DriverCommandExecutor.execute(DriverCommandExecutor.java:83)
	at org.openqa.selenium.remote.RemoteWebDriver.execute(RemoteWebDriver.java:586)
	at org.openqa.selenium.remote.RemoteWebDriver.get(RemoteWebDriver.java:310)
	at afterLoginIn.CommonAPI.getDriver(CommonAPI.java:121)
	at levis.TestSetH.TC_103_womens_dress(TestSetH.java:101)
	at sun.reflect.NativeMethodAccessorImpl.invoke0(Native Method)
	at sun.reflect.NativeMethodAccessorImpl.invoke(Unknown Source)
	at sun.reflect.DelegatingMethodAccessorImpl.invoke(Unknown Source)
	at java.lang.reflect.Method.invoke(Unknown Source)
	at org.testng.internal.MethodInvocationHelper.invokeMethod(MethodInvocationHelper.java:108)
	at org.testng.internal.Invoker.invokeMethod(Invoker.java:661)
	at org.testng.internal.Invoker.invokeTestMethod(Invoker.java:869)
	at org.testng.internal.Invoker.invokeTestMethods(Invoker.java:1193)
	at org.testng.internal.TestMethodWorker.invokeTestMethods(TestMethodWorker.java:126)
	at org.testng.internal.TestMethodWorker.run(TestMethodWorker.java:109)
	at org.testng.TestRunner.privateRun(TestRunner.java:744)
	at org.testng.TestRunner.run(TestRunner.java:602)
	at org.testng.SuiteRunner.runTest(SuiteRunner.java:380)
	at org.testng.SuiteRunner.runSequentially(SuiteRunner.java:375)
	at org.testng.SuiteRunner.privateRun(SuiteRunner.java:340)
	at org.testng.SuiteRunner.run(SuiteRunner.java:289)
	at org.testng.SuiteRunnerWorker.runSuite(SuiteRunnerWorker.java:52)
	at org.testng.SuiteRunnerWorker.run(SuiteRunnerWorker.java:86)
	at org.testng.TestNG.runSuitesSequentially(TestNG.java:1301)
	at org.testng.TestNG.runSuitesLocally(TestNG.java:1226)
	at org.testng.TestNG.runSuites(TestNG.java:1144)
	at org.testng.TestNG.run(TestNG.java:1115)
	at org.testng.remote.AbstractRemoteTestNG.run(AbstractRemoteTestNG.java:126)
	at org.testng.remote.RemoteTestNG.initAndRun(RemoteTestNG.java:137)
	at org.testng.remote.RemoteTestNG.main(RemoteTestNG.java:58)
]]>
            </full-stacktrace>
          </exception> <!-- org.openqa.selenium.TimeoutException -->
          <reporter-output>
          </reporter-output>
        </test-method> <!-- TC_103_womens_dress -->
        <test-method status="PASS" signature="SetUpPreDataMethod()[pri:0, instance:levis.TestSetH@42e26948]" name="SetUpPreDataMethod" is-config="true" duration-ms="40116" started-at="2018-01-25T22:24:50Z" finished-at="2018-01-25T22:25:30Z">
          <reporter-output>
          </reporter-output>
        </test-method> <!-- SetUpPreDataMethod -->
        <test-method status="FAIL" signature="TC_104_FindStoresMap()[pri:0, instance:levis.TestSetH@42e26948]" name="TC_104_FindStoresMap" duration-ms="76612" started-at="2018-01-25T22:25:30Z" finished-at="2018-01-25T22:26:46Z">
          <exception class="java.lang.IndexOutOfBoundsException">
            <message>
              <![CDATA[Index: 1, Size: 1]]>
            </message>
            <full-stacktrace>
              <![CDATA[java.lang.IndexOutOfBoundsException: Index: 1, Size: 1
	at java.util.ArrayList.rangeCheck(Unknown Source)
	at java.util.ArrayList.get(Unknown Source)
	at levis.TestSetH.TC_104_FindStoresMap(TestSetH.java:156)
	at sun.reflect.NativeMethodAccessorImpl.invoke0(Native Method)
	at sun.reflect.NativeMethodAccessorImpl.invoke(Unknown Source)
	at sun.reflect.DelegatingMethodAccessorImpl.invoke(Unknown Source)
	at java.lang.reflect.Method.invoke(Unknown Source)
	at org.testng.internal.MethodInvocationHelper.invokeMethod(MethodInvocationHelper.java:108)
	at org.testng.internal.Invoker.invokeMethod(Invoker.java:661)
	at org.testng.internal.Invoker.invokeTestMethod(Invoker.java:869)
	at org.testng.internal.Invoker.invokeTestMethods(Invoker.java:1193)
	at org.testng.internal.TestMethodWorker.invokeTestMethods(TestMethodWorker.java:126)
	at org.testng.internal.TestMethodWorker.run(TestMethodWorker.java:109)
	at org.testng.TestRunner.privateRun(TestRunner.java:744)
	at org.testng.TestRunner.run(TestRunner.java:602)
	at org.testng.SuiteRunner.runTest(SuiteRunner.java:380)
	at org.testng.SuiteRunner.runSequentially(SuiteRunner.java:375)
	at org.testng.SuiteRunner.privateRun(SuiteRunner.java:340)
	at org.testng.SuiteRunner.run(SuiteRunner.java:289)
	at org.testng.SuiteRunnerWorker.runSuite(SuiteRunnerWorker.java:52)
	at org.testng.SuiteRunnerWorker.run(SuiteRunnerWorker.java:86)
	at org.testng.TestNG.runSuitesSequentially(TestNG.java:1301)
	at org.testng.TestNG.runSuitesLocally(TestNG.java:1226)
	at org.testng.TestNG.runSuites(TestNG.java:1144)
	at org.testng.TestNG.run(TestNG.java:1115)
	at org.testng.remote.AbstractRemoteTestNG.run(AbstractRemoteTestNG.java:126)
	at org.testng.remote.RemoteTestNG.initAndRun(RemoteTestNG.java:137)
	at org.testng.remote.RemoteTestNG.main(RemoteTestNG.java:58)
]]>
            </full-stacktrace>
          </exception> <!-- java.lang.IndexOutOfBoundsException -->
          <reporter-output>
          </reporter-output>
        </test-method> <!-- TC_104_FindStoresMap -->
        <test-method status="PASS" signature="SetUpPreDataMethod()[pri:0, instance:levis.TestSetH@42e26948]" name="SetUpPreDataMethod" is-config="true" duration-ms="1255" started-at="2018-01-25T22:26:46Z" finished-at="2018-01-25T22:26:48Z">
          <reporter-output>
          </reporter-output>
        </test-method> <!-- SetUpPreDataMethod -->
        <test-method status="PASS" signature="TC_105_HighlightAllLinks()[pri:0, instance:levis.TestSetH@42e26948]" name="TC_105_HighlightAllLinks" duration-ms="88075" started-at="2018-01-25T22:26:48Z" finished-at="2018-01-25T22:28:16Z">
          <reporter-output>
          </reporter-output>
        </test-method> <!-- TC_105_HighlightAllLinks -->
      </class> <!-- levis.TestSetH -->
      <class name="afterLoginIn.TestSetA">
        <test-method status="PASS" signature="SetUpPreDataMethod()[pri:0, instance:afterLoginIn.TestSetA@6a4f787b]" name="SetUpPreDataMethod" is-config="true" duration-ms="202" started-at="2018-01-25T21:18:59Z" finished-at="2018-01-25T21:18:59Z">
          <reporter-output>
          </reporter-output>
        </test-method> <!-- SetUpPreDataMethod -->
        <test-method status="FAIL" signature="TC_401_Login_And_LogOut()[pri:0, instance:afterLoginIn.TestSetA@6a4f787b]" name="TC_401_Login_And_LogOut" duration-ms="29133" started-at="2018-01-25T21:18:59Z" finished-at="2018-01-25T21:19:28Z">
          <exception class="org.openqa.selenium.NoSuchElementException">
            <message>
              <![CDATA[no such element: Unable to locate element: {"method":"id","selector":"nav-link-accountList"}
  (Session info: chrome=63.0.3239.132)
  (Driver info: chromedriver=2.32.498550 (9dec58e66c31bcc53a9ce3c7226f0c1c5810906a),platform=Windows NT 10.0.16299 x86_64) (WARNING: The server did not provide any stacktrace information)
Command duration or timeout: 0 milliseconds
For documentation on this error, please visit: http://seleniumhq.org/exceptions/no_such_element.html
Build info: version: '3.6.0', revision: '6fbf3ec767', time: '2017-09-27T16:15:40.131Z'
System info: host: 'DESKTOP-75OLIUH', ip: '192.168.112.1', os.name: 'Windows 10', os.arch: 'amd64', os.version: '10.0', java.version: '1.8.0_144'
Driver info: org.openqa.selenium.chrome.ChromeDriver
Capabilities [{mobileEmulationEnabled=false, hasTouchScreen=false, platform=XP, acceptSslCerts=true, webStorageEnabled=true, browserName=chrome, takesScreenshot=true, javascriptEnabled=true, platformName=XP, setWindowRect=true, unexpectedAlertBehaviour=, applicationCacheEnabled=false, rotatable=false, networkConnectionEnabled=false, chrome={chromedriverVersion=2.32.498550 (9dec58e66c31bcc53a9ce3c7226f0c1c5810906a), userDataDir=C:\Users\imran\AppData\Local\Temp\scoped_dir11936_22805}, takesHeapSnapshot=true, pageLoadStrategy=normal, unhandledPromptBehavior=, databaseEnabled=false, handlesAlerts=true, version=63.0.3239.132, browserConnectionEnabled=false, nativeEvents=true, locationContextEnabled=true, cssSelectorsEnabled=true}]
Session ID: b6f007d781610f9d4eadcbcf8e03c3eb
*** Element info: {Using=id, value=nav-link-accountList}]]>
            </message>
            <full-stacktrace>
              <![CDATA[org.openqa.selenium.NoSuchElementException: no such element: Unable to locate element: {"method":"id","selector":"nav-link-accountList"}
  (Session info: chrome=63.0.3239.132)
  (Driver info: chromedriver=2.32.498550 (9dec58e66c31bcc53a9ce3c7226f0c1c5810906a),platform=Windows NT 10.0.16299 x86_64) (WARNING: The server did not provide any stacktrace information)
Command duration or timeout: 0 milliseconds
For documentation on this error, please visit: http://seleniumhq.org/exceptions/no_such_element.html
Build info: version: '3.6.0', revision: '6fbf3ec767', time: '2017-09-27T16:15:40.131Z'
System info: host: 'DESKTOP-75OLIUH', ip: '192.168.112.1', os.name: 'Windows 10', os.arch: 'amd64', os.version: '10.0', java.version: '1.8.0_144'
Driver info: org.openqa.selenium.chrome.ChromeDriver
Capabilities [{mobileEmulationEnabled=false, hasTouchScreen=false, platform=XP, acceptSslCerts=true, webStorageEnabled=true, browserName=chrome, takesScreenshot=true, javascriptEnabled=true, platformName=XP, setWindowRect=true, unexpectedAlertBehaviour=, applicationCacheEnabled=false, rotatable=false, networkConnectionEnabled=false, chrome={chromedriverVersion=2.32.498550 (9dec58e66c31bcc53a9ce3c7226f0c1c5810906a), userDataDir=C:\Users\imran\AppData\Local\Temp\scoped_dir11936_22805}, takesHeapSnapshot=true, pageLoadStrategy=normal, unhandledPromptBehavior=, databaseEnabled=false, handlesAlerts=true, version=63.0.3239.132, browserConnectionEnabled=false, nativeEvents=true, locationContextEnabled=true, cssSelectorsEnabled=true}]
Session ID: b6f007d781610f9d4eadcbcf8e03c3eb
*** Element info: {Using=id, value=nav-link-accountList}
	at sun.reflect.NativeConstructorAccessorImpl.newInstance0(Native Method)
	at sun.reflect.NativeConstructorAccessorImpl.newInstance(Unknown Source)
	at sun.reflect.DelegatingConstructorAccessorImpl.newInstance(Unknown Source)
	at java.lang.reflect.Constructor.newInstance(Unknown Source)
	at org.openqa.selenium.remote.ErrorHandler.createThrowable(ErrorHandler.java:214)
	at org.openqa.selenium.remote.ErrorHandler.throwIfResponseFailed(ErrorHandler.java:166)
	at org.openqa.selenium.remote.http.JsonHttpResponseCodec.reconstructValue(JsonHttpResponseCodec.java:40)
	at org.openqa.selenium.remote.http.AbstractHttpResponseCodec.decode(AbstractHttpResponseCodec.java:82)
	at org.openqa.selenium.remote.http.AbstractHttpResponseCodec.decode(AbstractHttpResponseCodec.java:45)
	at org.openqa.selenium.remote.HttpCommandExecutor.execute(HttpCommandExecutor.java:164)
	at org.openqa.selenium.remote.service.DriverCommandExecutor.execute(DriverCommandExecutor.java:83)
	at org.openqa.selenium.remote.RemoteWebDriver.execute(RemoteWebDriver.java:586)
	at org.openqa.selenium.remote.RemoteWebDriver.findElement(RemoteWebDriver.java:356)
	at org.openqa.selenium.remote.RemoteWebDriver.findElementById(RemoteWebDriver.java:402)
	at org.openqa.selenium.By$ById.findElement(By.java:218)
	at org.openqa.selenium.remote.RemoteWebDriver.findElement(RemoteWebDriver.java:348)
	at afterLoginIn.TestSetA.TC_401_Login_And_LogOut(TestSetA.java:49)
	at sun.reflect.NativeMethodAccessorImpl.invoke0(Native Method)
	at sun.reflect.NativeMethodAccessorImpl.invoke(Unknown Source)
	at sun.reflect.DelegatingMethodAccessorImpl.invoke(Unknown Source)
	at java.lang.reflect.Method.invoke(Unknown Source)
	at org.testng.internal.MethodInvocationHelper.invokeMethod(MethodInvocationHelper.java:108)
	at org.testng.internal.Invoker.invokeMethod(Invoker.java:661)
	at org.testng.internal.Invoker.invokeTestMethod(Invoker.java:869)
	at org.testng.internal.Invoker.invokeTestMethods(Invoker.java:1193)
	at org.testng.internal.TestMethodWorker.invokeTestMethods(TestMethodWorker.java:126)
	at org.testng.internal.TestMethodWorker.run(TestMethodWorker.java:109)
	at org.testng.TestRunner.privateRun(TestRunner.java:744)
	at org.testng.TestRunner.run(TestRunner.java:602)
	at org.testng.SuiteRunner.runTest(SuiteRunner.java:380)
	at org.testng.SuiteRunner.runSequentially(SuiteRunner.java:375)
	at org.testng.SuiteRunner.privateRun(SuiteRunner.java:340)
	at org.testng.SuiteRunner.run(SuiteRunner.java:289)
	at org.testng.SuiteRunnerWorker.runSuite(SuiteRunnerWorker.java:52)
	at org.testng.SuiteRunnerWorker.run(SuiteRunnerWorker.java:86)
	at org.testng.TestNG.runSuitesSequentially(TestNG.java:1301)
	at org.testng.TestNG.runSuitesLocally(TestNG.java:1226)
	at org.testng.TestNG.runSuites(TestNG.java:1144)
	at org.testng.TestNG.run(TestNG.java:1115)
	at org.testng.remote.AbstractRemoteTestNG.run(AbstractRemoteTestNG.java:126)
	at org.testng.remote.RemoteTestNG.initAndRun(RemoteTestNG.java:137)
	at org.testng.remote.RemoteTestNG.main(RemoteTestNG.java:58)
]]>
            </full-stacktrace>
          </exception> <!-- org.openqa.selenium.NoSuchElementException -->
          <reporter-output>
          </reporter-output>
        </test-method> <!-- TC_401_Login_And_LogOut -->
        <test-method status="PASS" signature="SetUpPreDataMethod()[pri:0, instance:afterLoginIn.TestSetA@6a4f787b]" name="SetUpPreDataMethod" is-config="true" duration-ms="506" started-at="2018-01-25T21:19:28Z" finished-at="2018-01-25T21:19:28Z">
          <reporter-output>
          </reporter-output>
        </test-method> <!-- SetUpPreDataMethod -->
        <test-method status="FAIL" signature="TC_402_Login_NegativeTest()[pri:0, instance:afterLoginIn.TestSetA@6a4f787b]" name="TC_402_Login_NegativeTest" duration-ms="18004" started-at="2018-01-25T21:19:28Z" finished-at="2018-01-25T21:19:46Z">
          <exception class="org.openqa.selenium.NoSuchElementException">
            <message>
              <![CDATA[no such element: Unable to locate element: {"method":"xpath","selector":"//*[@id="auth-error-message-box"]/div/div/ul/li/span"}
  (Session info: chrome=63.0.3239.132)
  (Driver info: chromedriver=2.32.498550 (9dec58e66c31bcc53a9ce3c7226f0c1c5810906a),platform=Windows NT 10.0.16299 x86_64) (WARNING: The server did not provide any stacktrace information)
Command duration or timeout: 0 milliseconds
For documentation on this error, please visit: http://seleniumhq.org/exceptions/no_such_element.html
Build info: version: '3.6.0', revision: '6fbf3ec767', time: '2017-09-27T16:15:40.131Z'
System info: host: 'DESKTOP-75OLIUH', ip: '192.168.112.1', os.name: 'Windows 10', os.arch: 'amd64', os.version: '10.0', java.version: '1.8.0_144'
Driver info: org.openqa.selenium.chrome.ChromeDriver
Capabilities [{mobileEmulationEnabled=false, hasTouchScreen=false, platform=XP, acceptSslCerts=true, webStorageEnabled=true, browserName=chrome, takesScreenshot=true, javascriptEnabled=true, platformName=XP, setWindowRect=true, unexpectedAlertBehaviour=, applicationCacheEnabled=false, rotatable=false, networkConnectionEnabled=false, chrome={chromedriverVersion=2.32.498550 (9dec58e66c31bcc53a9ce3c7226f0c1c5810906a), userDataDir=C:\Users\imran\AppData\Local\Temp\scoped_dir3404_24246}, takesHeapSnapshot=true, pageLoadStrategy=normal, unhandledPromptBehavior=, databaseEnabled=false, handlesAlerts=true, version=63.0.3239.132, browserConnectionEnabled=false, nativeEvents=true, locationContextEnabled=true, cssSelectorsEnabled=true}]
Session ID: ef74e523da85ab5217832072f5bc0c41
*** Element info: {Using=xpath, value=//*[@id="auth-error-message-box"]/div/div/ul/li/span}]]>
            </message>
            <full-stacktrace>
              <![CDATA[org.openqa.selenium.NoSuchElementException: no such element: Unable to locate element: {"method":"xpath","selector":"//*[@id="auth-error-message-box"]/div/div/ul/li/span"}
  (Session info: chrome=63.0.3239.132)
  (Driver info: chromedriver=2.32.498550 (9dec58e66c31bcc53a9ce3c7226f0c1c5810906a),platform=Windows NT 10.0.16299 x86_64) (WARNING: The server did not provide any stacktrace information)
Command duration or timeout: 0 milliseconds
For documentation on this error, please visit: http://seleniumhq.org/exceptions/no_such_element.html
Build info: version: '3.6.0', revision: '6fbf3ec767', time: '2017-09-27T16:15:40.131Z'
System info: host: 'DESKTOP-75OLIUH', ip: '192.168.112.1', os.name: 'Windows 10', os.arch: 'amd64', os.version: '10.0', java.version: '1.8.0_144'
Driver info: org.openqa.selenium.chrome.ChromeDriver
Capabilities [{mobileEmulationEnabled=false, hasTouchScreen=false, platform=XP, acceptSslCerts=true, webStorageEnabled=true, browserName=chrome, takesScreenshot=true, javascriptEnabled=true, platformName=XP, setWindowRect=true, unexpectedAlertBehaviour=, applicationCacheEnabled=false, rotatable=false, networkConnectionEnabled=false, chrome={chromedriverVersion=2.32.498550 (9dec58e66c31bcc53a9ce3c7226f0c1c5810906a), userDataDir=C:\Users\imran\AppData\Local\Temp\scoped_dir3404_24246}, takesHeapSnapshot=true, pageLoadStrategy=normal, unhandledPromptBehavior=, databaseEnabled=false, handlesAlerts=true, version=63.0.3239.132, browserConnectionEnabled=false, nativeEvents=true, locationContextEnabled=true, cssSelectorsEnabled=true}]
Session ID: ef74e523da85ab5217832072f5bc0c41
*** Element info: {Using=xpath, value=//*[@id="auth-error-message-box"]/div/div/ul/li/span}
	at sun.reflect.NativeConstructorAccessorImpl.newInstance0(Native Method)
	at sun.reflect.NativeConstructorAccessorImpl.newInstance(Unknown Source)
	at sun.reflect.DelegatingConstructorAccessorImpl.newInstance(Unknown Source)
	at java.lang.reflect.Constructor.newInstance(Unknown Source)
	at org.openqa.selenium.remote.ErrorHandler.createThrowable(ErrorHandler.java:214)
	at org.openqa.selenium.remote.ErrorHandler.throwIfResponseFailed(ErrorHandler.java:166)
	at org.openqa.selenium.remote.http.JsonHttpResponseCodec.reconstructValue(JsonHttpResponseCodec.java:40)
	at org.openqa.selenium.remote.http.AbstractHttpResponseCodec.decode(AbstractHttpResponseCodec.java:82)
	at org.openqa.selenium.remote.http.AbstractHttpResponseCodec.decode(AbstractHttpResponseCodec.java:45)
	at org.openqa.selenium.remote.HttpCommandExecutor.execute(HttpCommandExecutor.java:164)
	at org.openqa.selenium.remote.service.DriverCommandExecutor.execute(DriverCommandExecutor.java:83)
	at org.openqa.selenium.remote.RemoteWebDriver.execute(RemoteWebDriver.java:586)
	at org.openqa.selenium.remote.RemoteWebDriver.findElement(RemoteWebDriver.java:356)
	at org.openqa.selenium.remote.RemoteWebDriver.findElementByXPath(RemoteWebDriver.java:458)
	at org.openqa.selenium.By$ByXPath.findElement(By.java:361)
	at org.openqa.selenium.remote.RemoteWebDriver.findElement(RemoteWebDriver.java:348)
	at afterLoginIn.TestSetA.TC_402_Login_NegativeTest(TestSetA.java:78)
	at sun.reflect.NativeMethodAccessorImpl.invoke0(Native Method)
	at sun.reflect.NativeMethodAccessorImpl.invoke(Unknown Source)
	at sun.reflect.DelegatingMethodAccessorImpl.invoke(Unknown Source)
	at java.lang.reflect.Method.invoke(Unknown Source)
	at org.testng.internal.MethodInvocationHelper.invokeMethod(MethodInvocationHelper.java:108)
	at org.testng.internal.Invoker.invokeMethod(Invoker.java:661)
	at org.testng.internal.Invoker.invokeTestMethod(Invoker.java:869)
	at org.testng.internal.Invoker.invokeTestMethods(Invoker.java:1193)
	at org.testng.internal.TestMethodWorker.invokeTestMethods(TestMethodWorker.java:126)
	at org.testng.internal.TestMethodWorker.run(TestMethodWorker.java:109)
	at org.testng.TestRunner.privateRun(TestRunner.java:744)
	at org.testng.TestRunner.run(TestRunner.java:602)
	at org.testng.SuiteRunner.runTest(SuiteRunner.java:380)
	at org.testng.SuiteRunner.runSequentially(SuiteRunner.java:375)
	at org.testng.SuiteRunner.privateRun(SuiteRunner.java:340)
	at org.testng.SuiteRunner.run(SuiteRunner.java:289)
	at org.testng.SuiteRunnerWorker.runSuite(SuiteRunnerWorker.java:52)
	at org.testng.SuiteRunnerWorker.run(SuiteRunnerWorker.java:86)
	at org.testng.TestNG.runSuitesSequentially(TestNG.java:1301)
	at org.testng.TestNG.runSuitesLocally(TestNG.java:1226)
	at org.testng.TestNG.runSuites(TestNG.java:1144)
	at org.testng.TestNG.run(TestNG.java:1115)
	at org.testng.remote.AbstractRemoteTestNG.run(AbstractRemoteTestNG.java:126)
	at org.testng.remote.RemoteTestNG.initAndRun(RemoteTestNG.java:137)
	at org.testng.remote.RemoteTestNG.main(RemoteTestNG.java:58)
]]>
            </full-stacktrace>
          </exception> <!-- org.openqa.selenium.NoSuchElementException -->
          <reporter-output>
          </reporter-output>
        </test-method> <!-- TC_402_Login_NegativeTest -->
        <test-method status="PASS" signature="SetUpPreDataMethod()[pri:0, instance:afterLoginIn.TestSetA@6a4f787b]" name="SetUpPreDataMethod" is-config="true" duration-ms="253" started-at="2018-01-25T21:19:46Z" finished-at="2018-01-25T21:19:47Z">
          <reporter-output>
          </reporter-output>
        </test-method> <!-- SetUpPreDataMethod -->
        <test-method status="PASS" signature="TC_403_VerifyFieldsInLoginPage()[pri:0, instance:afterLoginIn.TestSetA@6a4f787b]" name="TC_403_VerifyFieldsInLoginPage" duration-ms="15283" started-at="2018-01-25T21:19:47Z" finished-at="2018-01-25T21:20:02Z">
          <reporter-output>
          </reporter-output>
        </test-method> <!-- TC_403_VerifyFieldsInLoginPage -->
        <test-method status="PASS" signature="SetUpPreDataMethod()[pri:0, instance:afterLoginIn.TestSetA@6a4f787b]" name="SetUpPreDataMethod" is-config="true" duration-ms="303" started-at="2018-01-25T21:20:02Z" finished-at="2018-01-25T21:20:02Z">
          <reporter-output>
          </reporter-output>
        </test-method> <!-- SetUpPreDataMethod -->
        <test-method status="PASS" signature="TC_404_ToolTip()[pri:0, instance:afterLoginIn.TestSetA@6a4f787b]" name="TC_404_ToolTip" duration-ms="16611" started-at="2018-01-25T21:20:02Z" finished-at="2018-01-25T21:20:19Z">
          <reporter-output>
          </reporter-output>
        </test-method> <!-- TC_404_ToolTip -->
      </class> <!-- afterLoginIn.TestSetA -->
      <class name="automationPractive.TestSetG">
        <test-method status="PASS" signature="SetUpPreDataMethod()[pri:0, instance:automationPractive.TestSetG@1794d431]" name="SetUpPreDataMethod" is-config="true" duration-ms="760" started-at="2018-01-25T22:13:07Z" finished-at="2018-01-25T22:13:08Z">
          <reporter-output>
          </reporter-output>
        </test-method> <!-- SetUpPreDataMethod -->
        <test-method status="PASS" signature="test_701_display_WebTableCellValues()[pri:0, instance:automationPractive.TestSetG@1794d431]" name="test_701_display_WebTableCellValues" duration-ms="24537" started-at="2018-01-25T22:13:08Z" finished-at="2018-01-25T22:13:32Z">
          <reporter-output>
          </reporter-output>
        </test-method> <!-- test_701_display_WebTableCellValues -->
      </class> <!-- automationPractive.TestSetG -->
      <class name="amazon.TestSetAmazon">
        <test-method status="PASS" signature="SetUpPreDataMethod()[pri:0, instance:amazon.TestSetAmazon@7d9d1a19]" name="SetUpPreDataMethod" is-config="true" duration-ms="255" started-at="2018-01-25T21:45:41Z" finished-at="2018-01-25T21:45:42Z">
          <reporter-output>
          </reporter-output>
        </test-method> <!-- SetUpPreDataMethod -->
        <test-method status="PASS" signature="SearchOnLandingPage()[pri:0, instance:amazon.TestSetAmazon@7d9d1a19]" name="SearchOnLandingPage" duration-ms="106113" started-at="2018-01-25T21:45:42Z" finished-at="2018-01-25T21:47:28Z">
          <reporter-output>
          </reporter-output>
        </test-method> <!-- SearchOnLandingPage -->
        <test-method status="PASS" signature="SetUpPreDataMethod()[pri:0, instance:amazon.TestSetAmazon@7d9d1a19]" name="SetUpPreDataMethod" is-config="true" duration-ms="203" started-at="2018-01-25T21:47:28Z" finished-at="2018-01-25T21:47:28Z">
          <reporter-output>
          </reporter-output>
        </test-method> <!-- SetUpPreDataMethod -->
        <test-method status="FAIL" signature="TC_102()[pri:0, instance:amazon.TestSetAmazon@7d9d1a19]" name="TC_102" duration-ms="638022" started-at="2018-01-25T21:47:28Z" finished-at="2018-01-25T21:58:06Z">
          <exception class="org.openqa.selenium.NoSuchElementException">
            <message>
              <![CDATA[Cannot locate option with index: 50
For documentation on this error, please visit: http://seleniumhq.org/exceptions/no_such_element.html
Build info: version: '3.6.0', revision: '6fbf3ec767', time: '2017-09-27T16:15:40.131Z'
System info: host: 'DESKTOP-75OLIUH', ip: '192.168.112.1', os.name: 'Windows 10', os.arch: 'amd64', os.version: '10.0', java.version: '1.8.0_144'
Driver info: driver.version: unknown]]>
            </message>
            <full-stacktrace>
              <![CDATA[org.openqa.selenium.NoSuchElementException: Cannot locate option with index: 50
For documentation on this error, please visit: http://seleniumhq.org/exceptions/no_such_element.html
Build info: version: '3.6.0', revision: '6fbf3ec767', time: '2017-09-27T16:15:40.131Z'
System info: host: 'DESKTOP-75OLIUH', ip: '192.168.112.1', os.name: 'Windows 10', os.arch: 'amd64', os.version: '10.0', java.version: '1.8.0_144'
Driver info: driver.version: unknown
	at org.openqa.selenium.support.ui.Select.selectByIndex(Select.java:183)
	at amazon.TestSetAmazon.TC_102(TestSetAmazon.java:94)
	at sun.reflect.NativeMethodAccessorImpl.invoke0(Native Method)
	at sun.reflect.NativeMethodAccessorImpl.invoke(Unknown Source)
	at sun.reflect.DelegatingMethodAccessorImpl.invoke(Unknown Source)
	at java.lang.reflect.Method.invoke(Unknown Source)
	at org.testng.internal.MethodInvocationHelper.invokeMethod(MethodInvocationHelper.java:108)
	at org.testng.internal.Invoker.invokeMethod(Invoker.java:661)
	at org.testng.internal.Invoker.invokeTestMethod(Invoker.java:869)
	at org.testng.internal.Invoker.invokeTestMethods(Invoker.java:1193)
	at org.testng.internal.TestMethodWorker.invokeTestMethods(TestMethodWorker.java:126)
	at org.testng.internal.TestMethodWorker.run(TestMethodWorker.java:109)
	at org.testng.TestRunner.privateRun(TestRunner.java:744)
	at org.testng.TestRunner.run(TestRunner.java:602)
	at org.testng.SuiteRunner.runTest(SuiteRunner.java:380)
	at org.testng.SuiteRunner.runSequentially(SuiteRunner.java:375)
	at org.testng.SuiteRunner.privateRun(SuiteRunner.java:340)
	at org.testng.SuiteRunner.run(SuiteRunner.java:289)
	at org.testng.SuiteRunnerWorker.runSuite(SuiteRunnerWorker.java:52)
	at org.testng.SuiteRunnerWorker.run(SuiteRunnerWorker.java:86)
	at org.testng.TestNG.runSuitesSequentially(TestNG.java:1301)
	at org.testng.TestNG.runSuitesLocally(TestNG.java:1226)
	at org.testng.TestNG.runSuites(TestNG.java:1144)
	at org.testng.TestNG.run(TestNG.java:1115)
	at org.testng.remote.AbstractRemoteTestNG.run(AbstractRemoteTestNG.java:126)
	at org.testng.remote.RemoteTestNG.initAndRun(RemoteTestNG.java:137)
	at org.testng.remote.RemoteTestNG.main(RemoteTestNG.java:58)
]]>
            </full-stacktrace>
          </exception> <!-- org.openqa.selenium.NoSuchElementException -->
          <reporter-output>
          </reporter-output>
        </test-method> <!-- TC_102 -->
        <test-method status="PASS" signature="SetUpPreDataMethod()[pri:0, instance:amazon.TestSetAmazon@7d9d1a19]" name="SetUpPreDataMethod" is-config="true" duration-ms="214" started-at="2018-01-25T21:58:06Z" finished-at="2018-01-25T21:58:06Z">
          <reporter-output>
          </reporter-output>
        </test-method> <!-- SetUpPreDataMethod -->
        <test-method status="FAIL" signature="TestCase_103()[pri:0, instance:amazon.TestSetAmazon@7d9d1a19]" name="TestCase_103" duration-ms="26945" started-at="2018-01-25T21:58:06Z" finished-at="2018-01-25T21:58:33Z">
          <exception class="junit.framework.ComparisonFailure">
            <message>
              <![CDATA[expected:<[Pass]> but was:<[Fail]>]]>
            </message>
            <full-stacktrace>
              <![CDATA[junit.framework.ComparisonFailure: expected:<[Pass]> but was:<[Fail]>
	at junit.framework.Assert.assertEquals(Assert.java:100)
	at junit.framework.Assert.assertEquals(Assert.java:107)
	at amazon.TestSetAmazon.TestCase_103(TestSetAmazon.java:134)
	at sun.reflect.NativeMethodAccessorImpl.invoke0(Native Method)
	at sun.reflect.NativeMethodAccessorImpl.invoke(Unknown Source)
	at sun.reflect.DelegatingMethodAccessorImpl.invoke(Unknown Source)
	at java.lang.reflect.Method.invoke(Unknown Source)
	at org.testng.internal.MethodInvocationHelper.invokeMethod(MethodInvocationHelper.java:108)
	at org.testng.internal.Invoker.invokeMethod(Invoker.java:661)
	at org.testng.internal.Invoker.invokeTestMethod(Invoker.java:869)
	at org.testng.internal.Invoker.invokeTestMethods(Invoker.java:1193)
	at org.testng.internal.TestMethodWorker.invokeTestMethods(TestMethodWorker.java:126)
	at org.testng.internal.TestMethodWorker.run(TestMethodWorker.java:109)
	at org.testng.TestRunner.privateRun(TestRunner.java:744)
	at org.testng.TestRunner.run(TestRunner.java:602)
	at org.testng.SuiteRunner.runTest(SuiteRunner.java:380)
	at org.testng.SuiteRunner.runSequentially(SuiteRunner.java:375)
	at org.testng.SuiteRunner.privateRun(SuiteRunner.java:340)
	at org.testng.SuiteRunner.run(SuiteRunner.java:289)
	at org.testng.SuiteRunnerWorker.runSuite(SuiteRunnerWorker.java:52)
	at org.testng.SuiteRunnerWorker.run(SuiteRunnerWorker.java:86)
	at org.testng.TestNG.runSuitesSequentially(TestNG.java:1301)
	at org.testng.TestNG.runSuitesLocally(TestNG.java:1226)
	at org.testng.TestNG.runSuites(TestNG.java:1144)
	at org.testng.TestNG.run(TestNG.java:1115)
	at org.testng.remote.AbstractRemoteTestNG.run(AbstractRemoteTestNG.java:126)
	at org.testng.remote.RemoteTestNG.initAndRun(RemoteTestNG.java:137)
	at org.testng.remote.RemoteTestNG.main(RemoteTestNG.java:58)
]]>
            </full-stacktrace>
          </exception> <!-- junit.framework.ComparisonFailure -->
          <reporter-output>
          </reporter-output>
        </test-method> <!-- TestCase_103 -->
        <test-method status="PASS" signature="SetUpPreDataMethod()[pri:0, instance:amazon.TestSetAmazon@7d9d1a19]" name="SetUpPreDataMethod" is-config="true" duration-ms="203" started-at="2018-01-25T21:58:33Z" finished-at="2018-01-25T21:58:33Z">
          <reporter-output>
          </reporter-output>
        </test-method> <!-- SetUpPreDataMethod -->
        <test-method status="PASS" signature="TestCase_104()[pri:0, instance:amazon.TestSetAmazon@7d9d1a19]" name="TestCase_104" duration-ms="60183" started-at="2018-01-25T21:58:33Z" finished-at="2018-01-25T21:59:34Z">
          <reporter-output>
          </reporter-output>
        </test-method> <!-- TestCase_104 -->
        <test-method status="PASS" signature="SetUpPreDataMethod()[pri:0, instance:amazon.TestSetAmazon@7d9d1a19]" name="SetUpPreDataMethod" is-config="true" duration-ms="203" started-at="2018-01-25T21:59:34Z" finished-at="2018-01-25T21:59:34Z">
          <reporter-output>
          </reporter-output>
        </test-method> <!-- SetUpPreDataMethod -->
        <test-method status="PASS" signature="TestCase_105()[pri:0, instance:amazon.TestSetAmazon@7d9d1a19]" name="TestCase_105" duration-ms="79681" started-at="2018-01-25T21:59:34Z" finished-at="2018-01-25T22:00:53Z">
          <reporter-output>
          </reporter-output>
        </test-method> <!-- TestCase_105 -->
        <test-method status="PASS" signature="SetUpPreDataMethod()[pri:0, instance:amazon.TestSetAmazon@7d9d1a19]" name="SetUpPreDataMethod" is-config="true" duration-ms="202" started-at="2018-01-25T22:00:53Z" finished-at="2018-01-25T22:00:54Z">
          <reporter-output>
          </reporter-output>
        </test-method> <!-- SetUpPreDataMethod -->
        <test-method status="PASS" signature="TestCase_106_UpAndDown()[pri:0, instance:amazon.TestSetAmazon@7d9d1a19]" name="TestCase_106_UpAndDown" duration-ms="56512" started-at="2018-01-25T22:00:54Z" finished-at="2018-01-25T22:01:50Z">
          <reporter-output>
          </reporter-output>
        </test-method> <!-- TestCase_106_UpAndDown -->
      </class> <!-- amazon.TestSetAmazon -->
      <class name="walmart.TestSetB">
        <test-method status="PASS" signature="SetUpPreDataMethod()[pri:0, instance:walmart.TestSetB@685cb137]" name="SetUpPreDataMethod" is-config="true" duration-ms="955" started-at="2018-01-25T21:20:19Z" finished-at="2018-01-25T21:20:20Z">
          <reporter-output>
          </reporter-output>
        </test-method> <!-- SetUpPreDataMethod -->
        <test-method status="PASS" signature="TC_501_UsersAreAbleToSearch()[pri:0, instance:walmart.TestSetB@685cb137]" name="TC_501_UsersAreAbleToSearch" duration-ms="158289" started-at="2018-01-25T21:20:20Z" finished-at="2018-01-25T21:22:58Z">
          <reporter-output>
          </reporter-output>
        </test-method> <!-- TC_501_UsersAreAbleToSearch -->
        <test-method status="PASS" signature="SetUpPreDataMethod()[pri:0, instance:walmart.TestSetB@685cb137]" name="SetUpPreDataMethod" is-config="true" duration-ms="1028" started-at="2018-01-25T21:22:58Z" finished-at="2018-01-25T21:22:59Z">
          <reporter-output>
          </reporter-output>
        </test-method> <!-- SetUpPreDataMethod -->
        <test-method status="PASS" signature="TC_502_SelectDropdownValue()[pri:0, instance:walmart.TestSetB@685cb137]" name="TC_502_SelectDropdownValue" duration-ms="71518" started-at="2018-01-25T21:22:59Z" finished-at="2018-01-25T21:24:11Z">
          <reporter-output>
          </reporter-output>
        </test-method> <!-- TC_502_SelectDropdownValue -->
        <test-method status="PASS" signature="SetUpPreDataMethod()[pri:0, instance:walmart.TestSetB@685cb137]" name="SetUpPreDataMethod" is-config="true" duration-ms="857" started-at="2018-01-25T21:24:11Z" finished-at="2018-01-25T21:24:12Z">
          <reporter-output>
          </reporter-output>
        </test-method> <!-- SetUpPreDataMethod -->
        <test-method status="FAIL" signature="TC_503_mouseOver()[pri:0, instance:walmart.TestSetB@685cb137]" name="TC_503_mouseOver" duration-ms="14629" started-at="2018-01-25T21:24:12Z" finished-at="2018-01-25T21:24:26Z">
          <exception class="org.openqa.selenium.NoSuchElementException">
            <message>
              <![CDATA[no such element: Unable to locate element: {"method":"id","selector":"header-GlobalEyebrowNav-button-0"}
  (Session info: chrome=63.0.3239.132)
  (Driver info: chromedriver=2.32.498550 (9dec58e66c31bcc53a9ce3c7226f0c1c5810906a),platform=Windows NT 10.0.16299 x86_64) (WARNING: The server did not provide any stacktrace information)
Command duration or timeout: 0 milliseconds
For documentation on this error, please visit: http://seleniumhq.org/exceptions/no_such_element.html
Build info: version: '3.6.0', revision: '6fbf3ec767', time: '2017-09-27T16:15:40.131Z'
System info: host: 'DESKTOP-75OLIUH', ip: '192.168.112.1', os.name: 'Windows 10', os.arch: 'amd64', os.version: '10.0', java.version: '1.8.0_144'
Driver info: org.openqa.selenium.chrome.ChromeDriver
Capabilities [{mobileEmulationEnabled=false, hasTouchScreen=false, platform=XP, acceptSslCerts=true, webStorageEnabled=true, browserName=chrome, takesScreenshot=true, javascriptEnabled=true, platformName=XP, setWindowRect=true, unexpectedAlertBehaviour=, applicationCacheEnabled=false, rotatable=false, networkConnectionEnabled=false, chrome={chromedriverVersion=2.32.498550 (9dec58e66c31bcc53a9ce3c7226f0c1c5810906a), userDataDir=C:\Users\imran\AppData\Local\Temp\scoped_dir10740_4459}, takesHeapSnapshot=true, pageLoadStrategy=normal, unhandledPromptBehavior=, databaseEnabled=false, handlesAlerts=true, version=63.0.3239.132, browserConnectionEnabled=false, nativeEvents=true, locationContextEnabled=true, cssSelectorsEnabled=true}]
Session ID: 247607d9188b20caf7f513b881000770
*** Element info: {Using=id, value=header-GlobalEyebrowNav-button-0}]]>
            </message>
            <full-stacktrace>
              <![CDATA[org.openqa.selenium.NoSuchElementException: no such element: Unable to locate element: {"method":"id","selector":"header-GlobalEyebrowNav-button-0"}
  (Session info: chrome=63.0.3239.132)
  (Driver info: chromedriver=2.32.498550 (9dec58e66c31bcc53a9ce3c7226f0c1c5810906a),platform=Windows NT 10.0.16299 x86_64) (WARNING: The server did not provide any stacktrace information)
Command duration or timeout: 0 milliseconds
For documentation on this error, please visit: http://seleniumhq.org/exceptions/no_such_element.html
Build info: version: '3.6.0', revision: '6fbf3ec767', time: '2017-09-27T16:15:40.131Z'
System info: host: 'DESKTOP-75OLIUH', ip: '192.168.112.1', os.name: 'Windows 10', os.arch: 'amd64', os.version: '10.0', java.version: '1.8.0_144'
Driver info: org.openqa.selenium.chrome.ChromeDriver
Capabilities [{mobileEmulationEnabled=false, hasTouchScreen=false, platform=XP, acceptSslCerts=true, webStorageEnabled=true, browserName=chrome, takesScreenshot=true, javascriptEnabled=true, platformName=XP, setWindowRect=true, unexpectedAlertBehaviour=, applicationCacheEnabled=false, rotatable=false, networkConnectionEnabled=false, chrome={chromedriverVersion=2.32.498550 (9dec58e66c31bcc53a9ce3c7226f0c1c5810906a), userDataDir=C:\Users\imran\AppData\Local\Temp\scoped_dir10740_4459}, takesHeapSnapshot=true, pageLoadStrategy=normal, unhandledPromptBehavior=, databaseEnabled=false, handlesAlerts=true, version=63.0.3239.132, browserConnectionEnabled=false, nativeEvents=true, locationContextEnabled=true, cssSelectorsEnabled=true}]
Session ID: 247607d9188b20caf7f513b881000770
*** Element info: {Using=id, value=header-GlobalEyebrowNav-button-0}
	at sun.reflect.NativeConstructorAccessorImpl.newInstance0(Native Method)
	at sun.reflect.NativeConstructorAccessorImpl.newInstance(Unknown Source)
	at sun.reflect.DelegatingConstructorAccessorImpl.newInstance(Unknown Source)
	at java.lang.reflect.Constructor.newInstance(Unknown Source)
	at org.openqa.selenium.remote.ErrorHandler.createThrowable(ErrorHandler.java:214)
	at org.openqa.selenium.remote.ErrorHandler.throwIfResponseFailed(ErrorHandler.java:166)
	at org.openqa.selenium.remote.http.JsonHttpResponseCodec.reconstructValue(JsonHttpResponseCodec.java:40)
	at org.openqa.selenium.remote.http.AbstractHttpResponseCodec.decode(AbstractHttpResponseCodec.java:82)
	at org.openqa.selenium.remote.http.AbstractHttpResponseCodec.decode(AbstractHttpResponseCodec.java:45)
	at org.openqa.selenium.remote.HttpCommandExecutor.execute(HttpCommandExecutor.java:164)
	at org.openqa.selenium.remote.service.DriverCommandExecutor.execute(DriverCommandExecutor.java:83)
	at org.openqa.selenium.remote.RemoteWebDriver.execute(RemoteWebDriver.java:586)
	at org.openqa.selenium.remote.RemoteWebDriver.findElement(RemoteWebDriver.java:356)
	at org.openqa.selenium.remote.RemoteWebDriver.findElementById(RemoteWebDriver.java:402)
	at org.openqa.selenium.By$ById.findElement(By.java:218)
	at org.openqa.selenium.remote.RemoteWebDriver.findElement(RemoteWebDriver.java:348)
	at walmart.TestSetB.TC_503_mouseOver(TestSetB.java:117)
	at sun.reflect.NativeMethodAccessorImpl.invoke0(Native Method)
	at sun.reflect.NativeMethodAccessorImpl.invoke(Unknown Source)
	at sun.reflect.DelegatingMethodAccessorImpl.invoke(Unknown Source)
	at java.lang.reflect.Method.invoke(Unknown Source)
	at org.testng.internal.MethodInvocationHelper.invokeMethod(MethodInvocationHelper.java:108)
	at org.testng.internal.Invoker.invokeMethod(Invoker.java:661)
	at org.testng.internal.Invoker.invokeTestMethod(Invoker.java:869)
	at org.testng.internal.Invoker.invokeTestMethods(Invoker.java:1193)
	at org.testng.internal.TestMethodWorker.invokeTestMethods(TestMethodWorker.java:126)
	at org.testng.internal.TestMethodWorker.run(TestMethodWorker.java:109)
	at org.testng.TestRunner.privateRun(TestRunner.java:744)
	at org.testng.TestRunner.run(TestRunner.java:602)
	at org.testng.SuiteRunner.runTest(SuiteRunner.java:380)
	at org.testng.SuiteRunner.runSequentially(SuiteRunner.java:375)
	at org.testng.SuiteRunner.privateRun(SuiteRunner.java:340)
	at org.testng.SuiteRunner.run(SuiteRunner.java:289)
	at org.testng.SuiteRunnerWorker.runSuite(SuiteRunnerWorker.java:52)
	at org.testng.SuiteRunnerWorker.run(SuiteRunnerWorker.java:86)
	at org.testng.TestNG.runSuitesSequentially(TestNG.java:1301)
	at org.testng.TestNG.runSuitesLocally(TestNG.java:1226)
	at org.testng.TestNG.runSuites(TestNG.java:1144)
	at org.testng.TestNG.run(TestNG.java:1115)
	at org.testng.remote.AbstractRemoteTestNG.run(AbstractRemoteTestNG.java:126)
	at org.testng.remote.RemoteTestNG.initAndRun(RemoteTestNG.java:137)
	at org.testng.remote.RemoteTestNG.main(RemoteTestNG.java:58)
]]>
            </full-stacktrace>
          </exception> <!-- org.openqa.selenium.NoSuchElementException -->
          <reporter-output>
          </reporter-output>
        </test-method> <!-- TC_503_mouseOver -->
        <test-method status="PASS" signature="SetUpPreDataMethod()[pri:0, instance:walmart.TestSetB@685cb137]" name="SetUpPreDataMethod" is-config="true" duration-ms="1009" started-at="2018-01-25T21:24:26Z" finished-at="2018-01-25T21:24:27Z">
          <reporter-output>
          </reporter-output>
        </test-method> <!-- SetUpPreDataMethod -->
        <test-method status="FAIL" signature="TC_504_Credit_Cards()[pri:0, instance:walmart.TestSetB@685cb137]" name="TC_504_Credit_Cards" duration-ms="101738" started-at="2018-01-25T21:24:27Z" finished-at="2018-01-25T21:26:09Z">
          <exception class="org.openqa.selenium.NoSuchElementException">
            <message>
              <![CDATA[no such element: Unable to locate element: {"method":"id","selector":"RapidReload-menu-button"}
  (Session info: chrome=63.0.3239.132)
  (Driver info: chromedriver=2.32.498550 (9dec58e66c31bcc53a9ce3c7226f0c1c5810906a),platform=Windows NT 10.0.16299 x86_64) (WARNING: The server did not provide any stacktrace information)
Command duration or timeout: 0 milliseconds
For documentation on this error, please visit: http://seleniumhq.org/exceptions/no_such_element.html
Build info: version: '3.6.0', revision: '6fbf3ec767', time: '2017-09-27T16:15:40.131Z'
System info: host: 'DESKTOP-75OLIUH', ip: '192.168.112.1', os.name: 'Windows 10', os.arch: 'amd64', os.version: '10.0', java.version: '1.8.0_144'
Driver info: org.openqa.selenium.chrome.ChromeDriver
Capabilities [{mobileEmulationEnabled=false, hasTouchScreen=false, platform=XP, acceptSslCerts=true, webStorageEnabled=true, browserName=chrome, takesScreenshot=true, javascriptEnabled=true, platformName=XP, setWindowRect=true, unexpectedAlertBehaviour=, applicationCacheEnabled=false, rotatable=false, networkConnectionEnabled=false, chrome={chromedriverVersion=2.32.498550 (9dec58e66c31bcc53a9ce3c7226f0c1c5810906a), userDataDir=C:\Users\imran\AppData\Local\Temp\scoped_dir7996_21706}, takesHeapSnapshot=true, pageLoadStrategy=normal, unhandledPromptBehavior=, databaseEnabled=false, handlesAlerts=true, version=63.0.3239.132, browserConnectionEnabled=false, nativeEvents=true, locationContextEnabled=true, cssSelectorsEnabled=true}]
Session ID: 04df45e8ee4b53a2e3f4ee044758088c
*** Element info: {Using=id, value=RapidReload-menu-button}]]>
            </message>
            <full-stacktrace>
              <![CDATA[org.openqa.selenium.NoSuchElementException: no such element: Unable to locate element: {"method":"id","selector":"RapidReload-menu-button"}
  (Session info: chrome=63.0.3239.132)
  (Driver info: chromedriver=2.32.498550 (9dec58e66c31bcc53a9ce3c7226f0c1c5810906a),platform=Windows NT 10.0.16299 x86_64) (WARNING: The server did not provide any stacktrace information)
Command duration or timeout: 0 milliseconds
For documentation on this error, please visit: http://seleniumhq.org/exceptions/no_such_element.html
Build info: version: '3.6.0', revision: '6fbf3ec767', time: '2017-09-27T16:15:40.131Z'
System info: host: 'DESKTOP-75OLIUH', ip: '192.168.112.1', os.name: 'Windows 10', os.arch: 'amd64', os.version: '10.0', java.version: '1.8.0_144'
Driver info: org.openqa.selenium.chrome.ChromeDriver
Capabilities [{mobileEmulationEnabled=false, hasTouchScreen=false, platform=XP, acceptSslCerts=true, webStorageEnabled=true, browserName=chrome, takesScreenshot=true, javascriptEnabled=true, platformName=XP, setWindowRect=true, unexpectedAlertBehaviour=, applicationCacheEnabled=false, rotatable=false, networkConnectionEnabled=false, chrome={chromedriverVersion=2.32.498550 (9dec58e66c31bcc53a9ce3c7226f0c1c5810906a), userDataDir=C:\Users\imran\AppData\Local\Temp\scoped_dir7996_21706}, takesHeapSnapshot=true, pageLoadStrategy=normal, unhandledPromptBehavior=, databaseEnabled=false, handlesAlerts=true, version=63.0.3239.132, browserConnectionEnabled=false, nativeEvents=true, locationContextEnabled=true, cssSelectorsEnabled=true}]
Session ID: 04df45e8ee4b53a2e3f4ee044758088c
*** Element info: {Using=id, value=RapidReload-menu-button}
	at sun.reflect.NativeConstructorAccessorImpl.newInstance0(Native Method)
	at sun.reflect.NativeConstructorAccessorImpl.newInstance(Unknown Source)
	at sun.reflect.DelegatingConstructorAccessorImpl.newInstance(Unknown Source)
	at java.lang.reflect.Constructor.newInstance(Unknown Source)
	at org.openqa.selenium.remote.ErrorHandler.createThrowable(ErrorHandler.java:214)
	at org.openqa.selenium.remote.ErrorHandler.throwIfResponseFailed(ErrorHandler.java:166)
	at org.openqa.selenium.remote.http.JsonHttpResponseCodec.reconstructValue(JsonHttpResponseCodec.java:40)
	at org.openqa.selenium.remote.http.AbstractHttpResponseCodec.decode(AbstractHttpResponseCodec.java:82)
	at org.openqa.selenium.remote.http.AbstractHttpResponseCodec.decode(AbstractHttpResponseCodec.java:45)
	at org.openqa.selenium.remote.HttpCommandExecutor.execute(HttpCommandExecutor.java:164)
	at org.openqa.selenium.remote.service.DriverCommandExecutor.execute(DriverCommandExecutor.java:83)
	at org.openqa.selenium.remote.RemoteWebDriver.execute(RemoteWebDriver.java:586)
	at org.openqa.selenium.remote.RemoteWebDriver.findElement(RemoteWebDriver.java:356)
	at org.openqa.selenium.remote.RemoteWebDriver.findElementById(RemoteWebDriver.java:402)
	at org.openqa.selenium.By$ById.findElement(By.java:218)
	at org.openqa.selenium.remote.RemoteWebDriver.findElement(RemoteWebDriver.java:348)
	at walmart.TestSetB.TC_504_Credit_Cards(TestSetB.java:163)
	at sun.reflect.NativeMethodAccessorImpl.invoke0(Native Method)
	at sun.reflect.NativeMethodAccessorImpl.invoke(Unknown Source)
	at sun.reflect.DelegatingMethodAccessorImpl.invoke(Unknown Source)
	at java.lang.reflect.Method.invoke(Unknown Source)
	at org.testng.internal.MethodInvocationHelper.invokeMethod(MethodInvocationHelper.java:108)
	at org.testng.internal.Invoker.invokeMethod(Invoker.java:661)
	at org.testng.internal.Invoker.invokeTestMethod(Invoker.java:869)
	at org.testng.internal.Invoker.invokeTestMethods(Invoker.java:1193)
	at org.testng.internal.TestMethodWorker.invokeTestMethods(TestMethodWorker.java:126)
	at org.testng.internal.TestMethodWorker.run(TestMethodWorker.java:109)
	at org.testng.TestRunner.privateRun(TestRunner.java:744)
	at org.testng.TestRunner.run(TestRunner.java:602)
	at org.testng.SuiteRunner.runTest(SuiteRunner.java:380)
	at org.testng.SuiteRunner.runSequentially(SuiteRunner.java:375)
	at org.testng.SuiteRunner.privateRun(SuiteRunner.java:340)
	at org.testng.SuiteRunner.run(SuiteRunner.java:289)
	at org.testng.SuiteRunnerWorker.runSuite(SuiteRunnerWorker.java:52)
	at org.testng.SuiteRunnerWorker.run(SuiteRunnerWorker.java:86)
	at org.testng.TestNG.runSuitesSequentially(TestNG.java:1301)
	at org.testng.TestNG.runSuitesLocally(TestNG.java:1226)
	at org.testng.TestNG.runSuites(TestNG.java:1144)
	at org.testng.TestNG.run(TestNG.java:1115)
	at org.testng.remote.AbstractRemoteTestNG.run(AbstractRemoteTestNG.java:126)
	at org.testng.remote.RemoteTestNG.initAndRun(RemoteTestNG.java:137)
	at org.testng.remote.RemoteTestNG.main(RemoteTestNG.java:58)
]]>
            </full-stacktrace>
          </exception> <!-- org.openqa.selenium.NoSuchElementException -->
          <reporter-output>
          </reporter-output>
        </test-method> <!-- TC_504_Credit_Cards -->
        <test-method status="PASS" signature="SetUpPreDataMethod()[pri:0, instance:walmart.TestSetB@685cb137]" name="SetUpPreDataMethod" is-config="true" duration-ms="905" started-at="2018-01-25T21:26:09Z" finished-at="2018-01-25T21:26:10Z">
          <reporter-output>
          </reporter-output>
        </test-method> <!-- SetUpPreDataMethod -->
        <test-method status="FAIL" signature="TC_506_StoreFinder_FireFoxBrowser()[pri:0, instance:walmart.TestSetB@685cb137]" name="TC_506_StoreFinder_FireFoxBrowser" duration-ms="71070" started-at="2018-01-25T21:26:10Z" finished-at="2018-01-25T21:27:21Z">
          <exception class="org.openqa.selenium.ElementNotInteractableException">
            <message>
              <![CDATA[Element is not visible
Build info: version: '3.6.0', revision: '6fbf3ec767', time: '2017-09-27T16:15:40.131Z'
System info: host: 'DESKTOP-75OLIUH', ip: '192.168.112.1', os.name: 'Windows 10', os.arch: 'amd64', os.version: '10.0', java.version: '1.8.0_144'
Driver info: org.openqa.selenium.firefox.FirefoxDriver
Capabilities [{moz:profile=C:\Users\imran\AppData\Local\Temp\rust_mozprofile.NZSoiqh9xszk, rotatable=false, timeouts={implicit=0, pageLoad=300000, script=30000}, pageLoadStrategy=normal, moz:headless=false, platform=XP, moz:accessibilityChecks=false, acceptInsecureCerts=true, browserVersion=57.0.4, platformVersion=10.0, moz:processID=5496, browserName=firefox, javascriptEnabled=true, platformName=XP, moz:webdriverClick=false}]
Session ID: e3e8d84d-16b0-4ad3-b69c-0764bf9b9b5b]]>
            </message>
            <full-stacktrace>
              <![CDATA[org.openqa.selenium.ElementNotInteractableException: Element is not visible
Build info: version: '3.6.0', revision: '6fbf3ec767', time: '2017-09-27T16:15:40.131Z'
System info: host: 'DESKTOP-75OLIUH', ip: '192.168.112.1', os.name: 'Windows 10', os.arch: 'amd64', os.version: '10.0', java.version: '1.8.0_144'
Driver info: org.openqa.selenium.firefox.FirefoxDriver
Capabilities [{moz:profile=C:\Users\imran\AppData\Local\Temp\rust_mozprofile.NZSoiqh9xszk, rotatable=false, timeouts={implicit=0, pageLoad=300000, script=30000}, pageLoadStrategy=normal, moz:headless=false, platform=XP, moz:accessibilityChecks=false, acceptInsecureCerts=true, browserVersion=57.0.4, platformVersion=10.0, moz:processID=5496, browserName=firefox, javascriptEnabled=true, platformName=XP, moz:webdriverClick=false}]
Session ID: e3e8d84d-16b0-4ad3-b69c-0764bf9b9b5b
	at sun.reflect.NativeConstructorAccessorImpl.newInstance0(Native Method)
	at sun.reflect.NativeConstructorAccessorImpl.newInstance(Unknown Source)
	at sun.reflect.DelegatingConstructorAccessorImpl.newInstance(Unknown Source)
	at java.lang.reflect.Constructor.newInstance(Unknown Source)
	at org.openqa.selenium.remote.http.W3CHttpResponseCodec.createException(W3CHttpResponseCodec.java:185)
	at org.openqa.selenium.remote.http.W3CHttpResponseCodec.decode(W3CHttpResponseCodec.java:120)
	at org.openqa.selenium.remote.http.W3CHttpResponseCodec.decode(W3CHttpResponseCodec.java:49)
	at org.openqa.selenium.remote.HttpCommandExecutor.execute(HttpCommandExecutor.java:164)
	at org.openqa.selenium.remote.service.DriverCommandExecutor.execute(DriverCommandExecutor.java:83)
	at org.openqa.selenium.remote.RemoteWebDriver.execute(RemoteWebDriver.java:586)
	at org.openqa.selenium.remote.RemoteWebElement.execute(RemoteWebElement.java:279)
	at org.openqa.selenium.remote.RemoteWebElement.sendKeys(RemoteWebElement.java:100)
	at walmart.TestSetB.StoreFinder(TestSetB.java:224)
	at walmart.TestSetB.TC_506_StoreFinder_FireFoxBrowser(TestSetB.java:251)
	at sun.reflect.NativeMethodAccessorImpl.invoke0(Native Method)
	at sun.reflect.NativeMethodAccessorImpl.invoke(Unknown Source)
	at sun.reflect.DelegatingMethodAccessorImpl.invoke(Unknown Source)
	at java.lang.reflect.Method.invoke(Unknown Source)
	at org.testng.internal.MethodInvocationHelper.invokeMethod(MethodInvocationHelper.java:108)
	at org.testng.internal.Invoker.invokeMethod(Invoker.java:661)
	at org.testng.internal.Invoker.invokeTestMethod(Invoker.java:869)
	at org.testng.internal.Invoker.invokeTestMethods(Invoker.java:1193)
	at org.testng.internal.TestMethodWorker.invokeTestMethods(TestMethodWorker.java:126)
	at org.testng.internal.TestMethodWorker.run(TestMethodWorker.java:109)
	at org.testng.TestRunner.privateRun(TestRunner.java:744)
	at org.testng.TestRunner.run(TestRunner.java:602)
	at org.testng.SuiteRunner.runTest(SuiteRunner.java:380)
	at org.testng.SuiteRunner.runSequentially(SuiteRunner.java:375)
	at org.testng.SuiteRunner.privateRun(SuiteRunner.java:340)
	at org.testng.SuiteRunner.run(SuiteRunner.java:289)
	at org.testng.SuiteRunnerWorker.runSuite(SuiteRunnerWorker.java:52)
	at org.testng.SuiteRunnerWorker.run(SuiteRunnerWorker.java:86)
	at org.testng.TestNG.runSuitesSequentially(TestNG.java:1301)
	at org.testng.TestNG.runSuitesLocally(TestNG.java:1226)
	at org.testng.TestNG.runSuites(TestNG.java:1144)
	at org.testng.TestNG.run(TestNG.java:1115)
	at org.testng.remote.AbstractRemoteTestNG.run(AbstractRemoteTestNG.java:126)
	at org.testng.remote.RemoteTestNG.initAndRun(RemoteTestNG.java:137)
	at org.testng.remote.RemoteTestNG.main(RemoteTestNG.java:58)
]]>
            </full-stacktrace>
          </exception> <!-- org.openqa.selenium.ElementNotInteractableException -->
          <reporter-output>
          </reporter-output>
        </test-method> <!-- TC_506_StoreFinder_FireFoxBrowser -->
        <test-method status="PASS" signature="SetUpPreDataMethod()[pri:0, instance:walmart.TestSetB@685cb137]" name="SetUpPreDataMethod" is-config="true" duration-ms="1004" started-at="2018-01-25T21:27:21Z" finished-at="2018-01-25T21:27:22Z">
          <reporter-output>
          </reporter-output>
        </test-method> <!-- SetUpPreDataMethod -->
        <test-method status="FAIL" signature="TC_506_StoreFinder_GoogleChromeBrowser()[pri:0, instance:walmart.TestSetB@685cb137]" name="TC_506_StoreFinder_GoogleChromeBrowser" duration-ms="36458" started-at="2018-01-25T21:27:22Z" finished-at="2018-01-25T21:27:58Z">
          <exception class="org.openqa.selenium.ElementNotVisibleException">
            <message>
              <![CDATA[element not visible
  (Session info: chrome=63.0.3239.132)
  (Driver info: chromedriver=2.32.498550 (9dec58e66c31bcc53a9ce3c7226f0c1c5810906a),platform=Windows NT 10.0.16299 x86_64) (WARNING: The server did not provide any stacktrace information)
Command duration or timeout: 0 milliseconds
Build info: version: '3.6.0', revision: '6fbf3ec767', time: '2017-09-27T16:15:40.131Z'
System info: host: 'DESKTOP-75OLIUH', ip: '192.168.112.1', os.name: 'Windows 10', os.arch: 'amd64', os.version: '10.0', java.version: '1.8.0_144'
Driver info: org.openqa.selenium.chrome.ChromeDriver
[...]
	at org.testng.TestNG.runSuitesSequentially(TestNG.java:1301)
	at org.testng.TestNG.runSuitesLocally(TestNG.java:1226)
	at org.testng.TestNG.runSuites(TestNG.java:1144)
	at org.testng.TestNG.run(TestNG.java:1115)
	at org.testng.remote.AbstractRemoteTestNG.run(AbstractRemoteTestNG.java:126)
	at org.testng.remote.RemoteTestNG.initAndRun(RemoteTestNG.java:137)
	at org.testng.remote.RemoteTestNG.main(RemoteTestNG.java:58)
]]>
            </full-stacktrace>
          </exception> <!-- org.openqa.selenium.NoSuchElementException -->
          <reporter-output>
          </reporter-output>
        </test-method> <!-- LoginAndLogout_Chrome -->
        <test-method status="PASS" signature="aftermethod()[pri:0, instance:facebook.testSetD@7cd62f43]" name="aftermethod" is-config="true" duration-ms="962" started-at="2018-01-25T21:35:12Z" finished-at="2018-01-25T21:35:13Z">
          <reporter-output>
          </reporter-output>
        </test-method> <!-- aftermethod -->
        <test-method status="PASS" signature="SetUpPreDataMethod()[pri:0, instance:facebook.testSetD@7cd62f43]" name="SetUpPreDataMethod" is-config="true" duration-ms="657" started-at="2018-01-25T21:35:13Z" finished-at="2018-01-25T21:35:14Z">
          <reporter-output>
          </reporter-output>
        </test-method> <!-- SetUpPreDataMethod -->
        <test-method status="PASS" signature="LoginAndLogout_Firefox()[pri:0, instance:facebook.testSetD@7cd62f43]" name="LoginAndLogout_Firefox" duration-ms="57250" started-at="2018-01-25T21:35:14Z" finished-at="2018-01-25T21:36:11Z">
          <reporter-output>
          </reporter-output>
        </test-method> <!-- LoginAndLogout_Firefox -->
        <test-method status="PASS" signature="aftermethod()[pri:0, instance:facebook.testSetD@7cd62f43]" name="aftermethod" is-config="true" duration-ms="609" started-at="2018-01-25T21:36:11Z" finished-at="2018-01-25T21:36:12Z">
          <reporter-output>
          </reporter-output>
        </test-method> <!-- aftermethod -->
        <test-method status="PASS" signature="SetUpPreDataMethod()[pri:0, instance:facebook.testSetD@7cd62f43]" name="SetUpPreDataMethod" is-config="true" duration-ms="605" started-at="2018-01-25T21:36:12Z" finished-at="2018-01-25T21:36:12Z">
          <reporter-output>
          </reporter-output>
        </test-method> <!-- SetUpPreDataMethod -->
        <test-method status="FAIL" signature="LoginAndLogout_IE()[pri:0, instance:facebook.testSetD@7cd62f43]" name="LoginAndLogout_IE" duration-ms="1209" started-at="2018-01-25T21:36:12Z" finished-at="2018-01-25T21:36:13Z">
          <exception class="org.openqa.selenium.WebDriverException">
            <message>
              <![CDATA[Failed to navigate to https://www.facebook.com. This usually means that a call to the COM method IWebBrowser2::Navigate2() failed.
Build info: version: '3.6.0', revision: '6fbf3ec767', time: '2017-09-27T16:15:40.131Z'
System info: host: 'DESKTOP-75OLIUH', ip: '192.168.112.1', os.name: 'Windows 10', os.arch: 'amd64', os.version: '10.0', java.version: '1.8.0_144'
Driver info: org.openqa.selenium.ie.InternetExplorerDriver
Capabilities [{acceptInsecureCerts=false, browserVersion=11, se:ieOptions={nativeEvents=true, browserAttachTimeout=0, ie.ensureCleanSession=false, elementScrollBehavior=0, enablePersistentHover=true, ie.browserCommandLineSwitches=, ie.forceCreateProcessApi=false, requireWindowFocus=false, initialBrowserUrl=http://localhost:30591/, ignoreZoomSetting=false, ie.fileUploadDialogTimeout=3000, ignoreProtectedModeSettings=false}, browserName=internet explorer, pageLoadStrategy=normal, javascriptEnabled=true, platformName=WINDOWS, setWindowRect=true, platform=WINDOWS}]
Session ID: 6f5dcbcc-b046-492f-8745-1b3bd36e865d]]>
            </message>
            <full-stacktrace>
              <![CDATA[org.openqa.selenium.WebDriverException: Failed to navigate to https://www.facebook.com. This usually means that a call to the COM method IWebBrowser2::Navigate2() failed.
Build info: version: '3.6.0', revision: '6fbf3ec767', time: '2017-09-27T16:15:40.131Z'
System info: host: 'DESKTOP-75OLIUH', ip: '192.168.112.1', os.name: 'Windows 10', os.arch: 'amd64', os.version: '10.0', java.version: '1.8.0_144'
Driver info: org.openqa.selenium.ie.InternetExplorerDriver
Capabilities [{acceptInsecureCerts=false, browserVersion=11, se:ieOptions={nativeEvents=true, browserAttachTimeout=0, ie.ensureCleanSession=false, elementScrollBehavior=0, enablePersistentHover=true, ie.browserCommandLineSwitches=, ie.forceCreateProcessApi=false, requireWindowFocus=false, initialBrowserUrl=http://localhost:30591/, ignoreZoomSetting=false, ie.fileUploadDialogTimeout=3000, ignoreProtectedModeSettings=false}, browserName=internet explorer, pageLoadStrategy=normal, javascriptEnabled=true, platformName=WINDOWS, setWindowRect=true, platform=WINDOWS}]
Session ID: 6f5dcbcc-b046-492f-8745-1b3bd36e865d
	at sun.reflect.NativeConstructorAccessorImpl.newInstance0(Native Method)
	at sun.reflect.NativeConstructorAccessorImpl.newInstance(Unknown Source)
	at sun.reflect.DelegatingConstructorAccessorImpl.newInstance(Unknown Source)
	at java.lang.reflect.Constructor.newInstance(Unknown Source)
	at org.openqa.selenium.remote.http.W3CHttpResponseCodec.createException(W3CHttpResponseCodec.java:185)
	at org.openqa.selenium.remote.http.W3CHttpResponseCodec.decode(W3CHttpResponseCodec.java:120)
	at org.openqa.selenium.remote.http.W3CHttpResponseCodec.decode(W3CHttpResponseCodec.java:49)
	at org.openqa.selenium.remote.HttpCommandExecutor.execute(HttpCommandExecutor.java:164)
	at org.openqa.selenium.remote.service.DriverCommandExecutor.execute(DriverCommandExecutor.java:83)
	at org.openqa.selenium.remote.RemoteWebDriver.execute(RemoteWebDriver.java:586)
	at org.openqa.selenium.remote.RemoteWebDriver.get(RemoteWebDriver.java:310)
	at afterLoginIn.CommonAPI.getDriver(CommonAPI.java:121)
	at facebook.testSetD.LoginAndLogout_IE(testSetD.java:200)
	at sun.reflect.NativeMethodAccessorImpl.invoke0(Native Method)
	at sun.reflect.NativeMethodAccessorImpl.invoke(Unknown Source)
	at sun.reflect.DelegatingMethodAccessorImpl.invoke(Unknown Source)
	at java.lang.reflect.Method.invoke(Unknown Source)
	at org.testng.internal.MethodInvocationHelper.invokeMethod(MethodInvocationHelper.java:108)
	at org.testng.internal.Invoker.invokeMethod(Invoker.java:661)
	at org.testng.internal.Invoker.invokeTestMethod(Invoker.java:869)
	at org.testng.internal.Invoker.invokeTestMethods(Invoker.java:1193)
	at org.testng.internal.TestMethodWorker.invokeTestMethods(TestMethodWorker.java:126)
	at org.testng.internal.TestMethodWorker.run(TestMethodWorker.java:109)
	at org.testng.TestRunner.privateRun(TestRunner.java:744)
	at org.testng.TestRunner.run(TestRunner.java:602)
	at org.testng.SuiteRunner.runTest(SuiteRunner.java:380)
	at org.testng.SuiteRunner.runSequentially(SuiteRunner.java:375)
	at org.testng.SuiteRunner.privateRun(SuiteRunner.java:340)
	at org.testng.SuiteRunner.run(SuiteRunner.java:289)
	at org.testng.SuiteRunnerWorker.runSuite(SuiteRunnerWorker.java:52)
	at org.testng.SuiteRunnerWorker.run(SuiteRunnerWorker.java:86)
	at org.testng.TestNG.runSuitesSequentially(TestNG.java:1301)
	at org.testng.TestNG.runSuitesLocally(TestNG.java:1226)
	at org.testng.TestNG.runSuites(TestNG.java:1144)
	at org.testng.TestNG.run(TestNG.java:1115)
	at org.testng.remote.AbstractRemoteTestNG.run(AbstractRemoteTestNG.java:126)
	at org.testng.remote.RemoteTestNG.initAndRun(RemoteTestNG.java:137)
	at org.testng.remote.RemoteTestNG.main(RemoteTestNG.java:58)
]]>
            </full-stacktrace>
          </exception> <!-- org.openqa.selenium.WebDriverException -->
          <reporter-output>
          </reporter-output>
        </test-method> <!-- LoginAndLogout_IE -->
        <test-method status="PASS" signature="aftermethod()[pri:0, instance:facebook.testSetD@7cd62f43]" name="aftermethod" is-config="true" duration-ms="1007" started-at="2018-01-25T21:36:13Z" finished-at="2018-01-25T21:36:14Z">
          <reporter-output>
          </reporter-output>
        </test-method> <!-- aftermethod -->
        <test-method status="PASS" signature="SetUpPreDataMethod()[pri:0, instance:facebook.testSetD@7cd62f43]" name="SetUpPreDataMethod" is-config="true" duration-ms="756" started-at="2018-01-25T21:36:14Z" finished-at="2018-01-25T21:36:15Z">
          <reporter-output>
          </reporter-output>
        </test-method> <!-- SetUpPreDataMethod -->
        <test-method status="FAIL" signature="LoginAndLogout_MicrosoftEdge()[pri:0, instance:facebook.testSetD@7cd62f43]" name="LoginAndLogout_MicrosoftEdge" duration-ms="14984" started-at="2018-01-25T21:36:15Z" finished-at="2018-01-25T21:36:30Z">
          <exception class="org.openqa.selenium.WebDriverException">
            <message>
              <![CDATA[Element is obscured (WARNING: The server did not provide any stacktrace information)
Command duration or timeout: 0 milliseconds
Build info: version: '3.6.0', revision: '6fbf3ec767', time: '2017-09-27T16:15:40.131Z'
System info: host: 'DESKTOP-75OLIUH', ip: '192.168.112.1', os.name: 'Windows 10', os.arch: 'amd64', os.version: '10.0', java.version: '1.8.0_144'
Driver info: org.openqa.selenium.edge.EdgeDriver
Capabilities [{applicationCacheEnabled=true, InPrivate=false, pageLoadStrategy=normal, platform=WINDOWS, acceptSslCerts=true, browserVersion=41.16299.15.0, platformVersion=10, locationContextEnabled=true, webStorageEnabled=true, browserName=MicrosoftEdge, takesScreenshot=true, takesElementScreenshot=true, javascriptEnabled=true, platformName=WINDOWS}]
Session ID: 685D9704-5CB4-45A9-B3AE-E00987DC990C]]>
            </message>
            <full-stacktrace>
              <![CDATA[org.openqa.selenium.WebDriverException: Element is obscured (WARNING: The server did not provide any stacktrace information)
Command duration or timeout: 0 milliseconds
Build info: version: '3.6.0', revision: '6fbf3ec767', time: '2017-09-27T16:15:40.131Z'
System info: host: 'DESKTOP-75OLIUH', ip: '192.168.112.1', os.name: 'Windows 10', os.arch: 'amd64', os.version: '10.0', java.version: '1.8.0_144'
Driver info: org.openqa.selenium.edge.EdgeDriver
Capabilities [{applicationCacheEnabled=true, InPrivate=false, pageLoadStrategy=normal, platform=WINDOWS, acceptSslCerts=true, browserVersion=41.16299.15.0, platformVersion=10, locationContextEnabled=true, webStorageEnabled=true, browserName=MicrosoftEdge, takesScreenshot=true, takesElementScreenshot=true, javascriptEnabled=true, platformName=WINDOWS}]
Session ID: 685D9704-5CB4-45A9-B3AE-E00987DC990C
	at sun.reflect.NativeConstructorAccessorImpl.newInstance0(Native Method)
	at sun.reflect.NativeConstructorAccessorImpl.newInstance(Unknown Source)
	at sun.reflect.DelegatingConstructorAccessorImpl.newInstance(Unknown Source)
	at java.lang.reflect.Constructor.newInstance(Unknown Source)
	at org.openqa.selenium.remote.ErrorHandler.createThrowable(ErrorHandler.java:214)
	at org.openqa.selenium.remote.ErrorHandler.throwIfResponseFailed(ErrorHandler.java:166)
	at org.openqa.selenium.remote.http.JsonHttpResponseCodec.reconstructValue(JsonHttpResponseCodec.java:40)
	at org.openqa.selenium.remote.http.AbstractHttpResponseCodec.decode(AbstractHttpResponseCodec.java:82)
	at org.openqa.selenium.remote.http.AbstractHttpResponseCodec.decode(AbstractHttpResponseCodec.java:45)
	at org.openqa.selenium.remote.HttpCommandExecutor.execute(HttpCommandExecutor.java:164)
	at org.openqa.selenium.remote.service.DriverCommandExecutor.execute(DriverCommandExecutor.java:83)
	at org.openqa.selenium.remote.RemoteWebDriver.execute(RemoteWebDriver.java:586)
	at org.openqa.selenium.remote.RemoteWebElement.execute(RemoteWebElement.java:279)
	at org.openqa.selenium.remote.RemoteWebElement.click(RemoteWebElement.java:83)
	at facebook.testSetD.LoginAndLogout_MicrosoftEdge(testSetD.java:140)
	at sun.reflect.NativeMethodAccessorImpl.invoke0(Native Method)
	at sun.reflect.NativeMethodAccessorImpl.invoke(Unknown Source)
	at sun.reflect.DelegatingMethodAccessorImpl.invoke(Unknown Source)
	at java.lang.reflect.Method.invoke(Unknown Source)
	at org.testng.internal.MethodInvocationHelper.invokeMethod(MethodInvocationHelper.java:108)
	at org.testng.internal.Invoker.invokeMethod(Invoker.java:661)
	at org.testng.internal.Invoker.invokeTestMethod(Invoker.java:869)
	at org.testng.internal.Invoker.invokeTestMethods(Invoker.java:1193)
	at org.testng.internal.TestMethodWorker.invokeTestMethods(TestMethodWorker.java:126)
	at org.testng.internal.TestMethodWorker.run(TestMethodWorker.java:109)
	at org.testng.TestRunner.privateRun(TestRunner.java:744)
	at org.testng.TestRunner.run(TestRunner.java:602)
	at org.testng.SuiteRunner.runTest(SuiteRunner.java:380)
	at org.testng.SuiteRunner.runSequentially(SuiteRunner.java:375)
	at org.testng.SuiteRunner.privateRun(SuiteRunner.java:340)
	at org.testng.SuiteRunner.run(SuiteRunner.java:289)
	at org.testng.SuiteRunnerWorker.runSuite(SuiteRunnerWorker.java:52)
	at org.testng.SuiteRunnerWorker.run(SuiteRunnerWorker.java:86)
	at org.testng.TestNG.runSuitesSequentially(TestNG.java:1301)
	at org.testng.TestNG.runSuitesLocally(TestNG.java:1226)
	at org.testng.TestNG.runSuites(TestNG.java:1144)
	at org.testng.TestNG.run(TestNG.java:1115)
	at org.testng.remote.AbstractRemoteTestNG.run(AbstractRemoteTestNG.java:126)
	at org.testng.remote.RemoteTestNG.initAndRun(RemoteTestNG.java:137)
	at org.testng.remote.RemoteTestNG.main(RemoteTestNG.java:58)
]]>
            </full-stacktrace>
          </exception> <!-- org.openqa.selenium.WebDriverException -->
          <reporter-output>
          </reporter-output>
        </test-method> <!-- LoginAndLogout_MicrosoftEdge -->
        <test-method status="PASS" signature="aftermethod()[pri:0, instance:facebook.testSetD@7cd62f43]" name="aftermethod" is-config="true" duration-ms="669" started-at="2018-01-25T21:36:30Z" finished-at="2018-01-25T21:36:31Z">
          <reporter-output>
          </reporter-output>
        </test-method> <!-- aftermethod -->
      </class> <!-- facebook.testSetD -->
      <class name="FirstClassWith2methods">
        <test-method status="PASS" signature="doFirst()[pri:0, instance:FirstClassWith2methods@91161c7]" name="doFirst" is-config="true" duration-ms="1200" started-at="2018-01-25T21:16:29Z" finished-at="2018-01-25T21:16:30Z">
          <reporter-output>
          </reporter-output>
        </test-method> <!-- doFirst -->
        <test-method status="PASS" signature="doFirst()[pri:0, instance:SecondClasssWith2Methods@604ed9f0]" name="doFirst" is-config="true" duration-ms="805" started-at="2018-01-25T21:16:30Z" finished-at="2018-01-25T21:16:31Z">
          <reporter-output>
          </reporter-output>
        </test-method> <!-- doFirst -->
        <test-method status="PASS" signature="SetUpPreData()[pri:0, instance:afterLoginIn.TestSetA@6a4f787b]" name="SetUpPreData" is-config="true" duration-ms="553" started-at="2018-01-25T21:16:31Z" finished-at="2018-01-25T21:16:32Z">
          <reporter-output>
          </reporter-output>
        </test-method> <!-- SetUpPreData -->
        <test-method status="PASS" signature="SetUpPreData()[pri:0, instance:walmart.TestSetB@685cb137]" name="SetUpPreData" is-config="true" duration-ms="351" started-at="2018-01-25T21:16:32Z" finished-at="2018-01-25T21:16:32Z">
          <reporter-output>
          </reporter-output>
        </test-method> <!-- SetUpPreData -->
        <test-method status="PASS" signature="SetUpPreData()[pri:0, instance:hsbc.TestSetC@6a41eaa2]" name="SetUpPreData" is-config="true" duration-ms="303" started-at="2018-01-25T21:16:32Z" finished-at="2018-01-25T21:16:32Z">
          <reporter-output>
          </reporter-output>
        </test-method> <!-- SetUpPreData -->
        <test-method status="PASS" signature="SetUpPreData()[pri:0, instance:groupon.TestSet_E@6d4b1c02]" name="SetUpPreData" is-config="true" duration-ms="304" started-at="2018-01-25T21:16:32Z" finished-at="2018-01-25T21:16:33Z">
          <reporter-output>
          </reporter-output>
        </test-method> <!-- SetUpPreData -->
        <test-method status="PASS" signature="SetUpPreData()[pri:0, instance:facebook.testSetD@7cd62f43]" name="SetUpPreData" is-config="true" duration-ms="305" started-at="2018-01-25T21:16:33Z" finished-at="2018-01-25T21:16:33Z">
          <reporter-output>
          </reporter-output>
        </test-method> <!-- SetUpPreData -->
        <test-method status="PASS" signature="doBeforeEveryMethod()[pri:0, instance:FirstClassWith2methods@91161c7]" name="doBeforeEveryMethod" is-config="true" duration-ms="805" started-at="2018-01-25T21:16:34Z" finished-at="2018-01-25T21:16:34Z">
          <reporter-output>
          </reporter-output>
        </test-method> <!-- doBeforeEveryMethod -->
        <test-method status="PASS" signature="UsersAreAbleToSearch()[pri:0, instance:FirstClassWith2methods@91161c7]" name="UsersAreAbleToSearch" duration-ms="79796" started-at="2018-01-25T21:16:34Z" finished-at="2018-01-25T21:17:54Z">
          <reporter-output>
          </reporter-output>
        </test-method> <!-- UsersAreAbleToSearch -->
        <test-method status="PASS" signature="doBeforeEveryMethod()[pri:0, instance:FirstClassWith2methods@91161c7]" name="doBeforeEveryMethod" is-config="true" duration-ms="605" started-at="2018-01-25T21:17:54Z" finished-at="2018-01-25T21:17:55Z">
          <reporter-output>
          </reporter-output>
        </test-method> <!-- doBeforeEveryMethod -->
        <test-method status="PASS" signature="test2()[pri:0, instance:FirstClassWith2methods@91161c7]" name="test2" duration-ms="1" started-at="2018-01-25T21:17:55Z" finished-at="2018-01-25T21:17:55Z">
          <reporter-output>
          </reporter-output>
        </test-method> <!-- test2 -->
        <test-method status="PASS" signature="doLast()[pri:0, instance:FirstClassWith2methods@91161c7]" name="doLast" is-config="true" duration-ms="0" started-at="2018-01-25T22:44:22Z" finished-at="2018-01-25T22:44:22Z">
          <reporter-output>
          </reporter-output>
        </test-method> <!-- doLast -->
        <test-method status="PASS" signature="doLast()[pri:0, instance:SecondClasssWith2Methods@604ed9f0]" name="doLast" is-config="true" duration-ms="0" started-at="2018-01-25T22:44:22Z" finished-at="2018-01-25T22:44:22Z">
          <reporter-output>
          </reporter-output>
        </test-method> <!-- doLast -->
      </class> <!-- FirstClassWith2methods -->
      <class name="SecondClasssWith2Methods">
        <test-method status="PASS" signature="doBeforeEveryMethod()[pri:0, instance:SecondClasssWith2Methods@604ed9f0]" name="doBeforeEveryMethod" is-config="true" duration-ms="506" started-at="2018-01-25T21:17:55Z" finished-at="2018-01-25T21:17:55Z">
          <reporter-output>
          </reporter-output>
        </test-method> <!-- doBeforeEveryMethod -->
        <test-method status="PASS" signature="UsersAreAbleToSearch()[pri:0, instance:SecondClasssWith2Methods@604ed9f0]" name="UsersAreAbleToSearch" duration-ms="62717" started-at="2018-01-25T21:17:55Z" finished-at="2018-01-25T21:18:58Z">
          <reporter-output>
          </reporter-output>
        </test-method> <!-- UsersAreAbleToSearch -->
        <test-method status="PASS" signature="doBeforeEveryMethod()[pri:0, instance:SecondClasssWith2Methods@604ed9f0]" name="doBeforeEveryMethod" is-config="true" duration-ms="557" started-at="2018-01-25T21:18:58Z" finished-at="2018-01-25T21:18:59Z">
          <reporter-output>
          </reporter-output>
        </test-method> <!-- doBeforeEveryMethod -->
        <test-method status="PASS" signature="test2()[pri:0, instance:SecondClasssWith2Methods@604ed9f0]" name="test2" duration-ms="2" started-at="2018-01-25T21:18:59Z" finished-at="2018-01-25T21:18:59Z">
          <reporter-output>
          </reporter-output>
        </test-method> <!-- test2 -->
      </class> <!-- SecondClasssWith2Methods -->
    </test> <!-- all -->
  </suite> <!-- all -->
</testng-results>
